[M::bwa_idx_load_from_disk] read 0 ALT contigs
[M::process] read 1738334 sequences (240000169 bp)...
[M::process] read 1735538 sequences (240000063 bp)...
[M::mem_pestat] # candidate unique pairs for (FF, FR, RF, RR): (297, 556605, 41, 282)
[M::mem_pestat] analyzing insert size distribution for orientation FF...
[M::mem_pestat] (25, 50, 75) percentile: (90, 117, 202)
[M::mem_pestat] low and high boundaries for computing mean and std.dev: (1, 426)
[M::mem_pestat] mean and std.dev: (140.50, 79.32)
[M::mem_pestat] low and high boundaries for proper pairs: (1, 538)
[M::mem_pestat] analyzing insert size distribution for orientation FR...
[M::mem_pestat] (25, 50, 75) percentile: (130, 157, 186)
[M::mem_pestat] low and high boundaries for computing mean and std.dev: (18, 298)
[M::mem_pestat] mean and std.dev: (158.35, 42.60)
[M::mem_pestat] low and high boundaries for proper pairs: (1, 354)
[M::mem_pestat] analyzing insert size distribution for orientation RF...
[M::mem_pestat] (25, 50, 75) percentile: (58, 149, 680)
[M::mem_pestat] low and high boundaries for computing mean and std.dev: (1, 1924)
[M::mem_pestat] mean and std.dev: (322.38, 441.41)
[M::mem_pestat] low and high boundaries for proper pairs: (1, 2546)
[M::mem_pestat] analyzing insert size distribution for orientation RR...
[M::mem_pestat] (25, 50, 75) percentile: (87, 111, 168)
[M::mem_pestat] low and high boundaries for computing mean and std.dev: (1, 330)
[M::mem_pestat] mean and std.dev: (120.23, 56.59)
[M::mem_pestat] low and high boundaries for proper pairs: (1, 411)
[M::mem_pestat] skip orientation FF
[M::mem_pestat] skip orientation RF
[M::mem_pestat] skip orientation RR
[M::mem_process_seqs] Processed 1738334 reads in 2060.713 CPU sec, 86.947 real sec
[M::process] read 1731112 sequences (240000144 bp)...
[M::mem_pestat] # candidate unique pairs for (FF, FR, RF, RR): (287, 555734, 45, 286)
[M::mem_pestat] analyzing insert size distribution for orientation FF...
[M::mem_pestat] (25, 50, 75) percentile: (88, 111, 159)
[M::mem_pestat] low and high boundaries for computing mean and std.dev: (1, 301)
[M::mem_pestat] mean and std.dev: (118.37, 48.74)
[M::mem_pestat] low and high boundaries for proper pairs: (1, 372)
[M::mem_pestat] analyzing insert size distribution for orientation FR...
[M::mem_pestat] (25, 50, 75) percentile: (130, 157, 186)
[M::mem_pestat] low and high boundaries for computing mean and std.dev: (18, 298)
[M::mem_pestat] mean and std.dev: (158.47, 42.40)
[M::mem_pestat] low and high boundaries for proper pairs: (1, 354)
[M::mem_pestat] analyzing insert size distribution for orientation RF...
[M::mem_pestat] (25, 50, 75) percentile: (86, 175, 794)
[M::mem_pestat] low and high boundaries for computing mean and std.dev: (1, 2210)
[M::mem_pestat] mean and std.dev: (367.80, 496.34)
[M::mem_pestat] low and high boundaries for proper pairs: (1, 2918)
[M::mem_pestat] analyzing insert size distribution for orientation RR...
[M::mem_pestat] (25, 50, 75) percentile: (86, 114, 168)
[M::mem_pestat] low and high boundaries for computing mean and std.dev: (1, 332)
[M::mem_pestat] mean and std.dev: (124.41, 56.57)
[M::mem_pestat] low and high boundaries for proper pairs: (1, 414)
[M::mem_pestat] skip orientation FF
[M::mem_pestat] skip orientation RF
[M::mem_pestat] skip orientation RR
[M::mem_process_seqs] Processed 1735538 reads in 2086.828 CPU sec, 89.145 real sec
[M::process] read 1731622 sequences (240000248 bp)...
[M::mem_pestat] # candidate unique pairs for (FF, FR, RF, RR): (274, 554738, 30, 299)
[M::mem_pestat] analyzing insert size distribution for orientation FF...
[M::mem_pestat] (25, 50, 75) percentile: (86, 111, 154)
[M::mem_pestat] low and high boundaries for computing mean and std.dev: (1, 290)
[M::mem_pestat] mean and std.dev: (112.14, 45.78)
[M::mem_pestat] low and high boundaries for proper pairs: (1, 358)
[M::mem_pestat] analyzing insert size distribution for orientation FR...
[M::mem_pestat] (25, 50, 75) percentile: (131, 157, 186)
[M::mem_pestat] low and high boundaries for computing mean and std.dev: (21, 296)
[M::mem_pestat] mean and std.dev: (158.88, 42.24)
[M::mem_pestat] low and high boundaries for proper pairs: (1, 351)
[M::mem_pestat] analyzing insert size distribution for orientation RF...
[M::mem_pestat] (25, 50, 75) percentile: (84, 208, 597)
[M::mem_pestat] low and high boundaries for computing mean and std.dev: (1, 1623)
[M::mem_pestat] mean and std.dev: (283.33, 336.95)
[M::mem_pestat] low and high boundaries for proper pairs: (1, 2136)
[M::mem_pestat] analyzing insert size distribution for orientation RR...
[M::mem_pestat] (25, 50, 75) percentile: (84, 109, 179)
[M::mem_pestat] low and high boundaries for computing mean and std.dev: (1, 369)
[M::mem_pestat] mean and std.dev: (126.56, 65.89)
[M::mem_pestat] low and high boundaries for proper pairs: (1, 464)
[M::mem_pestat] skip orientation FF
[M::mem_pestat] skip orientation RF
[M::mem_pestat] skip orientation RR
[M::mem_process_seqs] Processed 1731112 reads in 2107.791 CPU sec, 90.577 real sec
[M::process] read 1730234 sequences (240000073 bp)...
[M::mem_pestat] # candidate unique pairs for (FF, FR, RF, RR): (292, 554595, 53, 277)
[M::mem_pestat] analyzing insert size distribution for orientation FF...
[M::mem_pestat] (25, 50, 75) percentile: (88, 115, 157)
[M::mem_pestat] low and high boundaries for computing mean and std.dev: (1, 295)
[M::mem_pestat] mean and std.dev: (117.81, 47.35)
[M::mem_pestat] low and high boundaries for proper pairs: (1, 364)
[M::mem_pestat] analyzing insert size distribution for orientation FR...
[M::mem_pestat] (25, 50, 75) percentile: (131, 157, 186)
[M::mem_pestat] low and high boundaries for computing mean and std.dev: (21, 296)
[M::mem_pestat] mean and std.dev: (158.90, 42.26)
[M::mem_pestat] low and high boundaries for proper pairs: (1, 351)
[M::mem_pestat] analyzing insert size distribution for orientation RF...
[M::mem_pestat] (25, 50, 75) percentile: (76, 219, 687)
[M::mem_pestat] low and high boundaries for computing mean and std.dev: (1, 1909)
[M::mem_pestat] mean and std.dev: (344.63, 385.95)
[M::mem_pestat] low and high boundaries for proper pairs: (1, 2520)
[M::mem_pestat] analyzing insert size distribution for orientation RR...
[M::mem_pestat] (25, 50, 75) percentile: (91, 119, 176)
[M::mem_pestat] low and high boundaries for computing mean and std.dev: (1, 346)
[M::mem_pestat] mean and std.dev: (124.62, 56.49)
[M::mem_pestat] low and high boundaries for proper pairs: (1, 431)
[M::mem_pestat] skip orientation FF
[M::mem_pestat] skip orientation RF
[M::mem_pestat] skip orientation RR
[M::mem_process_seqs] Processed 1731622 reads in 2106.686 CPU sec, 90.579 real sec
[M::process] read 1725452 sequences (240000074 bp)...
[M::mem_pestat] # candidate unique pairs for (FF, FR, RF, RR): (270, 554833, 40, 304)
[M::mem_pestat] analyzing insert size distribution for orientation FF...
[M::mem_pestat] (25, 50, 75) percentile: (88, 110, 151)
[M::mem_pestat] low and high boundaries for computing mean and std.dev: (1, 277)
[M::mem_pestat] mean and std.dev: (115.45, 44.19)
[M::mem_pestat] low and high boundaries for proper pairs: (1, 340)
[M::mem_pestat] analyzing insert size distribution for orientation FR...
[M::mem_pestat] (25, 50, 75) percentile: (131, 158, 187)
[M::mem_pestat] low and high boundaries for computing mean and std.dev: (19, 299)
[M::mem_pestat] mean and std.dev: (159.13, 42.33)
[M::mem_pestat] low and high boundaries for proper pairs: (1, 355)
[M::mem_pestat] analyzing insert size distribution for orientation RF...
[M::mem_pestat] (25, 50, 75) percentile: (45, 102, 290)
[M::mem_pestat] low and high boundaries for computing mean and std.dev: (1, 780)
[M::mem_pestat] mean and std.dev: (124.11, 130.45)
[M::mem_pestat] low and high boundaries for proper pairs: (1, 1025)
[M::mem_pestat] analyzing insert size distribution for orientation RR...
[M::mem_pestat] (25, 50, 75) percentile: (89, 113, 187)
[M::mem_pestat] low and high boundaries for computing mean and std.dev: (1, 383)
[M::mem_pestat] mean and std.dev: (130.02, 64.93)
[M::mem_pestat] low and high boundaries for proper pairs: (1, 481)
[M::mem_pestat] skip orientation FF
[M::mem_pestat] skip orientation RF
[M::mem_pestat] skip orientation RR
[M::mem_process_seqs] Processed 1730234 reads in 2100.637 CPU sec, 90.332 real sec
[M::process] read 1727034 sequences (240000238 bp)...
[M::mem_pestat] # candidate unique pairs for (FF, FR, RF, RR): (273, 553232, 41, 281)
[M::mem_pestat] analyzing insert size distribution for orientation FF...
[M::mem_pestat] (25, 50, 75) percentile: (87, 107, 155)
[M::mem_pestat] low and high boundaries for computing mean and std.dev: (1, 291)
[M::mem_pestat] mean and std.dev: (118.46, 48.36)
[M::mem_pestat] low and high boundaries for proper pairs: (1, 359)
[M::mem_pestat] analyzing insert size distribution for orientation FR...
[M::mem_pestat] (25, 50, 75) percentile: (131, 158, 187)
[M::mem_pestat] low and high boundaries for computing mean and std.dev: (19, 299)
[M::mem_pestat] mean and std.dev: (159.54, 42.06)
[M::mem_pestat] low and high boundaries for proper pairs: (1, 355)
[M::mem_pestat] analyzing insert size distribution for orientation RF...
[M::mem_pestat] (25, 50, 75) percentile: (37, 217, 1979)
[M::mem_pestat] low and high boundaries for computing mean and std.dev: (1, 5863)
[M::mem_pestat] mean and std.dev: (581.64, 829.44)
[M::mem_pestat] low and high boundaries for proper pairs: (1, 7805)
[M::mem_pestat] analyzing insert size distribution for orientation RR...
[M::mem_pestat] (25, 50, 75) percentile: (91, 117, 169)
[M::mem_pestat] low and high boundaries for computing mean and std.dev: (1, 325)
[M::mem_pestat] mean and std.dev: (124.31, 55.54)
[M::mem_pestat] low and high boundaries for proper pairs: (1, 403)
[M::mem_pestat] skip orientation FF
[M::mem_pestat] skip orientation RF
[M::mem_pestat] skip orientation RR
[M::mem_process_seqs] Processed 1725452 reads in 2103.638 CPU sec, 90.276 real sec
[M::process] read 1720958 sequences (240000044 bp)...
[M::mem_pestat] # candidate unique pairs for (FF, FR, RF, RR): (282, 553656, 60, 298)
[M::mem_pestat] analyzing insert size distribution for orientation FF...
[M::mem_pestat] (25, 50, 75) percentile: (90, 117, 175)
[M::mem_pestat] low and high boundaries for computing mean and std.dev: (1, 345)
[M::mem_pestat] mean and std.dev: (125.16, 56.00)
[M::mem_pestat] low and high boundaries for proper pairs: (1, 430)
[M::mem_pestat] analyzing insert size distribution for orientation FR...
[M::mem_pestat] (25, 50, 75) percentile: (131, 158, 187)
[M::mem_pestat] low and high boundaries for computing mean and std.dev: (19, 299)
[M::mem_pestat] mean and std.dev: (159.63, 42.10)
[M::mem_pestat] low and high boundaries for proper pairs: (1, 355)
[M::mem_pestat] analyzing insert size distribution for orientation RF...
[M::mem_pestat] (25, 50, 75) percentile: (74, 174, 505)
[M::mem_pestat] low and high boundaries for computing mean and std.dev: (1, 1367)
[M::mem_pestat] mean and std.dev: (169.94, 156.58)
[M::mem_pestat] low and high boundaries for proper pairs: (1, 1798)
[M::mem_pestat] analyzing insert size distribution for orientation RR...
[M::mem_pestat] (25, 50, 75) percentile: (88, 116, 175)
[M::mem_pestat] low and high boundaries for computing mean and std.dev: (1, 349)
[M::mem_pestat] mean and std.dev: (123.89, 60.90)
[M::mem_pestat] low and high boundaries for proper pairs: (1, 436)
[M::mem_pestat] skip orientation FF
[M::mem_pestat] skip orientation RF
[M::mem_pestat] skip orientation RR
[M::mem_process_seqs] Processed 1727034 reads in 2110.629 CPU sec, 90.698 real sec
[M::process] read 1718026 sequences (240000149 bp)...
[M::mem_pestat] # candidate unique pairs for (FF, FR, RF, RR): (296, 552339, 40, 267)
[M::mem_pestat] analyzing insert size distribution for orientation FF...
[M::mem_pestat] (25, 50, 75) percentile: (92, 125, 193)
[M::mem_pestat] low and high boundaries for computing mean and std.dev: (1, 395)
[M::mem_pestat] mean and std.dev: (136.76, 65.00)
[M::mem_pestat] low and high boundaries for proper pairs: (1, 496)
[M::mem_pestat] analyzing insert size distribution for orientation FR...
[M::mem_pestat] (25, 50, 75) percentile: (132, 158, 187)
[M::mem_pestat] low and high boundaries for computing mean and std.dev: (22, 297)
[M::mem_pestat] mean and std.dev: (160.05, 41.69)
[M::mem_pestat] low and high boundaries for proper pairs: (1, 352)
[M::mem_pestat] analyzing insert size distribution for orientation RF...
[M::mem_pestat] (25, 50, 75) percentile: (88, 188, 634)
[M::mem_pestat] low and high boundaries for computing mean and std.dev: (1, 1726)
[M::mem_pestat] mean and std.dev: (281.72, 339.89)
[M::mem_pestat] low and high boundaries for proper pairs: (1, 2272)
[M::mem_pestat] analyzing insert size distribution for orientation RR...
[M::mem_pestat] (25, 50, 75) percentile: (87, 119, 160)
[M::mem_pestat] low and high boundaries for computing mean and std.dev: (1, 306)
[M::mem_pestat] mean and std.dev: (118.03, 49.29)
[M::mem_pestat] low and high boundaries for proper pairs: (1, 379)
[M::mem_pestat] skip orientation FF
[M::mem_pestat] skip orientation RF
[M::mem_pestat] skip orientation RR
[M::mem_process_seqs] Processed 1720958 reads in 2100.516 CPU sec, 90.357 real sec
[M::process] read 1715170 sequences (240000111 bp)...
[M::mem_pestat] # candidate unique pairs for (FF, FR, RF, RR): (292, 551966, 50, 286)
[M::mem_pestat] analyzing insert size distribution for orientation FF...
[M::mem_pestat] (25, 50, 75) percentile: (89, 118, 175)
[M::mem_pestat] low and high boundaries for computing mean and std.dev: (1, 347)
[M::mem_pestat] mean and std.dev: (124.06, 58.91)
[M::mem_pestat] low and high boundaries for proper pairs: (1, 433)
[M::mem_pestat] analyzing insert size distribution for orientation FR...
[M::mem_pestat] (25, 50, 75) percentile: (132, 158, 187)
[M::mem_pestat] low and high boundaries for computing mean and std.dev: (22, 297)
[M::mem_pestat] mean and std.dev: (160.03, 41.29)
[M::mem_pestat] low and high boundaries for proper pairs: (1, 352)
[M::mem_pestat] analyzing insert size distribution for orientation RF...
[M::mem_pestat] (25, 50, 75) percentile: (112, 450, 927)
[M::mem_pestat] low and high boundaries for computing mean and std.dev: (1, 2557)
[M::mem_pestat] mean and std.dev: (505.18, 497.70)
[M::mem_pestat] low and high boundaries for proper pairs: (1, 3372)
[M::mem_pestat] analyzing insert size distribution for orientation RR...
[M::mem_pestat] (25, 50, 75) percentile: (90, 116, 171)
[M::mem_pestat] low and high boundaries for computing mean and std.dev: (1, 333)
[M::mem_pestat] mean and std.dev: (124.05, 54.37)
[M::mem_pestat] low and high boundaries for proper pairs: (1, 414)
[M::mem_pestat] skip orientation FF
[M::mem_pestat] skip orientation RF
[M::mem_pestat] skip orientation RR
[M::mem_process_seqs] Processed 1718026 reads in 2095.293 CPU sec, 89.526 real sec
[M::process] read 1712506 sequences (240000142 bp)...
[M::mem_pestat] # candidate unique pairs for (FF, FR, RF, RR): (273, 551195, 36, 273)
[M::mem_pestat] analyzing insert size distribution for orientation FF...
[M::mem_pestat] (25, 50, 75) percentile: (92, 116, 163)
[M::mem_pestat] low and high boundaries for computing mean and std.dev: (1, 305)
[M::mem_pestat] mean and std.dev: (119.51, 48.51)
[M::mem_pestat] low and high boundaries for proper pairs: (1, 376)
[M::mem_pestat] analyzing insert size distribution for orientation FR...
[M::mem_pestat] (25, 50, 75) percentile: (132, 158, 187)
[M::mem_pestat] low and high boundaries for computing mean and std.dev: (22, 297)
[M::mem_pestat] mean and std.dev: (160.26, 41.26)
[M::mem_pestat] low and high boundaries for proper pairs: (1, 352)
[M::mem_pestat] analyzing insert size distribution for orientation RF...
[M::mem_pestat] (25, 50, 75) percentile: (69, 119, 471)
[M::mem_pestat] low and high boundaries for computing mean and std.dev: (1, 1275)
[M::mem_pestat] mean and std.dev: (209.25, 236.71)
[M::mem_pestat] low and high boundaries for proper pairs: (1, 1677)
[M::mem_pestat] analyzing insert size distribution for orientation RR...
[M::mem_pestat] (25, 50, 75) percentile: (88, 113, 162)
[M::mem_pestat] low and high boundaries for computing mean and std.dev: (1, 310)
[M::mem_pestat] mean and std.dev: (121.78, 52.90)
[M::mem_pestat] low and high boundaries for proper pairs: (1, 384)
[M::mem_pestat] skip orientation FF
[M::mem_pestat] skip orientation RF
[M::mem_pestat] skip orientation RR
[M::mem_process_seqs] Processed 1715170 reads in 2110.812 CPU sec, 90.615 real sec
[M::process] read 1720736 sequences (240000175 bp)...
[M::mem_pestat] # candidate unique pairs for (FF, FR, RF, RR): (274, 550480, 39, 301)
[M::mem_pestat] analyzing insert size distribution for orientation FF...
[M::mem_pestat] (25, 50, 75) percentile: (92, 137, 196)
[M::mem_pestat] low and high boundaries for computing mean and std.dev: (1, 404)
[M::mem_pestat] mean and std.dev: (138.01, 67.60)
[M::mem_pestat] low and high boundaries for proper pairs: (1, 508)
[M::mem_pestat] analyzing insert size distribution for orientation FR...
[M::mem_pestat] (25, 50, 75) percentile: (132, 159, 187)
[M::mem_pestat] low and high boundaries for computing mean and std.dev: (22, 297)
[M::mem_pestat] mean and std.dev: (160.79, 41.32)
[M::mem_pestat] low and high boundaries for proper pairs: (1, 352)
[M::mem_pestat] analyzing insert size distribution for orientation RF...
[M::mem_pestat] (25, 50, 75) percentile: (68, 141, 506)
[M::mem_pestat] low and high boundaries for computing mean and std.dev: (1, 1382)
[M::mem_pestat] mean and std.dev: (194.09, 214.25)
[M::mem_pestat] low and high boundaries for proper pairs: (1, 1820)
[M::mem_pestat] analyzing insert size distribution for orientation RR...
[M::mem_pestat] (25, 50, 75) percentile: (86, 115, 187)
[M::mem_pestat] low and high boundaries for computing mean and std.dev: (1, 389)
[M::mem_pestat] mean and std.dev: (128.31, 66.30)
[M::mem_pestat] low and high boundaries for proper pairs: (1, 490)
[M::mem_pestat] skip orientation FF
[M::mem_pestat] skip orientation RF
[M::mem_pestat] skip orientation RR
