[M::bwa_idx_load_from_disk] read 0 ALT contigs
[M::process] read 1847374 sequences (240000161 bp)...
[M::process] read 1840604 sequences (240000021 bp)...
[M::mem_pestat] # candidate unique pairs for (FF, FR, RF, RR): (172, 548024, 49, 175)
[M::mem_pestat] analyzing insert size distribution for orientation FF...
[M::mem_pestat] (25, 50, 75) percentile: (70, 89, 114)
[M::mem_pestat] low and high boundaries for computing mean and std.dev: (1, 202)
[M::mem_pestat] mean and std.dev: (86.59, 29.86)
[M::mem_pestat] low and high boundaries for proper pairs: (1, 246)
[M::mem_pestat] analyzing insert size distribution for orientation FR...
[M::mem_pestat] (25, 50, 75) percentile: (106, 131, 161)
[M::mem_pestat] low and high boundaries for computing mean and std.dev: (1, 271)
[M::mem_pestat] mean and std.dev: (135.21, 40.56)
[M::mem_pestat] low and high boundaries for proper pairs: (1, 326)
[M::mem_pestat] analyzing insert size distribution for orientation RF...
[M::mem_pestat] (25, 50, 75) percentile: (71, 237, 563)
[M::mem_pestat] low and high boundaries for computing mean and std.dev: (1, 1547)
[M::mem_pestat] mean and std.dev: (218.26, 217.62)
[M::mem_pestat] low and high boundaries for proper pairs: (1, 2039)
[M::mem_pestat] analyzing insert size distribution for orientation RR...
[M::mem_pestat] (25, 50, 75) percentile: (66, 83, 109)
[M::mem_pestat] low and high boundaries for computing mean and std.dev: (1, 195)
[M::mem_pestat] mean and std.dev: (86.99, 31.79)
[M::mem_pestat] low and high boundaries for proper pairs: (1, 238)
[M::mem_pestat] skip orientation FF
[M::mem_pestat] skip orientation RF
[M::mem_pestat] skip orientation RR
[M::mem_process_seqs] Processed 1847374 reads in 2067.932 CPU sec, 87.501 real sec
[M::process] read 1838640 sequences (240000033 bp)...
[M::mem_pestat] # candidate unique pairs for (FF, FR, RF, RR): (173, 545864, 60, 188)
[M::mem_pestat] analyzing insert size distribution for orientation FF...
[M::mem_pestat] (25, 50, 75) percentile: (68, 84, 107)
[M::mem_pestat] low and high boundaries for computing mean and std.dev: (1, 185)
[M::mem_pestat] mean and std.dev: (83.45, 29.01)
[M::mem_pestat] low and high boundaries for proper pairs: (1, 224)
[M::mem_pestat] analyzing insert size distribution for orientation FR...
[M::mem_pestat] (25, 50, 75) percentile: (107, 132, 161)
[M::mem_pestat] low and high boundaries for computing mean and std.dev: (1, 269)
[M::mem_pestat] mean and std.dev: (135.58, 40.33)
[M::mem_pestat] low and high boundaries for proper pairs: (1, 323)
[M::mem_pestat] analyzing insert size distribution for orientation RF...
[M::mem_pestat] (25, 50, 75) percentile: (76, 185, 449)
[M::mem_pestat] low and high boundaries for computing mean and std.dev: (1, 1195)
[M::mem_pestat] mean and std.dev: (198.59, 186.07)
[M::mem_pestat] low and high boundaries for proper pairs: (1, 1568)
[M::mem_pestat] analyzing insert size distribution for orientation RR...
[M::mem_pestat] (25, 50, 75) percentile: (72, 90, 120)
[M::mem_pestat] low and high boundaries for computing mean and std.dev: (1, 216)
[M::mem_pestat] mean and std.dev: (91.36, 32.35)
[M::mem_pestat] low and high boundaries for proper pairs: (1, 264)
[M::mem_pestat] skip orientation FF
[M::mem_pestat] skip orientation RF
[M::mem_pestat] skip orientation RR
[M::mem_process_seqs] Processed 1840604 reads in 2114.360 CPU sec, 90.481 real sec
[M::process] read 1832566 sequences (240000002 bp)...
[M::mem_pestat] # candidate unique pairs for (FF, FR, RF, RR): (169, 545157, 56, 199)
[M::mem_pestat] analyzing insert size distribution for orientation FF...
[M::mem_pestat] (25, 50, 75) percentile: (64, 86, 105)
[M::mem_pestat] low and high boundaries for computing mean and std.dev: (1, 187)
[M::mem_pestat] mean and std.dev: (85.20, 31.85)
[M::mem_pestat] low and high boundaries for proper pairs: (1, 228)
[M::mem_pestat] analyzing insert size distribution for orientation FR...
[M::mem_pestat] (25, 50, 75) percentile: (107, 132, 161)
[M::mem_pestat] low and high boundaries for computing mean and std.dev: (1, 269)
[M::mem_pestat] mean and std.dev: (135.73, 40.22)
[M::mem_pestat] low and high boundaries for proper pairs: (1, 323)
[M::mem_pestat] analyzing insert size distribution for orientation RF...
[M::mem_pestat] (25, 50, 75) percentile: (91, 140, 488)
[M::mem_pestat] low and high boundaries for computing mean and std.dev: (1, 1282)
[M::mem_pestat] mean and std.dev: (240.42, 254.67)
[M::mem_pestat] low and high boundaries for proper pairs: (1, 1679)
[M::mem_pestat] analyzing insert size distribution for orientation RR...
[M::mem_pestat] (25, 50, 75) percentile: (63, 80, 107)
[M::mem_pestat] low and high boundaries for computing mean and std.dev: (1, 195)
[M::mem_pestat] mean and std.dev: (83.31, 30.46)
[M::mem_pestat] low and high boundaries for proper pairs: (1, 239)
[M::mem_pestat] skip orientation FF
[M::mem_pestat] skip orientation RF
[M::mem_pestat] skip orientation RR
[M::mem_process_seqs] Processed 1838640 reads in 2114.156 CPU sec, 91.080 real sec
[M::process] read 1829256 sequences (240000196 bp)...
[M::mem_pestat] # candidate unique pairs for (FF, FR, RF, RR): (156, 544109, 46, 199)
[M::mem_pestat] analyzing insert size distribution for orientation FF...
[M::mem_pestat] (25, 50, 75) percentile: (68, 87, 119)
[M::mem_pestat] low and high boundaries for computing mean and std.dev: (1, 221)
[M::mem_pestat] mean and std.dev: (90.25, 33.19)
[M::mem_pestat] low and high boundaries for proper pairs: (1, 272)
[M::mem_pestat] analyzing insert size distribution for orientation FR...
[M::mem_pestat] (25, 50, 75) percentile: (107, 132, 162)
[M::mem_pestat] low and high boundaries for computing mean and std.dev: (1, 272)
[M::mem_pestat] mean and std.dev: (136.23, 40.34)
[M::mem_pestat] low and high boundaries for proper pairs: (1, 327)
[M::mem_pestat] analyzing insert size distribution for orientation RF...
[M::mem_pestat] (25, 50, 75) percentile: (55, 191, 269)
[M::mem_pestat] low and high boundaries for computing mean and std.dev: (1, 697)
[M::mem_pestat] mean and std.dev: (133.55, 100.97)
[M::mem_pestat] low and high boundaries for proper pairs: (1, 911)
[M::mem_pestat] analyzing insert size distribution for orientation RR...
[M::mem_pestat] (25, 50, 75) percentile: (74, 89, 114)
[M::mem_pestat] low and high boundaries for computing mean and std.dev: (1, 194)
[M::mem_pestat] mean and std.dev: (90.95, 32.15)
[M::mem_pestat] low and high boundaries for proper pairs: (1, 234)
[M::mem_pestat] skip orientation FF
[M::mem_pestat] skip orientation RF
[M::mem_pestat] skip orientation RR
[M::mem_process_seqs] Processed 1832566 reads in 2116.520 CPU sec, 91.034 real sec
[M::process] read 1823698 sequences (240000218 bp)...
[M::mem_pestat] # candidate unique pairs for (FF, FR, RF, RR): (157, 543577, 58, 191)
[M::mem_pestat] analyzing insert size distribution for orientation FF...
[M::mem_pestat] (25, 50, 75) percentile: (68, 86, 121)
[M::mem_pestat] low and high boundaries for computing mean and std.dev: (1, 227)
[M::mem_pestat] mean and std.dev: (89.21, 34.76)
[M::mem_pestat] low and high boundaries for proper pairs: (1, 280)
[M::mem_pestat] analyzing insert size distribution for orientation FR...
[M::mem_pestat] (25, 50, 75) percentile: (108, 132, 162)
[M::mem_pestat] low and high boundaries for computing mean and std.dev: (1, 270)
[M::mem_pestat] mean and std.dev: (136.45, 40.08)
[M::mem_pestat] low and high boundaries for proper pairs: (1, 324)
[M::mem_pestat] analyzing insert size distribution for orientation RF...
[M::mem_pestat] (25, 50, 75) percentile: (78, 150, 401)
[M::mem_pestat] low and high boundaries for computing mean and std.dev: (1, 1047)
[M::mem_pestat] mean and std.dev: (228.48, 253.91)
[M::mem_pestat] low and high boundaries for proper pairs: (1, 1370)
[M::mem_pestat] analyzing insert size distribution for orientation RR...
[M::mem_pestat] (25, 50, 75) percentile: (65, 85, 118)
[M::mem_pestat] low and high boundaries for computing mean and std.dev: (1, 224)
[M::mem_pestat] mean and std.dev: (88.88, 37.00)
[M::mem_pestat] low and high boundaries for proper pairs: (1, 277)
[M::mem_pestat] skip orientation FF
[M::mem_pestat] skip orientation RF
[M::mem_pestat] skip orientation RR
[M::mem_process_seqs] Processed 1829256 reads in 2129.242 CPU sec, 91.543 real sec
[M::process] read 1827690 sequences (240000127 bp)...
[M::mem_pestat] # candidate unique pairs for (FF, FR, RF, RR): (173, 542109, 58, 195)
[M::mem_pestat] analyzing insert size distribution for orientation FF...
[M::mem_pestat] (25, 50, 75) percentile: (72, 90, 119)
[M::mem_pestat] low and high boundaries for computing mean and std.dev: (1, 213)
[M::mem_pestat] mean and std.dev: (91.78, 36.86)
[M::mem_pestat] low and high boundaries for proper pairs: (1, 260)
[M::mem_pestat] analyzing insert size distribution for orientation FR...
[M::mem_pestat] (25, 50, 75) percentile: (108, 133, 162)
[M::mem_pestat] low and high boundaries for computing mean and std.dev: (1, 270)
[M::mem_pestat] mean and std.dev: (136.59, 39.96)
[M::mem_pestat] low and high boundaries for proper pairs: (1, 324)
[M::mem_pestat] analyzing insert size distribution for orientation RF...
[M::mem_pestat] (25, 50, 75) percentile: (89, 177, 401)
[M::mem_pestat] low and high boundaries for computing mean and std.dev: (1, 1025)
[M::mem_pestat] mean and std.dev: (217.87, 194.75)
[M::mem_pestat] low and high boundaries for proper pairs: (1, 1337)
[M::mem_pestat] analyzing insert size distribution for orientation RR...
[M::mem_pestat] (25, 50, 75) percentile: (69, 85, 116)
[M::mem_pestat] low and high boundaries for computing mean and std.dev: (1, 210)
[M::mem_pestat] mean and std.dev: (89.41, 32.68)
[M::mem_pestat] low and high boundaries for proper pairs: (1, 257)
[M::mem_pestat] skip orientation FF
[M::mem_pestat] skip orientation RF
[M::mem_pestat] skip orientation RR
[M::mem_process_seqs] Processed 1823698 reads in 2114.909 CPU sec, 91.011 real sec
[M::process] read 1839652 sequences (240000023 bp)...
[M::mem_pestat] # candidate unique pairs for (FF, FR, RF, RR): (191, 542356, 61, 181)
[M::mem_pestat] analyzing insert size distribution for orientation FF...
[M::mem_pestat] (25, 50, 75) percentile: (74, 93, 119)
[M::mem_pestat] low and high boundaries for computing mean and std.dev: (1, 209)
[M::mem_pestat] mean and std.dev: (93.86, 34.37)
[M::mem_pestat] low and high boundaries for proper pairs: (1, 254)
[M::mem_pestat] analyzing insert size distribution for orientation FR...
[M::mem_pestat] (25, 50, 75) percentile: (107, 132, 162)
[M::mem_pestat] low and high boundaries for computing mean and std.dev: (1, 272)
[M::mem_pestat] mean and std.dev: (136.49, 40.28)
[M::mem_pestat] low and high boundaries for proper pairs: (1, 327)
[M::mem_pestat] analyzing insert size distribution for orientation RF...
[M::mem_pestat] (25, 50, 75) percentile: (73, 170, 338)
[M::mem_pestat] low and high boundaries for computing mean and std.dev: (1, 868)
[M::mem_pestat] mean and std.dev: (187.84, 165.87)
[M::mem_pestat] low and high boundaries for proper pairs: (1, 1133)
[M::mem_pestat] analyzing insert size distribution for orientation RR...
[M::mem_pestat] (25, 50, 75) percentile: (67, 83, 114)
[M::mem_pestat] low and high boundaries for computing mean and std.dev: (1, 208)
[M::mem_pestat] mean and std.dev: (88.28, 33.55)
[M::mem_pestat] low and high boundaries for proper pairs: (1, 255)
[M::mem_pestat] skip orientation FF
[M::mem_pestat] skip orientation RF
[M::mem_pestat] skip orientation RR
[M::mem_process_seqs] Processed 1827690 reads in 2135.791 CPU sec, 91.843 real sec
[M::process] read 1835742 sequences (240000023 bp)...
[M::mem_pestat] # candidate unique pairs for (FF, FR, RF, RR): (149, 545016, 49, 171)
[M::mem_pestat] analyzing insert size distribution for orientation FF...
[M::mem_pestat] (25, 50, 75) percentile: (66, 88, 132)
[M::mem_pestat] low and high boundaries for computing mean and std.dev: (1, 264)
[M::mem_pestat] mean and std.dev: (90.84, 39.87)
[M::mem_pestat] low and high boundaries for proper pairs: (1, 330)
[M::mem_pestat] analyzing insert size distribution for orientation FR...
[M::mem_pestat] (25, 50, 75) percentile: (107, 132, 162)
[M::mem_pestat] low and high boundaries for computing mean and std.dev: (1, 272)
[M::mem_pestat] mean and std.dev: (135.72, 40.43)
[M::mem_pestat] low and high boundaries for proper pairs: (1, 327)
[M::mem_pestat] analyzing insert size distribution for orientation RF...
[M::mem_pestat] (25, 50, 75) percentile: (37, 112, 406)
[M::mem_pestat] low and high boundaries for computing mean and std.dev: (1, 1144)
[M::mem_pestat] mean and std.dev: (192.36, 233.98)
[M::mem_pestat] low and high boundaries for proper pairs: (1, 1513)
[M::mem_pestat] analyzing insert size distribution for orientation RR...
[M::mem_pestat] (25, 50, 75) percentile: (66, 87, 126)
[M::mem_pestat] low and high boundaries for computing mean and std.dev: (1, 246)
[M::mem_pestat] mean and std.dev: (92.83, 39.44)
[M::mem_pestat] low and high boundaries for proper pairs: (1, 306)
[M::mem_pestat] skip orientation FF
[M::mem_pestat] skip orientation RF
[M::mem_pestat] skip orientation RR
[M::mem_process_seqs] Processed 1839652 reads in 2124.280 CPU sec, 91.423 real sec
[M::process] read 1833458 sequences (240000074 bp)...
[M::mem_pestat] # candidate unique pairs for (FF, FR, RF, RR): (140, 543869, 58, 199)
[M::mem_pestat] analyzing insert size distribution for orientation FF...
[M::mem_pestat] (25, 50, 75) percentile: (68, 86, 116)
[M::mem_pestat] low and high boundaries for computing mean and std.dev: (1, 212)
[M::mem_pestat] mean and std.dev: (88.30, 34.88)
[M::mem_pestat] low and high boundaries for proper pairs: (1, 260)
[M::mem_pestat] analyzing insert size distribution for orientation FR...
[M::mem_pestat] (25, 50, 75) percentile: (107, 132, 162)
[M::mem_pestat] low and high boundaries for computing mean and std.dev: (1, 272)
[M::mem_pestat] mean and std.dev: (135.98, 40.49)
[M::mem_pestat] low and high boundaries for proper pairs: (1, 327)
[M::mem_pestat] analyzing insert size distribution for orientation RF...
[M::mem_pestat] (25, 50, 75) percentile: (73, 135, 501)
[M::mem_pestat] low and high boundaries for computing mean and std.dev: (1, 1357)
[M::mem_pestat] mean and std.dev: (264.36, 314.95)
[M::mem_pestat] low and high boundaries for proper pairs: (1, 1785)
[M::mem_pestat] analyzing insert size distribution for orientation RR...
[M::mem_pestat] (25, 50, 75) percentile: (70, 89, 125)
[M::mem_pestat] low and high boundaries for computing mean and std.dev: (1, 235)
[M::mem_pestat] mean and std.dev: (95.26, 36.97)
[M::mem_pestat] low and high boundaries for proper pairs: (1, 290)
[M::mem_pestat] skip orientation FF
[M::mem_pestat] skip orientation RF
[M::mem_pestat] skip orientation RR
[M::mem_process_seqs] Processed 1835742 reads in 2136.566 CPU sec, 91.900 real sec
[M::process] read 1829680 sequences (240000183 bp)...
[M::mem_pestat] # candidate unique pairs for (FF, FR, RF, RR): (157, 544018, 53, 202)
[M::mem_pestat] analyzing insert size distribution for orientation FF...
[M::mem_pestat] (25, 50, 75) percentile: (75, 92, 119)
[M::mem_pestat] low and high boundaries for computing mean and std.dev: (1, 207)
[M::mem_pestat] mean and std.dev: (95.25, 33.49)
[M::mem_pestat] low and high boundaries for proper pairs: (1, 251)
[M::mem_pestat] analyzing insert size distribution for orientation FR...
[M::mem_pestat] (25, 50, 75) percentile: (107, 132, 162)
[M::mem_pestat] low and high boundaries for computing mean and std.dev: (1, 272)
[M::mem_pestat] mean and std.dev: (136.05, 40.39)
[M::mem_pestat] low and high boundaries for proper pairs: (1, 327)
[M::mem_pestat] analyzing insert size distribution for orientation RF...
[M::mem_pestat] (25, 50, 75) percentile: (93, 199, 733)
[M::mem_pestat] low and high boundaries for computing mean and std.dev: (1, 2013)
[M::mem_pestat] mean and std.dev: (361.10, 482.94)
[M::mem_pestat] low and high boundaries for proper pairs: (1, 2653)
[M::mem_pestat] analyzing insert size distribution for orientation RR...
[M::mem_pestat] (25, 50, 75) percentile: (64, 89, 114)
[M::mem_pestat] low and high boundaries for computing mean and std.dev: (1, 214)
[M::mem_pestat] mean and std.dev: (90.41, 36.59)
[M::mem_pestat] low and high boundaries for proper pairs: (1, 264)
[M::mem_pestat] skip orientation FF
[M::mem_pestat] skip orientation RF
[M::mem_pestat] skip orientation RR
[M::mem_process_seqs] Processed 1833458 reads in 2119.280 CPU sec, 91.207 real sec
[M::process] read 1824790 sequences (240000127 bp)...
[M::mem_pestat] # candidate unique pairs for (FF, FR, RF, RR): (174, 541582, 52, 213)
[M::mem_pestat] analyzing insert size distribution for orientation FF...
[M::mem_pestat] (25, 50, 75) percentile: (58, 86, 119)
[M::mem_pestat] low and high boundaries for computing mean and std.dev: (1, 241)
[M::mem_pestat] mean and std.dev: (88.43, 40.54)
[M::mem_pestat] low and high boundaries for proper pairs: (1, 302)
[M::mem_pestat] analyzing insert size distribution for orientation FR...
[M::mem_pestat] (25, 50, 75) percentile: (107, 132, 162)
[M::mem_pestat] low and high boundaries for computing mean and std.dev: (1, 272)
[M::mem_pestat] mean and std.dev: (136.31, 40.31)
[M::mem_pestat] low and high boundaries for proper pairs: (1, 327)
[M::mem_pestat] analyzing insert size distribution for orientation RF...
[M::mem_pestat] (25, 50, 75) percentile: (50, 194, 451)
[M::mem_pestat] low and high boundaries for computing mean and std.dev: (1, 1253)
[M::mem_pestat] mean and std.dev: (204.96, 191.16)
[M::mem_pestat] low and high boundaries for proper pairs: (1, 1654)
[M::mem_pestat] analyzing insert size distribution for orientation RR...
[M::mem_pestat] (25, 50, 75) percentile: (68, 94, 123)
[M::mem_pestat] low and high boundaries for computing mean and std.dev: (1, 233)
[M::mem_pestat] mean and std.dev: (94.80, 40.96)
[M::mem_pestat] low and high boundaries for proper pairs: (1, 288)
[M::mem_pestat] skip orientation FF
[M::mem_pestat] skip orientation RF
[M::mem_pestat] skip orientation RR
[M::mem_process_seqs] Processed 1829680 reads in 2141.649 CPU sec, 92.143 real sec
[M::process] read 1820964 sequences (240000012 bp)...
[M::mem_pestat] # candidate unique pairs for (FF, FR, RF, RR): (159, 542117, 49, 195)
[M::mem_pestat] analyzing insert size distribution for orientation FF...
[M::mem_pestat] (25, 50, 75) percentile: (68, 84, 120)
[M::mem_pestat] low and high boundaries for computing mean and std.dev: (1, 224)
[M::mem_pestat] mean and std.dev: (91.76, 37.58)
[M::mem_pestat] low and high boundaries for proper pairs: (1, 276)
[M::mem_pestat] analyzing insert size distribution for orientation FR...
[M::mem_pestat] (25, 50, 75) percentile: (108, 132, 162)
[M::mem_pestat] low and high boundaries for computing mean and std.dev: (1, 270)
[M::mem_pestat] mean and std.dev: (136.57, 40.14)
[M::mem_pestat] low and high boundaries for proper pairs: (1, 324)
[M::mem_pestat] analyzing insert size distribution for orientation RF...
[M::mem_pestat] (25, 50, 75) percentile: (65, 174, 431)
[M::mem_pestat] low and high boundaries for computing mean and std.dev: (1, 1163)
[M::mem_pestat] mean and std.dev: (238.93, 266.69)
[M::mem_pestat] low and high boundaries for proper pairs: (1, 1529)
[M::mem_pestat] analyzing insert size distribution for orientation RR...
[M::mem_pestat] (25, 50, 75) percentile: (65, 85, 113)
[M::mem_pestat] low and high boundaries for computing mean and std.dev: (1, 209)
[M::mem_pestat] mean and std.dev: (86.44, 33.64)
[M::mem_pestat] low and high boundaries for proper pairs: (1, 257)
[M::mem_pestat] skip orientation FF
[M::mem_pestat] skip orientation RF
[M::mem_pestat] skip orientation RR
[M::mem_process_seqs] Processed 1824790 reads in 2127.809 CPU sec, 91.533 real sec
[M::process] read 1832468 sequences (240000209 bp)...
[M::mem_pestat] # candidate unique pairs for (FF, FR, RF, RR): (177, 541756, 57, 179)
[M::mem_pestat] analyzing insert size distribution for orientation FF...
[M::mem_pestat] (25, 50, 75) percentile: (71, 87, 116)
[M::mem_pestat] low and high boundaries for computing mean and std.dev: (1, 206)
[M::mem_pestat] mean and std.dev: (88.39, 32.82)
[M::mem_pestat] low and high boundaries for proper pairs: (1, 251)
[M::mem_pestat] analyzing insert size distribution for orientation FR...
[M::mem_pestat] (25, 50, 75) percentile: (108, 133, 162)
[M::mem_pestat] low and high boundaries for computing mean and std.dev: (1, 270)
[M::mem_pestat] mean and std.dev: (136.75, 39.99)
[M::mem_pestat] low and high boundaries for proper pairs: (1, 324)
[M::mem_pestat] analyzing insert size distribution for orientation RF...
[M::mem_pestat] (25, 50, 75) percentile: (49, 132, 378)
[M::mem_pestat] low and high boundaries for computing mean and std.dev: (1, 1036)
[M::mem_pestat] mean and std.dev: (193.02, 190.84)
[M::mem_pestat] low and high boundaries for proper pairs: (1, 1365)
[M::mem_pestat] analyzing insert size distribution for orientation RR...
[M::mem_pestat] (25, 50, 75) percentile: (74, 94, 132)
[M::mem_pestat] low and high boundaries for computing mean and std.dev: (1, 248)
[M::mem_pestat] mean and std.dev: (100.31, 39.95)
[M::mem_pestat] low and high boundaries for proper pairs: (1, 306)
[M::mem_pestat] skip orientation FF
[M::mem_pestat] skip orientation RF
[M::mem_pestat] skip orientation RR
[M::mem_process_seqs] Processed 1820964 reads in 2123.795 CPU sec, 91.271 real sec
[M::process] read 1836100 sequences (240000201 bp)...
[M::mem_pestat] # candidate unique pairs for (FF, FR, RF, RR): (167, 544141, 53, 184)
[M::mem_pestat] analyzing insert size distribution for orientation FF...
[M::mem_pestat] (25, 50, 75) percentile: (63, 82, 112)
[M::mem_pestat] low and high boundaries for computing mean and std.dev: (1, 210)
[M::mem_pestat] mean and std.dev: (83.70, 34.79)
[M::mem_pestat] low and high boundaries for proper pairs: (1, 259)
[M::mem_pestat] analyzing insert size distribution for orientation FR...
[M::mem_pestat] (25, 50, 75) percentile: (107, 132, 162)
[M::mem_pestat] low and high boundaries for computing mean and std.dev: (1, 272)
[M::mem_pestat] mean and std.dev: (136.30, 40.48)
[M::mem_pestat] low and high boundaries for proper pairs: (1, 327)
[M::mem_pestat] analyzing insert size distribution for orientation RF...
[M::mem_pestat] (25, 50, 75) percentile: (30, 131, 372)
[M::mem_pestat] low and high boundaries for computing mean and std.dev: (1, 1056)
[M::mem_pestat] mean and std.dev: (196.32, 211.26)
[M::mem_pestat] low and high boundaries for proper pairs: (1, 1398)
[M::mem_pestat] analyzing insert size distribution for orientation RR...
[M::mem_pestat] (25, 50, 75) percentile: (70, 91, 127)
[M::mem_pestat] low and high boundaries for computing mean and std.dev: (1, 241)
[M::mem_pestat] mean and std.dev: (94.80, 38.12)
[M::mem_pestat] low and high boundaries for proper pairs: (1, 298)
[M::mem_pestat] skip orientation FF
[M::mem_pestat] skip orientation RF
[M::mem_pestat] skip orientation RR
[M::mem_process_seqs] Processed 1832468 reads in 2124.799 CPU sec, 91.371 real sec
[M::process] read 1834658 sequences (240000106 bp)...
[M::mem_pestat] # candidate unique pairs for (FF, FR, RF, RR): (170, 545344, 58, 187)
[M::mem_pestat] analyzing insert size distribution for orientation FF...
[M::mem_pestat] (25, 50, 75) percentile: (72, 90, 116)
[M::mem_pestat] low and high boundaries for computing mean and std.dev: (1, 204)
[M::mem_pestat] mean and std.dev: (89.81, 31.29)
[M::mem_pestat] low and high boundaries for proper pairs: (1, 248)
[M::mem_pestat] analyzing insert size distribution for orientation FR...
[M::mem_pestat] (25, 50, 75) percentile: (107, 132, 162)
[M::mem_pestat] low and high boundaries for computing mean and std.dev: (1, 272)
[M::mem_pestat] mean and std.dev: (136.10, 40.50)
[M::mem_pestat] low and high boundaries for proper pairs: (1, 327)
[M::mem_pestat] analyzing insert size distribution for orientation RF...
[M::mem_pestat] (25, 50, 75) percentile: (71, 188, 379)
[M::mem_pestat] low and high boundaries for computing mean and std.dev: (1, 995)
[M::mem_pestat] mean and std.dev: (188.42, 182.99)
[M::mem_pestat] low and high boundaries for proper pairs: (1, 1303)
[M::mem_pestat] analyzing insert size distribution for orientation RR...
[M::mem_pestat] (25, 50, 75) percentile: (64, 84, 118)
[M::mem_pestat] low and high boundaries for computing mean and std.dev: (1, 226)
[M::mem_pestat] mean and std.dev: (87.76, 37.11)
[M::mem_pestat] low and high boundaries for proper pairs: (1, 280)
[M::mem_pestat] skip orientation FF
[M::mem_pestat] skip orientation RF
[M::mem_pestat] skip orientation RR
[M::mem_process_seqs] Processed 1836100 reads in 2124.490 CPU sec, 91.388 real sec
[M::process] read 1829082 sequences (240000064 bp)...
[M::mem_pestat] # candidate unique pairs for (FF, FR, RF, RR): (159, 543544, 56, 176)
[M::mem_pestat] analyzing insert size distribution for orientation FF...
[M::mem_pestat] (25, 50, 75) percentile: (72, 91, 117)
[M::mem_pestat] low and high boundaries for computing mean and std.dev: (1, 207)
[M::mem_pestat] mean and std.dev: (93.00, 33.45)
[M::mem_pestat] low and high boundaries for proper pairs: (1, 252)
[M::mem_pestat] analyzing insert size distribution for orientation FR...
[M::mem_pestat] (25, 50, 75) percentile: (107, 132, 162)
[M::mem_pestat] low and high boundaries for computing mean and std.dev: (1, 272)
[M::mem_pestat] mean and std.dev: (136.15, 40.56)
[M::mem_pestat] low and high boundaries for proper pairs: (1, 327)
[M::mem_pestat] analyzing insert size distribution for orientation RF...
[M::mem_pestat] (25, 50, 75) percentile: (67, 185, 458)
[M::mem_pestat] low and high boundaries for computing mean and std.dev: (1, 1240)
[M::mem_pestat] mean and std.dev: (243.67, 275.13)
[M::mem_pestat] low and high boundaries for proper pairs: (1, 1631)
[M::mem_pestat] analyzing insert size distribution for orientation RR...
[M::mem_pestat] (25, 50, 75) percentile: (72, 92, 122)
[M::mem_pestat] low and high boundaries for computing mean and std.dev: (1, 222)
[M::mem_pestat] mean and std.dev: (95.90, 34.66)
[M::mem_pestat] low and high boundaries for proper pairs: (1, 272)
[M::mem_pestat] skip orientation FF
[M::mem_pestat] skip orientation RF
[M::mem_pestat] skip orientation RR
[M::mem_process_seqs] Processed 1834658 reads in 2127.963 CPU sec, 91.555 real sec
[M::process] read 1825472 sequences (240000169 bp)...
