[M::bwa_idx_load_from_disk] read 0 ALT contigs
[M::process] read 1735978 sequences (240000144 bp)...
[M::process] read 1733086 sequences (240000262 bp)...
[M::mem_pestat] # candidate unique pairs for (FF, FR, RF, RR): (702, 585057, 41, 663)
[M::mem_pestat] analyzing insert size distribution for orientation FF...
[M::mem_pestat] (25, 50, 75) percentile: (93, 132, 257)
[M::mem_pestat] low and high boundaries for computing mean and std.dev: (1, 585)
[M::mem_pestat] mean and std.dev: (167.45, 112.36)
[M::mem_pestat] low and high boundaries for proper pairs: (1, 749)
[M::mem_pestat] analyzing insert size distribution for orientation FR...
[M::mem_pestat] (25, 50, 75) percentile: (129, 157, 188)
[M::mem_pestat] low and high boundaries for computing mean and std.dev: (11, 306)
[M::mem_pestat] mean and std.dev: (159.99, 43.65)
[M::mem_pestat] low and high boundaries for proper pairs: (1, 365)
[M::mem_pestat] analyzing insert size distribution for orientation RF...
[M::mem_pestat] (25, 50, 75) percentile: (106, 200, 674)
[M::mem_pestat] low and high boundaries for computing mean and std.dev: (1, 1810)
[M::mem_pestat] mean and std.dev: (350.38, 367.26)
[M::mem_pestat] low and high boundaries for proper pairs: (1, 2378)
[M::mem_pestat] analyzing insert size distribution for orientation RR...
[M::mem_pestat] (25, 50, 75) percentile: (98, 132, 235)
[M::mem_pestat] low and high boundaries for computing mean and std.dev: (1, 509)
[M::mem_pestat] mean and std.dev: (157.36, 94.48)
[M::mem_pestat] low and high boundaries for proper pairs: (1, 646)
[M::mem_pestat] skip orientation FF
[M::mem_pestat] skip orientation RF
[M::mem_pestat] skip orientation RR
[M::mem_process_seqs] Processed 1735978 reads in 1714.239 CPU sec, 72.670 real sec
[M::process] read 1730224 sequences (240000183 bp)...
[M::mem_pestat] # candidate unique pairs for (FF, FR, RF, RR): (710, 583696, 55, 694)
[M::mem_pestat] analyzing insert size distribution for orientation FF...
[M::mem_pestat] (25, 50, 75) percentile: (94, 134, 261)
[M::mem_pestat] low and high boundaries for computing mean and std.dev: (1, 595)
[M::mem_pestat] mean and std.dev: (167.48, 111.93)
[M::mem_pestat] low and high boundaries for proper pairs: (1, 762)
[M::mem_pestat] analyzing insert size distribution for orientation FR...
[M::mem_pestat] (25, 50, 75) percentile: (129, 157, 188)
[M::mem_pestat] low and high boundaries for computing mean and std.dev: (11, 306)
[M::mem_pestat] mean and std.dev: (160.07, 43.43)
[M::mem_pestat] low and high boundaries for proper pairs: (1, 365)
[M::mem_pestat] analyzing insert size distribution for orientation RF...
[M::mem_pestat] (25, 50, 75) percentile: (80, 244, 689)
[M::mem_pestat] low and high boundaries for computing mean and std.dev: (1, 1907)
[M::mem_pestat] mean and std.dev: (262.64, 290.42)
[M::mem_pestat] low and high boundaries for proper pairs: (1, 2516)
[M::mem_pestat] analyzing insert size distribution for orientation RR...
[M::mem_pestat] (25, 50, 75) percentile: (98, 130, 215)
[M::mem_pestat] low and high boundaries for computing mean and std.dev: (1, 449)
[M::mem_pestat] mean and std.dev: (149.71, 79.86)
[M::mem_pestat] low and high boundaries for proper pairs: (1, 566)
[M::mem_pestat] skip orientation FF
[M::mem_pestat] skip orientation RF
[M::mem_pestat] skip orientation RR
[M::mem_process_seqs] Processed 1733086 reads in 1741.669 CPU sec, 74.723 real sec
[M::process] read 1730086 sequences (240000132 bp)...
[M::mem_pestat] # candidate unique pairs for (FF, FR, RF, RR): (709, 582682, 48, 708)
[M::mem_pestat] analyzing insert size distribution for orientation FF...
[M::mem_pestat] (25, 50, 75) percentile: (95, 140, 245)
[M::mem_pestat] low and high boundaries for computing mean and std.dev: (1, 545)
[M::mem_pestat] mean and std.dev: (164.21, 101.61)
[M::mem_pestat] low and high boundaries for proper pairs: (1, 695)
[M::mem_pestat] analyzing insert size distribution for orientation FR...
[M::mem_pestat] (25, 50, 75) percentile: (130, 157, 188)
[M::mem_pestat] low and high boundaries for computing mean and std.dev: (14, 304)
[M::mem_pestat] mean and std.dev: (160.24, 43.32)
[M::mem_pestat] low and high boundaries for proper pairs: (1, 362)
[M::mem_pestat] analyzing insert size distribution for orientation RF...
[M::mem_pestat] (25, 50, 75) percentile: (100, 246, 441)
[M::mem_pestat] low and high boundaries for computing mean and std.dev: (1, 1123)
[M::mem_pestat] mean and std.dev: (257.81, 248.05)
[M::mem_pestat] low and high boundaries for proper pairs: (1, 1464)
[M::mem_pestat] analyzing insert size distribution for orientation RR...
[M::mem_pestat] (25, 50, 75) percentile: (96, 130, 233)
[M::mem_pestat] low and high boundaries for computing mean and std.dev: (1, 507)
[M::mem_pestat] mean and std.dev: (154.62, 95.79)
[M::mem_pestat] low and high boundaries for proper pairs: (1, 644)
[M::mem_pestat] skip orientation FF
[M::mem_pestat] skip orientation RF
[M::mem_pestat] skip orientation RR
[M::mem_process_seqs] Processed 1730224 reads in 1749.208 CPU sec, 75.519 real sec
[M::process] read 1727854 sequences (240000128 bp)...
[M::mem_pestat] # candidate unique pairs for (FF, FR, RF, RR): (679, 583355, 47, 670)
[M::mem_pestat] analyzing insert size distribution for orientation FF...
[M::mem_pestat] (25, 50, 75) percentile: (92, 125, 211)
[M::mem_pestat] low and high boundaries for computing mean and std.dev: (1, 449)
[M::mem_pestat] mean and std.dev: (141.34, 79.76)
[M::mem_pestat] low and high boundaries for proper pairs: (1, 568)
[M::mem_pestat] analyzing insert size distribution for orientation FR...
[M::mem_pestat] (25, 50, 75) percentile: (130, 157, 188)
[M::mem_pestat] low and high boundaries for computing mean and std.dev: (14, 304)
[M::mem_pestat] mean and std.dev: (160.33, 43.38)
[M::mem_pestat] low and high boundaries for proper pairs: (1, 362)
[M::mem_pestat] analyzing insert size distribution for orientation RF...
[M::mem_pestat] (25, 50, 75) percentile: (101, 233, 864)
[M::mem_pestat] low and high boundaries for computing mean and std.dev: (1, 2390)
[M::mem_pestat] mean and std.dev: (293.50, 318.15)
[M::mem_pestat] low and high boundaries for proper pairs: (1, 3153)
[M::mem_pestat] analyzing insert size distribution for orientation RR...
[M::mem_pestat] (25, 50, 75) percentile: (97, 135, 227)
[M::mem_pestat] low and high boundaries for computing mean and std.dev: (1, 487)
[M::mem_pestat] mean and std.dev: (158.19, 91.78)
[M::mem_pestat] low and high boundaries for proper pairs: (1, 617)
[M::mem_pestat] skip orientation FF
[M::mem_pestat] skip orientation RF
[M::mem_pestat] skip orientation RR
[M::mem_process_seqs] Processed 1730086 reads in 1753.289 CPU sec, 75.718 real sec
[M::process] read 1725222 sequences (240000019 bp)...
[M::mem_pestat] # candidate unique pairs for (FF, FR, RF, RR): (679, 582059, 41, 665)
[M::mem_pestat] analyzing insert size distribution for orientation FF...
[M::mem_pestat] (25, 50, 75) percentile: (93, 135, 238)
[M::mem_pestat] low and high boundaries for computing mean and std.dev: (1, 528)
[M::mem_pestat] mean and std.dev: (158.13, 97.17)
[M::mem_pestat] low and high boundaries for proper pairs: (1, 673)
[M::mem_pestat] analyzing insert size distribution for orientation FR...
[M::mem_pestat] (25, 50, 75) percentile: (130, 158, 189)
[M::mem_pestat] low and high boundaries for computing mean and std.dev: (12, 307)
[M::mem_pestat] mean and std.dev: (160.75, 43.46)
[M::mem_pestat] low and high boundaries for proper pairs: (1, 366)
[M::mem_pestat] analyzing insert size distribution for orientation RF...
[M::mem_pestat] (25, 50, 75) percentile: (92, 163, 785)
[M::mem_pestat] low and high boundaries for computing mean and std.dev: (1, 2171)
[M::mem_pestat] mean and std.dev: (339.76, 412.14)
[M::mem_pestat] low and high boundaries for proper pairs: (1, 2864)
[M::mem_pestat] analyzing insert size distribution for orientation RR...
[M::mem_pestat] (25, 50, 75) percentile: (93, 128, 221)
[M::mem_pestat] low and high boundaries for computing mean and std.dev: (1, 477)
[M::mem_pestat] mean and std.dev: (148.96, 89.12)
[M::mem_pestat] low and high boundaries for proper pairs: (1, 605)
[M::mem_pestat] skip orientation FF
[M::mem_pestat] skip orientation RF
[M::mem_pestat] skip orientation RR
[M::mem_process_seqs] Processed 1727854 reads in 1753.853 CPU sec, 75.554 real sec
[M::process] read 1726846 sequences (240000092 bp)...
[M::mem_pestat] # candidate unique pairs for (FF, FR, RF, RR): (666, 581446, 54, 719)
[M::mem_pestat] analyzing insert size distribution for orientation FF...
[M::mem_pestat] (25, 50, 75) percentile: (93, 128, 218)
[M::mem_pestat] low and high boundaries for computing mean and std.dev: (1, 468)
[M::mem_pestat] mean and std.dev: (143.62, 78.55)
[M::mem_pestat] low and high boundaries for proper pairs: (1, 593)
[M::mem_pestat] analyzing insert size distribution for orientation FR...
[M::mem_pestat] (25, 50, 75) percentile: (130, 158, 189)
[M::mem_pestat] low and high boundaries for computing mean and std.dev: (12, 307)
[M::mem_pestat] mean and std.dev: (160.86, 43.25)
[M::mem_pestat] low and high boundaries for proper pairs: (1, 366)
[M::mem_pestat] analyzing insert size distribution for orientation RF...
[M::mem_pestat] (25, 50, 75) percentile: (58, 145, 671)
[M::mem_pestat] low and high boundaries for computing mean and std.dev: (1, 1897)
[M::mem_pestat] mean and std.dev: (301.08, 409.86)
[M::mem_pestat] low and high boundaries for proper pairs: (1, 2510)
[M::mem_pestat] analyzing insert size distribution for orientation RR...
[M::mem_pestat] (25, 50, 75) percentile: (96, 136, 238)
[M::mem_pestat] low and high boundaries for computing mean and std.dev: (1, 522)
[M::mem_pestat] mean and std.dev: (160.98, 100.14)
[M::mem_pestat] low and high boundaries for proper pairs: (1, 664)
[M::mem_pestat] skip orientation FF
[M::mem_pestat] skip orientation RF
[M::mem_pestat] skip orientation RR
[M::mem_process_seqs] Processed 1725222 reads in 1751.625 CPU sec, 75.655 real sec
[M::process] read 1723102 sequences (240000219 bp)...
[M::mem_pestat] # candidate unique pairs for (FF, FR, RF, RR): (689, 581307, 62, 713)
[M::mem_pestat] analyzing insert size distribution for orientation FF...
[M::mem_pestat] (25, 50, 75) percentile: (96, 129, 230)
[M::mem_pestat] low and high boundaries for computing mean and std.dev: (1, 498)
[M::mem_pestat] mean and std.dev: (153.28, 93.39)
[M::mem_pestat] low and high boundaries for proper pairs: (1, 632)
[M::mem_pestat] analyzing insert size distribution for orientation FR...
[M::mem_pestat] (25, 50, 75) percentile: (130, 158, 189)
[M::mem_pestat] low and high boundaries for computing mean and std.dev: (12, 307)
[M::mem_pestat] mean and std.dev: (161.11, 43.34)
[M::mem_pestat] low and high boundaries for proper pairs: (1, 366)
[M::mem_pestat] analyzing insert size distribution for orientation RF...
[M::mem_pestat] (25, 50, 75) percentile: (57, 106, 472)
[M::mem_pestat] low and high boundaries for computing mean and std.dev: (1, 1302)
[M::mem_pestat] mean and std.dev: (118.75, 125.47)
[M::mem_pestat] low and high boundaries for proper pairs: (1, 1717)
[M::mem_pestat] analyzing insert size distribution for orientation RR...
[M::mem_pestat] (25, 50, 75) percentile: (100, 135, 232)
[M::mem_pestat] low and high boundaries for computing mean and std.dev: (1, 496)
[M::mem_pestat] mean and std.dev: (160.59, 92.89)
[M::mem_pestat] low and high boundaries for proper pairs: (1, 628)
[M::mem_pestat] skip orientation FF
[M::mem_pestat] skip orientation RF
[M::mem_pestat] skip orientation RR
[M::mem_process_seqs] Processed 1726846 reads in 1758.317 CPU sec, 75.848 real sec
[M::mem_pestat] # candidate unique pairs for (FF, FR, RF, RR): (635, 581513, 53, 682)
[M::mem_pestat] analyzing insert size distribution for orientation FF...
[M::mem_pestat] (25, 50, 75) percentile: (97, 142, 253)
[M::mem_pestat] low and high boundaries for computing mean and std.dev: (1, 565)
[M::mem_pestat] mean and std.dev: (167.96, 103.12)
[M::mem_pestat] low and high boundaries for proper pairs: (1, 721)
[M::mem_pestat] analyzing insert size distribution for orientation FR...
[M::mem_pestat] (25, 50, 75) percentile: (130, 158, 189)
[M::mem_pestat] low and high boundaries for computing mean and std.dev: (12, 307)
[M::mem_pestat] mean and std.dev: (161.02, 43.22)
[M::mem_pestat] low and high boundaries for proper pairs: (1, 366)
[M::mem_pestat] analyzing insert size distribution for orientation RF...
[M::mem_pestat] (25, 50, 75) percentile: (82, 144, 459)
[M::mem_pestat] low and high boundaries for computing mean and std.dev: (1, 1213)
[M::mem_pestat] mean and std.dev: (209.85, 216.06)
[M::mem_pestat] low and high boundaries for proper pairs: (1, 1590)
[M::mem_pestat] analyzing insert size distribution for orientation RR...
[M::mem_pestat] (25, 50, 75) percentile: (96, 128, 215)
[M::mem_pestat] low and high boundaries for computing mean and std.dev: (1, 453)
[M::mem_pestat] mean and std.dev: (150.64, 85.91)
[M::mem_pestat] low and high boundaries for proper pairs: (1, 572)
[M::mem_pestat] skip orientation FF
[M::mem_pestat] skip orientation RF
[M::mem_pestat] skip orientation RR
[M::process] read 1722108 sequences (240000143 bp)...
[M::mem_process_seqs] Processed 1723102 reads in 1750.083 CPU sec, 75.388 real sec
[M::process] read 1720174 sequences (240000189 bp)...
[M::mem_pestat] # candidate unique pairs for (FF, FR, RF, RR): (708, 580980, 57, 670)
[M::mem_pestat] analyzing insert size distribution for orientation FF...
[M::mem_pestat] (25, 50, 75) percentile: (95, 139, 272)
[M::mem_pestat] low and high boundaries for computing mean and std.dev: (1, 626)
[M::mem_pestat] mean and std.dev: (177.94, 122.15)
[M::mem_pestat] low and high boundaries for proper pairs: (1, 803)
[M::mem_pestat] analyzing insert size distribution for orientation FR...
[M::mem_pestat] (25, 50, 75) percentile: (130, 158, 189)
[M::mem_pestat] low and high boundaries for computing mean and std.dev: (12, 307)
[M::mem_pestat] mean and std.dev: (160.93, 43.00)
[M::mem_pestat] low and high boundaries for proper pairs: (1, 366)
[M::mem_pestat] analyzing insert size distribution for orientation RF...
[M::mem_pestat] (25, 50, 75) percentile: (41, 144, 337)
[M::mem_pestat] low and high boundaries for computing mean and std.dev: (1, 929)
[M::mem_pestat] mean and std.dev: (164.18, 161.68)
[M::mem_pestat] low and high boundaries for proper pairs: (1, 1225)
[M::mem_pestat] analyzing insert size distribution for orientation RR...
[M::mem_pestat] (25, 50, 75) percentile: (92, 129, 234)
[M::mem_pestat] low and high boundaries for computing mean and std.dev: (1, 518)
[M::mem_pestat] mean and std.dev: (155.19, 95.02)
[M::mem_pestat] low and high boundaries for proper pairs: (1, 660)
[M::mem_pestat] skip orientation FF
[M::mem_pestat] skip orientation RF
[M::mem_pestat] skip orientation RR
[M::mem_process_seqs] Processed 1722108 reads in 1750.457 CPU sec, 75.112 real sec
[M::process] read 1718318 sequences (240000162 bp)...
[M::mem_pestat] # candidate unique pairs for (FF, FR, RF, RR): (644, 581513, 47, 693)
[M::mem_pestat] analyzing insert size distribution for orientation FF...
[M::mem_pestat] (25, 50, 75) percentile: (92, 135, 247)
[M::mem_pestat] low and high boundaries for computing mean and std.dev: (1, 557)
[M::mem_pestat] mean and std.dev: (165.20, 107.82)
[M::mem_pestat] low and high boundaries for proper pairs: (1, 712)
[M::mem_pestat] analyzing insert size distribution for orientation FR...
[M::mem_pestat] (25, 50, 75) percentile: (130, 158, 189)
[M::mem_pestat] low and high boundaries for computing mean and std.dev: (12, 307)
[M::mem_pestat] mean and std.dev: (161.20, 43.08)
[M::mem_pestat] low and high boundaries for proper pairs: (1, 366)
[M::mem_pestat] analyzing insert size distribution for orientation RF...
[M::mem_pestat] (25, 50, 75) percentile: (127, 240, 1602)
[M::mem_pestat] low and high boundaries for computing mean and std.dev: (1, 4552)
[M::mem_pestat] mean and std.dev: (813.33, 1115.98)
[M::mem_pestat] low and high boundaries for proper pairs: (1, 6027)
[M::mem_pestat] analyzing insert size distribution for orientation RR...
[M::mem_pestat] (25, 50, 75) percentile: (93, 127, 229)
[M::mem_pestat] low and high boundaries for computing mean and std.dev: (1, 501)
[M::mem_pestat] mean and std.dev: (151.88, 89.65)
[M::mem_pestat] low and high boundaries for proper pairs: (1, 637)
[M::mem_pestat] skip orientation FF
[M::mem_pestat] skip orientation RF
[M::mem_pestat] skip orientation RR
[M::mem_process_seqs] Processed 1720174 reads in 1755.408 CPU sec, 75.722 real sec
[M::process] read 1727180 sequences (240000037 bp)...
[M::mem_pestat] # candidate unique pairs for (FF, FR, RF, RR): (649, 579954, 54, 660)
[M::mem_pestat] analyzing insert size distribution for orientation FF...
[M::mem_pestat] (25, 50, 75) percentile: (97, 132, 238)
[M::mem_pestat] low and high boundaries for computing mean and std.dev: (1, 520)
[M::mem_pestat] mean and std.dev: (160.45, 104.01)
[M::mem_pestat] low and high boundaries for proper pairs: (1, 661)
[M::mem_pestat] analyzing insert size distribution for orientation FR...
[M::mem_pestat] (25, 50, 75) percentile: (131, 158, 190)
[M::mem_pestat] low and high boundaries for computing mean and std.dev: (13, 308)
[M::mem_pestat] mean and std.dev: (161.61, 43.23)
[M::mem_pestat] low and high boundaries for proper pairs: (1, 367)
[M::mem_pestat] analyzing insert size distribution for orientation RF...
[M::mem_pestat] (25, 50, 75) percentile: (58, 180, 369)
[M::mem_pestat] low and high boundaries for computing mean and std.dev: (1, 991)
[M::mem_pestat] mean and std.dev: (203.93, 205.91)
[M::mem_pestat] low and high boundaries for proper pairs: (1, 1302)
[M::mem_pestat] analyzing insert size distribution for orientation RR...
[M::mem_pestat] (25, 50, 75) percentile: (99, 139, 251)
[M::mem_pestat] low and high boundaries for computing mean and std.dev: (1, 555)
[M::mem_pestat] mean and std.dev: (168.96, 104.19)
[M::mem_pestat] low and high boundaries for proper pairs: (1, 707)
[M::mem_pestat] skip orientation FF
[M::mem_pestat] skip orientation RF
[M::mem_pestat] skip orientation RR
[M::mem_process_seqs] Processed 1718318 reads in 1756.141 CPU sec, 75.736 real sec
[M::process] read 1730254 sequences (240000030 bp)...
[M::mem_pestat] # candidate unique pairs for (FF, FR, RF, RR): (687, 581662, 43, 699)
[M::mem_pestat] analyzing insert size distribution for orientation FF...
[M::mem_pestat] (25, 50, 75) percentile: (92, 125, 219)
[M::mem_pestat] low and high boundaries for computing mean and std.dev: (1, 473)
[M::mem_pestat] mean and std.dev: (147.77, 89.42)
[M::mem_pestat] low and high boundaries for proper pairs: (1, 600)
[M::mem_pestat] analyzing insert size distribution for orientation FR...
[M::mem_pestat] (25, 50, 75) percentile: (130, 158, 189)
[M::mem_pestat] low and high boundaries for computing mean and std.dev: (12, 307)
[M::mem_pestat] mean and std.dev: (160.72, 43.42)
[M::mem_pestat] low and high boundaries for proper pairs: (1, 366)
[M::mem_pestat] analyzing insert size distribution for orientation RF...
[M::mem_pestat] (25, 50, 75) percentile: (94, 363, 913)
[M::mem_pestat] low and high boundaries for computing mean and std.dev: (1, 2551)
[M::mem_pestat] mean and std.dev: (406.11, 421.21)
[M::mem_pestat] low and high boundaries for proper pairs: (1, 3370)
[M::mem_pestat] analyzing insert size distribution for orientation RR...
[M::mem_pestat] (25, 50, 75) percentile: (95, 133, 237)
[M::mem_pestat] low and high boundaries for computing mean and std.dev: (1, 521)
[M::mem_pestat] mean and std.dev: (161.02, 101.19)
[M::mem_pestat] low and high boundaries for proper pairs: (1, 663)
[M::mem_pestat] skip orientation FF
[M::mem_pestat] skip orientation RF
[M::mem_pestat] skip orientation RR
[M::mem_process_seqs] Processed 1727180 reads in 1764.187 CPU sec, 76.020 real sec
[M::process] read 1727310 sequences (240000164 bp)...
[M::mem_pestat] # candidate unique pairs for (FF, FR, RF, RR): (713, 582763, 45, 690)
[M::mem_pestat] analyzing insert size distribution for orientation FF...
[M::mem_pestat] (25, 50, 75) percentile: (97, 130, 224)
[M::mem_pestat] low and high boundaries for computing mean and std.dev: (1, 478)
[M::mem_pestat] mean and std.dev: (154.12, 89.31)
[M::mem_pestat] low and high boundaries for proper pairs: (1, 605)
[M::mem_pestat] analyzing insert size distribution for orientation FR...
[M::mem_pestat] (25, 50, 75) percentile: (130, 157, 189)
[M::mem_pestat] low and high boundaries for computing mean and std.dev: (12, 307)
[M::mem_pestat] mean and std.dev: (160.42, 43.49)
[M::mem_pestat] low and high boundaries for proper pairs: (1, 366)
[M::mem_pestat] analyzing insert size distribution for orientation RF...
[M::mem_pestat] (25, 50, 75) percentile: (129, 436, 1055)
[M::mem_pestat] low and high boundaries for computing mean and std.dev: (1, 2907)
[M::mem_pestat] mean and std.dev: (545.36, 580.34)
[M::mem_pestat] low and high boundaries for proper pairs: (1, 3833)
[M::mem_pestat] analyzing insert size distribution for orientation RR...
[M::mem_pestat] (25, 50, 75) percentile: (94, 135, 252)
[M::mem_pestat] low and high boundaries for computing mean and std.dev: (1, 568)
[M::mem_pestat] mean and std.dev: (165.09, 106.25)
[M::mem_pestat] low and high boundaries for proper pairs: (1, 726)
[M::mem_pestat] skip orientation FF
[M::mem_pestat] skip orientation RF
[M::mem_pestat] skip orientation RR
[M::mem_process_seqs] Processed 1730254 reads in 1761.454 CPU sec, 75.982 real sec
[M::process] read 1726720 sequences (240000057 bp)...
[M::mem_pestat] # candidate unique pairs for (FF, FR, RF, RR): (646, 581220, 55, 689)
[M::mem_pestat] analyzing insert size distribution for orientation FF...
[M::mem_pestat] (25, 50, 75) percentile: (97, 135, 228)
[M::mem_pestat] low and high boundaries for computing mean and std.dev: (1, 490)
[M::mem_pestat] mean and std.dev: (155.90, 90.98)
[M::mem_pestat] low and high boundaries for proper pairs: (1, 621)
[M::mem_pestat] analyzing insert size distribution for orientation FR...
[M::mem_pestat] (25, 50, 75) percentile: (130, 157, 189)
[M::mem_pestat] low and high boundaries for computing mean and std.dev: (12, 307)
[M::mem_pestat] mean and std.dev: (160.61, 43.35)
[M::mem_pestat] low and high boundaries for proper pairs: (1, 366)
[M::mem_pestat] analyzing insert size distribution for orientation RF...
[M::mem_pestat] (25, 50, 75) percentile: (45, 185, 908)
[M::mem_pestat] low and high boundaries for computing mean and std.dev: (1, 2634)
[M::mem_pestat] mean and std.dev: (449.20, 594.20)
[M::mem_pestat] low and high boundaries for proper pairs: (1, 3497)
[M::mem_pestat] analyzing insert size distribution for orientation RR...
[M::mem_pestat] (25, 50, 75) percentile: (95, 132, 217)
[M::mem_pestat] low and high boundaries for computing mean and std.dev: (1, 461)
[M::mem_pestat] mean and std.dev: (150.45, 85.62)
[M::mem_pestat] low and high boundaries for proper pairs: (1, 583)
[M::mem_pestat] skip orientation FF
[M::mem_pestat] skip orientation RF
[M::mem_pestat] skip orientation RR
[M::mem_process_seqs] Processed 1727310 reads in 1756.948 CPU sec, 75.823 real sec
[M::process] read 1727322 sequences (240000030 bp)...
[M::mem_pestat] # candidate unique pairs for (FF, FR, RF, RR): (700, 580876, 51, 676)
[M::mem_pestat] analyzing insert size distribution for orientation FF...
[M::mem_pestat] (25, 50, 75) percentile: (97, 134, 236)
[M::mem_pestat] low and high boundaries for computing mean and std.dev: (1, 514)
[M::mem_pestat] mean and std.dev: (156.66, 94.54)
[M::mem_pestat] low and high boundaries for proper pairs: (1, 653)
[M::mem_pestat] analyzing insert size distribution for orientation FR...
[M::mem_pestat] (25, 50, 75) percentile: (130, 158, 189)
[M::mem_pestat] low and high boundaries for computing mean and std.dev: (12, 307)
[M::mem_pestat] mean and std.dev: (160.70, 43.49)
[M::mem_pestat] low and high boundaries for proper pairs: (1, 366)
[M::mem_pestat] analyzing insert size distribution for orientation RF...
[M::mem_pestat] (25, 50, 75) percentile: (116, 298, 1166)
[M::mem_pestat] low and high boundaries for computing mean and std.dev: (1, 3266)
[M::mem_pestat] mean and std.dev: (520.77, 672.45)
[M::mem_pestat] low and high boundaries for proper pairs: (1, 4316)
[M::mem_pestat] analyzing insert size distribution for orientation RR...
[M::mem_pestat] (25, 50, 75) percentile: (90, 131, 230)
[M::mem_pestat] low and high boundaries for computing mean and std.dev: (1, 510)
[M::mem_pestat] mean and std.dev: (154.46, 97.30)
[M::mem_pestat] low and high boundaries for proper pairs: (1, 650)
[M::mem_pestat] skip orientation FF
[M::mem_pestat] skip orientation RF
[M::mem_pestat] skip orientation RR
[M::mem_process_seqs] Processed 1726720 reads in 1757.773 CPU sec, 75.838 real sec
[M::process] read 1724196 sequences (240000089 bp)...
[M::mem_pestat] # candidate unique pairs for (FF, FR, RF, RR): (694, 582164, 52, 710)
[M::mem_pestat] analyzing insert size distribution for orientation FF...
[M::mem_pestat] (25, 50, 75) percentile: (95, 126, 223)
[M::mem_pestat] low and high boundaries for computing mean and std.dev: (1, 479)
[M::mem_pestat] mean and std.dev: (149.18, 84.25)
[M::mem_pestat] low and high boundaries for proper pairs: (1, 607)
[M::mem_pestat] analyzing insert size distribution for orientation FR...
[M::mem_pestat] (25, 50, 75) percentile: (130, 158, 189)
[M::mem_pestat] low and high boundaries for computing mean and std.dev: (12, 307)
[M::mem_pestat] mean and std.dev: (160.75, 43.53)
[M::mem_pestat] low and high boundaries for proper pairs: (1, 366)
[M::mem_pestat] analyzing insert size distribution for orientation RF...
[M::mem_pestat] (25, 50, 75) percentile: (116, 282, 1575)
[M::mem_pestat] low and high boundaries for computing mean and std.dev: (1, 4493)
[M::mem_pestat] mean and std.dev: (656.62, 972.55)
[M::mem_pestat] low and high boundaries for proper pairs: (1, 5952)
[M::mem_pestat] analyzing insert size distribution for orientation RR...
[M::mem_pestat] (25, 50, 75) percentile: (90, 124, 231)
[M::mem_pestat] low and high boundaries for computing mean and std.dev: (1, 513)
[M::mem_pestat] mean and std.dev: (150.13, 94.75)
[M::mem_pestat] low and high boundaries for proper pairs: (1, 654)
[M::mem_pestat] skip orientation FF
[M::mem_pestat] skip orientation RF
[M::mem_pestat] skip orientation RR
[M::mem_process_seqs] Processed 1727322 reads in 1756.392 CPU sec, 75.277 real sec
[M::mem_pestat] # candidate unique pairs for (FF, FR, RF, RR): (662, 582494, 58, 689)
[M::mem_pestat] analyzing insert size distribution for orientation FF...
[M::mem_pestat] (25, 50, 75) percentile: (91, 129, 226)
[M::mem_pestat] low and high boundaries for computing mean and std.dev: (1, 496)
[M::mem_pestat] mean and std.dev: (154.62, 91.89)
[M::mem_pestat] low and high boundaries for proper pairs: (1, 631)
[M::mem_pestat] analyzing insert size distribution for orientation FR...
[M::mem_pestat] (25, 50, 75) percentile: (130, 158, 189)
[M::mem_pestat] low and high boundaries for computing mean and std.dev: (12, 307)
[M::mem_pestat] mean and std.dev: (160.97, 43.37)
[M::mem_pestat] low and high boundaries for proper pairs: (1, 366)
[M::mem_pestat] analyzing insert size distribution for orientation RF...
[M::mem_pestat] (25, 50, 75) percentile: (80, 272, 452)
[M::mem_pestat] low and high boundaries for computing mean and std.dev: (1, 1196)
[M::mem_pestat] mean and std.dev: (284.76, 282.26)
[M::mem_pestat] low and high boundaries for proper pairs: (1, 1568)
[M::mem_pestat] analyzing insert size distribution for orientation RR...
[M::mem_pestat] (25, 50, 75) percentile: (96, 136, 246)
[M::mem_pestat] low and high boundaries for computing mean and std.dev: (1, 546)
[M::mem_pestat] mean and std.dev: (158.99, 98.11)
[M::mem_pestat] low and high boundaries for proper pairs: (1, 696)
[M::mem_pestat] skip orientation FF
[M::mem_pestat] skip orientation RF
[M::mem_pestat] skip orientation RR
[M::process] read 1722806 sequences (240000043 bp)...
[M::mem_process_seqs] Processed 1724196 reads in 1748.280 CPU sec, 75.390 real sec
[M::process] read 1721216 sequences (240000254 bp)...
[M::mem_pestat] # candidate unique pairs for (FF, FR, RF, RR): (681, 581853, 35, 685)
[M::mem_pestat] analyzing insert size distribution for orientation FF...
[M::mem_pestat] (25, 50, 75) percentile: (97, 131, 238)
[M::mem_pestat] low and high boundaries for computing mean and std.dev: (1, 520)
[M::mem_pestat] mean and std.dev: (162.17, 99.82)
[M::mem_pestat] low and high boundaries for proper pairs: (1, 661)
[M::mem_pestat] analyzing insert size distribution for orientation FR...
[M::mem_pestat] (25, 50, 75) percentile: (130, 158, 189)
[M::mem_pestat] low and high boundaries for computing mean and std.dev: (12, 307)
[M::mem_pestat] mean and std.dev: (161.13, 43.36)
[M::mem_pestat] low and high boundaries for proper pairs: (1, 366)
[M::mem_pestat] analyzing insert size distribution for orientation RF...
[M::mem_pestat] (25, 50, 75) percentile: (75, 152, 837)
[M::mem_pestat] low and high boundaries for computing mean and std.dev: (1, 2361)
[M::mem_pestat] mean and std.dev: (329.66, 468.69)
[M::mem_pestat] low and high boundaries for proper pairs: (1, 3123)
[M::mem_pestat] analyzing insert size distribution for orientation RR...
[M::mem_pestat] (25, 50, 75) percentile: (92, 129, 224)
[M::mem_pestat] low and high boundaries for computing mean and std.dev: (1, 488)
[M::mem_pestat] mean and std.dev: (157.30, 98.36)
[M::mem_pestat] low and high boundaries for proper pairs: (1, 620)
[M::mem_pestat] skip orientation FF
[M::mem_pestat] skip orientation RF
[M::mem_pestat] skip orientation RR
[M::mem_process_seqs] Processed 1722806 reads in 1748.728 CPU sec, 75.359 real sec
[M::process] read 1719920 sequences (240000169 bp)...
[M::mem_pestat] # candidate unique pairs for (FF, FR, RF, RR): (683, 580778, 55, 653)
[M::mem_pestat] analyzing insert size distribution for orientation FF...
[M::mem_pestat] (25, 50, 75) percentile: (95, 131, 215)
[M::mem_pestat] low and high boundaries for computing mean and std.dev: (1, 455)
[M::mem_pestat] mean and std.dev: (147.73, 80.63)
[M::mem_pestat] low and high boundaries for proper pairs: (1, 575)
[M::mem_pestat] analyzing insert size distribution for orientation FR...
[M::mem_pestat] (25, 50, 75) percentile: (131, 158, 189)
[M::mem_pestat] low and high boundaries for computing mean and std.dev: (15, 305)
[M::mem_pestat] mean and std.dev: (161.25, 43.21)
[M::mem_pestat] low and high boundaries for proper pairs: (1, 363)
[M::mem_pestat] analyzing insert size distribution for orientation RF...
[M::mem_pestat] (25, 50, 75) percentile: (87, 179, 767)
[M::mem_pestat] low and high boundaries for computing mean and std.dev: (1, 2127)
[M::mem_pestat] mean and std.dev: (378.60, 434.35)
[M::mem_pestat] low and high boundaries for proper pairs: (1, 2807)
[M::mem_pestat] analyzing insert size distribution for orientation RR...
[M::mem_pestat] (25, 50, 75) percentile: (92, 128, 224)
[M::mem_pestat] low and high boundaries for computing mean and std.dev: (1, 488)
[M::mem_pestat] mean and std.dev: (154.55, 94.89)
[M::mem_pestat] low and high boundaries for proper pairs: (1, 620)
[M::mem_pestat] skip orientation FF
[M::mem_pestat] skip orientation RF
[M::mem_pestat] skip orientation RR
[M::mem_process_seqs] Processed 1721216 reads in 1759.993 CPU sec, 76.021 real sec
[M::process] read 1719162 sequences (240000203 bp)...
[M::mem_pestat] # candidate unique pairs for (FF, FR, RF, RR): (648, 579658, 39, 672)
[M::mem_pestat] analyzing insert size distribution for orientation FF...
[M::mem_pestat] (25, 50, 75) percentile: (95, 134, 245)
[M::mem_pestat] low and high boundaries for computing mean and std.dev: (1, 545)
[M::mem_pestat] mean and std.dev: (156.99, 99.33)
[M::mem_pestat] low and high boundaries for proper pairs: (1, 695)
[M::mem_pestat] analyzing insert size distribution for orientation FR...
[M::mem_pestat] (25, 50, 75) percentile: (131, 158, 189)
[M::mem_pestat] low and high boundaries for computing mean and std.dev: (15, 305)
[M::mem_pestat] mean and std.dev: (161.17, 43.04)
[M::mem_pestat] low and high boundaries for proper pairs: (1, 363)
[M::mem_pestat] analyzing insert size distribution for orientation RF...
[M::mem_pestat] (25, 50, 75) percentile: (148, 291, 1113)
[M::mem_pestat] low and high boundaries for computing mean and std.dev: (1, 3043)
[M::mem_pestat] mean and std.dev: (615.63, 799.91)
[M::mem_pestat] low and high boundaries for proper pairs: (1, 4008)
[M::mem_pestat] analyzing insert size distribution for orientation RR...
[M::mem_pestat] (25, 50, 75) percentile: (95, 131, 227)
[M::mem_pestat] low and high boundaries for computing mean and std.dev: (1, 491)
[M::mem_pestat] mean and std.dev: (154.29, 89.56)
[M::mem_pestat] low and high boundaries for proper pairs: (1, 623)
[M::mem_pestat] skip orientation FF
[M::mem_pestat] skip orientation RF
[M::mem_pestat] skip orientation RR
[M::mem_process_seqs] Processed 1719920 reads in 1762.390 CPU sec, 75.983 real sec
