[M::bwa_idx_load_from_disk] read 0 ALT contigs
[M::process] read 1747298 sequences (240000185 bp)...
[M::process] read 1743842 sequences (240000156 bp)...
[M::mem_pestat] # candidate unique pairs for (FF, FR, RF, RR): (692, 587608, 47, 680)
[M::mem_pestat] analyzing insert size distribution for orientation FF...
[M::mem_pestat] (25, 50, 75) percentile: (96, 133, 238)
[M::mem_pestat] low and high boundaries for computing mean and std.dev: (1, 522)
[M::mem_pestat] mean and std.dev: (162.35, 99.97)
[M::mem_pestat] low and high boundaries for proper pairs: (1, 664)
[M::mem_pestat] analyzing insert size distribution for orientation FR...
[M::mem_pestat] (25, 50, 75) percentile: (128, 154, 183)
[M::mem_pestat] low and high boundaries for computing mean and std.dev: (18, 293)
[M::mem_pestat] mean and std.dev: (156.28, 42.44)
[M::mem_pestat] low and high boundaries for proper pairs: (1, 348)
[M::mem_pestat] analyzing insert size distribution for orientation RF...
[M::mem_pestat] (25, 50, 75) percentile: (129, 358, 777)
[M::mem_pestat] low and high boundaries for computing mean and std.dev: (1, 2073)
[M::mem_pestat] mean and std.dev: (407.48, 402.46)
[M::mem_pestat] low and high boundaries for proper pairs: (1, 2721)
[M::mem_pestat] analyzing insert size distribution for orientation RR...
[M::mem_pestat] (25, 50, 75) percentile: (93, 136, 238)
[M::mem_pestat] low and high boundaries for computing mean and std.dev: (1, 528)
[M::mem_pestat] mean and std.dev: (163.00, 106.75)
[M::mem_pestat] low and high boundaries for proper pairs: (1, 673)
[M::mem_pestat] skip orientation FF
[M::mem_pestat] skip orientation RF
[M::mem_pestat] skip orientation RR
[M::mem_process_seqs] Processed 1747298 reads in 1702.222 CPU sec, 72.113 real sec
[M::process] read 1739882 sequences (240000080 bp)...
[M::mem_pestat] # candidate unique pairs for (FF, FR, RF, RR): (633, 585531, 46, 708)
[M::mem_pestat] analyzing insert size distribution for orientation FF...
[M::mem_pestat] (25, 50, 75) percentile: (93, 134, 261)
[M::mem_pestat] low and high boundaries for computing mean and std.dev: (1, 597)
[M::mem_pestat] mean and std.dev: (171.55, 118.45)
[M::mem_pestat] low and high boundaries for proper pairs: (1, 765)
[M::mem_pestat] analyzing insert size distribution for orientation FR...
[M::mem_pestat] (25, 50, 75) percentile: (128, 155, 184)
[M::mem_pestat] low and high boundaries for computing mean and std.dev: (16, 296)
[M::mem_pestat] mean and std.dev: (156.61, 42.38)
[M::mem_pestat] low and high boundaries for proper pairs: (1, 352)
[M::mem_pestat] analyzing insert size distribution for orientation RF...
[M::mem_pestat] (25, 50, 75) percentile: (33, 139, 343)
[M::mem_pestat] low and high boundaries for computing mean and std.dev: (1, 963)
[M::mem_pestat] mean and std.dev: (160.32, 171.09)
[M::mem_pestat] low and high boundaries for proper pairs: (1, 1273)
[M::mem_pestat] analyzing insert size distribution for orientation RR...
[M::mem_pestat] (25, 50, 75) percentile: (93, 140, 260)
[M::mem_pestat] low and high boundaries for computing mean and std.dev: (1, 594)
[M::mem_pestat] mean and std.dev: (168.97, 108.67)
[M::mem_pestat] low and high boundaries for proper pairs: (1, 761)
[M::mem_pestat] skip orientation FF
[M::mem_pestat] skip orientation RF
[M::mem_pestat] skip orientation RR
[M::mem_process_seqs] Processed 1743842 reads in 1743.771 CPU sec, 74.772 real sec
[M::process] read 1742364 sequences (240000201 bp)...
[M::mem_pestat] # candidate unique pairs for (FF, FR, RF, RR): (655, 584778, 40, 621)
[M::mem_pestat] analyzing insert size distribution for orientation FF...
[M::mem_pestat] (25, 50, 75) percentile: (94, 128, 237)
[M::mem_pestat] low and high boundaries for computing mean and std.dev: (1, 523)
[M::mem_pestat] mean and std.dev: (161.47, 103.05)
[M::mem_pestat] low and high boundaries for proper pairs: (1, 666)
[M::mem_pestat] analyzing insert size distribution for orientation FR...
[M::mem_pestat] (25, 50, 75) percentile: (128, 155, 184)
[M::mem_pestat] low and high boundaries for computing mean and std.dev: (16, 296)
[M::mem_pestat] mean and std.dev: (157.04, 42.30)
[M::mem_pestat] low and high boundaries for proper pairs: (1, 352)
[M::mem_pestat] analyzing insert size distribution for orientation RF...
[M::mem_pestat] (25, 50, 75) percentile: (81, 250, 759)
[M::mem_pestat] low and high boundaries for computing mean and std.dev: (1, 2115)
[M::mem_pestat] mean and std.dev: (362.36, 415.98)
[M::mem_pestat] low and high boundaries for proper pairs: (1, 2793)
[M::mem_pestat] analyzing insert size distribution for orientation RR...
[M::mem_pestat] (25, 50, 75) percentile: (92, 129, 224)
[M::mem_pestat] low and high boundaries for computing mean and std.dev: (1, 488)
[M::mem_pestat] mean and std.dev: (151.29, 89.71)
[M::mem_pestat] low and high boundaries for proper pairs: (1, 620)
[M::mem_pestat] skip orientation FF
[M::mem_pestat] skip orientation RF
[M::mem_pestat] skip orientation RR
[M::mem_process_seqs] Processed 1739882 reads in 1751.779 CPU sec, 75.654 real sec
[M::mem_pestat] # candidate unique pairs for (FF, FR, RF, RR): (701, 585412, 37, 670)
[M::mem_pestat] analyzing insert size distribution for orientation FF...
[M::mem_pestat] (25, 50, 75) percentile: (96, 133, 245)
[M::mem_pestat] low and high boundaries for computing mean and std.dev: (1, 543)
[M::mem_pestat] mean and std.dev: (163.74, 103.09)
[M::mem_pestat] low and high boundaries for proper pairs: (1, 692)
[M::mem_pestat] analyzing insert size distribution for orientation FR...
[M::mem_pestat] (25, 50, 75) percentile: (128, 155, 184)
[M::mem_pestat] low and high boundaries for computing mean and std.dev: (16, 296)
[M::mem_pestat] mean and std.dev: (156.68, 42.48)
[M::mem_pestat] low and high boundaries for proper pairs: (1, 352)
[M::mem_pestat] analyzing insert size distribution for orientation RF...
[M::mem_pestat] (25, 50, 75) percentile: (79, 148, 493)
[M::mem_pestat] low and high boundaries for computing mean and std.dev: (1, 1321)
[M::mem_pestat] mean and std.dev: (238.53, 297.68)
[M::mem_pestat] low and high boundaries for proper pairs: (1, 1735)
[M::mem_pestat] analyzing insert size distribution for orientation RR...
[M::mem_pestat] (25, 50, 75) percentile: (94, 132, 248)
[M::mem_pestat] low and high boundaries for computing mean and std.dev: (1, 556)
[M::mem_pestat] mean and std.dev: (166.65, 109.23)
[M::mem_pestat] low and high boundaries for proper pairs: (1, 710)
[M::mem_pestat] skip orientation FF
[M::mem_pestat] skip orientation RF
[M::mem_pestat] skip orientation RR
[M::process] read 1736794 sequences (240000281 bp)...
[M::mem_process_seqs] Processed 1742364 reads in 1754.690 CPU sec, 75.621 real sec
[M::process] read 1735618 sequences (240000011 bp)...
[M::mem_pestat] # candidate unique pairs for (FF, FR, RF, RR): (666, 584451, 44, 674)
[M::mem_pestat] analyzing insert size distribution for orientation FF...
[M::mem_pestat] (25, 50, 75) percentile: (96, 136, 236)
[M::mem_pestat] low and high boundaries for computing mean and std.dev: (1, 516)
[M::mem_pestat] mean and std.dev: (160.83, 98.47)
[M::mem_pestat] low and high boundaries for proper pairs: (1, 656)
[M::mem_pestat] analyzing insert size distribution for orientation FR...
[M::mem_pestat] (25, 50, 75) percentile: (129, 155, 184)
[M::mem_pestat] low and high boundaries for computing mean and std.dev: (19, 294)
[M::mem_pestat] mean and std.dev: (157.24, 42.18)
[M::mem_pestat] low and high boundaries for proper pairs: (1, 349)
[M::mem_pestat] analyzing insert size distribution for orientation RF...
[M::mem_pestat] (25, 50, 75) percentile: (89, 614, 1811)
[M::mem_pestat] low and high boundaries for computing mean and std.dev: (1, 5255)
[M::mem_pestat] mean and std.dev: (834.56, 1155.12)
[M::mem_pestat] low and high boundaries for proper pairs: (1, 6977)
[M::mem_pestat] analyzing insert size distribution for orientation RR...
[M::mem_pestat] (25, 50, 75) percentile: (98, 135, 249)
[M::mem_pestat] low and high boundaries for computing mean and std.dev: (1, 551)
[M::mem_pestat] mean and std.dev: (160.11, 99.21)
[M::mem_pestat] low and high boundaries for proper pairs: (1, 702)
[M::mem_pestat] skip orientation FF
[M::mem_pestat] skip orientation RF
[M::mem_pestat] skip orientation RR
[M::mem_process_seqs] Processed 1736794 reads in 1758.019 CPU sec, 75.971 real sec
[M::process] read 1733742 sequences (240000107 bp)...
[M::mem_pestat] # candidate unique pairs for (FF, FR, RF, RR): (628, 585079, 56, 695)
[M::mem_pestat] analyzing insert size distribution for orientation FF...
[M::mem_pestat] (25, 50, 75) percentile: (96, 136, 243)
[M::mem_pestat] low and high boundaries for computing mean and std.dev: (1, 537)
[M::mem_pestat] mean and std.dev: (166.42, 105.72)
[M::mem_pestat] low and high boundaries for proper pairs: (1, 684)
[M::mem_pestat] analyzing insert size distribution for orientation FR...
[M::mem_pestat] (25, 50, 75) percentile: (129, 155, 184)
[M::mem_pestat] low and high boundaries for computing mean and std.dev: (19, 294)
[M::mem_pestat] mean and std.dev: (157.36, 42.24)
[M::mem_pestat] low and high boundaries for proper pairs: (1, 349)
[M::mem_pestat] analyzing insert size distribution for orientation RF...
[M::mem_pestat] (25, 50, 75) percentile: (57, 186, 1572)
[M::mem_pestat] low and high boundaries for computing mean and std.dev: (1, 4602)
[M::mem_pestat] mean and std.dev: (767.45, 1292.84)
[M::mem_pestat] low and high boundaries for proper pairs: (1, 6117)
[M::mem_pestat] analyzing insert size distribution for orientation RR...
[M::mem_pestat] (25, 50, 75) percentile: (96, 141, 244)
[M::mem_pestat] low and high boundaries for computing mean and std.dev: (1, 540)
[M::mem_pestat] mean and std.dev: (166.40, 101.36)
[M::mem_pestat] low and high boundaries for proper pairs: (1, 688)
[M::mem_pestat] skip orientation FF
[M::mem_pestat] skip orientation RF
[M::mem_pestat] skip orientation RR
[M::mem_process_seqs] Processed 1735618 reads in 1752.937 CPU sec, 75.606 real sec
[M::process] read 1728444 sequences (240000132 bp)...
[M::mem_pestat] # candidate unique pairs for (FF, FR, RF, RR): (699, 583056, 44, 652)
[M::mem_pestat] analyzing insert size distribution for orientation FF...
[M::mem_pestat] (25, 50, 75) percentile: (97, 141, 239)
[M::mem_pestat] low and high boundaries for computing mean and std.dev: (1, 523)
[M::mem_pestat] mean and std.dev: (160.75, 94.43)
[M::mem_pestat] low and high boundaries for proper pairs: (1, 665)
[M::mem_pestat] analyzing insert size distribution for orientation FR...
[M::mem_pestat] (25, 50, 75) percentile: (129, 156, 185)
[M::mem_pestat] low and high boundaries for computing mean and std.dev: (17, 297)
[M::mem_pestat] mean and std.dev: (157.78, 42.03)
[M::mem_pestat] low and high boundaries for proper pairs: (1, 353)
[M::mem_pestat] analyzing insert size distribution for orientation RF...
[M::mem_pestat] (25, 50, 75) percentile: (71, 132, 445)
[M::mem_pestat] low and high boundaries for computing mean and std.dev: (1, 1193)
[M::mem_pestat] mean and std.dev: (204.18, 237.44)
[M::mem_pestat] low and high boundaries for proper pairs: (1, 1567)
[M::mem_pestat] analyzing insert size distribution for orientation RR...
[M::mem_pestat] (25, 50, 75) percentile: (93, 138, 248)
[M::mem_pestat] low and high boundaries for computing mean and std.dev: (1, 558)
[M::mem_pestat] mean and std.dev: (168.13, 110.05)
[M::mem_pestat] low and high boundaries for proper pairs: (1, 713)
[M::mem_pestat] skip orientation FF
[M::mem_pestat] skip orientation RF
[M::mem_pestat] skip orientation RR
[M::mem_process_seqs] Processed 1733742 reads in 1767.369 CPU sec, 76.171 real sec
[M::process] read 1724476 sequences (240000152 bp)...
[M::mem_pestat] # candidate unique pairs for (FF, FR, RF, RR): (642, 581765, 50, 680)
[M::mem_pestat] analyzing insert size distribution for orientation FF...
[M::mem_pestat] (25, 50, 75) percentile: (99, 140, 230)
[M::mem_pestat] low and high boundaries for computing mean and std.dev: (1, 492)
[M::mem_pestat] mean and std.dev: (162.94, 94.13)
[M::mem_pestat] low and high boundaries for proper pairs: (1, 623)
[M::mem_pestat] analyzing insert size distribution for orientation FR...
[M::mem_pestat] (25, 50, 75) percentile: (129, 155, 184)
[M::mem_pestat] low and high boundaries for computing mean and std.dev: (19, 294)
[M::mem_pestat] mean and std.dev: (157.84, 41.45)
[M::mem_pestat] low and high boundaries for proper pairs: (1, 349)
[M::mem_pestat] analyzing insert size distribution for orientation RF...
[M::mem_pestat] (25, 50, 75) percentile: (55, 122, 317)
[M::mem_pestat] low and high boundaries for computing mean and std.dev: (1, 841)
[M::mem_pestat] mean and std.dev: (184.98, 217.35)
[M::mem_pestat] low and high boundaries for proper pairs: (1, 1103)
[M::mem_pestat] analyzing insert size distribution for orientation RR...
[M::mem_pestat] (25, 50, 75) percentile: (98, 143, 234)
[M::mem_pestat] low and high boundaries for computing mean and std.dev: (1, 506)
[M::mem_pestat] mean and std.dev: (161.16, 94.10)
[M::mem_pestat] low and high boundaries for proper pairs: (1, 642)
[M::mem_pestat] skip orientation FF
[M::mem_pestat] skip orientation RF
[M::mem_pestat] skip orientation RR
[M::mem_process_seqs] Processed 1728444 reads in 1755.726 CPU sec, 75.724 real sec
[M::process] read 1724086 sequences (240000150 bp)...
[M::mem_pestat] # candidate unique pairs for (FF, FR, RF, RR): (652, 581087, 38, 635)
[M::mem_pestat] analyzing insert size distribution for orientation FF...
[M::mem_pestat] (25, 50, 75) percentile: (96, 140, 232)
[M::mem_pestat] low and high boundaries for computing mean and std.dev: (1, 504)
[M::mem_pestat] mean and std.dev: (162.76, 97.30)
[M::mem_pestat] low and high boundaries for proper pairs: (1, 640)
[M::mem_pestat] analyzing insert size distribution for orientation FR...
[M::mem_pestat] (25, 50, 75) percentile: (130, 156, 185)
[M::mem_pestat] low and high boundaries for computing mean and std.dev: (20, 295)
[M::mem_pestat] mean and std.dev: (158.26, 41.42)
[M::mem_pestat] low and high boundaries for proper pairs: (1, 350)
[M::mem_pestat] analyzing insert size distribution for orientation RF...
[M::mem_pestat] (25, 50, 75) percentile: (44, 113, 527)
[M::mem_pestat] low and high boundaries for computing mean and std.dev: (1, 1493)
[M::mem_pestat] mean and std.dev: (202.30, 233.01)
[M::mem_pestat] low and high boundaries for proper pairs: (1, 1976)
[M::mem_pestat] analyzing insert size distribution for orientation RR...
[M::mem_pestat] (25, 50, 75) percentile: (97, 146, 255)
[M::mem_pestat] low and high boundaries for computing mean and std.dev: (1, 571)
[M::mem_pestat] mean and std.dev: (177.47, 115.32)
[M::mem_pestat] low and high boundaries for proper pairs: (1, 729)
[M::mem_pestat] skip orientation FF
[M::mem_pestat] skip orientation RF
[M::mem_pestat] skip orientation RR
[M::mem_process_seqs] Processed 1724476 reads in 1756.224 CPU sec, 75.251 real sec
[M::mem_pestat] # candidate unique pairs for (FF, FR, RF, RR): (672, 580802, 41, 618)
[M::mem_pestat] analyzing insert size distribution for orientation FF...
[M::mem_pestat] (25, 50, 75) percentile: (96, 134, 225)
[M::mem_pestat] low and high boundaries for computing mean and std.dev: (1, 483)
[M::mem_pestat] mean and std.dev: (154.39, 88.98)
[M::mem_pestat] low and high boundaries for proper pairs: (1, 612)
[M::mem_pestat] analyzing insert size distribution for orientation FR...
[M::mem_pestat] (25, 50, 75) percentile: (130, 156, 185)
[M::mem_pestat] low and high boundaries for computing mean and std.dev: (20, 295)
[M::mem_pestat] mean and std.dev: (158.45, 41.60)
[M::mem_pestat] low and high boundaries for proper pairs: (1, 350)
[M::mem_pestat] analyzing insert size distribution for orientation RF...
[M::mem_pestat] (25, 50, 75) percentile: (133, 250, 934)
[M::mem_pestat] low and high boundaries for computing mean and std.dev: (1, 2536)
[M::mem_pestat] mean and std.dev: (378.94, 521.57)
[M::mem_pestat] low and high boundaries for proper pairs: (1, 3337)
[M::mem_pestat] analyzing insert size distribution for orientation RR...
[M::mem_pestat] (25, 50, 75) percentile: (89, 124, 223)
[M::mem_pestat] low and high boundaries for computing mean and std.dev: (1, 491)
[M::mem_pestat] mean and std.dev: (153.98, 97.31)
[M::mem_pestat] low and high boundaries for proper pairs: (1, 625)
[M::mem_pestat] skip orientation FF
[M::mem_pestat] skip orientation RF
[M::mem_pestat] skip orientation RR
[M::process] read 1740072 sequences (240000212 bp)...
[M::mem_process_seqs] Processed 1724086 reads in 1757.380 CPU sec, 75.692 real sec
[M::process] read 1740272 sequences (240000135 bp)...
[M::mem_pestat] # candidate unique pairs for (FF, FR, RF, RR): (663, 584431, 47, 637)
[M::mem_pestat] analyzing insert size distribution for orientation FF...
[M::mem_pestat] (25, 50, 75) percentile: (97, 135, 247)
[M::mem_pestat] low and high boundaries for computing mean and std.dev: (1, 547)
[M::mem_pestat] mean and std.dev: (163.56, 104.25)
[M::mem_pestat] low and high boundaries for proper pairs: (1, 697)
[M::mem_pestat] analyzing insert size distribution for orientation FR...
[M::mem_pestat] (25, 50, 75) percentile: (128, 155, 184)
[M::mem_pestat] low and high boundaries for computing mean and std.dev: (16, 296)
[M::mem_pestat] mean and std.dev: (157.02, 42.39)
[M::mem_pestat] low and high boundaries for proper pairs: (1, 352)
[M::mem_pestat] analyzing insert size distribution for orientation RF...
[M::mem_pestat] (25, 50, 75) percentile: (61, 185, 395)
[M::mem_pestat] low and high boundaries for computing mean and std.dev: (1, 1063)
[M::mem_pestat] mean and std.dev: (206.15, 199.14)
[M::mem_pestat] low and high boundaries for proper pairs: (1, 1397)
[M::mem_pestat] analyzing insert size distribution for orientation RR...
[M::mem_pestat] (25, 50, 75) percentile: (98, 139, 230)
[M::mem_pestat] low and high boundaries for computing mean and std.dev: (1, 494)
[M::mem_pestat] mean and std.dev: (159.92, 91.87)
[M::mem_pestat] low and high boundaries for proper pairs: (1, 626)
[M::mem_pestat] skip orientation FF
[M::mem_pestat] skip orientation RF
[M::mem_pestat] skip orientation RR
[M::mem_process_seqs] Processed 1740072 reads in 1765.786 CPU sec, 76.233 real sec
[M::process] read 1736230 sequences (240000205 bp)...
[M::mem_pestat] # candidate unique pairs for (FF, FR, RF, RR): (685, 584779, 50, 698)
[M::mem_pestat] analyzing insert size distribution for orientation FF...
[M::mem_pestat] (25, 50, 75) percentile: (96, 144, 261)
[M::mem_pestat] low and high boundaries for computing mean and std.dev: (1, 591)
[M::mem_pestat] mean and std.dev: (175.79, 116.00)
[M::mem_pestat] low and high boundaries for proper pairs: (1, 756)
[M::mem_pestat] analyzing insert size distribution for orientation FR...
[M::mem_pestat] (25, 50, 75) percentile: (128, 155, 184)
[M::mem_pestat] low and high boundaries for computing mean and std.dev: (16, 296)
[M::mem_pestat] mean and std.dev: (156.91, 42.34)
[M::mem_pestat] low and high boundaries for proper pairs: (1, 352)
[M::mem_pestat] analyzing insert size distribution for orientation RF...
[M::mem_pestat] (25, 50, 75) percentile: (45, 132, 504)
[M::mem_pestat] low and high boundaries for computing mean and std.dev: (1, 1422)
[M::mem_pestat] mean and std.dev: (238.80, 339.29)
[M::mem_pestat] low and high boundaries for proper pairs: (1, 1881)
[M::mem_pestat] analyzing insert size distribution for orientation RR...
[M::mem_pestat] (25, 50, 75) percentile: (94, 141, 259)
[M::mem_pestat] low and high boundaries for computing mean and std.dev: (1, 589)
[M::mem_pestat] mean and std.dev: (165.19, 107.58)
[M::mem_pestat] low and high boundaries for proper pairs: (1, 754)
[M::mem_pestat] skip orientation FF
[M::mem_pestat] skip orientation RF
[M::mem_pestat] skip orientation RR
[M::mem_process_seqs] Processed 1740272 reads in 1759.844 CPU sec, 75.886 real sec
[M::process] read 1739268 sequences (240000129 bp)...
[M::mem_pestat] # candidate unique pairs for (FF, FR, RF, RR): (625, 584172, 46, 633)
[M::mem_pestat] analyzing insert size distribution for orientation FF...
[M::mem_pestat] (25, 50, 75) percentile: (95, 137, 235)
[M::mem_pestat] low and high boundaries for computing mean and std.dev: (1, 515)
[M::mem_pestat] mean and std.dev: (158.63, 96.74)
[M::mem_pestat] low and high boundaries for proper pairs: (1, 655)
[M::mem_pestat] analyzing insert size distribution for orientation FR...
[M::mem_pestat] (25, 50, 75) percentile: (129, 155, 184)
[M::mem_pestat] low and high boundaries for computing mean and std.dev: (19, 294)
[M::mem_pestat] mean and std.dev: (157.25, 42.16)
[M::mem_pestat] low and high boundaries for proper pairs: (1, 349)
[M::mem_pestat] analyzing insert size distribution for orientation RF...
[M::mem_pestat] (25, 50, 75) percentile: (72, 157, 586)
[M::mem_pestat] low and high boundaries for computing mean and std.dev: (1, 1614)
[M::mem_pestat] mean and std.dev: (263.08, 320.79)
[M::mem_pestat] low and high boundaries for proper pairs: (1, 2128)
[M::mem_pestat] analyzing insert size distribution for orientation RR...
[M::mem_pestat] (25, 50, 75) percentile: (100, 143, 244)
[M::mem_pestat] low and high boundaries for computing mean and std.dev: (1, 532)
[M::mem_pestat] mean and std.dev: (165.62, 98.62)
[M::mem_pestat] low and high boundaries for proper pairs: (1, 676)
[M::mem_pestat] skip orientation FF
[M::mem_pestat] skip orientation RF
[M::mem_pestat] skip orientation RR
[M::mem_process_seqs] Processed 1736230 reads in 1765.447 CPU sec, 76.206 real sec
[M::mem_pestat] # candidate unique pairs for (FF, FR, RF, RR): (625, 583942, 58, 695)
[M::mem_pestat] analyzing insert size distribution for orientation FF...
[M::mem_pestat] (25, 50, 75) percentile: (94, 135, 234)
[M::mem_pestat] low and high boundaries for computing mean and std.dev: (1, 514)
[M::mem_pestat] mean and std.dev: (157.13, 94.21)
[M::mem_pestat] low and high boundaries for proper pairs: (1, 654)
[M::mem_pestat] analyzing insert size distribution for orientation FR...
[M::mem_pestat] (25, 50, 75) percentile: (128, 155, 184)
[M::mem_pestat] low and high boundaries for computing mean and std.dev: (16, 296)
[M::mem_pestat] mean and std.dev: (157.06, 42.56)
[M::mem_pestat] low and high boundaries for proper pairs: (1, 352)
[M::mem_pestat] analyzing insert size distribution for orientation RF...
[M::mem_pestat] (25, 50, 75) percentile: (67, 284, 1585)
[M::mem_pestat] low and high boundaries for computing mean and std.dev: (1, 4621)
[M::mem_pestat] mean and std.dev: (718.49, 1030.73)
[M::mem_pestat] low and high boundaries for proper pairs: (1, 6139)
[M::mem_pestat] analyzing insert size distribution for orientation RR...
[M::mem_pestat] (25, 50, 75) percentile: (94, 129, 229)
[M::mem_pestat] low and high boundaries for computing mean and std.dev: (1, 499)
[M::mem_pestat] mean and std.dev: (158.32, 99.91)
[M::mem_pestat] low and high boundaries for proper pairs: (1, 634)
[M::mem_pestat] skip orientation FF
[M::mem_pestat] skip orientation RF
[M::mem_pestat] skip orientation RR
[M::process] read 1736232 sequences (240000222 bp)...
[M::mem_process_seqs] Processed 1739268 reads in 1769.239 CPU sec, 76.182 real sec
[M::process] read 1733442 sequences (240000184 bp)...
[M::mem_pestat] # candidate unique pairs for (FF, FR, RF, RR): (642, 584745, 58, 671)
[M::mem_pestat] analyzing insert size distribution for orientation FF...
[M::mem_pestat] (25, 50, 75) percentile: (91, 138, 243)
[M::mem_pestat] low and high boundaries for computing mean and std.dev: (1, 547)
[M::mem_pestat] mean and std.dev: (167.14, 109.39)
[M::mem_pestat] low and high boundaries for proper pairs: (1, 699)
[M::mem_pestat] analyzing insert size distribution for orientation FR...
[M::mem_pestat] (25, 50, 75) percentile: (129, 155, 184)
[M::mem_pestat] low and high boundaries for computing mean and std.dev: (19, 294)
[M::mem_pestat] mean and std.dev: (157.16, 42.14)
[M::mem_pestat] low and high boundaries for proper pairs: (1, 349)
[M::mem_pestat] analyzing insert size distribution for orientation RF...
[M::mem_pestat] (25, 50, 75) percentile: (63, 190, 761)
[M::mem_pestat] low and high boundaries for computing mean and std.dev: (1, 2157)
[M::mem_pestat] mean and std.dev: (334.02, 434.43)
[M::mem_pestat] low and high boundaries for proper pairs: (1, 2855)
[M::mem_pestat] analyzing insert size distribution for orientation RR...
[M::mem_pestat] (25, 50, 75) percentile: (97, 141, 243)
[M::mem_pestat] low and high boundaries for computing mean and std.dev: (1, 535)
[M::mem_pestat] mean and std.dev: (166.80, 101.33)
[M::mem_pestat] low and high boundaries for proper pairs: (1, 681)
[M::mem_pestat] skip orientation FF
[M::mem_pestat] skip orientation RF
[M::mem_pestat] skip orientation RR
[M::mem_process_seqs] Processed 1736232 reads in 1761.423 CPU sec, 76.033 real sec
[M::process] read 1731422 sequences (240000114 bp)...
[M::mem_pestat] # candidate unique pairs for (FF, FR, RF, RR): (666, 583786, 41, 679)
[M::mem_pestat] analyzing insert size distribution for orientation FF...
[M::mem_pestat] (25, 50, 75) percentile: (100, 146, 269)
[M::mem_pestat] low and high boundaries for computing mean and std.dev: (1, 607)
[M::mem_pestat] mean and std.dev: (182.31, 117.56)
[M::mem_pestat] low and high boundaries for proper pairs: (1, 776)
[M::mem_pestat] analyzing insert size distribution for orientation FR...
[M::mem_pestat] (25, 50, 75) percentile: (129, 155, 185)
[M::mem_pestat] low and high boundaries for computing mean and std.dev: (17, 297)
[M::mem_pestat] mean and std.dev: (157.60, 42.27)
[M::mem_pestat] low and high boundaries for proper pairs: (1, 353)
[M::mem_pestat] analyzing insert size distribution for orientation RF...
[M::mem_pestat] (25, 50, 75) percentile: (35, 109, 396)
[M::mem_pestat] low and high boundaries for computing mean and std.dev: (1, 1118)
[M::mem_pestat] mean and std.dev: (151.56, 184.11)
[M::mem_pestat] low and high boundaries for proper pairs: (1, 1479)
[M::mem_pestat] analyzing insert size distribution for orientation RR...
[M::mem_pestat] (25, 50, 75) percentile: (94, 139, 238)
[M::mem_pestat] low and high boundaries for computing mean and std.dev: (1, 526)
[M::mem_pestat] mean and std.dev: (161.03, 100.20)
[M::mem_pestat] low and high boundaries for proper pairs: (1, 670)
[M::mem_pestat] skip orientation FF
[M::mem_pestat] skip orientation RF
[M::mem_pestat] skip orientation RR
[M::mem_process_seqs] Processed 1733442 reads in 1761.370 CPU sec, 75.563 real sec
[M::process] read 1727464 sequences (240000159 bp)...
[M::mem_pestat] # candidate unique pairs for (FF, FR, RF, RR): (662, 582188, 44, 622)
[M::mem_pestat] analyzing insert size distribution for orientation FF...
[M::mem_pestat] (25, 50, 75) percentile: (92, 136, 236)
[M::mem_pestat] low and high boundaries for computing mean and std.dev: (1, 524)
[M::mem_pestat] mean and std.dev: (157.27, 97.29)
[M::mem_pestat] low and high boundaries for proper pairs: (1, 668)
[M::mem_pestat] analyzing insert size distribution for orientation FR...
[M::mem_pestat] (25, 50, 75) percentile: (129, 156, 185)
[M::mem_pestat] low and high boundaries for computing mean and std.dev: (17, 297)
[M::mem_pestat] mean and std.dev: (157.73, 42.16)
[M::mem_pestat] low and high boundaries for proper pairs: (1, 353)
[M::mem_pestat] analyzing insert size distribution for orientation RF...
[M::mem_pestat] (25, 50, 75) percentile: (72, 185, 410)
[M::mem_pestat] low and high boundaries for computing mean and std.dev: (1, 1086)
[M::mem_pestat] mean and std.dev: (210.57, 190.74)
[M::mem_pestat] low and high boundaries for proper pairs: (1, 1424)
[M::mem_pestat] analyzing insert size distribution for orientation RR...
[M::mem_pestat] (25, 50, 75) percentile: (96, 132, 248)
[M::mem_pestat] low and high boundaries for computing mean and std.dev: (1, 552)
[M::mem_pestat] mean and std.dev: (163.71, 103.06)
[M::mem_pestat] low and high boundaries for proper pairs: (1, 704)
[M::mem_pestat] skip orientation FF
[M::mem_pestat] skip orientation RF
[M::mem_pestat] skip orientation RR
[M::mem_process_seqs] Processed 1731422 reads in 1760.177 CPU sec, 75.874 real sec
[M::process] read 1724972 sequences (240000183 bp)...
[M::mem_pestat] # candidate unique pairs for (FF, FR, RF, RR): (656, 581993, 47, 666)
[M::mem_pestat] analyzing insert size distribution for orientation FF...
[M::mem_pestat] (25, 50, 75) percentile: (93, 133, 246)
[M::mem_pestat] low and high boundaries for computing mean and std.dev: (1, 552)
[M::mem_pestat] mean and std.dev: (160.76, 106.67)
[M::mem_pestat] low and high boundaries for proper pairs: (1, 705)
[M::mem_pestat] analyzing insert size distribution for orientation FR...
[M::mem_pestat] (25, 50, 75) percentile: (129, 156, 185)
[M::mem_pestat] low and high boundaries for computing mean and std.dev: (17, 297)
[M::mem_pestat] mean and std.dev: (158.09, 41.83)
[M::mem_pestat] low and high boundaries for proper pairs: (1, 353)
[M::mem_pestat] analyzing insert size distribution for orientation RF...
[M::mem_pestat] (25, 50, 75) percentile: (51, 110, 347)
[M::mem_pestat] low and high boundaries for computing mean and std.dev: (1, 939)
[M::mem_pestat] mean and std.dev: (163.51, 197.59)
[M::mem_pestat] low and high boundaries for proper pairs: (1, 1235)
[M::mem_pestat] analyzing insert size distribution for orientation RR...
[M::mem_pestat] (25, 50, 75) percentile: (99, 140, 244)
[M::mem_pestat] low and high boundaries for computing mean and std.dev: (1, 534)
[M::mem_pestat] mean and std.dev: (163.89, 99.51)
[M::mem_pestat] low and high boundaries for proper pairs: (1, 679)
[M::mem_pestat] skip orientation FF
[M::mem_pestat] skip orientation RF
[M::mem_pestat] skip orientation RR
[M::mem_process_seqs] Processed 1727464 reads in 1757.577 CPU sec, 75.749 real sec
[M::process] read 1723554 sequences (240000005 bp)...
[M::mem_pestat] # candidate unique pairs for (FF, FR, RF, RR): (666, 580655, 43, 690)
[M::mem_pestat] analyzing insert size distribution for orientation FF...
[M::mem_pestat] (25, 50, 75) percentile: (96, 138, 244)
[M::mem_pestat] low and high boundaries for computing mean and std.dev: (1, 540)
[M::mem_pestat] mean and std.dev: (161.00, 98.05)
[M::mem_pestat] low and high boundaries for proper pairs: (1, 688)
[M::mem_pestat] analyzing insert size distribution for orientation FR...
[M::mem_pestat] (25, 50, 75) percentile: (129, 156, 185)
[M::mem_pestat] low and high boundaries for computing mean and std.dev: (17, 297)
[M::mem_pestat] mean and std.dev: (158.14, 41.74)
[M::mem_pestat] low and high boundaries for proper pairs: (1, 353)
[M::mem_pestat] analyzing insert size distribution for orientation RF...
[M::mem_pestat] (25, 50, 75) percentile: (87, 346, 1015)
[M::mem_pestat] low and high boundaries for computing mean and std.dev: (1, 2871)
[M::mem_pestat] mean and std.dev: (497.86, 643.87)
[M::mem_pestat] low and high boundaries for proper pairs: (1, 3799)
[M::mem_pestat] analyzing insert size distribution for orientation RR...
[M::mem_pestat] (25, 50, 75) percentile: (96, 134, 243)
[M::mem_pestat] low and high boundaries for computing mean and std.dev: (1, 537)
[M::mem_pestat] mean and std.dev: (163.65, 102.49)
[M::mem_pestat] low and high boundaries for proper pairs: (1, 684)
[M::mem_pestat] skip orientation FF
[M::mem_pestat] skip orientation RF
[M::mem_pestat] skip orientation RR
[M::mem_process_seqs] Processed 1724972 reads in 1753.734 CPU sec, 75.700 real sec
[M::process] read 1734336 sequences (240000103 bp)...
[M::mem_pestat] # candidate unique pairs for (FF, FR, RF, RR): (671, 579887, 59, 690)
[M::mem_pestat] analyzing insert size distribution for orientation FF...
[M::mem_pestat] (25, 50, 75) percentile: (96, 133, 217)
[M::mem_pestat] low and high boundaries for computing mean and std.dev: (1, 459)
[M::mem_pestat] mean and std.dev: (153.29, 88.17)
[M::mem_pestat] low and high boundaries for proper pairs: (1, 580)
[M::mem_pestat] analyzing insert size distribution for orientation FR...
[M::mem_pestat] (25, 50, 75) percentile: (130, 156, 185)
[M::mem_pestat] low and high boundaries for computing mean and std.dev: (20, 295)
[M::mem_pestat] mean and std.dev: (158.38, 41.60)
[M::mem_pestat] low and high boundaries for proper pairs: (1, 350)
[M::mem_pestat] analyzing insert size distribution for orientation RF...
[M::mem_pestat] (25, 50, 75) percentile: (103, 278, 1001)
[M::mem_pestat] low and high boundaries for computing mean and std.dev: (1, 2797)
[M::mem_pestat] mean and std.dev: (434.13, 527.15)
[M::mem_pestat] low and high boundaries for proper pairs: (1, 3695)
[M::mem_pestat] analyzing insert size distribution for orientation RR...
[M::mem_pestat] (25, 50, 75) percentile: (95, 139, 255)
[M::mem_pestat] low and high boundaries for computing mean and std.dev: (1, 575)
[M::mem_pestat] mean and std.dev: (171.76, 112.68)
[M::mem_pestat] low and high boundaries for proper pairs: (1, 735)
[M::mem_pestat] skip orientation FF
[M::mem_pestat] skip orientation RF
[M::mem_pestat] skip orientation RR
[M::mem_process_seqs] Processed 1723554 reads in 1763.830 CPU sec, 76.068 real sec
