[M::bwa_idx_load_from_disk] read 0 ALT contigs
[M::process] read 1685516 sequences (240000239 bp)...
[M::process] read 1682592 sequences (240000084 bp)...
[M::mem_pestat] # candidate unique pairs for (FF, FR, RF, RR): (721, 546427, 76, 692)
[M::mem_pestat] analyzing insert size distribution for orientation FF...
[M::mem_pestat] (25, 50, 75) percentile: (121, 201, 385)
[M::mem_pestat] low and high boundaries for computing mean and std.dev: (1, 913)
[M::mem_pestat] mean and std.dev: (236.60, 178.53)
[M::mem_pestat] low and high boundaries for proper pairs: (1, 1177)
[M::mem_pestat] analyzing insert size distribution for orientation FR...
[M::mem_pestat] (25, 50, 75) percentile: (149, 183, 229)
[M::mem_pestat] low and high boundaries for computing mean and std.dev: (1, 389)
[M::mem_pestat] mean and std.dev: (188.74, 59.74)
[M::mem_pestat] low and high boundaries for proper pairs: (1, 469)
[M::mem_pestat] analyzing insert size distribution for orientation RF...
[M::mem_pestat] (25, 50, 75) percentile: (98, 416, 1887)
[M::mem_pestat] low and high boundaries for computing mean and std.dev: (1, 5465)
[M::mem_pestat] mean and std.dev: (872.71, 1256.46)
[M::mem_pestat] low and high boundaries for proper pairs: (1, 7254)
[M::mem_pestat] analyzing insert size distribution for orientation RR...
[M::mem_pestat] (25, 50, 75) percentile: (114, 185, 370)
[M::mem_pestat] low and high boundaries for computing mean and std.dev: (1, 882)
[M::mem_pestat] mean and std.dev: (223.44, 163.09)
[M::mem_pestat] low and high boundaries for proper pairs: (1, 1138)
[M::mem_pestat] skip orientation FF
[M::mem_pestat] skip orientation RF
[M::mem_pestat] skip orientation RR
[M::mem_process_seqs] Processed 1685516 reads in 1603.539 CPU sec, 67.808 real sec
[M::process] read 1681624 sequences (240000010 bp)...
[M::mem_pestat] # candidate unique pairs for (FF, FR, RF, RR): (733, 545700, 73, 691)
[M::mem_pestat] analyzing insert size distribution for orientation FF...
[M::mem_pestat] (25, 50, 75) percentile: (123, 197, 403)
[M::mem_pestat] low and high boundaries for computing mean and std.dev: (1, 963)
[M::mem_pestat] mean and std.dev: (242.52, 182.21)
[M::mem_pestat] low and high boundaries for proper pairs: (1, 1243)
[M::mem_pestat] analyzing insert size distribution for orientation FR...
[M::mem_pestat] (25, 50, 75) percentile: (149, 184, 229)
[M::mem_pestat] low and high boundaries for computing mean and std.dev: (1, 389)
[M::mem_pestat] mean and std.dev: (188.93, 59.71)
[M::mem_pestat] low and high boundaries for proper pairs: (1, 469)
[M::mem_pestat] analyzing insert size distribution for orientation RF...
[M::mem_pestat] (25, 50, 75) percentile: (204, 511, 2165)
[M::mem_pestat] low and high boundaries for computing mean and std.dev: (1, 6087)
[M::mem_pestat] mean and std.dev: (1136.29, 1447.61)
[M::mem_pestat] low and high boundaries for proper pairs: (1, 8048)
[M::mem_pestat] analyzing insert size distribution for orientation RR...
[M::mem_pestat] (25, 50, 75) percentile: (123, 203, 449)
[M::mem_pestat] low and high boundaries for computing mean and std.dev: (1, 1101)
[M::mem_pestat] mean and std.dev: (265.33, 224.68)
[M::mem_pestat] low and high boundaries for proper pairs: (1, 1427)
[M::mem_pestat] skip orientation FF
[M::mem_pestat] skip orientation RF
[M::mem_pestat] skip orientation RR
[M::mem_process_seqs] Processed 1682592 reads in 1619.580 CPU sec, 69.185 real sec
[M::process] read 1679648 sequences (240000225 bp)...
[M::mem_pestat] # candidate unique pairs for (FF, FR, RF, RR): (693, 545239, 69, 735)
[M::mem_pestat] analyzing insert size distribution for orientation FF...
[M::mem_pestat] (25, 50, 75) percentile: (123, 204, 420)
[M::mem_pestat] low and high boundaries for computing mean and std.dev: (1, 1014)
[M::mem_pestat] mean and std.dev: (256.12, 201.88)
[M::mem_pestat] low and high boundaries for proper pairs: (1, 1311)
[M::mem_pestat] analyzing insert size distribution for orientation FR...
[M::mem_pestat] (25, 50, 75) percentile: (149, 184, 229)
[M::mem_pestat] low and high boundaries for computing mean and std.dev: (1, 389)
[M::mem_pestat] mean and std.dev: (189.16, 59.85)
[M::mem_pestat] low and high boundaries for proper pairs: (1, 469)
[M::mem_pestat] analyzing insert size distribution for orientation RF...
[M::mem_pestat] (25, 50, 75) percentile: (61, 367, 2339)
[M::mem_pestat] low and high boundaries for computing mean and std.dev: (1, 6895)
[M::mem_pestat] mean and std.dev: (1289.28, 1690.65)
[M::mem_pestat] low and high boundaries for proper pairs: (1, 9173)
[M::mem_pestat] analyzing insert size distribution for orientation RR...
[M::mem_pestat] (25, 50, 75) percentile: (114, 181, 401)
[M::mem_pestat] low and high boundaries for computing mean and std.dev: (1, 975)
[M::mem_pestat] mean and std.dev: (233.39, 182.77)
[M::mem_pestat] low and high boundaries for proper pairs: (1, 1262)
[M::mem_pestat] skip orientation FF
[M::mem_pestat] skip orientation RF
[M::mem_pestat] skip orientation RR
[M::mem_process_seqs] Processed 1681624 reads in 1627.013 CPU sec, 70.022 real sec
[M::process] read 1680978 sequences (240000289 bp)...
[M::mem_pestat] # candidate unique pairs for (FF, FR, RF, RR): (788, 545414, 84, 714)
[M::mem_pestat] analyzing insert size distribution for orientation FF...
[M::mem_pestat] (25, 50, 75) percentile: (117, 184, 410)
[M::mem_pestat] low and high boundaries for computing mean and std.dev: (1, 996)
[M::mem_pestat] mean and std.dev: (243.14, 197.41)
[M::mem_pestat] low and high boundaries for proper pairs: (1, 1289)
[M::mem_pestat] analyzing insert size distribution for orientation FR...
[M::mem_pestat] (25, 50, 75) percentile: (149, 184, 230)
[M::mem_pestat] low and high boundaries for computing mean and std.dev: (1, 392)
[M::mem_pestat] mean and std.dev: (189.83, 60.23)
[M::mem_pestat] low and high boundaries for proper pairs: (1, 473)
[M::mem_pestat] analyzing insert size distribution for orientation RF...
[M::mem_pestat] (25, 50, 75) percentile: (99, 529, 1395)
[M::mem_pestat] low and high boundaries for computing mean and std.dev: (1, 3987)
[M::mem_pestat] mean and std.dev: (620.39, 790.33)
[M::mem_pestat] low and high boundaries for proper pairs: (1, 5283)
[M::mem_pestat] analyzing insert size distribution for orientation RR...
[M::mem_pestat] (25, 50, 75) percentile: (122, 204, 493)
[M::mem_pestat] low and high boundaries for computing mean and std.dev: (1, 1235)
[M::mem_pestat] mean and std.dev: (287.43, 245.96)
[M::mem_pestat] low and high boundaries for proper pairs: (1, 1606)
[M::mem_pestat] skip orientation FF
[M::mem_pestat] skip orientation RF
[M::mem_pestat] skip orientation RR
[M::mem_process_seqs] Processed 1679648 reads in 1617.909 CPU sec, 69.505 real sec
[M::process] read 1679082 sequences (240000117 bp)...
[M::mem_pestat] # candidate unique pairs for (FF, FR, RF, RR): (738, 545105, 77, 741)
[M::mem_pestat] analyzing insert size distribution for orientation FF...
[M::mem_pestat] (25, 50, 75) percentile: (119, 193, 422)
[M::mem_pestat] low and high boundaries for computing mean and std.dev: (1, 1028)
[M::mem_pestat] mean and std.dev: (244.13, 193.68)
[M::mem_pestat] low and high boundaries for proper pairs: (1, 1331)
[M::mem_pestat] analyzing insert size distribution for orientation FR...
[M::mem_pestat] (25, 50, 75) percentile: (149, 184, 230)
[M::mem_pestat] low and high boundaries for computing mean and std.dev: (1, 392)
[M::mem_pestat] mean and std.dev: (189.51, 60.31)
[M::mem_pestat] low and high boundaries for proper pairs: (1, 473)
[M::mem_pestat] analyzing insert size distribution for orientation RF...
[M::mem_pestat] (25, 50, 75) percentile: (100, 466, 2153)
[M::mem_pestat] low and high boundaries for computing mean and std.dev: (1, 6259)
[M::mem_pestat] mean and std.dev: (1010.86, 1419.73)
[M::mem_pestat] low and high boundaries for proper pairs: (1, 8312)
[M::mem_pestat] analyzing insert size distribution for orientation RR...
[M::mem_pestat] (25, 50, 75) percentile: (127, 207, 436)
[M::mem_pestat] low and high boundaries for computing mean and std.dev: (1, 1054)
[M::mem_pestat] mean and std.dev: (253.41, 201.00)
[M::mem_pestat] low and high boundaries for proper pairs: (1, 1363)
[M::mem_pestat] skip orientation FF
[M::mem_pestat] skip orientation RF
[M::mem_pestat] skip orientation RR
[M::mem_process_seqs] Processed 1680978 reads in 1616.459 CPU sec, 69.408 real sec
[M::process] read 1676986 sequences (240000062 bp)...
[M::mem_pestat] # candidate unique pairs for (FF, FR, RF, RR): (732, 544935, 63, 720)
[M::mem_pestat] analyzing insert size distribution for orientation FF...
[M::mem_pestat] (25, 50, 75) percentile: (121, 205, 385)
[M::mem_pestat] low and high boundaries for computing mean and std.dev: (1, 913)
[M::mem_pestat] mean and std.dev: (232.46, 166.71)
[M::mem_pestat] low and high boundaries for proper pairs: (1, 1177)
[M::mem_pestat] analyzing insert size distribution for orientation FR...
[M::mem_pestat] (25, 50, 75) percentile: (149, 184, 230)
[M::mem_pestat] low and high boundaries for computing mean and std.dev: (1, 392)
[M::mem_pestat] mean and std.dev: (189.80, 60.27)
[M::mem_pestat] low and high boundaries for proper pairs: (1, 473)
[M::mem_pestat] analyzing insert size distribution for orientation RF...
[M::mem_pestat] (25, 50, 75) percentile: (142, 428, 3296)
[M::mem_pestat] low and high boundaries for computing mean and std.dev: (1, 9604)
[M::mem_pestat] mean and std.dev: (1765.79, 2390.37)
[M::mem_pestat] low and high boundaries for proper pairs: (1, 12758)
[M::mem_pestat] analyzing insert size distribution for orientation RR...
[M::mem_pestat] (25, 50, 75) percentile: (118, 195, 419)
[M::mem_pestat] low and high boundaries for computing mean and std.dev: (1, 1021)
[M::mem_pestat] mean and std.dev: (242.31, 191.86)
[M::mem_pestat] low and high boundaries for proper pairs: (1, 1322)
[M::mem_pestat] skip orientation FF
[M::mem_pestat] skip orientation RF
[M::mem_pestat] skip orientation RR
[M::mem_process_seqs] Processed 1679082 reads in 1614.032 CPU sec, 69.352 real sec
[M::process] read 1676974 sequences (240000169 bp)...
[M::mem_pestat] # candidate unique pairs for (FF, FR, RF, RR): (726, 544230, 68, 731)
[M::mem_pestat] analyzing insert size distribution for orientation FF...
[M::mem_pestat] (25, 50, 75) percentile: (123, 197, 433)
[M::mem_pestat] low and high boundaries for computing mean and std.dev: (1, 1053)
[M::mem_pestat] mean and std.dev: (256.81, 204.86)
[M::mem_pestat] low and high boundaries for proper pairs: (1, 1363)
[M::mem_pestat] analyzing insert size distribution for orientation FR...
[M::mem_pestat] (25, 50, 75) percentile: (149, 184, 231)
[M::mem_pestat] low and high boundaries for computing mean and std.dev: (1, 395)
[M::mem_pestat] mean and std.dev: (190.40, 60.59)
[M::mem_pestat] low and high boundaries for proper pairs: (1, 477)
[M::mem_pestat] analyzing insert size distribution for orientation RF...
[M::mem_pestat] (25, 50, 75) percentile: (87, 276, 1559)
[M::mem_pestat] low and high boundaries for computing mean and std.dev: (1, 4503)
[M::mem_pestat] mean and std.dev: (721.85, 1079.88)
[M::mem_pestat] low and high boundaries for proper pairs: (1, 5975)
[M::mem_pestat] analyzing insert size distribution for orientation RR...
[M::mem_pestat] (25, 50, 75) percentile: (122, 210, 436)
[M::mem_pestat] low and high boundaries for computing mean and std.dev: (1, 1064)
[M::mem_pestat] mean and std.dev: (268.86, 219.55)
[M::mem_pestat] low and high boundaries for proper pairs: (1, 1378)
[M::mem_pestat] skip orientation FF
[M::mem_pestat] skip orientation RF
[M::mem_pestat] skip orientation RR
[M::mem_process_seqs] Processed 1676986 reads in 1621.107 CPU sec, 69.604 real sec
[M::process] read 1679338 sequences (240000257 bp)...
[M::mem_pestat] # candidate unique pairs for (FF, FR, RF, RR): (670, 544451, 74, 714)
[M::mem_pestat] analyzing insert size distribution for orientation FF...
[M::mem_pestat] (25, 50, 75) percentile: (117, 187, 357)
[M::mem_pestat] low and high boundaries for computing mean and std.dev: (1, 837)
[M::mem_pestat] mean and std.dev: (221.48, 151.64)
[M::mem_pestat] low and high boundaries for proper pairs: (1, 1077)
[M::mem_pestat] analyzing insert size distribution for orientation FR...
[M::mem_pestat] (25, 50, 75) percentile: (150, 184, 231)
[M::mem_pestat] low and high boundaries for computing mean and std.dev: (1, 393)
[M::mem_pestat] mean and std.dev: (190.30, 60.47)
[M::mem_pestat] low and high boundaries for proper pairs: (1, 474)
[M::mem_pestat] analyzing insert size distribution for orientation RF...
[M::mem_pestat] (25, 50, 75) percentile: (109, 317, 1634)
[M::mem_pestat] low and high boundaries for computing mean and std.dev: (1, 4684)
[M::mem_pestat] mean and std.dev: (864.93, 1139.26)
[M::mem_pestat] low and high boundaries for proper pairs: (1, 6209)
[M::mem_pestat] analyzing insert size distribution for orientation RR...
[M::mem_pestat] (25, 50, 75) percentile: (118, 201, 465)
[M::mem_pestat] low and high boundaries for computing mean and std.dev: (1, 1159)
[M::mem_pestat] mean and std.dev: (255.75, 203.68)
[M::mem_pestat] low and high boundaries for proper pairs: (1, 1506)
[M::mem_pestat] skip orientation FF
[M::mem_pestat] skip orientation RF
[M::mem_pestat] skip orientation RR
[M::mem_process_seqs] Processed 1676974 reads in 1615.193 CPU sec, 68.966 real sec
[M::process] read 1675756 sequences (240000115 bp)...
[M::mem_pestat] # candidate unique pairs for (FF, FR, RF, RR): (699, 544302, 51, 736)
[M::mem_pestat] analyzing insert size distribution for orientation FF...
[M::mem_pestat] (25, 50, 75) percentile: (116, 185, 398)
[M::mem_pestat] low and high boundaries for computing mean and std.dev: (1, 962)
[M::mem_pestat] mean and std.dev: (228.01, 164.88)
[M::mem_pestat] low and high boundaries for proper pairs: (1, 1244)
[M::mem_pestat] analyzing insert size distribution for orientation FR...
[M::mem_pestat] (25, 50, 75) percentile: (150, 185, 231)
[M::mem_pestat] low and high boundaries for computing mean and std.dev: (1, 393)
[M::mem_pestat] mean and std.dev: (190.73, 60.35)
[M::mem_pestat] low and high boundaries for proper pairs: (1, 474)
[M::mem_pestat] analyzing insert size distribution for orientation RF...
[M::mem_pestat] (25, 50, 75) percentile: (85, 242, 1647)
[M::mem_pestat] low and high boundaries for computing mean and std.dev: (1, 4771)
[M::mem_pestat] mean and std.dev: (528.98, 818.07)
[M::mem_pestat] low and high boundaries for proper pairs: (1, 6333)
[M::mem_pestat] analyzing insert size distribution for orientation RR...
[M::mem_pestat] (25, 50, 75) percentile: (119, 188, 391)
[M::mem_pestat] low and high boundaries for computing mean and std.dev: (1, 935)
[M::mem_pestat] mean and std.dev: (237.08, 181.07)
[M::mem_pestat] low and high boundaries for proper pairs: (1, 1207)
[M::mem_pestat] skip orientation FF
[M::mem_pestat] skip orientation RF
[M::mem_pestat] skip orientation RR
[M::mem_process_seqs] Processed 1679338 reads in 1620.420 CPU sec, 69.523 real sec
[M::process] read 1675732 sequences (240000168 bp)...
[M::mem_pestat] # candidate unique pairs for (FF, FR, RF, RR): (722, 544231, 76, 744)
[M::mem_pestat] analyzing insert size distribution for orientation FF...
[M::mem_pestat] (25, 50, 75) percentile: (120, 185, 402)
[M::mem_pestat] low and high boundaries for computing mean and std.dev: (1, 966)
[M::mem_pestat] mean and std.dev: (243.19, 189.75)
[M::mem_pestat] low and high boundaries for proper pairs: (1, 1248)
[M::mem_pestat] analyzing insert size distribution for orientation FR...
[M::mem_pestat] (25, 50, 75) percentile: (150, 184, 230)
[M::mem_pestat] low and high boundaries for computing mean and std.dev: (1, 390)
[M::mem_pestat] mean and std.dev: (190.00, 59.63)
[M::mem_pestat] low and high boundaries for proper pairs: (1, 470)
[M::mem_pestat] analyzing insert size distribution for orientation RF...
[M::mem_pestat] (25, 50, 75) percentile: (119, 423, 2493)
[M::mem_pestat] low and high boundaries for computing mean and std.dev: (1, 7241)
[M::mem_pestat] mean and std.dev: (1115.20, 1685.43)
[M::mem_pestat] low and high boundaries for proper pairs: (1, 9615)
[M::mem_pestat] analyzing insert size distribution for orientation RR...
[M::mem_pestat] (25, 50, 75) percentile: (121, 198, 458)
[M::mem_pestat] low and high boundaries for computing mean and std.dev: (1, 1132)
[M::mem_pestat] mean and std.dev: (271.41, 228.29)
[M::mem_pestat] low and high boundaries for proper pairs: (1, 1469)
[M::mem_pestat] skip orientation FF
[M::mem_pestat] skip orientation RF
[M::mem_pestat] skip orientation RR
[M::mem_process_seqs] Processed 1675756 reads in 1616.213 CPU sec, 69.397 real sec
[M::process] read 1673518 sequences (240000128 bp)...
[M::mem_pestat] # candidate unique pairs for (FF, FR, RF, RR): (708, 543415, 69, 738)
[M::mem_pestat] analyzing insert size distribution for orientation FF...
[M::mem_pestat] (25, 50, 75) percentile: (115, 189, 392)
[M::mem_pestat] low and high boundaries for computing mean and std.dev: (1, 946)
[M::mem_pestat] mean and std.dev: (229.99, 174.38)
[M::mem_pestat] low and high boundaries for proper pairs: (1, 1223)
[M::mem_pestat] analyzing insert size distribution for orientation FR...
[M::mem_pestat] (25, 50, 75) percentile: (150, 184, 230)
[M::mem_pestat] low and high boundaries for computing mean and std.dev: (1, 390)
[M::mem_pestat] mean and std.dev: (190.04, 59.72)
[M::mem_pestat] low and high boundaries for proper pairs: (1, 470)
[M::mem_pestat] analyzing insert size distribution for orientation RF...
[M::mem_pestat] (25, 50, 75) percentile: (95, 436, 1925)
[M::mem_pestat] low and high boundaries for computing mean and std.dev: (1, 5585)
[M::mem_pestat] mean and std.dev: (972.64, 1371.95)
[M::mem_pestat] low and high boundaries for proper pairs: (1, 7415)
[M::mem_pestat] analyzing insert size distribution for orientation RR...
[M::mem_pestat] (25, 50, 75) percentile: (125, 194, 385)
[M::mem_pestat] low and high boundaries for computing mean and std.dev: (1, 905)
[M::mem_pestat] mean and std.dev: (234.00, 173.30)
[M::mem_pestat] low and high boundaries for proper pairs: (1, 1165)
[M::mem_pestat] skip orientation FF
[M::mem_pestat] skip orientation RF
[M::mem_pestat] skip orientation RR
[M::mem_process_seqs] Processed 1675732 reads in 1619.010 CPU sec, 69.459 real sec
[M::process] read 1672162 sequences (240000094 bp)...
[M::mem_pestat] # candidate unique pairs for (FF, FR, RF, RR): (702, 543402, 64, 687)
[M::mem_pestat] analyzing insert size distribution for orientation FF...
[M::mem_pestat] (25, 50, 75) percentile: (114, 190, 398)
[M::mem_pestat] low and high boundaries for computing mean and std.dev: (1, 966)
[M::mem_pestat] mean and std.dev: (238.61, 181.38)
[M::mem_pestat] low and high boundaries for proper pairs: (1, 1250)
[M::mem_pestat] analyzing insert size distribution for orientation FR...
[M::mem_pestat] (25, 50, 75) percentile: (150, 184, 230)
[M::mem_pestat] low and high boundaries for computing mean and std.dev: (1, 390)
[M::mem_pestat] mean and std.dev: (190.09, 59.71)
[M::mem_pestat] low and high boundaries for proper pairs: (1, 470)
[M::mem_pestat] analyzing insert size distribution for orientation RF...
[M::mem_pestat] (25, 50, 75) percentile: (71, 205, 1171)
[M::mem_pestat] low and high boundaries for computing mean and std.dev: (1, 3371)
[M::mem_pestat] mean and std.dev: (388.83, 592.59)
[M::mem_pestat] low and high boundaries for proper pairs: (1, 4471)
[M::mem_pestat] analyzing insert size distribution for orientation RR...
[M::mem_pestat] (25, 50, 75) percentile: (121, 189, 411)
[M::mem_pestat] low and high boundaries for computing mean and std.dev: (1, 991)
[M::mem_pestat] mean and std.dev: (236.18, 179.63)
[M::mem_pestat] low and high boundaries for proper pairs: (1, 1281)
[M::mem_pestat] skip orientation FF
[M::mem_pestat] skip orientation RF
[M::mem_pestat] skip orientation RR
[M::mem_process_seqs] Processed 1673518 reads in 1613.684 CPU sec, 69.313 real sec
[M::process] read 1672812 sequences (240000037 bp)...
[M::mem_pestat] # candidate unique pairs for (FF, FR, RF, RR): (785, 542591, 71, 754)
[M::mem_pestat] analyzing insert size distribution for orientation FF...
[M::mem_pestat] (25, 50, 75) percentile: (119, 211, 436)
[M::mem_pestat] low and high boundaries for computing mean and std.dev: (1, 1070)
[M::mem_pestat] mean and std.dev: (263.56, 207.16)
[M::mem_pestat] low and high boundaries for proper pairs: (1, 1387)
[M::mem_pestat] analyzing insert size distribution for orientation FR...
[M::mem_pestat] (25, 50, 75) percentile: (150, 185, 232)
[M::mem_pestat] low and high boundaries for computing mean and std.dev: (1, 396)
[M::mem_pestat] mean and std.dev: (191.43, 60.71)
[M::mem_pestat] low and high boundaries for proper pairs: (1, 478)
[M::mem_pestat] analyzing insert size distribution for orientation RF...
[M::mem_pestat] (25, 50, 75) percentile: (64, 245, 1228)
[M::mem_pestat] low and high boundaries for computing mean and std.dev: (1, 3556)
[M::mem_pestat] mean and std.dev: (531.62, 798.24)
[M::mem_pestat] low and high boundaries for proper pairs: (1, 4720)
[M::mem_pestat] analyzing insert size distribution for orientation RR...
[M::mem_pestat] (25, 50, 75) percentile: (126, 207, 463)
[M::mem_pestat] low and high boundaries for computing mean and std.dev: (1, 1137)
[M::mem_pestat] mean and std.dev: (272.84, 225.32)
[M::mem_pestat] low and high boundaries for proper pairs: (1, 1474)
[M::mem_pestat] skip orientation FF
[M::mem_pestat] skip orientation RF
[M::mem_pestat] skip orientation RR
[M::mem_process_seqs] Processed 1672162 reads in 1621.082 CPU sec, 69.548 real sec
[M::process] read 1679744 sequences (240000238 bp)...
[M::mem_pestat] # candidate unique pairs for (FF, FR, RF, RR): (709, 542895, 76, 706)
[M::mem_pestat] analyzing insert size distribution for orientation FF...
[M::mem_pestat] (25, 50, 75) percentile: (127, 196, 376)
[M::mem_pestat] low and high boundaries for computing mean and std.dev: (1, 874)
[M::mem_pestat] mean and std.dev: (238.73, 172.35)
[M::mem_pestat] low and high boundaries for proper pairs: (1, 1123)
[M::mem_pestat] analyzing insert size distribution for orientation FR...
[M::mem_pestat] (25, 50, 75) percentile: (150, 185, 232)
[M::mem_pestat] low and high boundaries for computing mean and std.dev: (1, 396)
[M::mem_pestat] mean and std.dev: (191.52, 60.82)
[M::mem_pestat] low and high boundaries for proper pairs: (1, 478)
[M::mem_pestat] analyzing insert size distribution for orientation RF...
[M::mem_pestat] (25, 50, 75) percentile: (189, 571, 1862)
[M::mem_pestat] low and high boundaries for computing mean and std.dev: (1, 5208)
[M::mem_pestat] mean and std.dev: (896.07, 1129.63)
[M::mem_pestat] low and high boundaries for proper pairs: (1, 6881)
[M::mem_pestat] analyzing insert size distribution for orientation RR...
[M::mem_pestat] (25, 50, 75) percentile: (122, 195, 448)
[M::mem_pestat] low and high boundaries for computing mean and std.dev: (1, 1100)
[M::mem_pestat] mean and std.dev: (259.03, 219.62)
[M::mem_pestat] low and high boundaries for proper pairs: (1, 1426)
[M::mem_pestat] skip orientation FF
[M::mem_pestat] skip orientation RF
[M::mem_pestat] skip orientation RR
[M::mem_process_seqs] Processed 1672812 reads in 1623.622 CPU sec, 69.730 real sec
[M::process] read 1680164 sequences (240000049 bp)...
[M::mem_pestat] # candidate unique pairs for (FF, FR, RF, RR): (719, 544910, 79, 734)
[M::mem_pestat] analyzing insert size distribution for orientation FF...
[M::mem_pestat] (25, 50, 75) percentile: (122, 200, 399)
[M::mem_pestat] low and high boundaries for computing mean and std.dev: (1, 953)
[M::mem_pestat] mean and std.dev: (250.06, 192.50)
[M::mem_pestat] low and high boundaries for proper pairs: (1, 1230)
[M::mem_pestat] analyzing insert size distribution for orientation FR...
[M::mem_pestat] (25, 50, 75) percentile: (149, 184, 230)
[M::mem_pestat] low and high boundaries for computing mean and std.dev: (1, 392)
[M::mem_pestat] mean and std.dev: (190.05, 60.36)
[M::mem_pestat] low and high boundaries for proper pairs: (1, 473)
[M::mem_pestat] analyzing insert size distribution for orientation RF...
[M::mem_pestat] (25, 50, 75) percentile: (75, 209, 1197)
[M::mem_pestat] low and high boundaries for computing mean and std.dev: (1, 3441)
[M::mem_pestat] mean and std.dev: (569.61, 822.50)
[M::mem_pestat] low and high boundaries for proper pairs: (1, 4563)
[M::mem_pestat] analyzing insert size distribution for orientation RR...
[M::mem_pestat] (25, 50, 75) percentile: (122, 205, 492)
[M::mem_pestat] low and high boundaries for computing mean and std.dev: (1, 1232)
[M::mem_pestat] mean and std.dev: (294.06, 261.48)
[M::mem_pestat] low and high boundaries for proper pairs: (1, 1602)
[M::mem_pestat] skip orientation FF
[M::mem_pestat] skip orientation RF
[M::mem_pestat] skip orientation RR
[M::mem_process_seqs] Processed 1679744 reads in 1616.277 CPU sec, 68.987 real sec
[M::process] read 1678796 sequences (240000032 bp)...
[M::mem_pestat] # candidate unique pairs for (FF, FR, RF, RR): (697, 543904, 77, 705)
[M::mem_pestat] analyzing insert size distribution for orientation FF...
[M::mem_pestat] (25, 50, 75) percentile: (117, 183, 386)
[M::mem_pestat] low and high boundaries for computing mean and std.dev: (1, 924)
[M::mem_pestat] mean and std.dev: (227.49, 170.60)
[M::mem_pestat] low and high boundaries for proper pairs: (1, 1193)
[M::mem_pestat] analyzing insert size distribution for orientation FR...
[M::mem_pestat] (25, 50, 75) percentile: (149, 184, 230)
[M::mem_pestat] low and high boundaries for computing mean and std.dev: (1, 392)
[M::mem_pestat] mean and std.dev: (189.66, 60.22)
[M::mem_pestat] low and high boundaries for proper pairs: (1, 473)
[M::mem_pestat] analyzing insert size distribution for orientation RF...
[M::mem_pestat] (25, 50, 75) percentile: (66, 249, 1064)
[M::mem_pestat] low and high boundaries for computing mean and std.dev: (1, 3060)
[M::mem_pestat] mean and std.dev: (368.12, 449.76)
[M::mem_pestat] low and high boundaries for proper pairs: (1, 4058)
[M::mem_pestat] analyzing insert size distribution for orientation RR...
[M::mem_pestat] (25, 50, 75) percentile: (124, 198, 450)
[M::mem_pestat] low and high boundaries for computing mean and std.dev: (1, 1102)
[M::mem_pestat] mean and std.dev: (264.45, 216.21)
[M::mem_pestat] low and high boundaries for proper pairs: (1, 1428)
[M::mem_pestat] skip orientation FF
[M::mem_pestat] skip orientation RF
[M::mem_pestat] skip orientation RR
[M::mem_process_seqs] Processed 1680164 reads in 1623.147 CPU sec, 69.654 real sec
[M::process] read 1677102 sequences (240000160 bp)...
[M::mem_pestat] # candidate unique pairs for (FF, FR, RF, RR): (751, 544340, 63, 725)
[M::mem_pestat] analyzing insert size distribution for orientation FF...
[M::mem_pestat] (25, 50, 75) percentile: (126, 203, 367)
[M::mem_pestat] low and high boundaries for computing mean and std.dev: (1, 849)
[M::mem_pestat] mean and std.dev: (235.11, 170.89)
[M::mem_pestat] low and high boundaries for proper pairs: (1, 1090)
[M::mem_pestat] analyzing insert size distribution for orientation FR...
[M::mem_pestat] (25, 50, 75) percentile: (149, 184, 230)
[M::mem_pestat] low and high boundaries for computing mean and std.dev: (1, 392)
[M::mem_pestat] mean and std.dev: (190.00, 60.43)
[M::mem_pestat] low and high boundaries for proper pairs: (1, 473)
[M::mem_pestat] analyzing insert size distribution for orientation RF...
[M::mem_pestat] (25, 50, 75) percentile: (81, 310, 1442)
[M::mem_pestat] low and high boundaries for computing mean and std.dev: (1, 4164)
[M::mem_pestat] mean and std.dev: (646.04, 990.93)
[M::mem_pestat] low and high boundaries for proper pairs: (1, 5525)
[M::mem_pestat] analyzing insert size distribution for orientation RR...
[M::mem_pestat] (25, 50, 75) percentile: (115, 183, 386)
[M::mem_pestat] low and high boundaries for computing mean and std.dev: (1, 928)
[M::mem_pestat] mean and std.dev: (233.19, 175.70)
[M::mem_pestat] low and high boundaries for proper pairs: (1, 1199)
[M::mem_pestat] skip orientation FF
[M::mem_pestat] skip orientation RF
[M::mem_pestat] skip orientation RR
[M::mem_process_seqs] Processed 1678796 reads in 1622.225 CPU sec, 69.612 real sec
[M::process] read 1678584 sequences (240000046 bp)...
[M::mem_pestat] # candidate unique pairs for (FF, FR, RF, RR): (742, 543226, 83, 696)
[M::mem_pestat] analyzing insert size distribution for orientation FF...
[M::mem_pestat] (25, 50, 75) percentile: (117, 186, 396)
[M::mem_pestat] low and high boundaries for computing mean and std.dev: (1, 954)
[M::mem_pestat] mean and std.dev: (232.69, 174.72)
[M::mem_pestat] low and high boundaries for proper pairs: (1, 1233)
[M::mem_pestat] analyzing insert size distribution for orientation FR...
[M::mem_pestat] (25, 50, 75) percentile: (150, 185, 231)
[M::mem_pestat] low and high boundaries for computing mean and std.dev: (1, 393)
[M::mem_pestat] mean and std.dev: (190.41, 60.58)
[M::mem_pestat] low and high boundaries for proper pairs: (1, 474)
[M::mem_pestat] analyzing insert size distribution for orientation RF...
[M::mem_pestat] (25, 50, 75) percentile: (133, 509, 2368)
[M::mem_pestat] low and high boundaries for computing mean and std.dev: (1, 6838)
[M::mem_pestat] mean and std.dev: (1262.56, 1652.13)
[M::mem_pestat] low and high boundaries for proper pairs: (1, 9073)
[M::mem_pestat] analyzing insert size distribution for orientation RR...
[M::mem_pestat] (25, 50, 75) percentile: (118, 193, 413)
[M::mem_pestat] low and high boundaries for computing mean and std.dev: (1, 1003)
[M::mem_pestat] mean and std.dev: (249.07, 200.76)
[M::mem_pestat] low and high boundaries for proper pairs: (1, 1298)
[M::mem_pestat] skip orientation FF
[M::mem_pestat] skip orientation RF
[M::mem_pestat] skip orientation RR
[M::mem_process_seqs] Processed 1677102 reads in 1624.905 CPU sec, 69.719 real sec
[M::process] read 1677672 sequences (240000061 bp)...
[M::mem_pestat] # candidate unique pairs for (FF, FR, RF, RR): (760, 544131, 77, 723)
[M::mem_pestat] analyzing insert size distribution for orientation FF...
[M::mem_pestat] (25, 50, 75) percentile: (120, 189, 395)
[M::mem_pestat] low and high boundaries for computing mean and std.dev: (1, 945)
[M::mem_pestat] mean and std.dev: (239.00, 181.53)
[M::mem_pestat] low and high boundaries for proper pairs: (1, 1220)
[M::mem_pestat] analyzing insert size distribution for orientation FR...
[M::mem_pestat] (25, 50, 75) percentile: (149, 185, 231)
[M::mem_pestat] low and high boundaries for computing mean and std.dev: (1, 395)
[M::mem_pestat] mean and std.dev: (190.32, 60.70)
[M::mem_pestat] low and high boundaries for proper pairs: (1, 477)
[M::mem_pestat] analyzing insert size distribution for orientation RF...
[M::mem_pestat] (25, 50, 75) percentile: (104, 303, 2598)
[M::mem_pestat] low and high boundaries for computing mean and std.dev: (1, 7586)
[M::mem_pestat] mean and std.dev: (1263.31, 1882.32)
[M::mem_pestat] low and high boundaries for proper pairs: (1, 10080)
[M::mem_pestat] analyzing insert size distribution for orientation RR...
[M::mem_pestat] (25, 50, 75) percentile: (117, 183, 369)
[M::mem_pestat] low and high boundaries for computing mean and std.dev: (1, 873)
[M::mem_pestat] mean and std.dev: (228.24, 172.00)
[M::mem_pestat] low and high boundaries for proper pairs: (1, 1125)
[M::mem_pestat] skip orientation FF
[M::mem_pestat] skip orientation RF
[M::mem_pestat] skip orientation RR
[M::mem_process_seqs] Processed 1678584 reads in 1616.849 CPU sec, 69.409 real sec
[M::process] read 1676086 sequences (240000123 bp)...
[M::mem_pestat] # candidate unique pairs for (FF, FR, RF, RR): (738, 543656, 72, 708)
[M::mem_pestat] analyzing insert size distribution for orientation FF...
[M::mem_pestat] (25, 50, 75) percentile: (122, 198, 415)
[M::mem_pestat] low and high boundaries for computing mean and std.dev: (1, 1001)
[M::mem_pestat] mean and std.dev: (252.99, 190.23)
[M::mem_pestat] low and high boundaries for proper pairs: (1, 1294)
[M::mem_pestat] analyzing insert size distribution for orientation FR...
[M::mem_pestat] (25, 50, 75) percentile: (150, 185, 231)
[M::mem_pestat] low and high boundaries for computing mean and std.dev: (1, 393)
[M::mem_pestat] mean and std.dev: (190.30, 60.69)
[M::mem_pestat] low and high boundaries for proper pairs: (1, 474)
[M::mem_pestat] analyzing insert size distribution for orientation RF...
[M::mem_pestat] (25, 50, 75) percentile: (97, 227, 1032)
[M::mem_pestat] low and high boundaries for computing mean and std.dev: (1, 2902)
[M::mem_pestat] mean and std.dev: (523.14, 720.18)
[M::mem_pestat] low and high boundaries for proper pairs: (1, 3837)
[M::mem_pestat] analyzing insert size distribution for orientation RR...
[M::mem_pestat] (25, 50, 75) percentile: (118, 191, 391)
[M::mem_pestat] low and high boundaries for computing mean and std.dev: (1, 937)
[M::mem_pestat] mean and std.dev: (230.86, 175.73)
[M::mem_pestat] low and high boundaries for proper pairs: (1, 1210)
[M::mem_pestat] skip orientation FF
[M::mem_pestat] skip orientation RF
[M::mem_pestat] skip orientation RR
[M::mem_process_seqs] Processed 1677672 reads in 1625.914 CPU sec, 69.866 real sec
[M::process] read 1674966 sequences (240000091 bp)...
[M::mem_pestat] # candidate unique pairs for (FF, FR, RF, RR): (695, 543511, 86, 680)
[M::mem_pestat] analyzing insert size distribution for orientation FF...
[M::mem_pestat] (25, 50, 75) percentile: (120, 186, 412)
[M::mem_pestat] low and high boundaries for computing mean and std.dev: (1, 996)
[M::mem_pestat] mean and std.dev: (247.57, 198.49)
[M::mem_pestat] low and high boundaries for proper pairs: (1, 1288)
[M::mem_pestat] analyzing insert size distribution for orientation FR...
[M::mem_pestat] (25, 50, 75) percentile: (150, 185, 231)
[M::mem_pestat] low and high boundaries for computing mean and std.dev: (1, 393)
[M::mem_pestat] mean and std.dev: (190.45, 60.42)
[M::mem_pestat] low and high boundaries for proper pairs: (1, 474)
[M::mem_pestat] analyzing insert size distribution for orientation RF...
[M::mem_pestat] (25, 50, 75) percentile: (87, 379, 1203)
[M::mem_pestat] low and high boundaries for computing mean and std.dev: (1, 3435)
[M::mem_pestat] mean and std.dev: (504.29, 597.51)
[M::mem_pestat] low and high boundaries for proper pairs: (1, 4551)
[M::mem_pestat] analyzing insert size distribution for orientation RR...
[M::mem_pestat] (25, 50, 75) percentile: (118, 186, 428)
[M::mem_pestat] low and high boundaries for computing mean and std.dev: (1, 1048)
[M::mem_pestat] mean and std.dev: (253.46, 214.91)
[M::mem_pestat] low and high boundaries for proper pairs: (1, 1358)
[M::mem_pestat] skip orientation FF
[M::mem_pestat] skip orientation RF
[M::mem_pestat] skip orientation RR
[M::mem_process_seqs] Processed 1676086 reads in 1617.013 CPU sec, 69.109 real sec
[M::process] read 1674664 sequences (240000168 bp)...
[M::mem_pestat] # candidate unique pairs for (FF, FR, RF, RR): (740, 543560, 65, 699)
[M::mem_pestat] analyzing insert size distribution for orientation FF...
[M::mem_pestat] (25, 50, 75) percentile: (125, 207, 428)
[M::mem_pestat] low and high boundaries for computing mean and std.dev: (1, 1034)
[M::mem_pestat] mean and std.dev: (257.70, 204.59)
[M::mem_pestat] low and high boundaries for proper pairs: (1, 1337)
[M::mem_pestat] analyzing insert size distribution for orientation FR...
[M::mem_pestat] (25, 50, 75) percentile: (150, 185, 231)
[M::mem_pestat] low and high boundaries for computing mean and std.dev: (1, 393)
[M::mem_pestat] mean and std.dev: (190.57, 60.46)
[M::mem_pestat] low and high boundaries for proper pairs: (1, 474)
[M::mem_pestat] analyzing insert size distribution for orientation RF...
[M::mem_pestat] (25, 50, 75) percentile: (105, 363, 2231)
[M::mem_pestat] low and high boundaries for computing mean and std.dev: (1, 6483)
[M::mem_pestat] mean and std.dev: (1041.49, 1581.04)
[M::mem_pestat] low and high boundaries for proper pairs: (1, 8609)
[M::mem_pestat] analyzing insert size distribution for orientation RR...
[M::mem_pestat] (25, 50, 75) percentile: (127, 201, 432)
[M::mem_pestat] low and high boundaries for computing mean and std.dev: (1, 1042)
[M::mem_pestat] mean and std.dev: (252.96, 191.59)
[M::mem_pestat] low and high boundaries for proper pairs: (1, 1347)
[M::mem_pestat] skip orientation FF
[M::mem_pestat] skip orientation RF
[M::mem_pestat] skip orientation RR
[M::mem_process_seqs] Processed 1674966 reads in 1616.740 CPU sec, 69.396 real sec
