[M::bwa_idx_load_from_disk] read 0 ALT contigs
[M::process] read 1741278 sequences (240000101 bp)...
[M::process] read 1740356 sequences (240000044 bp)...
[M::mem_pestat] # candidate unique pairs for (FF, FR, RF, RR): (444, 565901, 39, 443)
[M::mem_pestat] analyzing insert size distribution for orientation FF...
[M::mem_pestat] (25, 50, 75) percentile: (86, 124, 239)
[M::mem_pestat] low and high boundaries for computing mean and std.dev: (1, 545)
[M::mem_pestat] mean and std.dev: (155.32, 106.39)
[M::mem_pestat] low and high boundaries for proper pairs: (1, 698)
[M::mem_pestat] analyzing insert size distribution for orientation FR...
[M::mem_pestat] (25, 50, 75) percentile: (126, 148, 172)
[M::mem_pestat] low and high boundaries for computing mean and std.dev: (34, 264)
[M::mem_pestat] mean and std.dev: (149.96, 34.49)
[M::mem_pestat] low and high boundaries for proper pairs: (1, 310)
[M::mem_pestat] analyzing insert size distribution for orientation RF...
[M::mem_pestat] (25, 50, 75) percentile: (80, 154, 357)
[M::mem_pestat] low and high boundaries for computing mean and std.dev: (1, 911)
[M::mem_pestat] mean and std.dev: (160.24, 139.02)
[M::mem_pestat] low and high boundaries for proper pairs: (1, 1188)
[M::mem_pestat] analyzing insert size distribution for orientation RR...
[M::mem_pestat] (25, 50, 75) percentile: (88, 125, 242)
[M::mem_pestat] low and high boundaries for computing mean and std.dev: (1, 550)
[M::mem_pestat] mean and std.dev: (156.84, 111.09)
[M::mem_pestat] low and high boundaries for proper pairs: (1, 704)
[M::mem_pestat] skip orientation FF
[M::mem_pestat] skip orientation RF
[M::mem_pestat] skip orientation RR
[M::mem_process_seqs] Processed 1741278 reads in 2025.898 CPU sec, 85.548 real sec
[M::process] read 1737898 sequences (240000287 bp)...
[M::mem_pestat] # candidate unique pairs for (FF, FR, RF, RR): (439, 567138, 40, 409)
[M::mem_pestat] analyzing insert size distribution for orientation FF...
[M::mem_pestat] (25, 50, 75) percentile: (89, 133, 272)
[M::mem_pestat] low and high boundaries for computing mean and std.dev: (1, 638)
[M::mem_pestat] mean and std.dev: (171.27, 123.38)
[M::mem_pestat] low and high boundaries for proper pairs: (1, 821)
[M::mem_pestat] analyzing insert size distribution for orientation FR...
[M::mem_pestat] (25, 50, 75) percentile: (126, 148, 172)
[M::mem_pestat] low and high boundaries for computing mean and std.dev: (34, 264)
[M::mem_pestat] mean and std.dev: (149.80, 34.33)
[M::mem_pestat] low and high boundaries for proper pairs: (1, 310)
[M::mem_pestat] analyzing insert size distribution for orientation RF...
[M::mem_pestat] (25, 50, 75) percentile: (70, 178, 359)
[M::mem_pestat] low and high boundaries for computing mean and std.dev: (1, 937)
[M::mem_pestat] mean and std.dev: (181.63, 169.11)
[M::mem_pestat] low and high boundaries for proper pairs: (1, 1226)
[M::mem_pestat] analyzing insert size distribution for orientation RR...
[M::mem_pestat] (25, 50, 75) percentile: (91, 122, 259)
[M::mem_pestat] low and high boundaries for computing mean and std.dev: (1, 595)
[M::mem_pestat] mean and std.dev: (157.43, 114.73)
[M::mem_pestat] low and high boundaries for proper pairs: (1, 763)
[M::mem_pestat] skip orientation FF
[M::mem_pestat] skip orientation RF
[M::mem_pestat] skip orientation RR
[M::mem_process_seqs] Processed 1740356 reads in 2051.852 CPU sec, 87.709 real sec
[M::process] read 1736482 sequences (240000217 bp)...
[M::mem_pestat] # candidate unique pairs for (FF, FR, RF, RR): (425, 565120, 21, 482)
[M::mem_pestat] analyzing insert size distribution for orientation FF...
[M::mem_pestat] (25, 50, 75) percentile: (88, 120, 237)
[M::mem_pestat] low and high boundaries for computing mean and std.dev: (1, 535)
[M::mem_pestat] mean and std.dev: (148.14, 99.23)
[M::mem_pestat] low and high boundaries for proper pairs: (1, 684)
[M::mem_pestat] analyzing insert size distribution for orientation FR...
[M::mem_pestat] (25, 50, 75) percentile: (127, 149, 172)
[M::mem_pestat] low and high boundaries for computing mean and std.dev: (37, 262)
[M::mem_pestat] mean and std.dev: (150.06, 34.31)
[M::mem_pestat] low and high boundaries for proper pairs: (1, 307)
[M::mem_pestat] analyzing insert size distribution for orientation RF...
[M::mem_pestat] (25, 50, 75) percentile: (94, 318, 1202)
[M::mem_pestat] low and high boundaries for computing mean and std.dev: (1, 3418)
[M::mem_pestat] mean and std.dev: (446.94, 521.98)
[M::mem_pestat] low and high boundaries for proper pairs: (1, 4526)
[M::mem_pestat] analyzing insert size distribution for orientation RR...
[M::mem_pestat] (25, 50, 75) percentile: (88, 120, 250)
[M::mem_pestat] low and high boundaries for computing mean and std.dev: (1, 574)
[M::mem_pestat] mean and std.dev: (155.11, 108.43)
[M::mem_pestat] low and high boundaries for proper pairs: (1, 736)
[M::mem_pestat] skip orientation FF
[M::mem_pestat] skip orientation RF
[M::mem_pestat] skip orientation RR
[M::mem_process_seqs] Processed 1737898 reads in 2070.469 CPU sec, 88.973 real sec
[M::process] read 1737284 sequences (240000079 bp)...
[M::mem_pestat] # candidate unique pairs for (FF, FR, RF, RR): (428, 565719, 36, 434)
[M::mem_pestat] analyzing insert size distribution for orientation FF...
[M::mem_pestat] (25, 50, 75) percentile: (93, 132, 254)
[M::mem_pestat] low and high boundaries for computing mean and std.dev: (1, 576)
[M::mem_pestat] mean and std.dev: (166.65, 114.86)
[M::mem_pestat] low and high boundaries for proper pairs: (1, 737)
[M::mem_pestat] analyzing insert size distribution for orientation FR...
[M::mem_pestat] (25, 50, 75) percentile: (127, 149, 172)
[M::mem_pestat] low and high boundaries for computing mean and std.dev: (37, 262)
[M::mem_pestat] mean and std.dev: (150.14, 34.29)
[M::mem_pestat] low and high boundaries for proper pairs: (1, 307)
[M::mem_pestat] analyzing insert size distribution for orientation RF...
[M::mem_pestat] (25, 50, 75) percentile: (140, 397, 1655)
[M::mem_pestat] low and high boundaries for computing mean and std.dev: (1, 4685)
[M::mem_pestat] mean and std.dev: (491.71, 588.71)
[M::mem_pestat] low and high boundaries for proper pairs: (1, 6200)
[M::mem_pestat] analyzing insert size distribution for orientation RR...
[M::mem_pestat] (25, 50, 75) percentile: (89, 126, 266)
[M::mem_pestat] low and high boundaries for computing mean and std.dev: (1, 620)
[M::mem_pestat] mean and std.dev: (170.66, 127.47)
[M::mem_pestat] low and high boundaries for proper pairs: (1, 797)
[M::mem_pestat] skip orientation FF
[M::mem_pestat] skip orientation RF
[M::mem_pestat] skip orientation RR
[M::mem_process_seqs] Processed 1736482 reads in 2071.845 CPU sec, 88.897 real sec
[M::process] read 1735432 sequences (240000074 bp)...
[M::mem_pestat] # candidate unique pairs for (FF, FR, RF, RR): (415, 565921, 34, 412)
[M::mem_pestat] analyzing insert size distribution for orientation FF...
[M::mem_pestat] (25, 50, 75) percentile: (88, 131, 313)
[M::mem_pestat] low and high boundaries for computing mean and std.dev: (1, 763)
[M::mem_pestat] mean and std.dev: (193.14, 156.13)
[M::mem_pestat] low and high boundaries for proper pairs: (1, 988)
[M::mem_pestat] analyzing insert size distribution for orientation FR...
[M::mem_pestat] (25, 50, 75) percentile: (127, 149, 172)
[M::mem_pestat] low and high boundaries for computing mean and std.dev: (37, 262)
[M::mem_pestat] mean and std.dev: (150.05, 34.32)
[M::mem_pestat] low and high boundaries for proper pairs: (1, 307)
[M::mem_pestat] analyzing insert size distribution for orientation RF...
[M::mem_pestat] (25, 50, 75) percentile: (87, 248, 515)
[M::mem_pestat] low and high boundaries for computing mean and std.dev: (1, 1371)
[M::mem_pestat] mean and std.dev: (247.13, 215.58)
[M::mem_pestat] low and high boundaries for proper pairs: (1, 1799)
[M::mem_pestat] analyzing insert size distribution for orientation RR...
[M::mem_pestat] (25, 50, 75) percentile: (86, 129, 255)
[M::mem_pestat] low and high boundaries for computing mean and std.dev: (1, 593)
[M::mem_pestat] mean and std.dev: (162.42, 117.23)
[M::mem_pestat] low and high boundaries for proper pairs: (1, 762)
[M::mem_pestat] skip orientation FF
[M::mem_pestat] skip orientation RF
[M::mem_pestat] skip orientation RR
[M::mem_process_seqs] Processed 1737284 reads in 2074.162 CPU sec, 89.188 real sec
[M::process] read 1734214 sequences (240000179 bp)...
[M::mem_pestat] # candidate unique pairs for (FF, FR, RF, RR): (401, 566416, 31, 436)
[M::mem_pestat] analyzing insert size distribution for orientation FF...
[M::mem_pestat] (25, 50, 75) percentile: (92, 129, 294)
[M::mem_pestat] low and high boundaries for computing mean and std.dev: (1, 698)
[M::mem_pestat] mean and std.dev: (172.07, 126.54)
[M::mem_pestat] low and high boundaries for proper pairs: (1, 900)
[M::mem_pestat] analyzing insert size distribution for orientation FR...
[M::mem_pestat] (25, 50, 75) percentile: (127, 149, 172)
[M::mem_pestat] low and high boundaries for computing mean and std.dev: (37, 262)
[M::mem_pestat] mean and std.dev: (150.18, 34.32)
[M::mem_pestat] low and high boundaries for proper pairs: (1, 307)
[M::mem_pestat] analyzing insert size distribution for orientation RF...
[M::mem_pestat] (25, 50, 75) percentile: (38, 110, 443)
[M::mem_pestat] low and high boundaries for computing mean and std.dev: (1, 1253)
[M::mem_pestat] mean and std.dev: (119.00, 125.42)
[M::mem_pestat] low and high boundaries for proper pairs: (1, 1658)
[M::mem_pestat] analyzing insert size distribution for orientation RR...
[M::mem_pestat] (25, 50, 75) percentile: (90, 121, 221)
[M::mem_pestat] low and high boundaries for computing mean and std.dev: (1, 483)
[M::mem_pestat] mean and std.dev: (138.34, 82.37)
[M::mem_pestat] low and high boundaries for proper pairs: (1, 614)
[M::mem_pestat] skip orientation FF
[M::mem_pestat] skip orientation RF
[M::mem_pestat] skip orientation RR
[M::mem_process_seqs] Processed 1735432 reads in 2070.504 CPU sec, 88.976 real sec
[M::process] read 1736328 sequences (240000259 bp)...
[M::mem_pestat] # candidate unique pairs for (FF, FR, RF, RR): (406, 564563, 20, 467)
[M::mem_pestat] analyzing insert size distribution for orientation FF...
[M::mem_pestat] (25, 50, 75) percentile: (88, 126, 302)
[M::mem_pestat] low and high boundaries for computing mean and std.dev: (1, 730)
[M::mem_pestat] mean and std.dev: (187.21, 154.74)
[M::mem_pestat] low and high boundaries for proper pairs: (1, 944)
[M::mem_pestat] analyzing insert size distribution for orientation FR...
[M::mem_pestat] (25, 50, 75) percentile: (127, 149, 173)
[M::mem_pestat] low and high boundaries for computing mean and std.dev: (35, 265)
[M::mem_pestat] mean and std.dev: (150.33, 34.43)
[M::mem_pestat] low and high boundaries for proper pairs: (1, 311)
[M::mem_pestat] analyzing insert size distribution for orientation RF...
[M::mem_pestat] (25, 50, 75) percentile: (197, 280, 1041)
[M::mem_pestat] low and high boundaries for computing mean and std.dev: (1, 2729)
[M::mem_pestat] mean and std.dev: (378.29, 414.59)
[M::mem_pestat] low and high boundaries for proper pairs: (1, 3573)
[M::mem_pestat] analyzing insert size distribution for orientation RR...
[M::mem_pestat] (25, 50, 75) percentile: (89, 120, 229)
[M::mem_pestat] low and high boundaries for computing mean and std.dev: (1, 509)
[M::mem_pestat] mean and std.dev: (147.82, 95.55)
[M::mem_pestat] low and high boundaries for proper pairs: (1, 649)
[M::mem_pestat] skip orientation FF
[M::mem_pestat] skip orientation RF
[M::mem_pestat] skip orientation RR
[M::mem_process_seqs] Processed 1734214 reads in 2073.721 CPU sec, 88.970 real sec
[M::process] read 1732880 sequences (240000264 bp)...
[M::mem_pestat] # candidate unique pairs for (FF, FR, RF, RR): (405, 565925, 22, 478)
[M::mem_pestat] analyzing insert size distribution for orientation FF...
[M::mem_pestat] (25, 50, 75) percentile: (86, 126, 259)
[M::mem_pestat] low and high boundaries for computing mean and std.dev: (1, 605)
[M::mem_pestat] mean and std.dev: (159.19, 117.69)
[M::mem_pestat] low and high boundaries for proper pairs: (1, 778)
[M::mem_pestat] analyzing insert size distribution for orientation FR...
[M::mem_pestat] (25, 50, 75) percentile: (127, 149, 173)
[M::mem_pestat] low and high boundaries for computing mean and std.dev: (35, 265)
[M::mem_pestat] mean and std.dev: (150.44, 34.44)
[M::mem_pestat] low and high boundaries for proper pairs: (1, 311)
[M::mem_pestat] analyzing insert size distribution for orientation RF...
[M::mem_pestat] (25, 50, 75) percentile: (76, 221, 443)
[M::mem_pestat] low and high boundaries for computing mean and std.dev: (1, 1177)
[M::mem_pestat] mean and std.dev: (222.63, 207.87)
[M::mem_pestat] low and high boundaries for proper pairs: (1, 1544)
[M::mem_pestat] analyzing insert size distribution for orientation RR...
[M::mem_pestat] (25, 50, 75) percentile: (88, 129, 278)
[M::mem_pestat] low and high boundaries for computing mean and std.dev: (1, 658)
[M::mem_pestat] mean and std.dev: (179.16, 140.49)
[M::mem_pestat] low and high boundaries for proper pairs: (1, 848)
[M::mem_pestat] skip orientation FF
[M::mem_pestat] skip orientation RF
[M::mem_pestat] skip orientation RR
[M::mem_process_seqs] Processed 1736328 reads in 2067.686 CPU sec, 88.866 real sec
[M::process] read 1733474 sequences (240000199 bp)...
[M::mem_pestat] # candidate unique pairs for (FF, FR, RF, RR): (454, 563626, 31, 422)
[M::mem_pestat] analyzing insert size distribution for orientation FF...
[M::mem_pestat] (25, 50, 75) percentile: (89, 124, 239)
[M::mem_pestat] low and high boundaries for computing mean and std.dev: (1, 539)
[M::mem_pestat] mean and std.dev: (146.37, 91.53)
[M::mem_pestat] low and high boundaries for proper pairs: (1, 689)
[M::mem_pestat] analyzing insert size distribution for orientation FR...
[M::mem_pestat] (25, 50, 75) percentile: (127, 149, 173)
[M::mem_pestat] low and high boundaries for computing mean and std.dev: (35, 265)
[M::mem_pestat] mean and std.dev: (150.47, 34.46)
[M::mem_pestat] low and high boundaries for proper pairs: (1, 311)
[M::mem_pestat] analyzing insert size distribution for orientation RF...
[M::mem_pestat] (25, 50, 75) percentile: (85, 227, 1284)
[M::mem_pestat] low and high boundaries for computing mean and std.dev: (1, 3682)
[M::mem_pestat] mean and std.dev: (616.54, 899.32)
[M::mem_pestat] low and high boundaries for proper pairs: (1, 4881)
[M::mem_pestat] analyzing insert size distribution for orientation RR...
[M::mem_pestat] (25, 50, 75) percentile: (88, 121, 267)
[M::mem_pestat] low and high boundaries for computing mean and std.dev: (1, 625)
[M::mem_pestat] mean and std.dev: (163.36, 120.51)
[M::mem_pestat] low and high boundaries for proper pairs: (1, 804)
[M::mem_pestat] skip orientation FF
[M::mem_pestat] skip orientation RF
[M::mem_pestat] skip orientation RR
[M::mem_process_seqs] Processed 1732880 reads in 2070.178 CPU sec, 88.464 real sec
[M::process] read 1731804 sequences (240000216 bp)...
[M::mem_pestat] # candidate unique pairs for (FF, FR, RF, RR): (406, 565395, 37, 433)
[M::mem_pestat] analyzing insert size distribution for orientation FF...
[M::mem_pestat] (25, 50, 75) percentile: (92, 128, 258)
[M::mem_pestat] low and high boundaries for computing mean and std.dev: (1, 590)
[M::mem_pestat] mean and std.dev: (162.32, 113.83)
[M::mem_pestat] low and high boundaries for proper pairs: (1, 756)
[M::mem_pestat] analyzing insert size distribution for orientation FR...
[M::mem_pestat] (25, 50, 75) percentile: (127, 149, 172)
[M::mem_pestat] low and high boundaries for computing mean and std.dev: (37, 262)
[M::mem_pestat] mean and std.dev: (150.16, 34.25)
[M::mem_pestat] low and high boundaries for proper pairs: (1, 307)
[M::mem_pestat] analyzing insert size distribution for orientation RF...
[M::mem_pestat] (25, 50, 75) percentile: (81, 286, 733)
[M::mem_pestat] low and high boundaries for computing mean and std.dev: (1, 2037)
[M::mem_pestat] mean and std.dev: (336.18, 362.38)
[M::mem_pestat] low and high boundaries for proper pairs: (1, 2689)
[M::mem_pestat] analyzing insert size distribution for orientation RR...
[M::mem_pestat] (25, 50, 75) percentile: (92, 122, 284)
[M::mem_pestat] low and high boundaries for computing mean and std.dev: (1, 668)
[M::mem_pestat] mean and std.dev: (169.23, 130.29)
[M::mem_pestat] low and high boundaries for proper pairs: (1, 860)
[M::mem_pestat] skip orientation FF
[M::mem_pestat] skip orientation RF
[M::mem_pestat] skip orientation RR
[M::mem_process_seqs] Processed 1733474 reads in 2072.698 CPU sec, 89.059 real sec
[M::process] read 1728690 sequences (240000179 bp)...
[M::mem_pestat] # candidate unique pairs for (FF, FR, RF, RR): (399, 564485, 38, 393)
[M::mem_pestat] analyzing insert size distribution for orientation FF...
[M::mem_pestat] (25, 50, 75) percentile: (90, 131, 247)
[M::mem_pestat] low and high boundaries for computing mean and std.dev: (1, 561)
[M::mem_pestat] mean and std.dev: (156.85, 103.97)
[M::mem_pestat] low and high boundaries for proper pairs: (1, 718)
[M::mem_pestat] analyzing insert size distribution for orientation FR...
[M::mem_pestat] (25, 50, 75) percentile: (127, 149, 173)
[M::mem_pestat] low and high boundaries for computing mean and std.dev: (35, 265)
[M::mem_pestat] mean and std.dev: (150.35, 34.37)
[M::mem_pestat] low and high boundaries for proper pairs: (1, 311)
[M::mem_pestat] analyzing insert size distribution for orientation RF...
[M::mem_pestat] (25, 50, 75) percentile: (87, 172, 754)
[M::mem_pestat] low and high boundaries for computing mean and std.dev: (1, 2088)
[M::mem_pestat] mean and std.dev: (303.15, 367.41)
[M::mem_pestat] low and high boundaries for proper pairs: (1, 2755)
[M::mem_pestat] analyzing insert size distribution for orientation RR...
[M::mem_pestat] (25, 50, 75) percentile: (95, 133, 288)
[M::mem_pestat] low and high boundaries for computing mean and std.dev: (1, 674)
[M::mem_pestat] mean and std.dev: (173.09, 121.36)
[M::mem_pestat] low and high boundaries for proper pairs: (1, 867)
[M::mem_pestat] skip orientation FF
[M::mem_pestat] skip orientation RF
[M::mem_pestat] skip orientation RR
[M::mem_process_seqs] Processed 1731804 reads in 2074.614 CPU sec, 89.136 real sec
[M::process] read 1729630 sequences (240000179 bp)...
[M::mem_pestat] # candidate unique pairs for (FF, FR, RF, RR): (401, 563335, 42, 428)
[M::mem_pestat] analyzing insert size distribution for orientation FF...
[M::mem_pestat] (25, 50, 75) percentile: (91, 132, 281)
[M::mem_pestat] low and high boundaries for computing mean and std.dev: (1, 661)
[M::mem_pestat] mean and std.dev: (166.13, 120.18)
[M::mem_pestat] low and high boundaries for proper pairs: (1, 851)
[M::mem_pestat] analyzing insert size distribution for orientation FR...
[M::mem_pestat] (25, 50, 75) percentile: (127, 149, 173)
[M::mem_pestat] low and high boundaries for computing mean and std.dev: (35, 265)
[M::mem_pestat] mean and std.dev: (150.67, 34.40)
[M::mem_pestat] low and high boundaries for proper pairs: (1, 311)
[M::mem_pestat] analyzing insert size distribution for orientation RF...
[M::mem_pestat] (25, 50, 75) percentile: (46, 206, 496)
[M::mem_pestat] low and high boundaries for computing mean and std.dev: (1, 1396)
[M::mem_pestat] mean and std.dev: (253.69, 304.73)
[M::mem_pestat] low and high boundaries for proper pairs: (1, 1846)
[M::mem_pestat] analyzing insert size distribution for orientation RR...
[M::mem_pestat] (25, 50, 75) percentile: (87, 130, 301)
[M::mem_pestat] low and high boundaries for computing mean and std.dev: (1, 729)
[M::mem_pestat] mean and std.dev: (180.50, 143.58)
[M::mem_pestat] low and high boundaries for proper pairs: (1, 943)
[M::mem_pestat] skip orientation FF
[M::mem_pestat] skip orientation RF
[M::mem_pestat] skip orientation RR
[M::mem_process_seqs] Processed 1728690 reads in 2077.488 CPU sec, 89.128 real sec
[M::process] read 1737080 sequences (240000164 bp)...
[M::mem_pestat] # candidate unique pairs for (FF, FR, RF, RR): (438, 562659, 30, 438)
[M::mem_pestat] analyzing insert size distribution for orientation FF...
[M::mem_pestat] (25, 50, 75) percentile: (86, 114, 217)
[M::mem_pestat] low and high boundaries for computing mean and std.dev: (1, 479)
[M::mem_pestat] mean and std.dev: (142.45, 95.22)
[M::mem_pestat] low and high boundaries for proper pairs: (1, 610)
[M::mem_pestat] analyzing insert size distribution for orientation FR...
[M::mem_pestat] (25, 50, 75) percentile: (127, 149, 173)
[M::mem_pestat] low and high boundaries for computing mean and std.dev: (35, 265)
[M::mem_pestat] mean and std.dev: (150.60, 34.37)
[M::mem_pestat] low and high boundaries for proper pairs: (1, 311)
[M::mem_pestat] analyzing insert size distribution for orientation RF...
[M::mem_pestat] (25, 50, 75) percentile: (92, 287, 989)
[M::mem_pestat] low and high boundaries for computing mean and std.dev: (1, 2783)
[M::mem_pestat] mean and std.dev: (352.12, 402.42)
[M::mem_pestat] low and high boundaries for proper pairs: (1, 3680)
[M::mem_pestat] analyzing insert size distribution for orientation RR...
[M::mem_pestat] (25, 50, 75) percentile: (91, 133, 281)
[M::mem_pestat] low and high boundaries for computing mean and std.dev: (1, 661)
[M::mem_pestat] mean and std.dev: (171.69, 131.00)
[M::mem_pestat] low and high boundaries for proper pairs: (1, 851)
[M::mem_pestat] skip orientation FF
[M::mem_pestat] skip orientation RF
[M::mem_pestat] skip orientation RR
[M::mem_process_seqs] Processed 1729630 reads in 2078.448 CPU sec, 89.227 real sec
[M::process] read 1737048 sequences (240000173 bp)...
[M::mem_pestat] # candidate unique pairs for (FF, FR, RF, RR): (427, 565520, 31, 433)
[M::mem_pestat] analyzing insert size distribution for orientation FF...
[M::mem_pestat] (25, 50, 75) percentile: (88, 123, 243)
[M::mem_pestat] low and high boundaries for computing mean and std.dev: (1, 553)
[M::mem_pestat] mean and std.dev: (152.26, 103.46)
[M::mem_pestat] low and high boundaries for proper pairs: (1, 708)
[M::mem_pestat] analyzing insert size distribution for orientation FR...
[M::mem_pestat] (25, 50, 75) percentile: (127, 149, 173)
[M::mem_pestat] low and high boundaries for computing mean and std.dev: (35, 265)
[M::mem_pestat] mean and std.dev: (150.24, 34.53)
[M::mem_pestat] low and high boundaries for proper pairs: (1, 311)
[M::mem_pestat] analyzing insert size distribution for orientation RF...
[M::mem_pestat] (25, 50, 75) percentile: (61, 197, 552)
[M::mem_pestat] low and high boundaries for computing mean and std.dev: (1, 1534)
[M::mem_pestat] mean and std.dev: (305.83, 311.84)
[M::mem_pestat] low and high boundaries for proper pairs: (1, 2025)
[M::mem_pestat] analyzing insert size distribution for orientation RR...
[M::mem_pestat] (25, 50, 75) percentile: (93, 139, 276)
[M::mem_pestat] low and high boundaries for computing mean and std.dev: (1, 642)
[M::mem_pestat] mean and std.dev: (181.29, 133.24)
[M::mem_pestat] low and high boundaries for proper pairs: (1, 825)
[M::mem_pestat] skip orientation FF
[M::mem_pestat] skip orientation RF
[M::mem_pestat] skip orientation RR
[M::mem_process_seqs] Processed 1737080 reads in 2077.810 CPU sec, 89.129 real sec
[M::process] read 1735258 sequences (240000268 bp)...
[M::mem_pestat] # candidate unique pairs for (FF, FR, RF, RR): (427, 564832, 29, 408)
[M::mem_pestat] analyzing insert size distribution for orientation FF...
[M::mem_pestat] (25, 50, 75) percentile: (93, 132, 269)
[M::mem_pestat] low and high boundaries for computing mean and std.dev: (1, 621)
[M::mem_pestat] mean and std.dev: (175.88, 124.43)
[M::mem_pestat] low and high boundaries for proper pairs: (1, 797)
[M::mem_pestat] analyzing insert size distribution for orientation FR...
[M::mem_pestat] (25, 50, 75) percentile: (127, 149, 172)
[M::mem_pestat] low and high boundaries for computing mean and std.dev: (37, 262)
[M::mem_pestat] mean and std.dev: (150.17, 34.30)
[M::mem_pestat] low and high boundaries for proper pairs: (1, 307)
[M::mem_pestat] analyzing insert size distribution for orientation RF...
[M::mem_pestat] (25, 50, 75) percentile: (84, 196, 1952)
[M::mem_pestat] low and high boundaries for computing mean and std.dev: (1, 5688)
[M::mem_pestat] mean and std.dev: (844.44, 1444.36)
[M::mem_pestat] low and high boundaries for proper pairs: (1, 7556)
[M::mem_pestat] analyzing insert size distribution for orientation RR...
[M::mem_pestat] (25, 50, 75) percentile: (89, 123, 251)
[M::mem_pestat] low and high boundaries for computing mean and std.dev: (1, 575)
[M::mem_pestat] mean and std.dev: (157.24, 109.99)
[M::mem_pestat] low and high boundaries for proper pairs: (1, 737)
[M::mem_pestat] skip orientation FF
[M::mem_pestat] skip orientation RF
[M::mem_pestat] skip orientation RR
[M::mem_process_seqs] Processed 1737048 reads in 2078.903 CPU sec, 89.188 real sec
[M::process] read 1734442 sequences (240000002 bp)...
[M::mem_pestat] # candidate unique pairs for (FF, FR, RF, RR): (392, 565702, 24, 450)
[M::mem_pestat] analyzing insert size distribution for orientation FF...
[M::mem_pestat] (25, 50, 75) percentile: (89, 127, 298)
[M::mem_pestat] low and high boundaries for computing mean and std.dev: (1, 716)
[M::mem_pestat] mean and std.dev: (181.96, 146.80)
[M::mem_pestat] low and high boundaries for proper pairs: (1, 925)
[M::mem_pestat] analyzing insert size distribution for orientation FR...
[M::mem_pestat] (25, 50, 75) percentile: (127, 149, 172)
[M::mem_pestat] low and high boundaries for computing mean and std.dev: (37, 262)
[M::mem_pestat] mean and std.dev: (150.21, 34.31)
[M::mem_pestat] low and high boundaries for proper pairs: (1, 307)
[M::mem_pestat] analyzing insert size distribution for orientation RF...
[M::mem_pestat] (25, 50, 75) percentile: (76, 194, 1142)
[M::mem_pestat] low and high boundaries for computing mean and std.dev: (1, 3274)
[M::mem_pestat] mean and std.dev: (273.80, 391.08)
[M::mem_pestat] low and high boundaries for proper pairs: (1, 4340)
[M::mem_pestat] analyzing insert size distribution for orientation RR...
[M::mem_pestat] (25, 50, 75) percentile: (88, 133, 305)
[M::mem_pestat] low and high boundaries for computing mean and std.dev: (1, 739)
[M::mem_pestat] mean and std.dev: (183.84, 144.24)
[M::mem_pestat] low and high boundaries for proper pairs: (1, 956)
[M::mem_pestat] skip orientation FF
[M::mem_pestat] skip orientation RF
[M::mem_pestat] skip orientation RR
[M::mem_process_seqs] Processed 1735258 reads in 2066.920 CPU sec, 88.790 real sec
[M::process] read 1735230 sequences (240000104 bp)...
[M::mem_pestat] # candidate unique pairs for (FF, FR, RF, RR): (421, 564822, 47, 449)
[M::mem_pestat] analyzing insert size distribution for orientation FF...
[M::mem_pestat] (25, 50, 75) percentile: (88, 118, 238)
[M::mem_pestat] low and high boundaries for computing mean and std.dev: (1, 538)
[M::mem_pestat] mean and std.dev: (153.42, 108.42)
[M::mem_pestat] low and high boundaries for proper pairs: (1, 688)
[M::mem_pestat] analyzing insert size distribution for orientation FR...
[M::mem_pestat] (25, 50, 75) percentile: (127, 149, 173)
[M::mem_pestat] low and high boundaries for computing mean and std.dev: (35, 265)
[M::mem_pestat] mean and std.dev: (150.35, 34.43)
[M::mem_pestat] low and high boundaries for proper pairs: (1, 311)
[M::mem_pestat] analyzing insert size distribution for orientation RF...
[M::mem_pestat] (25, 50, 75) percentile: (39, 254, 921)
[M::mem_pestat] low and high boundaries for computing mean and std.dev: (1, 2685)
[M::mem_pestat] mean and std.dev: (387.86, 532.91)
[M::mem_pestat] low and high boundaries for proper pairs: (1, 3567)
[M::mem_pestat] analyzing insert size distribution for orientation RR...
[M::mem_pestat] (25, 50, 75) percentile: (92, 122, 304)
[M::mem_pestat] low and high boundaries for computing mean and std.dev: (1, 728)
[M::mem_pestat] mean and std.dev: (174.32, 138.25)
[M::mem_pestat] low and high boundaries for proper pairs: (1, 940)
[M::mem_pestat] skip orientation FF
[M::mem_pestat] skip orientation RF
[M::mem_pestat] skip orientation RR
[M::mem_process_seqs] Processed 1734442 reads in 2066.701 CPU sec, 88.274 real sec
