[M::bwa_idx_load_from_disk] read 0 ALT contigs
[M::process] read 1734462 sequences (240000278 bp)...
[M::process] read 1732074 sequences (240000130 bp)...
[M::mem_pestat] # candidate unique pairs for (FF, FR, RF, RR): (458, 586430, 45, 457)
[M::mem_pestat] analyzing insert size distribution for orientation FF...
[M::mem_pestat] (25, 50, 75) percentile: (94, 130, 230)
[M::mem_pestat] low and high boundaries for computing mean and std.dev: (1, 502)
[M::mem_pestat] mean and std.dev: (151.09, 91.70)
[M::mem_pestat] low and high boundaries for proper pairs: (1, 638)
[M::mem_pestat] analyzing insert size distribution for orientation FR...
[M::mem_pestat] (25, 50, 75) percentile: (132, 159, 189)
[M::mem_pestat] low and high boundaries for computing mean and std.dev: (18, 303)
[M::mem_pestat] mean and std.dev: (160.64, 43.64)
[M::mem_pestat] low and high boundaries for proper pairs: (1, 360)
[M::mem_pestat] analyzing insert size distribution for orientation RF...
[M::mem_pestat] (25, 50, 75) percentile: (77, 222, 502)
[M::mem_pestat] low and high boundaries for computing mean and std.dev: (1, 1352)
[M::mem_pestat] mean and std.dev: (252.62, 250.24)
[M::mem_pestat] low and high boundaries for proper pairs: (1, 1777)
[M::mem_pestat] analyzing insert size distribution for orientation RR...
[M::mem_pestat] (25, 50, 75) percentile: (92, 131, 220)
[M::mem_pestat] low and high boundaries for computing mean and std.dev: (1, 476)
[M::mem_pestat] mean and std.dev: (150.83, 88.68)
[M::mem_pestat] low and high boundaries for proper pairs: (1, 604)
[M::mem_pestat] skip orientation FF
[M::mem_pestat] skip orientation RF
[M::mem_pestat] skip orientation RR
[M::mem_process_seqs] Processed 1734462 reads in 1722.230 CPU sec, 72.754 real sec
[M::process] read 1729960 sequences (240000226 bp)...
[M::mem_pestat] # candidate unique pairs for (FF, FR, RF, RR): (439, 586904, 33, 417)
[M::mem_pestat] analyzing insert size distribution for orientation FF...
[M::mem_pestat] (25, 50, 75) percentile: (93, 126, 202)
[M::mem_pestat] low and high boundaries for computing mean and std.dev: (1, 420)
[M::mem_pestat] mean and std.dev: (143.83, 80.23)
[M::mem_pestat] low and high boundaries for proper pairs: (1, 529)
[M::mem_pestat] analyzing insert size distribution for orientation FR...
[M::mem_pestat] (25, 50, 75) percentile: (132, 160, 189)
[M::mem_pestat] low and high boundaries for computing mean and std.dev: (18, 303)
[M::mem_pestat] mean and std.dev: (160.75, 43.62)
[M::mem_pestat] low and high boundaries for proper pairs: (1, 360)
[M::mem_pestat] analyzing insert size distribution for orientation RF...
[M::mem_pestat] (25, 50, 75) percentile: (64, 319, 655)
[M::mem_pestat] low and high boundaries for computing mean and std.dev: (1, 1837)
[M::mem_pestat] mean and std.dev: (309.36, 292.63)
[M::mem_pestat] low and high boundaries for proper pairs: (1, 2428)
[M::mem_pestat] analyzing insert size distribution for orientation RR...
[M::mem_pestat] (25, 50, 75) percentile: (94, 124, 210)
[M::mem_pestat] low and high boundaries for computing mean and std.dev: (1, 442)
[M::mem_pestat] mean and std.dev: (140.21, 75.41)
[M::mem_pestat] low and high boundaries for proper pairs: (1, 558)
[M::mem_pestat] skip orientation FF
[M::mem_pestat] skip orientation RF
[M::mem_pestat] skip orientation RR
[M::mem_process_seqs] Processed 1732074 reads in 1743.065 CPU sec, 74.727 real sec
[M::process] read 1729874 sequences (240000127 bp)...
[M::mem_pestat] # candidate unique pairs for (FF, FR, RF, RR): (448, 586735, 46, 477)
[M::mem_pestat] analyzing insert size distribution for orientation FF...
[M::mem_pestat] (25, 50, 75) percentile: (97, 129, 269)
[M::mem_pestat] low and high boundaries for computing mean and std.dev: (1, 613)
[M::mem_pestat] mean and std.dev: (163.75, 115.67)
[M::mem_pestat] low and high boundaries for proper pairs: (1, 785)
[M::mem_pestat] analyzing insert size distribution for orientation FR...
[M::mem_pestat] (25, 50, 75) percentile: (132, 160, 189)
[M::mem_pestat] low and high boundaries for computing mean and std.dev: (18, 303)
[M::mem_pestat] mean and std.dev: (160.88, 43.68)
[M::mem_pestat] low and high boundaries for proper pairs: (1, 360)
[M::mem_pestat] analyzing insert size distribution for orientation RF...
[M::mem_pestat] (25, 50, 75) percentile: (42, 176, 526)
[M::mem_pestat] low and high boundaries for computing mean and std.dev: (1, 1494)
[M::mem_pestat] mean and std.dev: (208.26, 212.75)
[M::mem_pestat] low and high boundaries for proper pairs: (1, 1978)
[M::mem_pestat] analyzing insert size distribution for orientation RR...
[M::mem_pestat] (25, 50, 75) percentile: (93, 130, 261)
[M::mem_pestat] low and high boundaries for computing mean and std.dev: (1, 597)
[M::mem_pestat] mean and std.dev: (166.82, 118.06)
[M::mem_pestat] low and high boundaries for proper pairs: (1, 765)
[M::mem_pestat] skip orientation FF
[M::mem_pestat] skip orientation RF
[M::mem_pestat] skip orientation RR
[M::mem_process_seqs] Processed 1729960 reads in 1755.055 CPU sec, 75.923 real sec
[M::process] read 1728662 sequences (240000030 bp)...
[M::mem_pestat] # candidate unique pairs for (FF, FR, RF, RR): (441, 586451, 56, 453)
[M::mem_pestat] analyzing insert size distribution for orientation FF...
[M::mem_pestat] (25, 50, 75) percentile: (94, 126, 265)
[M::mem_pestat] low and high boundaries for computing mean and std.dev: (1, 607)
[M::mem_pestat] mean and std.dev: (161.82, 117.50)
[M::mem_pestat] low and high boundaries for proper pairs: (1, 778)
[M::mem_pestat] analyzing insert size distribution for orientation FR...
[M::mem_pestat] (25, 50, 75) percentile: (132, 160, 189)
[M::mem_pestat] low and high boundaries for computing mean and std.dev: (18, 303)
[M::mem_pestat] mean and std.dev: (160.84, 43.67)
[M::mem_pestat] low and high boundaries for proper pairs: (1, 360)
[M::mem_pestat] analyzing insert size distribution for orientation RF...
[M::mem_pestat] (25, 50, 75) percentile: (64, 203, 618)
[M::mem_pestat] low and high boundaries for computing mean and std.dev: (1, 1726)
[M::mem_pestat] mean and std.dev: (275.80, 304.82)
[M::mem_pestat] low and high boundaries for proper pairs: (1, 2280)
[M::mem_pestat] analyzing insert size distribution for orientation RR...
[M::mem_pestat] (25, 50, 75) percentile: (93, 131, 264)
[M::mem_pestat] low and high boundaries for computing mean and std.dev: (1, 606)
[M::mem_pestat] mean and std.dev: (170.14, 122.51)
[M::mem_pestat] low and high boundaries for proper pairs: (1, 777)
[M::mem_pestat] skip orientation FF
[M::mem_pestat] skip orientation RF
[M::mem_pestat] skip orientation RR
[M::mem_process_seqs] Processed 1729874 reads in 1759.237 CPU sec, 75.864 real sec
[M::process] read 1726984 sequences (240000164 bp)...
[M::mem_pestat] # candidate unique pairs for (FF, FR, RF, RR): (426, 586439, 52, 451)
[M::mem_pestat] analyzing insert size distribution for orientation FF...
[M::mem_pestat] (25, 50, 75) percentile: (96, 129, 267)
[M::mem_pestat] low and high boundaries for computing mean and std.dev: (1, 609)
[M::mem_pestat] mean and std.dev: (174.03, 124.15)
[M::mem_pestat] low and high boundaries for proper pairs: (1, 780)
[M::mem_pestat] analyzing insert size distribution for orientation FR...
[M::mem_pestat] (25, 50, 75) percentile: (132, 160, 189)
[M::mem_pestat] low and high boundaries for computing mean and std.dev: (18, 303)
[M::mem_pestat] mean and std.dev: (160.96, 43.66)
[M::mem_pestat] low and high boundaries for proper pairs: (1, 360)
[M::mem_pestat] analyzing insert size distribution for orientation RF...
[M::mem_pestat] (25, 50, 75) percentile: (33, 215, 635)
[M::mem_pestat] low and high boundaries for computing mean and std.dev: (1, 1839)
[M::mem_pestat] mean and std.dev: (268.80, 328.41)
[M::mem_pestat] low and high boundaries for proper pairs: (1, 2441)
[M::mem_pestat] analyzing insert size distribution for orientation RR...
[M::mem_pestat] (25, 50, 75) percentile: (93, 126, 232)
[M::mem_pestat] low and high boundaries for computing mean and std.dev: (1, 510)
[M::mem_pestat] mean and std.dev: (154.06, 101.87)
[M::mem_pestat] low and high boundaries for proper pairs: (1, 649)
[M::mem_pestat] skip orientation FF
[M::mem_pestat] skip orientation RF
[M::mem_pestat] skip orientation RR
[M::mem_process_seqs] Processed 1728662 reads in 1758.054 CPU sec, 75.780 real sec
[M::process] read 1726292 sequences (240000005 bp)...
[M::mem_pestat] # candidate unique pairs for (FF, FR, RF, RR): (465, 585547, 41, 415)
[M::mem_pestat] analyzing insert size distribution for orientation FF...
[M::mem_pestat] (25, 50, 75) percentile: (97, 132, 240)
[M::mem_pestat] low and high boundaries for computing mean and std.dev: (1, 526)
[M::mem_pestat] mean and std.dev: (152.69, 93.66)
[M::mem_pestat] low and high boundaries for proper pairs: (1, 669)
[M::mem_pestat] analyzing insert size distribution for orientation FR...
[M::mem_pestat] (25, 50, 75) percentile: (133, 160, 190)
[M::mem_pestat] low and high boundaries for computing mean and std.dev: (19, 304)
[M::mem_pestat] mean and std.dev: (161.33, 43.63)
[M::mem_pestat] low and high boundaries for proper pairs: (1, 361)
[M::mem_pestat] analyzing insert size distribution for orientation RF...
[M::mem_pestat] (25, 50, 75) percentile: (59, 132, 487)
[M::mem_pestat] low and high boundaries for computing mean and std.dev: (1, 1343)
[M::mem_pestat] mean and std.dev: (226.08, 296.83)
[M::mem_pestat] low and high boundaries for proper pairs: (1, 1771)
[M::mem_pestat] analyzing insert size distribution for orientation RR...
[M::mem_pestat] (25, 50, 75) percentile: (97, 126, 242)
[M::mem_pestat] low and high boundaries for computing mean and std.dev: (1, 532)
[M::mem_pestat] mean and std.dev: (156.40, 101.65)
[M::mem_pestat] low and high boundaries for proper pairs: (1, 677)
[M::mem_pestat] skip orientation FF
[M::mem_pestat] skip orientation RF
[M::mem_pestat] skip orientation RR
[M::mem_process_seqs] Processed 1726984 reads in 1755.909 CPU sec, 75.777 real sec
[M::process] read 1727508 sequences (240000281 bp)...
[M::mem_pestat] # candidate unique pairs for (FF, FR, RF, RR): (436, 584530, 40, 454)
[M::mem_pestat] analyzing insert size distribution for orientation FF...
[M::mem_pestat] (25, 50, 75) percentile: (96, 139, 240)
[M::mem_pestat] low and high boundaries for computing mean and std.dev: (1, 528)
[M::mem_pestat] mean and std.dev: (158.72, 95.94)
[M::mem_pestat] low and high boundaries for proper pairs: (1, 672)
[M::mem_pestat] analyzing insert size distribution for orientation FR...
[M::mem_pestat] (25, 50, 75) percentile: (133, 160, 190)
[M::mem_pestat] low and high boundaries for computing mean and std.dev: (19, 304)
[M::mem_pestat] mean and std.dev: (161.28, 43.67)
[M::mem_pestat] low and high boundaries for proper pairs: (1, 361)
[M::mem_pestat] analyzing insert size distribution for orientation RF...
[M::mem_pestat] (25, 50, 75) percentile: (72, 245, 1682)
[M::mem_pestat] low and high boundaries for computing mean and std.dev: (1, 4902)
[M::mem_pestat] mean and std.dev: (547.59, 1053.35)
[M::mem_pestat] low and high boundaries for proper pairs: (1, 6512)
[M::mem_pestat] analyzing insert size distribution for orientation RR...
[M::mem_pestat] (25, 50, 75) percentile: (93, 126, 250)
[M::mem_pestat] low and high boundaries for computing mean and std.dev: (1, 564)
[M::mem_pestat] mean and std.dev: (161.96, 112.79)
[M::mem_pestat] low and high boundaries for proper pairs: (1, 721)
[M::mem_pestat] skip orientation FF
[M::mem_pestat] skip orientation RF
[M::mem_pestat] skip orientation RR
[M::mem_process_seqs] Processed 1726292 reads in 1761.481 CPU sec, 75.892 real sec
[M::mem_pestat] # candidate unique pairs for (FF, FR, RF, RR): (478, 585929, 44, 463)
[M::mem_pestat] analyzing insert size distribution for orientation FF...
[M::mem_pestat] (25, 50, 75) percentile: (95, 129, 214)
[M::mem_pestat] low and high boundaries for computing mean and std.dev: (1, 452)
[M::mem_pestat] mean and std.dev: (145.97, 79.93)
[M::mem_pestat] low and high boundaries for proper pairs: (1, 571)
[M::mem_pestat] analyzing insert size distribution for orientation FR...
[M::mem_pestat] (25, 50, 75) percentile: (133, 160, 190)
[M::mem_pestat] low and high boundaries for computing mean and std.dev: (19, 304)
[M::mem_pestat] mean and std.dev: (161.62, 43.76)
[M::mem_pestat] low and high boundaries for proper pairs: (1, 361)
[M::mem_pestat] analyzing insert size distribution for orientation RF...
[M::mem_pestat] (25, 50, 75) percentile: (67, 375, 951)
[M::mem_pestat] low and high boundaries for computing mean and std.dev: (1, 2719)
[M::mem_pestat] mean and std.dev: (427.92, 545.54)
[M::mem_pestat] low and high boundaries for proper pairs: (1, 3603)
[M::mem_pestat] analyzing insert size distribution for orientation RR...
[M::mem_pestat] (25, 50, 75) percentile: (91, 123, 209)
[M::mem_pestat] low and high boundaries for computing mean and std.dev: (1, 445)
[M::mem_pestat] mean and std.dev: (139.43, 79.15)
[M::mem_pestat] low and high boundaries for proper pairs: (1, 563)
[M::mem_pestat] skip orientation FF
[M::mem_pestat] skip orientation RF
[M::mem_pestat] skip orientation RR
[M::process] read 1724056 sequences (240000207 bp)...
[M::mem_process_seqs] Processed 1727508 reads in 1757.048 CPU sec, 75.633 real sec
[M::process] read 1721034 sequences (240000078 bp)...
[M::mem_pestat] # candidate unique pairs for (FF, FR, RF, RR): (458, 585010, 42, 474)
[M::mem_pestat] analyzing insert size distribution for orientation FF...
[M::mem_pestat] (25, 50, 75) percentile: (94, 127, 232)
[M::mem_pestat] low and high boundaries for computing mean and std.dev: (1, 508)
[M::mem_pestat] mean and std.dev: (155.79, 98.94)
[M::mem_pestat] low and high boundaries for proper pairs: (1, 646)
[M::mem_pestat] analyzing insert size distribution for orientation FR...
[M::mem_pestat] (25, 50, 75) percentile: (133, 160, 190)
[M::mem_pestat] low and high boundaries for computing mean and std.dev: (19, 304)
[M::mem_pestat] mean and std.dev: (161.46, 43.45)
[M::mem_pestat] low and high boundaries for proper pairs: (1, 361)
[M::mem_pestat] analyzing insert size distribution for orientation RF...
[M::mem_pestat] (25, 50, 75) percentile: (72, 338, 1077)
[M::mem_pestat] low and high boundaries for computing mean and std.dev: (1, 3087)
[M::mem_pestat] mean and std.dev: (551.66, 681.41)
[M::mem_pestat] low and high boundaries for proper pairs: (1, 4092)
[M::mem_pestat] analyzing insert size distribution for orientation RR...
[M::mem_pestat] (25, 50, 75) percentile: (92, 128, 233)
[M::mem_pestat] low and high boundaries for computing mean and std.dev: (1, 515)
[M::mem_pestat] mean and std.dev: (150.68, 95.60)
[M::mem_pestat] low and high boundaries for proper pairs: (1, 656)
[M::mem_pestat] skip orientation FF
[M::mem_pestat] skip orientation RF
[M::mem_pestat] skip orientation RR
[M::mem_process_seqs] Processed 1724056 reads in 1759.844 CPU sec, 75.534 real sec
[M::process] read 1717888 sequences (240000092 bp)...
[M::mem_pestat] # candidate unique pairs for (FF, FR, RF, RR): (476, 584515, 41, 501)
[M::mem_pestat] analyzing insert size distribution for orientation FF...
[M::mem_pestat] (25, 50, 75) percentile: (95, 134, 255)
[M::mem_pestat] low and high boundaries for computing mean and std.dev: (1, 575)
[M::mem_pestat] mean and std.dev: (171.35, 118.73)
[M::mem_pestat] low and high boundaries for proper pairs: (1, 735)
[M::mem_pestat] analyzing insert size distribution for orientation FR...
[M::mem_pestat] (25, 50, 75) percentile: (133, 160, 190)
[M::mem_pestat] low and high boundaries for computing mean and std.dev: (19, 304)
[M::mem_pestat] mean and std.dev: (161.60, 43.24)
[M::mem_pestat] low and high boundaries for proper pairs: (1, 361)
[M::mem_pestat] analyzing insert size distribution for orientation RF...
[M::mem_pestat] (25, 50, 75) percentile: (127, 394, 2301)
[M::mem_pestat] low and high boundaries for computing mean and std.dev: (1, 6649)
[M::mem_pestat] mean and std.dev: (896.41, 1364.64)
[M::mem_pestat] low and high boundaries for proper pairs: (1, 8823)
[M::mem_pestat] analyzing insert size distribution for orientation RR...
[M::mem_pestat] (25, 50, 75) percentile: (92, 126, 210)
[M::mem_pestat] low and high boundaries for computing mean and std.dev: (1, 446)
[M::mem_pestat] mean and std.dev: (137.02, 74.82)
[M::mem_pestat] low and high boundaries for proper pairs: (1, 564)
[M::mem_pestat] skip orientation FF
[M::mem_pestat] skip orientation RF
[M::mem_pestat] skip orientation RR
[M::mem_process_seqs] Processed 1721034 reads in 1758.937 CPU sec, 75.801 real sec
[M::process] read 1717110 sequences (240000141 bp)...
[M::mem_pestat] # candidate unique pairs for (FF, FR, RF, RR): (457, 582673, 43, 477)
[M::mem_pestat] analyzing insert size distribution for orientation FF...
[M::mem_pestat] (25, 50, 75) percentile: (94, 127, 254)
[M::mem_pestat] low and high boundaries for computing mean and std.dev: (1, 574)
[M::mem_pestat] mean and std.dev: (163.35, 113.52)
[M::mem_pestat] low and high boundaries for proper pairs: (1, 734)
[M::mem_pestat] analyzing insert size distribution for orientation FR...
[M::mem_pestat] (25, 50, 75) percentile: (133, 161, 190)
[M::mem_pestat] low and high boundaries for computing mean and std.dev: (19, 304)
[M::mem_pestat] mean and std.dev: (162.10, 43.24)
[M::mem_pestat] low and high boundaries for proper pairs: (1, 361)
[M::mem_pestat] analyzing insert size distribution for orientation RF...
[M::mem_pestat] (25, 50, 75) percentile: (128, 325, 2440)
[M::mem_pestat] low and high boundaries for computing mean and std.dev: (1, 7064)
[M::mem_pestat] mean and std.dev: (1344.07, 2031.93)
[M::mem_pestat] low and high boundaries for proper pairs: (1, 9472)
[M::mem_pestat] analyzing insert size distribution for orientation RR...
[M::mem_pestat] (25, 50, 75) percentile: (92, 121, 231)
[M::mem_pestat] low and high boundaries for computing mean and std.dev: (1, 509)
[M::mem_pestat] mean and std.dev: (148.08, 97.13)
[M::mem_pestat] low and high boundaries for proper pairs: (1, 648)
[M::mem_pestat] skip orientation FF
[M::mem_pestat] skip orientation RF
[M::mem_pestat] skip orientation RR
[M::mem_process_seqs] Processed 1717888 reads in 1760.800 CPU sec, 75.952 real sec
[M::process] read 1726560 sequences (240000145 bp)...
[M::mem_pestat] # candidate unique pairs for (FF, FR, RF, RR): (441, 582080, 42, 478)
[M::mem_pestat] analyzing insert size distribution for orientation FF...
[M::mem_pestat] (25, 50, 75) percentile: (94, 131, 224)
[M::mem_pestat] low and high boundaries for computing mean and std.dev: (1, 484)
[M::mem_pestat] mean and std.dev: (146.70, 83.74)
[M::mem_pestat] low and high boundaries for proper pairs: (1, 614)
[M::mem_pestat] analyzing insert size distribution for orientation FR...
[M::mem_pestat] (25, 50, 75) percentile: (134, 161, 190)
[M::mem_pestat] low and high boundaries for computing mean and std.dev: (22, 302)
[M::mem_pestat] mean and std.dev: (162.24, 43.21)
[M::mem_pestat] low and high boundaries for proper pairs: (1, 358)
[M::mem_pestat] analyzing insert size distribution for orientation RF...
[M::mem_pestat] (25, 50, 75) percentile: (76, 186, 553)
[M::mem_pestat] low and high boundaries for computing mean and std.dev: (1, 1507)
[M::mem_pestat] mean and std.dev: (266.76, 302.94)
[M::mem_pestat] low and high boundaries for proper pairs: (1, 1984)
[M::mem_pestat] analyzing insert size distribution for orientation RR...
[M::mem_pestat] (25, 50, 75) percentile: (90, 128, 214)
[M::mem_pestat] low and high boundaries for computing mean and std.dev: (1, 462)
[M::mem_pestat] mean and std.dev: (146.13, 85.34)
[M::mem_pestat] low and high boundaries for proper pairs: (1, 586)
[M::mem_pestat] skip orientation FF
[M::mem_pestat] skip orientation RF
[M::mem_pestat] skip orientation RR
[M::mem_process_seqs] Processed 1717110 reads in 1764.054 CPU sec, 76.108 real sec
[M::process] read 1729666 sequences (240000229 bp)...
[M::mem_pestat] # candidate unique pairs for (FF, FR, RF, RR): (456, 585098, 37, 485)
[M::mem_pestat] analyzing insert size distribution for orientation FF...
[M::mem_pestat] (25, 50, 75) percentile: (91, 120, 223)
[M::mem_pestat] low and high boundaries for computing mean and std.dev: (1, 487)
[M::mem_pestat] mean and std.dev: (147.11, 93.35)
[M::mem_pestat] low and high boundaries for proper pairs: (1, 619)
[M::mem_pestat] analyzing insert size distribution for orientation FR...
[M::mem_pestat] (25, 50, 75) percentile: (133, 160, 190)
[M::mem_pestat] low and high boundaries for computing mean and std.dev: (19, 304)
[M::mem_pestat] mean and std.dev: (161.41, 43.53)
[M::mem_pestat] low and high boundaries for proper pairs: (1, 361)
[M::mem_pestat] analyzing insert size distribution for orientation RF...
[M::mem_pestat] (25, 50, 75) percentile: (126, 300, 925)
[M::mem_pestat] low and high boundaries for computing mean and std.dev: (1, 2523)
[M::mem_pestat] mean and std.dev: (471.21, 506.93)
[M::mem_pestat] low and high boundaries for proper pairs: (1, 3322)
[M::mem_pestat] analyzing insert size distribution for orientation RR...
[M::mem_pestat] (25, 50, 75) percentile: (97, 128, 231)
[M::mem_pestat] low and high boundaries for computing mean and std.dev: (1, 499)
[M::mem_pestat] mean and std.dev: (153.85, 94.02)
[M::mem_pestat] low and high boundaries for proper pairs: (1, 633)
[M::mem_pestat] skip orientation FF
[M::mem_pestat] skip orientation RF
[M::mem_pestat] skip orientation RR
