[M::bwa_idx_load_from_disk] read 0 ALT contigs
[M::process] read 1787522 sequences (240000173 bp)...
[M::process] read 1785456 sequences (240000282 bp)...
[M::mem_pestat] # candidate unique pairs for (FF, FR, RF, RR): (121, 569057, 44, 122)
[M::mem_pestat] analyzing insert size distribution for orientation FF...
[M::mem_pestat] (25, 50, 75) percentile: (74, 92, 125)
[M::mem_pestat] low and high boundaries for computing mean and std.dev: (1, 227)
[M::mem_pestat] mean and std.dev: (91.71, 33.57)
[M::mem_pestat] low and high boundaries for proper pairs: (1, 278)
[M::mem_pestat] analyzing insert size distribution for orientation FR...
[M::mem_pestat] (25, 50, 75) percentile: (119, 145, 175)
[M::mem_pestat] low and high boundaries for computing mean and std.dev: (7, 287)
[M::mem_pestat] mean and std.dev: (149.02, 40.91)
[M::mem_pestat] low and high boundaries for proper pairs: (1, 343)
[M::mem_pestat] analyzing insert size distribution for orientation RF...
[M::mem_pestat] (25, 50, 75) percentile: (135, 250, 512)
[M::mem_pestat] low and high boundaries for computing mean and std.dev: (1, 1266)
[M::mem_pestat] mean and std.dev: (230.47, 190.20)
[M::mem_pestat] low and high boundaries for proper pairs: (1, 1643)
[M::mem_pestat] analyzing insert size distribution for orientation RR...
[M::mem_pestat] (25, 50, 75) percentile: (72, 93, 118)
[M::mem_pestat] low and high boundaries for computing mean and std.dev: (1, 210)
[M::mem_pestat] mean and std.dev: (87.79, 26.63)
[M::mem_pestat] low and high boundaries for proper pairs: (1, 256)
[M::mem_pestat] skip orientation FF
[M::mem_pestat] skip orientation RF
[M::mem_pestat] skip orientation RR
[M::mem_process_seqs] Processed 1787522 reads in 1903.307 CPU sec, 80.357 real sec
[M::process] read 1782954 sequences (240000268 bp)...
[M::mem_pestat] # candidate unique pairs for (FF, FR, RF, RR): (144, 569240, 52, 133)
[M::mem_pestat] analyzing insert size distribution for orientation FF...
[M::mem_pestat] (25, 50, 75) percentile: (75, 94, 136)
[M::mem_pestat] low and high boundaries for computing mean and std.dev: (1, 258)
[M::mem_pestat] mean and std.dev: (95.42, 38.65)
[M::mem_pestat] low and high boundaries for proper pairs: (1, 319)
[M::mem_pestat] analyzing insert size distribution for orientation FR...
[M::mem_pestat] (25, 50, 75) percentile: (119, 145, 175)
[M::mem_pestat] low and high boundaries for computing mean and std.dev: (7, 287)
[M::mem_pestat] mean and std.dev: (149.06, 40.97)
[M::mem_pestat] low and high boundaries for proper pairs: (1, 343)
[M::mem_pestat] analyzing insert size distribution for orientation RF...
[M::mem_pestat] (25, 50, 75) percentile: (78, 166, 463)
[M::mem_pestat] low and high boundaries for computing mean and std.dev: (1, 1233)
[M::mem_pestat] mean and std.dev: (215.52, 252.90)
[M::mem_pestat] low and high boundaries for proper pairs: (1, 1618)
[M::mem_pestat] analyzing insert size distribution for orientation RR...
[M::mem_pestat] (25, 50, 75) percentile: (70, 92, 147)
[M::mem_pestat] low and high boundaries for computing mean and std.dev: (1, 301)
[M::mem_pestat] mean and std.dev: (98.32, 46.49)
[M::mem_pestat] low and high boundaries for proper pairs: (1, 378)
[M::mem_pestat] skip orientation FF
[M::mem_pestat] skip orientation RF
[M::mem_pestat] skip orientation RR
[M::mem_process_seqs] Processed 1785456 reads in 1932.640 CPU sec, 82.720 real sec
[M::process] read 1783316 sequences (240000279 bp)...
[M::mem_pestat] # candidate unique pairs for (FF, FR, RF, RR): (133, 568523, 49, 127)
[M::mem_pestat] analyzing insert size distribution for orientation FF...
[M::mem_pestat] (25, 50, 75) percentile: (75, 112, 161)
[M::mem_pestat] low and high boundaries for computing mean and std.dev: (1, 333)
[M::mem_pestat] mean and std.dev: (114.11, 65.40)
[M::mem_pestat] low and high boundaries for proper pairs: (1, 419)
[M::mem_pestat] analyzing insert size distribution for orientation FR...
[M::mem_pestat] (25, 50, 75) percentile: (120, 146, 175)
[M::mem_pestat] low and high boundaries for computing mean and std.dev: (10, 285)
[M::mem_pestat] mean and std.dev: (149.22, 40.88)
[M::mem_pestat] low and high boundaries for proper pairs: (1, 340)
[M::mem_pestat] analyzing insert size distribution for orientation RF...
[M::mem_pestat] (25, 50, 75) percentile: (61, 216, 769)
[M::mem_pestat] low and high boundaries for computing mean and std.dev: (1, 2185)
[M::mem_pestat] mean and std.dev: (261.40, 282.23)
[M::mem_pestat] low and high boundaries for proper pairs: (1, 2893)
[M::mem_pestat] analyzing insert size distribution for orientation RR...
[M::mem_pestat] (25, 50, 75) percentile: (69, 96, 139)
[M::mem_pestat] low and high boundaries for computing mean and std.dev: (1, 279)
[M::mem_pestat] mean and std.dev: (96.23, 42.91)
[M::mem_pestat] low and high boundaries for proper pairs: (1, 349)
[M::mem_pestat] skip orientation FF
[M::mem_pestat] skip orientation RF
[M::mem_pestat] skip orientation RR
[M::mem_process_seqs] Processed 1782954 reads in 1945.426 CPU sec, 83.766 real sec
[M::process] read 1779530 sequences (240000205 bp)...
[M::mem_pestat] # candidate unique pairs for (FF, FR, RF, RR): (110, 567816, 55, 129)
[M::mem_pestat] analyzing insert size distribution for orientation FF...
[M::mem_pestat] (25, 50, 75) percentile: (74, 95, 119)
[M::mem_pestat] low and high boundaries for computing mean and std.dev: (1, 209)
[M::mem_pestat] mean and std.dev: (91.89, 36.28)
[M::mem_pestat] low and high boundaries for proper pairs: (1, 254)
[M::mem_pestat] analyzing insert size distribution for orientation FR...
[M::mem_pestat] (25, 50, 75) percentile: (119, 146, 175)
[M::mem_pestat] low and high boundaries for computing mean and std.dev: (7, 287)
[M::mem_pestat] mean and std.dev: (149.17, 40.94)
[M::mem_pestat] low and high boundaries for proper pairs: (1, 343)
[M::mem_pestat] analyzing insert size distribution for orientation RF...
[M::mem_pestat] (25, 50, 75) percentile: (72, 150, 335)
[M::mem_pestat] low and high boundaries for computing mean and std.dev: (1, 861)
[M::mem_pestat] mean and std.dev: (174.02, 168.58)
[M::mem_pestat] low and high boundaries for proper pairs: (1, 1124)
[M::mem_pestat] analyzing insert size distribution for orientation RR...
[M::mem_pestat] (25, 50, 75) percentile: (68, 95, 122)
[M::mem_pestat] low and high boundaries for computing mean and std.dev: (1, 230)
[M::mem_pestat] mean and std.dev: (91.69, 36.20)
[M::mem_pestat] low and high boundaries for proper pairs: (1, 284)
[M::mem_pestat] skip orientation FF
[M::mem_pestat] skip orientation RF
[M::mem_pestat] skip orientation RR
[M::mem_process_seqs] Processed 1783316 reads in 1948.571 CPU sec, 83.818 real sec
[M::process] read 1778248 sequences (240000153 bp)...
[M::mem_pestat] # candidate unique pairs for (FF, FR, RF, RR): (116, 568153, 47, 129)
[M::mem_pestat] analyzing insert size distribution for orientation FF...
[M::mem_pestat] (25, 50, 75) percentile: (72, 89, 114)
[M::mem_pestat] low and high boundaries for computing mean and std.dev: (1, 198)
[M::mem_pestat] mean and std.dev: (83.08, 29.10)
[M::mem_pestat] low and high boundaries for proper pairs: (1, 240)
[M::mem_pestat] analyzing insert size distribution for orientation FR...
[M::mem_pestat] (25, 50, 75) percentile: (120, 146, 176)
[M::mem_pestat] low and high boundaries for computing mean and std.dev: (8, 288)
[M::mem_pestat] mean and std.dev: (149.57, 41.00)
[M::mem_pestat] low and high boundaries for proper pairs: (1, 344)
[M::mem_pestat] analyzing insert size distribution for orientation RF...
[M::mem_pestat] (25, 50, 75) percentile: (105, 216, 538)
[M::mem_pestat] low and high boundaries for computing mean and std.dev: (1, 1404)
[M::mem_pestat] mean and std.dev: (226.74, 209.14)
[M::mem_pestat] low and high boundaries for proper pairs: (1, 1837)
[M::mem_pestat] analyzing insert size distribution for orientation RR...
[M::mem_pestat] (25, 50, 75) percentile: (70, 92, 120)
[M::mem_pestat] low and high boundaries for computing mean and std.dev: (1, 220)
[M::mem_pestat] mean and std.dev: (91.13, 32.86)
[M::mem_pestat] low and high boundaries for proper pairs: (1, 270)
[M::mem_pestat] skip orientation FF
[M::mem_pestat] skip orientation RF
[M::mem_pestat] skip orientation RR
[M::mem_process_seqs] Processed 1779530 reads in 1952.508 CPU sec, 84.013 real sec
[M::process] read 1778660 sequences (240000160 bp)...
[M::mem_pestat] # candidate unique pairs for (FF, FR, RF, RR): (117, 567328, 46, 139)
[M::mem_pestat] analyzing insert size distribution for orientation FF...
[M::mem_pestat] (25, 50, 75) percentile: (70, 88, 121)
[M::mem_pestat] low and high boundaries for computing mean and std.dev: (1, 223)
[M::mem_pestat] mean and std.dev: (89.97, 35.73)
[M::mem_pestat] low and high boundaries for proper pairs: (1, 274)
[M::mem_pestat] analyzing insert size distribution for orientation FR...
[M::mem_pestat] (25, 50, 75) percentile: (120, 146, 176)
[M::mem_pestat] low and high boundaries for computing mean and std.dev: (8, 288)
[M::mem_pestat] mean and std.dev: (149.55, 40.90)
[M::mem_pestat] low and high boundaries for proper pairs: (1, 344)
[M::mem_pestat] analyzing insert size distribution for orientation RF...
[M::mem_pestat] (25, 50, 75) percentile: (40, 91, 193)
[M::mem_pestat] low and high boundaries for computing mean and std.dev: (1, 499)
[M::mem_pestat] mean and std.dev: (109.66, 106.65)
[M::mem_pestat] low and high boundaries for proper pairs: (1, 652)
[M::mem_pestat] analyzing insert size distribution for orientation RR...
[M::mem_pestat] (25, 50, 75) percentile: (76, 95, 141)
[M::mem_pestat] low and high boundaries for computing mean and std.dev: (1, 271)
[M::mem_pestat] mean and std.dev: (98.42, 37.59)
[M::mem_pestat] low and high boundaries for proper pairs: (1, 336)
[M::mem_pestat] skip orientation FF
[M::mem_pestat] skip orientation RF
[M::mem_pestat] skip orientation RR
[M::mem_process_seqs] Processed 1778248 reads in 1950.812 CPU sec, 83.941 real sec
[M::process] read 1776724 sequences (240000048 bp)...
[M::mem_pestat] # candidate unique pairs for (FF, FR, RF, RR): (149, 567377, 59, 128)
[M::mem_pestat] analyzing insert size distribution for orientation FF...
[M::mem_pestat] (25, 50, 75) percentile: (77, 103, 152)
[M::mem_pestat] low and high boundaries for computing mean and std.dev: (1, 302)
[M::mem_pestat] mean and std.dev: (107.49, 48.79)
[M::mem_pestat] low and high boundaries for proper pairs: (1, 377)
[M::mem_pestat] analyzing insert size distribution for orientation FR...
[M::mem_pestat] (25, 50, 75) percentile: (120, 146, 176)
[M::mem_pestat] low and high boundaries for computing mean and std.dev: (8, 288)
[M::mem_pestat] mean and std.dev: (149.81, 40.97)
[M::mem_pestat] low and high boundaries for proper pairs: (1, 344)
[M::mem_pestat] analyzing insert size distribution for orientation RF...
[M::mem_pestat] (25, 50, 75) percentile: (68, 144, 306)
[M::mem_pestat] low and high boundaries for computing mean and std.dev: (1, 782)
[M::mem_pestat] mean and std.dev: (151.71, 154.41)
[M::mem_pestat] low and high boundaries for proper pairs: (1, 1020)
[M::mem_pestat] analyzing insert size distribution for orientation RR...
[M::mem_pestat] (25, 50, 75) percentile: (72, 96, 133)
[M::mem_pestat] low and high boundaries for computing mean and std.dev: (1, 255)
[M::mem_pestat] mean and std.dev: (99.03, 41.89)
[M::mem_pestat] low and high boundaries for proper pairs: (1, 316)
[M::mem_pestat] skip orientation FF
[M::mem_pestat] skip orientation RF
[M::mem_pestat] skip orientation RR
[M::mem_process_seqs] Processed 1778660 reads in 1949.959 CPU sec, 83.831 real sec
[M::process] read 1775848 sequences (240000113 bp)...
[M::mem_pestat] # candidate unique pairs for (FF, FR, RF, RR): (133, 567054, 60, 114)
[M::mem_pestat] analyzing insert size distribution for orientation FF...
[M::mem_pestat] (25, 50, 75) percentile: (73, 93, 140)
[M::mem_pestat] low and high boundaries for computing mean and std.dev: (1, 274)
[M::mem_pestat] mean and std.dev: (95.41, 40.53)
[M::mem_pestat] low and high boundaries for proper pairs: (1, 341)
[M::mem_pestat] analyzing insert size distribution for orientation FR...
[M::mem_pestat] (25, 50, 75) percentile: (120, 146, 176)
[M::mem_pestat] low and high boundaries for computing mean and std.dev: (8, 288)
[M::mem_pestat] mean and std.dev: (149.58, 40.88)
[M::mem_pestat] low and high boundaries for proper pairs: (1, 344)
[M::mem_pestat] analyzing insert size distribution for orientation RF...
[M::mem_pestat] (25, 50, 75) percentile: (45, 205, 759)
[M::mem_pestat] low and high boundaries for computing mean and std.dev: (1, 2187)
[M::mem_pestat] mean and std.dev: (332.70, 426.75)
[M::mem_pestat] low and high boundaries for proper pairs: (1, 2901)
[M::mem_pestat] analyzing insert size distribution for orientation RR...
[M::mem_pestat] (25, 50, 75) percentile: (73, 97, 148)
[M::mem_pestat] low and high boundaries for computing mean and std.dev: (1, 298)
[M::mem_pestat] mean and std.dev: (102.69, 49.00)
[M::mem_pestat] low and high boundaries for proper pairs: (1, 373)
[M::mem_pestat] skip orientation FF
[M::mem_pestat] skip orientation RF
[M::mem_pestat] skip orientation RR
[M::mem_process_seqs] Processed 1776724 reads in 1957.065 CPU sec, 84.221 real sec
[M::process] read 1771962 sequences (240000063 bp)...
[M::mem_pestat] # candidate unique pairs for (FF, FR, RF, RR): (116, 566685, 58, 123)
[M::mem_pestat] analyzing insert size distribution for orientation FF...
[M::mem_pestat] (25, 50, 75) percentile: (81, 105, 154)
[M::mem_pestat] low and high boundaries for computing mean and std.dev: (1, 300)
[M::mem_pestat] mean and std.dev: (111.41, 52.04)
[M::mem_pestat] low and high boundaries for proper pairs: (1, 373)
[M::mem_pestat] analyzing insert size distribution for orientation FR...
[M::mem_pestat] (25, 50, 75) percentile: (120, 146, 176)
[M::mem_pestat] low and high boundaries for computing mean and std.dev: (8, 288)
[M::mem_pestat] mean and std.dev: (149.52, 40.92)
[M::mem_pestat] low and high boundaries for proper pairs: (1, 344)
[M::mem_pestat] analyzing insert size distribution for orientation RF...
[M::mem_pestat] (25, 50, 75) percentile: (83, 200, 413)
[M::mem_pestat] low and high boundaries for computing mean and std.dev: (1, 1073)
[M::mem_pestat] mean and std.dev: (210.00, 215.82)
[M::mem_pestat] low and high boundaries for proper pairs: (1, 1403)
[M::mem_pestat] analyzing insert size distribution for orientation RR...
[M::mem_pestat] (25, 50, 75) percentile: (72, 91, 136)
[M::mem_pestat] low and high boundaries for computing mean and std.dev: (1, 264)
[M::mem_pestat] mean and std.dev: (91.27, 41.19)
[M::mem_pestat] low and high boundaries for proper pairs: (1, 328)
[M::mem_pestat] skip orientation FF
[M::mem_pestat] skip orientation RF
[M::mem_pestat] skip orientation RR
[M::mem_process_seqs] Processed 1775848 reads in 1945.025 CPU sec, 83.701 real sec
[M::process] read 1774756 sequences (240000279 bp)...
[M::mem_pestat] # candidate unique pairs for (FF, FR, RF, RR): (101, 566577, 49, 140)
[M::mem_pestat] analyzing insert size distribution for orientation FF...
[M::mem_pestat] (25, 50, 75) percentile: (76, 100, 152)
[M::mem_pestat] low and high boundaries for computing mean and std.dev: (1, 304)
[M::mem_pestat] mean and std.dev: (107.03, 46.00)
[M::mem_pestat] low and high boundaries for proper pairs: (1, 380)
[M::mem_pestat] analyzing insert size distribution for orientation FR...
[M::mem_pestat] (25, 50, 75) percentile: (120, 146, 176)
[M::mem_pestat] low and high boundaries for computing mean and std.dev: (8, 288)
[M::mem_pestat] mean and std.dev: (150.02, 40.99)
[M::mem_pestat] low and high boundaries for proper pairs: (1, 344)
[M::mem_pestat] analyzing insert size distribution for orientation RF...
[M::mem_pestat] (25, 50, 75) percentile: (90, 161, 466)
[M::mem_pestat] low and high boundaries for computing mean and std.dev: (1, 1218)
[M::mem_pestat] mean and std.dev: (238.91, 227.19)
[M::mem_pestat] low and high boundaries for proper pairs: (1, 1594)
[M::mem_pestat] analyzing insert size distribution for orientation RR...
[M::mem_pestat] (25, 50, 75) percentile: (71, 101, 157)
[M::mem_pestat] low and high boundaries for computing mean and std.dev: (1, 329)
[M::mem_pestat] mean and std.dev: (101.66, 50.69)
[M::mem_pestat] low and high boundaries for proper pairs: (1, 415)
[M::mem_pestat] skip orientation FF
[M::mem_pestat] skip orientation RF
[M::mem_pestat] skip orientation RR
[M::mem_process_seqs] Processed 1771962 reads in 1946.995 CPU sec, 83.309 real sec
[M::process] read 1783162 sequences (240000049 bp)...
[M::mem_pestat] # candidate unique pairs for (FF, FR, RF, RR): (105, 566117, 60, 136)
[M::mem_pestat] analyzing insert size distribution for orientation FF...
[M::mem_pestat] (25, 50, 75) percentile: (76, 95, 134)
[M::mem_pestat] low and high boundaries for computing mean and std.dev: (1, 250)
[M::mem_pestat] mean and std.dev: (101.08, 39.94)
[M::mem_pestat] low and high boundaries for proper pairs: (1, 308)
[M::mem_pestat] analyzing insert size distribution for orientation FR...
[M::mem_pestat] (25, 50, 75) percentile: (120, 146, 176)
[M::mem_pestat] low and high boundaries for computing mean and std.dev: (8, 288)
[M::mem_pestat] mean and std.dev: (149.88, 41.01)
[M::mem_pestat] low and high boundaries for proper pairs: (1, 344)
[M::mem_pestat] analyzing insert size distribution for orientation RF...
[M::mem_pestat] (25, 50, 75) percentile: (85, 186, 416)
[M::mem_pestat] low and high boundaries for computing mean and std.dev: (1, 1078)
[M::mem_pestat] mean and std.dev: (196.54, 202.22)
[M::mem_pestat] low and high boundaries for proper pairs: (1, 1409)
[M::mem_pestat] analyzing insert size distribution for orientation RR...
[M::mem_pestat] (25, 50, 75) percentile: (64, 90, 121)
[M::mem_pestat] low and high boundaries for computing mean and std.dev: (1, 235)
[M::mem_pestat] mean and std.dev: (88.60, 37.34)
[M::mem_pestat] low and high boundaries for proper pairs: (1, 292)
[M::mem_pestat] skip orientation FF
[M::mem_pestat] skip orientation RF
[M::mem_pestat] skip orientation RR
[M::mem_process_seqs] Processed 1774756 reads in 1947.624 CPU sec, 83.722 real sec
[M::process] read 1780744 sequences (240000086 bp)...
