[M::bwa_idx_load_from_disk] read 0 ALT contigs
[M::process] read 1699922 sequences (240000249 bp)...
[M::process] read 1695602 sequences (240000075 bp)...
[M::mem_pestat] # candidate unique pairs for (FF, FR, RF, RR): (910, 528008, 71, 986)
[M::mem_pestat] analyzing insert size distribution for orientation FF...
[M::mem_pestat] (25, 50, 75) percentile: (131, 210, 414)
[M::mem_pestat] low and high boundaries for computing mean and std.dev: (1, 980)
[M::mem_pestat] mean and std.dev: (253.48, 190.02)
[M::mem_pestat] low and high boundaries for proper pairs: (1, 1263)
[M::mem_pestat] analyzing insert size distribution for orientation FR...
[M::mem_pestat] (25, 50, 75) percentile: (149, 190, 249)
[M::mem_pestat] low and high boundaries for computing mean and std.dev: (1, 449)
[M::mem_pestat] mean and std.dev: (201.25, 75.85)
[M::mem_pestat] low and high boundaries for proper pairs: (1, 549)
[M::mem_pestat] analyzing insert size distribution for orientation RF...
[M::mem_pestat] (25, 50, 75) percentile: (108, 242, 726)
[M::mem_pestat] low and high boundaries for computing mean and std.dev: (1, 1962)
[M::mem_pestat] mean and std.dev: (346.03, 403.94)
[M::mem_pestat] low and high boundaries for proper pairs: (1, 2580)
[M::mem_pestat] analyzing insert size distribution for orientation RR...
[M::mem_pestat] (25, 50, 75) percentile: (135, 223, 416)
[M::mem_pestat] low and high boundaries for computing mean and std.dev: (1, 978)
[M::mem_pestat] mean and std.dev: (267.16, 191.14)
[M::mem_pestat] low and high boundaries for proper pairs: (1, 1259)
[M::mem_pestat] skip orientation FF
[M::mem_pestat] skip orientation RF
[M::mem_pestat] skip orientation RR
[M::mem_process_seqs] Processed 1699922 reads in 2238.155 CPU sec, 94.293 real sec
[M::process] read 1694936 sequences (240000170 bp)...
[M::mem_pestat] # candidate unique pairs for (FF, FR, RF, RR): (921, 527028, 74, 943)
[M::mem_pestat] analyzing insert size distribution for orientation FF...
[M::mem_pestat] (25, 50, 75) percentile: (129, 211, 382)
[M::mem_pestat] low and high boundaries for computing mean and std.dev: (1, 888)
[M::mem_pestat] mean and std.dev: (237.64, 153.35)
[M::mem_pestat] low and high boundaries for proper pairs: (1, 1141)
[M::mem_pestat] analyzing insert size distribution for orientation FR...
[M::mem_pestat] (25, 50, 75) percentile: (150, 191, 250)
[M::mem_pestat] low and high boundaries for computing mean and std.dev: (1, 450)
[M::mem_pestat] mean and std.dev: (202.26, 76.30)
[M::mem_pestat] low and high boundaries for proper pairs: (1, 550)
[M::mem_pestat] analyzing insert size distribution for orientation RF...
[M::mem_pestat] (25, 50, 75) percentile: (69, 196, 954)
[M::mem_pestat] low and high boundaries for computing mean and std.dev: (1, 2724)
[M::mem_pestat] mean and std.dev: (394.27, 542.01)
[M::mem_pestat] low and high boundaries for proper pairs: (1, 3609)
[M::mem_pestat] analyzing insert size distribution for orientation RR...
[M::mem_pestat] (25, 50, 75) percentile: (130, 218, 434)
[M::mem_pestat] low and high boundaries for computing mean and std.dev: (1, 1042)
[M::mem_pestat] mean and std.dev: (269.07, 201.16)
[M::mem_pestat] low and high boundaries for proper pairs: (1, 1346)
[M::mem_pestat] skip orientation FF
[M::mem_pestat] skip orientation RF
[M::mem_pestat] skip orientation RR
[M::mem_process_seqs] Processed 1695602 reads in 2267.260 CPU sec, 96.695 real sec
[M::process] read 1695232 sequences (240000286 bp)...
[M::mem_pestat] # candidate unique pairs for (FF, FR, RF, RR): (945, 526194, 65, 1004)
[M::mem_pestat] analyzing insert size distribution for orientation FF...
[M::mem_pestat] (25, 50, 75) percentile: (127, 198, 380)
[M::mem_pestat] low and high boundaries for computing mean and std.dev: (1, 886)
[M::mem_pestat] mean and std.dev: (238.06, 167.80)
[M::mem_pestat] low and high boundaries for proper pairs: (1, 1139)
[M::mem_pestat] analyzing insert size distribution for orientation FR...
[M::mem_pestat] (25, 50, 75) percentile: (150, 191, 251)
[M::mem_pestat] low and high boundaries for computing mean and std.dev: (1, 453)
[M::mem_pestat] mean and std.dev: (202.93, 76.85)
[M::mem_pestat] low and high boundaries for proper pairs: (1, 554)
[M::mem_pestat] analyzing insert size distribution for orientation RF...
[M::mem_pestat] (25, 50, 75) percentile: (65, 225, 1439)
[M::mem_pestat] low and high boundaries for computing mean and std.dev: (1, 4187)
[M::mem_pestat] mean and std.dev: (591.10, 951.72)
[M::mem_pestat] low and high boundaries for proper pairs: (1, 5561)
[M::mem_pestat] analyzing insert size distribution for orientation RR...
[M::mem_pestat] (25, 50, 75) percentile: (129, 204, 418)
[M::mem_pestat] low and high boundaries for computing mean and std.dev: (1, 996)
[M::mem_pestat] mean and std.dev: (257.69, 194.93)
[M::mem_pestat] low and high boundaries for proper pairs: (1, 1285)
[M::mem_pestat] skip orientation FF
[M::mem_pestat] skip orientation RF
[M::mem_pestat] skip orientation RR
[M::mem_process_seqs] Processed 1694936 reads in 2280.206 CPU sec, 97.809 real sec
[M::process] read 1695066 sequences (240000055 bp)...
[M::mem_pestat] # candidate unique pairs for (FF, FR, RF, RR): (945, 526010, 77, 958)
[M::mem_pestat] analyzing insert size distribution for orientation FF...
[M::mem_pestat] (25, 50, 75) percentile: (128, 203, 400)
[M::mem_pestat] low and high boundaries for computing mean and std.dev: (1, 944)
[M::mem_pestat] mean and std.dev: (250.22, 180.53)
[M::mem_pestat] low and high boundaries for proper pairs: (1, 1216)
[M::mem_pestat] analyzing insert size distribution for orientation FR...
[M::mem_pestat] (25, 50, 75) percentile: (150, 191, 250)
[M::mem_pestat] low and high boundaries for computing mean and std.dev: (1, 450)
[M::mem_pestat] mean and std.dev: (202.27, 76.45)
[M::mem_pestat] low and high boundaries for proper pairs: (1, 550)
[M::mem_pestat] analyzing insert size distribution for orientation RF...
[M::mem_pestat] (25, 50, 75) percentile: (62, 182, 909)
[M::mem_pestat] low and high boundaries for computing mean and std.dev: (1, 2603)
[M::mem_pestat] mean and std.dev: (369.40, 526.44)
[M::mem_pestat] low and high boundaries for proper pairs: (1, 3450)
[M::mem_pestat] analyzing insert size distribution for orientation RR...
[M::mem_pestat] (25, 50, 75) percentile: (133, 222, 428)
[M::mem_pestat] low and high boundaries for computing mean and std.dev: (1, 1018)
[M::mem_pestat] mean and std.dev: (275.79, 212.32)
[M::mem_pestat] low and high boundaries for proper pairs: (1, 1313)
[M::mem_pestat] skip orientation FF
[M::mem_pestat] skip orientation RF
[M::mem_pestat] skip orientation RR
[M::mem_process_seqs] Processed 1695232 reads in 2287.426 CPU sec, 98.019 real sec
[M::process] read 1690268 sequences (240000108 bp)...
[M::mem_pestat] # candidate unique pairs for (FF, FR, RF, RR): (937, 526057, 64, 957)
[M::mem_pestat] analyzing insert size distribution for orientation FF...
[M::mem_pestat] (25, 50, 75) percentile: (125, 204, 395)
[M::mem_pestat] low and high boundaries for computing mean and std.dev: (1, 935)
[M::mem_pestat] mean and std.dev: (249.94, 180.43)
[M::mem_pestat] low and high boundaries for proper pairs: (1, 1205)
[M::mem_pestat] analyzing insert size distribution for orientation FR...
[M::mem_pestat] (25, 50, 75) percentile: (150, 191, 251)
[M::mem_pestat] low and high boundaries for computing mean and std.dev: (1, 453)
[M::mem_pestat] mean and std.dev: (202.80, 76.78)
[M::mem_pestat] low and high boundaries for proper pairs: (1, 554)
[M::mem_pestat] analyzing insert size distribution for orientation RF...
[M::mem_pestat] (25, 50, 75) percentile: (103, 320, 1315)
[M::mem_pestat] low and high boundaries for computing mean and std.dev: (1, 3739)
[M::mem_pestat] mean and std.dev: (482.39, 582.79)
[M::mem_pestat] low and high boundaries for proper pairs: (1, 4951)
[M::mem_pestat] analyzing insert size distribution for orientation RR...
[M::mem_pestat] (25, 50, 75) percentile: (128, 205, 391)
[M::mem_pestat] low and high boundaries for computing mean and std.dev: (1, 917)
[M::mem_pestat] mean and std.dev: (245.90, 178.02)
[M::mem_pestat] low and high boundaries for proper pairs: (1, 1180)
[M::mem_pestat] skip orientation FF
[M::mem_pestat] skip orientation RF
[M::mem_pestat] skip orientation RR
[M::mem_process_seqs] Processed 1695066 reads in 2303.014 CPU sec, 98.711 real sec
[M::process] read 1687074 sequences (240000087 bp)...
[M::mem_pestat] # candidate unique pairs for (FF, FR, RF, RR): (911, 524619, 57, 977)
[M::mem_pestat] analyzing insert size distribution for orientation FF...
[M::mem_pestat] (25, 50, 75) percentile: (125, 199, 360)
[M::mem_pestat] low and high boundaries for computing mean and std.dev: (1, 830)
[M::mem_pestat] mean and std.dev: (241.29, 165.99)
[M::mem_pestat] low and high boundaries for proper pairs: (1, 1065)
[M::mem_pestat] analyzing insert size distribution for orientation FR...
[M::mem_pestat] (25, 50, 75) percentile: (151, 192, 252)
[M::mem_pestat] low and high boundaries for computing mean and std.dev: (1, 454)
[M::mem_pestat] mean and std.dev: (203.75, 77.08)
[M::mem_pestat] low and high boundaries for proper pairs: (1, 555)
[M::mem_pestat] analyzing insert size distribution for orientation RF...
[M::mem_pestat] (25, 50, 75) percentile: (95, 274, 1792)
[M::mem_pestat] low and high boundaries for computing mean and std.dev: (1, 5186)
[M::mem_pestat] mean and std.dev: (782.64, 1150.72)
[M::mem_pestat] low and high boundaries for proper pairs: (1, 6883)
[M::mem_pestat] analyzing insert size distribution for orientation RR...
[M::mem_pestat] (25, 50, 75) percentile: (134, 212, 427)
[M::mem_pestat] low and high boundaries for computing mean and std.dev: (1, 1013)
[M::mem_pestat] mean and std.dev: (256.70, 195.34)
[M::mem_pestat] low and high boundaries for proper pairs: (1, 1306)
[M::mem_pestat] skip orientation FF
[M::mem_pestat] skip orientation RF
[M::mem_pestat] skip orientation RR
[M::mem_process_seqs] Processed 1690268 reads in 2284.646 CPU sec, 97.921 real sec
[M::process] read 1687916 sequences (240000217 bp)...
[M::mem_pestat] # candidate unique pairs for (FF, FR, RF, RR): (950, 523452, 77, 972)
[M::mem_pestat] analyzing insert size distribution for orientation FF...
[M::mem_pestat] (25, 50, 75) percentile: (128, 200, 385)
[M::mem_pestat] low and high boundaries for computing mean and std.dev: (1, 899)
[M::mem_pestat] mean and std.dev: (240.36, 172.03)
[M::mem_pestat] low and high boundaries for proper pairs: (1, 1156)
[M::mem_pestat] analyzing insert size distribution for orientation FR...
[M::mem_pestat] (25, 50, 75) percentile: (152, 193, 253)
[M::mem_pestat] low and high boundaries for computing mean and std.dev: (1, 455)
[M::mem_pestat] mean and std.dev: (204.75, 77.13)
[M::mem_pestat] low and high boundaries for proper pairs: (1, 556)
[M::mem_pestat] analyzing insert size distribution for orientation RF...
[M::mem_pestat] (25, 50, 75) percentile: (64, 233, 1952)
[M::mem_pestat] low and high boundaries for computing mean and std.dev: (1, 5728)
[M::mem_pestat] mean and std.dev: (922.41, 1449.66)
[M::mem_pestat] low and high boundaries for proper pairs: (1, 7616)
[M::mem_pestat] analyzing insert size distribution for orientation RR...
[M::mem_pestat] (25, 50, 75) percentile: (128, 208, 405)
[M::mem_pestat] low and high boundaries for computing mean and std.dev: (1, 959)
[M::mem_pestat] mean and std.dev: (253.45, 183.91)
[M::mem_pestat] low and high boundaries for proper pairs: (1, 1236)
[M::mem_pestat] skip orientation FF
[M::mem_pestat] skip orientation RF
[M::mem_pestat] skip orientation RR
[M::mem_process_seqs] Processed 1687074 reads in 2292.807 CPU sec, 98.237 real sec
[M::process] read 1687872 sequences (240000020 bp)...
[M::mem_pestat] # candidate unique pairs for (FF, FR, RF, RR): (916, 524366, 79, 1001)
[M::mem_pestat] analyzing insert size distribution for orientation FF...
[M::mem_pestat] (25, 50, 75) percentile: (128, 210, 401)
[M::mem_pestat] low and high boundaries for computing mean and std.dev: (1, 947)
[M::mem_pestat] mean and std.dev: (253.83, 185.99)
[M::mem_pestat] low and high boundaries for proper pairs: (1, 1220)
[M::mem_pestat] analyzing insert size distribution for orientation FR...
[M::mem_pestat] (25, 50, 75) percentile: (151, 193, 253)
[M::mem_pestat] low and high boundaries for computing mean and std.dev: (1, 457)
[M::mem_pestat] mean and std.dev: (204.59, 77.30)
[M::mem_pestat] low and high boundaries for proper pairs: (1, 559)
[M::mem_pestat] analyzing insert size distribution for orientation RF...
[M::mem_pestat] (25, 50, 75) percentile: (82, 244, 1924)
[M::mem_pestat] low and high boundaries for computing mean and std.dev: (1, 5608)
[M::mem_pestat] mean and std.dev: (779.06, 1289.42)
[M::mem_pestat] low and high boundaries for proper pairs: (1, 7450)
[M::mem_pestat] analyzing insert size distribution for orientation RR...
[M::mem_pestat] (25, 50, 75) percentile: (139, 220, 422)
[M::mem_pestat] low and high boundaries for computing mean and std.dev: (1, 988)
[M::mem_pestat] mean and std.dev: (260.84, 190.03)
[M::mem_pestat] low and high boundaries for proper pairs: (1, 1271)
[M::mem_pestat] skip orientation FF
[M::mem_pestat] skip orientation RF
[M::mem_pestat] skip orientation RR
[M::mem_process_seqs] Processed 1687916 reads in 2285.639 CPU sec, 97.488 real sec
[M::process] read 1686396 sequences (240000054 bp)...
[M::mem_pestat] # candidate unique pairs for (FF, FR, RF, RR): (946, 523739, 95, 910)
[M::mem_pestat] analyzing insert size distribution for orientation FF...
[M::mem_pestat] (25, 50, 75) percentile: (132, 216, 415)
[M::mem_pestat] low and high boundaries for computing mean and std.dev: (1, 981)
[M::mem_pestat] mean and std.dev: (267.71, 195.16)
[M::mem_pestat] low and high boundaries for proper pairs: (1, 1264)
[M::mem_pestat] analyzing insert size distribution for orientation FR...
[M::mem_pestat] (25, 50, 75) percentile: (151, 192, 251)
[M::mem_pestat] low and high boundaries for computing mean and std.dev: (1, 451)
[M::mem_pestat] mean and std.dev: (203.29, 75.95)
[M::mem_pestat] low and high boundaries for proper pairs: (1, 551)
[M::mem_pestat] analyzing insert size distribution for orientation RF...
[M::mem_pestat] (25, 50, 75) percentile: (74, 176, 908)
[M::mem_pestat] low and high boundaries for computing mean and std.dev: (1, 2576)
[M::mem_pestat] mean and std.dev: (301.75, 428.85)
[M::mem_pestat] low and high boundaries for proper pairs: (1, 3410)
[M::mem_pestat] analyzing insert size distribution for orientation RR...
[M::mem_pestat] (25, 50, 75) percentile: (127, 206, 346)
[M::mem_pestat] low and high boundaries for computing mean and std.dev: (1, 784)
[M::mem_pestat] mean and std.dev: (230.53, 146.68)
[M::mem_pestat] low and high boundaries for proper pairs: (1, 1003)
[M::mem_pestat] skip orientation FF
[M::mem_pestat] skip orientation RF
[M::mem_pestat] skip orientation RR
[M::mem_process_seqs] Processed 1687872 reads in 2290.465 CPU sec, 98.145 real sec
[M::process] read 1682782 sequences (240000203 bp)...
[M::mem_pestat] # candidate unique pairs for (FF, FR, RF, RR): (905, 524524, 81, 963)
[M::mem_pestat] analyzing insert size distribution for orientation FF...
[M::mem_pestat] (25, 50, 75) percentile: (135, 217, 386)
[M::mem_pestat] low and high boundaries for computing mean and std.dev: (1, 888)
[M::mem_pestat] mean and std.dev: (254.65, 172.19)
[M::mem_pestat] low and high boundaries for proper pairs: (1, 1139)
[M::mem_pestat] analyzing insert size distribution for orientation FR...
[M::mem_pestat] (25, 50, 75) percentile: (151, 192, 251)
[M::mem_pestat] low and high boundaries for computing mean and std.dev: (1, 451)
[M::mem_pestat] mean and std.dev: (203.74, 75.68)
[M::mem_pestat] low and high boundaries for proper pairs: (1, 551)
[M::mem_pestat] analyzing insert size distribution for orientation RF...
[M::mem_pestat] (25, 50, 75) percentile: (119, 450, 2768)
[M::mem_pestat] low and high boundaries for computing mean and std.dev: (1, 8066)
[M::mem_pestat] mean and std.dev: (1305.39, 1949.81)
[M::mem_pestat] low and high boundaries for proper pairs: (1, 10715)
[M::mem_pestat] analyzing insert size distribution for orientation RR...
[M::mem_pestat] (25, 50, 75) percentile: (129, 214, 408)
[M::mem_pestat] low and high boundaries for computing mean and std.dev: (1, 966)
[M::mem_pestat] mean and std.dev: (256.82, 186.51)
[M::mem_pestat] low and high boundaries for proper pairs: (1, 1245)
[M::mem_pestat] skip orientation FF
[M::mem_pestat] skip orientation RF
[M::mem_pestat] skip orientation RR
[M::mem_process_seqs] Processed 1686396 reads in 2290.897 CPU sec, 98.129 real sec
[M::process] read 1682694 sequences (240000201 bp)...
[M::mem_pestat] # candidate unique pairs for (FF, FR, RF, RR): (965, 522699, 69, 1005)
[M::mem_pestat] analyzing insert size distribution for orientation FF...
[M::mem_pestat] (25, 50, 75) percentile: (125, 206, 425)
[M::mem_pestat] low and high boundaries for computing mean and std.dev: (1, 1025)
[M::mem_pestat] mean and std.dev: (256.35, 200.42)
[M::mem_pestat] low and high boundaries for proper pairs: (1, 1325)
[M::mem_pestat] analyzing insert size distribution for orientation FR...
[M::mem_pestat] (25, 50, 75) percentile: (152, 192, 251)
[M::mem_pestat] low and high boundaries for computing mean and std.dev: (1, 449)
[M::mem_pestat] mean and std.dev: (203.81, 75.40)
[M::mem_pestat] low and high boundaries for proper pairs: (1, 548)
[M::mem_pestat] analyzing insert size distribution for orientation RF...
[M::mem_pestat] (25, 50, 75) percentile: (109, 384, 1525)
[M::mem_pestat] low and high boundaries for computing mean and std.dev: (1, 4357)
[M::mem_pestat] mean and std.dev: (746.02, 1037.94)
[M::mem_pestat] low and high boundaries for proper pairs: (1, 5773)
[M::mem_pestat] analyzing insert size distribution for orientation RR...
[M::mem_pestat] (25, 50, 75) percentile: (127, 219, 449)
[M::mem_pestat] low and high boundaries for computing mean and std.dev: (1, 1093)
[M::mem_pestat] mean and std.dev: (271.38, 212.26)
[M::mem_pestat] low and high boundaries for proper pairs: (1, 1415)
[M::mem_pestat] skip orientation FF
[M::mem_pestat] skip orientation RF
[M::mem_pestat] skip orientation RR
[M::mem_process_seqs] Processed 1682782 reads in 2300.443 CPU sec, 98.541 real sec
[M::process] read 1685232 sequences (240000163 bp)...
[M::mem_pestat] # candidate unique pairs for (FF, FR, RF, RR): (950, 523433, 70, 939)
[M::mem_pestat] analyzing insert size distribution for orientation FF...
[M::mem_pestat] (25, 50, 75) percentile: (131, 205, 379)
[M::mem_pestat] low and high boundaries for computing mean and std.dev: (1, 875)
[M::mem_pestat] mean and std.dev: (245.63, 170.20)
[M::mem_pestat] low and high boundaries for proper pairs: (1, 1123)
[M::mem_pestat] analyzing insert size distribution for orientation FR...
[M::mem_pestat] (25, 50, 75) percentile: (151, 191, 250)
[M::mem_pestat] low and high boundaries for computing mean and std.dev: (1, 448)
[M::mem_pestat] mean and std.dev: (203.35, 75.00)
[M::mem_pestat] low and high boundaries for proper pairs: (1, 547)
[M::mem_pestat] analyzing insert size distribution for orientation RF...
[M::mem_pestat] (25, 50, 75) percentile: (98, 288, 1227)
[M::mem_pestat] low and high boundaries for computing mean and std.dev: (1, 3485)
[M::mem_pestat] mean and std.dev: (520.13, 652.50)
[M::mem_pestat] low and high boundaries for proper pairs: (1, 4614)
[M::mem_pestat] analyzing insert size distribution for orientation RR...
[M::mem_pestat] (25, 50, 75) percentile: (134, 206, 421)
[M::mem_pestat] low and high boundaries for computing mean and std.dev: (1, 995)
[M::mem_pestat] mean and std.dev: (262.53, 193.16)
[M::mem_pestat] low and high boundaries for proper pairs: (1, 1282)
[M::mem_pestat] skip orientation FF
[M::mem_pestat] skip orientation RF
[M::mem_pestat] skip orientation RR
[M::mem_process_seqs] Processed 1682694 reads in 2285.943 CPU sec, 97.885 real sec
[M::process] read 1695864 sequences (240000177 bp)...
[M::mem_pestat] # candidate unique pairs for (FF, FR, RF, RR): (945, 523341, 69, 950)
[M::mem_pestat] analyzing insert size distribution for orientation FF...
[M::mem_pestat] (25, 50, 75) percentile: (128, 199, 391)
[M::mem_pestat] low and high boundaries for computing mean and std.dev: (1, 917)
[M::mem_pestat] mean and std.dev: (247.68, 179.60)
[M::mem_pestat] low and high boundaries for proper pairs: (1, 1180)
[M::mem_pestat] analyzing insert size distribution for orientation FR...
[M::mem_pestat] (25, 50, 75) percentile: (151, 191, 250)
[M::mem_pestat] low and high boundaries for computing mean and std.dev: (1, 448)
[M::mem_pestat] mean and std.dev: (202.87, 74.95)
[M::mem_pestat] low and high boundaries for proper pairs: (1, 547)
[M::mem_pestat] analyzing insert size distribution for orientation RF...
[M::mem_pestat] (25, 50, 75) percentile: (89, 224, 799)
[M::mem_pestat] low and high boundaries for computing mean and std.dev: (1, 2219)
[M::mem_pestat] mean and std.dev: (396.53, 469.55)
[M::mem_pestat] low and high boundaries for proper pairs: (1, 2929)
[M::mem_pestat] analyzing insert size distribution for orientation RR...
[M::mem_pestat] (25, 50, 75) percentile: (128, 214, 410)
[M::mem_pestat] low and high boundaries for computing mean and std.dev: (1, 974)
[M::mem_pestat] mean and std.dev: (261.28, 191.61)
[M::mem_pestat] low and high boundaries for proper pairs: (1, 1256)
[M::mem_pestat] skip orientation FF
[M::mem_pestat] skip orientation RF
[M::mem_pestat] skip orientation RR
[M::mem_process_seqs] Processed 1685232 reads in 2275.156 CPU sec, 97.483 real sec
[M::process] read 1693564 sequences (240000011 bp)...
[M::mem_pestat] # candidate unique pairs for (FF, FR, RF, RR): (876, 526182, 78, 1009)
[M::mem_pestat] analyzing insert size distribution for orientation FF...
[M::mem_pestat] (25, 50, 75) percentile: (125, 209, 438)
[M::mem_pestat] low and high boundaries for computing mean and std.dev: (1, 1064)
[M::mem_pestat] mean and std.dev: (263.15, 207.89)
[M::mem_pestat] low and high boundaries for proper pairs: (1, 1377)
[M::mem_pestat] analyzing insert size distribution for orientation FR...
[M::mem_pestat] (25, 50, 75) percentile: (150, 191, 250)
[M::mem_pestat] low and high boundaries for computing mean and std.dev: (1, 450)
[M::mem_pestat] mean and std.dev: (202.25, 76.31)
[M::mem_pestat] low and high boundaries for proper pairs: (1, 550)
[M::mem_pestat] analyzing insert size distribution for orientation RF...
[M::mem_pestat] (25, 50, 75) percentile: (82, 301, 1318)
[M::mem_pestat] low and high boundaries for computing mean and std.dev: (1, 3790)
[M::mem_pestat] mean and std.dev: (584.12, 773.56)
[M::mem_pestat] low and high boundaries for proper pairs: (1, 5026)
[M::mem_pestat] analyzing insert size distribution for orientation RR...
[M::mem_pestat] (25, 50, 75) percentile: (137, 209, 357)
[M::mem_pestat] low and high boundaries for computing mean and std.dev: (1, 797)
[M::mem_pestat] mean and std.dev: (235.38, 148.36)
[M::mem_pestat] low and high boundaries for proper pairs: (1, 1017)
[M::mem_pestat] skip orientation FF
[M::mem_pestat] skip orientation RF
[M::mem_pestat] skip orientation RR
[M::mem_process_seqs] Processed 1695864 reads in 2284.949 CPU sec, 97.913 real sec
[M::process] read 1693398 sequences (240000111 bp)...
[M::mem_pestat] # candidate unique pairs for (FF, FR, RF, RR): (923, 526010, 101, 949)
[M::mem_pestat] analyzing insert size distribution for orientation FF...
[M::mem_pestat] (25, 50, 75) percentile: (133, 212, 405)
[M::mem_pestat] low and high boundaries for computing mean and std.dev: (1, 949)
[M::mem_pestat] mean and std.dev: (258.69, 182.40)
[M::mem_pestat] low and high boundaries for proper pairs: (1, 1221)
[M::mem_pestat] analyzing insert size distribution for orientation FR...
[M::mem_pestat] (25, 50, 75) percentile: (150, 192, 251)
[M::mem_pestat] low and high boundaries for computing mean and std.dev: (1, 453)
[M::mem_pestat] mean and std.dev: (203.12, 76.87)
[M::mem_pestat] low and high boundaries for proper pairs: (1, 554)
[M::mem_pestat] analyzing insert size distribution for orientation RF...
[M::mem_pestat] (25, 50, 75) percentile: (90, 313, 1095)
[M::mem_pestat] low and high boundaries for computing mean and std.dev: (1, 3105)
[M::mem_pestat] mean and std.dev: (519.63, 647.25)
[M::mem_pestat] low and high boundaries for proper pairs: (1, 4110)
[M::mem_pestat] analyzing insert size distribution for orientation RR...
[M::mem_pestat] (25, 50, 75) percentile: (132, 210, 405)
[M::mem_pestat] low and high boundaries for computing mean and std.dev: (1, 951)
[M::mem_pestat] mean and std.dev: (257.57, 186.30)
[M::mem_pestat] low and high boundaries for proper pairs: (1, 1224)
[M::mem_pestat] skip orientation FF
[M::mem_pestat] skip orientation RF
[M::mem_pestat] skip orientation RR
[M::mem_process_seqs] Processed 1693564 reads in 2287.065 CPU sec, 97.498 real sec
