[M::bwa_idx_load_from_disk] read 0 ALT contigs
[M::process] read 1731020 sequences (240000137 bp)...
[M::process] read 1726428 sequences (240000096 bp)...
[M::mem_pestat] # candidate unique pairs for (FF, FR, RF, RR): (357, 568738, 45, 370)
[M::mem_pestat] analyzing insert size distribution for orientation FF...
[M::mem_pestat] (25, 50, 75) percentile: (91, 120, 192)
[M::mem_pestat] low and high boundaries for computing mean and std.dev: (1, 394)
[M::mem_pestat] mean and std.dev: (133.43, 67.04)
[M::mem_pestat] low and high boundaries for proper pairs: (1, 495)
[M::mem_pestat] analyzing insert size distribution for orientation FR...
[M::mem_pestat] (25, 50, 75) percentile: (129, 159, 191)
[M::mem_pestat] low and high boundaries for computing mean and std.dev: (5, 315)
[M::mem_pestat] mean and std.dev: (161.28, 44.46)
[M::mem_pestat] low and high boundaries for proper pairs: (1, 377)
[M::mem_pestat] analyzing insert size distribution for orientation RF...
[M::mem_pestat] (25, 50, 75) percentile: (51, 228, 759)
[M::mem_pestat] low and high boundaries for computing mean and std.dev: (1, 2175)
[M::mem_pestat] mean and std.dev: (404.12, 478.73)
[M::mem_pestat] low and high boundaries for proper pairs: (1, 2883)
[M::mem_pestat] analyzing insert size distribution for orientation RR...
[M::mem_pestat] (25, 50, 75) percentile: (93, 122, 186)
[M::mem_pestat] low and high boundaries for computing mean and std.dev: (1, 372)
[M::mem_pestat] mean and std.dev: (135.47, 65.34)
[M::mem_pestat] low and high boundaries for proper pairs: (1, 465)
[M::mem_pestat] skip orientation FF
[M::mem_pestat] skip orientation RF
[M::mem_pestat] skip orientation RR
[M::mem_process_seqs] Processed 1731020 reads in 1767.332 CPU sec, 74.670 real sec
[M::process] read 1727474 sequences (240000069 bp)...
[M::mem_pestat] # candidate unique pairs for (FF, FR, RF, RR): (348, 567794, 50, 356)
[M::mem_pestat] analyzing insert size distribution for orientation FF...
[M::mem_pestat] (25, 50, 75) percentile: (89, 116, 160)
[M::mem_pestat] low and high boundaries for computing mean and std.dev: (1, 302)
[M::mem_pestat] mean and std.dev: (120.57, 48.98)
[M::mem_pestat] low and high boundaries for proper pairs: (1, 373)
[M::mem_pestat] analyzing insert size distribution for orientation FR...
[M::mem_pestat] (25, 50, 75) percentile: (130, 160, 191)
[M::mem_pestat] low and high boundaries for computing mean and std.dev: (8, 313)
[M::mem_pestat] mean and std.dev: (161.77, 44.49)
[M::mem_pestat] low and high boundaries for proper pairs: (1, 374)
[M::mem_pestat] analyzing insert size distribution for orientation RF...
[M::mem_pestat] (25, 50, 75) percentile: (137, 422, 686)
[M::mem_pestat] low and high boundaries for computing mean and std.dev: (1, 1784)
[M::mem_pestat] mean and std.dev: (409.60, 407.77)
[M::mem_pestat] low and high boundaries for proper pairs: (1, 2333)
[M::mem_pestat] analyzing insert size distribution for orientation RR...
[M::mem_pestat] (25, 50, 75) percentile: (94, 123, 195)
[M::mem_pestat] low and high boundaries for computing mean and std.dev: (1, 397)
[M::mem_pestat] mean and std.dev: (136.21, 69.90)
[M::mem_pestat] low and high boundaries for proper pairs: (1, 498)
[M::mem_pestat] skip orientation FF
[M::mem_pestat] skip orientation RF
[M::mem_pestat] skip orientation RR
[M::mem_process_seqs] Processed 1726428 reads in 1791.447 CPU sec, 76.829 real sec
[M::process] read 1727890 sequences (240000009 bp)...
[M::mem_pestat] # candidate unique pairs for (FF, FR, RF, RR): (382, 567538, 46, 369)
[M::mem_pestat] analyzing insert size distribution for orientation FF...
[M::mem_pestat] (25, 50, 75) percentile: (95, 125, 195)
[M::mem_pestat] low and high boundaries for computing mean and std.dev: (1, 395)
[M::mem_pestat] mean and std.dev: (135.83, 66.97)
[M::mem_pestat] low and high boundaries for proper pairs: (1, 495)
[M::mem_pestat] analyzing insert size distribution for orientation FR...
[M::mem_pestat] (25, 50, 75) percentile: (130, 159, 191)
[M::mem_pestat] low and high boundaries for computing mean and std.dev: (8, 313)
[M::mem_pestat] mean and std.dev: (161.59, 44.65)
[M::mem_pestat] low and high boundaries for proper pairs: (1, 374)
[M::mem_pestat] analyzing insert size distribution for orientation RF...
[M::mem_pestat] (25, 50, 75) percentile: (71, 215, 886)
[M::mem_pestat] low and high boundaries for computing mean and std.dev: (1, 2516)
[M::mem_pestat] mean and std.dev: (435.10, 557.76)
[M::mem_pestat] low and high boundaries for proper pairs: (1, 3331)
[M::mem_pestat] analyzing insert size distribution for orientation RR...
[M::mem_pestat] (25, 50, 75) percentile: (88, 113, 166)
[M::mem_pestat] low and high boundaries for computing mean and std.dev: (1, 322)
[M::mem_pestat] mean and std.dev: (120.50, 52.24)
[M::mem_pestat] low and high boundaries for proper pairs: (1, 400)
[M::mem_pestat] skip orientation FF
[M::mem_pestat] skip orientation RF
[M::mem_pestat] skip orientation RR
[M::mem_process_seqs] Processed 1727474 reads in 1812.260 CPU sec, 78.149 real sec
[M::process] read 1722578 sequences (240000160 bp)...
[M::mem_pestat] # candidate unique pairs for (FF, FR, RF, RR): (362, 566887, 55, 389)
[M::mem_pestat] analyzing insert size distribution for orientation FF...
[M::mem_pestat] (25, 50, 75) percentile: (92, 122, 197)
[M::mem_pestat] low and high boundaries for computing mean and std.dev: (1, 407)
[M::mem_pestat] mean and std.dev: (134.80, 69.07)
[M::mem_pestat] low and high boundaries for proper pairs: (1, 512)
[M::mem_pestat] analyzing insert size distribution for orientation FR...
[M::mem_pestat] (25, 50, 75) percentile: (130, 160, 191)
[M::mem_pestat] low and high boundaries for computing mean and std.dev: (8, 313)
[M::mem_pestat] mean and std.dev: (161.61, 44.59)
[M::mem_pestat] low and high boundaries for proper pairs: (1, 374)
[M::mem_pestat] analyzing insert size distribution for orientation RF...
[M::mem_pestat] (25, 50, 75) percentile: (118, 272, 773)
[M::mem_pestat] low and high boundaries for computing mean and std.dev: (1, 2083)
[M::mem_pestat] mean and std.dev: (373.25, 408.51)
[M::mem_pestat] low and high boundaries for proper pairs: (1, 2738)
[M::mem_pestat] analyzing insert size distribution for orientation RR...
[M::mem_pestat] (25, 50, 75) percentile: (90, 127, 204)
[M::mem_pestat] low and high boundaries for computing mean and std.dev: (1, 432)
[M::mem_pestat] mean and std.dev: (136.84, 72.54)
[M::mem_pestat] low and high boundaries for proper pairs: (1, 546)
[M::mem_pestat] skip orientation FF
[M::mem_pestat] skip orientation RF
[M::mem_pestat] skip orientation RR
[M::mem_process_seqs] Processed 1727890 reads in 1821.348 CPU sec, 78.607 real sec
[M::process] read 1720028 sequences (240000186 bp)...
[M::mem_pestat] # candidate unique pairs for (FF, FR, RF, RR): (329, 565667, 48, 384)
[M::mem_pestat] analyzing insert size distribution for orientation FF...
[M::mem_pestat] (25, 50, 75) percentile: (92, 125, 220)
[M::mem_pestat] low and high boundaries for computing mean and std.dev: (1, 476)
[M::mem_pestat] mean and std.dev: (147.73, 89.71)
[M::mem_pestat] low and high boundaries for proper pairs: (1, 604)
[M::mem_pestat] analyzing insert size distribution for orientation FR...
[M::mem_pestat] (25, 50, 75) percentile: (130, 160, 192)
[M::mem_pestat] low and high boundaries for computing mean and std.dev: (6, 316)
[M::mem_pestat] mean and std.dev: (162.26, 44.56)
[M::mem_pestat] low and high boundaries for proper pairs: (1, 378)
[M::mem_pestat] analyzing insert size distribution for orientation RF...
[M::mem_pestat] (25, 50, 75) percentile: (91, 331, 1446)
[M::mem_pestat] low and high boundaries for computing mean and std.dev: (1, 4156)
[M::mem_pestat] mean and std.dev: (441.32, 686.89)
[M::mem_pestat] low and high boundaries for proper pairs: (1, 5511)
[M::mem_pestat] analyzing insert size distribution for orientation RR...
[M::mem_pestat] (25, 50, 75) percentile: (95, 125, 204)
[M::mem_pestat] low and high boundaries for computing mean and std.dev: (1, 422)
[M::mem_pestat] mean and std.dev: (142.67, 78.78)
[M::mem_pestat] low and high boundaries for proper pairs: (1, 531)
[M::mem_pestat] skip orientation FF
[M::mem_pestat] skip orientation RF
[M::mem_pestat] skip orientation RR
[M::mem_process_seqs] Processed 1722578 reads in 1821.089 CPU sec, 78.464 real sec
[M::process] read 1722156 sequences (240000272 bp)...
[M::mem_pestat] # candidate unique pairs for (FF, FR, RF, RR): (329, 565539, 54, 385)
[M::mem_pestat] analyzing insert size distribution for orientation FF...
[M::mem_pestat] (25, 50, 75) percentile: (88, 114, 179)
[M::mem_pestat] low and high boundaries for computing mean and std.dev: (1, 361)
[M::mem_pestat] mean and std.dev: (132.98, 67.87)
[M::mem_pestat] low and high boundaries for proper pairs: (1, 452)
[M::mem_pestat] analyzing insert size distribution for orientation FR...
[M::mem_pestat] (25, 50, 75) percentile: (130, 160, 192)
[M::mem_pestat] low and high boundaries for computing mean and std.dev: (6, 316)
[M::mem_pestat] mean and std.dev: (162.35, 44.49)
[M::mem_pestat] low and high boundaries for proper pairs: (1, 378)
[M::mem_pestat] analyzing insert size distribution for orientation RF...
[M::mem_pestat] (25, 50, 75) percentile: (55, 271, 2009)
[M::mem_pestat] low and high boundaries for computing mean and std.dev: (1, 5917)
[M::mem_pestat] mean and std.dev: (900.29, 1444.98)
[M::mem_pestat] low and high boundaries for proper pairs: (1, 7871)
[M::mem_pestat] analyzing insert size distribution for orientation RR...
[M::mem_pestat] (25, 50, 75) percentile: (92, 125, 196)
[M::mem_pestat] low and high boundaries for computing mean and std.dev: (1, 404)
[M::mem_pestat] mean and std.dev: (136.53, 73.13)
[M::mem_pestat] low and high boundaries for proper pairs: (1, 508)
[M::mem_pestat] skip orientation FF
[M::mem_pestat] skip orientation RF
[M::mem_pestat] skip orientation RR
[M::mem_process_seqs] Processed 1720028 reads in 1823.317 CPU sec, 78.598 real sec
[M::mem_pestat] # candidate unique pairs for (FF, FR, RF, RR): (337, 566297, 37, 365)
[M::mem_pestat] analyzing insert size distribution for orientation FF...
[M::mem_pestat] (25, 50, 75) percentile: (92, 122, 195)
[M::mem_pestat] low and high boundaries for computing mean and std.dev: (1, 401)
[M::mem_pestat] mean and std.dev: (138.84, 74.36)
[M::mem_pestat] low and high boundaries for proper pairs: (1, 504)
[M::mem_pestat] analyzing insert size distribution for orientation FR...
[M::mem_pestat] (25, 50, 75) percentile: (130, 160, 191)
[M::mem_pestat] low and high boundaries for computing mean and std.dev: (8, 313)
[M::mem_pestat] mean and std.dev: (161.92, 44.34)
[M::mem_pestat] low and high boundaries for proper pairs: (1, 374)
[M::mem_pestat] analyzing insert size distribution for orientation RF...
[M::mem_pestat] (25, 50, 75) percentile: (85, 158, 415)
[M::mem_pestat] low and high boundaries for computing mean and std.dev: (1, 1075)
[M::mem_pestat] mean and std.dev: (162.73, 134.45)
[M::mem_pestat] low and high boundaries for proper pairs: (1, 1405)
[M::mem_pestat] analyzing insert size distribution for orientation RR...
[M::mem_pestat] (25, 50, 75) percentile: (93, 124, 188)
[M::mem_pestat] low and high boundaries for computing mean and std.dev: (1, 378)
[M::mem_pestat] mean and std.dev: (135.68, 66.86)
[M::mem_pestat] low and high boundaries for proper pairs: (1, 473)
[M::mem_pestat] skip orientation FF
[M::mem_pestat] skip orientation RF
[M::mem_pestat] skip orientation RR
[M::process] read 1721808 sequences (240000279 bp)...
[M::mem_process_seqs] Processed 1722156 reads in 1817.669 CPU sec, 78.313 real sec
[M::process] read 1719168 sequences (240000184 bp)...
[M::mem_pestat] # candidate unique pairs for (FF, FR, RF, RR): (346, 566538, 50, 354)
[M::mem_pestat] analyzing insert size distribution for orientation FF...
[M::mem_pestat] (25, 50, 75) percentile: (87, 112, 162)
[M::mem_pestat] low and high boundaries for computing mean and std.dev: (1, 312)
[M::mem_pestat] mean and std.dev: (119.92, 53.02)
[M::mem_pestat] low and high boundaries for proper pairs: (1, 387)
[M::mem_pestat] analyzing insert size distribution for orientation FR...
[M::mem_pestat] (25, 50, 75) percentile: (130, 160, 191)
[M::mem_pestat] low and high boundaries for computing mean and std.dev: (8, 313)
[M::mem_pestat] mean and std.dev: (161.98, 44.26)
[M::mem_pestat] low and high boundaries for proper pairs: (1, 374)
[M::mem_pestat] analyzing insert size distribution for orientation RF...
[M::mem_pestat] (25, 50, 75) percentile: (66, 267, 1055)
[M::mem_pestat] low and high boundaries for computing mean and std.dev: (1, 3033)
[M::mem_pestat] mean and std.dev: (521.40, 743.41)
[M::mem_pestat] low and high boundaries for proper pairs: (1, 4022)
[M::mem_pestat] analyzing insert size distribution for orientation RR...
[M::mem_pestat] (25, 50, 75) percentile: (90, 123, 179)
[M::mem_pestat] low and high boundaries for computing mean and std.dev: (1, 357)
[M::mem_pestat] mean and std.dev: (134.04, 63.82)
[M::mem_pestat] low and high boundaries for proper pairs: (1, 446)
[M::mem_pestat] skip orientation FF
[M::mem_pestat] skip orientation RF
[M::mem_pestat] skip orientation RR
[M::mem_process_seqs] Processed 1721808 reads in 1813.023 CPU sec, 78.177 real sec
[M::process] read 1719412 sequences (240000203 bp)...
[M::mem_pestat] # candidate unique pairs for (FF, FR, RF, RR): (344, 565999, 47, 400)
[M::mem_pestat] analyzing insert size distribution for orientation FF...
[M::mem_pestat] (25, 50, 75) percentile: (89, 115, 194)
[M::mem_pestat] low and high boundaries for computing mean and std.dev: (1, 404)
[M::mem_pestat] mean and std.dev: (136.40, 73.81)
[M::mem_pestat] low and high boundaries for proper pairs: (1, 509)
[M::mem_pestat] analyzing insert size distribution for orientation FR...
[M::mem_pestat] (25, 50, 75) percentile: (130, 160, 191)
[M::mem_pestat] low and high boundaries for computing mean and std.dev: (8, 313)
[M::mem_pestat] mean and std.dev: (162.07, 44.23)
[M::mem_pestat] low and high boundaries for proper pairs: (1, 374)
[M::mem_pestat] analyzing insert size distribution for orientation RF...
[M::mem_pestat] (25, 50, 75) percentile: (107, 271, 776)
[M::mem_pestat] low and high boundaries for computing mean and std.dev: (1, 2114)
[M::mem_pestat] mean and std.dev: (385.28, 419.18)
[M::mem_pestat] low and high boundaries for proper pairs: (1, 2783)
[M::mem_pestat] analyzing insert size distribution for orientation RR...
[M::mem_pestat] (25, 50, 75) percentile: (93, 129, 215)
[M::mem_pestat] low and high boundaries for computing mean and std.dev: (1, 459)
[M::mem_pestat] mean and std.dev: (147.39, 84.29)
[M::mem_pestat] low and high boundaries for proper pairs: (1, 581)
[M::mem_pestat] skip orientation FF
[M::mem_pestat] skip orientation RF
[M::mem_pestat] skip orientation RR
[M::mem_process_seqs] Processed 1719168 reads in 1811.251 CPU sec, 77.933 real sec
[M::process] read 1724908 sequences (240000243 bp)...
[M::mem_pestat] # candidate unique pairs for (FF, FR, RF, RR): (359, 566341, 44, 382)
[M::mem_pestat] analyzing insert size distribution for orientation FF...
[M::mem_pestat] (25, 50, 75) percentile: (91, 118, 174)
[M::mem_pestat] low and high boundaries for computing mean and std.dev: (1, 340)
[M::mem_pestat] mean and std.dev: (128.97, 59.34)
[M::mem_pestat] low and high boundaries for proper pairs: (1, 423)
[M::mem_pestat] analyzing insert size distribution for orientation FR...
[M::mem_pestat] (25, 50, 75) percentile: (130, 160, 191)
[M::mem_pestat] low and high boundaries for computing mean and std.dev: (8, 313)
[M::mem_pestat] mean and std.dev: (161.89, 44.21)
[M::mem_pestat] low and high boundaries for proper pairs: (1, 374)
[M::mem_pestat] analyzing insert size distribution for orientation RF...
[M::mem_pestat] (25, 50, 75) percentile: (70, 153, 805)
[M::mem_pestat] low and high boundaries for computing mean and std.dev: (1, 2275)
[M::mem_pestat] mean and std.dev: (339.33, 452.99)
[M::mem_pestat] low and high boundaries for proper pairs: (1, 3010)
[M::mem_pestat] analyzing insert size distribution for orientation RR...
[M::mem_pestat] (25, 50, 75) percentile: (85, 113, 175)
[M::mem_pestat] low and high boundaries for computing mean and std.dev: (1, 355)
[M::mem_pestat] mean and std.dev: (123.07, 61.55)
[M::mem_pestat] low and high boundaries for proper pairs: (1, 445)
[M::mem_pestat] skip orientation FF
[M::mem_pestat] skip orientation RF
[M::mem_pestat] skip orientation RR
[M::mem_process_seqs] Processed 1719412 reads in 1817.733 CPU sec, 77.929 real sec
[M::process] read 1726858 sequences (240000180 bp)...
[M::mem_pestat] # candidate unique pairs for (FF, FR, RF, RR): (352, 567040, 39, 336)
[M::mem_pestat] analyzing insert size distribution for orientation FF...
[M::mem_pestat] (25, 50, 75) percentile: (89, 122, 170)
[M::mem_pestat] low and high boundaries for computing mean and std.dev: (1, 332)
[M::mem_pestat] mean and std.dev: (124.43, 52.47)
[M::mem_pestat] low and high boundaries for proper pairs: (1, 413)
[M::mem_pestat] analyzing insert size distribution for orientation FR...
[M::mem_pestat] (25, 50, 75) percentile: (130, 159, 191)
[M::mem_pestat] low and high boundaries for computing mean and std.dev: (8, 313)
[M::mem_pestat] mean and std.dev: (161.54, 44.36)
[M::mem_pestat] low and high boundaries for proper pairs: (1, 374)
[M::mem_pestat] analyzing insert size distribution for orientation RF...
[M::mem_pestat] (25, 50, 75) percentile: (68, 166, 505)
[M::mem_pestat] low and high boundaries for computing mean and std.dev: (1, 1379)
[M::mem_pestat] mean and std.dev: (174.74, 168.84)
[M::mem_pestat] low and high boundaries for proper pairs: (1, 1816)
[M::mem_pestat] analyzing insert size distribution for orientation RR...
[M::mem_pestat] (25, 50, 75) percentile: (91, 125, 196)
[M::mem_pestat] low and high boundaries for computing mean and std.dev: (1, 406)
[M::mem_pestat] mean and std.dev: (139.25, 74.15)
[M::mem_pestat] low and high boundaries for proper pairs: (1, 511)
[M::mem_pestat] skip orientation FF
[M::mem_pestat] skip orientation RF
[M::mem_pestat] skip orientation RR
[M::mem_process_seqs] Processed 1724908 reads in 1816.455 CPU sec, 78.489 real sec
[M::mem_pestat] # candidate unique pairs for (FF, FR, RF, RR): (351, 566859, 48, 368)
[M::mem_pestat] analyzing insert size distribution for orientation FF...
[M::mem_pestat] (25, 50, 75) percentile: (89, 120, 187)
[M::mem_pestat] low and high boundaries for computing mean and std.dev: (1, 383)
[M::mem_pestat] mean and std.dev: (132.69, 65.21)
[M::mem_pestat] low and high boundaries for proper pairs: (1, 481)
[M::mem_pestat] analyzing insert size distribution for orientation FR...
[M::mem_pestat] (25, 50, 75) percentile: (130, 160, 191)
[M::mem_pestat] low and high boundaries for computing mean and std.dev: (8, 313)
[M::mem_pestat] mean and std.dev: (161.75, 44.59)
[M::mem_pestat] low and high boundaries for proper pairs: (1, 374)
[M::mem_pestat] analyzing insert size distribution for orientation RF...
[M::mem_pestat] (25, 50, 75) percentile: (108, 211, 558)
[M::mem_pestat] low and high boundaries for computing mean and std.dev: (1, 1458)
[M::mem_pestat] mean and std.dev: (266.05, 286.15)
[M::mem_pestat] low and high boundaries for proper pairs: (1, 1908)
[M::mem_pestat] analyzing insert size distribution for orientation RR...
[M::mem_pestat] (25, 50, 75) percentile: (92, 123, 179)
[M::mem_pestat] low and high boundaries for computing mean and std.dev: (1, 353)
[M::mem_pestat] mean and std.dev: (130.35, 59.74)
[M::mem_pestat] low and high boundaries for proper pairs: (1, 440)
[M::mem_pestat] skip orientation FF
[M::mem_pestat] skip orientation RF
[M::mem_pestat] skip orientation RR
[M::process] read 1724918 sequences (240000096 bp)...
[M::mem_process_seqs] Processed 1726858 reads in 1821.064 CPU sec, 78.470 real sec
