[M::bwa_idx_load_from_disk] read 0 ALT contigs
[M::process] read 1723968 sequences (240000049 bp)...
[M::process] read 1720142 sequences (240000061 bp)...
[M::mem_pestat] # candidate unique pairs for (FF, FR, RF, RR): (99, 529587, 55, 91)
[M::mem_pestat] analyzing insert size distribution for orientation FF...
[M::mem_pestat] (25, 50, 75) percentile: (83, 102, 164)
[M::mem_pestat] low and high boundaries for computing mean and std.dev: (1, 326)
[M::mem_pestat] mean and std.dev: (109.75, 48.47)
[M::mem_pestat] low and high boundaries for proper pairs: (1, 407)
[M::mem_pestat] analyzing insert size distribution for orientation FR...
[M::mem_pestat] (25, 50, 75) percentile: (133, 163, 197)
[M::mem_pestat] low and high boundaries for computing mean and std.dev: (5, 325)
[M::mem_pestat] mean and std.dev: (166.77, 47.89)
[M::mem_pestat] low and high boundaries for proper pairs: (1, 389)
[M::mem_pestat] analyzing insert size distribution for orientation RF...
[M::mem_pestat] (25, 50, 75) percentile: (48, 146, 370)
[M::mem_pestat] low and high boundaries for computing mean and std.dev: (1, 1014)
[M::mem_pestat] mean and std.dev: (189.50, 228.74)
[M::mem_pestat] low and high boundaries for proper pairs: (1, 1336)
[M::mem_pestat] analyzing insert size distribution for orientation RR...
[M::mem_pestat] (25, 50, 75) percentile: (84, 114, 180)
[M::mem_pestat] low and high boundaries for computing mean and std.dev: (1, 372)
[M::mem_pestat] mean and std.dev: (120.19, 56.12)
[M::mem_pestat] low and high boundaries for proper pairs: (1, 468)
[M::mem_pestat] skip orientation FF
[M::mem_pestat] skip orientation RF
[M::mem_pestat] skip orientation RR
[M::mem_process_seqs] Processed 1723968 reads in 2095.684 CPU sec, 88.549 real sec
[M::process] read 1720224 sequences (240000182 bp)...
[M::mem_pestat] # candidate unique pairs for (FF, FR, RF, RR): (104, 528251, 64, 98)
[M::mem_pestat] analyzing insert size distribution for orientation FF...
[M::mem_pestat] (25, 50, 75) percentile: (92, 105, 173)
[M::mem_pestat] low and high boundaries for computing mean and std.dev: (1, 335)
[M::mem_pestat] mean and std.dev: (112.29, 41.83)
[M::mem_pestat] low and high boundaries for proper pairs: (1, 416)
[M::mem_pestat] analyzing insert size distribution for orientation FR...
[M::mem_pestat] (25, 50, 75) percentile: (133, 164, 198)
[M::mem_pestat] low and high boundaries for computing mean and std.dev: (3, 328)
[M::mem_pestat] mean and std.dev: (167.32, 48.05)
[M::mem_pestat] low and high boundaries for proper pairs: (1, 393)
[M::mem_pestat] analyzing insert size distribution for orientation RF...
[M::mem_pestat] (25, 50, 75) percentile: (75, 159, 651)
[M::mem_pestat] low and high boundaries for computing mean and std.dev: (1, 1803)
[M::mem_pestat] mean and std.dev: (336.03, 426.34)
[M::mem_pestat] low and high boundaries for proper pairs: (1, 2379)
[M::mem_pestat] analyzing insert size distribution for orientation RR...
[M::mem_pestat] (25, 50, 75) percentile: (84, 106, 171)
[M::mem_pestat] low and high boundaries for computing mean and std.dev: (1, 345)
[M::mem_pestat] mean and std.dev: (119.99, 61.10)
[M::mem_pestat] low and high boundaries for proper pairs: (1, 432)
[M::mem_pestat] skip orientation FF
[M::mem_pestat] skip orientation RF
[M::mem_pestat] skip orientation RR
[M::mem_process_seqs] Processed 1720142 reads in 2124.811 CPU sec, 90.790 real sec
[M::process] read 1719218 sequences (240000294 bp)...
[M::mem_pestat] # candidate unique pairs for (FF, FR, RF, RR): (101, 528426, 59, 107)
[M::mem_pestat] analyzing insert size distribution for orientation FF...
[M::mem_pestat] (25, 50, 75) percentile: (85, 120, 199)
[M::mem_pestat] low and high boundaries for computing mean and std.dev: (1, 427)
[M::mem_pestat] mean and std.dev: (131.49, 70.81)
[M::mem_pestat] low and high boundaries for proper pairs: (1, 541)
[M::mem_pestat] analyzing insert size distribution for orientation FR...
[M::mem_pestat] (25, 50, 75) percentile: (133, 164, 198)
[M::mem_pestat] low and high boundaries for computing mean and std.dev: (3, 328)
[M::mem_pestat] mean and std.dev: (167.29, 48.07)
[M::mem_pestat] low and high boundaries for proper pairs: (1, 393)
[M::mem_pestat] analyzing insert size distribution for orientation RF...
[M::mem_pestat] (25, 50, 75) percentile: (66, 169, 779)
[M::mem_pestat] low and high boundaries for computing mean and std.dev: (1, 2205)
[M::mem_pestat] mean and std.dev: (297.67, 433.01)
[M::mem_pestat] low and high boundaries for proper pairs: (1, 2918)
[M::mem_pestat] analyzing insert size distribution for orientation RR...
[M::mem_pestat] (25, 50, 75) percentile: (97, 124, 234)
[M::mem_pestat] low and high boundaries for computing mean and std.dev: (1, 508)
[M::mem_pestat] mean and std.dev: (133.54, 75.20)
[M::mem_pestat] low and high boundaries for proper pairs: (1, 645)
[M::mem_pestat] skip orientation FF
[M::mem_pestat] skip orientation RF
[M::mem_pestat] skip orientation RR
[M::mem_process_seqs] Processed 1720224 reads in 2134.531 CPU sec, 91.853 real sec
[M::process] read 1714550 sequences (240000239 bp)...
[M::mem_pestat] # candidate unique pairs for (FF, FR, RF, RR): (109, 527929, 41, 107)
[M::mem_pestat] analyzing insert size distribution for orientation FF...
[M::mem_pestat] (25, 50, 75) percentile: (86, 124, 191)
[M::mem_pestat] low and high boundaries for computing mean and std.dev: (1, 401)
[M::mem_pestat] mean and std.dev: (136.67, 72.61)
[M::mem_pestat] low and high boundaries for proper pairs: (1, 506)
[M::mem_pestat] analyzing insert size distribution for orientation FR...
[M::mem_pestat] (25, 50, 75) percentile: (133, 164, 198)
[M::mem_pestat] low and high boundaries for computing mean and std.dev: (3, 328)
[M::mem_pestat] mean and std.dev: (167.48, 48.14)
[M::mem_pestat] low and high boundaries for proper pairs: (1, 393)
[M::mem_pestat] analyzing insert size distribution for orientation RF...
[M::mem_pestat] (25, 50, 75) percentile: (58, 165, 805)
[M::mem_pestat] low and high boundaries for computing mean and std.dev: (1, 2299)
[M::mem_pestat] mean and std.dev: (342.49, 452.40)
[M::mem_pestat] low and high boundaries for proper pairs: (1, 3046)
[M::mem_pestat] analyzing insert size distribution for orientation RR...
[M::mem_pestat] (25, 50, 75) percentile: (79, 103, 173)
[M::mem_pestat] low and high boundaries for computing mean and std.dev: (1, 361)
[M::mem_pestat] mean and std.dev: (114.77, 61.55)
[M::mem_pestat] low and high boundaries for proper pairs: (1, 455)
[M::mem_pestat] skip orientation FF
[M::mem_pestat] skip orientation RF
[M::mem_pestat] skip orientation RR
[M::mem_process_seqs] Processed 1719218 reads in 2137.380 CPU sec, 91.793 real sec
[M::process] read 1714476 sequences (240000140 bp)...
[M::mem_pestat] # candidate unique pairs for (FF, FR, RF, RR): (82, 525785, 48, 112)
[M::mem_pestat] analyzing insert size distribution for orientation FF...
[M::mem_pestat] (25, 50, 75) percentile: (88, 110, 155)
[M::mem_pestat] low and high boundaries for computing mean and std.dev: (1, 289)
[M::mem_pestat] mean and std.dev: (117.07, 43.14)
[M::mem_pestat] low and high boundaries for proper pairs: (1, 356)
[M::mem_pestat] analyzing insert size distribution for orientation FR...
[M::mem_pestat] (25, 50, 75) percentile: (134, 164, 199)
[M::mem_pestat] low and high boundaries for computing mean and std.dev: (4, 329)
[M::mem_pestat] mean and std.dev: (167.96, 48.19)
[M::mem_pestat] low and high boundaries for proper pairs: (1, 394)
[M::mem_pestat] analyzing insert size distribution for orientation RF...
[M::mem_pestat] (25, 50, 75) percentile: (54, 269, 572)
[M::mem_pestat] low and high boundaries for computing mean and std.dev: (1, 1608)
[M::mem_pestat] mean and std.dev: (290.14, 359.09)
[M::mem_pestat] low and high boundaries for proper pairs: (1, 2126)
[M::mem_pestat] analyzing insert size distribution for orientation RR...
[M::mem_pestat] (25, 50, 75) percentile: (82, 122, 158)
[M::mem_pestat] low and high boundaries for computing mean and std.dev: (1, 310)
[M::mem_pestat] mean and std.dev: (121.01, 55.94)
[M::mem_pestat] low and high boundaries for proper pairs: (1, 386)
[M::mem_pestat] skip orientation FF
[M::mem_pestat] skip orientation RF
[M::mem_pestat] skip orientation RR
[M::mem_process_seqs] Processed 1714550 reads in 2142.942 CPU sec, 92.003 real sec
[M::process] read 1715012 sequences (240000220 bp)...
[M::mem_pestat] # candidate unique pairs for (FF, FR, RF, RR): (81, 526554, 48, 114)
[M::mem_pestat] analyzing insert size distribution for orientation FF...
[M::mem_pestat] (25, 50, 75) percentile: (85, 110, 143)
[M::mem_pestat] low and high boundaries for computing mean and std.dev: (1, 259)
[M::mem_pestat] mean and std.dev: (107.81, 41.59)
[M::mem_pestat] low and high boundaries for proper pairs: (1, 317)
[M::mem_pestat] analyzing insert size distribution for orientation FR...
[M::mem_pestat] (25, 50, 75) percentile: (134, 164, 199)
[M::mem_pestat] low and high boundaries for computing mean and std.dev: (4, 329)
[M::mem_pestat] mean and std.dev: (167.97, 48.05)
[M::mem_pestat] low and high boundaries for proper pairs: (1, 394)
[M::mem_pestat] analyzing insert size distribution for orientation RF...
[M::mem_pestat] (25, 50, 75) percentile: (57, 225, 877)
[M::mem_pestat] low and high boundaries for computing mean and std.dev: (1, 2517)
[M::mem_pestat] mean and std.dev: (456.07, 665.65)
[M::mem_pestat] low and high boundaries for proper pairs: (1, 3337)
[M::mem_pestat] analyzing insert size distribution for orientation RR...
[M::mem_pestat] (25, 50, 75) percentile: (84, 108, 167)
[M::mem_pestat] low and high boundaries for computing mean and std.dev: (1, 333)
[M::mem_pestat] mean and std.dev: (109.08, 41.69)
[M::mem_pestat] low and high boundaries for proper pairs: (1, 416)
[M::mem_pestat] skip orientation FF
[M::mem_pestat] skip orientation RF
[M::mem_pestat] skip orientation RR
[M::mem_process_seqs] Processed 1714476 reads in 2133.822 CPU sec, 91.603 real sec
[M::process] read 1712962 sequences (240000209 bp)...
[M::mem_pestat] # candidate unique pairs for (FF, FR, RF, RR): (88, 527213, 68, 110)
[M::mem_pestat] analyzing insert size distribution for orientation FF...
[M::mem_pestat] (25, 50, 75) percentile: (84, 117, 195)
[M::mem_pestat] low and high boundaries for computing mean and std.dev: (1, 417)
[M::mem_pestat] mean and std.dev: (126.84, 68.24)
[M::mem_pestat] low and high boundaries for proper pairs: (1, 528)
[M::mem_pestat] analyzing insert size distribution for orientation FR...
[M::mem_pestat] (25, 50, 75) percentile: (133, 164, 198)
[M::mem_pestat] low and high boundaries for computing mean and std.dev: (3, 328)
[M::mem_pestat] mean and std.dev: (167.57, 48.02)
[M::mem_pestat] low and high boundaries for proper pairs: (1, 393)
[M::mem_pestat] analyzing insert size distribution for orientation RF...
[M::mem_pestat] (25, 50, 75) percentile: (31, 146, 540)
[M::mem_pestat] low and high boundaries for computing mean and std.dev: (1, 1558)
[M::mem_pestat] mean and std.dev: (248.51, 346.29)
[M::mem_pestat] low and high boundaries for proper pairs: (1, 2067)
[M::mem_pestat] analyzing insert size distribution for orientation RR...
[M::mem_pestat] (25, 50, 75) percentile: (79, 111, 177)
[M::mem_pestat] low and high boundaries for computing mean and std.dev: (1, 373)
[M::mem_pestat] mean and std.dev: (117.88, 59.59)
[M::mem_pestat] low and high boundaries for proper pairs: (1, 471)
[M::mem_pestat] skip orientation FF
[M::mem_pestat] skip orientation RF
[M::mem_pestat] skip orientation RR
[M::mem_process_seqs] Processed 1715012 reads in 2139.863 CPU sec, 91.845 real sec
[M::process] read 1712800 sequences (240000287 bp)...
[M::mem_pestat] # candidate unique pairs for (FF, FR, RF, RR): (109, 527398, 57, 110)
[M::mem_pestat] analyzing insert size distribution for orientation FF...
[M::mem_pestat] (25, 50, 75) percentile: (82, 104, 159)
[M::mem_pestat] low and high boundaries for computing mean and std.dev: (1, 313)
[M::mem_pestat] mean and std.dev: (114.52, 48.55)
[M::mem_pestat] low and high boundaries for proper pairs: (1, 390)
[M::mem_pestat] analyzing insert size distribution for orientation FR...
[M::mem_pestat] (25, 50, 75) percentile: (134, 164, 198)
[M::mem_pestat] low and high boundaries for computing mean and std.dev: (6, 326)
[M::mem_pestat] mean and std.dev: (167.61, 47.83)
[M::mem_pestat] low and high boundaries for proper pairs: (1, 390)
[M::mem_pestat] analyzing insert size distribution for orientation RF...
[M::mem_pestat] (25, 50, 75) percentile: (62, 128, 484)
[M::mem_pestat] low and high boundaries for computing mean and std.dev: (1, 1328)
[M::mem_pestat] mean and std.dev: (177.54, 183.74)
[M::mem_pestat] low and high boundaries for proper pairs: (1, 1750)
[M::mem_pestat] analyzing insert size distribution for orientation RR...
[M::mem_pestat] (25, 50, 75) percentile: (90, 122, 177)
[M::mem_pestat] low and high boundaries for computing mean and std.dev: (1, 351)
[M::mem_pestat] mean and std.dev: (128.28, 61.60)
[M::mem_pestat] low and high boundaries for proper pairs: (1, 438)
[M::mem_pestat] skip orientation FF
[M::mem_pestat] skip orientation RF
[M::mem_pestat] skip orientation RR
[M::mem_process_seqs] Processed 1712962 reads in 2130.771 CPU sec, 91.481 real sec
[M::process] read 1718570 sequences (240000215 bp)...
[M::mem_pestat] # candidate unique pairs for (FF, FR, RF, RR): (95, 527124, 44, 101)
[M::mem_pestat] analyzing insert size distribution for orientation FF...
[M::mem_pestat] (25, 50, 75) percentile: (95, 117, 168)
[M::mem_pestat] low and high boundaries for computing mean and std.dev: (1, 314)
[M::mem_pestat] mean and std.dev: (121.01, 54.45)
[M::mem_pestat] low and high boundaries for proper pairs: (1, 387)
[M::mem_pestat] analyzing insert size distribution for orientation FR...
[M::mem_pestat] (25, 50, 75) percentile: (133, 164, 198)
[M::mem_pestat] low and high boundaries for computing mean and std.dev: (3, 328)
[M::mem_pestat] mean and std.dev: (167.48, 47.90)
[M::mem_pestat] low and high boundaries for proper pairs: (1, 393)
[M::mem_pestat] analyzing insert size distribution for orientation RF...
[M::mem_pestat] (25, 50, 75) percentile: (33, 142, 580)
[M::mem_pestat] low and high boundaries for computing mean and std.dev: (1, 1674)
[M::mem_pestat] mean and std.dev: (235.85, 303.48)
[M::mem_pestat] low and high boundaries for proper pairs: (1, 2221)
[M::mem_pestat] analyzing insert size distribution for orientation RR...
[M::mem_pestat] (25, 50, 75) percentile: (86, 114, 180)
[M::mem_pestat] low and high boundaries for computing mean and std.dev: (1, 368)
[M::mem_pestat] mean and std.dev: (130.31, 73.85)
[M::mem_pestat] low and high boundaries for proper pairs: (1, 462)
[M::mem_pestat] skip orientation FF
[M::mem_pestat] skip orientation RF
[M::mem_pestat] skip orientation RR
[M::mem_process_seqs] Processed 1712800 reads in 2133.647 CPU sec, 91.588 real sec
[M::process] read 1719414 sequences (240000255 bp)...
[M::mem_pestat] # candidate unique pairs for (FF, FR, RF, RR): (97, 529207, 48, 105)
[M::mem_pestat] analyzing insert size distribution for orientation FF...
[M::mem_pestat] (25, 50, 75) percentile: (77, 109, 186)
[M::mem_pestat] low and high boundaries for computing mean and std.dev: (1, 404)
[M::mem_pestat] mean and std.dev: (126.01, 82.72)
[M::mem_pestat] low and high boundaries for proper pairs: (1, 513)
[M::mem_pestat] analyzing insert size distribution for orientation FR...
[M::mem_pestat] (25, 50, 75) percentile: (133, 163, 198)
[M::mem_pestat] low and high boundaries for computing mean and std.dev: (3, 328)
[M::mem_pestat] mean and std.dev: (167.08, 47.97)
[M::mem_pestat] low and high boundaries for proper pairs: (1, 393)
[M::mem_pestat] analyzing insert size distribution for orientation RF...
[M::mem_pestat] (25, 50, 75) percentile: (89, 190, 546)
[M::mem_pestat] low and high boundaries for computing mean and std.dev: (1, 1460)
[M::mem_pestat] mean and std.dev: (227.95, 251.73)
[M::mem_pestat] low and high boundaries for proper pairs: (1, 1917)
[M::mem_pestat] analyzing insert size distribution for orientation RR...
[M::mem_pestat] (25, 50, 75) percentile: (74, 107, 174)
[M::mem_pestat] low and high boundaries for computing mean and std.dev: (1, 374)
[M::mem_pestat] mean and std.dev: (119.96, 69.89)
[M::mem_pestat] low and high boundaries for proper pairs: (1, 474)
[M::mem_pestat] skip orientation FF
[M::mem_pestat] skip orientation RF
[M::mem_pestat] skip orientation RR
[M::mem_process_seqs] Processed 1718570 reads in 2130.125 CPU sec, 91.009 real sec
[M::process] read 1718460 sequences (240000265 bp)...
