[M::bwa_idx_load_from_disk] read 0 ALT contigs
[M::process] read 1764158 sequences (240000189 bp)...
[M::process] read 1760224 sequences (240000061 bp)...
[M::mem_pestat] # candidate unique pairs for (FF, FR, RF, RR): (106, 548600, 59, 119)
[M::mem_pestat] analyzing insert size distribution for orientation FF...
[M::mem_pestat] (25, 50, 75) percentile: (72, 96, 130)
[M::mem_pestat] low and high boundaries for computing mean and std.dev: (1, 246)
[M::mem_pestat] mean and std.dev: (97.23, 41.46)
[M::mem_pestat] low and high boundaries for proper pairs: (1, 304)
[M::mem_pestat] analyzing insert size distribution for orientation FR...
[M::mem_pestat] (25, 50, 75) percentile: (120, 147, 176)
[M::mem_pestat] low and high boundaries for computing mean and std.dev: (8, 288)
[M::mem_pestat] mean and std.dev: (149.65, 41.49)
[M::mem_pestat] low and high boundaries for proper pairs: (1, 344)
[M::mem_pestat] analyzing insert size distribution for orientation RF...
[M::mem_pestat] (25, 50, 75) percentile: (44, 123, 462)
[M::mem_pestat] low and high boundaries for computing mean and std.dev: (1, 1298)
[M::mem_pestat] mean and std.dev: (175.86, 219.75)
[M::mem_pestat] low and high boundaries for proper pairs: (1, 1716)
[M::mem_pestat] analyzing insert size distribution for orientation RR...
[M::mem_pestat] (25, 50, 75) percentile: (73, 94, 128)
[M::mem_pestat] low and high boundaries for computing mean and std.dev: (1, 238)
[M::mem_pestat] mean and std.dev: (94.78, 33.56)
[M::mem_pestat] low and high boundaries for proper pairs: (1, 293)
[M::mem_pestat] skip orientation FF
[M::mem_pestat] skip orientation RF
[M::mem_pestat] skip orientation RR
[M::mem_process_seqs] Processed 1764158 reads in 2000.041 CPU sec, 84.481 real sec
[M::process] read 1760188 sequences (240000228 bp)...
[M::mem_pestat] # candidate unique pairs for (FF, FR, RF, RR): (140, 547640, 60, 114)
[M::mem_pestat] analyzing insert size distribution for orientation FF...
[M::mem_pestat] (25, 50, 75) percentile: (76, 99, 143)
[M::mem_pestat] low and high boundaries for computing mean and std.dev: (1, 277)
[M::mem_pestat] mean and std.dev: (100.17, 42.50)
[M::mem_pestat] low and high boundaries for proper pairs: (1, 344)
[M::mem_pestat] analyzing insert size distribution for orientation FR...
[M::mem_pestat] (25, 50, 75) percentile: (121, 147, 177)
[M::mem_pestat] low and high boundaries for computing mean and std.dev: (9, 289)
[M::mem_pestat] mean and std.dev: (150.10, 41.74)
[M::mem_pestat] low and high boundaries for proper pairs: (1, 345)
[M::mem_pestat] analyzing insert size distribution for orientation RF...
[M::mem_pestat] (25, 50, 75) percentile: (57, 178, 562)
[M::mem_pestat] low and high boundaries for computing mean and std.dev: (1, 1572)
[M::mem_pestat] mean and std.dev: (211.18, 238.05)
[M::mem_pestat] low and high boundaries for proper pairs: (1, 2077)
[M::mem_pestat] analyzing insert size distribution for orientation RR...
[M::mem_pestat] (25, 50, 75) percentile: (78, 97, 133)
[M::mem_pestat] low and high boundaries for computing mean and std.dev: (1, 243)
[M::mem_pestat] mean and std.dev: (99.69, 34.69)
[M::mem_pestat] low and high boundaries for proper pairs: (1, 298)
[M::mem_pestat] skip orientation FF
[M::mem_pestat] skip orientation RF
[M::mem_pestat] skip orientation RR
[M::mem_process_seqs] Processed 1760224 reads in 2033.925 CPU sec, 87.016 real sec
[M::process] read 1760838 sequences (240000300 bp)...
[M::mem_pestat] # candidate unique pairs for (FF, FR, RF, RR): (114, 547511, 42, 106)
[M::mem_pestat] analyzing insert size distribution for orientation FF...
[M::mem_pestat] (25, 50, 75) percentile: (72, 94, 118)
[M::mem_pestat] low and high boundaries for computing mean and std.dev: (1, 210)
[M::mem_pestat] mean and std.dev: (96.03, 36.19)
[M::mem_pestat] low and high boundaries for proper pairs: (1, 256)
[M::mem_pestat] analyzing insert size distribution for orientation FR...
[M::mem_pestat] (25, 50, 75) percentile: (120, 148, 177)
[M::mem_pestat] low and high boundaries for computing mean and std.dev: (6, 291)
[M::mem_pestat] mean and std.dev: (150.08, 41.77)
[M::mem_pestat] low and high boundaries for proper pairs: (1, 348)
[M::mem_pestat] analyzing insert size distribution for orientation RF...
[M::mem_pestat] (25, 50, 75) percentile: (37, 125, 376)
[M::mem_pestat] low and high boundaries for computing mean and std.dev: (1, 1054)
[M::mem_pestat] mean and std.dev: (138.32, 160.78)
[M::mem_pestat] low and high boundaries for proper pairs: (1, 1393)
[M::mem_pestat] analyzing insert size distribution for orientation RR...
[M::mem_pestat] (25, 50, 75) percentile: (74, 92, 126)
[M::mem_pestat] low and high boundaries for computing mean and std.dev: (1, 230)
[M::mem_pestat] mean and std.dev: (94.34, 37.18)
[M::mem_pestat] low and high boundaries for proper pairs: (1, 282)
[M::mem_pestat] skip orientation FF
[M::mem_pestat] skip orientation RF
[M::mem_pestat] skip orientation RR
[M::mem_process_seqs] Processed 1760188 reads in 2055.244 CPU sec, 88.534 real sec
[M::process] read 1754728 sequences (240000218 bp)...
[M::mem_pestat] # candidate unique pairs for (FF, FR, RF, RR): (114, 547902, 64, 108)
[M::mem_pestat] analyzing insert size distribution for orientation FF...
[M::mem_pestat] (25, 50, 75) percentile: (69, 87, 129)
[M::mem_pestat] low and high boundaries for computing mean and std.dev: (1, 249)
[M::mem_pestat] mean and std.dev: (92.70, 38.63)
[M::mem_pestat] low and high boundaries for proper pairs: (1, 309)
[M::mem_pestat] analyzing insert size distribution for orientation FR...
[M::mem_pestat] (25, 50, 75) percentile: (121, 147, 177)
[M::mem_pestat] low and high boundaries for computing mean and std.dev: (9, 289)
[M::mem_pestat] mean and std.dev: (150.04, 41.73)
[M::mem_pestat] low and high boundaries for proper pairs: (1, 345)
[M::mem_pestat] analyzing insert size distribution for orientation RF...
[M::mem_pestat] (25, 50, 75) percentile: (41, 148, 321)
[M::mem_pestat] low and high boundaries for computing mean and std.dev: (1, 881)
[M::mem_pestat] mean and std.dev: (200.75, 202.47)
[M::mem_pestat] low and high boundaries for proper pairs: (1, 1161)
[M::mem_pestat] analyzing insert size distribution for orientation RR...
[M::mem_pestat] (25, 50, 75) percentile: (72, 92, 123)
[M::mem_pestat] low and high boundaries for computing mean and std.dev: (1, 225)
[M::mem_pestat] mean and std.dev: (94.37, 37.01)
[M::mem_pestat] low and high boundaries for proper pairs: (1, 276)
[M::mem_pestat] skip orientation FF
[M::mem_pestat] skip orientation RF
[M::mem_pestat] skip orientation RR
[M::mem_process_seqs] Processed 1760838 reads in 2046.998 CPU sec, 88.028 real sec
[M::process] read 1752832 sequences (240000189 bp)...
[M::mem_pestat] # candidate unique pairs for (FF, FR, RF, RR): (103, 545565, 59, 127)
[M::mem_pestat] analyzing insert size distribution for orientation FF...
[M::mem_pestat] (25, 50, 75) percentile: (70, 87, 115)
[M::mem_pestat] low and high boundaries for computing mean and std.dev: (1, 205)
[M::mem_pestat] mean and std.dev: (88.88, 29.26)
[M::mem_pestat] low and high boundaries for proper pairs: (1, 250)
[M::mem_pestat] analyzing insert size distribution for orientation FR...
[M::mem_pestat] (25, 50, 75) percentile: (121, 148, 177)
[M::mem_pestat] low and high boundaries for computing mean and std.dev: (9, 289)
[M::mem_pestat] mean and std.dev: (150.30, 41.58)
[M::mem_pestat] low and high boundaries for proper pairs: (1, 345)
[M::mem_pestat] analyzing insert size distribution for orientation RF...
[M::mem_pestat] (25, 50, 75) percentile: (77, 195, 623)
[M::mem_pestat] low and high boundaries for computing mean and std.dev: (1, 1715)
[M::mem_pestat] mean and std.dev: (255.22, 330.54)
[M::mem_pestat] low and high boundaries for proper pairs: (1, 2261)
[M::mem_pestat] analyzing insert size distribution for orientation RR...
[M::mem_pestat] (25, 50, 75) percentile: (73, 92, 134)
[M::mem_pestat] low and high boundaries for computing mean and std.dev: (1, 256)
[M::mem_pestat] mean and std.dev: (98.20, 42.84)
[M::mem_pestat] low and high boundaries for proper pairs: (1, 317)
[M::mem_pestat] skip orientation FF
[M::mem_pestat] skip orientation RF
[M::mem_pestat] skip orientation RR
[M::mem_process_seqs] Processed 1754728 reads in 2052.758 CPU sec, 88.250 real sec
[M::process] read 1754682 sequences (240000215 bp)...
[M::mem_pestat] # candidate unique pairs for (FF, FR, RF, RR): (122, 546100, 63, 133)
[M::mem_pestat] analyzing insert size distribution for orientation FF...
[M::mem_pestat] (25, 50, 75) percentile: (72, 87, 123)
[M::mem_pestat] low and high boundaries for computing mean and std.dev: (1, 225)
[M::mem_pestat] mean and std.dev: (90.10, 34.74)
[M::mem_pestat] low and high boundaries for proper pairs: (1, 276)
[M::mem_pestat] analyzing insert size distribution for orientation FR...
[M::mem_pestat] (25, 50, 75) percentile: (121, 148, 177)
[M::mem_pestat] low and high boundaries for computing mean and std.dev: (9, 289)
[M::mem_pestat] mean and std.dev: (150.45, 41.57)
[M::mem_pestat] low and high boundaries for proper pairs: (1, 345)
[M::mem_pestat] analyzing insert size distribution for orientation RF...
[M::mem_pestat] (25, 50, 75) percentile: (43, 140, 500)
[M::mem_pestat] low and high boundaries for computing mean and std.dev: (1, 1414)
[M::mem_pestat] mean and std.dev: (200.28, 242.43)
[M::mem_pestat] low and high boundaries for proper pairs: (1, 1871)
[M::mem_pestat] analyzing insert size distribution for orientation RR...
[M::mem_pestat] (25, 50, 75) percentile: (70, 98, 128)
[M::mem_pestat] low and high boundaries for computing mean and std.dev: (1, 244)
[M::mem_pestat] mean and std.dev: (99.66, 41.10)
[M::mem_pestat] low and high boundaries for proper pairs: (1, 302)
[M::mem_pestat] skip orientation FF
[M::mem_pestat] skip orientation RF
[M::mem_pestat] skip orientation RR
[M::mem_process_seqs] Processed 1752832 reads in 2052.717 CPU sec, 88.185 real sec
[M::process] read 1754420 sequences (240000059 bp)...
[M::mem_pestat] # candidate unique pairs for (FF, FR, RF, RR): (126, 547034, 60, 108)
[M::mem_pestat] analyzing insert size distribution for orientation FF...
[M::mem_pestat] (25, 50, 75) percentile: (69, 90, 131)
[M::mem_pestat] low and high boundaries for computing mean and std.dev: (1, 255)
[M::mem_pestat] mean and std.dev: (95.69, 43.72)
[M::mem_pestat] low and high boundaries for proper pairs: (1, 317)
[M::mem_pestat] analyzing insert size distribution for orientation FR...
[M::mem_pestat] (25, 50, 75) percentile: (121, 148, 177)
[M::mem_pestat] low and high boundaries for computing mean and std.dev: (9, 289)
[M::mem_pestat] mean and std.dev: (150.16, 41.53)
[M::mem_pestat] low and high boundaries for proper pairs: (1, 345)
[M::mem_pestat] analyzing insert size distribution for orientation RF...
[M::mem_pestat] (25, 50, 75) percentile: (60, 172, 742)
[M::mem_pestat] low and high boundaries for computing mean and std.dev: (1, 2106)
[M::mem_pestat] mean and std.dev: (334.07, 463.99)
[M::mem_pestat] low and high boundaries for proper pairs: (1, 2788)
[M::mem_pestat] analyzing insert size distribution for orientation RR...
[M::mem_pestat] (25, 50, 75) percentile: (78, 94, 125)
[M::mem_pestat] low and high boundaries for computing mean and std.dev: (1, 219)
[M::mem_pestat] mean and std.dev: (95.29, 32.20)
[M::mem_pestat] low and high boundaries for proper pairs: (1, 266)
[M::mem_pestat] skip orientation FF
[M::mem_pestat] skip orientation RF
[M::mem_pestat] skip orientation RR
[M::mem_process_seqs] Processed 1754682 reads in 2044.919 CPU sec, 87.810 real sec
[M::process] read 1752902 sequences (240000269 bp)...
[M::mem_pestat] # candidate unique pairs for (FF, FR, RF, RR): (113, 546948, 44, 119)
[M::mem_pestat] analyzing insert size distribution for orientation FF...
[M::mem_pestat] (25, 50, 75) percentile: (77, 96, 143)
[M::mem_pestat] low and high boundaries for computing mean and std.dev: (1, 275)
[M::mem_pestat] mean and std.dev: (102.01, 41.30)
[M::mem_pestat] low and high boundaries for proper pairs: (1, 341)
[M::mem_pestat] analyzing insert size distribution for orientation FR...
[M::mem_pestat] (25, 50, 75) percentile: (121, 148, 177)
[M::mem_pestat] low and high boundaries for computing mean and std.dev: (9, 289)
[M::mem_pestat] mean and std.dev: (150.32, 41.52)
[M::mem_pestat] low and high boundaries for proper pairs: (1, 345)
[M::mem_pestat] analyzing insert size distribution for orientation RF...
[M::mem_pestat] (25, 50, 75) percentile: (63, 167, 339)
[M::mem_pestat] low and high boundaries for computing mean and std.dev: (1, 891)
[M::mem_pestat] mean and std.dev: (156.57, 149.81)
[M::mem_pestat] low and high boundaries for proper pairs: (1, 1167)
[M::mem_pestat] analyzing insert size distribution for orientation RR...
[M::mem_pestat] (25, 50, 75) percentile: (74, 92, 117)
[M::mem_pestat] low and high boundaries for computing mean and std.dev: (1, 203)
[M::mem_pestat] mean and std.dev: (90.77, 28.69)
[M::mem_pestat] low and high boundaries for proper pairs: (1, 246)
[M::mem_pestat] skip orientation FF
[M::mem_pestat] skip orientation RF
[M::mem_pestat] skip orientation RR
[M::mem_process_seqs] Processed 1754420 reads in 2046.830 CPU sec, 88.064 real sec
[M::process] read 1753004 sequences (240000036 bp)...
[M::mem_pestat] # candidate unique pairs for (FF, FR, RF, RR): (117, 546006, 42, 145)
[M::mem_pestat] analyzing insert size distribution for orientation FF...
[M::mem_pestat] (25, 50, 75) percentile: (74, 89, 131)
[M::mem_pestat] low and high boundaries for computing mean and std.dev: (1, 245)
[M::mem_pestat] mean and std.dev: (96.89, 38.30)
[M::mem_pestat] low and high boundaries for proper pairs: (1, 302)
[M::mem_pestat] analyzing insert size distribution for orientation FR...
[M::mem_pestat] (25, 50, 75) percentile: (121, 148, 177)
[M::mem_pestat] low and high boundaries for computing mean and std.dev: (9, 289)
[M::mem_pestat] mean and std.dev: (150.26, 41.47)
[M::mem_pestat] low and high boundaries for proper pairs: (1, 345)
[M::mem_pestat] analyzing insert size distribution for orientation RF...
[M::mem_pestat] (25, 50, 75) percentile: (62, 229, 672)
[M::mem_pestat] low and high boundaries for computing mean and std.dev: (1, 1892)
[M::mem_pestat] mean and std.dev: (298.81, 381.71)
[M::mem_pestat] low and high boundaries for proper pairs: (1, 2502)
[M::mem_pestat] analyzing insert size distribution for orientation RR...
[M::mem_pestat] (25, 50, 75) percentile: (71, 92, 145)
[M::mem_pestat] low and high boundaries for computing mean and std.dev: (1, 293)
[M::mem_pestat] mean and std.dev: (95.32, 40.63)
[M::mem_pestat] low and high boundaries for proper pairs: (1, 367)
[M::mem_pestat] skip orientation FF
[M::mem_pestat] skip orientation RF
[M::mem_pestat] skip orientation RR
[M::mem_process_seqs] Processed 1752902 reads in 2045.437 CPU sec, 87.999 real sec
[M::process] read 1759102 sequences (240000229 bp)...
[M::mem_pestat] # candidate unique pairs for (FF, FR, RF, RR): (107, 547626, 36, 127)
[M::mem_pestat] analyzing insert size distribution for orientation FF...
[M::mem_pestat] (25, 50, 75) percentile: (76, 90, 132)
[M::mem_pestat] low and high boundaries for computing mean and std.dev: (1, 244)
[M::mem_pestat] mean and std.dev: (96.35, 39.94)
[M::mem_pestat] low and high boundaries for proper pairs: (1, 300)
[M::mem_pestat] analyzing insert size distribution for orientation FR...
[M::mem_pestat] (25, 50, 75) percentile: (121, 147, 177)
[M::mem_pestat] low and high boundaries for computing mean and std.dev: (9, 289)
[M::mem_pestat] mean and std.dev: (150.09, 41.38)
[M::mem_pestat] low and high boundaries for proper pairs: (1, 345)
[M::mem_pestat] analyzing insert size distribution for orientation RF...
[M::mem_pestat] (25, 50, 75) percentile: (114, 248, 1109)
[M::mem_pestat] low and high boundaries for computing mean and std.dev: (1, 3099)
[M::mem_pestat] mean and std.dev: (419.16, 575.57)
[M::mem_pestat] low and high boundaries for proper pairs: (1, 4094)
[M::mem_pestat] analyzing insert size distribution for orientation RR...
[M::mem_pestat] (25, 50, 75) percentile: (77, 95, 115)
[M::mem_pestat] low and high boundaries for computing mean and std.dev: (1, 191)
[M::mem_pestat] mean and std.dev: (97.07, 32.54)
[M::mem_pestat] low and high boundaries for proper pairs: (1, 229)
[M::mem_pestat] skip orientation FF
[M::mem_pestat] skip orientation RF
[M::mem_pestat] skip orientation RR
[M::mem_process_seqs] Processed 1753004 reads in 2046.304 CPU sec, 87.918 real sec
[M::process] read 1758548 sequences (240000050 bp)...
[M::mem_pestat] # candidate unique pairs for (FF, FR, RF, RR): (103, 547838, 50, 137)
[M::mem_pestat] analyzing insert size distribution for orientation FF...
[M::mem_pestat] (25, 50, 75) percentile: (81, 100, 123)
[M::mem_pestat] low and high boundaries for computing mean and std.dev: (1, 207)
[M::mem_pestat] mean and std.dev: (97.25, 31.86)
[M::mem_pestat] low and high boundaries for proper pairs: (1, 249)
[M::mem_pestat] analyzing insert size distribution for orientation FR...
[M::mem_pestat] (25, 50, 75) percentile: (120, 147, 177)
[M::mem_pestat] low and high boundaries for computing mean and std.dev: (6, 291)
[M::mem_pestat] mean and std.dev: (150.04, 41.67)
[M::mem_pestat] low and high boundaries for proper pairs: (1, 348)
[M::mem_pestat] analyzing insert size distribution for orientation RF...
[M::mem_pestat] (25, 50, 75) percentile: (68, 190, 532)
[M::mem_pestat] low and high boundaries for computing mean and std.dev: (1, 1460)
[M::mem_pestat] mean and std.dev: (253.07, 280.91)
[M::mem_pestat] low and high boundaries for proper pairs: (1, 1924)
[M::mem_pestat] analyzing insert size distribution for orientation RR...
[M::mem_pestat] (25, 50, 75) percentile: (69, 94, 134)
[M::mem_pestat] low and high boundaries for computing mean and std.dev: (1, 264)
[M::mem_pestat] mean and std.dev: (93.50, 42.99)
[M::mem_pestat] low and high boundaries for proper pairs: (1, 329)
[M::mem_pestat] skip orientation FF
[M::mem_pestat] skip orientation RF
[M::mem_pestat] skip orientation RR
[M::mem_process_seqs] Processed 1759102 reads in 2042.479 CPU sec, 87.806 real sec
