[M::bwa_idx_load_from_disk] read 0 ALT contigs
[M::process] read 1828250 sequences (240000247 bp)...
[M::process] read 1822070 sequences (240000177 bp)...
[M::mem_pestat] # candidate unique pairs for (FF, FR, RF, RR): (54, 588503, 54, 61)
[M::mem_pestat] analyzing insert size distribution for orientation FF...
[M::mem_pestat] (25, 50, 75) percentile: (72, 106, 211)
[M::mem_pestat] low and high boundaries for computing mean and std.dev: (1, 489)
[M::mem_pestat] mean and std.dev: (127.15, 96.96)
[M::mem_pestat] low and high boundaries for proper pairs: (1, 628)
[M::mem_pestat] analyzing insert size distribution for orientation FR...
[M::mem_pestat] (25, 50, 75) percentile: (113, 139, 167)
[M::mem_pestat] low and high boundaries for computing mean and std.dev: (5, 275)
[M::mem_pestat] mean and std.dev: (141.56, 38.27)
[M::mem_pestat] low and high boundaries for proper pairs: (1, 329)
[M::mem_pestat] analyzing insert size distribution for orientation RF...
[M::mem_pestat] (25, 50, 75) percentile: (65, 112, 338)
[M::mem_pestat] low and high boundaries for computing mean and std.dev: (1, 884)
[M::mem_pestat] mean and std.dev: (159.70, 153.47)
[M::mem_pestat] low and high boundaries for proper pairs: (1, 1157)
[M::mem_pestat] analyzing insert size distribution for orientation RR...
[M::mem_pestat] (25, 50, 75) percentile: (60, 89, 150)
[M::mem_pestat] low and high boundaries for computing mean and std.dev: (1, 330)
[M::mem_pestat] mean and std.dev: (96.89, 54.49)
[M::mem_pestat] low and high boundaries for proper pairs: (1, 420)
[M::mem_pestat] skip orientation FF
[M::mem_pestat] skip orientation RF
[M::mem_pestat] skip orientation RR
[M::mem_process_seqs] Processed 1828250 reads in 1983.442 CPU sec, 83.906 real sec
[M::process] read 1815792 sequences (240000033 bp)...
[M::mem_pestat] # candidate unique pairs for (FF, FR, RF, RR): (56, 586535, 46, 69)
[M::mem_pestat] analyzing insert size distribution for orientation FF...
[M::mem_pestat] (25, 50, 75) percentile: (85, 101, 167)
[M::mem_pestat] low and high boundaries for computing mean and std.dev: (1, 331)
[M::mem_pestat] mean and std.dev: (107.17, 54.33)
[M::mem_pestat] low and high boundaries for proper pairs: (1, 413)
[M::mem_pestat] analyzing insert size distribution for orientation FR...
[M::mem_pestat] (25, 50, 75) percentile: (114, 139, 167)
[M::mem_pestat] low and high boundaries for computing mean and std.dev: (8, 273)
[M::mem_pestat] mean and std.dev: (141.88, 38.16)
[M::mem_pestat] low and high boundaries for proper pairs: (1, 326)
[M::mem_pestat] analyzing insert size distribution for orientation RF...
[M::mem_pestat] (25, 50, 75) percentile: (47, 141, 414)
[M::mem_pestat] low and high boundaries for computing mean and std.dev: (1, 1148)
[M::mem_pestat] mean and std.dev: (238.76, 295.95)
[M::mem_pestat] low and high boundaries for proper pairs: (1, 1515)
[M::mem_pestat] analyzing insert size distribution for orientation RR...
[M::mem_pestat] (25, 50, 75) percentile: (66, 87, 165)
[M::mem_pestat] low and high boundaries for computing mean and std.dev: (1, 363)
[M::mem_pestat] mean and std.dev: (92.24, 53.95)
[M::mem_pestat] low and high boundaries for proper pairs: (1, 462)
[M::mem_pestat] skip orientation FF
[M::mem_pestat] skip orientation RF
[M::mem_pestat] skip orientation RR
[M::mem_process_seqs] Processed 1822070 reads in 2016.071 CPU sec, 86.261 real sec
[M::process] read 1814810 sequences (240000189 bp)...
[M::mem_pestat] # candidate unique pairs for (FF, FR, RF, RR): (56, 585522, 45, 60)
[M::mem_pestat] analyzing insert size distribution for orientation FF...
[M::mem_pestat] (25, 50, 75) percentile: (71, 95, 193)
[M::mem_pestat] low and high boundaries for computing mean and std.dev: (1, 437)
[M::mem_pestat] mean and std.dev: (106.76, 63.89)
[M::mem_pestat] low and high boundaries for proper pairs: (1, 559)
[M::mem_pestat] analyzing insert size distribution for orientation FR...
[M::mem_pestat] (25, 50, 75) percentile: (114, 140, 167)
[M::mem_pestat] low and high boundaries for computing mean and std.dev: (8, 273)
[M::mem_pestat] mean and std.dev: (142.17, 37.85)
[M::mem_pestat] low and high boundaries for proper pairs: (1, 326)
[M::mem_pestat] analyzing insert size distribution for orientation RF...
[M::mem_pestat] (25, 50, 75) percentile: (64, 146, 296)
[M::mem_pestat] low and high boundaries for computing mean and std.dev: (1, 760)
[M::mem_pestat] mean and std.dev: (146.82, 102.23)
[M::mem_pestat] low and high boundaries for proper pairs: (1, 992)
[M::mem_pestat] analyzing insert size distribution for orientation RR...
[M::mem_pestat] (25, 50, 75) percentile: (73, 95, 132)
[M::mem_pestat] low and high boundaries for computing mean and std.dev: (1, 250)
[M::mem_pestat] mean and std.dev: (94.35, 38.16)
[M::mem_pestat] low and high boundaries for proper pairs: (1, 309)
[M::mem_pestat] skip orientation FF
[M::mem_pestat] skip orientation RF
[M::mem_pestat] skip orientation RR
[M::mem_process_seqs] Processed 1815792 reads in 2023.498 CPU sec, 87.084 real sec
[M::process] read 1824832 sequences (240000084 bp)...
[M::mem_pestat] # candidate unique pairs for (FF, FR, RF, RR): (47, 585595, 51, 70)
[M::mem_pestat] analyzing insert size distribution for orientation FF...
[M::mem_pestat] (25, 50, 75) percentile: (69, 91, 128)
[M::mem_pestat] low and high boundaries for computing mean and std.dev: (1, 246)
[M::mem_pestat] mean and std.dev: (90.72, 49.24)
[M::mem_pestat] low and high boundaries for proper pairs: (1, 305)
[M::mem_pestat] analyzing insert size distribution for orientation FR...
[M::mem_pestat] (25, 50, 75) percentile: (114, 139, 167)
[M::mem_pestat] low and high boundaries for computing mean and std.dev: (8, 273)
[M::mem_pestat] mean and std.dev: (142.10, 37.79)
[M::mem_pestat] low and high boundaries for proper pairs: (1, 326)
[M::mem_pestat] analyzing insert size distribution for orientation RF...
[M::mem_pestat] (25, 50, 75) percentile: (70, 151, 300)
[M::mem_pestat] low and high boundaries for computing mean and std.dev: (1, 760)
[M::mem_pestat] mean and std.dev: (184.40, 171.02)
[M::mem_pestat] low and high boundaries for proper pairs: (1, 990)
[M::mem_pestat] analyzing insert size distribution for orientation RR...
[M::mem_pestat] (25, 50, 75) percentile: (67, 92, 156)
[M::mem_pestat] low and high boundaries for computing mean and std.dev: (1, 334)
[M::mem_pestat] mean and std.dev: (97.78, 56.65)
[M::mem_pestat] low and high boundaries for proper pairs: (1, 423)
[M::mem_pestat] skip orientation FF
[M::mem_pestat] skip orientation RF
[M::mem_pestat] skip orientation RR
[M::mem_process_seqs] Processed 1814810 reads in 2029.481 CPU sec, 87.246 real sec
[M::process] read 1818498 sequences (240000293 bp)...
[M::mem_pestat] # candidate unique pairs for (FF, FR, RF, RR): (53, 587318, 53, 84)
[M::mem_pestat] analyzing insert size distribution for orientation FF...
[M::mem_pestat] (25, 50, 75) percentile: (83, 97, 366)
[M::mem_pestat] low and high boundaries for computing mean and std.dev: (1, 932)
[M::mem_pestat] mean and std.dev: (130.07, 123.59)
[M::mem_pestat] low and high boundaries for proper pairs: (1, 1215)
[M::mem_pestat] analyzing insert size distribution for orientation FR...
[M::mem_pestat] (25, 50, 75) percentile: (114, 139, 167)
[M::mem_pestat] low and high boundaries for computing mean and std.dev: (8, 273)
[M::mem_pestat] mean and std.dev: (141.82, 38.24)
[M::mem_pestat] low and high boundaries for proper pairs: (1, 326)
[M::mem_pestat] analyzing insert size distribution for orientation RF...
[M::mem_pestat] (25, 50, 75) percentile: (69, 128, 337)
[M::mem_pestat] low and high boundaries for computing mean and std.dev: (1, 873)
[M::mem_pestat] mean and std.dev: (146.50, 136.37)
[M::mem_pestat] low and high boundaries for proper pairs: (1, 1141)
[M::mem_pestat] analyzing insert size distribution for orientation RR...
[M::mem_pestat] (25, 50, 75) percentile: (61, 90, 127)
[M::mem_pestat] low and high boundaries for computing mean and std.dev: (1, 259)
[M::mem_pestat] mean and std.dev: (91.68, 45.58)
[M::mem_pestat] low and high boundaries for proper pairs: (1, 325)
[M::mem_pestat] skip orientation FF
[M::mem_pestat] skip orientation RF
[M::mem_pestat] skip orientation RR
[M::mem_process_seqs] Processed 1824832 reads in 2031.853 CPU sec, 87.346 real sec
[M::process] read 1813798 sequences (240000183 bp)...
[M::mem_pestat] # candidate unique pairs for (FF, FR, RF, RR): (51, 585708, 48, 55)
[M::mem_pestat] analyzing insert size distribution for orientation FF...
[M::mem_pestat] (25, 50, 75) percentile: (74, 91, 148)
[M::mem_pestat] low and high boundaries for computing mean and std.dev: (1, 296)
[M::mem_pestat] mean and std.dev: (93.74, 43.00)
[M::mem_pestat] low and high boundaries for proper pairs: (1, 370)
[M::mem_pestat] analyzing insert size distribution for orientation FR...
[M::mem_pestat] (25, 50, 75) percentile: (114, 140, 167)
[M::mem_pestat] low and high boundaries for computing mean and std.dev: (8, 273)
[M::mem_pestat] mean and std.dev: (142.21, 38.13)
[M::mem_pestat] low and high boundaries for proper pairs: (1, 326)
[M::mem_pestat] analyzing insert size distribution for orientation RF...
[M::mem_pestat] (25, 50, 75) percentile: (55, 144, 432)
[M::mem_pestat] low and high boundaries for computing mean and std.dev: (1, 1186)
[M::mem_pestat] mean and std.dev: (178.02, 197.29)
[M::mem_pestat] low and high boundaries for proper pairs: (1, 1563)
[M::mem_pestat] analyzing insert size distribution for orientation RR...
[M::mem_pestat] (25, 50, 75) percentile: (57, 94, 129)
[M::mem_pestat] low and high boundaries for computing mean and std.dev: (1, 273)
[M::mem_pestat] mean and std.dev: (91.02, 46.88)
[M::mem_pestat] low and high boundaries for proper pairs: (1, 345)
[M::mem_pestat] skip orientation FF
[M::mem_pestat] skip orientation RF
[M::mem_pestat] skip orientation RR
[M::mem_process_seqs] Processed 1818498 reads in 2033.532 CPU sec, 87.461 real sec
[M::process] read 1816608 sequences (240000039 bp)...
[M::mem_pestat] # candidate unique pairs for (FF, FR, RF, RR): (47, 583933, 52, 80)
[M::mem_pestat] analyzing insert size distribution for orientation FF...
[M::mem_pestat] (25, 50, 75) percentile: (81, 94, 143)
[M::mem_pestat] low and high boundaries for computing mean and std.dev: (1, 267)
[M::mem_pestat] mean and std.dev: (91.32, 36.80)
[M::mem_pestat] low and high boundaries for proper pairs: (1, 329)
[M::mem_pestat] analyzing insert size distribution for orientation FR...
[M::mem_pestat] (25, 50, 75) percentile: (114, 140, 167)
[M::mem_pestat] low and high boundaries for computing mean and std.dev: (8, 273)
[M::mem_pestat] mean and std.dev: (142.30, 37.88)
[M::mem_pestat] low and high boundaries for proper pairs: (1, 326)
[M::mem_pestat] analyzing insert size distribution for orientation RF...
[M::mem_pestat] (25, 50, 75) percentile: (35, 97, 295)
[M::mem_pestat] low and high boundaries for computing mean and std.dev: (1, 815)
[M::mem_pestat] mean and std.dev: (127.67, 131.79)
[M::mem_pestat] low and high boundaries for proper pairs: (1, 1075)
[M::mem_pestat] analyzing insert size distribution for orientation RR...
[M::mem_pestat] (25, 50, 75) percentile: (60, 92, 116)
[M::mem_pestat] low and high boundaries for computing mean and std.dev: (1, 228)
[M::mem_pestat] mean and std.dev: (86.03, 34.48)
[M::mem_pestat] low and high boundaries for proper pairs: (1, 284)
[M::mem_pestat] skip orientation FF
[M::mem_pestat] skip orientation RF
[M::mem_pestat] skip orientation RR
[M::mem_process_seqs] Processed 1813798 reads in 2046.777 CPU sec, 88.084 real sec
[M::process] read 1826638 sequences (240000007 bp)...
[M::mem_pestat] # candidate unique pairs for (FF, FR, RF, RR): (46, 585903, 59, 72)
[M::mem_pestat] analyzing insert size distribution for orientation FF...
[M::mem_pestat] (25, 50, 75) percentile: (66, 91, 143)
[M::mem_pestat] low and high boundaries for computing mean and std.dev: (1, 297)
[M::mem_pestat] mean and std.dev: (95.15, 44.54)
[M::mem_pestat] low and high boundaries for proper pairs: (1, 374)
[M::mem_pestat] analyzing insert size distribution for orientation FR...
[M::mem_pestat] (25, 50, 75) percentile: (114, 139, 167)
[M::mem_pestat] low and high boundaries for computing mean and std.dev: (8, 273)
[M::mem_pestat] mean and std.dev: (141.86, 37.86)
[M::mem_pestat] low and high boundaries for proper pairs: (1, 326)
[M::mem_pestat] analyzing insert size distribution for orientation RF...
[M::mem_pestat] (25, 50, 75) percentile: (57, 150, 345)
[M::mem_pestat] low and high boundaries for computing mean and std.dev: (1, 921)
[M::mem_pestat] mean and std.dev: (158.18, 153.15)
[M::mem_pestat] low and high boundaries for proper pairs: (1, 1209)
[M::mem_pestat] analyzing insert size distribution for orientation RR...
[M::mem_pestat] (25, 50, 75) percentile: (62, 89, 113)
[M::mem_pestat] low and high boundaries for computing mean and std.dev: (1, 215)
[M::mem_pestat] mean and std.dev: (86.62, 32.93)
[M::mem_pestat] low and high boundaries for proper pairs: (1, 266)
[M::mem_pestat] skip orientation FF
[M::mem_pestat] skip orientation RF
[M::mem_pestat] skip orientation RR
[M::mem_process_seqs] Processed 1816608 reads in 2025.347 CPU sec, 87.013 real sec
[M::process] read 1819366 sequences (240000132 bp)...
[M::mem_pestat] # candidate unique pairs for (FF, FR, RF, RR): (50, 586962, 63, 78)
[M::mem_pestat] analyzing insert size distribution for orientation FF...
[M::mem_pestat] (25, 50, 75) percentile: (71, 109, 161)
[M::mem_pestat] low and high boundaries for computing mean and std.dev: (1, 341)
[M::mem_pestat] mean and std.dev: (103.40, 43.19)
[M::mem_pestat] low and high boundaries for proper pairs: (1, 431)
[M::mem_pestat] analyzing insert size distribution for orientation FR...
[M::mem_pestat] (25, 50, 75) percentile: (113, 139, 167)
[M::mem_pestat] low and high boundaries for computing mean and std.dev: (5, 275)
[M::mem_pestat] mean and std.dev: (141.60, 38.34)
[M::mem_pestat] low and high boundaries for proper pairs: (1, 329)
[M::mem_pestat] analyzing insert size distribution for orientation RF...
[M::mem_pestat] (25, 50, 75) percentile: (36, 99, 311)
[M::mem_pestat] low and high boundaries for computing mean and std.dev: (1, 861)
[M::mem_pestat] mean and std.dev: (133.98, 144.45)
[M::mem_pestat] low and high boundaries for proper pairs: (1, 1136)
[M::mem_pestat] analyzing insert size distribution for orientation RR...
[M::mem_pestat] (25, 50, 75) percentile: (60, 88, 131)
[M::mem_pestat] low and high boundaries for computing mean and std.dev: (1, 273)
[M::mem_pestat] mean and std.dev: (87.27, 43.11)
[M::mem_pestat] low and high boundaries for proper pairs: (1, 344)
[M::mem_pestat] skip orientation FF
[M::mem_pestat] skip orientation RF
[M::mem_pestat] skip orientation RR
[M::mem_process_seqs] Processed 1826638 reads in 2037.677 CPU sec, 87.540 real sec
[M::process] read 1814950 sequences (240000065 bp)...
[M::mem_pestat] # candidate unique pairs for (FF, FR, RF, RR): (54, 585514, 51, 73)
[M::mem_pestat] analyzing insert size distribution for orientation FF...
[M::mem_pestat] (25, 50, 75) percentile: (64, 87, 124)
[M::mem_pestat] low and high boundaries for computing mean and std.dev: (1, 244)
[M::mem_pestat] mean and std.dev: (85.87, 41.70)
[M::mem_pestat] low and high boundaries for proper pairs: (1, 304)
[M::mem_pestat] analyzing insert size distribution for orientation FR...
[M::mem_pestat] (25, 50, 75) percentile: (114, 139, 167)
[M::mem_pestat] low and high boundaries for computing mean and std.dev: (8, 273)
[M::mem_pestat] mean and std.dev: (142.05, 38.17)
[M::mem_pestat] low and high boundaries for proper pairs: (1, 326)
[M::mem_pestat] analyzing insert size distribution for orientation RF...
[M::mem_pestat] (25, 50, 75) percentile: (69, 118, 248)
[M::mem_pestat] low and high boundaries for computing mean and std.dev: (1, 606)
[M::mem_pestat] mean and std.dev: (137.38, 114.51)
[M::mem_pestat] low and high boundaries for proper pairs: (1, 785)
[M::mem_pestat] analyzing insert size distribution for orientation RR...
[M::mem_pestat] (25, 50, 75) percentile: (76, 98, 138)
[M::mem_pestat] low and high boundaries for computing mean and std.dev: (1, 262)
[M::mem_pestat] mean and std.dev: (101.82, 45.02)
[M::mem_pestat] low and high boundaries for proper pairs: (1, 324)
[M::mem_pestat] skip orientation FF
[M::mem_pestat] skip orientation RF
[M::mem_pestat] skip orientation RR
[M::mem_process_seqs] Processed 1819366 reads in 2035.567 CPU sec, 87.530 real sec
[M::process] read 1817674 sequences (240000200 bp)...
[M::mem_pestat] # candidate unique pairs for (FF, FR, RF, RR): (49, 585507, 55, 55)
[M::mem_pestat] analyzing insert size distribution for orientation FF...
[M::mem_pestat] (25, 50, 75) percentile: (77, 99, 174)
[M::mem_pestat] low and high boundaries for computing mean and std.dev: (1, 368)
[M::mem_pestat] mean and std.dev: (117.37, 78.17)
[M::mem_pestat] low and high boundaries for proper pairs: (1, 465)
[M::mem_pestat] analyzing insert size distribution for orientation FR...
[M::mem_pestat] (25, 50, 75) percentile: (114, 139, 167)
[M::mem_pestat] low and high boundaries for computing mean and std.dev: (8, 273)
[M::mem_pestat] mean and std.dev: (142.05, 37.92)
[M::mem_pestat] low and high boundaries for proper pairs: (1, 326)
[M::mem_pestat] analyzing insert size distribution for orientation RF...
[M::mem_pestat] (25, 50, 75) percentile: (62, 132, 252)
[M::mem_pestat] low and high boundaries for computing mean and std.dev: (1, 632)
[M::mem_pestat] mean and std.dev: (141.76, 128.74)
[M::mem_pestat] low and high boundaries for proper pairs: (1, 822)
[M::mem_pestat] analyzing insert size distribution for orientation RR...
[M::mem_pestat] (25, 50, 75) percentile: (62, 81, 114)
[M::mem_pestat] low and high boundaries for computing mean and std.dev: (1, 218)
[M::mem_pestat] mean and std.dev: (81.10, 29.05)
[M::mem_pestat] low and high boundaries for proper pairs: (1, 270)
[M::mem_pestat] skip orientation FF
[M::mem_pestat] skip orientation RF
[M::mem_pestat] skip orientation RR
[M::mem_process_seqs] Processed 1814950 reads in 2024.614 CPU sec, 87.062 real sec
[M::process] read 1828170 sequences (240000060 bp)...
[M::mem_pestat] # candidate unique pairs for (FF, FR, RF, RR): (52, 585687, 64, 61)
[M::mem_pestat] analyzing insert size distribution for orientation FF...
[M::mem_pestat] (25, 50, 75) percentile: (59, 105, 131)
[M::mem_pestat] low and high boundaries for computing mean and std.dev: (1, 275)
[M::mem_pestat] mean and std.dev: (95.81, 52.15)
[M::mem_pestat] low and high boundaries for proper pairs: (1, 347)
[M::mem_pestat] analyzing insert size distribution for orientation FR...
[M::mem_pestat] (25, 50, 75) percentile: (114, 139, 167)
[M::mem_pestat] low and high boundaries for computing mean and std.dev: (8, 273)
[M::mem_pestat] mean and std.dev: (141.98, 37.99)
[M::mem_pestat] low and high boundaries for proper pairs: (1, 326)
[M::mem_pestat] analyzing insert size distribution for orientation RF...
[M::mem_pestat] (25, 50, 75) percentile: (52, 147, 422)
[M::mem_pestat] low and high boundaries for computing mean and std.dev: (1, 1162)
[M::mem_pestat] mean and std.dev: (203.97, 210.01)
[M::mem_pestat] low and high boundaries for proper pairs: (1, 1532)
[M::mem_pestat] analyzing insert size distribution for orientation RR...
[M::mem_pestat] (25, 50, 75) percentile: (68, 92, 265)
[M::mem_pestat] low and high boundaries for computing mean and std.dev: (1, 659)
[M::mem_pestat] mean and std.dev: (135.17, 123.70)
[M::mem_pestat] low and high boundaries for proper pairs: (1, 856)
[M::mem_pestat] skip orientation FF
[M::mem_pestat] skip orientation RF
[M::mem_pestat] skip orientation RR
[M::mem_process_seqs] Processed 1817674 reads in 2031.258 CPU sec, 86.832 real sec
[M::process] read 1819074 sequences (240000178 bp)...
[M::mem_pestat] # candidate unique pairs for (FF, FR, RF, RR): (49, 587443, 44, 83)
[M::mem_pestat] analyzing insert size distribution for orientation FF...
[M::mem_pestat] (25, 50, 75) percentile: (64, 93, 148)
[M::mem_pestat] low and high boundaries for computing mean and std.dev: (1, 316)
[M::mem_pestat] mean and std.dev: (101.83, 54.22)
[M::mem_pestat] low and high boundaries for proper pairs: (1, 400)
[M::mem_pestat] analyzing insert size distribution for orientation FR...
[M::mem_pestat] (25, 50, 75) percentile: (114, 139, 167)
[M::mem_pestat] low and high boundaries for computing mean and std.dev: (8, 273)
[M::mem_pestat] mean and std.dev: (141.58, 38.31)
[M::mem_pestat] low and high boundaries for proper pairs: (1, 326)
[M::mem_pestat] analyzing insert size distribution for orientation RF...
[M::mem_pestat] (25, 50, 75) percentile: (70, 105, 217)
[M::mem_pestat] low and high boundaries for computing mean and std.dev: (1, 511)
[M::mem_pestat] mean and std.dev: (114.58, 88.14)
[M::mem_pestat] low and high boundaries for proper pairs: (1, 658)
[M::mem_pestat] analyzing insert size distribution for orientation RR...
[M::mem_pestat] (25, 50, 75) percentile: (66, 92, 121)
[M::mem_pestat] low and high boundaries for computing mean and std.dev: (1, 231)
[M::mem_pestat] mean and std.dev: (89.67, 32.50)
[M::mem_pestat] low and high boundaries for proper pairs: (1, 286)
[M::mem_pestat] skip orientation FF
[M::mem_pestat] skip orientation RF
[M::mem_pestat] skip orientation RR
[M::mem_process_seqs] Processed 1828170 reads in 2038.669 CPU sec, 87.592 real sec
[M::process] read 1813096 sequences (240000159 bp)...
[M::mem_pestat] # candidate unique pairs for (FF, FR, RF, RR): (61, 586242, 49, 59)
[M::mem_pestat] analyzing insert size distribution for orientation FF...
[M::mem_pestat] (25, 50, 75) percentile: (69, 102, 304)
[M::mem_pestat] low and high boundaries for computing mean and std.dev: (1, 774)
[M::mem_pestat] mean and std.dev: (141.25, 136.56)
[M::mem_pestat] low and high boundaries for proper pairs: (1, 1009)
[M::mem_pestat] analyzing insert size distribution for orientation FR...
[M::mem_pestat] (25, 50, 75) percentile: (114, 140, 167)
[M::mem_pestat] low and high boundaries for computing mean and std.dev: (8, 273)
[M::mem_pestat] mean and std.dev: (142.14, 38.17)
[M::mem_pestat] low and high boundaries for proper pairs: (1, 326)
[M::mem_pestat] analyzing insert size distribution for orientation RF...
[M::mem_pestat] (25, 50, 75) percentile: (62, 110, 329)
[M::mem_pestat] low and high boundaries for computing mean and std.dev: (1, 863)
[M::mem_pestat] mean and std.dev: (125.74, 110.76)
[M::mem_pestat] low and high boundaries for proper pairs: (1, 1130)
[M::mem_pestat] analyzing insert size distribution for orientation RR...
[M::mem_pestat] (25, 50, 75) percentile: (59, 71, 98)
[M::mem_pestat] low and high boundaries for computing mean and std.dev: (1, 176)
[M::mem_pestat] mean and std.dev: (75.52, 26.88)
[M::mem_pestat] low and high boundaries for proper pairs: (1, 215)
[M::mem_pestat] skip orientation FF
[M::mem_pestat] skip orientation RF
[M::mem_pestat] skip orientation RR
[M::mem_process_seqs] Processed 1819074 reads in 2028.473 CPU sec, 87.210 real sec
[M::process] read 1818504 sequences (240000211 bp)...
[M::mem_pestat] # candidate unique pairs for (FF, FR, RF, RR): (56, 584680, 60, 65)
[M::mem_pestat] analyzing insert size distribution for orientation FF...
[M::mem_pestat] (25, 50, 75) percentile: (70, 93, 135)
[M::mem_pestat] low and high boundaries for computing mean and std.dev: (1, 265)
[M::mem_pestat] mean and std.dev: (89.74, 32.84)
[M::mem_pestat] low and high boundaries for proper pairs: (1, 330)
[M::mem_pestat] analyzing insert size distribution for orientation FR...
[M::mem_pestat] (25, 50, 75) percentile: (114, 140, 167)
[M::mem_pestat] low and high boundaries for computing mean and std.dev: (8, 273)
[M::mem_pestat] mean and std.dev: (142.37, 37.92)
[M::mem_pestat] low and high boundaries for proper pairs: (1, 326)
[M::mem_pestat] analyzing insert size distribution for orientation RF...
[M::mem_pestat] (25, 50, 75) percentile: (43, 77, 280)
[M::mem_pestat] low and high boundaries for computing mean and std.dev: (1, 754)
[M::mem_pestat] mean and std.dev: (90.94, 104.03)
[M::mem_pestat] low and high boundaries for proper pairs: (1, 991)
[M::mem_pestat] analyzing insert size distribution for orientation RR...
[M::mem_pestat] (25, 50, 75) percentile: (58, 81, 172)
[M::mem_pestat] low and high boundaries for computing mean and std.dev: (1, 400)
[M::mem_pestat] mean and std.dev: (100.30, 82.63)
[M::mem_pestat] low and high boundaries for proper pairs: (1, 514)
[M::mem_pestat] skip orientation FF
[M::mem_pestat] skip orientation RF
[M::mem_pestat] skip orientation RR
[M::mem_process_seqs] Processed 1813096 reads in 2032.147 CPU sec, 87.289 real sec
[M::process] read 1825830 sequences (240000007 bp)...
[M::mem_pestat] # candidate unique pairs for (FF, FR, RF, RR): (51, 585831, 59, 57)
[M::mem_pestat] analyzing insert size distribution for orientation FF...
[M::mem_pestat] (25, 50, 75) percentile: (67, 91, 131)
[M::mem_pestat] low and high boundaries for computing mean and std.dev: (1, 259)
[M::mem_pestat] mean and std.dev: (86.48, 43.86)
[M::mem_pestat] low and high boundaries for proper pairs: (1, 323)
[M::mem_pestat] analyzing insert size distribution for orientation FR...
[M::mem_pestat] (25, 50, 75) percentile: (114, 139, 167)
[M::mem_pestat] low and high boundaries for computing mean and std.dev: (8, 273)
[M::mem_pestat] mean and std.dev: (141.91, 37.94)
[M::mem_pestat] low and high boundaries for proper pairs: (1, 326)
[M::mem_pestat] analyzing insert size distribution for orientation RF...
[M::mem_pestat] (25, 50, 75) percentile: (51, 133, 263)
[M::mem_pestat] low and high boundaries for computing mean and std.dev: (1, 687)
[M::mem_pestat] mean and std.dev: (146.63, 132.56)
[M::mem_pestat] low and high boundaries for proper pairs: (1, 899)
[M::mem_pestat] analyzing insert size distribution for orientation RR...
[M::mem_pestat] (25, 50, 75) percentile: (62, 87, 130)
[M::mem_pestat] low and high boundaries for computing mean and std.dev: (1, 266)
[M::mem_pestat] mean and std.dev: (97.62, 59.31)
[M::mem_pestat] low and high boundaries for proper pairs: (1, 335)
[M::mem_pestat] skip orientation FF
[M::mem_pestat] skip orientation RF
[M::mem_pestat] skip orientation RR
[M::mem_process_seqs] Processed 1818504 reads in 2040.328 CPU sec, 87.688 real sec
[M::process] read 1816242 sequences (240000243 bp)...
[M::mem_pestat] # candidate unique pairs for (FF, FR, RF, RR): (51, 587965, 50, 55)
[M::mem_pestat] analyzing insert size distribution for orientation FF...
[M::mem_pestat] (25, 50, 75) percentile: (67, 95, 154)
[M::mem_pestat] low and high boundaries for computing mean and std.dev: (1, 328)
[M::mem_pestat] mean and std.dev: (92.81, 46.45)
[M::mem_pestat] low and high boundaries for proper pairs: (1, 415)
[M::mem_pestat] analyzing insert size distribution for orientation FR...
[M::mem_pestat] (25, 50, 75) percentile: (114, 139, 167)
[M::mem_pestat] low and high boundaries for computing mean and std.dev: (8, 273)
[M::mem_pestat] mean and std.dev: (141.68, 38.27)
[M::mem_pestat] low and high boundaries for proper pairs: (1, 326)
[M::mem_pestat] analyzing insert size distribution for orientation RF...
[M::mem_pestat] (25, 50, 75) percentile: (36, 104, 218)
[M::mem_pestat] low and high boundaries for computing mean and std.dev: (1, 582)
[M::mem_pestat] mean and std.dev: (105.07, 90.48)
[M::mem_pestat] low and high boundaries for proper pairs: (1, 764)
[M::mem_pestat] analyzing insert size distribution for orientation RR...
[M::mem_pestat] (25, 50, 75) percentile: (61, 79, 120)
[M::mem_pestat] low and high boundaries for computing mean and std.dev: (1, 238)
[M::mem_pestat] mean and std.dev: (81.23, 33.86)
[M::mem_pestat] low and high boundaries for proper pairs: (1, 297)
[M::mem_pestat] skip orientation FF
[M::mem_pestat] skip orientation RF
[M::mem_pestat] skip orientation RR
[M::mem_process_seqs] Processed 1825830 reads in 2039.270 CPU sec, 87.622 real sec
[M::process] read 1812684 sequences (240000102 bp)...
[M::mem_pestat] # candidate unique pairs for (FF, FR, RF, RR): (41, 585591, 67, 78)
[M::mem_pestat] analyzing insert size distribution for orientation FF...
[M::mem_pestat] (25, 50, 75) percentile: (76, 92, 122)
[M::mem_pestat] low and high boundaries for computing mean and std.dev: (1, 214)
[M::mem_pestat] mean and std.dev: (87.74, 30.48)
[M::mem_pestat] low and high boundaries for proper pairs: (1, 260)
[M::mem_pestat] analyzing insert size distribution for orientation FR...
[M::mem_pestat] (25, 50, 75) percentile: (114, 140, 167)
[M::mem_pestat] low and high boundaries for computing mean and std.dev: (8, 273)
[M::mem_pestat] mean and std.dev: (142.33, 38.09)
[M::mem_pestat] low and high boundaries for proper pairs: (1, 326)
[M::mem_pestat] analyzing insert size distribution for orientation RF...
[M::mem_pestat] (25, 50, 75) percentile: (77, 156, 387)
[M::mem_pestat] low and high boundaries for computing mean and std.dev: (1, 1007)
[M::mem_pestat] mean and std.dev: (176.56, 165.81)
[M::mem_pestat] low and high boundaries for proper pairs: (1, 1317)
[M::mem_pestat] analyzing insert size distribution for orientation RR...
[M::mem_pestat] (25, 50, 75) percentile: (72, 99, 131)
[M::mem_pestat] low and high boundaries for computing mean and std.dev: (1, 249)
[M::mem_pestat] mean and std.dev: (98.88, 47.05)
[M::mem_pestat] low and high boundaries for proper pairs: (1, 308)
[M::mem_pestat] skip orientation FF
[M::mem_pestat] skip orientation RF
[M::mem_pestat] skip orientation RR
[M::mem_process_seqs] Processed 1816242 reads in 2043.652 CPU sec, 87.916 real sec
[M::process] read 1821712 sequences (240000010 bp)...
[M::mem_pestat] # candidate unique pairs for (FF, FR, RF, RR): (54, 584536, 66, 64)
[M::mem_pestat] analyzing insert size distribution for orientation FF...
[M::mem_pestat] (25, 50, 75) percentile: (69, 88, 135)
[M::mem_pestat] low and high boundaries for computing mean and std.dev: (1, 267)
[M::mem_pestat] mean and std.dev: (85.52, 28.45)
[M::mem_pestat] low and high boundaries for proper pairs: (1, 333)
[M::mem_pestat] analyzing insert size distribution for orientation FR...
[M::mem_pestat] (25, 50, 75) percentile: (114, 140, 167)
[M::mem_pestat] low and high boundaries for computing mean and std.dev: (8, 273)
[M::mem_pestat] mean and std.dev: (142.36, 37.88)
[M::mem_pestat] low and high boundaries for proper pairs: (1, 326)
[M::mem_pestat] analyzing insert size distribution for orientation RF...
[M::mem_pestat] (25, 50, 75) percentile: (50, 163, 329)
[M::mem_pestat] low and high boundaries for computing mean and std.dev: (1, 887)
[M::mem_pestat] mean and std.dev: (176.58, 173.83)
[M::mem_pestat] low and high boundaries for proper pairs: (1, 1166)
[M::mem_pestat] analyzing insert size distribution for orientation RR...
[M::mem_pestat] (25, 50, 75) percentile: (64, 99, 189)
[M::mem_pestat] low and high boundaries for computing mean and std.dev: (1, 439)
[M::mem_pestat] mean and std.dev: (112.02, 79.16)
[M::mem_pestat] low and high boundaries for proper pairs: (1, 564)
[M::mem_pestat] skip orientation FF
[M::mem_pestat] skip orientation RF
[M::mem_pestat] skip orientation RR
[M::mem_process_seqs] Processed 1812684 reads in 2029.493 CPU sec, 87.340 real sec
[M::process] read 1829492 sequences (240000090 bp)...
[M::mem_pestat] # candidate unique pairs for (FF, FR, RF, RR): (49, 587038, 56, 45)
[M::mem_pestat] analyzing insert size distribution for orientation FF...
[M::mem_pestat] (25, 50, 75) percentile: (72, 102, 150)
[M::mem_pestat] low and high boundaries for computing mean and std.dev: (1, 306)
[M::mem_pestat] mean and std.dev: (102.50, 50.33)
[M::mem_pestat] low and high boundaries for proper pairs: (1, 384)
[M::mem_pestat] analyzing insert size distribution for orientation FR...
[M::mem_pestat] (25, 50, 75) percentile: (114, 139, 167)
[M::mem_pestat] low and high boundaries for computing mean and std.dev: (8, 273)
[M::mem_pestat] mean and std.dev: (141.65, 37.88)
[M::mem_pestat] low and high boundaries for proper pairs: (1, 326)
[M::mem_pestat] analyzing insert size distribution for orientation RF...
[M::mem_pestat] (25, 50, 75) percentile: (70, 150, 338)
[M::mem_pestat] low and high boundaries for computing mean and std.dev: (1, 874)
[M::mem_pestat] mean and std.dev: (151.98, 144.37)
[M::mem_pestat] low and high boundaries for proper pairs: (1, 1142)
[M::mem_pestat] analyzing insert size distribution for orientation RR...
[M::mem_pestat] (25, 50, 75) percentile: (69, 91, 138)
[M::mem_pestat] low and high boundaries for computing mean and std.dev: (1, 276)
[M::mem_pestat] mean and std.dev: (89.34, 35.25)
[M::mem_pestat] low and high boundaries for proper pairs: (1, 345)
[M::mem_pestat] skip orientation FF
[M::mem_pestat] skip orientation RF
[M::mem_pestat] skip orientation RR
[M::mem_process_seqs] Processed 1821712 reads in 2029.397 CPU sec, 87.248 real sec
[M::process] read 1816636 sequences (240000274 bp)...
[M::mem_pestat] # candidate unique pairs for (FF, FR, RF, RR): (52, 588927, 53, 71)
[M::mem_pestat] analyzing insert size distribution for orientation FF...
[M::mem_pestat] (25, 50, 75) percentile: (74, 106, 494)
[M::mem_pestat] low and high boundaries for computing mean and std.dev: (1, 1334)
[M::mem_pestat] mean and std.dev: (169.32, 231.69)
[M::mem_pestat] low and high boundaries for proper pairs: (1, 1754)
[M::mem_pestat] analyzing insert size distribution for orientation FR...
[M::mem_pestat] (25, 50, 75) percentile: (113, 139, 166)
[M::mem_pestat] low and high boundaries for computing mean and std.dev: (7, 272)
[M::mem_pestat] mean and std.dev: (141.39, 38.12)
[M::mem_pestat] low and high boundaries for proper pairs: (1, 325)
[M::mem_pestat] analyzing insert size distribution for orientation RF...
[M::mem_pestat] (25, 50, 75) percentile: (43, 97, 223)
[M::mem_pestat] low and high boundaries for computing mean and std.dev: (1, 583)
[M::mem_pestat] mean and std.dev: (133.24, 127.78)
[M::mem_pestat] low and high boundaries for proper pairs: (1, 763)
[M::mem_pestat] analyzing insert size distribution for orientation RR...
[M::mem_pestat] (25, 50, 75) percentile: (67, 86, 121)
[M::mem_pestat] low and high boundaries for computing mean and std.dev: (1, 229)
[M::mem_pestat] mean and std.dev: (89.30, 34.87)
[M::mem_pestat] low and high boundaries for proper pairs: (1, 283)
[M::mem_pestat] skip orientation FF
[M::mem_pestat] skip orientation RF
[M::mem_pestat] skip orientation RR
[M::mem_process_seqs] Processed 1829492 reads in 2026.078 CPU sec, 87.104 real sec
[M::process] read 1815328 sequences (240000179 bp)...
[M::mem_pestat] # candidate unique pairs for (FF, FR, RF, RR): (61, 585030, 49, 62)
[M::mem_pestat] analyzing insert size distribution for orientation FF...
[M::mem_pestat] (25, 50, 75) percentile: (73, 97, 139)
[M::mem_pestat] low and high boundaries for computing mean and std.dev: (1, 271)
[M::mem_pestat] mean and std.dev: (98.94, 41.93)
[M::mem_pestat] low and high boundaries for proper pairs: (1, 337)
[M::mem_pestat] analyzing insert size distribution for orientation FR...
[M::mem_pestat] (25, 50, 75) percentile: (114, 140, 167)
[M::mem_pestat] low and high boundaries for computing mean and std.dev: (8, 273)
[M::mem_pestat] mean and std.dev: (142.29, 37.98)
[M::mem_pestat] low and high boundaries for proper pairs: (1, 326)
[M::mem_pestat] analyzing insert size distribution for orientation RF...
[M::mem_pestat] (25, 50, 75) percentile: (46, 114, 319)
[M::mem_pestat] low and high boundaries for computing mean and std.dev: (1, 865)
[M::mem_pestat] mean and std.dev: (141.69, 141.70)
[M::mem_pestat] low and high boundaries for proper pairs: (1, 1138)
[M::mem_pestat] analyzing insert size distribution for orientation RR...
[M::mem_pestat] (25, 50, 75) percentile: (63, 94, 124)
[M::mem_pestat] low and high boundaries for computing mean and std.dev: (1, 246)
[M::mem_pestat] mean and std.dev: (95.79, 39.94)
[M::mem_pestat] low and high boundaries for proper pairs: (1, 307)
[M::mem_pestat] skip orientation FF
[M::mem_pestat] skip orientation RF
[M::mem_pestat] skip orientation RR
[M::mem_process_seqs] Processed 1816636 reads in 2035.851 CPU sec, 87.039 real sec
[M::process] read 1828290 sequences (240000031 bp)...
[M::mem_pestat] # candidate unique pairs for (FF, FR, RF, RR): (55, 586488, 43, 76)
[M::mem_pestat] analyzing insert size distribution for orientation FF...
[M::mem_pestat] (25, 50, 75) percentile: (71, 91, 119)
[M::mem_pestat] low and high boundaries for computing mean and std.dev: (1, 215)
[M::mem_pestat] mean and std.dev: (88.16, 32.50)
[M::mem_pestat] low and high boundaries for proper pairs: (1, 263)
[M::mem_pestat] analyzing insert size distribution for orientation FR...
[M::mem_pestat] (25, 50, 75) percentile: (114, 139, 167)
[M::mem_pestat] low and high boundaries for computing mean and std.dev: (8, 273)
[M::mem_pestat] mean and std.dev: (142.08, 37.76)
[M::mem_pestat] low and high boundaries for proper pairs: (1, 326)
[M::mem_pestat] analyzing insert size distribution for orientation RF...
[M::mem_pestat] (25, 50, 75) percentile: (59, 155, 283)
[M::mem_pestat] low and high boundaries for computing mean and std.dev: (1, 731)
[M::mem_pestat] mean and std.dev: (154.67, 114.84)
[M::mem_pestat] low and high boundaries for proper pairs: (1, 955)
[M::mem_pestat] analyzing insert size distribution for orientation RR...
[M::mem_pestat] (25, 50, 75) percentile: (71, 98, 180)
[M::mem_pestat] low and high boundaries for computing mean and std.dev: (1, 398)
[M::mem_pestat] mean and std.dev: (113.47, 71.05)
[M::mem_pestat] low and high boundaries for proper pairs: (1, 507)
[M::mem_pestat] skip orientation FF
[M::mem_pestat] skip orientation RF
[M::mem_pestat] skip orientation RR
[M::mem_process_seqs] Processed 1815328 reads in 2027.360 CPU sec, 87.139 real sec
[M::process] read 1855776 sequences (240000225 bp)...
[M::mem_pestat] # candidate unique pairs for (FF, FR, RF, RR): (75, 583265, 88, 70)
[M::mem_pestat] analyzing insert size distribution for orientation FF...
[M::mem_pestat] (25, 50, 75) percentile: (69, 99, 141)
[M::mem_pestat] low and high boundaries for computing mean and std.dev: (1, 285)
[M::mem_pestat] mean and std.dev: (96.97, 47.09)
[M::mem_pestat] low and high boundaries for proper pairs: (1, 357)
[M::mem_pestat] analyzing insert size distribution for orientation FR...
[M::mem_pestat] (25, 50, 75) percentile: (114, 140, 167)
[M::mem_pestat] low and high boundaries for computing mean and std.dev: (8, 273)
[M::mem_pestat] mean and std.dev: (142.25, 38.13)
[M::mem_pestat] low and high boundaries for proper pairs: (1, 326)
[M::mem_pestat] analyzing insert size distribution for orientation RF...
[M::mem_pestat] (25, 50, 75) percentile: (60, 155, 385)
[M::mem_pestat] low and high boundaries for computing mean and std.dev: (1, 1035)
[M::mem_pestat] mean and std.dev: (176.65, 178.96)
[M::mem_pestat] low and high boundaries for proper pairs: (1, 1360)
[M::mem_pestat] analyzing insert size distribution for orientation RR...
[M::mem_pestat] (25, 50, 75) percentile: (64, 91, 136)
[M::mem_pestat] low and high boundaries for computing mean and std.dev: (1, 280)
[M::mem_pestat] mean and std.dev: (95.00, 49.17)
[M::mem_pestat] low and high boundaries for proper pairs: (1, 352)
[M::mem_pestat] skip orientation FF
[M::mem_pestat] skip orientation RF
[M::mem_pestat] skip orientation RR
[M::mem_process_seqs] Processed 1828290 reads in 2414.092 CPU sec, 103.300 real sec
[M::process] read 1820718 sequences (240000170 bp)...
[M::mem_pestat] # candidate unique pairs for (FF, FR, RF, RR): (109, 584479, 101, 83)
[M::mem_pestat] analyzing insert size distribution for orientation FF...
[M::mem_pestat] (25, 50, 75) percentile: (69, 94, 136)
[M::mem_pestat] low and high boundaries for computing mean and std.dev: (1, 270)
[M::mem_pestat] mean and std.dev: (93.14, 40.14)
[M::mem_pestat] low and high boundaries for proper pairs: (1, 337)
[M::mem_pestat] analyzing insert size distribution for orientation FR...
[M::mem_pestat] (25, 50, 75) percentile: (115, 141, 168)
[M::mem_pestat] low and high boundaries for computing mean and std.dev: (9, 274)
[M::mem_pestat] mean and std.dev: (143.19, 38.34)
[M::mem_pestat] low and high boundaries for proper pairs: (1, 327)
[M::mem_pestat] analyzing insert size distribution for orientation RF...
[M::mem_pestat] (25, 50, 75) percentile: (68, 118, 292)
[M::mem_pestat] low and high boundaries for computing mean and std.dev: (1, 740)
[M::mem_pestat] mean and std.dev: (162.89, 156.16)
[M::mem_pestat] low and high boundaries for proper pairs: (1, 964)
[M::mem_pestat] analyzing insert size distribution for orientation RR...
[M::mem_pestat] (25, 50, 75) percentile: (61, 89, 128)
[M::mem_pestat] low and high boundaries for computing mean and std.dev: (1, 262)
[M::mem_pestat] mean and std.dev: (89.88, 44.42)
[M::mem_pestat] low and high boundaries for proper pairs: (1, 329)
[M::mem_pestat] skip orientation FF
[M::mem_pestat] skip orientation RF
[M::mem_pestat] skip orientation RR
[M::mem_process_seqs] Processed 1855776 reads in 2738.818 CPU sec, 117.100 real sec
[M::process] read 1813584 sequences (240000129 bp)...
[M::mem_pestat] # candidate unique pairs for (FF, FR, RF, RR): (55, 582319, 59, 90)
[M::mem_pestat] analyzing insert size distribution for orientation FF...
[M::mem_pestat] (25, 50, 75) percentile: (58, 85, 154)
[M::mem_pestat] low and high boundaries for computing mean and std.dev: (1, 346)
[M::mem_pestat] mean and std.dev: (85.74, 43.34)
[M::mem_pestat] low and high boundaries for proper pairs: (1, 442)
[M::mem_pestat] analyzing insert size distribution for orientation FR...
[M::mem_pestat] (25, 50, 75) percentile: (115, 141, 168)
[M::mem_pestat] low and high boundaries for computing mean and std.dev: (9, 274)
[M::mem_pestat] mean and std.dev: (143.25, 38.18)
[M::mem_pestat] low and high boundaries for proper pairs: (1, 327)
[M::mem_pestat] analyzing insert size distribution for orientation RF...
[M::mem_pestat] (25, 50, 75) percentile: (34, 142, 319)
[M::mem_pestat] low and high boundaries for computing mean and std.dev: (1, 889)
[M::mem_pestat] mean and std.dev: (183.37, 201.32)
[M::mem_pestat] low and high boundaries for proper pairs: (1, 1174)
[M::mem_pestat] analyzing insert size distribution for orientation RR...
[M::mem_pestat] (25, 50, 75) percentile: (60, 85, 127)
[M::mem_pestat] low and high boundaries for computing mean and std.dev: (1, 261)
[M::mem_pestat] mean and std.dev: (88.87, 45.05)
[M::mem_pestat] low and high boundaries for proper pairs: (1, 328)
[M::mem_pestat] skip orientation FF
[M::mem_pestat] skip orientation RF
[M::mem_pestat] skip orientation RR
[M::mem_process_seqs] Processed 1820718 reads in 2387.216 CPU sec, 102.673 real sec
[M::process] read 1817016 sequences (240000077 bp)...
[M::mem_pestat] # candidate unique pairs for (FF, FR, RF, RR): (49, 582614, 65, 72)
[M::mem_pestat] analyzing insert size distribution for orientation FF...
[M::mem_pestat] (25, 50, 75) percentile: (80, 103, 158)
[M::mem_pestat] low and high boundaries for computing mean and std.dev: (1, 314)
[M::mem_pestat] mean and std.dev: (102.64, 36.74)
[M::mem_pestat] low and high boundaries for proper pairs: (1, 392)
[M::mem_pestat] analyzing insert size distribution for orientation FR...
[M::mem_pestat] (25, 50, 75) percentile: (115, 141, 168)
[M::mem_pestat] low and high boundaries for computing mean and std.dev: (9, 274)
[M::mem_pestat] mean and std.dev: (143.41, 38.09)
[M::mem_pestat] low and high boundaries for proper pairs: (1, 327)
[M::mem_pestat] analyzing insert size distribution for orientation RF...
[M::mem_pestat] (25, 50, 75) percentile: (63, 132, 351)
[M::mem_pestat] low and high boundaries for computing mean and std.dev: (1, 927)
[M::mem_pestat] mean and std.dev: (153.59, 137.62)
[M::mem_pestat] low and high boundaries for proper pairs: (1, 1215)
[M::mem_pestat] analyzing insert size distribution for orientation RR...
[M::mem_pestat] (25, 50, 75) percentile: (54, 79, 123)
[M::mem_pestat] low and high boundaries for computing mean and std.dev: (1, 261)
[M::mem_pestat] mean and std.dev: (83.05, 41.29)
[M::mem_pestat] low and high boundaries for proper pairs: (1, 330)
[M::mem_pestat] skip orientation FF
[M::mem_pestat] skip orientation RF
[M::mem_pestat] skip orientation RR
[M::mem_process_seqs] Processed 1813584 reads in 2199.258 CPU sec, 94.534 real sec
[M::process] read 1814094 sequences (240000200 bp)...
[M::mem_pestat] # candidate unique pairs for (FF, FR, RF, RR): (61, 583257, 66, 74)
[M::mem_pestat] analyzing insert size distribution for orientation FF...
[M::mem_pestat] (25, 50, 75) percentile: (70, 93, 203)
[M::mem_pestat] low and high boundaries for computing mean and std.dev: (1, 469)
[M::mem_pestat] mean and std.dev: (118.78, 83.25)
[M::mem_pestat] low and high boundaries for proper pairs: (1, 602)
[M::mem_pestat] analyzing insert size distribution for orientation FR...
[M::mem_pestat] (25, 50, 75) percentile: (115, 141, 169)
[M::mem_pestat] low and high boundaries for computing mean and std.dev: (7, 277)
[M::mem_pestat] mean and std.dev: (143.31, 38.43)
[M::mem_pestat] low and high boundaries for proper pairs: (1, 331)
[M::mem_pestat] analyzing insert size distribution for orientation RF...
[M::mem_pestat] (25, 50, 75) percentile: (35, 143, 253)
[M::mem_pestat] low and high boundaries for computing mean and std.dev: (1, 689)
[M::mem_pestat] mean and std.dev: (134.63, 119.25)
[M::mem_pestat] low and high boundaries for proper pairs: (1, 907)
[M::mem_pestat] analyzing insert size distribution for orientation RR...
[M::mem_pestat] (25, 50, 75) percentile: (60, 87, 117)
[M::mem_pestat] low and high boundaries for computing mean and std.dev: (1, 231)
[M::mem_pestat] mean and std.dev: (87.36, 39.18)
[M::mem_pestat] low and high boundaries for proper pairs: (1, 288)
[M::mem_pestat] skip orientation FF
[M::mem_pestat] skip orientation RF
[M::mem_pestat] skip orientation RR
[M::mem_process_seqs] Processed 1817016 reads in 2261.789 CPU sec, 97.080 real sec
[M::process] read 1810960 sequences (240000028 bp)...
[M::mem_pestat] # candidate unique pairs for (FF, FR, RF, RR): (57, 583931, 56, 57)
[M::mem_pestat] analyzing insert size distribution for orientation FF...
[M::mem_pestat] (25, 50, 75) percentile: (79, 92, 127)
[M::mem_pestat] low and high boundaries for computing mean and std.dev: (1, 223)
[M::mem_pestat] mean and std.dev: (90.21, 27.12)
[M::mem_pestat] low and high boundaries for proper pairs: (1, 271)
[M::mem_pestat] analyzing insert size distribution for orientation FR...
[M::mem_pestat] (25, 50, 75) percentile: (115, 140, 168)
[M::mem_pestat] low and high boundaries for computing mean and std.dev: (9, 274)
[M::mem_pestat] mean and std.dev: (143.00, 38.27)
[M::mem_pestat] low and high boundaries for proper pairs: (1, 327)
[M::mem_pestat] analyzing insert size distribution for orientation RF...
[M::mem_pestat] (25, 50, 75) percentile: (37, 125, 430)
[M::mem_pestat] low and high boundaries for computing mean and std.dev: (1, 1216)
[M::mem_pestat] mean and std.dev: (158.07, 188.02)
[M::mem_pestat] low and high boundaries for proper pairs: (1, 1609)
[M::mem_pestat] analyzing insert size distribution for orientation RR...
[M::mem_pestat] (25, 50, 75) percentile: (64, 85, 141)
[M::mem_pestat] low and high boundaries for computing mean and std.dev: (1, 295)
[M::mem_pestat] mean and std.dev: (87.48, 47.24)
[M::mem_pestat] low and high boundaries for proper pairs: (1, 372)
[M::mem_pestat] skip orientation FF
[M::mem_pestat] skip orientation RF
[M::mem_pestat] skip orientation RR
[M::mem_process_seqs] Processed 1814094 reads in 2085.469 CPU sec, 89.661 real sec
[M::process] read 1811744 sequences (240000051 bp)...
[M::mem_pestat] # candidate unique pairs for (FF, FR, RF, RR): (51, 583012, 65, 80)
[M::mem_pestat] analyzing insert size distribution for orientation FF...
[M::mem_pestat] (25, 50, 75) percentile: (76, 100, 129)
[M::mem_pestat] low and high boundaries for computing mean and std.dev: (1, 235)
[M::mem_pestat] mean and std.dev: (91.19, 35.55)
[M::mem_pestat] low and high boundaries for proper pairs: (1, 288)
[M::mem_pestat] analyzing insert size distribution for orientation FR...
[M::mem_pestat] (25, 50, 75) percentile: (115, 141, 169)
[M::mem_pestat] low and high boundaries for computing mean and std.dev: (7, 277)
[M::mem_pestat] mean and std.dev: (143.42, 38.23)
[M::mem_pestat] low and high boundaries for proper pairs: (1, 331)
[M::mem_pestat] analyzing insert size distribution for orientation RF...
[M::mem_pestat] (25, 50, 75) percentile: (41, 82, 272)
[M::mem_pestat] low and high boundaries for computing mean and std.dev: (1, 734)
[M::mem_pestat] mean and std.dev: (121.37, 125.90)
[M::mem_pestat] low and high boundaries for proper pairs: (1, 965)
[M::mem_pestat] analyzing insert size distribution for orientation RR...
[M::mem_pestat] (25, 50, 75) percentile: (66, 92, 154)
[M::mem_pestat] low and high boundaries for computing mean and std.dev: (1, 330)
[M::mem_pestat] mean and std.dev: (95.69, 46.51)
[M::mem_pestat] low and high boundaries for proper pairs: (1, 418)
[M::mem_pestat] skip orientation FF
[M::mem_pestat] skip orientation RF
[M::mem_pestat] skip orientation RR
[M::mem_process_seqs] Processed 1810960 reads in 2084.502 CPU sec, 89.573 real sec
[M::process] read 1817318 sequences (240000056 bp)...
[M::mem_pestat] # candidate unique pairs for (FF, FR, RF, RR): (65, 583606, 68, 61)
[M::mem_pestat] analyzing insert size distribution for orientation FF...
[M::mem_pestat] (25, 50, 75) percentile: (69, 83, 132)
[M::mem_pestat] low and high boundaries for computing mean and std.dev: (1, 258)
[M::mem_pestat] mean and std.dev: (86.91, 39.38)
[M::mem_pestat] low and high boundaries for proper pairs: (1, 321)
[M::mem_pestat] analyzing insert size distribution for orientation FR...
[M::mem_pestat] (25, 50, 75) percentile: (115, 141, 168)
[M::mem_pestat] low and high boundaries for computing mean and std.dev: (9, 274)
[M::mem_pestat] mean and std.dev: (143.25, 38.14)
[M::mem_pestat] low and high boundaries for proper pairs: (1, 327)
[M::mem_pestat] analyzing insert size distribution for orientation RF...
[M::mem_pestat] (25, 50, 75) percentile: (49, 150, 376)
[M::mem_pestat] low and high boundaries for computing mean and std.dev: (1, 1030)
[M::mem_pestat] mean and std.dev: (146.27, 154.57)
[M::mem_pestat] low and high boundaries for proper pairs: (1, 1357)
[M::mem_pestat] analyzing insert size distribution for orientation RR...
[M::mem_pestat] (25, 50, 75) percentile: (62, 82, 137)
[M::mem_pestat] low and high boundaries for computing mean and std.dev: (1, 287)
[M::mem_pestat] mean and std.dev: (94.77, 51.01)
[M::mem_pestat] low and high boundaries for proper pairs: (1, 362)
[M::mem_pestat] skip orientation FF
[M::mem_pestat] skip orientation RF
[M::mem_pestat] skip orientation RR
[M::mem_process_seqs] Processed 1811744 reads in 2053.752 CPU sec, 88.341 real sec
[M::process] read 1813658 sequences (240000272 bp)...
[M::mem_pestat] # candidate unique pairs for (FF, FR, RF, RR): (45, 583965, 57, 63)
[M::mem_pestat] analyzing insert size distribution for orientation FF...
[M::mem_pestat] (25, 50, 75) percentile: (71, 94, 128)
[M::mem_pestat] low and high boundaries for computing mean and std.dev: (1, 242)
[M::mem_pestat] mean and std.dev: (90.00, 36.91)
[M::mem_pestat] low and high boundaries for proper pairs: (1, 299)
[M::mem_pestat] analyzing insert size distribution for orientation FR...
[M::mem_pestat] (25, 50, 75) percentile: (115, 140, 168)
[M::mem_pestat] low and high boundaries for computing mean and std.dev: (9, 274)
[M::mem_pestat] mean and std.dev: (143.01, 38.31)
[M::mem_pestat] low and high boundaries for proper pairs: (1, 327)
[M::mem_pestat] analyzing insert size distribution for orientation RF...
[M::mem_pestat] (25, 50, 75) percentile: (60, 189, 566)
[M::mem_pestat] low and high boundaries for computing mean and std.dev: (1, 1578)
[M::mem_pestat] mean and std.dev: (261.14, 311.06)
[M::mem_pestat] low and high boundaries for proper pairs: (1, 2084)
[M::mem_pestat] analyzing insert size distribution for orientation RR...
[M::mem_pestat] (25, 50, 75) percentile: (63, 81, 106)
[M::mem_pestat] low and high boundaries for computing mean and std.dev: (1, 192)
[M::mem_pestat] mean and std.dev: (80.11, 25.93)
[M::mem_pestat] low and high boundaries for proper pairs: (1, 235)
[M::mem_pestat] skip orientation FF
[M::mem_pestat] skip orientation RF
[M::mem_pestat] skip orientation RR
[M::mem_process_seqs] Processed 1817318 reads in 2106.295 CPU sec, 90.126 real sec
[M::process] read 1810582 sequences (240000262 bp)...
[M::mem_pestat] # candidate unique pairs for (FF, FR, RF, RR): (60, 582244, 58, 67)
[M::mem_pestat] analyzing insert size distribution for orientation FF...
[M::mem_pestat] (25, 50, 75) percentile: (70, 88, 121)
[M::mem_pestat] low and high boundaries for computing mean and std.dev: (1, 223)
[M::mem_pestat] mean and std.dev: (86.76, 30.05)
[M::mem_pestat] low and high boundaries for proper pairs: (1, 274)
[M::mem_pestat] analyzing insert size distribution for orientation FR...
[M::mem_pestat] (25, 50, 75) percentile: (114, 140, 168)
[M::mem_pestat] low and high boundaries for computing mean and std.dev: (6, 276)
[M::mem_pestat] mean and std.dev: (142.71, 38.25)
[M::mem_pestat] low and high boundaries for proper pairs: (1, 330)
[M::mem_pestat] analyzing insert size distribution for orientation RF...
[M::mem_pestat] (25, 50, 75) percentile: (46, 196, 620)
[M::mem_pestat] low and high boundaries for computing mean and std.dev: (1, 1768)
[M::mem_pestat] mean and std.dev: (218.12, 282.64)
[M::mem_pestat] low and high boundaries for proper pairs: (1, 2342)
[M::mem_pestat] analyzing insert size distribution for orientation RR...
[M::mem_pestat] (25, 50, 75) percentile: (72, 91, 117)
[M::mem_pestat] low and high boundaries for computing mean and std.dev: (1, 207)
[M::mem_pestat] mean and std.dev: (90.70, 32.28)
[M::mem_pestat] low and high boundaries for proper pairs: (1, 252)
[M::mem_pestat] skip orientation FF
[M::mem_pestat] skip orientation RF
[M::mem_pestat] skip orientation RR
[M::mem_process_seqs] Processed 1813658 reads in 2087.278 CPU sec, 89.846 real sec
[M::process] read 1816070 sequences (240000107 bp)...
[M::mem_pestat] # candidate unique pairs for (FF, FR, RF, RR): (67, 583163, 51, 60)
[M::mem_pestat] analyzing insert size distribution for orientation FF...
[M::mem_pestat] (25, 50, 75) percentile: (78, 99, 140)
[M::mem_pestat] low and high boundaries for computing mean and std.dev: (1, 264)
[M::mem_pestat] mean and std.dev: (99.29, 43.39)
[M::mem_pestat] low and high boundaries for proper pairs: (1, 326)
[M::mem_pestat] analyzing insert size distribution for orientation FR...
[M::mem_pestat] (25, 50, 75) percentile: (115, 140, 168)
[M::mem_pestat] low and high boundaries for computing mean and std.dev: (9, 274)
[M::mem_pestat] mean and std.dev: (143.05, 38.08)
[M::mem_pestat] low and high boundaries for proper pairs: (1, 327)
[M::mem_pestat] analyzing insert size distribution for orientation RF...
[M::mem_pestat] (25, 50, 75) percentile: (79, 146, 345)
[M::mem_pestat] low and high boundaries for computing mean and std.dev: (1, 877)
[M::mem_pestat] mean and std.dev: (196.98, 170.76)
[M::mem_pestat] low and high boundaries for proper pairs: (1, 1143)
[M::mem_pestat] analyzing insert size distribution for orientation RR...
[M::mem_pestat] (25, 50, 75) percentile: (74, 99, 123)
[M::mem_pestat] low and high boundaries for computing mean and std.dev: (1, 221)
[M::mem_pestat] mean and std.dev: (95.09, 34.45)
[M::mem_pestat] low and high boundaries for proper pairs: (1, 270)
[M::mem_pestat] skip orientation FF
[M::mem_pestat] skip orientation RF
[M::mem_pestat] skip orientation RR
[M::mem_process_seqs] Processed 1810582 reads in 2056.405 CPU sec, 88.343 real sec
[M::process] read 1815834 sequences (240000141 bp)...
[M::mem_pestat] # candidate unique pairs for (FF, FR, RF, RR): (70, 582898, 49, 67)
[M::mem_pestat] analyzing insert size distribution for orientation FF...
[M::mem_pestat] (25, 50, 75) percentile: (68, 91, 129)
[M::mem_pestat] low and high boundaries for computing mean and std.dev: (1, 251)
[M::mem_pestat] mean and std.dev: (86.72, 40.46)
[M::mem_pestat] low and high boundaries for proper pairs: (1, 312)
[M::mem_pestat] analyzing insert size distribution for orientation FR...
[M::mem_pestat] (25, 50, 75) percentile: (115, 141, 168)
[M::mem_pestat] low and high boundaries for computing mean and std.dev: (9, 274)
[M::mem_pestat] mean and std.dev: (143.19, 38.30)
[M::mem_pestat] low and high boundaries for proper pairs: (1, 327)
[M::mem_pestat] analyzing insert size distribution for orientation RF...
[M::mem_pestat] (25, 50, 75) percentile: (43, 163, 478)
[M::mem_pestat] low and high boundaries for computing mean and std.dev: (1, 1348)
[M::mem_pestat] mean and std.dev: (241.55, 313.97)
[M::mem_pestat] low and high boundaries for proper pairs: (1, 1783)
[M::mem_pestat] analyzing insert size distribution for orientation RR...
[M::mem_pestat] (25, 50, 75) percentile: (71, 98, 158)
[M::mem_pestat] low and high boundaries for computing mean and std.dev: (1, 332)
[M::mem_pestat] mean and std.dev: (103.62, 53.05)
[M::mem_pestat] low and high boundaries for proper pairs: (1, 419)
[M::mem_pestat] skip orientation FF
[M::mem_pestat] skip orientation RF
[M::mem_pestat] skip orientation RR
[M::mem_process_seqs] Processed 1816070 reads in 2154.124 CPU sec, 92.502 real sec
[M::process] read 1811748 sequences (240000288 bp)...
[M::mem_pestat] # candidate unique pairs for (FF, FR, RF, RR): (55, 584417, 69, 72)
[M::mem_pestat] analyzing insert size distribution for orientation FF...
[M::mem_pestat] (25, 50, 75) percentile: (68, 83, 137)
[M::mem_pestat] low and high boundaries for computing mean and std.dev: (1, 275)
[M::mem_pestat] mean and std.dev: (100.17, 53.97)
[M::mem_pestat] low and high boundaries for proper pairs: (1, 344)
[M::mem_pestat] analyzing insert size distribution for orientation FR...
[M::mem_pestat] (25, 50, 75) percentile: (115, 141, 168)
[M::mem_pestat] low and high boundaries for computing mean and std.dev: (9, 274)
[M::mem_pestat] mean and std.dev: (143.19, 38.42)
[M::mem_pestat] low and high boundaries for proper pairs: (1, 327)
[M::mem_pestat] analyzing insert size distribution for orientation RF...
[M::mem_pestat] (25, 50, 75) percentile: (54, 117, 405)
[M::mem_pestat] low and high boundaries for computing mean and std.dev: (1, 1107)
[M::mem_pestat] mean and std.dev: (149.88, 138.72)
[M::mem_pestat] low and high boundaries for proper pairs: (1, 1458)
[M::mem_pestat] analyzing insert size distribution for orientation RR...
[M::mem_pestat] (25, 50, 75) percentile: (63, 90, 122)
[M::mem_pestat] low and high boundaries for computing mean and std.dev: (1, 240)
[M::mem_pestat] mean and std.dev: (86.09, 35.32)
[M::mem_pestat] low and high boundaries for proper pairs: (1, 299)
[M::mem_pestat] skip orientation FF
[M::mem_pestat] skip orientation RF
[M::mem_pestat] skip orientation RR
[M::mem_process_seqs] Processed 1815834 reads in 2060.285 CPU sec, 88.529 real sec
[M::process] read 1810910 sequences (240000289 bp)...
[M::mem_pestat] # candidate unique pairs for (FF, FR, RF, RR): (62, 582646, 51, 68)
[M::mem_pestat] analyzing insert size distribution for orientation FF...
[M::mem_pestat] (25, 50, 75) percentile: (63, 86, 125)
[M::mem_pestat] low and high boundaries for computing mean and std.dev: (1, 249)
[M::mem_pestat] mean and std.dev: (89.98, 42.51)
[M::mem_pestat] low and high boundaries for proper pairs: (1, 311)
[M::mem_pestat] analyzing insert size distribution for orientation FR...
[M::mem_pestat] (25, 50, 75) percentile: (115, 140, 168)
[M::mem_pestat] low and high boundaries for computing mean and std.dev: (9, 274)
[M::mem_pestat] mean and std.dev: (142.95, 38.30)
[M::mem_pestat] low and high boundaries for proper pairs: (1, 327)
[M::mem_pestat] analyzing insert size distribution for orientation RF...
[M::mem_pestat] (25, 50, 75) percentile: (56, 95, 250)
[M::mem_pestat] low and high boundaries for computing mean and std.dev: (1, 638)
[M::mem_pestat] mean and std.dev: (123.89, 114.99)
[M::mem_pestat] low and high boundaries for proper pairs: (1, 832)
[M::mem_pestat] analyzing insert size distribution for orientation RR...
[M::mem_pestat] (25, 50, 75) percentile: (62, 79, 127)
[M::mem_pestat] low and high boundaries for computing mean and std.dev: (1, 257)
[M::mem_pestat] mean and std.dev: (83.76, 33.25)
[M::mem_pestat] low and high boundaries for proper pairs: (1, 322)
[M::mem_pestat] skip orientation FF
[M::mem_pestat] skip orientation RF
[M::mem_pestat] skip orientation RR
[M::mem_process_seqs] Processed 1811748 reads in 2085.322 CPU sec, 89.603 real sec
[M::process] read 1814588 sequences (240000039 bp)...
[M::mem_pestat] # candidate unique pairs for (FF, FR, RF, RR): (68, 583083, 58, 72)
[M::mem_pestat] analyzing insert size distribution for orientation FF...
[M::mem_pestat] (25, 50, 75) percentile: (76, 96, 180)
[M::mem_pestat] low and high boundaries for computing mean and std.dev: (1, 388)
[M::mem_pestat] mean and std.dev: (103.49, 58.93)
[M::mem_pestat] low and high boundaries for proper pairs: (1, 492)
[M::mem_pestat] analyzing insert size distribution for orientation FR...
[M::mem_pestat] (25, 50, 75) percentile: (115, 141, 168)
[M::mem_pestat] low and high boundaries for computing mean and std.dev: (9, 274)
[M::mem_pestat] mean and std.dev: (143.26, 38.17)
[M::mem_pestat] low and high boundaries for proper pairs: (1, 327)
[M::mem_pestat] analyzing insert size distribution for orientation RF...
[M::mem_pestat] (25, 50, 75) percentile: (50, 124, 344)
[M::mem_pestat] low and high boundaries for computing mean and std.dev: (1, 932)
[M::mem_pestat] mean and std.dev: (162.16, 170.96)
[M::mem_pestat] low and high boundaries for proper pairs: (1, 1226)
[M::mem_pestat] analyzing insert size distribution for orientation RR...
[M::mem_pestat] (25, 50, 75) percentile: (64, 83, 127)
[M::mem_pestat] low and high boundaries for computing mean and std.dev: (1, 253)
[M::mem_pestat] mean and std.dev: (84.13, 30.32)
[M::mem_pestat] low and high boundaries for proper pairs: (1, 316)
[M::mem_pestat] skip orientation FF
[M::mem_pestat] skip orientation RF
[M::mem_pestat] skip orientation RR
[M::mem_process_seqs] Processed 1810910 reads in 2120.301 CPU sec, 91.088 real sec
[M::process] read 1816162 sequences (240000208 bp)...
[M::mem_pestat] # candidate unique pairs for (FF, FR, RF, RR): (67, 583461, 61, 69)
[M::mem_pestat] analyzing insert size distribution for orientation FF...
[M::mem_pestat] (25, 50, 75) percentile: (73, 97, 133)
[M::mem_pestat] low and high boundaries for computing mean and std.dev: (1, 253)
[M::mem_pestat] mean and std.dev: (101.05, 46.10)
[M::mem_pestat] low and high boundaries for proper pairs: (1, 313)
[M::mem_pestat] analyzing insert size distribution for orientation FR...
[M::mem_pestat] (25, 50, 75) percentile: (115, 141, 169)
[M::mem_pestat] low and high boundaries for computing mean and std.dev: (7, 277)
[M::mem_pestat] mean and std.dev: (143.33, 38.48)
[M::mem_pestat] low and high boundaries for proper pairs: (1, 331)
[M::mem_pestat] analyzing insert size distribution for orientation RF...
[M::mem_pestat] (25, 50, 75) percentile: (61, 166, 369)
[M::mem_pestat] low and high boundaries for computing mean and std.dev: (1, 985)
[M::mem_pestat] mean and std.dev: (173.85, 168.42)
[M::mem_pestat] low and high boundaries for proper pairs: (1, 1293)
[M::mem_pestat] analyzing insert size distribution for orientation RR...
[M::mem_pestat] (25, 50, 75) percentile: (64, 90, 135)
[M::mem_pestat] low and high boundaries for computing mean and std.dev: (1, 277)
[M::mem_pestat] mean and std.dev: (87.67, 42.40)
[M::mem_pestat] low and high boundaries for proper pairs: (1, 348)
[M::mem_pestat] skip orientation FF
[M::mem_pestat] skip orientation RF
[M::mem_pestat] skip orientation RR
[M::mem_process_seqs] Processed 1814588 reads in 2103.121 CPU sec, 90.351 real sec
[M::process] read 1810568 sequences (240000074 bp)...
[M::mem_pestat] # candidate unique pairs for (FF, FR, RF, RR): (62, 583985, 68, 58)
[M::mem_pestat] analyzing insert size distribution for orientation FF...
[M::mem_pestat] (25, 50, 75) percentile: (74, 95, 123)
[M::mem_pestat] low and high boundaries for computing mean and std.dev: (1, 221)
[M::mem_pestat] mean and std.dev: (92.72, 31.08)
[M::mem_pestat] low and high boundaries for proper pairs: (1, 270)
[M::mem_pestat] analyzing insert size distribution for orientation FR...
[M::mem_pestat] (25, 50, 75) percentile: (115, 141, 169)
[M::mem_pestat] low and high boundaries for computing mean and std.dev: (7, 277)
[M::mem_pestat] mean and std.dev: (143.40, 38.42)
[M::mem_pestat] low and high boundaries for proper pairs: (1, 331)
[M::mem_pestat] analyzing insert size distribution for orientation RF...
[M::mem_pestat] (25, 50, 75) percentile: (51, 111, 334)
[M::mem_pestat] low and high boundaries for computing mean and std.dev: (1, 900)
[M::mem_pestat] mean and std.dev: (181.75, 222.57)
[M::mem_pestat] low and high boundaries for proper pairs: (1, 1183)
[M::mem_pestat] analyzing insert size distribution for orientation RR...
[M::mem_pestat] (25, 50, 75) percentile: (63, 98, 148)
[M::mem_pestat] low and high boundaries for computing mean and std.dev: (1, 318)
[M::mem_pestat] mean and std.dev: (106.79, 60.41)
[M::mem_pestat] low and high boundaries for proper pairs: (1, 403)
[M::mem_pestat] skip orientation FF
[M::mem_pestat] skip orientation RF
[M::mem_pestat] skip orientation RR
[M::mem_process_seqs] Processed 1816162 reads in 2145.782 CPU sec, 92.154 real sec
[M::process] read 1813830 sequences (240000164 bp)...
[M::mem_pestat] # candidate unique pairs for (FF, FR, RF, RR): (62, 582721, 46, 61)
[M::mem_pestat] analyzing insert size distribution for orientation FF...
[M::mem_pestat] (25, 50, 75) percentile: (69, 89, 133)
[M::mem_pestat] low and high boundaries for computing mean and std.dev: (1, 261)
[M::mem_pestat] mean and std.dev: (96.79, 45.61)
[M::mem_pestat] low and high boundaries for proper pairs: (1, 325)
[M::mem_pestat] analyzing insert size distribution for orientation FR...
[M::mem_pestat] (25, 50, 75) percentile: (115, 140, 168)
[M::mem_pestat] low and high boundaries for computing mean and std.dev: (9, 274)
[M::mem_pestat] mean and std.dev: (143.05, 38.18)
[M::mem_pestat] low and high boundaries for proper pairs: (1, 327)
[M::mem_pestat] analyzing insert size distribution for orientation RF...
[M::mem_pestat] (25, 50, 75) percentile: (59, 119, 203)
[M::mem_pestat] low and high boundaries for computing mean and std.dev: (1, 491)
[M::mem_pestat] mean and std.dev: (135.88, 108.89)
[M::mem_pestat] low and high boundaries for proper pairs: (1, 635)
[M::mem_pestat] analyzing insert size distribution for orientation RR...
[M::mem_pestat] (25, 50, 75) percentile: (70, 102, 167)
[M::mem_pestat] low and high boundaries for computing mean and std.dev: (1, 361)
[M::mem_pestat] mean and std.dev: (111.38, 66.03)
[M::mem_pestat] low and high boundaries for proper pairs: (1, 458)
[M::mem_pestat] skip orientation FF
[M::mem_pestat] skip orientation RF
[M::mem_pestat] skip orientation RR
[M::mem_process_seqs] Processed 1810568 reads in 2065.853 CPU sec, 88.919 real sec
[M::process] read 1829774 sequences (240000236 bp)...
[M::mem_pestat] # candidate unique pairs for (FF, FR, RF, RR): (72, 581569, 53, 87)
[M::mem_pestat] analyzing insert size distribution for orientation FF...
[M::mem_pestat] (25, 50, 75) percentile: (82, 102, 143)
[M::mem_pestat] low and high boundaries for computing mean and std.dev: (1, 265)
[M::mem_pestat] mean and std.dev: (107.30, 47.87)
[M::mem_pestat] low and high boundaries for proper pairs: (1, 326)
[M::mem_pestat] analyzing insert size distribution for orientation FR...
[M::mem_pestat] (25, 50, 75) percentile: (115, 141, 168)
[M::mem_pestat] low and high boundaries for computing mean and std.dev: (9, 274)
[M::mem_pestat] mean and std.dev: (143.33, 38.10)
[M::mem_pestat] low and high boundaries for proper pairs: (1, 327)
[M::mem_pestat] analyzing insert size distribution for orientation RF...
[M::mem_pestat] (25, 50, 75) percentile: (71, 167, 379)
[M::mem_pestat] low and high boundaries for computing mean and std.dev: (1, 995)
[M::mem_pestat] mean and std.dev: (165.66, 136.26)
[M::mem_pestat] low and high boundaries for proper pairs: (1, 1303)
[M::mem_pestat] analyzing insert size distribution for orientation RR...
[M::mem_pestat] (25, 50, 75) percentile: (68, 95, 171)
[M::mem_pestat] low and high boundaries for computing mean and std.dev: (1, 377)
[M::mem_pestat] mean and std.dev: (109.13, 61.10)
[M::mem_pestat] low and high boundaries for proper pairs: (1, 480)
[M::mem_pestat] skip orientation FF
[M::mem_pestat] skip orientation RF
[M::mem_pestat] skip orientation RR
[M::mem_process_seqs] Processed 1813830 reads in 2311.982 CPU sec, 99.074 real sec
[M::process] read 1862482 sequences (240000127 bp)...
[M::mem_pestat] # candidate unique pairs for (FF, FR, RF, RR): (75, 583018, 61, 90)
[M::mem_pestat] analyzing insert size distribution for orientation FF...
[M::mem_pestat] (25, 50, 75) percentile: (72, 93, 134)
[M::mem_pestat] low and high boundaries for computing mean and std.dev: (1, 258)
[M::mem_pestat] mean and std.dev: (93.14, 39.51)
[M::mem_pestat] low and high boundaries for proper pairs: (1, 320)
[M::mem_pestat] analyzing insert size distribution for orientation FR...
[M::mem_pestat] (25, 50, 75) percentile: (115, 141, 169)
[M::mem_pestat] low and high boundaries for computing mean and std.dev: (7, 277)
[M::mem_pestat] mean and std.dev: (143.37, 38.69)
[M::mem_pestat] low and high boundaries for proper pairs: (1, 331)
[M::mem_pestat] analyzing insert size distribution for orientation RF...
[M::mem_pestat] (25, 50, 75) percentile: (57, 136, 344)
[M::mem_pestat] low and high boundaries for computing mean and std.dev: (1, 918)
[M::mem_pestat] mean and std.dev: (179.13, 183.72)
[M::mem_pestat] low and high boundaries for proper pairs: (1, 1205)
[M::mem_pestat] analyzing insert size distribution for orientation RR...
[M::mem_pestat] (25, 50, 75) percentile: (69, 97, 148)
[M::mem_pestat] low and high boundaries for computing mean and std.dev: (1, 306)
[M::mem_pestat] mean and std.dev: (99.53, 50.15)
[M::mem_pestat] low and high boundaries for proper pairs: (1, 385)
[M::mem_pestat] skip orientation FF
[M::mem_pestat] skip orientation RF
[M::mem_pestat] skip orientation RR
[M::mem_process_seqs] Processed 1829774 reads in 2391.832 CPU sec, 102.084 real sec
[M::process] read 1813730 sequences (240000041 bp)...
[M::mem_pestat] # candidate unique pairs for (FF, FR, RF, RR): (64, 588481, 109, 94)
[M::mem_pestat] analyzing insert size distribution for orientation FF...
[M::mem_pestat] (25, 50, 75) percentile: (67, 92, 118)
[M::mem_pestat] low and high boundaries for computing mean and std.dev: (1, 220)
[M::mem_pestat] mean and std.dev: (90.44, 40.93)
[M::mem_pestat] low and high boundaries for proper pairs: (1, 271)
[M::mem_pestat] analyzing insert size distribution for orientation FR...
[M::mem_pestat] (25, 50, 75) percentile: (115, 141, 169)
[M::mem_pestat] low and high boundaries for computing mean and std.dev: (7, 277)
[M::mem_pestat] mean and std.dev: (143.33, 38.50)
[M::mem_pestat] low and high boundaries for proper pairs: (1, 331)
[M::mem_pestat] analyzing insert size distribution for orientation RF...
[M::mem_pestat] (25, 50, 75) percentile: (79, 188, 440)
[M::mem_pestat] low and high boundaries for computing mean and std.dev: (1, 1162)
[M::mem_pestat] mean and std.dev: (205.92, 180.24)
[M::mem_pestat] low and high boundaries for proper pairs: (1, 1523)
[M::mem_pestat] analyzing insert size distribution for orientation RR...
[M::mem_pestat] (25, 50, 75) percentile: (67, 88, 113)
[M::mem_pestat] low and high boundaries for computing mean and std.dev: (1, 205)
[M::mem_pestat] mean and std.dev: (90.36, 36.57)
[M::mem_pestat] low and high boundaries for proper pairs: (1, 251)
[M::mem_pestat] skip orientation FF
[M::mem_pestat] skip orientation RF
[M::mem_pestat] skip orientation RR
[M::mem_process_seqs] Processed 1862482 reads in 2440.839 CPU sec, 104.644 real sec
[M::process] read 1040196 sequences (138104684 bp)...
[M::mem_pestat] # candidate unique pairs for (FF, FR, RF, RR): (70, 581796, 66, 66)
[M::mem_pestat] analyzing insert size distribution for orientation FF...
[M::mem_pestat] (25, 50, 75) percentile: (66, 96, 124)
[M::mem_pestat] low and high boundaries for computing mean and std.dev: (1, 240)
[M::mem_pestat] mean and std.dev: (91.81, 35.42)
[M::mem_pestat] low and high boundaries for proper pairs: (1, 298)
[M::mem_pestat] analyzing insert size distribution for orientation FR...
[M::mem_pestat] (25, 50, 75) percentile: (115, 141, 168)
[M::mem_pestat] low and high boundaries for computing mean and std.dev: (9, 274)
[M::mem_pestat] mean and std.dev: (143.27, 38.10)
[M::mem_pestat] low and high boundaries for proper pairs: (1, 327)
[M::mem_pestat] analyzing insert size distribution for orientation RF...
[M::mem_pestat] (25, 50, 75) percentile: (74, 143, 342)
[M::mem_pestat] low and high boundaries for computing mean and std.dev: (1, 878)
[M::mem_pestat] mean and std.dev: (169.90, 144.66)
[M::mem_pestat] low and high boundaries for proper pairs: (1, 1146)
[M::mem_pestat] analyzing insert size distribution for orientation RR...
[M::mem_pestat] (25, 50, 75) percentile: (58, 79, 108)
[M::mem_pestat] low and high boundaries for computing mean and std.dev: (1, 208)
[M::mem_pestat] mean and std.dev: (76.50, 24.64)
[M::mem_pestat] low and high boundaries for proper pairs: (1, 258)
[M::mem_pestat] skip orientation FF
[M::mem_pestat] skip orientation RF
[M::mem_pestat] skip orientation RR
[M::mem_process_seqs] Processed 1813730 reads in 2328.278 CPU sec, 99.894 real sec
[M::mem_pestat] # candidate unique pairs for (FF, FR, RF, RR): (27, 335837, 21, 37)
[M::mem_pestat] analyzing insert size distribution for orientation FF...
[M::mem_pestat] (25, 50, 75) percentile: (78, 94, 117)
[M::mem_pestat] low and high boundaries for computing mean and std.dev: (1, 195)
[M::mem_pestat] mean and std.dev: (88.65, 25.53)
[M::mem_pestat] low and high boundaries for proper pairs: (1, 234)
[M::mem_pestat] analyzing insert size distribution for orientation FR...
[M::mem_pestat] (25, 50, 75) percentile: (115, 141, 168)
[M::mem_pestat] low and high boundaries for computing mean and std.dev: (9, 274)
[M::mem_pestat] mean and std.dev: (143.28, 38.05)
[M::mem_pestat] low and high boundaries for proper pairs: (1, 327)
[M::mem_pestat] analyzing insert size distribution for orientation RF...
[M::mem_pestat] (25, 50, 75) percentile: (29, 84, 266)
[M::mem_pestat] low and high boundaries for computing mean and std.dev: (1, 740)
[M::mem_pestat] mean and std.dev: (162.95, 184.21)
[M::mem_pestat] low and high boundaries for proper pairs: (1, 977)
[M::mem_pestat] analyzing insert size distribution for orientation RR...
[M::mem_pestat] (25, 50, 75) percentile: (64, 92, 126)
[M::mem_pestat] low and high boundaries for computing mean and std.dev: (1, 250)
[M::mem_pestat] mean and std.dev: (95.06, 47.13)
[M::mem_pestat] low and high boundaries for proper pairs: (1, 312)
[M::mem_pestat] skip orientation FF
[M::mem_pestat] skip orientation RF
[M::mem_pestat] skip orientation RR
[M::mem_process_seqs] Processed 1040196 reads in 1175.839 CPU sec, 51.397 real sec
[main] Version: 0.7.17-r1188
[main] CMD: bwa mem -M -t 24 /project/getpop/ref/GCA_022577455.1_rAriEle1.0.p_genomic.fna paired-FHSM7738_S34_L002_R1_001.fastq.gz paired-FHSM7738_S34_L002_R2_001.fastq.gz
[main] Real time: 4181.753 sec; CPU: 96555.934 sec
[bam_sort_core] merging from 41 files and 1 in-memory blocks...
