[M::bwa_idx_load_from_disk] read 0 ALT contigs
[M::process] read 1701754 sequences (240000269 bp)...
[M::process] read 1699986 sequences (240000117 bp)...
[M::mem_pestat] # candidate unique pairs for (FF, FR, RF, RR): (187, 458577, 56, 164)
[M::mem_pestat] analyzing insert size distribution for orientation FF...
[M::mem_pestat] (25, 50, 75) percentile: (89, 120, 190)
[M::mem_pestat] low and high boundaries for computing mean and std.dev: (1, 392)
[M::mem_pestat] mean and std.dev: (130.30, 63.58)
[M::mem_pestat] low and high boundaries for proper pairs: (1, 493)
[M::mem_pestat] analyzing insert size distribution for orientation FR...
[M::mem_pestat] (25, 50, 75) percentile: (139, 169, 201)
[M::mem_pestat] low and high boundaries for computing mean and std.dev: (15, 325)
[M::mem_pestat] mean and std.dev: (170.98, 46.59)
[M::mem_pestat] low and high boundaries for proper pairs: (1, 387)
[M::mem_pestat] analyzing insert size distribution for orientation RF...
[M::mem_pestat] (25, 50, 75) percentile: (57, 161, 301)
[M::mem_pestat] low and high boundaries for computing mean and std.dev: (1, 789)
[M::mem_pestat] mean and std.dev: (175.00, 165.76)
[M::mem_pestat] low and high boundaries for proper pairs: (1, 1033)
[M::mem_pestat] analyzing insert size distribution for orientation RR...
[M::mem_pestat] (25, 50, 75) percentile: (93, 125, 181)
[M::mem_pestat] low and high boundaries for computing mean and std.dev: (1, 357)
[M::mem_pestat] mean and std.dev: (132.83, 60.31)
[M::mem_pestat] low and high boundaries for proper pairs: (1, 445)
[M::mem_pestat] skip orientation FF
[M::mem_pestat] skip orientation RF
[M::mem_pestat] skip orientation RR
[M::mem_process_seqs] Processed 1701754 reads in 1748.336 CPU sec, 73.973 real sec
[M::process] read 1699110 sequences (240000025 bp)...
[M::mem_pestat] # candidate unique pairs for (FF, FR, RF, RR): (146, 458636, 46, 154)
[M::mem_pestat] analyzing insert size distribution for orientation FF...
[M::mem_pestat] (25, 50, 75) percentile: (93, 122, 183)
[M::mem_pestat] low and high boundaries for computing mean and std.dev: (1, 363)
[M::mem_pestat] mean and std.dev: (135.60, 61.54)
[M::mem_pestat] low and high boundaries for proper pairs: (1, 453)
[M::mem_pestat] analyzing insert size distribution for orientation FR...
[M::mem_pestat] (25, 50, 75) percentile: (139, 169, 202)
[M::mem_pestat] low and high boundaries for computing mean and std.dev: (13, 328)
[M::mem_pestat] mean and std.dev: (171.06, 46.60)
[M::mem_pestat] low and high boundaries for proper pairs: (1, 391)
[M::mem_pestat] analyzing insert size distribution for orientation RF...
[M::mem_pestat] (25, 50, 75) percentile: (44, 113, 208)
[M::mem_pestat] low and high boundaries for computing mean and std.dev: (1, 536)
[M::mem_pestat] mean and std.dev: (108.74, 99.84)
[M::mem_pestat] low and high boundaries for proper pairs: (1, 700)
[M::mem_pestat] analyzing insert size distribution for orientation RR...
[M::mem_pestat] (25, 50, 75) percentile: (90, 120, 169)
[M::mem_pestat] low and high boundaries for computing mean and std.dev: (1, 327)
[M::mem_pestat] mean and std.dev: (128.06, 53.90)
[M::mem_pestat] low and high boundaries for proper pairs: (1, 406)
[M::mem_pestat] skip orientation FF
[M::mem_pestat] skip orientation RF
[M::mem_pestat] skip orientation RR
[M::mem_process_seqs] Processed 1699986 reads in 1773.859 CPU sec, 76.058 real sec
[M::process] read 1695914 sequences (240000184 bp)...
[M::mem_pestat] # candidate unique pairs for (FF, FR, RF, RR): (174, 457440, 43, 189)
[M::mem_pestat] analyzing insert size distribution for orientation FF...
[M::mem_pestat] (25, 50, 75) percentile: (93, 118, 165)
[M::mem_pestat] low and high boundaries for computing mean and std.dev: (1, 309)
[M::mem_pestat] mean and std.dev: (122.25, 47.03)
[M::mem_pestat] low and high boundaries for proper pairs: (1, 381)
[M::mem_pestat] analyzing insert size distribution for orientation FR...
[M::mem_pestat] (25, 50, 75) percentile: (139, 169, 201)
[M::mem_pestat] low and high boundaries for computing mean and std.dev: (15, 325)
[M::mem_pestat] mean and std.dev: (170.87, 46.45)
[M::mem_pestat] low and high boundaries for proper pairs: (1, 387)
[M::mem_pestat] analyzing insert size distribution for orientation RF...
[M::mem_pestat] (25, 50, 75) percentile: (65, 222, 884)
[M::mem_pestat] low and high boundaries for computing mean and std.dev: (1, 2522)
[M::mem_pestat] mean and std.dev: (300.69, 384.88)
[M::mem_pestat] low and high boundaries for proper pairs: (1, 3341)
[M::mem_pestat] analyzing insert size distribution for orientation RR...
[M::mem_pestat] (25, 50, 75) percentile: (95, 117, 153)
[M::mem_pestat] low and high boundaries for computing mean and std.dev: (1, 269)
[M::mem_pestat] mean and std.dev: (118.95, 41.73)
[M::mem_pestat] low and high boundaries for proper pairs: (1, 327)
[M::mem_pestat] skip orientation FF
[M::mem_pestat] skip orientation RF
[M::mem_pestat] skip orientation RR
[M::mem_process_seqs] Processed 1699110 reads in 1782.558 CPU sec, 76.855 real sec
[M::process] read 1695702 sequences (240000002 bp)...
[M::mem_pestat] # candidate unique pairs for (FF, FR, RF, RR): (170, 456916, 52, 183)
[M::mem_pestat] analyzing insert size distribution for orientation FF...
[M::mem_pestat] (25, 50, 75) percentile: (97, 121, 165)
[M::mem_pestat] low and high boundaries for computing mean and std.dev: (1, 301)
[M::mem_pestat] mean and std.dev: (125.21, 44.91)
[M::mem_pestat] low and high boundaries for proper pairs: (1, 369)
[M::mem_pestat] analyzing insert size distribution for orientation FR...
[M::mem_pestat] (25, 50, 75) percentile: (140, 169, 202)
[M::mem_pestat] low and high boundaries for computing mean and std.dev: (16, 326)
[M::mem_pestat] mean and std.dev: (171.51, 46.42)
[M::mem_pestat] low and high boundaries for proper pairs: (1, 388)
[M::mem_pestat] analyzing insert size distribution for orientation RF...
[M::mem_pestat] (25, 50, 75) percentile: (73, 156, 328)
[M::mem_pestat] low and high boundaries for computing mean and std.dev: (1, 838)
[M::mem_pestat] mean and std.dev: (163.45, 148.75)
[M::mem_pestat] low and high boundaries for proper pairs: (1, 1093)
[M::mem_pestat] analyzing insert size distribution for orientation RR...
[M::mem_pestat] (25, 50, 75) percentile: (94, 120, 167)
[M::mem_pestat] low and high boundaries for computing mean and std.dev: (1, 313)
[M::mem_pestat] mean and std.dev: (124.11, 46.45)
[M::mem_pestat] low and high boundaries for proper pairs: (1, 386)
[M::mem_pestat] skip orientation FF
[M::mem_pestat] skip orientation RF
[M::mem_pestat] skip orientation RR
[M::mem_process_seqs] Processed 1695914 reads in 1789.674 CPU sec, 77.209 real sec
[M::process] read 1696856 sequences (240000170 bp)...
[M::mem_pestat] # candidate unique pairs for (FF, FR, RF, RR): (188, 456931, 49, 159)
[M::mem_pestat] analyzing insert size distribution for orientation FF...
[M::mem_pestat] (25, 50, 75) percentile: (90, 118, 163)
[M::mem_pestat] low and high boundaries for computing mean and std.dev: (1, 309)
[M::mem_pestat] mean and std.dev: (124.19, 48.19)
[M::mem_pestat] low and high boundaries for proper pairs: (1, 382)
[M::mem_pestat] analyzing insert size distribution for orientation FR...
[M::mem_pestat] (25, 50, 75) percentile: (140, 169, 202)
[M::mem_pestat] low and high boundaries for computing mean and std.dev: (16, 326)
[M::mem_pestat] mean and std.dev: (171.46, 46.38)
[M::mem_pestat] low and high boundaries for proper pairs: (1, 388)
[M::mem_pestat] analyzing insert size distribution for orientation RF...
[M::mem_pestat] (25, 50, 75) percentile: (53, 113, 583)
[M::mem_pestat] low and high boundaries for computing mean and std.dev: (1, 1643)
[M::mem_pestat] mean and std.dev: (231.31, 283.78)
[M::mem_pestat] low and high boundaries for proper pairs: (1, 2173)
[M::mem_pestat] analyzing insert size distribution for orientation RR...
[M::mem_pestat] (25, 50, 75) percentile: (90, 117, 180)
[M::mem_pestat] low and high boundaries for computing mean and std.dev: (1, 360)
[M::mem_pestat] mean and std.dev: (129.50, 59.58)
[M::mem_pestat] low and high boundaries for proper pairs: (1, 450)
[M::mem_pestat] skip orientation FF
[M::mem_pestat] skip orientation RF
[M::mem_pestat] skip orientation RR
[M::mem_process_seqs] Processed 1695702 reads in 1790.690 CPU sec, 77.140 real sec
[M::process] read 1694308 sequences (240000171 bp)...
[M::mem_pestat] # candidate unique pairs for (FF, FR, RF, RR): (166, 457226, 59, 178)
[M::mem_pestat] analyzing insert size distribution for orientation FF...
[M::mem_pestat] (25, 50, 75) percentile: (97, 128, 177)
[M::mem_pestat] low and high boundaries for computing mean and std.dev: (1, 337)
[M::mem_pestat] mean and std.dev: (134.37, 56.47)
[M::mem_pestat] low and high boundaries for proper pairs: (1, 417)
[M::mem_pestat] analyzing insert size distribution for orientation FR...
[M::mem_pestat] (25, 50, 75) percentile: (140, 170, 202)
[M::mem_pestat] low and high boundaries for computing mean and std.dev: (16, 326)
[M::mem_pestat] mean and std.dev: (171.46, 46.55)
[M::mem_pestat] low and high boundaries for proper pairs: (1, 388)
[M::mem_pestat] analyzing insert size distribution for orientation RF...
[M::mem_pestat] (25, 50, 75) percentile: (49, 94, 259)
[M::mem_pestat] low and high boundaries for computing mean and std.dev: (1, 679)
[M::mem_pestat] mean and std.dev: (110.88, 105.49)
[M::mem_pestat] low and high boundaries for proper pairs: (1, 889)
[M::mem_pestat] analyzing insert size distribution for orientation RR...
[M::mem_pestat] (25, 50, 75) percentile: (93, 128, 189)
[M::mem_pestat] low and high boundaries for computing mean and std.dev: (1, 381)
[M::mem_pestat] mean and std.dev: (137.19, 69.61)
[M::mem_pestat] low and high boundaries for proper pairs: (1, 477)
[M::mem_pestat] skip orientation FF
[M::mem_pestat] skip orientation RF
[M::mem_pestat] skip orientation RR
[M::mem_process_seqs] Processed 1696856 reads in 1779.464 CPU sec, 76.666 real sec
[M::process] read 1691530 sequences (240000204 bp)...
[M::mem_pestat] # candidate unique pairs for (FF, FR, RF, RR): (178, 456546, 46, 193)
[M::mem_pestat] analyzing insert size distribution for orientation FF...
[M::mem_pestat] (25, 50, 75) percentile: (93, 115, 168)
[M::mem_pestat] low and high boundaries for computing mean and std.dev: (1, 318)
[M::mem_pestat] mean and std.dev: (124.97, 49.90)
[M::mem_pestat] low and high boundaries for proper pairs: (1, 393)
[M::mem_pestat] analyzing insert size distribution for orientation FR...
[M::mem_pestat] (25, 50, 75) percentile: (140, 170, 202)
[M::mem_pestat] low and high boundaries for computing mean and std.dev: (16, 326)
[M::mem_pestat] mean and std.dev: (171.72, 46.43)
[M::mem_pestat] low and high boundaries for proper pairs: (1, 388)
[M::mem_pestat] analyzing insert size distribution for orientation RF...
[M::mem_pestat] (25, 50, 75) percentile: (45, 150, 306)
[M::mem_pestat] low and high boundaries for computing mean and std.dev: (1, 828)
[M::mem_pestat] mean and std.dev: (147.05, 144.78)
[M::mem_pestat] low and high boundaries for proper pairs: (1, 1089)
[M::mem_pestat] analyzing insert size distribution for orientation RR...
[M::mem_pestat] (25, 50, 75) percentile: (87, 115, 159)
[M::mem_pestat] low and high boundaries for computing mean and std.dev: (1, 303)
[M::mem_pestat] mean and std.dev: (121.08, 53.70)
[M::mem_pestat] low and high boundaries for proper pairs: (1, 375)
[M::mem_pestat] skip orientation FF
[M::mem_pestat] skip orientation RF
[M::mem_pestat] skip orientation RR
[M::mem_process_seqs] Processed 1694308 reads in 1782.901 CPU sec, 76.807 real sec
[M::process] read 1691378 sequences (240000015 bp)...
[M::mem_pestat] # candidate unique pairs for (FF, FR, RF, RR): (164, 456271, 46, 203)
[M::mem_pestat] analyzing insert size distribution for orientation FF...
[M::mem_pestat] (25, 50, 75) percentile: (91, 117, 168)
[M::mem_pestat] low and high boundaries for computing mean and std.dev: (1, 322)
[M::mem_pestat] mean and std.dev: (121.50, 41.38)
[M::mem_pestat] low and high boundaries for proper pairs: (1, 399)
[M::mem_pestat] analyzing insert size distribution for orientation FR...
[M::mem_pestat] (25, 50, 75) percentile: (140, 170, 202)
[M::mem_pestat] low and high boundaries for computing mean and std.dev: (16, 326)
[M::mem_pestat] mean and std.dev: (171.94, 46.23)
[M::mem_pestat] low and high boundaries for proper pairs: (1, 388)
[M::mem_pestat] analyzing insert size distribution for orientation RF...
[M::mem_pestat] (25, 50, 75) percentile: (76, 362, 1552)
[M::mem_pestat] low and high boundaries for computing mean and std.dev: (1, 4504)
[M::mem_pestat] mean and std.dev: (818.48, 1267.50)
[M::mem_pestat] low and high boundaries for proper pairs: (1, 5980)
[M::mem_pestat] analyzing insert size distribution for orientation RR...
[M::mem_pestat] (25, 50, 75) percentile: (93, 117, 170)
[M::mem_pestat] low and high boundaries for computing mean and std.dev: (1, 324)
[M::mem_pestat] mean and std.dev: (121.22, 46.54)
[M::mem_pestat] low and high boundaries for proper pairs: (1, 401)
[M::mem_pestat] skip orientation FF
[M::mem_pestat] skip orientation RF
[M::mem_pestat] skip orientation RR
[M::mem_process_seqs] Processed 1691530 reads in 1784.718 CPU sec, 76.470 real sec
[M::process] read 1693682 sequences (240000084 bp)...
[M::mem_pestat] # candidate unique pairs for (FF, FR, RF, RR): (174, 456831, 40, 180)
[M::mem_pestat] analyzing insert size distribution for orientation FF...
[M::mem_pestat] (25, 50, 75) percentile: (87, 113, 162)
[M::mem_pestat] low and high boundaries for computing mean and std.dev: (1, 312)
[M::mem_pestat] mean and std.dev: (122.15, 48.89)
[M::mem_pestat] low and high boundaries for proper pairs: (1, 387)
[M::mem_pestat] analyzing insert size distribution for orientation FR...
[M::mem_pestat] (25, 50, 75) percentile: (140, 170, 202)
[M::mem_pestat] low and high boundaries for computing mean and std.dev: (16, 326)
[M::mem_pestat] mean and std.dev: (172.09, 46.31)
[M::mem_pestat] low and high boundaries for proper pairs: (1, 388)
[M::mem_pestat] analyzing insert size distribution for orientation RF...
[M::mem_pestat] (25, 50, 75) percentile: (66, 218, 678)
[M::mem_pestat] low and high boundaries for computing mean and std.dev: (1, 1902)
[M::mem_pestat] mean and std.dev: (213.66, 205.23)
[M::mem_pestat] low and high boundaries for proper pairs: (1, 2514)
[M::mem_pestat] analyzing insert size distribution for orientation RR...
[M::mem_pestat] (25, 50, 75) percentile: (92, 126, 167)
[M::mem_pestat] low and high boundaries for computing mean and std.dev: (1, 317)
[M::mem_pestat] mean and std.dev: (130.45, 54.03)
[M::mem_pestat] low and high boundaries for proper pairs: (1, 392)
[M::mem_pestat] skip orientation FF
[M::mem_pestat] skip orientation RF
[M::mem_pestat] skip orientation RR
[M::mem_process_seqs] Processed 1691378 reads in 1779.573 CPU sec, 76.683 real sec
[M::mem_pestat] # candidate unique pairs for (FF, FR, RF, RR): (154, 457389, 39, 175)
[M::mem_pestat] analyzing insert size distribution for orientation FF...
[M::mem_pestat] (25, 50, 75) percentile: (90, 116, 164)
[M::mem_pestat] low and high boundaries for computing mean and std.dev: (1, 312)
[M::mem_pestat] mean and std.dev: (122.92, 47.59)
[M::mem_pestat] low and high boundaries for proper pairs: (1, 386)
[M::mem_pestat] analyzing insert size distribution for orientation FR...
[M::mem_pestat] (25, 50, 75) percentile: (140, 170, 203)
[M::mem_pestat] low and high boundaries for computing mean and std.dev: (14, 329)
[M::mem_pestat] mean and std.dev: (172.41, 46.48)
[M::mem_pestat] low and high boundaries for proper pairs: (1, 392)
[M::mem_pestat] analyzing insert size distribution for orientation RF...
[M::mem_pestat] (25, 50, 75) percentile: (87, 358, 1046)
[M::mem_pestat] low and high boundaries for computing mean and std.dev: (1, 2964)
[M::mem_pestat] mean and std.dev: (369.32, 368.86)
[M::mem_pestat] low and high boundaries for proper pairs: (1, 3923)
[M::mem_pestat] analyzing insert size distribution for orientation RR...
[M::mem_pestat] (25, 50, 75) percentile: (94, 124, 167)
[M::mem_pestat] low and high boundaries for computing mean and std.dev: (1, 313)
[M::mem_pestat] mean and std.dev: (127.43, 51.92)
[M::mem_pestat] low and high boundaries for proper pairs: (1, 386)
[M::mem_pestat] skip orientation FF
[M::mem_pestat] skip orientation RF
[M::mem_pestat] skip orientation RR
[M::process] read 1688862 sequences (240000104 bp)...
[M::mem_process_seqs] Processed 1693682 reads in 1792.084 CPU sec, 77.098 real sec
[M::process] read 1688666 sequences (240000216 bp)...
[M::mem_pestat] # candidate unique pairs for (FF, FR, RF, RR): (181, 455548, 35, 183)
[M::mem_pestat] analyzing insert size distribution for orientation FF...
[M::mem_pestat] (25, 50, 75) percentile: (92, 115, 167)
[M::mem_pestat] low and high boundaries for computing mean and std.dev: (1, 317)
[M::mem_pestat] mean and std.dev: (122.23, 48.97)
[M::mem_pestat] low and high boundaries for proper pairs: (1, 392)
[M::mem_pestat] analyzing insert size distribution for orientation FR...
[M::mem_pestat] (25, 50, 75) percentile: (140, 170, 202)
[M::mem_pestat] low and high boundaries for computing mean and std.dev: (16, 326)
[M::mem_pestat] mean and std.dev: (172.24, 46.02)
[M::mem_pestat] low and high boundaries for proper pairs: (1, 388)
[M::mem_pestat] analyzing insert size distribution for orientation RF...
[M::mem_pestat] (25, 50, 75) percentile: (66, 133, 616)
[M::mem_pestat] low and high boundaries for computing mean and std.dev: (1, 1716)
[M::mem_pestat] mean and std.dev: (238.17, 359.20)
[M::mem_pestat] low and high boundaries for proper pairs: (1, 2266)
[M::mem_pestat] analyzing insert size distribution for orientation RR...
[M::mem_pestat] (25, 50, 75) percentile: (92, 127, 175)
[M::mem_pestat] low and high boundaries for computing mean and std.dev: (1, 341)
[M::mem_pestat] mean and std.dev: (131.97, 53.36)
[M::mem_pestat] low and high boundaries for proper pairs: (1, 424)
[M::mem_pestat] skip orientation FF
[M::mem_pestat] skip orientation RF
[M::mem_pestat] skip orientation RR
[M::mem_process_seqs] Processed 1688862 reads in 1777.894 CPU sec, 76.744 real sec
[M::process] read 1687456 sequences (240000114 bp)...
[M::mem_pestat] # candidate unique pairs for (FF, FR, RF, RR): (190, 457154, 37, 170)
[M::mem_pestat] analyzing insert size distribution for orientation FF...
[M::mem_pestat] (25, 50, 75) percentile: (95, 126, 196)
[M::mem_pestat] low and high boundaries for computing mean and std.dev: (1, 398)
[M::mem_pestat] mean and std.dev: (137.01, 64.12)
[M::mem_pestat] low and high boundaries for proper pairs: (1, 499)
[M::mem_pestat] analyzing insert size distribution for orientation FR...
[M::mem_pestat] (25, 50, 75) percentile: (140, 170, 202)
[M::mem_pestat] low and high boundaries for computing mean and std.dev: (16, 326)
[M::mem_pestat] mean and std.dev: (172.22, 45.97)
[M::mem_pestat] low and high boundaries for proper pairs: (1, 388)
[M::mem_pestat] analyzing insert size distribution for orientation RF...
[M::mem_pestat] (25, 50, 75) percentile: (81, 165, 559)
[M::mem_pestat] low and high boundaries for computing mean and std.dev: (1, 1515)
[M::mem_pestat] mean and std.dev: (213.81, 211.71)
[M::mem_pestat] low and high boundaries for proper pairs: (1, 1993)
[M::mem_pestat] analyzing insert size distribution for orientation RR...
[M::mem_pestat] (25, 50, 75) percentile: (94, 118, 154)
[M::mem_pestat] low and high boundaries for computing mean and std.dev: (1, 274)
[M::mem_pestat] mean and std.dev: (122.57, 40.56)
[M::mem_pestat] low and high boundaries for proper pairs: (1, 334)
[M::mem_pestat] skip orientation FF
[M::mem_pestat] skip orientation RF
[M::mem_pestat] skip orientation RR
[M::mem_process_seqs] Processed 1688666 reads in 1780.913 CPU sec, 76.714 real sec
[M::process] read 1685414 sequences (240000008 bp)...
[M::mem_pestat] # candidate unique pairs for (FF, FR, RF, RR): (164, 455975, 57, 178)
[M::mem_pestat] analyzing insert size distribution for orientation FF...
[M::mem_pestat] (25, 50, 75) percentile: (100, 132, 187)
[M::mem_pestat] low and high boundaries for computing mean and std.dev: (1, 361)
[M::mem_pestat] mean and std.dev: (140.03, 63.39)
[M::mem_pestat] low and high boundaries for proper pairs: (1, 448)
[M::mem_pestat] analyzing insert size distribution for orientation FR...
[M::mem_pestat] (25, 50, 75) percentile: (140, 170, 202)
[M::mem_pestat] low and high boundaries for computing mean and std.dev: (16, 326)
[M::mem_pestat] mean and std.dev: (172.31, 46.00)
[M::mem_pestat] low and high boundaries for proper pairs: (1, 388)
[M::mem_pestat] analyzing insert size distribution for orientation RF...
[M::mem_pestat] (25, 50, 75) percentile: (52, 108, 226)
[M::mem_pestat] low and high boundaries for computing mean and std.dev: (1, 574)
[M::mem_pestat] mean and std.dev: (115.44, 109.69)
[M::mem_pestat] low and high boundaries for proper pairs: (1, 748)
[M::mem_pestat] analyzing insert size distribution for orientation RR...
[M::mem_pestat] (25, 50, 75) percentile: (93, 124, 154)
[M::mem_pestat] low and high boundaries for computing mean and std.dev: (1, 276)
[M::mem_pestat] mean and std.dev: (119.76, 39.48)
[M::mem_pestat] low and high boundaries for proper pairs: (1, 337)
[M::mem_pestat] skip orientation FF
[M::mem_pestat] skip orientation RF
[M::mem_pestat] skip orientation RR
[M::mem_process_seqs] Processed 1687456 reads in 1783.013 CPU sec, 76.804 real sec
[M::process] read 1684232 sequences (240000039 bp)...
[M::mem_pestat] # candidate unique pairs for (FF, FR, RF, RR): (191, 455078, 44, 199)
[M::mem_pestat] analyzing insert size distribution for orientation FF...
[M::mem_pestat] (25, 50, 75) percentile: (93, 121, 164)
[M::mem_pestat] low and high boundaries for computing mean and std.dev: (1, 306)
[M::mem_pestat] mean and std.dev: (125.84, 49.73)
[M::mem_pestat] low and high boundaries for proper pairs: (1, 377)
[M::mem_pestat] analyzing insert size distribution for orientation FR...
[M::mem_pestat] (25, 50, 75) percentile: (141, 170, 202)
[M::mem_pestat] low and high boundaries for computing mean and std.dev: (19, 324)
[M::mem_pestat] mean and std.dev: (172.50, 45.89)
[M::mem_pestat] low and high boundaries for proper pairs: (1, 385)
[M::mem_pestat] analyzing insert size distribution for orientation RF...
[M::mem_pestat] (25, 50, 75) percentile: (56, 258, 823)
[M::mem_pestat] low and high boundaries for computing mean and std.dev: (1, 2357)
[M::mem_pestat] mean and std.dev: (226.34, 256.58)
[M::mem_pestat] low and high boundaries for proper pairs: (1, 3124)
[M::mem_pestat] analyzing insert size distribution for orientation RR...
[M::mem_pestat] (25, 50, 75) percentile: (97, 126, 188)
[M::mem_pestat] low and high boundaries for computing mean and std.dev: (1, 370)
[M::mem_pestat] mean and std.dev: (133.72, 63.20)
[M::mem_pestat] low and high boundaries for proper pairs: (1, 461)
[M::mem_pestat] skip orientation FF
[M::mem_pestat] skip orientation RF
[M::mem_pestat] skip orientation RR
[M::mem_process_seqs] Processed 1685414 reads in 1779.700 CPU sec, 76.669 real sec
[M::process] read 1684526 sequences (240000277 bp)...
[M::mem_pestat] # candidate unique pairs for (FF, FR, RF, RR): (153, 453928, 49, 181)
[M::mem_pestat] analyzing insert size distribution for orientation FF...
[M::mem_pestat] (25, 50, 75) percentile: (99, 124, 176)
[M::mem_pestat] low and high boundaries for computing mean and std.dev: (1, 330)
[M::mem_pestat] mean and std.dev: (130.44, 51.05)
[M::mem_pestat] low and high boundaries for proper pairs: (1, 407)
[M::mem_pestat] analyzing insert size distribution for orientation FR...
[M::mem_pestat] (25, 50, 75) percentile: (141, 171, 203)
[M::mem_pestat] low and high boundaries for computing mean and std.dev: (17, 327)
[M::mem_pestat] mean and std.dev: (172.91, 46.01)
[M::mem_pestat] low and high boundaries for proper pairs: (1, 389)
[M::mem_pestat] analyzing insert size distribution for orientation RF...
[M::mem_pestat] (25, 50, 75) percentile: (65, 199, 604)
[M::mem_pestat] low and high boundaries for computing mean and std.dev: (1, 1682)
[M::mem_pestat] mean and std.dev: (323.50, 401.92)
[M::mem_pestat] low and high boundaries for proper pairs: (1, 2221)
[M::mem_pestat] analyzing insert size distribution for orientation RR...
[M::mem_pestat] (25, 50, 75) percentile: (95, 121, 167)
[M::mem_pestat] low and high boundaries for computing mean and std.dev: (1, 311)
[M::mem_pestat] mean and std.dev: (125.34, 46.01)
[M::mem_pestat] low and high boundaries for proper pairs: (1, 383)
[M::mem_pestat] skip orientation FF
[M::mem_pestat] skip orientation RF
[M::mem_pestat] skip orientation RR
[M::mem_process_seqs] Processed 1684232 reads in 1790.917 CPU sec, 76.685 real sec
[M::process] read 1696676 sequences (240000209 bp)...
[M::mem_pestat] # candidate unique pairs for (FF, FR, RF, RR): (178, 455293, 33, 151)
[M::mem_pestat] analyzing insert size distribution for orientation FF...
[M::mem_pestat] (25, 50, 75) percentile: (88, 119, 177)
[M::mem_pestat] low and high boundaries for computing mean and std.dev: (1, 355)
[M::mem_pestat] mean and std.dev: (134.05, 63.14)
[M::mem_pestat] low and high boundaries for proper pairs: (1, 444)
[M::mem_pestat] analyzing insert size distribution for orientation FR...
[M::mem_pestat] (25, 50, 75) percentile: (141, 171, 203)
[M::mem_pestat] low and high boundaries for computing mean and std.dev: (17, 327)
[M::mem_pestat] mean and std.dev: (172.88, 46.08)
[M::mem_pestat] low and high boundaries for proper pairs: (1, 389)
[M::mem_pestat] analyzing insert size distribution for orientation RF...
[M::mem_pestat] (25, 50, 75) percentile: (94, 243, 1508)
[M::mem_pestat] low and high boundaries for computing mean and std.dev: (1, 4336)
[M::mem_pestat] mean and std.dev: (558.00, 904.78)
[M::mem_pestat] low and high boundaries for proper pairs: (1, 5750)
[M::mem_pestat] analyzing insert size distribution for orientation RR...
[M::mem_pestat] (25, 50, 75) percentile: (98, 128, 194)
[M::mem_pestat] low and high boundaries for computing mean and std.dev: (1, 386)
[M::mem_pestat] mean and std.dev: (138.76, 65.58)
[M::mem_pestat] low and high boundaries for proper pairs: (1, 482)
[M::mem_pestat] skip orientation FF
[M::mem_pestat] skip orientation RF
[M::mem_pestat] skip orientation RR
[M::mem_process_seqs] Processed 1684526 reads in 1783.675 CPU sec, 76.802 real sec
[M::process] read 1696876 sequences (240000019 bp)...
[M::mem_pestat] # candidate unique pairs for (FF, FR, RF, RR): (175, 456561, 41, 197)
[M::mem_pestat] analyzing insert size distribution for orientation FF...
[M::mem_pestat] (25, 50, 75) percentile: (97, 125, 193)
[M::mem_pestat] low and high boundaries for computing mean and std.dev: (1, 385)
[M::mem_pestat] mean and std.dev: (138.40, 67.22)
[M::mem_pestat] low and high boundaries for proper pairs: (1, 481)
[M::mem_pestat] analyzing insert size distribution for orientation FR...
[M::mem_pestat] (25, 50, 75) percentile: (140, 170, 202)
[M::mem_pestat] low and high boundaries for computing mean and std.dev: (16, 326)
[M::mem_pestat] mean and std.dev: (171.59, 46.62)
[M::mem_pestat] low and high boundaries for proper pairs: (1, 388)
[M::mem_pestat] analyzing insert size distribution for orientation RF...
[M::mem_pestat] (25, 50, 75) percentile: (57, 166, 511)
[M::mem_pestat] low and high boundaries for computing mean and std.dev: (1, 1419)
[M::mem_pestat] mean and std.dev: (219.20, 280.90)
[M::mem_pestat] low and high boundaries for proper pairs: (1, 1873)
[M::mem_pestat] analyzing insert size distribution for orientation RR...
[M::mem_pestat] (25, 50, 75) percentile: (95, 121, 182)
[M::mem_pestat] low and high boundaries for computing mean and std.dev: (1, 356)
[M::mem_pestat] mean and std.dev: (129.31, 54.32)
[M::mem_pestat] low and high boundaries for proper pairs: (1, 443)
[M::mem_pestat] skip orientation FF
[M::mem_pestat] skip orientation RF
[M::mem_pestat] skip orientation RR
[M::mem_process_seqs] Processed 1696676 reads in 1794.527 CPU sec, 77.267 real sec
[M::process] read 1694846 sequences (240000126 bp)...
[M::mem_pestat] # candidate unique pairs for (FF, FR, RF, RR): (181, 457466, 45, 187)
[M::mem_pestat] analyzing insert size distribution for orientation FF...
[M::mem_pestat] (25, 50, 75) percentile: (90, 126, 171)
[M::mem_pestat] low and high boundaries for computing mean and std.dev: (1, 333)
[M::mem_pestat] mean and std.dev: (129.87, 55.16)
[M::mem_pestat] low and high boundaries for proper pairs: (1, 414)
[M::mem_pestat] analyzing insert size distribution for orientation FR...
[M::mem_pestat] (25, 50, 75) percentile: (140, 169, 202)
[M::mem_pestat] low and high boundaries for computing mean and std.dev: (16, 326)
[M::mem_pestat] mean and std.dev: (171.42, 46.54)
[M::mem_pestat] low and high boundaries for proper pairs: (1, 388)
[M::mem_pestat] analyzing insert size distribution for orientation RF...
[M::mem_pestat] (25, 50, 75) percentile: (37, 151, 816)
[M::mem_pestat] low and high boundaries for computing mean and std.dev: (1, 2374)
[M::mem_pestat] mean and std.dev: (379.85, 569.99)
[M::mem_pestat] low and high boundaries for proper pairs: (1, 3153)
[M::mem_pestat] analyzing insert size distribution for orientation RR...
[M::mem_pestat] (25, 50, 75) percentile: (94, 127, 227)
[M::mem_pestat] low and high boundaries for computing mean and std.dev: (1, 493)
[M::mem_pestat] mean and std.dev: (151.23, 89.06)
[M::mem_pestat] low and high boundaries for proper pairs: (1, 626)
[M::mem_pestat] skip orientation FF
[M::mem_pestat] skip orientation RF
[M::mem_pestat] skip orientation RR
[M::mem_process_seqs] Processed 1696876 reads in 1792.478 CPU sec, 77.192 real sec
[M::process] read 1693040 sequences (240000056 bp)...
[M::mem_pestat] # candidate unique pairs for (FF, FR, RF, RR): (198, 457544, 48, 168)
[M::mem_pestat] analyzing insert size distribution for orientation FF...
[M::mem_pestat] (25, 50, 75) percentile: (94, 121, 171)
[M::mem_pestat] low and high boundaries for computing mean and std.dev: (1, 325)
[M::mem_pestat] mean and std.dev: (126.12, 50.74)
[M::mem_pestat] low and high boundaries for proper pairs: (1, 402)
[M::mem_pestat] analyzing insert size distribution for orientation FR...
[M::mem_pestat] (25, 50, 75) percentile: (140, 170, 202)
[M::mem_pestat] low and high boundaries for computing mean and std.dev: (16, 326)
[M::mem_pestat] mean and std.dev: (171.74, 46.54)
[M::mem_pestat] low and high boundaries for proper pairs: (1, 388)
[M::mem_pestat] analyzing insert size distribution for orientation RF...
[M::mem_pestat] (25, 50, 75) percentile: (76, 172, 481)
[M::mem_pestat] low and high boundaries for computing mean and std.dev: (1, 1291)
[M::mem_pestat] mean and std.dev: (248.52, 274.75)
[M::mem_pestat] low and high boundaries for proper pairs: (1, 1696)
[M::mem_pestat] analyzing insert size distribution for orientation RR...
[M::mem_pestat] (25, 50, 75) percentile: (92, 127, 193)
[M::mem_pestat] low and high boundaries for computing mean and std.dev: (1, 395)
[M::mem_pestat] mean and std.dev: (137.88, 67.02)
[M::mem_pestat] low and high boundaries for proper pairs: (1, 496)
[M::mem_pestat] skip orientation FF
[M::mem_pestat] skip orientation RF
[M::mem_pestat] skip orientation RR
[M::mem_process_seqs] Processed 1694846 reads in 1791.334 CPU sec, 77.204 real sec
[M::process] read 1692384 sequences (240000049 bp)...
[M::mem_pestat] # candidate unique pairs for (FF, FR, RF, RR): (157, 457066, 47, 182)
[M::mem_pestat] analyzing insert size distribution for orientation FF...
[M::mem_pestat] (25, 50, 75) percentile: (88, 122, 176)
[M::mem_pestat] low and high boundaries for computing mean and std.dev: (1, 352)
[M::mem_pestat] mean and std.dev: (123.19, 47.97)
[M::mem_pestat] low and high boundaries for proper pairs: (1, 440)
[M::mem_pestat] analyzing insert size distribution for orientation FR...
[M::mem_pestat] (25, 50, 75) percentile: (140, 170, 202)
[M::mem_pestat] low and high boundaries for computing mean and std.dev: (16, 326)
[M::mem_pestat] mean and std.dev: (171.95, 46.39)
[M::mem_pestat] low and high boundaries for proper pairs: (1, 388)
[M::mem_pestat] analyzing insert size distribution for orientation RF...
[M::mem_pestat] (25, 50, 75) percentile: (101, 212, 925)
[M::mem_pestat] low and high boundaries for computing mean and std.dev: (1, 2573)
[M::mem_pestat] mean and std.dev: (381.36, 502.46)
[M::mem_pestat] low and high boundaries for proper pairs: (1, 3397)
[M::mem_pestat] analyzing insert size distribution for orientation RR...
[M::mem_pestat] (25, 50, 75) percentile: (99, 137, 182)
[M::mem_pestat] low and high boundaries for computing mean and std.dev: (1, 348)
[M::mem_pestat] mean and std.dev: (137.27, 57.68)
[M::mem_pestat] low and high boundaries for proper pairs: (1, 431)
[M::mem_pestat] skip orientation FF
[M::mem_pestat] skip orientation RF
[M::mem_pestat] skip orientation RR
