[M::bwa_idx_load_from_disk] read 0 ALT contigs
[M::process] read 1901132 sequences (240000062 bp)...
[M::process] read 1891760 sequences (240000040 bp)...
[M::mem_pestat] # candidate unique pairs for (FF, FR, RF, RR): (55, 604267, 52, 68)
[M::mem_pestat] analyzing insert size distribution for orientation FF...
[M::mem_pestat] (25, 50, 75) percentile: (73, 109, 141)
[M::mem_pestat] low and high boundaries for computing mean and std.dev: (1, 277)
[M::mem_pestat] mean and std.dev: (96.31, 40.48)
[M::mem_pestat] low and high boundaries for proper pairs: (1, 345)
[M::mem_pestat] analyzing insert size distribution for orientation FR...
[M::mem_pestat] (25, 50, 75) percentile: (107, 133, 161)
[M::mem_pestat] low and high boundaries for computing mean and std.dev: (1, 269)
[M::mem_pestat] mean and std.dev: (134.44, 41.05)
[M::mem_pestat] low and high boundaries for proper pairs: (1, 323)
[M::mem_pestat] analyzing insert size distribution for orientation RF...
[M::mem_pestat] (25, 50, 75) percentile: (55, 97, 366)
[M::mem_pestat] low and high boundaries for computing mean and std.dev: (1, 988)
[M::mem_pestat] mean and std.dev: (152.34, 162.96)
[M::mem_pestat] low and high boundaries for proper pairs: (1, 1299)
[M::mem_pestat] analyzing insert size distribution for orientation RR...
[M::mem_pestat] (25, 50, 75) percentile: (73, 93, 127)
[M::mem_pestat] low and high boundaries for computing mean and std.dev: (1, 235)
[M::mem_pestat] mean and std.dev: (93.65, 33.55)
[M::mem_pestat] low and high boundaries for proper pairs: (1, 289)
[M::mem_pestat] skip orientation FF
[M::mem_pestat] skip orientation RF
[M::mem_pestat] skip orientation RR
[M::mem_process_seqs] Processed 1901132 reads in 2034.769 CPU sec, 86.047 real sec
[M::process] read 1883186 sequences (240000191 bp)...
[M::mem_pestat] # candidate unique pairs for (FF, FR, RF, RR): (58, 600912, 45, 46)
[M::mem_pestat] analyzing insert size distribution for orientation FF...
[M::mem_pestat] (25, 50, 75) percentile: (67, 92, 127)
[M::mem_pestat] low and high boundaries for computing mean and std.dev: (1, 247)
[M::mem_pestat] mean and std.dev: (93.08, 34.09)
[M::mem_pestat] low and high boundaries for proper pairs: (1, 307)
[M::mem_pestat] analyzing insert size distribution for orientation FR...
[M::mem_pestat] (25, 50, 75) percentile: (107, 133, 161)
[M::mem_pestat] low and high boundaries for computing mean and std.dev: (1, 269)
[M::mem_pestat] mean and std.dev: (135.07, 40.85)
[M::mem_pestat] low and high boundaries for proper pairs: (1, 323)
[M::mem_pestat] analyzing insert size distribution for orientation RF...
[M::mem_pestat] (25, 50, 75) percentile: (122, 230, 738)
[M::mem_pestat] low and high boundaries for computing mean and std.dev: (1, 1970)
[M::mem_pestat] mean and std.dev: (338.30, 378.26)
[M::mem_pestat] low and high boundaries for proper pairs: (1, 2586)
[M::mem_pestat] analyzing insert size distribution for orientation RR...
[M::mem_pestat] (25, 50, 75) percentile: (57, 89, 118)
[M::mem_pestat] low and high boundaries for computing mean and std.dev: (1, 240)
[M::mem_pestat] mean and std.dev: (85.05, 38.15)
[M::mem_pestat] low and high boundaries for proper pairs: (1, 301)
[M::mem_pestat] skip orientation FF
[M::mem_pestat] skip orientation RF
[M::mem_pestat] skip orientation RR
[M::mem_process_seqs] Processed 1891760 reads in 2084.467 CPU sec, 89.130 real sec
[M::process] read 1870840 sequences (240000240 bp)...
[M::mem_pestat] # candidate unique pairs for (FF, FR, RF, RR): (47, 599042, 38, 52)
[M::mem_pestat] analyzing insert size distribution for orientation FF...
[M::mem_pestat] (25, 50, 75) percentile: (70, 86, 281)
[M::mem_pestat] low and high boundaries for computing mean and std.dev: (1, 703)
[M::mem_pestat] mean and std.dev: (129.22, 119.07)
[M::mem_pestat] low and high boundaries for proper pairs: (1, 914)
[M::mem_pestat] analyzing insert size distribution for orientation FR...
[M::mem_pestat] (25, 50, 75) percentile: (108, 134, 162)
[M::mem_pestat] low and high boundaries for computing mean and std.dev: (1, 270)
[M::mem_pestat] mean and std.dev: (135.83, 40.65)
[M::mem_pestat] low and high boundaries for proper pairs: (1, 324)
[M::mem_pestat] analyzing insert size distribution for orientation RF...
[M::mem_pestat] (25, 50, 75) percentile: (44, 124, 227)
[M::mem_pestat] low and high boundaries for computing mean and std.dev: (1, 593)
[M::mem_pestat] mean and std.dev: (110.47, 95.03)
[M::mem_pestat] low and high boundaries for proper pairs: (1, 776)
[M::mem_pestat] analyzing insert size distribution for orientation RR...
[M::mem_pestat] (25, 50, 75) percentile: (76, 114, 267)
[M::mem_pestat] low and high boundaries for computing mean and std.dev: (1, 649)
[M::mem_pestat] mean and std.dev: (134.56, 111.25)
[M::mem_pestat] low and high boundaries for proper pairs: (1, 840)
[M::mem_pestat] skip orientation FF
[M::mem_pestat] skip orientation RF
[M::mem_pestat] skip orientation RR
[M::mem_process_seqs] Processed 1883186 reads in 2083.405 CPU sec, 89.562 real sec
[M::process] read 1844426 sequences (240000105 bp)...
[M::mem_pestat] # candidate unique pairs for (FF, FR, RF, RR): (56, 595053, 55, 62)
[M::mem_pestat] analyzing insert size distribution for orientation FF...
[M::mem_pestat] (25, 50, 75) percentile: (75, 102, 167)
[M::mem_pestat] low and high boundaries for computing mean and std.dev: (1, 351)
[M::mem_pestat] mean and std.dev: (115.16, 68.56)
[M::mem_pestat] low and high boundaries for proper pairs: (1, 443)
[M::mem_pestat] analyzing insert size distribution for orientation FR...
[M::mem_pestat] (25, 50, 75) percentile: (109, 135, 162)
[M::mem_pestat] low and high boundaries for computing mean and std.dev: (3, 268)
[M::mem_pestat] mean and std.dev: (136.75, 40.20)
[M::mem_pestat] low and high boundaries for proper pairs: (1, 321)
[M::mem_pestat] analyzing insert size distribution for orientation RF...
[M::mem_pestat] (25, 50, 75) percentile: (55, 148, 324)
[M::mem_pestat] low and high boundaries for computing mean and std.dev: (1, 862)
[M::mem_pestat] mean and std.dev: (160.31, 144.54)
[M::mem_pestat] low and high boundaries for proper pairs: (1, 1131)
[M::mem_pestat] analyzing insert size distribution for orientation RR...
[M::mem_pestat] (25, 50, 75) percentile: (61, 91, 200)
[M::mem_pestat] low and high boundaries for computing mean and std.dev: (1, 478)
[M::mem_pestat] mean and std.dev: (117.13, 96.79)
[M::mem_pestat] low and high boundaries for proper pairs: (1, 617)
[M::mem_pestat] skip orientation FF
[M::mem_pestat] skip orientation RF
[M::mem_pestat] skip orientation RR
[M::mem_process_seqs] Processed 1870840 reads in 2097.948 CPU sec, 90.110 real sec
[M::process] read 1846986 sequences (240000154 bp)...
[M::mem_pestat] # candidate unique pairs for (FF, FR, RF, RR): (64, 588197, 45, 66)
[M::mem_pestat] analyzing insert size distribution for orientation FF...
[M::mem_pestat] (25, 50, 75) percentile: (76, 101, 216)
[M::mem_pestat] low and high boundaries for computing mean and std.dev: (1, 496)
[M::mem_pestat] mean and std.dev: (117.98, 79.70)
[M::mem_pestat] low and high boundaries for proper pairs: (1, 636)
[M::mem_pestat] analyzing insert size distribution for orientation FR...
[M::mem_pestat] (25, 50, 75) percentile: (112, 136, 163)
[M::mem_pestat] low and high boundaries for computing mean and std.dev: (10, 265)
[M::mem_pestat] mean and std.dev: (138.56, 38.63)
[M::mem_pestat] low and high boundaries for proper pairs: (1, 316)
[M::mem_pestat] analyzing insert size distribution for orientation RF...
[M::mem_pestat] (25, 50, 75) percentile: (76, 161, 362)
[M::mem_pestat] low and high boundaries for computing mean and std.dev: (1, 934)
[M::mem_pestat] mean and std.dev: (177.82, 154.44)
[M::mem_pestat] low and high boundaries for proper pairs: (1, 1220)
[M::mem_pestat] analyzing insert size distribution for orientation RR...
[M::mem_pestat] (25, 50, 75) percentile: (77, 105, 174)
[M::mem_pestat] low and high boundaries for computing mean and std.dev: (1, 368)
[M::mem_pestat] mean and std.dev: (102.63, 50.94)
[M::mem_pestat] low and high boundaries for proper pairs: (1, 465)
[M::mem_pestat] skip orientation FF
[M::mem_pestat] skip orientation RF
[M::mem_pestat] skip orientation RR
[M::mem_process_seqs] Processed 1844426 reads in 2103.244 CPU sec, 90.292 real sec
[M::process] read 1892138 sequences (240000066 bp)...
[M::mem_pestat] # candidate unique pairs for (FF, FR, RF, RR): (53, 588856, 38, 60)
[M::mem_pestat] analyzing insert size distribution for orientation FF...
[M::mem_pestat] (25, 50, 75) percentile: (64, 98, 164)
[M::mem_pestat] low and high boundaries for computing mean and std.dev: (1, 364)
[M::mem_pestat] mean and std.dev: (99.13, 50.73)
[M::mem_pestat] low and high boundaries for proper pairs: (1, 464)
[M::mem_pestat] analyzing insert size distribution for orientation FR...
[M::mem_pestat] (25, 50, 75) percentile: (112, 136, 163)
[M::mem_pestat] low and high boundaries for computing mean and std.dev: (10, 265)
[M::mem_pestat] mean and std.dev: (138.46, 39.06)
[M::mem_pestat] low and high boundaries for proper pairs: (1, 316)
[M::mem_pestat] analyzing insert size distribution for orientation RF...
[M::mem_pestat] (25, 50, 75) percentile: (32, 90, 249)
[M::mem_pestat] low and high boundaries for computing mean and std.dev: (1, 683)
[M::mem_pestat] mean and std.dev: (139.06, 161.58)
[M::mem_pestat] low and high boundaries for proper pairs: (1, 900)
[M::mem_pestat] analyzing insert size distribution for orientation RR...
[M::mem_pestat] (25, 50, 75) percentile: (68, 95, 164)
[M::mem_pestat] low and high boundaries for computing mean and std.dev: (1, 356)
[M::mem_pestat] mean and std.dev: (101.41, 56.86)
[M::mem_pestat] low and high boundaries for proper pairs: (1, 452)
[M::mem_pestat] skip orientation FF
[M::mem_pestat] skip orientation RF
[M::mem_pestat] skip orientation RR
[M::mem_process_seqs] Processed 1846986 reads in 2113.986 CPU sec, 90.775 real sec
[M::process] read 1887746 sequences (240000278 bp)...
[M::mem_pestat] # candidate unique pairs for (FF, FR, RF, RR): (53, 600986, 42, 65)
[M::mem_pestat] analyzing insert size distribution for orientation FF...
[M::mem_pestat] (25, 50, 75) percentile: (81, 101, 269)
[M::mem_pestat] low and high boundaries for computing mean and std.dev: (1, 645)
[M::mem_pestat] mean and std.dev: (137.83, 112.27)
[M::mem_pestat] low and high boundaries for proper pairs: (1, 833)
[M::mem_pestat] analyzing insert size distribution for orientation FR...
[M::mem_pestat] (25, 50, 75) percentile: (107, 133, 161)
[M::mem_pestat] low and high boundaries for computing mean and std.dev: (1, 269)
[M::mem_pestat] mean and std.dev: (135.05, 40.88)
[M::mem_pestat] low and high boundaries for proper pairs: (1, 323)
[M::mem_pestat] analyzing insert size distribution for orientation RF...
[M::mem_pestat] (25, 50, 75) percentile: (57, 208, 528)
[M::mem_pestat] low and high boundaries for computing mean and std.dev: (1, 1470)
[M::mem_pestat] mean and std.dev: (211.78, 206.72)
[M::mem_pestat] low and high boundaries for proper pairs: (1, 1941)
[M::mem_pestat] analyzing insert size distribution for orientation RR...
[M::mem_pestat] (25, 50, 75) percentile: (80, 102, 171)
[M::mem_pestat] low and high boundaries for computing mean and std.dev: (1, 353)
[M::mem_pestat] mean and std.dev: (105.37, 55.55)
[M::mem_pestat] low and high boundaries for proper pairs: (1, 444)
[M::mem_pestat] skip orientation FF
[M::mem_pestat] skip orientation RF
[M::mem_pestat] skip orientation RR
[M::mem_process_seqs] Processed 1892138 reads in 2094.107 CPU sec, 89.859 real sec
[M::process] read 1878188 sequences (240000103 bp)...
[M::mem_pestat] # candidate unique pairs for (FF, FR, RF, RR): (45, 600220, 47, 53)
[M::mem_pestat] analyzing insert size distribution for orientation FF...
[M::mem_pestat] (25, 50, 75) percentile: (65, 97, 164)
[M::mem_pestat] low and high boundaries for computing mean and std.dev: (1, 362)
[M::mem_pestat] mean and std.dev: (101.51, 53.95)
[M::mem_pestat] low and high boundaries for proper pairs: (1, 461)
[M::mem_pestat] analyzing insert size distribution for orientation FR...
[M::mem_pestat] (25, 50, 75) percentile: (108, 134, 162)
[M::mem_pestat] low and high boundaries for computing mean and std.dev: (1, 270)
[M::mem_pestat] mean and std.dev: (135.35, 40.80)
[M::mem_pestat] low and high boundaries for proper pairs: (1, 324)
[M::mem_pestat] analyzing insert size distribution for orientation RF...
[M::mem_pestat] (25, 50, 75) percentile: (58, 138, 325)
[M::mem_pestat] low and high boundaries for computing mean and std.dev: (1, 859)
[M::mem_pestat] mean and std.dev: (193.72, 170.64)
[M::mem_pestat] low and high boundaries for proper pairs: (1, 1126)
[M::mem_pestat] analyzing insert size distribution for orientation RR...
[M::mem_pestat] (25, 50, 75) percentile: (65, 93, 149)
[M::mem_pestat] low and high boundaries for computing mean and std.dev: (1, 317)
[M::mem_pestat] mean and std.dev: (91.34, 44.52)
[M::mem_pestat] low and high boundaries for proper pairs: (1, 401)
[M::mem_pestat] skip orientation FF
[M::mem_pestat] skip orientation RF
[M::mem_pestat] skip orientation RR
[M::mem_process_seqs] Processed 1887746 reads in 2093.293 CPU sec, 89.944 real sec
[M::process] read 1865452 sequences (240000031 bp)...
[M::mem_pestat] # candidate unique pairs for (FF, FR, RF, RR): (44, 597316, 47, 60)
[M::mem_pestat] analyzing insert size distribution for orientation FF...
[M::mem_pestat] (25, 50, 75) percentile: (82, 114, 181)
[M::mem_pestat] low and high boundaries for computing mean and std.dev: (1, 379)
[M::mem_pestat] mean and std.dev: (122.45, 64.75)
[M::mem_pestat] low and high boundaries for proper pairs: (1, 478)
[M::mem_pestat] analyzing insert size distribution for orientation FR...
[M::mem_pestat] (25, 50, 75) percentile: (109, 134, 162)
[M::mem_pestat] low and high boundaries for computing mean and std.dev: (3, 268)
[M::mem_pestat] mean and std.dev: (135.98, 40.50)
[M::mem_pestat] low and high boundaries for proper pairs: (1, 321)
[M::mem_pestat] analyzing insert size distribution for orientation RF...
[M::mem_pestat] (25, 50, 75) percentile: (108, 167, 483)
[M::mem_pestat] low and high boundaries for computing mean and std.dev: (1, 1233)
[M::mem_pestat] mean and std.dev: (222.44, 205.72)
[M::mem_pestat] low and high boundaries for proper pairs: (1, 1608)
[M::mem_pestat] analyzing insert size distribution for orientation RR...
[M::mem_pestat] (25, 50, 75) percentile: (78, 100, 146)
[M::mem_pestat] low and high boundaries for computing mean and std.dev: (1, 282)
[M::mem_pestat] mean and std.dev: (96.96, 38.20)
[M::mem_pestat] low and high boundaries for proper pairs: (1, 350)
[M::mem_pestat] skip orientation FF
[M::mem_pestat] skip orientation RF
[M::mem_pestat] skip orientation RR
[M::mem_process_seqs] Processed 1878188 reads in 2098.240 CPU sec, 90.085 real sec
[M::process] read 1844482 sequences (240000038 bp)...
[M::mem_pestat] # candidate unique pairs for (FF, FR, RF, RR): (56, 594175, 45, 50)
[M::mem_pestat] analyzing insert size distribution for orientation FF...
[M::mem_pestat] (25, 50, 75) percentile: (88, 115, 217)
[M::mem_pestat] low and high boundaries for computing mean and std.dev: (1, 475)
[M::mem_pestat] mean and std.dev: (133.40, 92.67)
[M::mem_pestat] low and high boundaries for proper pairs: (1, 604)
[M::mem_pestat] analyzing insert size distribution for orientation FR...
[M::mem_pestat] (25, 50, 75) percentile: (110, 135, 163)
[M::mem_pestat] low and high boundaries for computing mean and std.dev: (4, 269)
[M::mem_pestat] mean and std.dev: (137.01, 40.07)
[M::mem_pestat] low and high boundaries for proper pairs: (1, 322)
[M::mem_pestat] analyzing insert size distribution for orientation RF...
[M::mem_pestat] (25, 50, 75) percentile: (48, 167, 236)
[M::mem_pestat] low and high boundaries for computing mean and std.dev: (1, 612)
[M::mem_pestat] mean and std.dev: (146.62, 129.23)
[M::mem_pestat] low and high boundaries for proper pairs: (1, 800)
[M::mem_pestat] analyzing insert size distribution for orientation RR...
[M::mem_pestat] (25, 50, 75) percentile: (76, 100, 128)
[M::mem_pestat] low and high boundaries for computing mean and std.dev: (1, 232)
[M::mem_pestat] mean and std.dev: (95.37, 35.85)
[M::mem_pestat] low and high boundaries for proper pairs: (1, 284)
[M::mem_pestat] skip orientation FF
[M::mem_pestat] skip orientation RF
[M::mem_pestat] skip orientation RR
[M::mem_process_seqs] Processed 1865452 reads in 2101.527 CPU sec, 90.265 real sec
[M::process] read 1854560 sequences (240000089 bp)...
[M::mem_pestat] # candidate unique pairs for (FF, FR, RF, RR): (56, 588312, 46, 61)
[M::mem_pestat] analyzing insert size distribution for orientation FF...
[M::mem_pestat] (25, 50, 75) percentile: (75, 98, 137)
[M::mem_pestat] low and high boundaries for computing mean and std.dev: (1, 261)
[M::mem_pestat] mean and std.dev: (92.47, 28.29)
[M::mem_pestat] low and high boundaries for proper pairs: (1, 323)
[M::mem_pestat] analyzing insert size distribution for orientation FR...
[M::mem_pestat] (25, 50, 75) percentile: (112, 136, 163)
[M::mem_pestat] low and high boundaries for computing mean and std.dev: (10, 265)
[M::mem_pestat] mean and std.dev: (138.45, 38.79)
[M::mem_pestat] low and high boundaries for proper pairs: (1, 316)
[M::mem_pestat] analyzing insert size distribution for orientation RF...
[M::mem_pestat] (25, 50, 75) percentile: (47, 132, 300)
[M::mem_pestat] low and high boundaries for computing mean and std.dev: (1, 806)
[M::mem_pestat] mean and std.dev: (150.69, 150.85)
[M::mem_pestat] low and high boundaries for proper pairs: (1, 1059)
[M::mem_pestat] analyzing insert size distribution for orientation RR...
[M::mem_pestat] (25, 50, 75) percentile: (58, 90, 157)
[M::mem_pestat] low and high boundaries for computing mean and std.dev: (1, 355)
[M::mem_pestat] mean and std.dev: (93.77, 49.88)
[M::mem_pestat] low and high boundaries for proper pairs: (1, 454)
[M::mem_pestat] skip orientation FF
[M::mem_pestat] skip orientation RF
[M::mem_pestat] skip orientation RR
[M::mem_process_seqs] Processed 1844482 reads in 2100.545 CPU sec, 90.174 real sec
[M::process] read 1887800 sequences (240000075 bp)...
[M::mem_pestat] # candidate unique pairs for (FF, FR, RF, RR): (58, 590149, 45, 50)
[M::mem_pestat] analyzing insert size distribution for orientation FF...
[M::mem_pestat] (25, 50, 75) percentile: (75, 102, 239)
[M::mem_pestat] low and high boundaries for computing mean and std.dev: (1, 567)
[M::mem_pestat] mean and std.dev: (132.92, 93.77)
[M::mem_pestat] low and high boundaries for proper pairs: (1, 731)
[M::mem_pestat] analyzing insert size distribution for orientation FR...
[M::mem_pestat] (25, 50, 75) percentile: (111, 136, 163)
[M::mem_pestat] low and high boundaries for computing mean and std.dev: (7, 267)
[M::mem_pestat] mean and std.dev: (137.80, 39.46)
[M::mem_pestat] low and high boundaries for proper pairs: (1, 319)
[M::mem_pestat] analyzing insert size distribution for orientation RF...
[M::mem_pestat] (25, 50, 75) percentile: (45, 129, 356)
[M::mem_pestat] low and high boundaries for computing mean and std.dev: (1, 978)
[M::mem_pestat] mean and std.dev: (172.07, 187.26)
[M::mem_pestat] low and high boundaries for proper pairs: (1, 1289)
[M::mem_pestat] analyzing insert size distribution for orientation RR...
[M::mem_pestat] (25, 50, 75) percentile: (78, 100, 169)
[M::mem_pestat] low and high boundaries for computing mean and std.dev: (1, 351)
[M::mem_pestat] mean and std.dev: (109.95, 51.98)
[M::mem_pestat] low and high boundaries for proper pairs: (1, 442)
[M::mem_pestat] skip orientation FF
[M::mem_pestat] skip orientation RF
[M::mem_pestat] skip orientation RR
[M::mem_process_seqs] Processed 1854560 reads in 2106.423 CPU sec, 89.959 real sec
[M::process] read 1883814 sequences (240000020 bp)...
[M::mem_pestat] # candidate unique pairs for (FF, FR, RF, RR): (32, 599811, 43, 45)
[M::mem_pestat] analyzing insert size distribution for orientation FF...
[M::mem_pestat] (25, 50, 75) percentile: (74, 87, 143)
[M::mem_pestat] low and high boundaries for computing mean and std.dev: (1, 281)
[M::mem_pestat] mean and std.dev: (93.86, 44.21)
[M::mem_pestat] low and high boundaries for proper pairs: (1, 350)
[M::mem_pestat] analyzing insert size distribution for orientation FR...
[M::mem_pestat] (25, 50, 75) percentile: (108, 134, 162)
[M::mem_pestat] low and high boundaries for computing mean and std.dev: (1, 270)
[M::mem_pestat] mean and std.dev: (135.43, 40.88)
[M::mem_pestat] low and high boundaries for proper pairs: (1, 324)
[M::mem_pestat] analyzing insert size distribution for orientation RF...
[M::mem_pestat] (25, 50, 75) percentile: (100, 215, 373)
[M::mem_pestat] low and high boundaries for computing mean and std.dev: (1, 919)
[M::mem_pestat] mean and std.dev: (188.33, 153.84)
[M::mem_pestat] low and high boundaries for proper pairs: (1, 1192)
[M::mem_pestat] analyzing insert size distribution for orientation RR...
[M::mem_pestat] (25, 50, 75) percentile: (84, 116, 208)
[M::mem_pestat] low and high boundaries for computing mean and std.dev: (1, 456)
[M::mem_pestat] mean and std.dev: (117.63, 64.60)
[M::mem_pestat] low and high boundaries for proper pairs: (1, 580)
[M::mem_pestat] skip orientation FF
[M::mem_pestat] skip orientation RF
[M::mem_pestat] skip orientation RR
[M::mem_process_seqs] Processed 1887800 reads in 2094.351 CPU sec, 89.861 real sec
[M::process] read 1871710 sequences (240000004 bp)...
[M::mem_pestat] # candidate unique pairs for (FF, FR, RF, RR): (47, 599865, 50, 64)
[M::mem_pestat] analyzing insert size distribution for orientation FF...
[M::mem_pestat] (25, 50, 75) percentile: (79, 103, 116)
[M::mem_pestat] low and high boundaries for computing mean and std.dev: (5, 190)
[M::mem_pestat] mean and std.dev: (97.74, 28.45)
[M::mem_pestat] low and high boundaries for proper pairs: (1, 227)
[M::mem_pestat] analyzing insert size distribution for orientation FR...
[M::mem_pestat] (25, 50, 75) percentile: (108, 134, 162)
[M::mem_pestat] low and high boundaries for computing mean and std.dev: (1, 270)
[M::mem_pestat] mean and std.dev: (135.68, 40.85)
[M::mem_pestat] low and high boundaries for proper pairs: (1, 324)
[M::mem_pestat] analyzing insert size distribution for orientation RF...
[M::mem_pestat] (25, 50, 75) percentile: (62, 125, 367)
[M::mem_pestat] low and high boundaries for computing mean and std.dev: (1, 977)
[M::mem_pestat] mean and std.dev: (152.76, 157.77)
[M::mem_pestat] low and high boundaries for proper pairs: (1, 1282)
[M::mem_pestat] analyzing insert size distribution for orientation RR...
[M::mem_pestat] (25, 50, 75) percentile: (67, 90, 135)
[M::mem_pestat] low and high boundaries for computing mean and std.dev: (1, 271)
[M::mem_pestat] mean and std.dev: (92.25, 46.98)
[M::mem_pestat] low and high boundaries for proper pairs: (1, 339)
[M::mem_pestat] skip orientation FF
[M::mem_pestat] skip orientation RF
[M::mem_pestat] skip orientation RR
[M::mem_process_seqs] Processed 1883814 reads in 2095.247 CPU sec, 89.892 real sec
[M::process] read 1858870 sequences (240000109 bp)...
[M::mem_pestat] # candidate unique pairs for (FF, FR, RF, RR): (64, 596259, 36, 55)
[M::mem_pestat] analyzing insert size distribution for orientation FF...
[M::mem_pestat] (25, 50, 75) percentile: (73, 99, 172)
[M::mem_pestat] low and high boundaries for computing mean and std.dev: (1, 370)
[M::mem_pestat] mean and std.dev: (117.75, 73.30)
[M::mem_pestat] low and high boundaries for proper pairs: (1, 469)
[M::mem_pestat] analyzing insert size distribution for orientation FR...
[M::mem_pestat] (25, 50, 75) percentile: (109, 135, 163)
[M::mem_pestat] low and high boundaries for computing mean and std.dev: (1, 271)
[M::mem_pestat] mean and std.dev: (136.67, 40.54)
[M::mem_pestat] low and high boundaries for proper pairs: (1, 325)
[M::mem_pestat] analyzing insert size distribution for orientation RF...
[M::mem_pestat] (25, 50, 75) percentile: (59, 125, 830)
[M::mem_pestat] low and high boundaries for computing mean and std.dev: (1, 2372)
[M::mem_pestat] mean and std.dev: (302.73, 380.66)
[M::mem_pestat] low and high boundaries for proper pairs: (1, 3143)
[M::mem_pestat] analyzing insert size distribution for orientation RR...
[M::mem_pestat] (25, 50, 75) percentile: (71, 95, 180)
[M::mem_pestat] low and high boundaries for computing mean and std.dev: (1, 398)
[M::mem_pestat] mean and std.dev: (123.50, 85.91)
[M::mem_pestat] low and high boundaries for proper pairs: (1, 507)
[M::mem_pestat] skip orientation FF
[M::mem_pestat] skip orientation RF
[M::mem_pestat] skip orientation RR
[M::mem_process_seqs] Processed 1871710 reads in 2101.518 CPU sec, 90.306 real sec
[M::process] read 1840306 sequences (240000085 bp)...
[M::mem_pestat] # candidate unique pairs for (FF, FR, RF, RR): (55, 592142, 33, 65)
[M::mem_pestat] analyzing insert size distribution for orientation FF...
[M::mem_pestat] (25, 50, 75) percentile: (78, 90, 122)
[M::mem_pestat] low and high boundaries for computing mean and std.dev: (1, 210)
[M::mem_pestat] mean and std.dev: (89.90, 30.95)
[M::mem_pestat] low and high boundaries for proper pairs: (1, 254)
[M::mem_pestat] analyzing insert size distribution for orientation FR...
[M::mem_pestat] (25, 50, 75) percentile: (110, 135, 163)
[M::mem_pestat] low and high boundaries for computing mean and std.dev: (4, 269)
[M::mem_pestat] mean and std.dev: (137.61, 39.92)
[M::mem_pestat] low and high boundaries for proper pairs: (1, 322)
[M::mem_pestat] analyzing insert size distribution for orientation RF...
[M::mem_pestat] (25, 50, 75) percentile: (64, 132, 908)
[M::mem_pestat] low and high boundaries for computing mean and std.dev: (1, 2596)
[M::mem_pestat] mean and std.dev: (326.00, 415.54)
[M::mem_pestat] low and high boundaries for proper pairs: (1, 3440)
[M::mem_pestat] analyzing insert size distribution for orientation RR...
[M::mem_pestat] (25, 50, 75) percentile: (76, 98, 140)
[M::mem_pestat] low and high boundaries for computing mean and std.dev: (1, 268)
[M::mem_pestat] mean and std.dev: (99.50, 42.33)
[M::mem_pestat] low and high boundaries for proper pairs: (1, 332)
[M::mem_pestat] skip orientation FF
[M::mem_pestat] skip orientation RF
[M::mem_pestat] skip orientation RR
[M::mem_process_seqs] Processed 1858870 reads in 2110.101 CPU sec, 90.650 real sec
[M::process] read 1859422 sequences (240000190 bp)...
[M::mem_pestat] # candidate unique pairs for (FF, FR, RF, RR): (58, 588115, 46, 49)
[M::mem_pestat] analyzing insert size distribution for orientation FF...
[M::mem_pestat] (25, 50, 75) percentile: (89, 120, 292)
[M::mem_pestat] low and high boundaries for computing mean and std.dev: (1, 698)
[M::mem_pestat] mean and std.dev: (182.04, 153.43)
[M::mem_pestat] low and high boundaries for proper pairs: (1, 901)
[M::mem_pestat] analyzing insert size distribution for orientation FR...
[M::mem_pestat] (25, 50, 75) percentile: (112, 136, 164)
[M::mem_pestat] low and high boundaries for computing mean and std.dev: (8, 268)
[M::mem_pestat] mean and std.dev: (138.99, 38.92)
[M::mem_pestat] low and high boundaries for proper pairs: (1, 320)
[M::mem_pestat] analyzing insert size distribution for orientation RF...
[M::mem_pestat] (25, 50, 75) percentile: (74, 166, 756)
[M::mem_pestat] low and high boundaries for computing mean and std.dev: (1, 2120)
[M::mem_pestat] mean and std.dev: (318.50, 403.61)
[M::mem_pestat] low and high boundaries for proper pairs: (1, 2802)
[M::mem_pestat] analyzing insert size distribution for orientation RR...
[M::mem_pestat] (25, 50, 75) percentile: (79, 101, 199)
[M::mem_pestat] low and high boundaries for computing mean and std.dev: (1, 439)
[M::mem_pestat] mean and std.dev: (120.68, 79.18)
[M::mem_pestat] low and high boundaries for proper pairs: (1, 559)
[M::mem_pestat] skip orientation FF
[M::mem_pestat] skip orientation RF
[M::mem_pestat] skip orientation RR
[M::mem_process_seqs] Processed 1840306 reads in 2103.520 CPU sec, 90.349 real sec
