[M::bwa_idx_load_from_disk] read 0 ALT contigs
[M::process] read 1828844 sequences (240000126 bp)...
[M::process] read 1823016 sequences (240000008 bp)...
[M::mem_pestat] # candidate unique pairs for (FF, FR, RF, RR): (191, 530929, 61, 210)
[M::mem_pestat] analyzing insert size distribution for orientation FF...
[M::mem_pestat] (25, 50, 75) percentile: (78, 94, 124)
[M::mem_pestat] low and high boundaries for computing mean and std.dev: (1, 216)
[M::mem_pestat] mean and std.dev: (98.85, 32.31)
[M::mem_pestat] low and high boundaries for proper pairs: (1, 262)
[M::mem_pestat] analyzing insert size distribution for orientation FR...
[M::mem_pestat] (25, 50, 75) percentile: (109, 146, 183)
[M::mem_pestat] low and high boundaries for computing mean and std.dev: (1, 331)
[M::mem_pestat] mean and std.dev: (147.80, 52.94)
[M::mem_pestat] low and high boundaries for proper pairs: (1, 405)
[M::mem_pestat] analyzing insert size distribution for orientation RF...
[M::mem_pestat] (25, 50, 75) percentile: (67, 214, 857)
[M::mem_pestat] low and high boundaries for computing mean and std.dev: (1, 2437)
[M::mem_pestat] mean and std.dev: (358.31, 490.95)
[M::mem_pestat] low and high boundaries for proper pairs: (1, 3227)
[M::mem_pestat] analyzing insert size distribution for orientation RR...
[M::mem_pestat] (25, 50, 75) percentile: (78, 99, 136)
[M::mem_pestat] low and high boundaries for computing mean and std.dev: (1, 252)
[M::mem_pestat] mean and std.dev: (102.17, 39.64)
[M::mem_pestat] low and high boundaries for proper pairs: (1, 310)
[M::mem_pestat] skip orientation FF
[M::mem_pestat] skip orientation RF
[M::mem_pestat] skip orientation RR
[M::mem_process_seqs] Processed 1828844 reads in 2165.795 CPU sec, 91.512 real sec
[M::process] read 1823374 sequences (240000233 bp)...
[M::mem_pestat] # candidate unique pairs for (FF, FR, RF, RR): (174, 528981, 53, 210)
[M::mem_pestat] analyzing insert size distribution for orientation FF...
[M::mem_pestat] (25, 50, 75) percentile: (75, 95, 135)
[M::mem_pestat] low and high boundaries for computing mean and std.dev: (1, 255)
[M::mem_pestat] mean and std.dev: (103.35, 42.67)
[M::mem_pestat] low and high boundaries for proper pairs: (1, 315)
[M::mem_pestat] analyzing insert size distribution for orientation FR...
[M::mem_pestat] (25, 50, 75) percentile: (110, 147, 184)
[M::mem_pestat] low and high boundaries for computing mean and std.dev: (1, 332)
[M::mem_pestat] mean and std.dev: (148.28, 52.96)
[M::mem_pestat] low and high boundaries for proper pairs: (1, 406)
[M::mem_pestat] analyzing insert size distribution for orientation RF...
[M::mem_pestat] (25, 50, 75) percentile: (69, 207, 1331)
[M::mem_pestat] low and high boundaries for computing mean and std.dev: (1, 3855)
[M::mem_pestat] mean and std.dev: (437.20, 706.28)
[M::mem_pestat] low and high boundaries for proper pairs: (1, 5117)
[M::mem_pestat] analyzing insert size distribution for orientation RR...
[M::mem_pestat] (25, 50, 75) percentile: (84, 105, 139)
[M::mem_pestat] low and high boundaries for computing mean and std.dev: (1, 249)
[M::mem_pestat] mean and std.dev: (109.56, 38.30)
[M::mem_pestat] low and high boundaries for proper pairs: (1, 304)
[M::mem_pestat] skip orientation FF
[M::mem_pestat] skip orientation RF
[M::mem_pestat] skip orientation RR
[M::mem_process_seqs] Processed 1823016 reads in 2211.908 CPU sec, 94.598 real sec
[M::process] read 1819786 sequences (240000223 bp)...
[M::mem_pestat] # candidate unique pairs for (FF, FR, RF, RR): (186, 529823, 51, 225)
[M::mem_pestat] analyzing insert size distribution for orientation FF...
[M::mem_pestat] (25, 50, 75) percentile: (78, 97, 130)
[M::mem_pestat] low and high boundaries for computing mean and std.dev: (1, 234)
[M::mem_pestat] mean and std.dev: (100.40, 36.53)
[M::mem_pestat] low and high boundaries for proper pairs: (1, 286)
[M::mem_pestat] analyzing insert size distribution for orientation FR...
[M::mem_pestat] (25, 50, 75) percentile: (110, 146, 184)
[M::mem_pestat] low and high boundaries for computing mean and std.dev: (1, 332)
[M::mem_pestat] mean and std.dev: (148.27, 53.08)
[M::mem_pestat] low and high boundaries for proper pairs: (1, 406)
[M::mem_pestat] analyzing insert size distribution for orientation RF...
[M::mem_pestat] (25, 50, 75) percentile: (119, 275, 1080)
[M::mem_pestat] low and high boundaries for computing mean and std.dev: (1, 3002)
[M::mem_pestat] mean and std.dev: (646.48, 815.68)
[M::mem_pestat] low and high boundaries for proper pairs: (1, 3963)
[M::mem_pestat] analyzing insert size distribution for orientation RR...
[M::mem_pestat] (25, 50, 75) percentile: (76, 96, 137)
[M::mem_pestat] low and high boundaries for computing mean and std.dev: (1, 259)
[M::mem_pestat] mean and std.dev: (105.17, 42.23)
[M::mem_pestat] low and high boundaries for proper pairs: (1, 320)
[M::mem_pestat] skip orientation FF
[M::mem_pestat] skip orientation RF
[M::mem_pestat] skip orientation RR
[M::mem_process_seqs] Processed 1823374 reads in 2225.323 CPU sec, 95.714 real sec
[M::process] read 1813302 sequences (240000071 bp)...
[M::mem_pestat] # candidate unique pairs for (FF, FR, RF, RR): (211, 529652, 46, 227)
[M::mem_pestat] analyzing insert size distribution for orientation FF...
[M::mem_pestat] (25, 50, 75) percentile: (80, 104, 140)
[M::mem_pestat] low and high boundaries for computing mean and std.dev: (1, 260)
[M::mem_pestat] mean and std.dev: (104.42, 38.43)
[M::mem_pestat] low and high boundaries for proper pairs: (1, 320)
[M::mem_pestat] analyzing insert size distribution for orientation FR...
[M::mem_pestat] (25, 50, 75) percentile: (110, 147, 184)
[M::mem_pestat] low and high boundaries for computing mean and std.dev: (1, 332)
[M::mem_pestat] mean and std.dev: (148.68, 52.98)
[M::mem_pestat] low and high boundaries for proper pairs: (1, 406)
[M::mem_pestat] analyzing insert size distribution for orientation RF...
[M::mem_pestat] (25, 50, 75) percentile: (76, 156, 396)
[M::mem_pestat] low and high boundaries for computing mean and std.dev: (1, 1036)
[M::mem_pestat] mean and std.dev: (213.17, 220.20)
[M::mem_pestat] low and high boundaries for proper pairs: (1, 1356)
[M::mem_pestat] analyzing insert size distribution for orientation RR...
[M::mem_pestat] (25, 50, 75) percentile: (80, 105, 132)
[M::mem_pestat] low and high boundaries for computing mean and std.dev: (1, 236)
[M::mem_pestat] mean and std.dev: (104.01, 35.14)
[M::mem_pestat] low and high boundaries for proper pairs: (1, 288)
[M::mem_pestat] skip orientation FF
[M::mem_pestat] skip orientation RF
[M::mem_pestat] skip orientation RR
[M::mem_process_seqs] Processed 1819786 reads in 2221.893 CPU sec, 95.513 real sec
[M::process] read 1817030 sequences (240000151 bp)...
[M::mem_pestat] # candidate unique pairs for (FF, FR, RF, RR): (223, 526879, 41, 201)
[M::mem_pestat] analyzing insert size distribution for orientation FF...
[M::mem_pestat] (25, 50, 75) percentile: (78, 104, 140)
[M::mem_pestat] low and high boundaries for computing mean and std.dev: (1, 264)
[M::mem_pestat] mean and std.dev: (107.75, 42.93)
[M::mem_pestat] low and high boundaries for proper pairs: (1, 326)
[M::mem_pestat] analyzing insert size distribution for orientation FR...
[M::mem_pestat] (25, 50, 75) percentile: (111, 148, 185)
[M::mem_pestat] low and high boundaries for computing mean and std.dev: (1, 333)
[M::mem_pestat] mean and std.dev: (149.24, 53.06)
[M::mem_pestat] low and high boundaries for proper pairs: (1, 407)
[M::mem_pestat] analyzing insert size distribution for orientation RF...
[M::mem_pestat] (25, 50, 75) percentile: (76, 201, 736)
[M::mem_pestat] low and high boundaries for computing mean and std.dev: (1, 2056)
[M::mem_pestat] mean and std.dev: (289.29, 366.20)
[M::mem_pestat] low and high boundaries for proper pairs: (1, 2716)
[M::mem_pestat] analyzing insert size distribution for orientation RR...
[M::mem_pestat] (25, 50, 75) percentile: (80, 100, 136)
[M::mem_pestat] low and high boundaries for computing mean and std.dev: (1, 248)
[M::mem_pestat] mean and std.dev: (103.36, 36.70)
[M::mem_pestat] low and high boundaries for proper pairs: (1, 304)
[M::mem_pestat] skip orientation FF
[M::mem_pestat] skip orientation RF
[M::mem_pestat] skip orientation RR
[M::mem_process_seqs] Processed 1813302 reads in 2236.622 CPU sec, 96.059 real sec
[M::process] read 1809536 sequences (240000025 bp)...
[M::mem_pestat] # candidate unique pairs for (FF, FR, RF, RR): (214, 528032, 50, 220)
[M::mem_pestat] analyzing insert size distribution for orientation FF...
[M::mem_pestat] (25, 50, 75) percentile: (77, 95, 132)
[M::mem_pestat] low and high boundaries for computing mean and std.dev: (1, 242)
[M::mem_pestat] mean and std.dev: (101.38, 36.32)
[M::mem_pestat] low and high boundaries for proper pairs: (1, 297)
[M::mem_pestat] analyzing insert size distribution for orientation FR...
[M::mem_pestat] (25, 50, 75) percentile: (110, 147, 184)
[M::mem_pestat] low and high boundaries for computing mean and std.dev: (1, 332)
[M::mem_pestat] mean and std.dev: (148.84, 52.98)
[M::mem_pestat] low and high boundaries for proper pairs: (1, 406)
[M::mem_pestat] analyzing insert size distribution for orientation RF...
[M::mem_pestat] (25, 50, 75) percentile: (67, 132, 331)
[M::mem_pestat] low and high boundaries for computing mean and std.dev: (1, 859)
[M::mem_pestat] mean and std.dev: (208.78, 223.08)
[M::mem_pestat] low and high boundaries for proper pairs: (1, 1123)
[M::mem_pestat] analyzing insert size distribution for orientation RR...
[M::mem_pestat] (25, 50, 75) percentile: (74, 94, 124)
[M::mem_pestat] low and high boundaries for computing mean and std.dev: (1, 224)
[M::mem_pestat] mean and std.dev: (98.05, 33.79)
[M::mem_pestat] low and high boundaries for proper pairs: (1, 274)
[M::mem_pestat] skip orientation FF
[M::mem_pestat] skip orientation RF
[M::mem_pestat] skip orientation RR
[M::mem_process_seqs] Processed 1817030 reads in 2230.437 CPU sec, 95.822 real sec
[M::process] read 1806560 sequences (240000090 bp)...
[M::mem_pestat] # candidate unique pairs for (FF, FR, RF, RR): (206, 525925, 58, 227)
[M::mem_pestat] analyzing insert size distribution for orientation FF...
[M::mem_pestat] (25, 50, 75) percentile: (79, 101, 133)
[M::mem_pestat] low and high boundaries for computing mean and std.dev: (1, 241)
[M::mem_pestat] mean and std.dev: (104.22, 35.11)
[M::mem_pestat] low and high boundaries for proper pairs: (1, 295)
[M::mem_pestat] analyzing insert size distribution for orientation FR...
[M::mem_pestat] (25, 50, 75) percentile: (111, 148, 185)
[M::mem_pestat] low and high boundaries for computing mean and std.dev: (1, 333)
[M::mem_pestat] mean and std.dev: (149.50, 52.59)
[M::mem_pestat] low and high boundaries for proper pairs: (1, 407)
[M::mem_pestat] analyzing insert size distribution for orientation RF...
[M::mem_pestat] (25, 50, 75) percentile: (42, 181, 374)
[M::mem_pestat] low and high boundaries for computing mean and std.dev: (1, 1038)
[M::mem_pestat] mean and std.dev: (203.00, 201.11)
[M::mem_pestat] low and high boundaries for proper pairs: (1, 1370)
[M::mem_pestat] analyzing insert size distribution for orientation RR...
[M::mem_pestat] (25, 50, 75) percentile: (81, 102, 137)
[M::mem_pestat] low and high boundaries for computing mean and std.dev: (1, 249)
[M::mem_pestat] mean and std.dev: (106.27, 41.52)
[M::mem_pestat] low and high boundaries for proper pairs: (1, 305)
[M::mem_pestat] skip orientation FF
[M::mem_pestat] skip orientation RF
[M::mem_pestat] skip orientation RR
[M::mem_process_seqs] Processed 1809536 reads in 2229.551 CPU sec, 95.715 real sec
[M::process] read 1815128 sequences (240000163 bp)...
[M::mem_pestat] # candidate unique pairs for (FF, FR, RF, RR): (197, 525901, 49, 209)
[M::mem_pestat] analyzing insert size distribution for orientation FF...
[M::mem_pestat] (25, 50, 75) percentile: (80, 102, 134)
[M::mem_pestat] low and high boundaries for computing mean and std.dev: (1, 242)
[M::mem_pestat] mean and std.dev: (105.89, 40.09)
[M::mem_pestat] low and high boundaries for proper pairs: (1, 296)
[M::mem_pestat] analyzing insert size distribution for orientation FR...
[M::mem_pestat] (25, 50, 75) percentile: (112, 148, 185)
[M::mem_pestat] low and high boundaries for computing mean and std.dev: (1, 331)
[M::mem_pestat] mean and std.dev: (149.47, 52.37)
[M::mem_pestat] low and high boundaries for proper pairs: (1, 404)
[M::mem_pestat] analyzing insert size distribution for orientation RF...
[M::mem_pestat] (25, 50, 75) percentile: (56, 137, 539)
[M::mem_pestat] low and high boundaries for computing mean and std.dev: (1, 1505)
[M::mem_pestat] mean and std.dev: (253.98, 275.10)
[M::mem_pestat] low and high boundaries for proper pairs: (1, 1988)
[M::mem_pestat] analyzing insert size distribution for orientation RR...
[M::mem_pestat] (25, 50, 75) percentile: (81, 102, 139)
[M::mem_pestat] low and high boundaries for computing mean and std.dev: (1, 255)
[M::mem_pestat] mean and std.dev: (107.01, 39.39)
[M::mem_pestat] low and high boundaries for proper pairs: (1, 313)
[M::mem_pestat] skip orientation FF
[M::mem_pestat] skip orientation RF
[M::mem_pestat] skip orientation RR
[M::mem_process_seqs] Processed 1806560 reads in 2227.088 CPU sec, 95.615 real sec
[M::process] read 1822076 sequences (240000078 bp)...
[M::mem_pestat] # candidate unique pairs for (FF, FR, RF, RR): (184, 527302, 59, 179)
[M::mem_pestat] analyzing insert size distribution for orientation FF...
[M::mem_pestat] (25, 50, 75) percentile: (82, 102, 130)
[M::mem_pestat] low and high boundaries for computing mean and std.dev: (1, 226)
[M::mem_pestat] mean and std.dev: (103.77, 33.33)
[M::mem_pestat] low and high boundaries for proper pairs: (1, 274)
[M::mem_pestat] analyzing insert size distribution for orientation FR...
[M::mem_pestat] (25, 50, 75) percentile: (111, 147, 184)
[M::mem_pestat] low and high boundaries for computing mean and std.dev: (1, 330)
[M::mem_pestat] mean and std.dev: (148.76, 52.60)
[M::mem_pestat] low and high boundaries for proper pairs: (1, 403)
[M::mem_pestat] analyzing insert size distribution for orientation RF...
[M::mem_pestat] (25, 50, 75) percentile: (82, 200, 701)
[M::mem_pestat] low and high boundaries for computing mean and std.dev: (1, 1939)
[M::mem_pestat] mean and std.dev: (349.16, 425.02)
[M::mem_pestat] low and high boundaries for proper pairs: (1, 2558)
[M::mem_pestat] analyzing insert size distribution for orientation RR...
[M::mem_pestat] (25, 50, 75) percentile: (81, 102, 141)
[M::mem_pestat] low and high boundaries for computing mean and std.dev: (1, 261)
[M::mem_pestat] mean and std.dev: (107.74, 43.01)
[M::mem_pestat] low and high boundaries for proper pairs: (1, 321)
[M::mem_pestat] skip orientation FF
[M::mem_pestat] skip orientation RF
[M::mem_pestat] skip orientation RR
[M::mem_process_seqs] Processed 1815128 reads in 2238.830 CPU sec, 96.149 real sec
[M::process] read 1820416 sequences (240000195 bp)...
[M::mem_pestat] # candidate unique pairs for (FF, FR, RF, RR): (217, 529265, 50, 207)
[M::mem_pestat] analyzing insert size distribution for orientation FF...
[M::mem_pestat] (25, 50, 75) percentile: (75, 98, 133)
[M::mem_pestat] low and high boundaries for computing mean and std.dev: (1, 249)
[M::mem_pestat] mean and std.dev: (101.68, 39.65)
[M::mem_pestat] low and high boundaries for proper pairs: (1, 307)
[M::mem_pestat] analyzing insert size distribution for orientation FR...
[M::mem_pestat] (25, 50, 75) percentile: (110, 147, 184)
[M::mem_pestat] low and high boundaries for computing mean and std.dev: (1, 332)
[M::mem_pestat] mean and std.dev: (148.45, 53.05)
[M::mem_pestat] low and high boundaries for proper pairs: (1, 406)
[M::mem_pestat] analyzing insert size distribution for orientation RF...
[M::mem_pestat] (25, 50, 75) percentile: (79, 284, 739)
[M::mem_pestat] low and high boundaries for computing mean and std.dev: (1, 2059)
[M::mem_pestat] mean and std.dev: (353.30, 379.57)
[M::mem_pestat] low and high boundaries for proper pairs: (1, 2719)
[M::mem_pestat] analyzing insert size distribution for orientation RR...
[M::mem_pestat] (25, 50, 75) percentile: (75, 94, 131)
[M::mem_pestat] low and high boundaries for computing mean and std.dev: (1, 243)
[M::mem_pestat] mean and std.dev: (100.46, 37.86)
[M::mem_pestat] low and high boundaries for proper pairs: (1, 299)
[M::mem_pestat] skip orientation FF
[M::mem_pestat] skip orientation RF
[M::mem_pestat] skip orientation RR
[M::mem_process_seqs] Processed 1822076 reads in 2225.837 CPU sec, 95.627 real sec
[M::process] read 1818208 sequences (240000293 bp)...
[M::mem_pestat] # candidate unique pairs for (FF, FR, RF, RR): (187, 528683, 53, 210)
[M::mem_pestat] analyzing insert size distribution for orientation FF...
[M::mem_pestat] (25, 50, 75) percentile: (80, 103, 149)
[M::mem_pestat] low and high boundaries for computing mean and std.dev: (1, 287)
[M::mem_pestat] mean and std.dev: (114.25, 49.54)
[M::mem_pestat] low and high boundaries for proper pairs: (1, 356)
[M::mem_pestat] analyzing insert size distribution for orientation FR...
[M::mem_pestat] (25, 50, 75) percentile: (110, 147, 184)
[M::mem_pestat] low and high boundaries for computing mean and std.dev: (1, 332)
[M::mem_pestat] mean and std.dev: (148.67, 53.07)
[M::mem_pestat] low and high boundaries for proper pairs: (1, 406)
[M::mem_pestat] analyzing insert size distribution for orientation RF...
[M::mem_pestat] (25, 50, 75) percentile: (42, 92, 658)
[M::mem_pestat] low and high boundaries for computing mean and std.dev: (1, 1890)
[M::mem_pestat] mean and std.dev: (289.82, 421.45)
[M::mem_pestat] low and high boundaries for proper pairs: (1, 2506)
[M::mem_pestat] analyzing insert size distribution for orientation RR...
[M::mem_pestat] (25, 50, 75) percentile: (81, 104, 134)
[M::mem_pestat] low and high boundaries for computing mean and std.dev: (1, 240)
[M::mem_pestat] mean and std.dev: (103.52, 36.52)
[M::mem_pestat] low and high boundaries for proper pairs: (1, 293)
[M::mem_pestat] skip orientation FF
[M::mem_pestat] skip orientation RF
[M::mem_pestat] skip orientation RR
[M::mem_process_seqs] Processed 1820416 reads in 2235.065 CPU sec, 95.965 real sec
[M::process] read 1813426 sequences (240000175 bp)...
[M::mem_pestat] # candidate unique pairs for (FF, FR, RF, RR): (208, 527891, 59, 209)
[M::mem_pestat] analyzing insert size distribution for orientation FF...
[M::mem_pestat] (25, 50, 75) percentile: (79, 100, 132)
[M::mem_pestat] low and high boundaries for computing mean and std.dev: (1, 238)
[M::mem_pestat] mean and std.dev: (102.73, 37.06)
[M::mem_pestat] low and high boundaries for proper pairs: (1, 291)
[M::mem_pestat] analyzing insert size distribution for orientation FR...
[M::mem_pestat] (25, 50, 75) percentile: (110, 147, 185)
[M::mem_pestat] low and high boundaries for computing mean and std.dev: (1, 335)
[M::mem_pestat] mean and std.dev: (149.00, 53.22)
[M::mem_pestat] low and high boundaries for proper pairs: (1, 410)
[M::mem_pestat] analyzing insert size distribution for orientation RF...
[M::mem_pestat] (25, 50, 75) percentile: (82, 180, 431)
[M::mem_pestat] low and high boundaries for computing mean and std.dev: (1, 1129)
[M::mem_pestat] mean and std.dev: (220.10, 236.25)
[M::mem_pestat] low and high boundaries for proper pairs: (1, 1478)
[M::mem_pestat] analyzing insert size distribution for orientation RR...
[M::mem_pestat] (25, 50, 75) percentile: (74, 89, 123)
[M::mem_pestat] low and high boundaries for computing mean and std.dev: (1, 221)
[M::mem_pestat] mean and std.dev: (98.03, 35.12)
[M::mem_pestat] low and high boundaries for proper pairs: (1, 270)
[M::mem_pestat] skip orientation FF
[M::mem_pestat] skip orientation RF
[M::mem_pestat] skip orientation RR
[M::mem_process_seqs] Processed 1818208 reads in 2226.966 CPU sec, 95.714 real sec
[M::process] read 1812716 sequences (240000005 bp)...
[M::mem_pestat] # candidate unique pairs for (FF, FR, RF, RR): (202, 526709, 42, 189)
[M::mem_pestat] analyzing insert size distribution for orientation FF...
[M::mem_pestat] (25, 50, 75) percentile: (76, 100, 127)
[M::mem_pestat] low and high boundaries for computing mean and std.dev: (1, 229)
[M::mem_pestat] mean and std.dev: (97.98, 30.85)
[M::mem_pestat] low and high boundaries for proper pairs: (1, 280)
[M::mem_pestat] analyzing insert size distribution for orientation FR...
[M::mem_pestat] (25, 50, 75) percentile: (111, 148, 185)
[M::mem_pestat] low and high boundaries for computing mean and std.dev: (1, 333)
[M::mem_pestat] mean and std.dev: (149.22, 53.10)
[M::mem_pestat] low and high boundaries for proper pairs: (1, 407)
[M::mem_pestat] analyzing insert size distribution for orientation RF...
[M::mem_pestat] (25, 50, 75) percentile: (72, 316, 731)
[M::mem_pestat] low and high boundaries for computing mean and std.dev: (1, 2049)
[M::mem_pestat] mean and std.dev: (293.66, 282.04)
[M::mem_pestat] low and high boundaries for proper pairs: (1, 2708)
[M::mem_pestat] analyzing insert size distribution for orientation RR...
[M::mem_pestat] (25, 50, 75) percentile: (84, 106, 147)
[M::mem_pestat] low and high boundaries for computing mean and std.dev: (1, 273)
[M::mem_pestat] mean and std.dev: (108.09, 38.73)
[M::mem_pestat] low and high boundaries for proper pairs: (1, 336)
[M::mem_pestat] skip orientation FF
[M::mem_pestat] skip orientation RF
[M::mem_pestat] skip orientation RR
[M::mem_process_seqs] Processed 1813426 reads in 2236.549 CPU sec, 96.122 real sec
[M::process] read 1811502 sequences (240000126 bp)...
[M::mem_pestat] # candidate unique pairs for (FF, FR, RF, RR): (215, 526311, 57, 184)
[M::mem_pestat] analyzing insert size distribution for orientation FF...
[M::mem_pestat] (25, 50, 75) percentile: (81, 98, 128)
[M::mem_pestat] low and high boundaries for computing mean and std.dev: (1, 222)
[M::mem_pestat] mean and std.dev: (100.64, 33.06)
[M::mem_pestat] low and high boundaries for proper pairs: (1, 269)
[M::mem_pestat] analyzing insert size distribution for orientation FR...
[M::mem_pestat] (25, 50, 75) percentile: (111, 147, 185)
[M::mem_pestat] low and high boundaries for computing mean and std.dev: (1, 333)
[M::mem_pestat] mean and std.dev: (149.25, 53.05)
[M::mem_pestat] low and high boundaries for proper pairs: (1, 407)
[M::mem_pestat] analyzing insert size distribution for orientation RF...
[M::mem_pestat] (25, 50, 75) percentile: (74, 150, 548)
[M::mem_pestat] low and high boundaries for computing mean and std.dev: (1, 1496)
[M::mem_pestat] mean and std.dev: (189.56, 212.09)
[M::mem_pestat] low and high boundaries for proper pairs: (1, 1970)
[M::mem_pestat] analyzing insert size distribution for orientation RR...
[M::mem_pestat] (25, 50, 75) percentile: (77, 96, 136)
[M::mem_pestat] low and high boundaries for computing mean and std.dev: (1, 254)
[M::mem_pestat] mean and std.dev: (103.95, 43.19)
[M::mem_pestat] low and high boundaries for proper pairs: (1, 313)
[M::mem_pestat] skip orientation FF
[M::mem_pestat] skip orientation RF
[M::mem_pestat] skip orientation RR
[M::mem_process_seqs] Processed 1812716 reads in 2236.916 CPU sec, 96.006 real sec
[M::process] read 1808408 sequences (240000112 bp)...
[M::mem_pestat] # candidate unique pairs for (FF, FR, RF, RR): (222, 527262, 59, 211)
[M::mem_pestat] analyzing insert size distribution for orientation FF...
[M::mem_pestat] (25, 50, 75) percentile: (81, 104, 133)
[M::mem_pestat] low and high boundaries for computing mean and std.dev: (1, 237)
[M::mem_pestat] mean and std.dev: (104.77, 36.49)
[M::mem_pestat] low and high boundaries for proper pairs: (1, 289)
[M::mem_pestat] analyzing insert size distribution for orientation FR...
[M::mem_pestat] (25, 50, 75) percentile: (111, 148, 185)
[M::mem_pestat] low and high boundaries for computing mean and std.dev: (1, 333)
[M::mem_pestat] mean and std.dev: (149.30, 52.88)
[M::mem_pestat] low and high boundaries for proper pairs: (1, 407)
[M::mem_pestat] analyzing insert size distribution for orientation RF...
[M::mem_pestat] (25, 50, 75) percentile: (64, 133, 459)
[M::mem_pestat] low and high boundaries for computing mean and std.dev: (1, 1249)
[M::mem_pestat] mean and std.dev: (177.59, 190.27)
[M::mem_pestat] low and high boundaries for proper pairs: (1, 1644)
[M::mem_pestat] analyzing insert size distribution for orientation RR...
[M::mem_pestat] (25, 50, 75) percentile: (77, 98, 123)
[M::mem_pestat] low and high boundaries for computing mean and std.dev: (1, 215)
[M::mem_pestat] mean and std.dev: (101.40, 36.20)
[M::mem_pestat] low and high boundaries for proper pairs: (1, 261)
[M::mem_pestat] skip orientation FF
[M::mem_pestat] skip orientation RF
[M::mem_pestat] skip orientation RR
[M::mem_process_seqs] Processed 1811502 reads in 2223.577 CPU sec, 95.530 real sec
[M::process] read 1807626 sequences (240000053 bp)...
[M::mem_pestat] # candidate unique pairs for (FF, FR, RF, RR): (195, 525767, 58, 221)
[M::mem_pestat] analyzing insert size distribution for orientation FF...
[M::mem_pestat] (25, 50, 75) percentile: (81, 100, 150)
[M::mem_pestat] low and high boundaries for computing mean and std.dev: (1, 288)
[M::mem_pestat] mean and std.dev: (111.43, 50.03)
[M::mem_pestat] low and high boundaries for proper pairs: (1, 357)
[M::mem_pestat] analyzing insert size distribution for orientation FR...
[M::mem_pestat] (25, 50, 75) percentile: (111, 148, 185)
[M::mem_pestat] low and high boundaries for computing mean and std.dev: (1, 333)
[M::mem_pestat] mean and std.dev: (149.44, 52.68)
[M::mem_pestat] low and high boundaries for proper pairs: (1, 407)
[M::mem_pestat] analyzing insert size distribution for orientation RF...
[M::mem_pestat] (25, 50, 75) percentile: (60, 190, 372)
[M::mem_pestat] low and high boundaries for computing mean and std.dev: (1, 996)
[M::mem_pestat] mean and std.dev: (183.84, 175.82)
[M::mem_pestat] low and high boundaries for proper pairs: (1, 1308)
[M::mem_pestat] analyzing insert size distribution for orientation RR...
[M::mem_pestat] (25, 50, 75) percentile: (78, 94, 138)
[M::mem_pestat] low and high boundaries for computing mean and std.dev: (1, 258)
[M::mem_pestat] mean and std.dev: (103.27, 41.49)
[M::mem_pestat] low and high boundaries for proper pairs: (1, 318)
[M::mem_pestat] skip orientation FF
[M::mem_pestat] skip orientation RF
[M::mem_pestat] skip orientation RR
[M::mem_process_seqs] Processed 1808408 reads in 2230.858 CPU sec, 95.925 real sec
