[M::bwa_idx_load_from_disk] read 0 ALT contigs
[M::process] read 1669386 sequences (240000104 bp)...
[M::process] read 1667090 sequences (240000221 bp)...
[M::mem_pestat] # candidate unique pairs for (FF, FR, RF, RR): (461, 484195, 117, 475)
[M::mem_pestat] analyzing insert size distribution for orientation FF...
[M::mem_pestat] (25, 50, 75) percentile: (89, 116, 160)
[M::mem_pestat] low and high boundaries for computing mean and std.dev: (1, 302)
[M::mem_pestat] mean and std.dev: (121.46, 45.91)
[M::mem_pestat] low and high boundaries for proper pairs: (1, 373)
[M::mem_pestat] analyzing insert size distribution for orientation FR...
[M::mem_pestat] (25, 50, 75) percentile: (153, 184, 218)
[M::mem_pestat] low and high boundaries for computing mean and std.dev: (23, 348)
[M::mem_pestat] mean and std.dev: (186.45, 49.20)
[M::mem_pestat] low and high boundaries for proper pairs: (1, 413)
[M::mem_pestat] analyzing insert size distribution for orientation RF...
[M::mem_pestat] (25, 50, 75) percentile: (74, 186, 564)
[M::mem_pestat] low and high boundaries for computing mean and std.dev: (1, 1544)
[M::mem_pestat] mean and std.dev: (277.41, 306.55)
[M::mem_pestat] low and high boundaries for proper pairs: (1, 2034)
[M::mem_pestat] analyzing insert size distribution for orientation RR...
[M::mem_pestat] (25, 50, 75) percentile: (94, 119, 165)
[M::mem_pestat] low and high boundaries for computing mean and std.dev: (1, 307)
[M::mem_pestat] mean and std.dev: (125.24, 49.37)
[M::mem_pestat] low and high boundaries for proper pairs: (1, 378)
[M::mem_pestat] skip orientation FF
[M::mem_pestat] skip orientation RF
[M::mem_pestat] skip orientation RR
[M::mem_process_seqs] Processed 1669386 reads in 2240.918 CPU sec, 94.452 real sec
[M::process] read 1666056 sequences (240000033 bp)...
[M::mem_pestat] # candidate unique pairs for (FF, FR, RF, RR): (385, 483612, 104, 444)
[M::mem_pestat] analyzing insert size distribution for orientation FF...
[M::mem_pestat] (25, 50, 75) percentile: (90, 119, 160)
[M::mem_pestat] low and high boundaries for computing mean and std.dev: (1, 300)
[M::mem_pestat] mean and std.dev: (122.19, 42.40)
[M::mem_pestat] low and high boundaries for proper pairs: (1, 370)
[M::mem_pestat] analyzing insert size distribution for orientation FR...
[M::mem_pestat] (25, 50, 75) percentile: (153, 184, 219)
[M::mem_pestat] low and high boundaries for computing mean and std.dev: (21, 351)
[M::mem_pestat] mean and std.dev: (186.96, 49.50)
[M::mem_pestat] low and high boundaries for proper pairs: (1, 417)
[M::mem_pestat] analyzing insert size distribution for orientation RF...
[M::mem_pestat] (25, 50, 75) percentile: (93, 223, 509)
[M::mem_pestat] low and high boundaries for computing mean and std.dev: (1, 1341)
[M::mem_pestat] mean and std.dev: (222.66, 196.66)
[M::mem_pestat] low and high boundaries for proper pairs: (1, 1757)
[M::mem_pestat] analyzing insert size distribution for orientation RR...
[M::mem_pestat] (25, 50, 75) percentile: (94, 121, 165)
[M::mem_pestat] low and high boundaries for computing mean and std.dev: (1, 307)
[M::mem_pestat] mean and std.dev: (128.31, 51.09)
[M::mem_pestat] low and high boundaries for proper pairs: (1, 378)
[M::mem_pestat] skip orientation FF
[M::mem_pestat] skip orientation RF
[M::mem_pestat] skip orientation RR
[M::mem_process_seqs] Processed 1667090 reads in 2283.927 CPU sec, 97.427 real sec
[M::process] read 1666254 sequences (240000008 bp)...
[M::mem_pestat] # candidate unique pairs for (FF, FR, RF, RR): (396, 482838, 107, 403)
[M::mem_pestat] analyzing insert size distribution for orientation FF...
[M::mem_pestat] (25, 50, 75) percentile: (92, 118, 159)
[M::mem_pestat] low and high boundaries for computing mean and std.dev: (1, 293)
[M::mem_pestat] mean and std.dev: (122.44, 45.94)
[M::mem_pestat] low and high boundaries for proper pairs: (1, 360)
[M::mem_pestat] analyzing insert size distribution for orientation FR...
[M::mem_pestat] (25, 50, 75) percentile: (154, 184, 220)
[M::mem_pestat] low and high boundaries for computing mean and std.dev: (22, 352)
[M::mem_pestat] mean and std.dev: (187.33, 49.51)
[M::mem_pestat] low and high boundaries for proper pairs: (1, 418)
[M::mem_pestat] analyzing insert size distribution for orientation RF...
[M::mem_pestat] (25, 50, 75) percentile: (75, 231, 535)
[M::mem_pestat] low and high boundaries for computing mean and std.dev: (1, 1455)
[M::mem_pestat] mean and std.dev: (254.39, 244.36)
[M::mem_pestat] low and high boundaries for proper pairs: (1, 1915)
[M::mem_pestat] analyzing insert size distribution for orientation RR...
[M::mem_pestat] (25, 50, 75) percentile: (94, 119, 157)
[M::mem_pestat] low and high boundaries for computing mean and std.dev: (1, 283)
[M::mem_pestat] mean and std.dev: (123.19, 43.95)
[M::mem_pestat] low and high boundaries for proper pairs: (1, 346)
[M::mem_pestat] skip orientation FF
[M::mem_pestat] skip orientation RF
[M::mem_pestat] skip orientation RR
[M::mem_process_seqs] Processed 1666056 reads in 2294.253 CPU sec, 98.404 real sec
[M::process] read 1667314 sequences (240000216 bp)...
[M::mem_pestat] # candidate unique pairs for (FF, FR, RF, RR): (446, 483762, 114, 452)
[M::mem_pestat] analyzing insert size distribution for orientation FF...
[M::mem_pestat] (25, 50, 75) percentile: (91, 112, 153)
[M::mem_pestat] low and high boundaries for computing mean and std.dev: (1, 277)
[M::mem_pestat] mean and std.dev: (119.54, 42.82)
[M::mem_pestat] low and high boundaries for proper pairs: (1, 339)
[M::mem_pestat] analyzing insert size distribution for orientation FR...
[M::mem_pestat] (25, 50, 75) percentile: (154, 184, 219)
[M::mem_pestat] low and high boundaries for computing mean and std.dev: (24, 349)
[M::mem_pestat] mean and std.dev: (187.03, 49.34)
[M::mem_pestat] low and high boundaries for proper pairs: (1, 414)
[M::mem_pestat] analyzing insert size distribution for orientation RF...
[M::mem_pestat] (25, 50, 75) percentile: (75, 190, 592)
[M::mem_pestat] low and high boundaries for computing mean and std.dev: (1, 1626)
[M::mem_pestat] mean and std.dev: (303.67, 347.11)
[M::mem_pestat] low and high boundaries for proper pairs: (1, 2143)
[M::mem_pestat] analyzing insert size distribution for orientation RR...
[M::mem_pestat] (25, 50, 75) percentile: (96, 126, 166)
[M::mem_pestat] low and high boundaries for computing mean and std.dev: (1, 306)
[M::mem_pestat] mean and std.dev: (127.17, 47.13)
[M::mem_pestat] low and high boundaries for proper pairs: (1, 376)
[M::mem_pestat] skip orientation FF
[M::mem_pestat] skip orientation RF
[M::mem_pestat] skip orientation RR
[M::mem_process_seqs] Processed 1666254 reads in 2297.262 CPU sec, 98.453 real sec
[M::process] read 1665058 sequences (240000182 bp)...
[M::mem_pestat] # candidate unique pairs for (FF, FR, RF, RR): (405, 483303, 99, 392)
[M::mem_pestat] analyzing insert size distribution for orientation FF...
[M::mem_pestat] (25, 50, 75) percentile: (92, 118, 160)
[M::mem_pestat] low and high boundaries for computing mean and std.dev: (1, 296)
[M::mem_pestat] mean and std.dev: (126.10, 47.67)
[M::mem_pestat] low and high boundaries for proper pairs: (1, 364)
[M::mem_pestat] analyzing insert size distribution for orientation FR...
[M::mem_pestat] (25, 50, 75) percentile: (154, 184, 219)
[M::mem_pestat] low and high boundaries for computing mean and std.dev: (24, 349)
[M::mem_pestat] mean and std.dev: (186.95, 49.36)
[M::mem_pestat] low and high boundaries for proper pairs: (1, 414)
[M::mem_pestat] analyzing insert size distribution for orientation RF...
[M::mem_pestat] (25, 50, 75) percentile: (68, 183, 584)
[M::mem_pestat] low and high boundaries for computing mean and std.dev: (1, 1616)
[M::mem_pestat] mean and std.dev: (201.21, 266.26)
[M::mem_pestat] low and high boundaries for proper pairs: (1, 2132)
[M::mem_pestat] analyzing insert size distribution for orientation RR...
[M::mem_pestat] (25, 50, 75) percentile: (94, 118, 159)
[M::mem_pestat] low and high boundaries for computing mean and std.dev: (1, 289)
[M::mem_pestat] mean and std.dev: (121.13, 44.37)
[M::mem_pestat] low and high boundaries for proper pairs: (1, 354)
[M::mem_pestat] skip orientation FF
[M::mem_pestat] skip orientation RF
[M::mem_pestat] skip orientation RR
[M::mem_process_seqs] Processed 1667314 reads in 2300.596 CPU sec, 98.566 real sec
[M::process] read 1662726 sequences (240000237 bp)...
[M::mem_pestat] # candidate unique pairs for (FF, FR, RF, RR): (422, 482434, 120, 465)
[M::mem_pestat] analyzing insert size distribution for orientation FF...
[M::mem_pestat] (25, 50, 75) percentile: (93, 117, 157)
[M::mem_pestat] low and high boundaries for computing mean and std.dev: (1, 285)
[M::mem_pestat] mean and std.dev: (123.21, 43.66)
[M::mem_pestat] low and high boundaries for proper pairs: (1, 349)
[M::mem_pestat] analyzing insert size distribution for orientation FR...
[M::mem_pestat] (25, 50, 75) percentile: (154, 185, 220)
[M::mem_pestat] low and high boundaries for computing mean and std.dev: (22, 352)
[M::mem_pestat] mean and std.dev: (187.53, 49.61)
[M::mem_pestat] low and high boundaries for proper pairs: (1, 418)
[M::mem_pestat] analyzing insert size distribution for orientation RF...
[M::mem_pestat] (25, 50, 75) percentile: (78, 208, 669)
[M::mem_pestat] low and high boundaries for computing mean and std.dev: (1, 1851)
[M::mem_pestat] mean and std.dev: (326.65, 391.57)
[M::mem_pestat] low and high boundaries for proper pairs: (1, 2442)
[M::mem_pestat] analyzing insert size distribution for orientation RR...
[M::mem_pestat] (25, 50, 75) percentile: (92, 125, 177)
[M::mem_pestat] low and high boundaries for computing mean and std.dev: (1, 347)
[M::mem_pestat] mean and std.dev: (133.86, 58.94)
[M::mem_pestat] low and high boundaries for proper pairs: (1, 432)
[M::mem_pestat] skip orientation FF
[M::mem_pestat] skip orientation RF
[M::mem_pestat] skip orientation RR
[M::mem_process_seqs] Processed 1665058 reads in 2301.961 CPU sec, 98.684 real sec
[M::process] read 1661700 sequences (240000172 bp)...
[M::mem_pestat] # candidate unique pairs for (FF, FR, RF, RR): (424, 482057, 118, 408)
[M::mem_pestat] analyzing insert size distribution for orientation FF...
[M::mem_pestat] (25, 50, 75) percentile: (89, 114, 151)
[M::mem_pestat] low and high boundaries for computing mean and std.dev: (1, 275)
[M::mem_pestat] mean and std.dev: (118.19, 42.99)
[M::mem_pestat] low and high boundaries for proper pairs: (1, 337)
[M::mem_pestat] analyzing insert size distribution for orientation FR...
[M::mem_pestat] (25, 50, 75) percentile: (154, 185, 220)
[M::mem_pestat] low and high boundaries for computing mean and std.dev: (22, 352)
[M::mem_pestat] mean and std.dev: (187.70, 49.72)
[M::mem_pestat] low and high boundaries for proper pairs: (1, 418)
[M::mem_pestat] analyzing insert size distribution for orientation RF...
[M::mem_pestat] (25, 50, 75) percentile: (77, 199, 513)
[M::mem_pestat] low and high boundaries for computing mean and std.dev: (1, 1385)
[M::mem_pestat] mean and std.dev: (281.62, 306.48)
[M::mem_pestat] low and high boundaries for proper pairs: (1, 1821)
[M::mem_pestat] analyzing insert size distribution for orientation RR...
[M::mem_pestat] (25, 50, 75) percentile: (94, 120, 166)
[M::mem_pestat] low and high boundaries for computing mean and std.dev: (1, 310)
[M::mem_pestat] mean and std.dev: (125.52, 48.83)
[M::mem_pestat] low and high boundaries for proper pairs: (1, 382)
[M::mem_pestat] skip orientation FF
[M::mem_pestat] skip orientation RF
[M::mem_pestat] skip orientation RR
[M::mem_process_seqs] Processed 1662726 reads in 2292.137 CPU sec, 98.163 real sec
[M::process] read 1663864 sequences (240000231 bp)...
[M::mem_pestat] # candidate unique pairs for (FF, FR, RF, RR): (424, 481574, 118, 456)
[M::mem_pestat] analyzing insert size distribution for orientation FF...
[M::mem_pestat] (25, 50, 75) percentile: (92, 117, 157)
[M::mem_pestat] low and high boundaries for computing mean and std.dev: (1, 287)
[M::mem_pestat] mean and std.dev: (122.60, 43.93)
[M::mem_pestat] low and high boundaries for proper pairs: (1, 352)
[M::mem_pestat] analyzing insert size distribution for orientation FR...
[M::mem_pestat] (25, 50, 75) percentile: (154, 185, 220)
[M::mem_pestat] low and high boundaries for computing mean and std.dev: (22, 352)
[M::mem_pestat] mean and std.dev: (187.69, 49.64)
[M::mem_pestat] low and high boundaries for proper pairs: (1, 418)
[M::mem_pestat] analyzing insert size distribution for orientation RF...
[M::mem_pestat] (25, 50, 75) percentile: (116, 262, 756)
[M::mem_pestat] low and high boundaries for computing mean and std.dev: (1, 2036)
[M::mem_pestat] mean and std.dev: (299.14, 301.13)
[M::mem_pestat] low and high boundaries for proper pairs: (1, 2676)
[M::mem_pestat] analyzing insert size distribution for orientation RR...
[M::mem_pestat] (25, 50, 75) percentile: (93, 119, 168)
[M::mem_pestat] low and high boundaries for computing mean and std.dev: (1, 318)
[M::mem_pestat] mean and std.dev: (127.09, 49.18)
[M::mem_pestat] low and high boundaries for proper pairs: (1, 393)
[M::mem_pestat] skip orientation FF
[M::mem_pestat] skip orientation RF
[M::mem_pestat] skip orientation RR
[M::mem_process_seqs] Processed 1661700 reads in 2304.520 CPU sec, 98.694 real sec
[M::process] read 1663044 sequences (240000229 bp)...
[M::mem_pestat] # candidate unique pairs for (FF, FR, RF, RR): (412, 482302, 96, 440)
[M::mem_pestat] analyzing insert size distribution for orientation FF...
[M::mem_pestat] (25, 50, 75) percentile: (93, 119, 161)
[M::mem_pestat] low and high boundaries for computing mean and std.dev: (1, 297)
[M::mem_pestat] mean and std.dev: (123.41, 44.81)
[M::mem_pestat] low and high boundaries for proper pairs: (1, 365)
[M::mem_pestat] analyzing insert size distribution for orientation FR...
[M::mem_pestat] (25, 50, 75) percentile: (154, 184, 219)
[M::mem_pestat] low and high boundaries for computing mean and std.dev: (24, 349)
[M::mem_pestat] mean and std.dev: (187.08, 49.44)
[M::mem_pestat] low and high boundaries for proper pairs: (1, 414)
[M::mem_pestat] analyzing insert size distribution for orientation RF...
[M::mem_pestat] (25, 50, 75) percentile: (46, 139, 499)
[M::mem_pestat] low and high boundaries for computing mean and std.dev: (1, 1405)
[M::mem_pestat] mean and std.dev: (226.16, 279.46)
[M::mem_pestat] low and high boundaries for proper pairs: (1, 1858)
[M::mem_pestat] analyzing insert size distribution for orientation RR...
[M::mem_pestat] (25, 50, 75) percentile: (88, 110, 163)
[M::mem_pestat] low and high boundaries for computing mean and std.dev: (1, 313)
[M::mem_pestat] mean and std.dev: (122.99, 50.68)
[M::mem_pestat] low and high boundaries for proper pairs: (1, 388)
[M::mem_pestat] skip orientation FF
[M::mem_pestat] skip orientation RF
[M::mem_pestat] skip orientation RR
[M::mem_process_seqs] Processed 1663864 reads in 2289.629 CPU sec, 97.603 real sec
[M::process] read 1663710 sequences (240000164 bp)...
[M::mem_pestat] # candidate unique pairs for (FF, FR, RF, RR): (436, 483124, 101, 432)
[M::mem_pestat] analyzing insert size distribution for orientation FF...
[M::mem_pestat] (25, 50, 75) percentile: (94, 116, 158)
[M::mem_pestat] low and high boundaries for computing mean and std.dev: (1, 286)
[M::mem_pestat] mean and std.dev: (123.01, 43.04)
[M::mem_pestat] low and high boundaries for proper pairs: (1, 350)
[M::mem_pestat] analyzing insert size distribution for orientation FR...
[M::mem_pestat] (25, 50, 75) percentile: (154, 184, 219)
[M::mem_pestat] low and high boundaries for computing mean and std.dev: (24, 349)
[M::mem_pestat] mean and std.dev: (187.04, 49.26)
[M::mem_pestat] low and high boundaries for proper pairs: (1, 414)
[M::mem_pestat] analyzing insert size distribution for orientation RF...
[M::mem_pestat] (25, 50, 75) percentile: (70, 159, 454)
[M::mem_pestat] low and high boundaries for computing mean and std.dev: (1, 1222)
[M::mem_pestat] mean and std.dev: (236.09, 262.05)
[M::mem_pestat] low and high boundaries for proper pairs: (1, 1606)
[M::mem_pestat] analyzing insert size distribution for orientation RR...
[M::mem_pestat] (25, 50, 75) percentile: (95, 118, 160)
[M::mem_pestat] low and high boundaries for computing mean and std.dev: (1, 290)
[M::mem_pestat] mean and std.dev: (124.26, 46.08)
[M::mem_pestat] low and high boundaries for proper pairs: (1, 355)
[M::mem_pestat] skip orientation FF
[M::mem_pestat] skip orientation RF
[M::mem_pestat] skip orientation RR
[M::mem_process_seqs] Processed 1663044 reads in 2295.705 CPU sec, 98.390 real sec
