[M::bwa_idx_load_from_disk] read 0 ALT contigs
[M::process] read 1683200 sequences (240000140 bp)...
[M::process] read 1680444 sequences (240000145 bp)...
[M::mem_pestat] # candidate unique pairs for (FF, FR, RF, RR): (239, 540083, 44, 227)
[M::mem_pestat] analyzing insert size distribution for orientation FF...
[M::mem_pestat] (25, 50, 75) percentile: (103, 141, 185)
[M::mem_pestat] low and high boundaries for computing mean and std.dev: (1, 349)
[M::mem_pestat] mean and std.dev: (136.99, 53.44)
[M::mem_pestat] low and high boundaries for proper pairs: (1, 431)
[M::mem_pestat] analyzing insert size distribution for orientation FR...
[M::mem_pestat] (25, 50, 75) percentile: (149, 180, 215)
[M::mem_pestat] low and high boundaries for computing mean and std.dev: (17, 347)
[M::mem_pestat] mean and std.dev: (182.64, 50.79)
[M::mem_pestat] low and high boundaries for proper pairs: (1, 413)
[M::mem_pestat] analyzing insert size distribution for orientation RF...
[M::mem_pestat] (25, 50, 75) percentile: (62, 256, 728)
[M::mem_pestat] low and high boundaries for computing mean and std.dev: (1, 2060)
[M::mem_pestat] mean and std.dev: (276.95, 329.50)
[M::mem_pestat] low and high boundaries for proper pairs: (1, 2726)
[M::mem_pestat] analyzing insert size distribution for orientation RR...
[M::mem_pestat] (25, 50, 75) percentile: (103, 143, 224)
[M::mem_pestat] low and high boundaries for computing mean and std.dev: (1, 466)
[M::mem_pestat] mean and std.dev: (154.91, 80.45)
[M::mem_pestat] low and high boundaries for proper pairs: (1, 587)
[M::mem_pestat] skip orientation FF
[M::mem_pestat] skip orientation RF
[M::mem_pestat] skip orientation RR
[M::mem_process_seqs] Processed 1683200 reads in 1880.533 CPU sec, 79.492 real sec
[M::process] read 1678426 sequences (240000166 bp)...
[M::mem_pestat] # candidate unique pairs for (FF, FR, RF, RR): (239, 539477, 54, 278)
[M::mem_pestat] analyzing insert size distribution for orientation FF...
[M::mem_pestat] (25, 50, 75) percentile: (95, 119, 202)
[M::mem_pestat] low and high boundaries for computing mean and std.dev: (1, 416)
[M::mem_pestat] mean and std.dev: (141.72, 71.35)
[M::mem_pestat] low and high boundaries for proper pairs: (1, 523)
[M::mem_pestat] analyzing insert size distribution for orientation FR...
[M::mem_pestat] (25, 50, 75) percentile: (149, 180, 216)
[M::mem_pestat] low and high boundaries for computing mean and std.dev: (15, 350)
[M::mem_pestat] mean and std.dev: (183.15, 51.06)
[M::mem_pestat] low and high boundaries for proper pairs: (1, 417)
[M::mem_pestat] analyzing insert size distribution for orientation RF...
[M::mem_pestat] (25, 50, 75) percentile: (57, 296, 2269)
[M::mem_pestat] low and high boundaries for computing mean and std.dev: (1, 6693)
[M::mem_pestat] mean and std.dev: (1134.53, 1693.23)
[M::mem_pestat] low and high boundaries for proper pairs: (1, 8905)
[M::mem_pestat] analyzing insert size distribution for orientation RR...
[M::mem_pestat] (25, 50, 75) percentile: (106, 138, 219)
[M::mem_pestat] low and high boundaries for computing mean and std.dev: (1, 445)
[M::mem_pestat] mean and std.dev: (153.83, 77.96)
[M::mem_pestat] low and high boundaries for proper pairs: (1, 558)
[M::mem_pestat] skip orientation FF
[M::mem_pestat] skip orientation RF
[M::mem_pestat] skip orientation RR
[M::mem_process_seqs] Processed 1680444 reads in 1905.433 CPU sec, 81.595 real sec
[M::process] read 1679298 sequences (240000083 bp)...
[M::mem_pestat] # candidate unique pairs for (FF, FR, RF, RR): (216, 538996, 65, 245)
[M::mem_pestat] analyzing insert size distribution for orientation FF...
[M::mem_pestat] (25, 50, 75) percentile: (93, 130, 187)
[M::mem_pestat] low and high boundaries for computing mean and std.dev: (1, 375)
[M::mem_pestat] mean and std.dev: (138.39, 65.87)
[M::mem_pestat] low and high boundaries for proper pairs: (1, 469)
[M::mem_pestat] analyzing insert size distribution for orientation FR...
[M::mem_pestat] (25, 50, 75) percentile: (149, 180, 216)
[M::mem_pestat] low and high boundaries for computing mean and std.dev: (15, 350)
[M::mem_pestat] mean and std.dev: (183.58, 51.11)
[M::mem_pestat] low and high boundaries for proper pairs: (1, 417)
[M::mem_pestat] analyzing insert size distribution for orientation RF...
[M::mem_pestat] (25, 50, 75) percentile: (44, 103, 288)
[M::mem_pestat] low and high boundaries for computing mean and std.dev: (1, 776)
[M::mem_pestat] mean and std.dev: (113.72, 105.52)
[M::mem_pestat] low and high boundaries for proper pairs: (1, 1020)
[M::mem_pestat] analyzing insert size distribution for orientation RR...
[M::mem_pestat] (25, 50, 75) percentile: (104, 135, 209)
[M::mem_pestat] low and high boundaries for computing mean and std.dev: (1, 419)
[M::mem_pestat] mean and std.dev: (148.84, 75.18)
[M::mem_pestat] low and high boundaries for proper pairs: (1, 524)
[M::mem_pestat] skip orientation FF
[M::mem_pestat] skip orientation RF
[M::mem_pestat] skip orientation RR
[M::mem_process_seqs] Processed 1678426 reads in 1916.660 CPU sec, 82.606 real sec
[M::process] read 1680246 sequences (240000066 bp)...
[M::mem_pestat] # candidate unique pairs for (FF, FR, RF, RR): (263, 538442, 74, 272)
[M::mem_pestat] analyzing insert size distribution for orientation FF...
[M::mem_pestat] (25, 50, 75) percentile: (100, 143, 217)
[M::mem_pestat] low and high boundaries for computing mean and std.dev: (1, 451)
[M::mem_pestat] mean and std.dev: (149.75, 77.43)
[M::mem_pestat] low and high boundaries for proper pairs: (1, 568)
[M::mem_pestat] analyzing insert size distribution for orientation FR...
[M::mem_pestat] (25, 50, 75) percentile: (149, 180, 216)
[M::mem_pestat] low and high boundaries for computing mean and std.dev: (15, 350)
[M::mem_pestat] mean and std.dev: (183.38, 51.11)
[M::mem_pestat] low and high boundaries for proper pairs: (1, 417)
[M::mem_pestat] analyzing insert size distribution for orientation RF...
[M::mem_pestat] (25, 50, 75) percentile: (75, 210, 898)
[M::mem_pestat] low and high boundaries for computing mean and std.dev: (1, 2544)
[M::mem_pestat] mean and std.dev: (300.81, 375.43)
[M::mem_pestat] low and high boundaries for proper pairs: (1, 3367)
[M::mem_pestat] analyzing insert size distribution for orientation RR...
[M::mem_pestat] (25, 50, 75) percentile: (105, 139, 217)
[M::mem_pestat] low and high boundaries for computing mean and std.dev: (1, 441)
[M::mem_pestat] mean and std.dev: (151.33, 72.89)
[M::mem_pestat] low and high boundaries for proper pairs: (1, 553)
[M::mem_pestat] skip orientation FF
[M::mem_pestat] skip orientation RF
[M::mem_pestat] skip orientation RR
[M::mem_process_seqs] Processed 1679298 reads in 1927.473 CPU sec, 82.930 real sec
[M::process] read 1680918 sequences (240000231 bp)...
[M::mem_pestat] # candidate unique pairs for (FF, FR, RF, RR): (248, 539423, 51, 238)
[M::mem_pestat] analyzing insert size distribution for orientation FF...
[M::mem_pestat] (25, 50, 75) percentile: (99, 127, 184)
[M::mem_pestat] low and high boundaries for computing mean and std.dev: (1, 354)
[M::mem_pestat] mean and std.dev: (138.20, 61.26)
[M::mem_pestat] low and high boundaries for proper pairs: (1, 439)
[M::mem_pestat] analyzing insert size distribution for orientation FR...
[M::mem_pestat] (25, 50, 75) percentile: (149, 180, 216)
[M::mem_pestat] low and high boundaries for computing mean and std.dev: (15, 350)
[M::mem_pestat] mean and std.dev: (183.16, 51.16)
[M::mem_pestat] low and high boundaries for proper pairs: (1, 417)
[M::mem_pestat] analyzing insert size distribution for orientation RF...
[M::mem_pestat] (25, 50, 75) percentile: (78, 162, 401)
[M::mem_pestat] low and high boundaries for computing mean and std.dev: (1, 1047)
[M::mem_pestat] mean and std.dev: (223.84, 199.34)
[M::mem_pestat] low and high boundaries for proper pairs: (1, 1370)
[M::mem_pestat] analyzing insert size distribution for orientation RR...
[M::mem_pestat] (25, 50, 75) percentile: (103, 146, 253)
[M::mem_pestat] low and high boundaries for computing mean and std.dev: (1, 553)
[M::mem_pestat] mean and std.dev: (167.35, 97.09)
[M::mem_pestat] low and high boundaries for proper pairs: (1, 703)
[M::mem_pestat] skip orientation FF
[M::mem_pestat] skip orientation RF
[M::mem_pestat] skip orientation RR
[M::mem_process_seqs] Processed 1680246 reads in 1921.698 CPU sec, 82.662 real sec
[M::process] read 1676148 sequences (240000249 bp)...
[M::mem_pestat] # candidate unique pairs for (FF, FR, RF, RR): (243, 539646, 63, 230)
[M::mem_pestat] analyzing insert size distribution for orientation FF...
[M::mem_pestat] (25, 50, 75) percentile: (98, 134, 221)
[M::mem_pestat] low and high boundaries for computing mean and std.dev: (1, 467)
[M::mem_pestat] mean and std.dev: (149.72, 79.77)
[M::mem_pestat] low and high boundaries for proper pairs: (1, 590)
[M::mem_pestat] analyzing insert size distribution for orientation FR...
[M::mem_pestat] (25, 50, 75) percentile: (149, 180, 216)
[M::mem_pestat] low and high boundaries for computing mean and std.dev: (15, 350)
[M::mem_pestat] mean and std.dev: (183.28, 51.25)
[M::mem_pestat] low and high boundaries for proper pairs: (1, 417)
[M::mem_pestat] analyzing insert size distribution for orientation RF...
[M::mem_pestat] (25, 50, 75) percentile: (74, 137, 579)
[M::mem_pestat] low and high boundaries for computing mean and std.dev: (1, 1589)
[M::mem_pestat] mean and std.dev: (269.31, 342.08)
[M::mem_pestat] low and high boundaries for proper pairs: (1, 2094)
[M::mem_pestat] analyzing insert size distribution for orientation RR...
[M::mem_pestat] (25, 50, 75) percentile: (111, 144, 229)
[M::mem_pestat] low and high boundaries for computing mean and std.dev: (1, 465)
[M::mem_pestat] mean and std.dev: (156.81, 75.87)
[M::mem_pestat] low and high boundaries for proper pairs: (1, 583)
[M::mem_pestat] skip orientation FF
[M::mem_pestat] skip orientation RF
[M::mem_pestat] skip orientation RR
[M::mem_process_seqs] Processed 1680918 reads in 1918.146 CPU sec, 82.531 real sec
[M::process] read 1673288 sequences (240000012 bp)...
[M::mem_pestat] # candidate unique pairs for (FF, FR, RF, RR): (229, 537985, 71, 258)
[M::mem_pestat] analyzing insert size distribution for orientation FF...
[M::mem_pestat] (25, 50, 75) percentile: (100, 140, 207)
[M::mem_pestat] low and high boundaries for computing mean and std.dev: (1, 421)
[M::mem_pestat] mean and std.dev: (150.38, 74.19)
[M::mem_pestat] low and high boundaries for proper pairs: (1, 528)
[M::mem_pestat] analyzing insert size distribution for orientation FR...
[M::mem_pestat] (25, 50, 75) percentile: (149, 181, 216)
[M::mem_pestat] low and high boundaries for computing mean and std.dev: (15, 350)
[M::mem_pestat] mean and std.dev: (183.86, 51.08)
[M::mem_pestat] low and high boundaries for proper pairs: (1, 417)
[M::mem_pestat] analyzing insert size distribution for orientation RF...
[M::mem_pestat] (25, 50, 75) percentile: (51, 185, 800)
[M::mem_pestat] low and high boundaries for computing mean and std.dev: (1, 2298)
[M::mem_pestat] mean and std.dev: (322.03, 446.64)
[M::mem_pestat] low and high boundaries for proper pairs: (1, 3047)
[M::mem_pestat] analyzing insert size distribution for orientation RR...
[M::mem_pestat] (25, 50, 75) percentile: (108, 155, 341)
[M::mem_pestat] low and high boundaries for computing mean and std.dev: (1, 807)
[M::mem_pestat] mean and std.dev: (207.60, 156.75)
[M::mem_pestat] low and high boundaries for proper pairs: (1, 1040)
[M::mem_pestat] skip orientation FF
[M::mem_pestat] skip orientation RF
[M::mem_pestat] skip orientation RR
[M::mem_process_seqs] Processed 1676148 reads in 1923.898 CPU sec, 82.761 real sec
[M::process] read 1671906 sequences (240000029 bp)...
[M::mem_pestat] # candidate unique pairs for (FF, FR, RF, RR): (224, 537355, 60, 238)
[M::mem_pestat] analyzing insert size distribution for orientation FF...
[M::mem_pestat] (25, 50, 75) percentile: (100, 130, 211)
[M::mem_pestat] low and high boundaries for computing mean and std.dev: (1, 433)
[M::mem_pestat] mean and std.dev: (144.84, 72.55)
[M::mem_pestat] low and high boundaries for proper pairs: (1, 544)
[M::mem_pestat] analyzing insert size distribution for orientation FR...
[M::mem_pestat] (25, 50, 75) percentile: (150, 181, 217)
[M::mem_pestat] low and high boundaries for computing mean and std.dev: (16, 351)
[M::mem_pestat] mean and std.dev: (184.06, 50.84)
[M::mem_pestat] low and high boundaries for proper pairs: (1, 418)
[M::mem_pestat] analyzing insert size distribution for orientation RF...
[M::mem_pestat] (25, 50, 75) percentile: (95, 167, 528)
[M::mem_pestat] low and high boundaries for computing mean and std.dev: (1, 1394)
[M::mem_pestat] mean and std.dev: (228.73, 242.10)
[M::mem_pestat] low and high boundaries for proper pairs: (1, 1827)
[M::mem_pestat] analyzing insert size distribution for orientation RR...
[M::mem_pestat] (25, 50, 75) percentile: (103, 138, 239)
[M::mem_pestat] low and high boundaries for computing mean and std.dev: (1, 511)
[M::mem_pestat] mean and std.dev: (157.81, 92.62)
[M::mem_pestat] low and high boundaries for proper pairs: (1, 647)
[M::mem_pestat] skip orientation FF
[M::mem_pestat] skip orientation RF
[M::mem_pestat] skip orientation RR
[M::mem_process_seqs] Processed 1673288 reads in 1918.337 CPU sec, 82.014 real sec
[M::process] read 1672864 sequences (240000241 bp)...
[M::mem_pestat] # candidate unique pairs for (FF, FR, RF, RR): (228, 536125, 63, 251)
[M::mem_pestat] analyzing insert size distribution for orientation FF...
[M::mem_pestat] (25, 50, 75) percentile: (102, 134, 206)
[M::mem_pestat] low and high boundaries for computing mean and std.dev: (1, 414)
[M::mem_pestat] mean and std.dev: (146.10, 70.14)
[M::mem_pestat] low and high boundaries for proper pairs: (1, 518)
[M::mem_pestat] analyzing insert size distribution for orientation FR...
[M::mem_pestat] (25, 50, 75) percentile: (150, 181, 217)
[M::mem_pestat] low and high boundaries for computing mean and std.dev: (16, 351)
[M::mem_pestat] mean and std.dev: (184.43, 50.84)
[M::mem_pestat] low and high boundaries for proper pairs: (1, 418)
[M::mem_pestat] analyzing insert size distribution for orientation RF...
[M::mem_pestat] (25, 50, 75) percentile: (55, 219, 727)
[M::mem_pestat] low and high boundaries for computing mean and std.dev: (1, 2071)
[M::mem_pestat] mean and std.dev: (333.70, 372.60)
[M::mem_pestat] low and high boundaries for proper pairs: (1, 2743)
[M::mem_pestat] analyzing insert size distribution for orientation RR...
[M::mem_pestat] (25, 50, 75) percentile: (101, 144, 227)
[M::mem_pestat] low and high boundaries for computing mean and std.dev: (1, 479)
[M::mem_pestat] mean and std.dev: (161.77, 88.97)
[M::mem_pestat] low and high boundaries for proper pairs: (1, 605)
[M::mem_pestat] skip orientation FF
[M::mem_pestat] skip orientation RF
[M::mem_pestat] skip orientation RR
[M::mem_process_seqs] Processed 1671906 reads in 1934.198 CPU sec, 83.106 real sec
[M::process] read 1673490 sequences (240000184 bp)...
[M::mem_pestat] # candidate unique pairs for (FF, FR, RF, RR): (223, 536574, 57, 249)
[M::mem_pestat] analyzing insert size distribution for orientation FF...
[M::mem_pestat] (25, 50, 75) percentile: (97, 132, 206)
[M::mem_pestat] low and high boundaries for computing mean and std.dev: (1, 424)
[M::mem_pestat] mean and std.dev: (145.81, 75.25)
[M::mem_pestat] low and high boundaries for proper pairs: (1, 533)
[M::mem_pestat] analyzing insert size distribution for orientation FR...
[M::mem_pestat] (25, 50, 75) percentile: (150, 181, 217)
[M::mem_pestat] low and high boundaries for computing mean and std.dev: (16, 351)
[M::mem_pestat] mean and std.dev: (184.07, 50.92)
[M::mem_pestat] low and high boundaries for proper pairs: (1, 418)
[M::mem_pestat] analyzing insert size distribution for orientation RF...
[M::mem_pestat] (25, 50, 75) percentile: (48, 149, 402)
[M::mem_pestat] low and high boundaries for computing mean and std.dev: (1, 1110)
[M::mem_pestat] mean and std.dev: (199.84, 223.31)
[M::mem_pestat] low and high boundaries for proper pairs: (1, 1464)
[M::mem_pestat] analyzing insert size distribution for orientation RR...
[M::mem_pestat] (25, 50, 75) percentile: (96, 129, 216)
[M::mem_pestat] low and high boundaries for computing mean and std.dev: (1, 456)
[M::mem_pestat] mean and std.dev: (143.19, 75.24)
[M::mem_pestat] low and high boundaries for proper pairs: (1, 576)
[M::mem_pestat] skip orientation FF
[M::mem_pestat] skip orientation RF
[M::mem_pestat] skip orientation RR
[M::mem_process_seqs] Processed 1672864 reads in 1922.935 CPU sec, 82.798 real sec
[M::process] read 1673222 sequences (240000230 bp)...
[M::mem_pestat] # candidate unique pairs for (FF, FR, RF, RR): (232, 536502, 82, 239)
[M::mem_pestat] analyzing insert size distribution for orientation FF...
[M::mem_pestat] (25, 50, 75) percentile: (101, 136, 209)
[M::mem_pestat] low and high boundaries for computing mean and std.dev: (1, 425)
[M::mem_pestat] mean and std.dev: (149.72, 77.98)
[M::mem_pestat] low and high boundaries for proper pairs: (1, 533)
[M::mem_pestat] analyzing insert size distribution for orientation FR...
[M::mem_pestat] (25, 50, 75) percentile: (149, 180, 216)
[M::mem_pestat] low and high boundaries for computing mean and std.dev: (15, 350)
[M::mem_pestat] mean and std.dev: (183.78, 50.61)
[M::mem_pestat] low and high boundaries for proper pairs: (1, 417)
[M::mem_pestat] analyzing insert size distribution for orientation RF...
[M::mem_pestat] (25, 50, 75) percentile: (70, 132, 358)
[M::mem_pestat] low and high boundaries for computing mean and std.dev: (1, 934)
[M::mem_pestat] mean and std.dev: (182.11, 200.20)
[M::mem_pestat] low and high boundaries for proper pairs: (1, 1222)
[M::mem_pestat] analyzing insert size distribution for orientation RR...
[M::mem_pestat] (25, 50, 75) percentile: (107, 144, 256)
[M::mem_pestat] low and high boundaries for computing mean and std.dev: (1, 554)
[M::mem_pestat] mean and std.dev: (170.82, 101.78)
[M::mem_pestat] low and high boundaries for proper pairs: (1, 703)
[M::mem_pestat] skip orientation FF
[M::mem_pestat] skip orientation RF
[M::mem_pestat] skip orientation RR
[M::mem_process_seqs] Processed 1673490 reads in 1929.383 CPU sec, 82.954 real sec
[M::process] read 1671244 sequences (240000072 bp)...
[M::mem_pestat] # candidate unique pairs for (FF, FR, RF, RR): (246, 537181, 69, 244)
[M::mem_pestat] analyzing insert size distribution for orientation FF...
[M::mem_pestat] (25, 50, 75) percentile: (99, 131, 199)
[M::mem_pestat] low and high boundaries for computing mean and std.dev: (1, 399)
[M::mem_pestat] mean and std.dev: (144.61, 68.68)
[M::mem_pestat] low and high boundaries for proper pairs: (1, 499)
[M::mem_pestat] analyzing insert size distribution for orientation FR...
[M::mem_pestat] (25, 50, 75) percentile: (149, 181, 216)
[M::mem_pestat] low and high boundaries for computing mean and std.dev: (15, 350)
[M::mem_pestat] mean and std.dev: (183.86, 50.53)
[M::mem_pestat] low and high boundaries for proper pairs: (1, 417)
[M::mem_pestat] analyzing insert size distribution for orientation RF...
[M::mem_pestat] (25, 50, 75) percentile: (80, 198, 2903)
[M::mem_pestat] low and high boundaries for computing mean and std.dev: (1, 8549)
[M::mem_pestat] mean and std.dev: (1572.23, 2581.94)
[M::mem_pestat] low and high boundaries for proper pairs: (1, 11900)
[M::mem_pestat] analyzing insert size distribution for orientation RR...
[M::mem_pestat] (25, 50, 75) percentile: (98, 133, 224)
[M::mem_pestat] low and high boundaries for computing mean and std.dev: (1, 476)
[M::mem_pestat] mean and std.dev: (152.69, 84.59)
[M::mem_pestat] low and high boundaries for proper pairs: (1, 602)
[M::mem_pestat] skip orientation FF
[M::mem_pestat] skip orientation RF
[M::mem_pestat] skip orientation RR
