[M::bwa_idx_load_from_disk] read 0 ALT contigs
[M::process] read 1765116 sequences (240000231 bp)...
[M::process] read 1761326 sequences (240000167 bp)...
[M::mem_pestat] # candidate unique pairs for (FF, FR, RF, RR): (63, 584595, 37, 56)
[M::mem_pestat] analyzing insert size distribution for orientation FF...
[M::mem_pestat] (25, 50, 75) percentile: (85, 104, 175)
[M::mem_pestat] low and high boundaries for computing mean and std.dev: (1, 355)
[M::mem_pestat] mean and std.dev: (118.95, 58.58)
[M::mem_pestat] low and high boundaries for proper pairs: (1, 445)
[M::mem_pestat] analyzing insert size distribution for orientation FR...
[M::mem_pestat] (25, 50, 75) percentile: (122, 150, 181)
[M::mem_pestat] low and high boundaries for computing mean and std.dev: (4, 299)
[M::mem_pestat] mean and std.dev: (152.49, 44.50)
[M::mem_pestat] low and high boundaries for proper pairs: (1, 358)
[M::mem_pestat] analyzing insert size distribution for orientation RF...
[M::mem_pestat] (25, 50, 75) percentile: (119, 205, 644)
[M::mem_pestat] low and high boundaries for computing mean and std.dev: (1, 1694)
[M::mem_pestat] mean and std.dev: (314.03, 300.00)
[M::mem_pestat] low and high boundaries for proper pairs: (1, 2219)
[M::mem_pestat] analyzing insert size distribution for orientation RR...
[M::mem_pestat] (25, 50, 75) percentile: (89, 112, 295)
[M::mem_pestat] low and high boundaries for computing mean and std.dev: (1, 707)
[M::mem_pestat] mean and std.dev: (162.42, 127.02)
[M::mem_pestat] low and high boundaries for proper pairs: (1, 913)
[M::mem_pestat] skip orientation FF
[M::mem_pestat] skip orientation RF
[M::mem_pestat] skip orientation RR
[M::mem_process_seqs] Processed 1765116 reads in 1701.258 CPU sec, 72.125 real sec
[M::process] read 1759578 sequences (240000237 bp)...
[M::mem_pestat] # candidate unique pairs for (FF, FR, RF, RR): (40, 584688, 40, 53)
[M::mem_pestat] analyzing insert size distribution for orientation FF...
[M::mem_pestat] (25, 50, 75) percentile: (98, 128, 200)
[M::mem_pestat] low and high boundaries for computing mean and std.dev: (1, 404)
[M::mem_pestat] mean and std.dev: (137.78, 70.81)
[M::mem_pestat] low and high boundaries for proper pairs: (1, 506)
[M::mem_pestat] analyzing insert size distribution for orientation FR...
[M::mem_pestat] (25, 50, 75) percentile: (122, 151, 182)
[M::mem_pestat] low and high boundaries for computing mean and std.dev: (2, 302)
[M::mem_pestat] mean and std.dev: (152.79, 44.51)
[M::mem_pestat] low and high boundaries for proper pairs: (1, 362)
[M::mem_pestat] analyzing insert size distribution for orientation RF...
[M::mem_pestat] (25, 50, 75) percentile: (40, 114, 765)
[M::mem_pestat] low and high boundaries for computing mean and std.dev: (1, 2215)
[M::mem_pestat] mean and std.dev: (308.51, 463.77)
[M::mem_pestat] low and high boundaries for proper pairs: (1, 2940)
[M::mem_pestat] analyzing insert size distribution for orientation RR...
[M::mem_pestat] (25, 50, 75) percentile: (85, 125, 368)
[M::mem_pestat] low and high boundaries for computing mean and std.dev: (1, 934)
[M::mem_pestat] mean and std.dev: (194.98, 189.74)
[M::mem_pestat] low and high boundaries for proper pairs: (1, 1217)
[M::mem_pestat] skip orientation FF
[M::mem_pestat] skip orientation RF
[M::mem_pestat] skip orientation RR
[M::mem_process_seqs] Processed 1761326 reads in 1726.403 CPU sec, 74.068 real sec
[M::process] read 1758126 sequences (240000069 bp)...
[M::mem_pestat] # candidate unique pairs for (FF, FR, RF, RR): (41, 584198, 39, 62)
[M::mem_pestat] analyzing insert size distribution for orientation FF...
[M::mem_pestat] (25, 50, 75) percentile: (83, 113, 197)
[M::mem_pestat] low and high boundaries for computing mean and std.dev: (1, 425)
[M::mem_pestat] mean and std.dev: (129.41, 75.06)
[M::mem_pestat] low and high boundaries for proper pairs: (1, 539)
[M::mem_pestat] analyzing insert size distribution for orientation FR...
[M::mem_pestat] (25, 50, 75) percentile: (122, 151, 182)
[M::mem_pestat] low and high boundaries for computing mean and std.dev: (2, 302)
[M::mem_pestat] mean and std.dev: (152.92, 44.50)
[M::mem_pestat] low and high boundaries for proper pairs: (1, 362)
[M::mem_pestat] analyzing insert size distribution for orientation RF...
[M::mem_pestat] (25, 50, 75) percentile: (73, 162, 368)
[M::mem_pestat] low and high boundaries for computing mean and std.dev: (1, 958)
[M::mem_pestat] mean and std.dev: (171.38, 144.89)
[M::mem_pestat] low and high boundaries for proper pairs: (1, 1253)
[M::mem_pestat] analyzing insert size distribution for orientation RR...
[M::mem_pestat] (25, 50, 75) percentile: (96, 118, 177)
[M::mem_pestat] low and high boundaries for computing mean and std.dev: (1, 339)
[M::mem_pestat] mean and std.dev: (124.55, 59.90)
[M::mem_pestat] low and high boundaries for proper pairs: (1, 420)
[M::mem_pestat] skip orientation FF
[M::mem_pestat] skip orientation RF
[M::mem_pestat] skip orientation RR
[M::mem_process_seqs] Processed 1759578 reads in 1742.677 CPU sec, 75.222 real sec
[M::process] read 1754246 sequences (240000020 bp)...
[M::mem_pestat] # candidate unique pairs for (FF, FR, RF, RR): (64, 583503, 36, 57)
[M::mem_pestat] analyzing insert size distribution for orientation FF...
[M::mem_pestat] (25, 50, 75) percentile: (86, 128, 167)
[M::mem_pestat] low and high boundaries for computing mean and std.dev: (1, 329)
[M::mem_pestat] mean and std.dev: (119.38, 44.81)
[M::mem_pestat] low and high boundaries for proper pairs: (1, 410)
[M::mem_pestat] analyzing insert size distribution for orientation FR...
[M::mem_pestat] (25, 50, 75) percentile: (123, 151, 182)
[M::mem_pestat] low and high boundaries for computing mean and std.dev: (5, 300)
[M::mem_pestat] mean and std.dev: (153.14, 44.59)
[M::mem_pestat] low and high boundaries for proper pairs: (1, 359)
[M::mem_pestat] analyzing insert size distribution for orientation RF...
[M::mem_pestat] (25, 50, 75) percentile: (33, 139, 392)
[M::mem_pestat] low and high boundaries for computing mean and std.dev: (1, 1110)
[M::mem_pestat] mean and std.dev: (220.09, 252.47)
[M::mem_pestat] low and high boundaries for proper pairs: (1, 1469)
[M::mem_pestat] analyzing insert size distribution for orientation RR...
[M::mem_pestat] (25, 50, 75) percentile: (93, 130, 179)
[M::mem_pestat] low and high boundaries for computing mean and std.dev: (1, 351)
[M::mem_pestat] mean and std.dev: (130.57, 64.67)
[M::mem_pestat] low and high boundaries for proper pairs: (1, 437)
[M::mem_pestat] skip orientation FF
[M::mem_pestat] skip orientation RF
[M::mem_pestat] skip orientation RR
[M::mem_process_seqs] Processed 1758126 reads in 1744.366 CPU sec, 75.475 real sec
[M::process] read 1753164 sequences (240000149 bp)...
[M::mem_pestat] # candidate unique pairs for (FF, FR, RF, RR): (50, 583121, 38, 68)
[M::mem_pestat] analyzing insert size distribution for orientation FF...
[M::mem_pestat] (25, 50, 75) percentile: (93, 140, 250)
[M::mem_pestat] low and high boundaries for computing mean and std.dev: (1, 564)
[M::mem_pestat] mean and std.dev: (157.93, 109.79)
[M::mem_pestat] low and high boundaries for proper pairs: (1, 721)
[M::mem_pestat] analyzing insert size distribution for orientation FR...
[M::mem_pestat] (25, 50, 75) percentile: (123, 151, 182)
[M::mem_pestat] low and high boundaries for computing mean and std.dev: (5, 300)
[M::mem_pestat] mean and std.dev: (153.37, 44.37)
[M::mem_pestat] low and high boundaries for proper pairs: (1, 359)
[M::mem_pestat] analyzing insert size distribution for orientation RF...
[M::mem_pestat] (25, 50, 75) percentile: (138, 371, 1144)
[M::mem_pestat] low and high boundaries for computing mean and std.dev: (1, 3156)
[M::mem_pestat] mean and std.dev: (428.19, 452.60)
[M::mem_pestat] low and high boundaries for proper pairs: (1, 4162)
[M::mem_pestat] analyzing insert size distribution for orientation RR...
[M::mem_pestat] (25, 50, 75) percentile: (89, 149, 385)
[M::mem_pestat] low and high boundaries for computing mean and std.dev: (1, 977)
[M::mem_pestat] mean and std.dev: (199.46, 190.38)
[M::mem_pestat] low and high boundaries for proper pairs: (1, 1273)
[M::mem_pestat] skip orientation FF
[M::mem_pestat] skip orientation RF
[M::mem_pestat] skip orientation RR
[M::mem_process_seqs] Processed 1754246 reads in 1743.587 CPU sec, 75.153 real sec
[M::process] read 1746196 sequences (240000284 bp)...
[M::mem_pestat] # candidate unique pairs for (FF, FR, RF, RR): (50, 582362, 48, 39)
[M::mem_pestat] analyzing insert size distribution for orientation FF...
[M::mem_pestat] (25, 50, 75) percentile: (89, 120, 260)
[M::mem_pestat] low and high boundaries for computing mean and std.dev: (1, 602)
[M::mem_pestat] mean and std.dev: (148.93, 104.91)
[M::mem_pestat] low and high boundaries for proper pairs: (1, 773)
[M::mem_pestat] analyzing insert size distribution for orientation FR...
[M::mem_pestat] (25, 50, 75) percentile: (123, 152, 182)
[M::mem_pestat] low and high boundaries for computing mean and std.dev: (5, 300)
[M::mem_pestat] mean and std.dev: (153.79, 44.32)
[M::mem_pestat] low and high boundaries for proper pairs: (1, 359)
[M::mem_pestat] analyzing insert size distribution for orientation RF...
[M::mem_pestat] (25, 50, 75) percentile: (31, 175, 515)
[M::mem_pestat] low and high boundaries for computing mean and std.dev: (1, 1483)
[M::mem_pestat] mean and std.dev: (247.88, 320.00)
[M::mem_pestat] low and high boundaries for proper pairs: (1, 1967)
[M::mem_pestat] analyzing insert size distribution for orientation RR...
[M::mem_pestat] (25, 50, 75) percentile: (86, 105, 183)
[M::mem_pestat] low and high boundaries for computing mean and std.dev: (1, 377)
[M::mem_pestat] mean and std.dev: (116.61, 50.98)
[M::mem_pestat] low and high boundaries for proper pairs: (1, 474)
[M::mem_pestat] skip orientation FF
[M::mem_pestat] skip orientation RF
[M::mem_pestat] skip orientation RR
[M::mem_process_seqs] Processed 1753164 reads in 1748.210 CPU sec, 75.549 real sec
[M::process] read 1740354 sequences (240000187 bp)...
[M::mem_pestat] # candidate unique pairs for (FF, FR, RF, RR): (48, 580304, 47, 53)
[M::mem_pestat] analyzing insert size distribution for orientation FF...
[M::mem_pestat] (25, 50, 75) percentile: (85, 112, 178)
[M::mem_pestat] low and high boundaries for computing mean and std.dev: (1, 364)
[M::mem_pestat] mean and std.dev: (124.05, 61.08)
[M::mem_pestat] low and high boundaries for proper pairs: (1, 457)
[M::mem_pestat] analyzing insert size distribution for orientation FR...
[M::mem_pestat] (25, 50, 75) percentile: (124, 152, 182)
[M::mem_pestat] low and high boundaries for computing mean and std.dev: (8, 298)
[M::mem_pestat] mean and std.dev: (154.10, 43.57)
[M::mem_pestat] low and high boundaries for proper pairs: (1, 356)
[M::mem_pestat] analyzing insert size distribution for orientation RF...
[M::mem_pestat] (25, 50, 75) percentile: (108, 299, 830)
[M::mem_pestat] low and high boundaries for computing mean and std.dev: (1, 2274)
[M::mem_pestat] mean and std.dev: (419.52, 523.73)
[M::mem_pestat] low and high boundaries for proper pairs: (1, 2996)
[M::mem_pestat] analyzing insert size distribution for orientation RR...
[M::mem_pestat] (25, 50, 75) percentile: (84, 108, 181)
[M::mem_pestat] low and high boundaries for computing mean and std.dev: (1, 375)
[M::mem_pestat] mean and std.dev: (120.36, 61.11)
[M::mem_pestat] low and high boundaries for proper pairs: (1, 472)
[M::mem_pestat] skip orientation FF
[M::mem_pestat] skip orientation RF
[M::mem_pestat] skip orientation RR
[M::mem_process_seqs] Processed 1746196 reads in 1748.357 CPU sec, 75.540 real sec
[M::process] read 1743132 sequences (240000184 bp)...
[M::mem_pestat] # candidate unique pairs for (FF, FR, RF, RR): (58, 578559, 42, 63)
[M::mem_pestat] analyzing insert size distribution for orientation FF...
[M::mem_pestat] (25, 50, 75) percentile: (86, 112, 174)
[M::mem_pestat] low and high boundaries for computing mean and std.dev: (1, 350)
[M::mem_pestat] mean and std.dev: (122.56, 58.03)
[M::mem_pestat] low and high boundaries for proper pairs: (1, 438)
[M::mem_pestat] analyzing insert size distribution for orientation FR...
[M::mem_pestat] (25, 50, 75) percentile: (125, 152, 183)
[M::mem_pestat] low and high boundaries for computing mean and std.dev: (9, 299)
[M::mem_pestat] mean and std.dev: (154.77, 43.51)
[M::mem_pestat] low and high boundaries for proper pairs: (1, 357)
[M::mem_pestat] analyzing insert size distribution for orientation RF...
[M::mem_pestat] (25, 50, 75) percentile: (48, 117, 551)
[M::mem_pestat] low and high boundaries for computing mean and std.dev: (1, 1557)
[M::mem_pestat] mean and std.dev: (217.31, 292.10)
[M::mem_pestat] low and high boundaries for proper pairs: (1, 2060)
[M::mem_pestat] analyzing insert size distribution for orientation RR...
[M::mem_pestat] (25, 50, 75) percentile: (84, 107, 277)
[M::mem_pestat] low and high boundaries for computing mean and std.dev: (1, 663)
[M::mem_pestat] mean and std.dev: (137.90, 119.96)
[M::mem_pestat] low and high boundaries for proper pairs: (1, 856)
[M::mem_pestat] skip orientation FF
[M::mem_pestat] skip orientation RF
[M::mem_pestat] skip orientation RR
[M::mem_process_seqs] Processed 1740354 reads in 1747.512 CPU sec, 75.426 real sec
[M::mem_pestat] # candidate unique pairs for (FF, FR, RF, RR): (68, 578056, 36, 62)
[M::mem_pestat] analyzing insert size distribution for orientation FF...
[M::mem_pestat] (25, 50, 75) percentile: (85, 134, 250)
[M::mem_pestat] low and high boundaries for computing mean and std.dev: (1, 580)
[M::mem_pestat] mean and std.dev: (149.75, 112.86)
[M::mem_pestat] low and high boundaries for proper pairs: (1, 745)
[M::mem_pestat] analyzing insert size distribution for orientation FR...
[M::mem_pestat] (25, 50, 75) percentile: (124, 152, 183)
[M::mem_pestat] low and high boundaries for computing mean and std.dev: (6, 301)
[M::mem_pestat] mean and std.dev: (154.65, 43.77)
[M::mem_pestat] low and high boundaries for proper pairs: (1, 360)
[M::mem_pestat] analyzing insert size distribution for orientation RF...
[M::mem_pestat] (25, 50, 75) percentile: (36, 256, 605)
[M::mem_pestat] low and high boundaries for computing mean and std.dev: (1, 1743)
[M::mem_pestat] mean and std.dev: (228.37, 244.14)
[M::mem_pestat] low and high boundaries for proper pairs: (1, 2312)
[M::mem_pestat] analyzing insert size distribution for orientation RR...
[M::mem_pestat] (25, 50, 75) percentile: (92, 143, 329)
[M::mem_pestat] low and high boundaries for computing mean and std.dev: (1, 803)
[M::mem_pestat] mean and std.dev: (212.02, 182.24)
[M::mem_pestat] low and high boundaries for proper pairs: (1, 1040)
[M::mem_pestat] skip orientation FF
[M::mem_pestat] skip orientation RF
[M::mem_pestat] skip orientation RR
[M::process] read 1760942 sequences (240000094 bp)...
[M::mem_process_seqs] Processed 1743132 reads in 1749.885 CPU sec, 75.390 real sec
[M::process] read 1757112 sequences (240000172 bp)...
[M::mem_pestat] # candidate unique pairs for (FF, FR, RF, RR): (48, 584488, 63, 53)
[M::mem_pestat] analyzing insert size distribution for orientation FF...
[M::mem_pestat] (25, 50, 75) percentile: (80, 102, 155)
[M::mem_pestat] low and high boundaries for computing mean and std.dev: (1, 305)
[M::mem_pestat] mean and std.dev: (108.62, 53.64)
[M::mem_pestat] low and high boundaries for proper pairs: (1, 380)
[M::mem_pestat] analyzing insert size distribution for orientation FR...
[M::mem_pestat] (25, 50, 75) percentile: (122, 151, 182)
[M::mem_pestat] low and high boundaries for computing mean and std.dev: (2, 302)
[M::mem_pestat] mean and std.dev: (152.90, 44.62)
[M::mem_pestat] low and high boundaries for proper pairs: (1, 362)
[M::mem_pestat] analyzing insert size distribution for orientation RF...
[M::mem_pestat] (25, 50, 75) percentile: (103, 247, 754)
[M::mem_pestat] low and high boundaries for computing mean and std.dev: (1, 2056)
[M::mem_pestat] mean and std.dev: (294.71, 325.33)
[M::mem_pestat] low and high boundaries for proper pairs: (1, 2707)
[M::mem_pestat] analyzing insert size distribution for orientation RR...
[M::mem_pestat] (25, 50, 75) percentile: (77, 105, 188)
[M::mem_pestat] low and high boundaries for computing mean and std.dev: (1, 410)
[M::mem_pestat] mean and std.dev: (108.93, 69.25)
[M::mem_pestat] low and high boundaries for proper pairs: (1, 521)
[M::mem_pestat] skip orientation FF
[M::mem_pestat] skip orientation RF
[M::mem_pestat] skip orientation RR
[M::mem_process_seqs] Processed 1760942 reads in 1748.653 CPU sec, 75.550 real sec
[M::process] read 1756922 sequences (240000011 bp)...
[M::mem_pestat] # candidate unique pairs for (FF, FR, RF, RR): (44, 583863, 34, 64)
[M::mem_pestat] analyzing insert size distribution for orientation FF...
[M::mem_pestat] (25, 50, 75) percentile: (78, 110, 189)
[M::mem_pestat] low and high boundaries for computing mean and std.dev: (1, 411)
[M::mem_pestat] mean and std.dev: (125.33, 71.33)
[M::mem_pestat] low and high boundaries for proper pairs: (1, 522)
[M::mem_pestat] analyzing insert size distribution for orientation FR...
[M::mem_pestat] (25, 50, 75) percentile: (123, 151, 182)
[M::mem_pestat] low and high boundaries for computing mean and std.dev: (5, 300)
[M::mem_pestat] mean and std.dev: (153.08, 44.51)
[M::mem_pestat] low and high boundaries for proper pairs: (1, 359)
[M::mem_pestat] analyzing insert size distribution for orientation RF...
[M::mem_pestat] (25, 50, 75) percentile: (94, 195, 324)
[M::mem_pestat] low and high boundaries for computing mean and std.dev: (1, 784)
[M::mem_pestat] mean and std.dev: (176.43, 121.21)
[M::mem_pestat] low and high boundaries for proper pairs: (1, 1014)
[M::mem_pestat] analyzing insert size distribution for orientation RR...
[M::mem_pestat] (25, 50, 75) percentile: (82, 107, 182)
[M::mem_pestat] low and high boundaries for computing mean and std.dev: (1, 382)
[M::mem_pestat] mean and std.dev: (113.26, 65.81)
[M::mem_pestat] low and high boundaries for proper pairs: (1, 482)
[M::mem_pestat] skip orientation FF
[M::mem_pestat] skip orientation RF
[M::mem_pestat] skip orientation RR
[M::mem_process_seqs] Processed 1757112 reads in 1750.311 CPU sec, 75.029 real sec
[M::mem_pestat] # candidate unique pairs for (FF, FR, RF, RR): (46, 582940, 35, 73)
[M::mem_pestat] analyzing insert size distribution for orientation FF...
[M::mem_pestat] (25, 50, 75) percentile: (88, 108, 182)
[M::mem_pestat] low and high boundaries for computing mean and std.dev: (1, 370)
[M::mem_pestat] mean and std.dev: (131.56, 69.62)
[M::mem_pestat] low and high boundaries for proper pairs: (1, 464)
[M::mem_pestat] analyzing insert size distribution for orientation FR...
[M::mem_pestat] (25, 50, 75) percentile: (123, 151, 182)
[M::mem_pestat] low and high boundaries for computing mean and std.dev: (5, 300)
[M::mem_pestat] mean and std.dev: (153.15, 44.55)
[M::mem_pestat] low and high boundaries for proper pairs: (1, 359)
[M::mem_pestat] analyzing insert size distribution for orientation RF...
[M::mem_pestat] (25, 50, 75) percentile: (84, 241, 650)
[M::mem_pestat] low and high boundaries for computing mean and std.dev: (1, 1782)
[M::mem_pestat] mean and std.dev: (287.40, 358.93)
[M::mem_pestat] low and high boundaries for proper pairs: (1, 2348)
[M::mem_pestat] analyzing insert size distribution for orientation RR...
[M::mem_pestat] (25, 50, 75) percentile: (81, 125, 336)
[M::mem_pestat] low and high boundaries for computing mean and std.dev: (1, 846)
[M::mem_pestat] mean and std.dev: (181.70, 149.73)
[M::mem_pestat] low and high boundaries for proper pairs: (1, 1101)
[M::mem_pestat] skip orientation FF
[M::mem_pestat] skip orientation RF
[M::mem_pestat] skip orientation RR
[M::process] read 1756244 sequences (240000169 bp)...
[M::mem_process_seqs] Processed 1756922 reads in 1744.247 CPU sec, 75.132 real sec
[M::process] read 1752546 sequences (240000002 bp)...
[M::mem_pestat] # candidate unique pairs for (FF, FR, RF, RR): (53, 583058, 45, 58)
[M::mem_pestat] analyzing insert size distribution for orientation FF...
[M::mem_pestat] (25, 50, 75) percentile: (87, 128, 279)
[M::mem_pestat] low and high boundaries for computing mean and std.dev: (1, 663)
[M::mem_pestat] mean and std.dev: (161.72, 122.46)
[M::mem_pestat] low and high boundaries for proper pairs: (1, 855)
[M::mem_pestat] analyzing insert size distribution for orientation FR...
[M::mem_pestat] (25, 50, 75) percentile: (123, 151, 182)
[M::mem_pestat] low and high boundaries for computing mean and std.dev: (5, 300)
[M::mem_pestat] mean and std.dev: (153.19, 44.50)
[M::mem_pestat] low and high boundaries for proper pairs: (1, 359)
[M::mem_pestat] analyzing insert size distribution for orientation RF...
[M::mem_pestat] (25, 50, 75) percentile: (38, 97, 687)
[M::mem_pestat] low and high boundaries for computing mean and std.dev: (1, 1985)
[M::mem_pestat] mean and std.dev: (199.24, 244.90)
[M::mem_pestat] low and high boundaries for proper pairs: (1, 2634)
[M::mem_pestat] analyzing insert size distribution for orientation RR...
[M::mem_pestat] (25, 50, 75) percentile: (85, 108, 209)
[M::mem_pestat] low and high boundaries for computing mean and std.dev: (1, 457)
[M::mem_pestat] mean and std.dev: (122.77, 75.96)
[M::mem_pestat] low and high boundaries for proper pairs: (1, 581)
[M::mem_pestat] skip orientation FF
[M::mem_pestat] skip orientation RF
[M::mem_pestat] skip orientation RR
[M::mem_process_seqs] Processed 1756244 reads in 1743.301 CPU sec, 75.336 real sec
