[M::bwa_idx_load_from_disk] read 0 ALT contigs
[M::process] read 1710638 sequences (240000020 bp)...
[M::process] read 1707784 sequences (240000215 bp)...
[M::mem_pestat] # candidate unique pairs for (FF, FR, RF, RR): (119, 559121, 65, 122)
[M::mem_pestat] analyzing insert size distribution for orientation FF...
[M::mem_pestat] (25, 50, 75) percentile: (114, 165, 281)
[M::mem_pestat] low and high boundaries for computing mean and std.dev: (1, 615)
[M::mem_pestat] mean and std.dev: (182.73, 92.70)
[M::mem_pestat] low and high boundaries for proper pairs: (1, 782)
[M::mem_pestat] analyzing insert size distribution for orientation FR...
[M::mem_pestat] (25, 50, 75) percentile: (140, 173, 216)
[M::mem_pestat] low and high boundaries for computing mean and std.dev: (1, 368)
[M::mem_pestat] mean and std.dev: (179.38, 58.22)
[M::mem_pestat] low and high boundaries for proper pairs: (1, 444)
[M::mem_pestat] analyzing insert size distribution for orientation RF...
[M::mem_pestat] (25, 50, 75) percentile: (70, 172, 652)
[M::mem_pestat] low and high boundaries for computing mean and std.dev: (1, 1816)
[M::mem_pestat] mean and std.dev: (236.02, 330.60)
[M::mem_pestat] low and high boundaries for proper pairs: (1, 2398)
[M::mem_pestat] analyzing insert size distribution for orientation RR...
[M::mem_pestat] (25, 50, 75) percentile: (110, 171, 269)
[M::mem_pestat] low and high boundaries for computing mean and std.dev: (1, 587)
[M::mem_pestat] mean and std.dev: (181.82, 110.71)
[M::mem_pestat] low and high boundaries for proper pairs: (1, 746)
[M::mem_pestat] skip orientation FF
[M::mem_pestat] skip orientation RF
[M::mem_pestat] skip orientation RR
[M::mem_process_seqs] Processed 1710638 reads in 1807.123 CPU sec, 76.221 real sec
[M::process] read 1706894 sequences (240000132 bp)...
[M::mem_pestat] # candidate unique pairs for (FF, FR, RF, RR): (105, 559275, 69, 111)
[M::mem_pestat] analyzing insert size distribution for orientation FF...
[M::mem_pestat] (25, 50, 75) percentile: (113, 162, 273)
[M::mem_pestat] low and high boundaries for computing mean and std.dev: (1, 593)
[M::mem_pestat] mean and std.dev: (170.18, 90.21)
[M::mem_pestat] low and high boundaries for proper pairs: (1, 753)
[M::mem_pestat] analyzing insert size distribution for orientation FR...
[M::mem_pestat] (25, 50, 75) percentile: (140, 173, 216)
[M::mem_pestat] low and high boundaries for computing mean and std.dev: (1, 368)
[M::mem_pestat] mean and std.dev: (179.45, 58.08)
[M::mem_pestat] low and high boundaries for proper pairs: (1, 444)
[M::mem_pestat] analyzing insert size distribution for orientation RF...
[M::mem_pestat] (25, 50, 75) percentile: (72, 267, 734)
[M::mem_pestat] low and high boundaries for computing mean and std.dev: (1, 2058)
[M::mem_pestat] mean and std.dev: (340.54, 426.55)
[M::mem_pestat] low and high boundaries for proper pairs: (1, 2720)
[M::mem_pestat] analyzing insert size distribution for orientation RR...
[M::mem_pestat] (25, 50, 75) percentile: (116, 148, 255)
[M::mem_pestat] low and high boundaries for computing mean and std.dev: (1, 533)
[M::mem_pestat] mean and std.dev: (161.80, 80.88)
[M::mem_pestat] low and high boundaries for proper pairs: (1, 672)
[M::mem_pestat] skip orientation FF
[M::mem_pestat] skip orientation RF
[M::mem_pestat] skip orientation RR
[M::mem_process_seqs] Processed 1707784 reads in 1838.546 CPU sec, 78.722 real sec
[M::process] read 1703598 sequences (240000140 bp)...
[M::mem_pestat] # candidate unique pairs for (FF, FR, RF, RR): (128, 558289, 63, 115)
[M::mem_pestat] analyzing insert size distribution for orientation FF...
[M::mem_pestat] (25, 50, 75) percentile: (106, 154, 288)
[M::mem_pestat] low and high boundaries for computing mean and std.dev: (1, 652)
[M::mem_pestat] mean and std.dev: (189.91, 133.94)
[M::mem_pestat] low and high boundaries for proper pairs: (1, 834)
[M::mem_pestat] analyzing insert size distribution for orientation FR...
[M::mem_pestat] (25, 50, 75) percentile: (140, 173, 216)
[M::mem_pestat] low and high boundaries for computing mean and std.dev: (1, 368)
[M::mem_pestat] mean and std.dev: (179.47, 58.04)
[M::mem_pestat] low and high boundaries for proper pairs: (1, 444)
[M::mem_pestat] analyzing insert size distribution for orientation RF...
[M::mem_pestat] (25, 50, 75) percentile: (114, 373, 1899)
[M::mem_pestat] low and high boundaries for computing mean and std.dev: (1, 5469)
[M::mem_pestat] mean and std.dev: (894.88, 1284.00)
[M::mem_pestat] low and high boundaries for proper pairs: (1, 7254)
[M::mem_pestat] analyzing insert size distribution for orientation RR...
[M::mem_pestat] (25, 50, 75) percentile: (114, 158, 394)
[M::mem_pestat] low and high boundaries for computing mean and std.dev: (1, 954)
[M::mem_pestat] mean and std.dev: (229.29, 195.14)
[M::mem_pestat] low and high boundaries for proper pairs: (1, 1234)
[M::mem_pestat] skip orientation FF
[M::mem_pestat] skip orientation RF
[M::mem_pestat] skip orientation RR
[M::mem_process_seqs] Processed 1706894 reads in 1846.166 CPU sec, 79.664 real sec
[M::process] read 1704862 sequences (240000123 bp)...
[M::mem_pestat] # candidate unique pairs for (FF, FR, RF, RR): (150, 557908, 76, 133)
[M::mem_pestat] analyzing insert size distribution for orientation FF...
[M::mem_pestat] (25, 50, 75) percentile: (105, 170, 392)
[M::mem_pestat] low and high boundaries for computing mean and std.dev: (1, 966)
[M::mem_pestat] mean and std.dev: (226.61, 178.87)
[M::mem_pestat] low and high boundaries for proper pairs: (1, 1253)
[M::mem_pestat] analyzing insert size distribution for orientation FR...
[M::mem_pestat] (25, 50, 75) percentile: (141, 174, 216)
[M::mem_pestat] low and high boundaries for computing mean and std.dev: (1, 366)
[M::mem_pestat] mean and std.dev: (180.04, 57.91)
[M::mem_pestat] low and high boundaries for proper pairs: (1, 441)
[M::mem_pestat] analyzing insert size distribution for orientation RF...
[M::mem_pestat] (25, 50, 75) percentile: (54, 199, 973)
[M::mem_pestat] low and high boundaries for computing mean and std.dev: (1, 2811)
[M::mem_pestat] mean and std.dev: (402.03, 602.02)
[M::mem_pestat] low and high boundaries for proper pairs: (1, 3730)
[M::mem_pestat] analyzing insert size distribution for orientation RR...
[M::mem_pestat] (25, 50, 75) percentile: (109, 170, 396)
[M::mem_pestat] low and high boundaries for computing mean and std.dev: (1, 970)
[M::mem_pestat] mean and std.dev: (231.17, 203.05)
[M::mem_pestat] low and high boundaries for proper pairs: (1, 1257)
[M::mem_pestat] skip orientation FF
[M::mem_pestat] skip orientation RF
[M::mem_pestat] skip orientation RR
[M::mem_process_seqs] Processed 1703598 reads in 1852.261 CPU sec, 79.802 real sec
[M::process] read 1705110 sequences (240000103 bp)...
[M::mem_pestat] # candidate unique pairs for (FF, FR, RF, RR): (119, 558196, 62, 118)
[M::mem_pestat] analyzing insert size distribution for orientation FF...
[M::mem_pestat] (25, 50, 75) percentile: (109, 151, 378)
[M::mem_pestat] low and high boundaries for computing mean and std.dev: (1, 916)
[M::mem_pestat] mean and std.dev: (209.33, 174.72)
[M::mem_pestat] low and high boundaries for proper pairs: (1, 1185)
[M::mem_pestat] analyzing insert size distribution for orientation FR...
[M::mem_pestat] (25, 50, 75) percentile: (140, 173, 216)
[M::mem_pestat] low and high boundaries for computing mean and std.dev: (1, 368)
[M::mem_pestat] mean and std.dev: (179.68, 58.00)
[M::mem_pestat] low and high boundaries for proper pairs: (1, 444)
[M::mem_pestat] analyzing insert size distribution for orientation RF...
[M::mem_pestat] (25, 50, 75) percentile: (51, 162, 623)
[M::mem_pestat] low and high boundaries for computing mean and std.dev: (1, 1767)
[M::mem_pestat] mean and std.dev: (230.02, 303.08)
[M::mem_pestat] low and high boundaries for proper pairs: (1, 2339)
[M::mem_pestat] analyzing insert size distribution for orientation RR...
[M::mem_pestat] (25, 50, 75) percentile: (95, 180, 334)
[M::mem_pestat] low and high boundaries for computing mean and std.dev: (1, 812)
[M::mem_pestat] mean and std.dev: (193.15, 125.65)
[M::mem_pestat] low and high boundaries for proper pairs: (1, 1051)
[M::mem_pestat] skip orientation FF
[M::mem_pestat] skip orientation RF
[M::mem_pestat] skip orientation RR
[M::mem_process_seqs] Processed 1704862 reads in 1848.825 CPU sec, 79.653 real sec
[M::process] read 1701748 sequences (240000057 bp)...
[M::mem_pestat] # candidate unique pairs for (FF, FR, RF, RR): (129, 557993, 46, 110)
[M::mem_pestat] analyzing insert size distribution for orientation FF...
[M::mem_pestat] (25, 50, 75) percentile: (97, 148, 270)
[M::mem_pestat] low and high boundaries for computing mean and std.dev: (1, 616)
[M::mem_pestat] mean and std.dev: (174.07, 106.83)
[M::mem_pestat] low and high boundaries for proper pairs: (1, 789)
[M::mem_pestat] analyzing insert size distribution for orientation FR...
[M::mem_pestat] (25, 50, 75) percentile: (140, 174, 217)
[M::mem_pestat] low and high boundaries for computing mean and std.dev: (1, 371)
[M::mem_pestat] mean and std.dev: (180.26, 58.56)
[M::mem_pestat] low and high boundaries for proper pairs: (1, 448)
[M::mem_pestat] analyzing insert size distribution for orientation RF...
[M::mem_pestat] (25, 50, 75) percentile: (64, 557, 1110)
[M::mem_pestat] low and high boundaries for computing mean and std.dev: (1, 3202)
[M::mem_pestat] mean and std.dev: (617.67, 791.60)
[M::mem_pestat] low and high boundaries for proper pairs: (1, 4248)
[M::mem_pestat] analyzing insert size distribution for orientation RR...
[M::mem_pestat] (25, 50, 75) percentile: (110, 153, 305)
[M::mem_pestat] low and high boundaries for computing mean and std.dev: (1, 695)
[M::mem_pestat] mean and std.dev: (190.01, 126.53)
[M::mem_pestat] low and high boundaries for proper pairs: (1, 890)
[M::mem_pestat] skip orientation FF
[M::mem_pestat] skip orientation RF
[M::mem_pestat] skip orientation RR
[M::mem_process_seqs] Processed 1705110 reads in 1848.367 CPU sec, 79.456 real sec
[M::mem_pestat] # candidate unique pairs for (FF, FR, RF, RR): (119, 557585, 60, 125)
[M::mem_pestat] analyzing insert size distribution for orientation FF...
[M::mem_pestat] (25, 50, 75) percentile: (93, 154, 352)
[M::mem_pestat] low and high boundaries for computing mean and std.dev: (1, 870)
[M::mem_pestat] mean and std.dev: (225.88, 200.14)
[M::mem_pestat] low and high boundaries for proper pairs: (1, 1129)
[M::mem_pestat] analyzing insert size distribution for orientation FR...
[M::mem_pestat] (25, 50, 75) percentile: (141, 174, 217)
[M::mem_pestat] low and high boundaries for computing mean and std.dev: (1, 369)
[M::mem_pestat] mean and std.dev: (180.50, 58.23)
[M::mem_pestat] low and high boundaries for proper pairs: (1, 445)
[M::mem_pestat] analyzing insert size distribution for orientation RF...
[M::mem_pestat] (25, 50, 75) percentile: (76, 235, 911)
[M::mem_pestat] low and high boundaries for computing mean and std.dev: (1, 2581)
[M::mem_pestat] mean and std.dev: (426.58, 597.84)
[M::mem_pestat] low and high boundaries for proper pairs: (1, 3416)
[M::mem_pestat] analyzing insert size distribution for orientation RR...
[M::mem_pestat] (25, 50, 75) percentile: (92, 139, 268)
[M::mem_pestat] low and high boundaries for computing mean and std.dev: (1, 620)
[M::mem_pestat] mean and std.dev: (167.33, 107.02)
[M::mem_pestat] low and high boundaries for proper pairs: (1, 796)
[M::mem_pestat] skip orientation FF
[M::mem_pestat] skip orientation RF
[M::mem_pestat] skip orientation RR
[M::process] read 1699316 sequences (240000093 bp)...
[M::mem_process_seqs] Processed 1701748 reads in 1850.233 CPU sec, 79.628 real sec
[M::process] read 1700184 sequences (240000224 bp)...
[M::mem_pestat] # candidate unique pairs for (FF, FR, RF, RR): (109, 557001, 71, 150)
[M::mem_pestat] analyzing insert size distribution for orientation FF...
[M::mem_pestat] (25, 50, 75) percentile: (108, 150, 241)
[M::mem_pestat] low and high boundaries for computing mean and std.dev: (1, 507)
[M::mem_pestat] mean and std.dev: (164.98, 90.19)
[M::mem_pestat] low and high boundaries for proper pairs: (1, 640)
[M::mem_pestat] analyzing insert size distribution for orientation FR...
[M::mem_pestat] (25, 50, 75) percentile: (141, 174, 217)
[M::mem_pestat] low and high boundaries for computing mean and std.dev: (1, 369)
[M::mem_pestat] mean and std.dev: (180.93, 58.14)
[M::mem_pestat] low and high boundaries for proper pairs: (1, 445)
[M::mem_pestat] analyzing insert size distribution for orientation RF...
[M::mem_pestat] (25, 50, 75) percentile: (61, 162, 812)
[M::mem_pestat] low and high boundaries for computing mean and std.dev: (1, 2314)
[M::mem_pestat] mean and std.dev: (440.05, 607.57)
[M::mem_pestat] low and high boundaries for proper pairs: (1, 3065)
[M::mem_pestat] analyzing insert size distribution for orientation RR...
[M::mem_pestat] (25, 50, 75) percentile: (107, 176, 329)
[M::mem_pestat] low and high boundaries for computing mean and std.dev: (1, 773)
[M::mem_pestat] mean and std.dev: (199.23, 140.43)
[M::mem_pestat] low and high boundaries for proper pairs: (1, 995)
[M::mem_pestat] skip orientation FF
[M::mem_pestat] skip orientation RF
[M::mem_pestat] skip orientation RR
[M::mem_process_seqs] Processed 1699316 reads in 1850.971 CPU sec, 79.401 real sec
[M::mem_pestat] # candidate unique pairs for (FF, FR, RF, RR): (113, 557512, 58, 121)
[M::mem_pestat] analyzing insert size distribution for orientation FF...
[M::mem_pestat] (25, 50, 75) percentile: (108, 157, 318)
[M::mem_pestat] low and high boundaries for computing mean and std.dev: (1, 738)
[M::mem_pestat] mean and std.dev: (204.52, 148.52)
[M::mem_pestat] low and high boundaries for proper pairs: (1, 948)
[M::mem_pestat] analyzing insert size distribution for orientation FR...
[M::mem_pestat] (25, 50, 75) percentile: (141, 174, 218)
[M::mem_pestat] low and high boundaries for computing mean and std.dev: (1, 372)
[M::mem_pestat] mean and std.dev: (181.04, 58.64)
[M::mem_pestat] low and high boundaries for proper pairs: (1, 449)
[M::mem_pestat] analyzing insert size distribution for orientation RF...
[M::mem_pestat] (25, 50, 75) percentile: (46, 232, 1380)
[M::mem_pestat] low and high boundaries for computing mean and std.dev: (1, 4048)
[M::mem_pestat] mean and std.dev: (532.78, 859.22)
[M::mem_pestat] low and high boundaries for proper pairs: (1, 5382)
[M::mem_pestat] analyzing insert size distribution for orientation RR...
[M::mem_pestat] (25, 50, 75) percentile: (122, 183, 340)
[M::mem_pestat] low and high boundaries for computing mean and std.dev: (1, 776)
[M::mem_pestat] mean and std.dev: (197.99, 123.09)
[M::mem_pestat] low and high boundaries for proper pairs: (1, 994)
[M::mem_pestat] skip orientation FF
[M::mem_pestat] skip orientation RF
[M::mem_pestat] skip orientation RR
[M::process] read 1701372 sequences (240000039 bp)...
[M::mem_process_seqs] Processed 1700184 reads in 1843.601 CPU sec, 79.248 real sec
[M::mem_pestat] # candidate unique pairs for (FF, FR, RF, RR): (129, 556872, 58, 101)
[M::mem_pestat] analyzing insert size distribution for orientation FF...
[M::mem_pestat] (25, 50, 75) percentile: (94, 165, 295)
[M::mem_pestat] low and high boundaries for computing mean and std.dev: (1, 697)
[M::mem_pestat] mean and std.dev: (192.11, 146.09)
[M::mem_pestat] low and high boundaries for proper pairs: (1, 898)
[M::mem_pestat] analyzing insert size distribution for orientation FR...
[M::process] read 1695680 sequences (240000224 bp)...
[M::mem_pestat] (25, 50, 75) percentile: (141, 174, 218)
[M::mem_pestat] low and high boundaries for computing mean and std.dev: (1, 372)
[M::mem_pestat] mean and std.dev: (181.37, 58.42)
[M::mem_pestat] low and high boundaries for proper pairs: (1, 449)
[M::mem_pestat] analyzing insert size distribution for orientation RF...
[M::mem_pestat] (25, 50, 75) percentile: (80, 388, 1163)
[M::mem_pestat] low and high boundaries for computing mean and std.dev: (1, 3329)
[M::mem_pestat] mean and std.dev: (523.55, 665.83)
[M::mem_pestat] low and high boundaries for proper pairs: (1, 4412)
[M::mem_pestat] analyzing insert size distribution for orientation RR...
[M::mem_pestat] (25, 50, 75) percentile: (118, 160, 297)
[M::mem_pestat] low and high boundaries for computing mean and std.dev: (1, 655)
[M::mem_pestat] mean and std.dev: (181.08, 99.97)
[M::mem_pestat] low and high boundaries for proper pairs: (1, 834)
[M::mem_pestat] skip orientation FF
[M::mem_pestat] skip orientation RF
[M::mem_pestat] skip orientation RR
[M::mem_process_seqs] Processed 1701372 reads in 1849.684 CPU sec, 79.650 real sec
[M::mem_pestat] # candidate unique pairs for (FF, FR, RF, RR): (132, 556293, 53, 110)
[M::mem_pestat] analyzing insert size distribution for orientation FF...
[M::mem_pestat] (25, 50, 75) percentile: (110, 171, 338)
[M::mem_pestat] low and high boundaries for computing mean and std.dev: (1, 794)
[M::mem_pestat] mean and std.dev: (203.66, 158.32)
[M::mem_pestat] low and high boundaries for proper pairs: (1, 1022)
[M::mem_pestat] analyzing insert size distribution for orientation FR...
[M::mem_pestat] (25, 50, 75) percentile: (141, 174, 217)
[M::mem_pestat] low and high boundaries for computing mean and std.dev: (1, 369)
[M::mem_pestat] mean and std.dev: (181.27, 57.72)
[M::mem_pestat] low and high boundaries for proper pairs: (1, 445)
[M::mem_pestat] analyzing insert size distribution for orientation RF...
[M::mem_pestat] (25, 50, 75) percentile: (108, 257, 734)
[M::mem_pestat] low and high boundaries for computing mean and std.dev: (1, 1986)
[M::mem_pestat] mean and std.dev: (306.32, 345.62)
[M::mem_pestat] low and high boundaries for proper pairs: (1, 2612)
[M::mem_pestat] analyzing insert size distribution for orientation RR...
[M::mem_pestat] (25, 50, 75) percentile: (111, 169, 282)
[M::mem_pestat] low and high boundaries for computing mean and std.dev: (1, 624)
[M::mem_pestat] mean and std.dev: (197.27, 127.78)
[M::mem_pestat] low and high boundaries for proper pairs: (1, 795)
[M::mem_pestat] skip orientation FF
[M::mem_pestat] skip orientation RF
[M::mem_pestat] skip orientation RR
[M::process] read 1694444 sequences (240000014 bp)...
[M::mem_process_seqs] Processed 1695680 reads in 1854.940 CPU sec, 79.861 real sec
[M::process] read 1692562 sequences (240000119 bp)...
[M::mem_pestat] # candidate unique pairs for (FF, FR, RF, RR): (118, 555714, 52, 108)
[M::mem_pestat] analyzing insert size distribution for orientation FF...
[M::mem_pestat] (25, 50, 75) percentile: (102, 179, 334)
[M::mem_pestat] low and high boundaries for computing mean and std.dev: (1, 798)
[M::mem_pestat] mean and std.dev: (220.42, 158.08)
[M::mem_pestat] low and high boundaries for proper pairs: (1, 1030)
[M::mem_pestat] analyzing insert size distribution for orientation FR...
[M::mem_pestat] (25, 50, 75) percentile: (141, 174, 217)
[M::mem_pestat] low and high boundaries for computing mean and std.dev: (1, 369)
[M::mem_pestat] mean and std.dev: (181.22, 57.46)
[M::mem_pestat] low and high boundaries for proper pairs: (1, 445)
[M::mem_pestat] analyzing insert size distribution for orientation RF...
[M::mem_pestat] (25, 50, 75) percentile: (120, 273, 809)
[M::mem_pestat] low and high boundaries for computing mean and std.dev: (1, 2187)
[M::mem_pestat] mean and std.dev: (344.74, 434.70)
[M::mem_pestat] low and high boundaries for proper pairs: (1, 2876)
[M::mem_pestat] analyzing insert size distribution for orientation RR...
[M::mem_pestat] (25, 50, 75) percentile: (109, 156, 260)
[M::mem_pestat] low and high boundaries for computing mean and std.dev: (1, 562)
[M::mem_pestat] mean and std.dev: (179.66, 114.15)
[M::mem_pestat] low and high boundaries for proper pairs: (1, 713)
[M::mem_pestat] skip orientation FF
[M::mem_pestat] skip orientation RF
[M::mem_pestat] skip orientation RR
[M::mem_process_seqs] Processed 1694444 reads in 1852.429 CPU sec, 79.875 real sec
