[M::bwa_idx_load_from_disk] read 0 ALT contigs
[M::process] read 1696868 sequences (240000007 bp)...
[M::process] read 1694138 sequences (240000153 bp)...
[M::mem_pestat] # candidate unique pairs for (FF, FR, RF, RR): (903, 560454, 58, 890)
[M::mem_pestat] analyzing insert size distribution for orientation FF...
[M::mem_pestat] (25, 50, 75) percentile: (94, 133, 254)
[M::mem_pestat] low and high boundaries for computing mean and std.dev: (1, 574)
[M::mem_pestat] mean and std.dev: (158.46, 106.64)
[M::mem_pestat] low and high boundaries for proper pairs: (1, 734)
[M::mem_pestat] analyzing insert size distribution for orientation FR...
[M::mem_pestat] (25, 50, 75) percentile: (140, 169, 201)
[M::mem_pestat] low and high boundaries for computing mean and std.dev: (18, 323)
[M::mem_pestat] mean and std.dev: (171.40, 45.20)
[M::mem_pestat] low and high boundaries for proper pairs: (1, 384)
[M::mem_pestat] analyzing insert size distribution for orientation RF...
[M::mem_pestat] (25, 50, 75) percentile: (77, 171, 646)
[M::mem_pestat] low and high boundaries for computing mean and std.dev: (1, 1784)
[M::mem_pestat] mean and std.dev: (301.00, 360.63)
[M::mem_pestat] low and high boundaries for proper pairs: (1, 2353)
[M::mem_pestat] analyzing insert size distribution for orientation RR...
[M::mem_pestat] (25, 50, 75) percentile: (97, 139, 260)
[M::mem_pestat] low and high boundaries for computing mean and std.dev: (1, 586)
[M::mem_pestat] mean and std.dev: (166.88, 112.59)
[M::mem_pestat] low and high boundaries for proper pairs: (1, 749)
[M::mem_pestat] skip orientation FF
[M::mem_pestat] skip orientation RF
[M::mem_pestat] skip orientation RR
[M::mem_process_seqs] Processed 1696868 reads in 1797.013 CPU sec, 75.932 real sec
[M::process] read 1692914 sequences (240000201 bp)...
[M::mem_pestat] # candidate unique pairs for (FF, FR, RF, RR): (842, 558758, 56, 877)
[M::mem_pestat] analyzing insert size distribution for orientation FF...
[M::mem_pestat] (25, 50, 75) percentile: (100, 144, 292)
[M::mem_pestat] low and high boundaries for computing mean and std.dev: (1, 676)
[M::mem_pestat] mean and std.dev: (180.61, 128.45)
[M::mem_pestat] low and high boundaries for proper pairs: (1, 868)
[M::mem_pestat] analyzing insert size distribution for orientation FR...
[M::mem_pestat] (25, 50, 75) percentile: (140, 170, 201)
[M::mem_pestat] low and high boundaries for computing mean and std.dev: (18, 323)
[M::mem_pestat] mean and std.dev: (171.53, 45.24)
[M::mem_pestat] low and high boundaries for proper pairs: (1, 384)
[M::mem_pestat] analyzing insert size distribution for orientation RF...
[M::mem_pestat] (25, 50, 75) percentile: (104, 399, 1277)
[M::mem_pestat] low and high boundaries for computing mean and std.dev: (1, 3623)
[M::mem_pestat] mean and std.dev: (548.76, 657.83)
[M::mem_pestat] low and high boundaries for proper pairs: (1, 4796)
[M::mem_pestat] analyzing insert size distribution for orientation RR...
[M::mem_pestat] (25, 50, 75) percentile: (102, 142, 284)
[M::mem_pestat] low and high boundaries for computing mean and std.dev: (1, 648)
[M::mem_pestat] mean and std.dev: (178.15, 120.57)
[M::mem_pestat] low and high boundaries for proper pairs: (1, 830)
[M::mem_pestat] skip orientation FF
[M::mem_pestat] skip orientation RF
[M::mem_pestat] skip orientation RR
[M::mem_process_seqs] Processed 1694138 reads in 1816.055 CPU sec, 77.781 real sec
[M::mem_pestat] # candidate unique pairs for (FF, FR, RF, RR): (934, 559038, 53, 892)
[M::mem_pestat] analyzing insert size distribution for orientation FF...
[M::mem_pestat] (25, 50, 75) percentile: (100, 141, 301)
[M::mem_pestat] low and high boundaries for computing mean and std.dev: (1, 703)
[M::mem_pestat] mean and std.dev: (178.60, 131.81)
[M::mem_pestat] low and high boundaries for proper pairs: (1, 904)
[M::mem_pestat] analyzing insert size distribution for orientation FR...
[M::mem_pestat] (25, 50, 75) percentile: (140, 170, 202)
[M::mem_pestat] low and high boundaries for computing mean and std.dev: (16, 326)
[M::mem_pestat] mean and std.dev: (171.81, 45.44)
[M::mem_pestat] low and high boundaries for proper pairs: (1, 388)
[M::mem_pestat] analyzing insert size distribution for orientation RF...
[M::mem_pestat] (25, 50, 75) percentile: (153, 363, 1212)
[M::mem_pestat] low and high boundaries for computing mean and std.dev: (1, 3330)
[M::mem_pestat] mean and std.dev: (501.20, 585.04)
[M::mem_pestat] low and high boundaries for proper pairs: (1, 4389)
[M::mem_pestat] analyzing insert size distribution for orientation RR...
[M::mem_pestat] (25, 50, 75) percentile: (95, 140, 271)
[M::mem_pestat] low and high boundaries for computing mean and std.dev: (1, 623)
[M::mem_pestat] mean and std.dev: (172.59, 119.27)
[M::mem_pestat] low and high boundaries for proper pairs: (1, 799)
[M::mem_pestat] skip orientation FF
[M::mem_pestat] skip orientation RF
[M::mem_pestat] skip orientation RR
[M::process] read 1692908 sequences (240000024 bp)...
[M::mem_process_seqs] Processed 1692914 reads in 1825.645 CPU sec, 78.893 real sec
[M::process] read 1692866 sequences (240000061 bp)...
[M::mem_pestat] # candidate unique pairs for (FF, FR, RF, RR): (826, 559231, 65, 840)
[M::mem_pestat] analyzing insert size distribution for orientation FF...
[M::mem_pestat] (25, 50, 75) percentile: (100, 146, 267)
[M::mem_pestat] low and high boundaries for computing mean and std.dev: (1, 601)
[M::mem_pestat] mean and std.dev: (170.91, 111.29)
[M::mem_pestat] low and high boundaries for proper pairs: (1, 768)
[M::mem_pestat] analyzing insert size distribution for orientation FR...
[M::mem_pestat] (25, 50, 75) percentile: (140, 170, 202)
[M::mem_pestat] low and high boundaries for computing mean and std.dev: (16, 326)
[M::mem_pestat] mean and std.dev: (171.76, 45.46)
[M::mem_pestat] low and high boundaries for proper pairs: (1, 388)
[M::mem_pestat] analyzing insert size distribution for orientation RF...
[M::mem_pestat] (25, 50, 75) percentile: (34, 210, 532)
[M::mem_pestat] low and high boundaries for computing mean and std.dev: (1, 1528)
[M::mem_pestat] mean and std.dev: (230.23, 295.19)
[M::mem_pestat] low and high boundaries for proper pairs: (1, 2026)
[M::mem_pestat] analyzing insert size distribution for orientation RR...
[M::mem_pestat] (25, 50, 75) percentile: (99, 138, 271)
[M::mem_pestat] low and high boundaries for computing mean and std.dev: (1, 615)
[M::mem_pestat] mean and std.dev: (167.68, 114.23)
[M::mem_pestat] low and high boundaries for proper pairs: (1, 787)
[M::mem_pestat] skip orientation FF
[M::mem_pestat] skip orientation RF
[M::mem_pestat] skip orientation RR
[M::mem_process_seqs] Processed 1692908 reads in 1836.115 CPU sec, 79.258 real sec
[M::process] read 1693256 sequences (240000285 bp)...
[M::mem_pestat] # candidate unique pairs for (FF, FR, RF, RR): (889, 559459, 51, 898)
[M::mem_pestat] analyzing insert size distribution for orientation FF...
[M::mem_pestat] (25, 50, 75) percentile: (100, 146, 268)
[M::mem_pestat] low and high boundaries for computing mean and std.dev: (1, 604)
[M::mem_pestat] mean and std.dev: (173.20, 115.20)
[M::mem_pestat] low and high boundaries for proper pairs: (1, 772)
[M::mem_pestat] analyzing insert size distribution for orientation FR...
[M::mem_pestat] (25, 50, 75) percentile: (140, 170, 201)
[M::mem_pestat] low and high boundaries for computing mean and std.dev: (18, 323)
[M::mem_pestat] mean and std.dev: (171.59, 45.29)
[M::mem_pestat] low and high boundaries for proper pairs: (1, 384)
[M::mem_pestat] analyzing insert size distribution for orientation RF...
[M::mem_pestat] (25, 50, 75) percentile: (107, 225, 2425)
[M::mem_pestat] low and high boundaries for computing mean and std.dev: (1, 7061)
[M::mem_pestat] mean and std.dev: (1307.52, 1976.14)
[M::mem_pestat] low and high boundaries for proper pairs: (1, 9379)
[M::mem_pestat] analyzing insert size distribution for orientation RR...
[M::mem_pestat] (25, 50, 75) percentile: (101, 144, 258)
[M::mem_pestat] low and high boundaries for computing mean and std.dev: (1, 572)
[M::mem_pestat] mean and std.dev: (166.58, 105.78)
[M::mem_pestat] low and high boundaries for proper pairs: (1, 729)
[M::mem_pestat] skip orientation FF
[M::mem_pestat] skip orientation RF
[M::mem_pestat] skip orientation RR
[M::mem_process_seqs] Processed 1692866 reads in 1833.079 CPU sec, 79.028 real sec
[M::process] read 1691606 sequences (240000252 bp)...
[M::mem_pestat] # candidate unique pairs for (FF, FR, RF, RR): (929, 559204, 44, 873)
[M::mem_pestat] analyzing insert size distribution for orientation FF...
[M::mem_pestat] (25, 50, 75) percentile: (97, 134, 260)
[M::mem_pestat] low and high boundaries for computing mean and std.dev: (1, 586)
[M::mem_pestat] mean and std.dev: (161.88, 105.49)
[M::mem_pestat] low and high boundaries for proper pairs: (1, 749)
[M::mem_pestat] analyzing insert size distribution for orientation FR...
[M::mem_pestat] (25, 50, 75) percentile: (140, 170, 202)
[M::mem_pestat] low and high boundaries for computing mean and std.dev: (16, 326)
[M::mem_pestat] mean and std.dev: (171.82, 45.40)
[M::mem_pestat] low and high boundaries for proper pairs: (1, 388)
[M::mem_pestat] analyzing insert size distribution for orientation RF...
[M::mem_pestat] (25, 50, 75) percentile: (109, 187, 661)
[M::mem_pestat] low and high boundaries for computing mean and std.dev: (1, 1765)
[M::mem_pestat] mean and std.dev: (370.58, 424.35)
[M::mem_pestat] low and high boundaries for proper pairs: (1, 2317)
[M::mem_pestat] analyzing insert size distribution for orientation RR...
[M::mem_pestat] (25, 50, 75) percentile: (100, 148, 280)
[M::mem_pestat] low and high boundaries for computing mean and std.dev: (1, 640)
[M::mem_pestat] mean and std.dev: (175.60, 116.37)
[M::mem_pestat] low and high boundaries for proper pairs: (1, 820)
[M::mem_pestat] skip orientation FF
[M::mem_pestat] skip orientation RF
[M::mem_pestat] skip orientation RR
[M::mem_process_seqs] Processed 1693256 reads in 1835.142 CPU sec, 79.084 real sec
[M::process] read 1689732 sequences (240000285 bp)...
[M::mem_pestat] # candidate unique pairs for (FF, FR, RF, RR): (850, 558933, 50, 847)
[M::mem_pestat] analyzing insert size distribution for orientation FF...
[M::mem_pestat] (25, 50, 75) percentile: (98, 143, 270)
[M::mem_pestat] low and high boundaries for computing mean and std.dev: (1, 614)
[M::mem_pestat] mean and std.dev: (172.86, 118.35)
[M::mem_pestat] low and high boundaries for proper pairs: (1, 786)
[M::mem_pestat] analyzing insert size distribution for orientation FR...
[M::mem_pestat] (25, 50, 75) percentile: (140, 170, 202)
[M::mem_pestat] low and high boundaries for computing mean and std.dev: (16, 326)
[M::mem_pestat] mean and std.dev: (172.02, 45.43)
[M::mem_pestat] low and high boundaries for proper pairs: (1, 388)
[M::mem_pestat] analyzing insert size distribution for orientation RF...
[M::mem_pestat] (25, 50, 75) percentile: (44, 177, 1270)
[M::mem_pestat] low and high boundaries for computing mean and std.dev: (1, 3722)
[M::mem_pestat] mean and std.dev: (494.07, 815.60)
[M::mem_pestat] low and high boundaries for proper pairs: (1, 4948)
[M::mem_pestat] analyzing insert size distribution for orientation RR...
[M::mem_pestat] (25, 50, 75) percentile: (100, 141, 294)
[M::mem_pestat] low and high boundaries for computing mean and std.dev: (1, 682)
[M::mem_pestat] mean and std.dev: (172.76, 120.20)
[M::mem_pestat] low and high boundaries for proper pairs: (1, 876)
[M::mem_pestat] skip orientation FF
[M::mem_pestat] skip orientation RF
[M::mem_pestat] skip orientation RR
[M::mem_process_seqs] Processed 1691606 reads in 1836.564 CPU sec, 79.170 real sec
[M::process] read 1689042 sequences (240000117 bp)...
[M::mem_pestat] # candidate unique pairs for (FF, FR, RF, RR): (858, 558689, 50, 876)
[M::mem_pestat] analyzing insert size distribution for orientation FF...
[M::mem_pestat] (25, 50, 75) percentile: (98, 139, 275)
[M::mem_pestat] low and high boundaries for computing mean and std.dev: (1, 629)
[M::mem_pestat] mean and std.dev: (170.02, 114.92)
[M::mem_pestat] low and high boundaries for proper pairs: (1, 806)
[M::mem_pestat] analyzing insert size distribution for orientation FR...
[M::mem_pestat] (25, 50, 75) percentile: (140, 170, 202)
[M::mem_pestat] low and high boundaries for computing mean and std.dev: (16, 326)
[M::mem_pestat] mean and std.dev: (171.99, 45.45)
[M::mem_pestat] low and high boundaries for proper pairs: (1, 388)
[M::mem_pestat] analyzing insert size distribution for orientation RF...
[M::mem_pestat] (25, 50, 75) percentile: (52, 134, 986)
[M::mem_pestat] low and high boundaries for computing mean and std.dev: (1, 2854)
[M::mem_pestat] mean and std.dev: (353.60, 560.75)
[M::mem_pestat] low and high boundaries for proper pairs: (1, 3788)
[M::mem_pestat] analyzing insert size distribution for orientation RR...
[M::mem_pestat] (25, 50, 75) percentile: (102, 147, 284)
[M::mem_pestat] low and high boundaries for computing mean and std.dev: (1, 648)
[M::mem_pestat] mean and std.dev: (179.94, 122.73)
[M::mem_pestat] low and high boundaries for proper pairs: (1, 830)
[M::mem_pestat] skip orientation FF
[M::mem_pestat] skip orientation RF
[M::mem_pestat] skip orientation RR
[M::mem_process_seqs] Processed 1689732 reads in 1828.017 CPU sec, 78.746 real sec
[M::process] read 1689288 sequences (240000107 bp)...
[M::mem_pestat] # candidate unique pairs for (FF, FR, RF, RR): (871, 558302, 37, 919)
[M::mem_pestat] analyzing insert size distribution for orientation FF...
[M::mem_pestat] (25, 50, 75) percentile: (100, 145, 313)
[M::mem_pestat] low and high boundaries for computing mean and std.dev: (1, 739)
[M::mem_pestat] mean and std.dev: (198.19, 152.02)
[M::mem_pestat] low and high boundaries for proper pairs: (1, 952)
[M::mem_pestat] analyzing insert size distribution for orientation FR...
[M::mem_pestat] (25, 50, 75) percentile: (140, 170, 202)
[M::mem_pestat] low and high boundaries for computing mean and std.dev: (16, 326)
[M::mem_pestat] mean and std.dev: (172.08, 45.44)
[M::mem_pestat] low and high boundaries for proper pairs: (1, 388)
[M::mem_pestat] analyzing insert size distribution for orientation RF...
[M::mem_pestat] (25, 50, 75) percentile: (53, 201, 1175)
[M::mem_pestat] low and high boundaries for computing mean and std.dev: (1, 3419)
[M::mem_pestat] mean and std.dev: (547.76, 790.14)
[M::mem_pestat] low and high boundaries for proper pairs: (1, 4541)
[M::mem_pestat] analyzing insert size distribution for orientation RR...
[M::mem_pestat] (25, 50, 75) percentile: (99, 145, 300)
[M::mem_pestat] low and high boundaries for computing mean and std.dev: (1, 702)
[M::mem_pestat] mean and std.dev: (188.26, 139.41)
[M::mem_pestat] low and high boundaries for proper pairs: (1, 903)
[M::mem_pestat] skip orientation FF
[M::mem_pestat] skip orientation RF
[M::mem_pestat] skip orientation RR
[M::mem_process_seqs] Processed 1689042 reads in 1827.671 CPU sec, 78.262 real sec
[M::process] read 1690146 sequences (240000240 bp)...
[M::mem_pestat] # candidate unique pairs for (FF, FR, RF, RR): (857, 557585, 50, 833)
[M::mem_pestat] analyzing insert size distribution for orientation FF...
[M::mem_pestat] (25, 50, 75) percentile: (101, 149, 317)
[M::mem_pestat] low and high boundaries for computing mean and std.dev: (1, 749)
[M::mem_pestat] mean and std.dev: (193.56, 147.99)
[M::mem_pestat] low and high boundaries for proper pairs: (1, 965)
[M::mem_pestat] analyzing insert size distribution for orientation FR...
[M::mem_pestat] (25, 50, 75) percentile: (140, 170, 202)
[M::mem_pestat] low and high boundaries for computing mean and std.dev: (16, 326)
[M::mem_pestat] mean and std.dev: (172.10, 45.50)
[M::mem_pestat] low and high boundaries for proper pairs: (1, 388)
[M::mem_pestat] analyzing insert size distribution for orientation RF...
[M::mem_pestat] (25, 50, 75) percentile: (61, 207, 591)
[M::mem_pestat] low and high boundaries for computing mean and std.dev: (1, 1651)
[M::mem_pestat] mean and std.dev: (282.34, 302.80)
[M::mem_pestat] low and high boundaries for proper pairs: (1, 2181)
[M::mem_pestat] analyzing insert size distribution for orientation RR...
[M::mem_pestat] (25, 50, 75) percentile: (99, 139, 257)
[M::mem_pestat] low and high boundaries for computing mean and std.dev: (1, 573)
[M::mem_pestat] mean and std.dev: (163.47, 105.53)
[M::mem_pestat] low and high boundaries for proper pairs: (1, 731)
[M::mem_pestat] skip orientation FF
[M::mem_pestat] skip orientation RF
[M::mem_pestat] skip orientation RR
[M::mem_process_seqs] Processed 1689288 reads in 1838.448 CPU sec, 79.204 real sec
[M::process] read 1690300 sequences (240000071 bp)...
[M::mem_pestat] # candidate unique pairs for (FF, FR, RF, RR): (878, 558856, 48, 952)
[M::mem_pestat] analyzing insert size distribution for orientation FF...
[M::mem_pestat] (25, 50, 75) percentile: (96, 139, 270)
[M::mem_pestat] low and high boundaries for computing mean and std.dev: (1, 618)
[M::mem_pestat] mean and std.dev: (173.56, 120.42)
[M::mem_pestat] low and high boundaries for proper pairs: (1, 792)
[M::mem_pestat] analyzing insert size distribution for orientation FR...
[M::mem_pestat] (25, 50, 75) percentile: (140, 170, 202)
[M::mem_pestat] low and high boundaries for computing mean and std.dev: (16, 326)
[M::mem_pestat] mean and std.dev: (171.80, 45.41)
[M::mem_pestat] low and high boundaries for proper pairs: (1, 388)
[M::mem_pestat] analyzing insert size distribution for orientation RF...
[M::mem_pestat] (25, 50, 75) percentile: (41, 155, 1125)
[M::mem_pestat] low and high boundaries for computing mean and std.dev: (1, 3293)
[M::mem_pestat] mean and std.dev: (421.05, 608.81)
[M::mem_pestat] low and high boundaries for proper pairs: (1, 4377)
[M::mem_pestat] analyzing insert size distribution for orientation RR...
[M::mem_pestat] (25, 50, 75) percentile: (96, 139, 251)
[M::mem_pestat] low and high boundaries for computing mean and std.dev: (1, 561)
[M::mem_pestat] mean and std.dev: (158.17, 99.96)
[M::mem_pestat] low and high boundaries for proper pairs: (1, 716)
[M::mem_pestat] skip orientation FF
[M::mem_pestat] skip orientation RF
[M::mem_pestat] skip orientation RR
[M::mem_process_seqs] Processed 1690146 reads in 1829.755 CPU sec, 78.900 real sec
[M::process] read 1689136 sequences (240000194 bp)...
[M::mem_pestat] # candidate unique pairs for (FF, FR, RF, RR): (865, 558851, 47, 871)
[M::mem_pestat] analyzing insert size distribution for orientation FF...
[M::mem_pestat] (25, 50, 75) percentile: (97, 137, 280)
[M::mem_pestat] low and high boundaries for computing mean and std.dev: (1, 646)
[M::mem_pestat] mean and std.dev: (175.45, 126.09)
[M::mem_pestat] low and high boundaries for proper pairs: (1, 829)
[M::mem_pestat] analyzing insert size distribution for orientation FR...
[M::mem_pestat] (25, 50, 75) percentile: (140, 170, 202)
[M::mem_pestat] low and high boundaries for computing mean and std.dev: (16, 326)
[M::mem_pestat] mean and std.dev: (171.99, 45.47)
[M::mem_pestat] low and high boundaries for proper pairs: (1, 388)
[M::mem_pestat] analyzing insert size distribution for orientation RF...
[M::mem_pestat] (25, 50, 75) percentile: (74, 162, 607)
[M::mem_pestat] low and high boundaries for computing mean and std.dev: (1, 1673)
[M::mem_pestat] mean and std.dev: (307.26, 371.43)
[M::mem_pestat] low and high boundaries for proper pairs: (1, 2206)
[M::mem_pestat] analyzing insert size distribution for orientation RR...
[M::mem_pestat] (25, 50, 75) percentile: (101, 148, 267)
[M::mem_pestat] low and high boundaries for computing mean and std.dev: (1, 599)
[M::mem_pestat] mean and std.dev: (172.58, 114.08)
[M::mem_pestat] low and high boundaries for proper pairs: (1, 765)
[M::mem_pestat] skip orientation FF
[M::mem_pestat] skip orientation RF
[M::mem_pestat] skip orientation RR
[M::mem_process_seqs] Processed 1690300 reads in 1836.464 CPU sec, 79.145 real sec
[M::process] read 1688144 sequences (240000250 bp)...
[M::mem_pestat] # candidate unique pairs for (FF, FR, RF, RR): (814, 557987, 55, 938)
[M::mem_pestat] analyzing insert size distribution for orientation FF...
[M::mem_pestat] (25, 50, 75) percentile: (96, 139, 303)
[M::mem_pestat] low and high boundaries for computing mean and std.dev: (1, 717)
[M::mem_pestat] mean and std.dev: (178.44, 133.66)
[M::mem_pestat] low and high boundaries for proper pairs: (1, 924)
[M::mem_pestat] analyzing insert size distribution for orientation FR...
[M::mem_pestat] (25, 50, 75) percentile: (140, 170, 202)
[M::mem_pestat] low and high boundaries for computing mean and std.dev: (16, 326)
[M::mem_pestat] mean and std.dev: (171.96, 45.46)
[M::mem_pestat] low and high boundaries for proper pairs: (1, 388)
[M::mem_pestat] analyzing insert size distribution for orientation RF...
[M::mem_pestat] (25, 50, 75) percentile: (56, 143, 802)
[M::mem_pestat] low and high boundaries for computing mean and std.dev: (1, 2294)
[M::mem_pestat] mean and std.dev: (363.94, 500.77)
[M::mem_pestat] low and high boundaries for proper pairs: (1, 3040)
[M::mem_pestat] analyzing insert size distribution for orientation RR...
[M::mem_pestat] (25, 50, 75) percentile: (100, 143, 283)
[M::mem_pestat] low and high boundaries for computing mean and std.dev: (1, 649)
[M::mem_pestat] mean and std.dev: (179.72, 123.75)
[M::mem_pestat] low and high boundaries for proper pairs: (1, 832)
[M::mem_pestat] skip orientation FF
[M::mem_pestat] skip orientation RF
[M::mem_pestat] skip orientation RR
[M::mem_process_seqs] Processed 1689136 reads in 1835.561 CPU sec, 79.044 real sec
[M::process] read 1688408 sequences (240000033 bp)...
[M::mem_pestat] # candidate unique pairs for (FF, FR, RF, RR): (902, 557860, 39, 904)
[M::mem_pestat] analyzing insert size distribution for orientation FF...
[M::mem_pestat] (25, 50, 75) percentile: (98, 141, 265)
[M::mem_pestat] low and high boundaries for computing mean and std.dev: (1, 599)
[M::mem_pestat] mean and std.dev: (171.95, 115.88)
[M::mem_pestat] low and high boundaries for proper pairs: (1, 766)
[M::mem_pestat] analyzing insert size distribution for orientation FR...
[M::mem_pestat] (25, 50, 75) percentile: (140, 170, 201)
[M::mem_pestat] low and high boundaries for computing mean and std.dev: (18, 323)
[M::mem_pestat] mean and std.dev: (171.81, 45.31)
[M::mem_pestat] low and high boundaries for proper pairs: (1, 384)
[M::mem_pestat] analyzing insert size distribution for orientation RF...
[M::mem_pestat] (25, 50, 75) percentile: (70, 140, 1574)
[M::mem_pestat] low and high boundaries for computing mean and std.dev: (1, 4582)
[M::mem_pestat] mean and std.dev: (728.37, 1187.02)
[M::mem_pestat] low and high boundaries for proper pairs: (1, 6086)
[M::mem_pestat] analyzing insert size distribution for orientation RR...
[M::mem_pestat] (25, 50, 75) percentile: (97, 144, 290)
[M::mem_pestat] low and high boundaries for computing mean and std.dev: (1, 676)
[M::mem_pestat] mean and std.dev: (180.44, 128.68)
[M::mem_pestat] low and high boundaries for proper pairs: (1, 869)
[M::mem_pestat] skip orientation FF
[M::mem_pestat] skip orientation RF
[M::mem_pestat] skip orientation RR
[M::mem_process_seqs] Processed 1688144 reads in 1837.802 CPU sec, 79.220 real sec
[M::process] read 1689962 sequences (240000023 bp)...
[M::mem_pestat] # candidate unique pairs for (FF, FR, RF, RR): (844, 558277, 53, 903)
[M::mem_pestat] analyzing insert size distribution for orientation FF...
[M::mem_pestat] (25, 50, 75) percentile: (102, 151, 313)
[M::mem_pestat] low and high boundaries for computing mean and std.dev: (1, 735)
[M::mem_pestat] mean and std.dev: (193.48, 145.44)
[M::mem_pestat] low and high boundaries for proper pairs: (1, 946)
[M::mem_pestat] analyzing insert size distribution for orientation FR...
[M::mem_pestat] (25, 50, 75) percentile: (140, 170, 201)
[M::mem_pestat] low and high boundaries for computing mean and std.dev: (18, 323)
[M::mem_pestat] mean and std.dev: (171.62, 45.26)
[M::mem_pestat] low and high boundaries for proper pairs: (1, 384)
[M::mem_pestat] analyzing insert size distribution for orientation RF...
[M::mem_pestat] (25, 50, 75) percentile: (66, 188, 624)
[M::mem_pestat] low and high boundaries for computing mean and std.dev: (1, 1740)
[M::mem_pestat] mean and std.dev: (329.32, 372.39)
[M::mem_pestat] low and high boundaries for proper pairs: (1, 2298)
[M::mem_pestat] analyzing insert size distribution for orientation RR...
[M::mem_pestat] (25, 50, 75) percentile: (99, 145, 256)
[M::mem_pestat] low and high boundaries for computing mean and std.dev: (1, 570)
[M::mem_pestat] mean and std.dev: (169.30, 107.51)
[M::mem_pestat] low and high boundaries for proper pairs: (1, 727)
[M::mem_pestat] skip orientation FF
[M::mem_pestat] skip orientation RF
[M::mem_pestat] skip orientation RR
[M::mem_process_seqs] Processed 1688408 reads in 1831.315 CPU sec, 78.837 real sec
[M::process] read 1692506 sequences (240000091 bp)...
[M::mem_pestat] # candidate unique pairs for (FF, FR, RF, RR): (845, 558505, 47, 883)
[M::mem_pestat] analyzing insert size distribution for orientation FF...
[M::mem_pestat] (25, 50, 75) percentile: (100, 138, 277)
[M::mem_pestat] low and high boundaries for computing mean and std.dev: (1, 631)
[M::mem_pestat] mean and std.dev: (176.16, 121.83)
[M::mem_pestat] low and high boundaries for proper pairs: (1, 808)
[M::mem_pestat] analyzing insert size distribution for orientation FR...
[M::mem_pestat] (25, 50, 75) percentile: (139, 169, 201)
[M::mem_pestat] low and high boundaries for computing mean and std.dev: (15, 325)
[M::mem_pestat] mean and std.dev: (171.25, 45.31)
[M::mem_pestat] low and high boundaries for proper pairs: (1, 387)
[M::mem_pestat] analyzing insert size distribution for orientation RF...
[M::mem_pestat] (25, 50, 75) percentile: (80, 148, 421)
[M::mem_pestat] low and high boundaries for computing mean and std.dev: (1, 1103)
[M::mem_pestat] mean and std.dev: (202.57, 222.40)
[M::mem_pestat] low and high boundaries for proper pairs: (1, 1444)
[M::mem_pestat] analyzing insert size distribution for orientation RR...
[M::mem_pestat] (25, 50, 75) percentile: (100, 143, 258)
[M::mem_pestat] low and high boundaries for computing mean and std.dev: (1, 574)
[M::mem_pestat] mean and std.dev: (168.18, 111.77)
[M::mem_pestat] low and high boundaries for proper pairs: (1, 732)
[M::mem_pestat] skip orientation FF
[M::mem_pestat] skip orientation RF
[M::mem_pestat] skip orientation RR
[M::mem_process_seqs] Processed 1689962 reads in 1830.961 CPU sec, 78.415 real sec
[M::process] read 1692732 sequences (240000255 bp)...
[M::mem_pestat] # candidate unique pairs for (FF, FR, RF, RR): (884, 559089, 61, 909)
[M::mem_pestat] analyzing insert size distribution for orientation FF...
[M::mem_pestat] (25, 50, 75) percentile: (99, 147, 289)
[M::mem_pestat] low and high boundaries for computing mean and std.dev: (1, 669)
[M::mem_pestat] mean and std.dev: (183.70, 132.89)
[M::mem_pestat] low and high boundaries for proper pairs: (1, 859)
[M::mem_pestat] analyzing insert size distribution for orientation FR...
[M::mem_pestat] (25, 50, 75) percentile: (140, 170, 201)
[M::mem_pestat] low and high boundaries for computing mean and std.dev: (18, 323)
[M::mem_pestat] mean and std.dev: (171.58, 45.30)
[M::mem_pestat] low and high boundaries for proper pairs: (1, 384)
[M::mem_pestat] analyzing insert size distribution for orientation RF...
[M::mem_pestat] (25, 50, 75) percentile: (53, 216, 684)
[M::mem_pestat] low and high boundaries for computing mean and std.dev: (1, 1946)
[M::mem_pestat] mean and std.dev: (262.85, 286.30)
[M::mem_pestat] low and high boundaries for proper pairs: (1, 2577)
[M::mem_pestat] analyzing insert size distribution for orientation RR...
[M::mem_pestat] (25, 50, 75) percentile: (102, 148, 328)
[M::mem_pestat] low and high boundaries for computing mean and std.dev: (1, 780)
[M::mem_pestat] mean and std.dev: (199.14, 152.31)
[M::mem_pestat] low and high boundaries for proper pairs: (1, 1006)
[M::mem_pestat] skip orientation FF
[M::mem_pestat] skip orientation RF
[M::mem_pestat] skip orientation RR
[M::mem_process_seqs] Processed 1692506 reads in 1832.263 CPU sec, 78.908 real sec
[M::process] read 1691752 sequences (240000094 bp)...
[M::mem_pestat] # candidate unique pairs for (FF, FR, RF, RR): (866, 558190, 46, 927)
[M::mem_pestat] analyzing insert size distribution for orientation FF...
[M::mem_pestat] (25, 50, 75) percentile: (98, 138, 270)
[M::mem_pestat] low and high boundaries for computing mean and std.dev: (1, 614)
[M::mem_pestat] mean and std.dev: (172.17, 116.45)
[M::mem_pestat] low and high boundaries for proper pairs: (1, 786)
[M::mem_pestat] analyzing insert size distribution for orientation FR...
[M::mem_pestat] (25, 50, 75) percentile: (140, 170, 201)
[M::mem_pestat] low and high boundaries for computing mean and std.dev: (18, 323)
[M::mem_pestat] mean and std.dev: (171.71, 45.31)
[M::mem_pestat] low and high boundaries for proper pairs: (1, 384)
[M::mem_pestat] analyzing insert size distribution for orientation RF...
[M::mem_pestat] (25, 50, 75) percentile: (44, 200, 739)
[M::mem_pestat] low and high boundaries for computing mean and std.dev: (1, 2129)
[M::mem_pestat] mean and std.dev: (272.21, 377.94)
[M::mem_pestat] low and high boundaries for proper pairs: (1, 2824)
[M::mem_pestat] analyzing insert size distribution for orientation RR...
[M::mem_pestat] (25, 50, 75) percentile: (96, 136, 262)
[M::mem_pestat] low and high boundaries for computing mean and std.dev: (1, 594)
[M::mem_pestat] mean and std.dev: (169.48, 115.19)
[M::mem_pestat] low and high boundaries for proper pairs: (1, 760)
[M::mem_pestat] skip orientation FF
[M::mem_pestat] skip orientation RF
[M::mem_pestat] skip orientation RR
[M::mem_process_seqs] Processed 1692732 reads in 1842.861 CPU sec, 79.422 real sec
[M::process] read 1691228 sequences (240000214 bp)...
[M::mem_pestat] # candidate unique pairs for (FF, FR, RF, RR): (854, 558319, 56, 860)
[M::mem_pestat] analyzing insert size distribution for orientation FF...
[M::mem_pestat] (25, 50, 75) percentile: (96, 139, 264)
[M::mem_pestat] low and high boundaries for computing mean and std.dev: (1, 600)
[M::mem_pestat] mean and std.dev: (169.23, 114.79)
[M::mem_pestat] low and high boundaries for proper pairs: (1, 768)
[M::mem_pestat] analyzing insert size distribution for orientation FR...
[M::mem_pestat] (25, 50, 75) percentile: (140, 170, 202)
[M::mem_pestat] low and high boundaries for computing mean and std.dev: (16, 326)
[M::mem_pestat] mean and std.dev: (171.86, 45.45)
[M::mem_pestat] low and high boundaries for proper pairs: (1, 388)
[M::mem_pestat] analyzing insert size distribution for orientation RF...
[M::mem_pestat] (25, 50, 75) percentile: (83, 149, 848)
[M::mem_pestat] low and high boundaries for computing mean and std.dev: (1, 2378)
[M::mem_pestat] mean and std.dev: (383.20, 562.57)
[M::mem_pestat] low and high boundaries for proper pairs: (1, 3143)
[M::mem_pestat] analyzing insert size distribution for orientation RR...
[M::mem_pestat] (25, 50, 75) percentile: (103, 146, 309)
[M::mem_pestat] low and high boundaries for computing mean and std.dev: (1, 721)
[M::mem_pestat] mean and std.dev: (192.71, 140.18)
[M::mem_pestat] low and high boundaries for proper pairs: (1, 927)
[M::mem_pestat] skip orientation FF
[M::mem_pestat] skip orientation RF
[M::mem_pestat] skip orientation RR
[M::mem_process_seqs] Processed 1691752 reads in 1832.820 CPU sec, 79.008 real sec
