[M::bwa_idx_load_from_disk] read 0 ALT contigs
[M::process] read 1723388 sequences (240000089 bp)...
[M::process] read 1721294 sequences (240000058 bp)...
[M::mem_pestat] # candidate unique pairs for (FF, FR, RF, RR): (490, 588483, 38, 526)
[M::mem_pestat] analyzing insert size distribution for orientation FF...
[M::mem_pestat] (25, 50, 75) percentile: (99, 154, 354)
[M::mem_pestat] low and high boundaries for computing mean and std.dev: (1, 864)
[M::mem_pestat] mean and std.dev: (208.29, 170.56)
[M::mem_pestat] low and high boundaries for proper pairs: (1, 1119)
[M::mem_pestat] analyzing insert size distribution for orientation FR...
[M::mem_pestat] (25, 50, 75) percentile: (130, 154, 181)
[M::mem_pestat] low and high boundaries for computing mean and std.dev: (28, 283)
[M::mem_pestat] mean and std.dev: (156.72, 38.22)
[M::mem_pestat] low and high boundaries for proper pairs: (1, 334)
[M::mem_pestat] analyzing insert size distribution for orientation RF...
[M::mem_pestat] (25, 50, 75) percentile: (52, 223, 788)
[M::mem_pestat] low and high boundaries for computing mean and std.dev: (1, 2260)
[M::mem_pestat] mean and std.dev: (284.53, 345.53)
[M::mem_pestat] low and high boundaries for proper pairs: (1, 2996)
[M::mem_pestat] analyzing insert size distribution for orientation RR...
[M::mem_pestat] (25, 50, 75) percentile: (98, 143, 275)
[M::mem_pestat] low and high boundaries for computing mean and std.dev: (1, 629)
[M::mem_pestat] mean and std.dev: (170.42, 114.31)
[M::mem_pestat] low and high boundaries for proper pairs: (1, 806)
[M::mem_pestat] skip orientation FF
[M::mem_pestat] skip orientation RF
[M::mem_pestat] skip orientation RR
[M::mem_process_seqs] Processed 1723388 reads in 1646.349 CPU sec, 69.669 real sec
[M::process] read 1721164 sequences (240000125 bp)...
[M::mem_pestat] # candidate unique pairs for (FF, FR, RF, RR): (531, 587291, 45, 555)
[M::mem_pestat] analyzing insert size distribution for orientation FF...
[M::mem_pestat] (25, 50, 75) percentile: (98, 145, 278)
[M::mem_pestat] low and high boundaries for computing mean and std.dev: (1, 638)
[M::mem_pestat] mean and std.dev: (177.78, 128.23)
[M::mem_pestat] low and high boundaries for proper pairs: (1, 818)
[M::mem_pestat] analyzing insert size distribution for orientation FR...
[M::mem_pestat] (25, 50, 75) percentile: (130, 154, 181)
[M::mem_pestat] low and high boundaries for computing mean and std.dev: (28, 283)
[M::mem_pestat] mean and std.dev: (156.83, 38.22)
[M::mem_pestat] low and high boundaries for proper pairs: (1, 334)
[M::mem_pestat] analyzing insert size distribution for orientation RF...
[M::mem_pestat] (25, 50, 75) percentile: (71, 255, 622)
[M::mem_pestat] low and high boundaries for computing mean and std.dev: (1, 1724)
[M::mem_pestat] mean and std.dev: (285.65, 253.14)
[M::mem_pestat] low and high boundaries for proper pairs: (1, 2275)
[M::mem_pestat] analyzing insert size distribution for orientation RR...
[M::mem_pestat] (25, 50, 75) percentile: (97, 140, 305)
[M::mem_pestat] low and high boundaries for computing mean and std.dev: (1, 721)
[M::mem_pestat] mean and std.dev: (182.94, 137.48)
[M::mem_pestat] low and high boundaries for proper pairs: (1, 929)
[M::mem_pestat] skip orientation FF
[M::mem_pestat] skip orientation RF
[M::mem_pestat] skip orientation RR
[M::mem_process_seqs] Processed 1721294 reads in 1673.905 CPU sec, 71.868 real sec
[M::mem_pestat] # candidate unique pairs for (FF, FR, RF, RR): (533, 587576, 41, 498)
[M::mem_pestat] analyzing insert size distribution for orientation FF...
[M::mem_pestat] (25, 50, 75) percentile: (99, 139, 290)
[M::mem_pestat] low and high boundaries for computing mean and std.dev: (1, 672)
[M::mem_pestat] mean and std.dev: (174.56, 121.90)
[M::mem_pestat] low and high boundaries for proper pairs: (1, 863)
[M::mem_pestat] analyzing insert size distribution for orientation FR...
[M::mem_pestat] (25, 50, 75) percentile: (130, 154, 181)
[M::mem_pestat] low and high boundaries for computing mean and std.dev: (28, 283)
[M::mem_pestat] mean and std.dev: (156.71, 38.23)
[M::mem_pestat] low and high boundaries for proper pairs: (1, 334)
[M::mem_pestat] analyzing insert size distribution for orientation RF...
[M::mem_pestat] (25, 50, 75) percentile: (121, 285, 789)
[M::mem_pestat] low and high boundaries for computing mean and std.dev: (1, 2125)
[M::mem_pestat] mean and std.dev: (307.79, 340.12)
[M::mem_pestat] low and high boundaries for proper pairs: (1, 2793)
[M::mem_pestat] analyzing insert size distribution for orientation RR...
[M::mem_pestat] (25, 50, 75) percentile: (99, 136, 294)
[M::mem_pestat] low and high boundaries for computing mean and std.dev: (1, 684)
[M::mem_pestat] mean and std.dev: (180.53, 130.18)
[M::mem_pestat] low and high boundaries for proper pairs: (1, 879)
[M::mem_pestat] skip orientation FF
[M::mem_pestat] skip orientation RF
[M::mem_pestat] skip orientation RR
[M::process] read 1718228 sequences (240000253 bp)...
[M::mem_process_seqs] Processed 1721164 reads in 1675.824 CPU sec, 72.422 real sec
[M::process] read 1719010 sequences (240000234 bp)...
[M::mem_pestat] # candidate unique pairs for (FF, FR, RF, RR): (488, 587283, 57, 538)
[M::mem_pestat] analyzing insert size distribution for orientation FF...
[M::mem_pestat] (25, 50, 75) percentile: (99, 143, 280)
[M::mem_pestat] low and high boundaries for computing mean and std.dev: (1, 642)
[M::mem_pestat] mean and std.dev: (172.51, 116.84)
[M::mem_pestat] low and high boundaries for proper pairs: (1, 823)
[M::mem_pestat] analyzing insert size distribution for orientation FR...
[M::mem_pestat] (25, 50, 75) percentile: (130, 154, 182)
[M::mem_pestat] low and high boundaries for computing mean and std.dev: (26, 286)
[M::mem_pestat] mean and std.dev: (157.16, 38.39)
[M::mem_pestat] low and high boundaries for proper pairs: (1, 338)
[M::mem_pestat] analyzing insert size distribution for orientation RF...
[M::mem_pestat] (25, 50, 75) percentile: (89, 326, 1293)
[M::mem_pestat] low and high boundaries for computing mean and std.dev: (1, 3701)
[M::mem_pestat] mean and std.dev: (737.66, 1000.70)
[M::mem_pestat] low and high boundaries for proper pairs: (1, 4905)
[M::mem_pestat] analyzing insert size distribution for orientation RR...
[M::mem_pestat] (25, 50, 75) percentile: (98, 146, 278)
[M::mem_pestat] low and high boundaries for computing mean and std.dev: (1, 638)
[M::mem_pestat] mean and std.dev: (172.36, 118.02)
[M::mem_pestat] low and high boundaries for proper pairs: (1, 818)
[M::mem_pestat] skip orientation FF
[M::mem_pestat] skip orientation RF
[M::mem_pestat] skip orientation RR
[M::mem_process_seqs] Processed 1718228 reads in 1679.756 CPU sec, 72.632 real sec
[M::process] read 1717208 sequences (240000037 bp)...
[M::mem_pestat] # candidate unique pairs for (FF, FR, RF, RR): (546, 586834, 47, 526)
[M::mem_pestat] analyzing insert size distribution for orientation FF...
[M::mem_pestat] (25, 50, 75) percentile: (93, 135, 303)
[M::mem_pestat] low and high boundaries for computing mean and std.dev: (1, 723)
[M::mem_pestat] mean and std.dev: (184.17, 146.25)
[M::mem_pestat] low and high boundaries for proper pairs: (1, 933)
[M::mem_pestat] analyzing insert size distribution for orientation FR...
[M::mem_pestat] (25, 50, 75) percentile: (130, 155, 182)
[M::mem_pestat] low and high boundaries for computing mean and std.dev: (26, 286)
[M::mem_pestat] mean and std.dev: (157.16, 38.34)
[M::mem_pestat] low and high boundaries for proper pairs: (1, 338)
[M::mem_pestat] analyzing insert size distribution for orientation RF...
[M::mem_pestat] (25, 50, 75) percentile: (76, 149, 803)
[M::mem_pestat] low and high boundaries for computing mean and std.dev: (1, 2257)
[M::mem_pestat] mean and std.dev: (399.95, 486.17)
[M::mem_pestat] low and high boundaries for proper pairs: (1, 2984)
[M::mem_pestat] analyzing insert size distribution for orientation RR...
[M::mem_pestat] (25, 50, 75) percentile: (93, 140, 279)
[M::mem_pestat] low and high boundaries for computing mean and std.dev: (1, 651)
[M::mem_pestat] mean and std.dev: (172.73, 122.12)
[M::mem_pestat] low and high boundaries for proper pairs: (1, 837)
[M::mem_pestat] skip orientation FF
[M::mem_pestat] skip orientation RF
[M::mem_pestat] skip orientation RR
[M::mem_process_seqs] Processed 1719010 reads in 1687.377 CPU sec, 72.922 real sec
[M::process] read 1715342 sequences (240000130 bp)...
[M::mem_pestat] # candidate unique pairs for (FF, FR, RF, RR): (486, 586512, 54, 526)
[M::mem_pestat] analyzing insert size distribution for orientation FF...
[M::mem_pestat] (25, 50, 75) percentile: (98, 139, 289)
[M::mem_pestat] low and high boundaries for computing mean and std.dev: (1, 671)
[M::mem_pestat] mean and std.dev: (176.99, 128.26)
[M::mem_pestat] low and high boundaries for proper pairs: (1, 862)
[M::mem_pestat] analyzing insert size distribution for orientation FR...
[M::mem_pestat] (25, 50, 75) percentile: (130, 154, 182)
[M::mem_pestat] low and high boundaries for computing mean and std.dev: (26, 286)
[M::mem_pestat] mean and std.dev: (156.98, 38.24)
[M::mem_pestat] low and high boundaries for proper pairs: (1, 338)
[M::mem_pestat] analyzing insert size distribution for orientation RF...
[M::mem_pestat] (25, 50, 75) percentile: (94, 225, 644)
[M::mem_pestat] low and high boundaries for computing mean and std.dev: (1, 1744)
[M::mem_pestat] mean and std.dev: (345.15, 384.84)
[M::mem_pestat] low and high boundaries for proper pairs: (1, 2294)
[M::mem_pestat] analyzing insert size distribution for orientation RR...
[M::mem_pestat] (25, 50, 75) percentile: (92, 142, 262)
[M::mem_pestat] low and high boundaries for computing mean and std.dev: (1, 602)
[M::mem_pestat] mean and std.dev: (174.56, 121.21)
[M::mem_pestat] low and high boundaries for proper pairs: (1, 772)
[M::mem_pestat] skip orientation FF
[M::mem_pestat] skip orientation RF
[M::mem_pestat] skip orientation RR
[M::mem_process_seqs] Processed 1717208 reads in 1690.102 CPU sec, 72.949 real sec
[M::mem_pestat] # candidate unique pairs for (FF, FR, RF, RR): (537, 586631, 44, 522)
[M::mem_pestat] analyzing insert size distribution for orientation FF...
[M::mem_pestat] (25, 50, 75) percentile: (95, 138, 296)
[M::mem_pestat] low and high boundaries for computing mean and std.dev: (1, 698)
[M::mem_pestat] mean and std.dev: (181.88, 130.99)
[M::mem_pestat] low and high boundaries for proper pairs: (1, 899)
[M::mem_pestat] analyzing insert size distribution for orientation FR...
[M::mem_pestat] (25, 50, 75) percentile: (130, 154, 182)
[M::mem_pestat] low and high boundaries for computing mean and std.dev: (26, 286)
[M::mem_pestat] mean and std.dev: (157.14, 38.29)
[M::mem_pestat] low and high boundaries for proper pairs: (1, 338)
[M::mem_pestat] analyzing insert size distribution for orientation RF...
[M::mem_pestat] (25, 50, 75) percentile: (77, 201, 701)
[M::mem_pestat] low and high boundaries for computing mean and std.dev: (1, 1949)
[M::mem_pestat] mean and std.dev: (276.82, 300.69)
[M::mem_pestat] low and high boundaries for proper pairs: (1, 2573)
[M::mem_pestat] analyzing insert size distribution for orientation RR...
[M::mem_pestat] (25, 50, 75) percentile: (96, 140, 260)
[M::mem_pestat] low and high boundaries for computing mean and std.dev: (1, 588)
[M::mem_pestat] mean and std.dev: (170.01, 110.73)
[M::mem_pestat] low and high boundaries for proper pairs: (1, 752)
[M::mem_pestat] skip orientation FF
[M::mem_pestat] skip orientation RF
[M::mem_pestat] skip orientation RR
[M::process] read 1714012 sequences (240000031 bp)...
[M::mem_process_seqs] Processed 1715342 reads in 1683.312 CPU sec, 72.633 real sec
[M::process] read 1720896 sequences (240000238 bp)...
[M::mem_pestat] # candidate unique pairs for (FF, FR, RF, RR): (517, 585405, 49, 569)
[M::mem_pestat] analyzing insert size distribution for orientation FF...
[M::mem_pestat] (25, 50, 75) percentile: (93, 135, 273)
[M::mem_pestat] low and high boundaries for computing mean and std.dev: (1, 633)
[M::mem_pestat] mean and std.dev: (164.41, 114.77)
[M::mem_pestat] low and high boundaries for proper pairs: (1, 813)
[M::mem_pestat] analyzing insert size distribution for orientation FR...
[M::mem_pestat] (25, 50, 75) percentile: (131, 155, 182)
[M::mem_pestat] low and high boundaries for computing mean and std.dev: (29, 284)
[M::mem_pestat] mean and std.dev: (157.42, 38.27)
[M::mem_pestat] low and high boundaries for proper pairs: (1, 335)
[M::mem_pestat] analyzing insert size distribution for orientation RF...
[M::mem_pestat] (25, 50, 75) percentile: (75, 193, 1006)
[M::mem_pestat] low and high boundaries for computing mean and std.dev: (1, 2868)
[M::mem_pestat] mean and std.dev: (287.23, 348.96)
[M::mem_pestat] low and high boundaries for proper pairs: (1, 3799)
[M::mem_pestat] analyzing insert size distribution for orientation RR...
[M::mem_pestat] (25, 50, 75) percentile: (97, 139, 277)
[M::mem_pestat] low and high boundaries for computing mean and std.dev: (1, 637)
[M::mem_pestat] mean and std.dev: (176.94, 125.68)
[M::mem_pestat] low and high boundaries for proper pairs: (1, 817)
[M::mem_pestat] skip orientation FF
[M::mem_pestat] skip orientation RF
[M::mem_pestat] skip orientation RR
[M::mem_process_seqs] Processed 1714012 reads in 1686.255 CPU sec, 72.845 real sec
[M::process] read 1718882 sequences (240000131 bp)...
[M::mem_pestat] # candidate unique pairs for (FF, FR, RF, RR): (512, 586846, 50, 482)
[M::mem_pestat] analyzing insert size distribution for orientation FF...
[M::mem_pestat] (25, 50, 75) percentile: (94, 129, 267)
[M::mem_pestat] low and high boundaries for computing mean and std.dev: (1, 613)
[M::mem_pestat] mean and std.dev: (166.02, 117.20)
[M::mem_pestat] low and high boundaries for proper pairs: (1, 786)
[M::mem_pestat] analyzing insert size distribution for orientation FR...
[M::mem_pestat] (25, 50, 75) percentile: (130, 154, 181)
[M::mem_pestat] low and high boundaries for computing mean and std.dev: (28, 283)
[M::mem_pestat] mean and std.dev: (156.85, 38.24)
[M::mem_pestat] low and high boundaries for proper pairs: (1, 334)
[M::mem_pestat] analyzing insert size distribution for orientation RF...
[M::mem_pestat] (25, 50, 75) percentile: (85, 302, 795)
[M::mem_pestat] low and high boundaries for computing mean and std.dev: (1, 2215)
[M::mem_pestat] mean and std.dev: (451.83, 511.48)
[M::mem_pestat] low and high boundaries for proper pairs: (1, 2925)
[M::mem_pestat] analyzing insert size distribution for orientation RR...
[M::mem_pestat] (25, 50, 75) percentile: (95, 131, 221)
[M::mem_pestat] low and high boundaries for computing mean and std.dev: (1, 473)
[M::mem_pestat] mean and std.dev: (151.80, 92.20)
[M::mem_pestat] low and high boundaries for proper pairs: (1, 599)
[M::mem_pestat] skip orientation FF
[M::mem_pestat] skip orientation RF
[M::mem_pestat] skip orientation RR
[M::mem_process_seqs] Processed 1720896 reads in 1690.325 CPU sec, 72.511 real sec
[M::process] read 1718490 sequences (240000224 bp)...
[M::mem_pestat] # candidate unique pairs for (FF, FR, RF, RR): (540, 586798, 36, 543)
[M::mem_pestat] analyzing insert size distribution for orientation FF...
[M::mem_pestat] (25, 50, 75) percentile: (99, 141, 291)
[M::mem_pestat] low and high boundaries for computing mean and std.dev: (1, 675)
[M::mem_pestat] mean and std.dev: (180.13, 130.67)
[M::mem_pestat] low and high boundaries for proper pairs: (1, 867)
[M::mem_pestat] analyzing insert size distribution for orientation FR...
[M::mem_pestat] (25, 50, 75) percentile: (130, 154, 182)
[M::mem_pestat] low and high boundaries for computing mean and std.dev: (26, 286)
[M::mem_pestat] mean and std.dev: (157.05, 38.38)
[M::mem_pestat] low and high boundaries for proper pairs: (1, 338)
[M::mem_pestat] analyzing insert size distribution for orientation RF...
[M::mem_pestat] (25, 50, 75) percentile: (31, 99, 381)
[M::mem_pestat] low and high boundaries for computing mean and std.dev: (1, 1081)
[M::mem_pestat] mean and std.dev: (138.90, 164.91)
[M::mem_pestat] low and high boundaries for proper pairs: (1, 1431)
[M::mem_pestat] analyzing insert size distribution for orientation RR...
[M::mem_pestat] (25, 50, 75) percentile: (94, 134, 272)
[M::mem_pestat] low and high boundaries for computing mean and std.dev: (1, 628)
[M::mem_pestat] mean and std.dev: (170.53, 118.24)
[M::mem_pestat] low and high boundaries for proper pairs: (1, 806)
[M::mem_pestat] skip orientation FF
[M::mem_pestat] skip orientation RF
[M::mem_pestat] skip orientation RR
[M::mem_process_seqs] Processed 1718882 reads in 1691.337 CPU sec, 73.006 real sec
[M::process] read 1716984 sequences (240000287 bp)...
[M::mem_pestat] # candidate unique pairs for (FF, FR, RF, RR): (484, 586720, 43, 539)
[M::mem_pestat] analyzing insert size distribution for orientation FF...
[M::mem_pestat] (25, 50, 75) percentile: (95, 145, 311)
[M::mem_pestat] low and high boundaries for computing mean and std.dev: (1, 743)
[M::mem_pestat] mean and std.dev: (186.32, 142.95)
[M::mem_pestat] low and high boundaries for proper pairs: (1, 959)
[M::mem_pestat] analyzing insert size distribution for orientation FR...
[M::mem_pestat] (25, 50, 75) percentile: (130, 154, 182)
[M::mem_pestat] low and high boundaries for computing mean and std.dev: (26, 286)
[M::mem_pestat] mean and std.dev: (157.09, 38.43)
[M::mem_pestat] low and high boundaries for proper pairs: (1, 338)
[M::mem_pestat] analyzing insert size distribution for orientation RF...
[M::mem_pestat] (25, 50, 75) percentile: (86, 248, 830)
[M::mem_pestat] low and high boundaries for computing mean and std.dev: (1, 2318)
[M::mem_pestat] mean and std.dev: (333.83, 472.85)
[M::mem_pestat] low and high boundaries for proper pairs: (1, 3062)
[M::mem_pestat] analyzing insert size distribution for orientation RR...
[M::mem_pestat] (25, 50, 75) percentile: (95, 136, 289)
[M::mem_pestat] low and high boundaries for computing mean and std.dev: (1, 677)
[M::mem_pestat] mean and std.dev: (175.62, 129.80)
[M::mem_pestat] low and high boundaries for proper pairs: (1, 871)
[M::mem_pestat] skip orientation FF
[M::mem_pestat] skip orientation RF
[M::mem_pestat] skip orientation RR
[M::mem_process_seqs] Processed 1718490 reads in 1698.789 CPU sec, 73.320 real sec
[M::process] read 1716280 sequences (240000011 bp)...
[M::mem_pestat] # candidate unique pairs for (FF, FR, RF, RR): (510, 585541, 49, 547)
[M::mem_pestat] analyzing insert size distribution for orientation FF...
[M::mem_pestat] (25, 50, 75) percentile: (94, 137, 301)
[M::mem_pestat] low and high boundaries for computing mean and std.dev: (1, 715)
[M::mem_pestat] mean and std.dev: (190.56, 150.26)
[M::mem_pestat] low and high boundaries for proper pairs: (1, 922)
[M::mem_pestat] analyzing insert size distribution for orientation FR...
[M::mem_pestat] (25, 50, 75) percentile: (130, 155, 182)
[M::mem_pestat] low and high boundaries for computing mean and std.dev: (26, 286)
[M::mem_pestat] mean and std.dev: (157.15, 38.39)
[M::mem_pestat] low and high boundaries for proper pairs: (1, 338)
[M::mem_pestat] analyzing insert size distribution for orientation RF...
[M::mem_pestat] (25, 50, 75) percentile: (80, 150, 500)
[M::mem_pestat] low and high boundaries for computing mean and std.dev: (1, 1340)
[M::mem_pestat] mean and std.dev: (271.20, 329.26)
[M::mem_pestat] low and high boundaries for proper pairs: (1, 1760)
[M::mem_pestat] analyzing insert size distribution for orientation RR...
[M::mem_pestat] (25, 50, 75) percentile: (94, 143, 304)
[M::mem_pestat] low and high boundaries for computing mean and std.dev: (1, 724)
[M::mem_pestat] mean and std.dev: (185.11, 144.47)
[M::mem_pestat] low and high boundaries for proper pairs: (1, 934)
[M::mem_pestat] skip orientation FF
[M::mem_pestat] skip orientation RF
[M::mem_pestat] skip orientation RR
[M::mem_process_seqs] Processed 1716984 reads in 1693.785 CPU sec, 73.082 real sec
[M::process] read 1714878 sequences (240000042 bp)...
[M::mem_pestat] # candidate unique pairs for (FF, FR, RF, RR): (489, 585836, 41, 541)
[M::mem_pestat] analyzing insert size distribution for orientation FF...
[M::mem_pestat] (25, 50, 75) percentile: (98, 146, 289)
[M::mem_pestat] low and high boundaries for computing mean and std.dev: (1, 671)
[M::mem_pestat] mean and std.dev: (180.94, 131.61)
[M::mem_pestat] low and high boundaries for proper pairs: (1, 862)
[M::mem_pestat] analyzing insert size distribution for orientation FR...
[M::mem_pestat] (25, 50, 75) percentile: (130, 155, 182)
[M::mem_pestat] low and high boundaries for computing mean and std.dev: (26, 286)
[M::mem_pestat] mean and std.dev: (157.23, 38.37)
[M::mem_pestat] low and high boundaries for proper pairs: (1, 338)
[M::mem_pestat] analyzing insert size distribution for orientation RF...
[M::mem_pestat] (25, 50, 75) percentile: (69, 212, 536)
[M::mem_pestat] low and high boundaries for computing mean and std.dev: (1, 1470)
[M::mem_pestat] mean and std.dev: (241.22, 248.76)
[M::mem_pestat] low and high boundaries for proper pairs: (1, 1937)
[M::mem_pestat] analyzing insert size distribution for orientation RR...
[M::mem_pestat] (25, 50, 75) percentile: (96, 140, 293)
[M::mem_pestat] low and high boundaries for computing mean and std.dev: (1, 687)
[M::mem_pestat] mean and std.dev: (178.85, 136.23)
[M::mem_pestat] low and high boundaries for proper pairs: (1, 884)
[M::mem_pestat] skip orientation FF
[M::mem_pestat] skip orientation RF
[M::mem_pestat] skip orientation RR
[M::mem_process_seqs] Processed 1716280 reads in 1687.888 CPU sec, 72.818 real sec
