[M::bwa_idx_load_from_disk] read 0 ALT contigs
[M::process] read 1693462 sequences (240000084 bp)...
[M::process] read 1689226 sequences (240000071 bp)...
[M::mem_pestat] # candidate unique pairs for (FF, FR, RF, RR): (327, 564025, 51, 378)
[M::mem_pestat] analyzing insert size distribution for orientation FF...
[M::mem_pestat] (25, 50, 75) percentile: (86, 113, 173)
[M::mem_pestat] low and high boundaries for computing mean and std.dev: (1, 347)
[M::mem_pestat] mean and std.dev: (121.22, 56.22)
[M::mem_pestat] low and high boundaries for proper pairs: (1, 434)
[M::mem_pestat] analyzing insert size distribution for orientation FR...
[M::mem_pestat] (25, 50, 75) percentile: (140, 170, 203)
[M::mem_pestat] low and high boundaries for computing mean and std.dev: (14, 329)
[M::mem_pestat] mean and std.dev: (171.86, 47.30)
[M::mem_pestat] low and high boundaries for proper pairs: (1, 392)
[M::mem_pestat] analyzing insert size distribution for orientation RF...
[M::mem_pestat] (25, 50, 75) percentile: (49, 215, 1385)
[M::mem_pestat] low and high boundaries for computing mean and std.dev: (1, 4057)
[M::mem_pestat] mean and std.dev: (450.09, 704.12)
[M::mem_pestat] low and high boundaries for proper pairs: (1, 5393)
[M::mem_pestat] analyzing insert size distribution for orientation RR...
[M::mem_pestat] (25, 50, 75) percentile: (89, 123, 200)
[M::mem_pestat] low and high boundaries for computing mean and std.dev: (1, 422)
[M::mem_pestat] mean and std.dev: (138.88, 77.81)
[M::mem_pestat] low and high boundaries for proper pairs: (1, 533)
[M::mem_pestat] skip orientation FF
[M::mem_pestat] skip orientation RF
[M::mem_pestat] skip orientation RR
[M::mem_process_seqs] Processed 1693462 reads in 1733.271 CPU sec, 73.252 real sec
[M::process] read 1691282 sequences (240000097 bp)...
[M::mem_pestat] # candidate unique pairs for (FF, FR, RF, RR): (378, 562857, 39, 392)
[M::mem_pestat] analyzing insert size distribution for orientation FF...
[M::mem_pestat] (25, 50, 75) percentile: (89, 124, 224)
[M::mem_pestat] low and high boundaries for computing mean and std.dev: (1, 494)
[M::mem_pestat] mean and std.dev: (148.23, 95.23)
[M::mem_pestat] low and high boundaries for proper pairs: (1, 629)
[M::mem_pestat] analyzing insert size distribution for orientation FR...
[M::mem_pestat] (25, 50, 75) percentile: (140, 170, 203)
[M::mem_pestat] low and high boundaries for computing mean and std.dev: (14, 329)
[M::mem_pestat] mean and std.dev: (172.38, 47.25)
[M::mem_pestat] low and high boundaries for proper pairs: (1, 392)
[M::mem_pestat] analyzing insert size distribution for orientation RF...
[M::mem_pestat] (25, 50, 75) percentile: (86, 134, 646)
[M::mem_pestat] low and high boundaries for computing mean and std.dev: (1, 1766)
[M::mem_pestat] mean and std.dev: (246.61, 353.13)
[M::mem_pestat] low and high boundaries for proper pairs: (1, 2326)
[M::mem_pestat] analyzing insert size distribution for orientation RR...
[M::mem_pestat] (25, 50, 75) percentile: (93, 132, 202)
[M::mem_pestat] low and high boundaries for computing mean and std.dev: (1, 420)
[M::mem_pestat] mean and std.dev: (145.35, 75.40)
[M::mem_pestat] low and high boundaries for proper pairs: (1, 529)
[M::mem_pestat] skip orientation FF
[M::mem_pestat] skip orientation RF
[M::mem_pestat] skip orientation RR
[M::mem_process_seqs] Processed 1689226 reads in 1763.128 CPU sec, 75.681 real sec
[M::process] read 1689710 sequences (240000003 bp)...
[M::mem_pestat] # candidate unique pairs for (FF, FR, RF, RR): (338, 563478, 53, 358)
[M::mem_pestat] analyzing insert size distribution for orientation FF...
[M::mem_pestat] (25, 50, 75) percentile: (91, 122, 189)
[M::mem_pestat] low and high boundaries for computing mean and std.dev: (1, 385)
[M::mem_pestat] mean and std.dev: (131.81, 61.30)
[M::mem_pestat] low and high boundaries for proper pairs: (1, 483)
[M::mem_pestat] analyzing insert size distribution for orientation FR...
[M::mem_pestat] (25, 50, 75) percentile: (140, 170, 203)
[M::mem_pestat] low and high boundaries for computing mean and std.dev: (14, 329)
[M::mem_pestat] mean and std.dev: (172.09, 47.45)
[M::mem_pestat] low and high boundaries for proper pairs: (1, 392)
[M::mem_pestat] analyzing insert size distribution for orientation RF...
[M::mem_pestat] (25, 50, 75) percentile: (63, 207, 1096)
[M::mem_pestat] low and high boundaries for computing mean and std.dev: (1, 3162)
[M::mem_pestat] mean and std.dev: (427.51, 615.29)
[M::mem_pestat] low and high boundaries for proper pairs: (1, 4195)
[M::mem_pestat] analyzing insert size distribution for orientation RR...
[M::mem_pestat] (25, 50, 75) percentile: (93, 126, 175)
[M::mem_pestat] low and high boundaries for computing mean and std.dev: (1, 339)
[M::mem_pestat] mean and std.dev: (128.16, 56.71)
[M::mem_pestat] low and high boundaries for proper pairs: (1, 421)
[M::mem_pestat] skip orientation FF
[M::mem_pestat] skip orientation RF
[M::mem_pestat] skip orientation RR
[M::mem_process_seqs] Processed 1691282 reads in 1774.234 CPU sec, 76.669 real sec
[M::process] read 1683530 sequences (240000185 bp)...
[M::mem_pestat] # candidate unique pairs for (FF, FR, RF, RR): (366, 562077, 58, 373)
[M::mem_pestat] analyzing insert size distribution for orientation FF...
[M::mem_pestat] (25, 50, 75) percentile: (91, 118, 193)
[M::mem_pestat] low and high boundaries for computing mean and std.dev: (1, 397)
[M::mem_pestat] mean and std.dev: (134.27, 68.65)
[M::mem_pestat] low and high boundaries for proper pairs: (1, 499)
[M::mem_pestat] analyzing insert size distribution for orientation FR...
[M::mem_pestat] (25, 50, 75) percentile: (140, 170, 203)
[M::mem_pestat] low and high boundaries for computing mean and std.dev: (14, 329)
[M::mem_pestat] mean and std.dev: (172.20, 47.34)
[M::mem_pestat] low and high boundaries for proper pairs: (1, 392)
[M::mem_pestat] analyzing insert size distribution for orientation RF...
[M::mem_pestat] (25, 50, 75) percentile: (67, 141, 400)
[M::mem_pestat] low and high boundaries for computing mean and std.dev: (1, 1066)
[M::mem_pestat] mean and std.dev: (179.59, 186.58)
[M::mem_pestat] low and high boundaries for proper pairs: (1, 1399)
[M::mem_pestat] analyzing insert size distribution for orientation RR...
[M::mem_pestat] (25, 50, 75) percentile: (88, 118, 188)
[M::mem_pestat] low and high boundaries for computing mean and std.dev: (1, 388)
[M::mem_pestat] mean and std.dev: (130.84, 68.91)
[M::mem_pestat] low and high boundaries for proper pairs: (1, 488)
[M::mem_pestat] skip orientation FF
[M::mem_pestat] skip orientation RF
[M::mem_pestat] skip orientation RR
[M::mem_process_seqs] Processed 1689710 reads in 1785.854 CPU sec, 77.011 real sec
[M::process] read 1683620 sequences (240000117 bp)...
[M::mem_pestat] # candidate unique pairs for (FF, FR, RF, RR): (363, 561102, 53, 399)
[M::mem_pestat] analyzing insert size distribution for orientation FF...
[M::mem_pestat] (25, 50, 75) percentile: (90, 126, 185)
[M::mem_pestat] low and high boundaries for computing mean and std.dev: (1, 375)
[M::mem_pestat] mean and std.dev: (133.96, 66.77)
[M::mem_pestat] low and high boundaries for proper pairs: (1, 470)
[M::mem_pestat] analyzing insert size distribution for orientation FR...
[M::mem_pestat] (25, 50, 75) percentile: (141, 170, 203)
[M::mem_pestat] low and high boundaries for computing mean and std.dev: (17, 327)
[M::mem_pestat] mean and std.dev: (172.82, 46.99)
[M::mem_pestat] low and high boundaries for proper pairs: (1, 389)
[M::mem_pestat] analyzing insert size distribution for orientation RF...
[M::mem_pestat] (25, 50, 75) percentile: (56, 189, 526)
[M::mem_pestat] low and high boundaries for computing mean and std.dev: (1, 1466)
[M::mem_pestat] mean and std.dev: (213.40, 249.23)
[M::mem_pestat] low and high boundaries for proper pairs: (1, 1936)
[M::mem_pestat] analyzing insert size distribution for orientation RR...
[M::mem_pestat] (25, 50, 75) percentile: (90, 123, 204)
[M::mem_pestat] low and high boundaries for computing mean and std.dev: (1, 432)
[M::mem_pestat] mean and std.dev: (139.97, 79.36)
[M::mem_pestat] low and high boundaries for proper pairs: (1, 546)
[M::mem_pestat] skip orientation FF
[M::mem_pestat] skip orientation RF
[M::mem_pestat] skip orientation RR
[M::mem_process_seqs] Processed 1683530 reads in 1782.926 CPU sec, 76.931 real sec
[M::process] read 1684178 sequences (240000214 bp)...
[M::mem_pestat] # candidate unique pairs for (FF, FR, RF, RR): (332, 562034, 46, 361)
[M::mem_pestat] analyzing insert size distribution for orientation FF...
[M::mem_pestat] (25, 50, 75) percentile: (88, 119, 171)
[M::mem_pestat] low and high boundaries for computing mean and std.dev: (1, 337)
[M::mem_pestat] mean and std.dev: (126.84, 59.17)
[M::mem_pestat] low and high boundaries for proper pairs: (1, 420)
[M::mem_pestat] analyzing insert size distribution for orientation FR...
[M::mem_pestat] (25, 50, 75) percentile: (140, 170, 203)
[M::mem_pestat] low and high boundaries for computing mean and std.dev: (14, 329)
[M::mem_pestat] mean and std.dev: (172.74, 46.96)
[M::mem_pestat] low and high boundaries for proper pairs: (1, 392)
[M::mem_pestat] analyzing insert size distribution for orientation RF...
[M::mem_pestat] (25, 50, 75) percentile: (89, 386, 768)
[M::mem_pestat] low and high boundaries for computing mean and std.dev: (1, 2126)
[M::mem_pestat] mean and std.dev: (322.19, 284.58)
[M::mem_pestat] low and high boundaries for proper pairs: (1, 2805)
[M::mem_pestat] analyzing insert size distribution for orientation RR...
[M::mem_pestat] (25, 50, 75) percentile: (90, 121, 194)
[M::mem_pestat] low and high boundaries for computing mean and std.dev: (1, 402)
[M::mem_pestat] mean and std.dev: (134.48, 70.41)
[M::mem_pestat] low and high boundaries for proper pairs: (1, 506)
[M::mem_pestat] skip orientation FF
[M::mem_pestat] skip orientation RF
[M::mem_pestat] skip orientation RR
[M::mem_process_seqs] Processed 1683620 reads in 1786.840 CPU sec, 77.057 real sec
[M::mem_pestat] # candidate unique pairs for (FF, FR, RF, RR): (360, 561999, 41, 379)
[M::mem_pestat] analyzing insert size distribution for orientation FF...
[M::mem_pestat] (25, 50, 75) percentile: (96, 122, 202)
[M::mem_pestat] low and high boundaries for computing mean and std.dev: (1, 414)
[M::mem_pestat] mean and std.dev: (139.54, 76.19)
[M::mem_pestat] low and high boundaries for proper pairs: (1, 520)
[M::mem_pestat] analyzing insert size distribution for orientation FR...
[M::mem_pestat] (25, 50, 75) percentile: (140, 170, 203)
[M::mem_pestat] low and high boundaries for computing mean and std.dev: (14, 329)
[M::mem_pestat] mean and std.dev: (172.64, 46.90)
[M::mem_pestat] low and high boundaries for proper pairs: (1, 392)
[M::mem_pestat] analyzing insert size distribution for orientation RF...
[M::mem_pestat] (25, 50, 75) percentile: (51, 171, 939)
[M::mem_pestat] low and high boundaries for computing mean and std.dev: (1, 2715)
[M::mem_pestat] mean and std.dev: (369.72, 533.21)
[M::mem_pestat] low and high boundaries for proper pairs: (1, 3603)
[M::mem_pestat] analyzing insert size distribution for orientation RR...
[M::mem_pestat] (25, 50, 75) percentile: (93, 127, 212)
[M::mem_pestat] low and high boundaries for computing mean and std.dev: (1, 450)
[M::mem_pestat] mean and std.dev: (145.64, 81.14)
[M::mem_pestat] low and high boundaries for proper pairs: (1, 569)
[M::mem_pestat] skip orientation FF
[M::mem_pestat] skip orientation RF
[M::mem_pestat] skip orientation RR
[M::process] read 1681868 sequences (240000021 bp)...
[M::mem_process_seqs] Processed 1684178 reads in 1776.189 CPU sec, 76.491 real sec
[M::process] read 1681376 sequences (240000126 bp)...
[M::mem_pestat] # candidate unique pairs for (FF, FR, RF, RR): (356, 561095, 42, 362)
[M::mem_pestat] analyzing insert size distribution for orientation FF...
[M::mem_pestat] (25, 50, 75) percentile: (90, 120, 195)
[M::mem_pestat] low and high boundaries for computing mean and std.dev: (1, 405)
[M::mem_pestat] mean and std.dev: (135.30, 73.73)
[M::mem_pestat] low and high boundaries for proper pairs: (1, 510)
[M::mem_pestat] analyzing insert size distribution for orientation FR...
[M::mem_pestat] (25, 50, 75) percentile: (140, 170, 203)
[M::mem_pestat] low and high boundaries for computing mean and std.dev: (14, 329)
[M::mem_pestat] mean and std.dev: (172.76, 46.80)
[M::mem_pestat] low and high boundaries for proper pairs: (1, 392)
[M::mem_pestat] analyzing insert size distribution for orientation RF...
[M::mem_pestat] (25, 50, 75) percentile: (58, 302, 773)
[M::mem_pestat] low and high boundaries for computing mean and std.dev: (1, 2203)
[M::mem_pestat] mean and std.dev: (346.53, 453.82)
[M::mem_pestat] low and high boundaries for proper pairs: (1, 2918)
[M::mem_pestat] analyzing insert size distribution for orientation RR...
[M::mem_pestat] (25, 50, 75) percentile: (98, 131, 204)
[M::mem_pestat] low and high boundaries for computing mean and std.dev: (1, 416)
[M::mem_pestat] mean and std.dev: (143.22, 72.40)
[M::mem_pestat] low and high boundaries for proper pairs: (1, 522)
[M::mem_pestat] skip orientation FF
[M::mem_pestat] skip orientation RF
[M::mem_pestat] skip orientation RR
[M::mem_process_seqs] Processed 1681868 reads in 1776.695 CPU sec, 76.675 real sec
[M::process] read 1688146 sequences (240000080 bp)...
[M::mem_pestat] # candidate unique pairs for (FF, FR, RF, RR): (374, 561467, 39, 353)
[M::mem_pestat] analyzing insert size distribution for orientation FF...
[M::mem_pestat] (25, 50, 75) percentile: (87, 118, 196)
[M::mem_pestat] low and high boundaries for computing mean and std.dev: (1, 414)
[M::mem_pestat] mean and std.dev: (132.06, 71.41)
[M::mem_pestat] low and high boundaries for proper pairs: (1, 523)
[M::mem_pestat] analyzing insert size distribution for orientation FR...
[M::mem_pestat] (25, 50, 75) percentile: (140, 170, 203)
[M::mem_pestat] low and high boundaries for computing mean and std.dev: (14, 329)
[M::mem_pestat] mean and std.dev: (172.56, 46.69)
[M::mem_pestat] low and high boundaries for proper pairs: (1, 392)
[M::mem_pestat] analyzing insert size distribution for orientation RF...
[M::mem_pestat] (25, 50, 75) percentile: (140, 320, 2735)
[M::mem_pestat] low and high boundaries for computing mean and std.dev: (1, 7925)
[M::mem_pestat] mean and std.dev: (1566.08, 2218.49)
[M::mem_pestat] low and high boundaries for proper pairs: (1, 10520)
[M::mem_pestat] analyzing insert size distribution for orientation RR...
[M::mem_pestat] (25, 50, 75) percentile: (95, 124, 210)
[M::mem_pestat] low and high boundaries for computing mean and std.dev: (1, 440)
[M::mem_pestat] mean and std.dev: (145.36, 79.22)
[M::mem_pestat] low and high boundaries for proper pairs: (1, 555)
[M::mem_pestat] skip orientation FF
[M::mem_pestat] skip orientation RF
[M::mem_pestat] skip orientation RR
[M::mem_process_seqs] Processed 1681376 reads in 1775.118 CPU sec, 76.690 real sec
[M::process] read 1688816 sequences (240000058 bp)...
[M::mem_pestat] # candidate unique pairs for (FF, FR, RF, RR): (367, 562883, 51, 402)
[M::mem_pestat] analyzing insert size distribution for orientation FF...
[M::mem_pestat] (25, 50, 75) percentile: (89, 126, 196)
[M::mem_pestat] low and high boundaries for computing mean and std.dev: (1, 410)
[M::mem_pestat] mean and std.dev: (136.13, 71.55)
[M::mem_pestat] low and high boundaries for proper pairs: (1, 517)
[M::mem_pestat] analyzing insert size distribution for orientation FR...
[M::mem_pestat] (25, 50, 75) percentile: (140, 170, 203)
[M::mem_pestat] low and high boundaries for computing mean and std.dev: (14, 329)
[M::mem_pestat] mean and std.dev: (172.15, 47.09)
[M::mem_pestat] low and high boundaries for proper pairs: (1, 392)
[M::mem_pestat] analyzing insert size distribution for orientation RF...
[M::mem_pestat] (25, 50, 75) percentile: (77, 249, 1575)
[M::mem_pestat] low and high boundaries for computing mean and std.dev: (1, 4571)
[M::mem_pestat] mean and std.dev: (668.89, 929.28)
[M::mem_pestat] low and high boundaries for proper pairs: (1, 6069)
[M::mem_pestat] analyzing insert size distribution for orientation RR...
[M::mem_pestat] (25, 50, 75) percentile: (87, 121, 206)
[M::mem_pestat] low and high boundaries for computing mean and std.dev: (1, 444)
[M::mem_pestat] mean and std.dev: (139.16, 78.83)
[M::mem_pestat] low and high boundaries for proper pairs: (1, 563)
[M::mem_pestat] skip orientation FF
[M::mem_pestat] skip orientation RF
[M::mem_pestat] skip orientation RR
[M::mem_process_seqs] Processed 1688146 reads in 1775.545 CPU sec, 76.082 real sec
[M::mem_pestat] # candidate unique pairs for (FF, FR, RF, RR): (365, 563204, 46, 345)
[M::mem_pestat] analyzing insert size distribution for orientation FF...
[M::mem_pestat] (25, 50, 75) percentile: (90, 125, 216)
[M::mem_pestat] low and high boundaries for computing mean and std.dev: (1, 468)
[M::mem_pestat] mean and std.dev: (143.43, 81.88)
[M::mem_pestat] low and high boundaries for proper pairs: (1, 594)
[M::mem_pestat] analyzing insert size distribution for orientation FR...
[M::mem_pestat] (25, 50, 75) percentile: (140, 170, 203)
[M::mem_pestat] low and high boundaries for computing mean and std.dev: (14, 329)
[M::mem_pestat] mean and std.dev: (172.29, 47.35)
[M::mem_pestat] low and high boundaries for proper pairs: (1, 392)
[M::mem_pestat] analyzing insert size distribution for orientation RF...
[M::mem_pestat] (25, 50, 75) percentile: (61, 175, 1661)
[M::mem_pestat] low and high boundaries for computing mean and std.dev: (1, 4861)
[M::mem_pestat] mean and std.dev: (857.11, 1352.45)
[M::mem_pestat] low and high boundaries for proper pairs: (1, 6461)
[M::mem_pestat] analyzing insert size distribution for orientation RR...
[M::mem_pestat] (25, 50, 75) percentile: (90, 121, 213)
[M::mem_pestat] low and high boundaries for computing mean and std.dev: (1, 459)
[M::mem_pestat] mean and std.dev: (141.66, 81.16)
[M::mem_pestat] low and high boundaries for proper pairs: (1, 582)
[M::mem_pestat] skip orientation FF
[M::mem_pestat] skip orientation RF
[M::mem_pestat] skip orientation RR
[M::process] read 1687956 sequences (240000227 bp)...
[M::mem_process_seqs] Processed 1688816 reads in 1776.192 CPU sec, 76.494 real sec
[M::process] read 1688690 sequences (240000260 bp)...
[M::mem_pestat] # candidate unique pairs for (FF, FR, RF, RR): (349, 562549, 54, 366)
[M::mem_pestat] analyzing insert size distribution for orientation FF...
[M::mem_pestat] (25, 50, 75) percentile: (92, 122, 188)
[M::mem_pestat] low and high boundaries for computing mean and std.dev: (1, 380)
[M::mem_pestat] mean and std.dev: (137.36, 67.73)
[M::mem_pestat] low and high boundaries for proper pairs: (1, 476)
[M::mem_pestat] analyzing insert size distribution for orientation FR...
[M::mem_pestat] (25, 50, 75) percentile: (140, 170, 203)
[M::mem_pestat] low and high boundaries for computing mean and std.dev: (14, 329)
[M::mem_pestat] mean and std.dev: (172.45, 47.25)
[M::mem_pestat] low and high boundaries for proper pairs: (1, 392)
[M::mem_pestat] analyzing insert size distribution for orientation RF...
[M::mem_pestat] (25, 50, 75) percentile: (88, 296, 1580)
[M::mem_pestat] low and high boundaries for computing mean and std.dev: (1, 4564)
[M::mem_pestat] mean and std.dev: (736.59, 1070.69)
[M::mem_pestat] low and high boundaries for proper pairs: (1, 6056)
[M::mem_pestat] analyzing insert size distribution for orientation RR...
[M::mem_pestat] (25, 50, 75) percentile: (91, 129, 206)
[M::mem_pestat] low and high boundaries for computing mean and std.dev: (1, 436)
[M::mem_pestat] mean and std.dev: (144.68, 81.02)
[M::mem_pestat] low and high boundaries for proper pairs: (1, 551)
[M::mem_pestat] skip orientation FF
[M::mem_pestat] skip orientation RF
[M::mem_pestat] skip orientation RR
[M::mem_process_seqs] Processed 1687956 reads in 1780.116 CPU sec, 76.890 real sec
[M::mem_pestat] # candidate unique pairs for (FF, FR, RF, RR): (401, 562211, 40, 389)
[M::mem_pestat] analyzing insert size distribution for orientation FF...
[M::mem_pestat] (25, 50, 75) percentile: (91, 123, 197)
[M::mem_pestat] low and high boundaries for computing mean and std.dev: (1, 409)
[M::mem_pestat] mean and std.dev: (136.37, 69.35)
[M::mem_pestat] low and high boundaries for proper pairs: (1, 515)
[M::mem_pestat] analyzing insert size distribution for orientation FR...
[M::mem_pestat] (25, 50, 75) percentile: (140, 170, 203)
[M::mem_pestat] low and high boundaries for computing mean and std.dev: (14, 329)
[M::mem_pestat] mean and std.dev: (172.38, 47.41)
[M::mem_pestat] low and high boundaries for proper pairs: (1, 392)
[M::mem_pestat] analyzing insert size distribution for orientation RF...
[M::mem_pestat] (25, 50, 75) percentile: (64, 157, 624)
[M::mem_pestat] low and high boundaries for computing mean and std.dev: (1, 1744)
[M::mem_pestat] mean and std.dev: (247.77, 295.82)
[M::mem_pestat] low and high boundaries for proper pairs: (1, 2304)
[M::mem_pestat] analyzing insert size distribution for orientation RR...
[M::mem_pestat] (25, 50, 75) percentile: (89, 121, 179)
[M::mem_pestat] low and high boundaries for computing mean and std.dev: (1, 359)
[M::mem_pestat] mean and std.dev: (127.79, 60.22)
[M::mem_pestat] low and high boundaries for proper pairs: (1, 449)
[M::mem_pestat] skip orientation FF
[M::mem_pestat] skip orientation RF
[M::mem_pestat] skip orientation RR
[M::process] read 1683522 sequences (240000281 bp)...
[M::mem_process_seqs] Processed 1688690 reads in 1784.560 CPU sec, 76.881 real sec
[M::process] read 1681858 sequences (240000246 bp)...
[M::mem_pestat] # candidate unique pairs for (FF, FR, RF, RR): (375, 560604, 48, 389)
[M::mem_pestat] analyzing insert size distribution for orientation FF...
[M::mem_pestat] (25, 50, 75) percentile: (84, 119, 187)
[M::mem_pestat] low and high boundaries for computing mean and std.dev: (1, 393)
[M::mem_pestat] mean and std.dev: (129.99, 68.69)
[M::mem_pestat] low and high boundaries for proper pairs: (1, 496)
[M::mem_pestat] analyzing insert size distribution for orientation FR...
[M::mem_pestat] (25, 50, 75) percentile: (141, 171, 204)
[M::mem_pestat] low and high boundaries for computing mean and std.dev: (15, 330)
[M::mem_pestat] mean and std.dev: (173.07, 47.25)
[M::mem_pestat] low and high boundaries for proper pairs: (1, 393)
[M::mem_pestat] analyzing insert size distribution for orientation RF...
[M::mem_pestat] (25, 50, 75) percentile: (100, 273, 1340)
[M::mem_pestat] low and high boundaries for computing mean and std.dev: (1, 3820)
[M::mem_pestat] mean and std.dev: (645.72, 961.92)
[M::mem_pestat] low and high boundaries for proper pairs: (1, 5060)
[M::mem_pestat] analyzing insert size distribution for orientation RR...
[M::mem_pestat] (25, 50, 75) percentile: (95, 124, 187)
[M::mem_pestat] low and high boundaries for computing mean and std.dev: (1, 371)
[M::mem_pestat] mean and std.dev: (133.84, 64.27)
[M::mem_pestat] low and high boundaries for proper pairs: (1, 463)
[M::mem_pestat] skip orientation FF
[M::mem_pestat] skip orientation RF
[M::mem_pestat] skip orientation RR
[M::mem_process_seqs] Processed 1683522 reads in 1780.927 CPU sec, 76.863 real sec
[M::process] read 1681702 sequences (240000178 bp)...
[M::mem_pestat] # candidate unique pairs for (FF, FR, RF, RR): (370, 561149, 60, 372)
[M::mem_pestat] analyzing insert size distribution for orientation FF...
[M::mem_pestat] (25, 50, 75) percentile: (90, 119, 179)
[M::mem_pestat] low and high boundaries for computing mean and std.dev: (1, 357)
[M::mem_pestat] mean and std.dev: (132.26, 62.61)
[M::mem_pestat] low and high boundaries for proper pairs: (1, 446)
[M::mem_pestat] analyzing insert size distribution for orientation FR...
[M::mem_pestat] (25, 50, 75) percentile: (141, 171, 204)
[M::mem_pestat] low and high boundaries for computing mean and std.dev: (15, 330)
[M::mem_pestat] mean and std.dev: (173.09, 47.12)
[M::mem_pestat] low and high boundaries for proper pairs: (1, 393)
[M::mem_pestat] analyzing insert size distribution for orientation RF...
[M::mem_pestat] (25, 50, 75) percentile: (75, 324, 873)
[M::mem_pestat] low and high boundaries for computing mean and std.dev: (1, 2469)
[M::mem_pestat] mean and std.dev: (474.65, 549.07)
[M::mem_pestat] low and high boundaries for proper pairs: (1, 3267)
[M::mem_pestat] analyzing insert size distribution for orientation RR...
[M::mem_pestat] (25, 50, 75) percentile: (92, 122, 198)
[M::mem_pestat] low and high boundaries for computing mean and std.dev: (1, 410)
[M::mem_pestat] mean and std.dev: (141.92, 77.24)
[M::mem_pestat] low and high boundaries for proper pairs: (1, 516)
[M::mem_pestat] skip orientation FF
[M::mem_pestat] skip orientation RF
[M::mem_pestat] skip orientation RR
[M::mem_process_seqs] Processed 1681858 reads in 1778.599 CPU sec, 76.697 real sec
[M::mem_pestat] # candidate unique pairs for (FF, FR, RF, RR): (368, 561894, 48, 395)
[M::mem_pestat] analyzing insert size distribution for orientation FF...
[M::mem_pestat] (25, 50, 75) percentile: (91, 123, 197)
[M::mem_pestat] low and high boundaries for computing mean and std.dev: (1, 409)
[M::mem_pestat] mean and std.dev: (135.28, 68.20)
[M::mem_pestat] low and high boundaries for proper pairs: (1, 515)
[M::mem_pestat] analyzing insert size distribution for orientation FR...
[M::mem_pestat] (25, 50, 75) percentile: (140, 170, 203)
[M::mem_pestat] low and high boundaries for computing mean and std.dev: (14, 329)
[M::mem_pestat] mean and std.dev: (172.84, 47.05)
[M::mem_pestat] low and high boundaries for proper pairs: (1, 392)
[M::mem_pestat] analyzing insert size distribution for orientation RF...
[M::mem_pestat] (25, 50, 75) percentile: (113, 289, 1615)
[M::mem_pestat] low and high boundaries for computing mean and std.dev: (1, 4619)
[M::mem_pestat] mean and std.dev: (529.20, 835.88)
[M::mem_pestat] low and high boundaries for proper pairs: (1, 6121)
[M::mem_pestat] analyzing insert size distribution for orientation RR...
[M::mem_pestat] (25, 50, 75) percentile: (87, 123, 211)
[M::mem_pestat] low and high boundaries for computing mean and std.dev: (1, 459)
[M::mem_pestat] mean and std.dev: (139.45, 78.90)
[M::mem_pestat] low and high boundaries for proper pairs: (1, 583)
[M::mem_pestat] skip orientation FF
[M::mem_pestat] skip orientation RF
[M::mem_pestat] skip orientation RR
[M::process] read 1681086 sequences (240000221 bp)...
[M::mem_process_seqs] Processed 1681702 reads in 1781.434 CPU sec, 76.712 real sec
[M::process] read 1680536 sequences (240000264 bp)...
[M::mem_pestat] # candidate unique pairs for (FF, FR, RF, RR): (387, 560994, 43, 348)
[M::mem_pestat] analyzing insert size distribution for orientation FF...
[M::mem_pestat] (25, 50, 75) percentile: (92, 120, 207)
[M::mem_pestat] low and high boundaries for computing mean and std.dev: (1, 437)
[M::mem_pestat] mean and std.dev: (145.68, 85.52)
[M::mem_pestat] low and high boundaries for proper pairs: (1, 552)
[M::mem_pestat] analyzing insert size distribution for orientation FR...
[M::mem_pestat] (25, 50, 75) percentile: (141, 170, 203)
[M::mem_pestat] low and high boundaries for computing mean and std.dev: (17, 327)
[M::mem_pestat] mean and std.dev: (172.96, 46.77)
[M::mem_pestat] low and high boundaries for proper pairs: (1, 389)
[M::mem_pestat] analyzing insert size distribution for orientation RF...
[M::mem_pestat] (25, 50, 75) percentile: (96, 433, 1260)
[M::mem_pestat] low and high boundaries for computing mean and std.dev: (1, 3588)
[M::mem_pestat] mean and std.dev: (583.41, 756.61)
[M::mem_pestat] low and high boundaries for proper pairs: (1, 4752)
[M::mem_pestat] analyzing insert size distribution for orientation RR...
[M::mem_pestat] (25, 50, 75) percentile: (90, 114, 182)
[M::mem_pestat] low and high boundaries for computing mean and std.dev: (1, 366)
[M::mem_pestat] mean and std.dev: (127.94, 66.57)
[M::mem_pestat] low and high boundaries for proper pairs: (1, 458)
[M::mem_pestat] skip orientation FF
[M::mem_pestat] skip orientation RF
[M::mem_pestat] skip orientation RR
[M::mem_process_seqs] Processed 1681086 reads in 1777.588 CPU sec, 76.285 real sec
[M::process] read 1682706 sequences (240000173 bp)...
[M::mem_pestat] # candidate unique pairs for (FF, FR, RF, RR): (396, 561268, 48, 378)
[M::mem_pestat] analyzing insert size distribution for orientation FF...
[M::mem_pestat] (25, 50, 75) percentile: (94, 131, 205)
[M::mem_pestat] low and high boundaries for computing mean and std.dev: (1, 427)
[M::mem_pestat] mean and std.dev: (142.56, 74.56)
[M::mem_pestat] low and high boundaries for proper pairs: (1, 538)
[M::mem_pestat] analyzing insert size distribution for orientation FR...
[M::mem_pestat] (25, 50, 75) percentile: (141, 170, 203)
[M::mem_pestat] low and high boundaries for computing mean and std.dev: (17, 327)
[M::mem_pestat] mean and std.dev: (172.84, 46.70)
[M::mem_pestat] low and high boundaries for proper pairs: (1, 389)
[M::mem_pestat] analyzing insert size distribution for orientation RF...
[M::mem_pestat] (25, 50, 75) percentile: (38, 158, 1318)
[M::mem_pestat] low and high boundaries for computing mean and std.dev: (1, 3878)
[M::mem_pestat] mean and std.dev: (529.12, 866.65)
[M::mem_pestat] low and high boundaries for proper pairs: (1, 5158)
[M::mem_pestat] analyzing insert size distribution for orientation RR...
[M::mem_pestat] (25, 50, 75) percentile: (91, 120, 181)
[M::mem_pestat] low and high boundaries for computing mean and std.dev: (1, 361)
[M::mem_pestat] mean and std.dev: (130.18, 63.65)
[M::mem_pestat] low and high boundaries for proper pairs: (1, 451)
[M::mem_pestat] skip orientation FF
[M::mem_pestat] skip orientation RF
[M::mem_pestat] skip orientation RR
[M::mem_process_seqs] Processed 1680536 reads in 1775.168 CPU sec, 76.427 real sec
[M::process] read 1691640 sequences (240000229 bp)...
[M::mem_pestat] # candidate unique pairs for (FF, FR, RF, RR): (355, 560826, 46, 342)
[M::mem_pestat] analyzing insert size distribution for orientation FF...
[M::mem_pestat] (25, 50, 75) percentile: (86, 120, 193)
[M::mem_pestat] low and high boundaries for computing mean and std.dev: (1, 407)
[M::mem_pestat] mean and std.dev: (136.17, 71.81)
[M::mem_pestat] low and high boundaries for proper pairs: (1, 514)
[M::mem_pestat] analyzing insert size distribution for orientation FR...
[M::mem_pestat] (25, 50, 75) percentile: (140, 170, 203)
[M::mem_pestat] low and high boundaries for computing mean and std.dev: (14, 329)
[M::mem_pestat] mean and std.dev: (172.57, 46.89)
[M::mem_pestat] low and high boundaries for proper pairs: (1, 392)
[M::mem_pestat] analyzing insert size distribution for orientation RF...
[M::mem_pestat] (25, 50, 75) percentile: (68, 201, 484)
[M::mem_pestat] low and high boundaries for computing mean and std.dev: (1, 1316)
[M::mem_pestat] mean and std.dev: (203.66, 230.27)
[M::mem_pestat] low and high boundaries for proper pairs: (1, 1732)
[M::mem_pestat] analyzing insert size distribution for orientation RR...
[M::mem_pestat] (25, 50, 75) percentile: (96, 132, 215)
[M::mem_pestat] low and high boundaries for computing mean and std.dev: (1, 453)
[M::mem_pestat] mean and std.dev: (150.39, 85.76)
[M::mem_pestat] low and high boundaries for proper pairs: (1, 572)
[M::mem_pestat] skip orientation FF
[M::mem_pestat] skip orientation RF
[M::mem_pestat] skip orientation RR
[M::mem_process_seqs] Processed 1682706 reads in 1786.922 CPU sec, 77.109 real sec
[M::mem_pestat] # candidate unique pairs for (FF, FR, RF, RR): (371, 564290, 43, 390)
[M::mem_pestat] analyzing insert size distribution for orientation FF...
[M::mem_pestat] (25, 50, 75) percentile: (90, 124, 198)
[M::mem_pestat] low and high boundaries for computing mean and std.dev: (1, 414)
[M::mem_pestat] mean and std.dev: (137.07, 72.40)
[M::mem_pestat] low and high boundaries for proper pairs: (1, 522)
[M::mem_pestat] analyzing insert size distribution for orientation FR...
[M::mem_pestat] (25, 50, 75) percentile: (139, 169, 202)
[M::mem_pestat] low and high boundaries for computing mean and std.dev: (13, 328)
[M::mem_pestat] mean and std.dev: (171.71, 47.33)
[M::mem_pestat] low and high boundaries for proper pairs: (1, 391)
[M::mem_pestat] analyzing insert size distribution for orientation RF...
[M::mem_pestat] (25, 50, 75) percentile: (57, 519, 782)
[M::mem_pestat] low and high boundaries for computing mean and std.dev: (1, 2232)
[M::mem_pestat] mean and std.dev: (362.80, 349.27)
[M::mem_pestat] low and high boundaries for proper pairs: (1, 2957)
[M::mem_pestat] analyzing insert size distribution for orientation RR...
[M::mem_pestat] (25, 50, 75) percentile: (89, 123, 187)
[M::mem_pestat] low and high boundaries for computing mean and std.dev: (1, 383)
[M::mem_pestat] mean and std.dev: (133.63, 68.14)
[M::mem_pestat] low and high boundaries for proper pairs: (1, 481)
[M::mem_pestat] skip orientation FF
[M::mem_pestat] skip orientation RF
[M::mem_pestat] skip orientation RR
[M::process] read 1688952 sequences (240000168 bp)...
[M::mem_process_seqs] Processed 1691640 reads in 1777.186 CPU sec, 76.500 real sec
