[M::bwa_idx_load_from_disk] read 0 ALT contigs
[M::process] read 1735230 sequences (240000042 bp)...
[M::process] read 1729800 sequences (240000226 bp)...
[M::mem_pestat] # candidate unique pairs for (FF, FR, RF, RR): (94, 508039, 89, 111)
[M::mem_pestat] analyzing insert size distribution for orientation FF...
[M::mem_pestat] (25, 50, 75) percentile: (83, 106, 135)
[M::mem_pestat] low and high boundaries for computing mean and std.dev: (1, 239)
[M::mem_pestat] mean and std.dev: (108.43, 39.25)
[M::mem_pestat] low and high boundaries for proper pairs: (1, 291)
[M::mem_pestat] analyzing insert size distribution for orientation FR...
[M::mem_pestat] (25, 50, 75) percentile: (136, 168, 202)
[M::mem_pestat] low and high boundaries for computing mean and std.dev: (4, 334)
[M::mem_pestat] mean and std.dev: (169.39, 50.72)
[M::mem_pestat] low and high boundaries for proper pairs: (1, 400)
[M::mem_pestat] analyzing insert size distribution for orientation RF...
[M::mem_pestat] (25, 50, 75) percentile: (71, 162, 461)
[M::mem_pestat] low and high boundaries for computing mean and std.dev: (1, 1241)
[M::mem_pestat] mean and std.dev: (206.16, 203.79)
[M::mem_pestat] low and high boundaries for proper pairs: (1, 1631)
[M::mem_pestat] analyzing insert size distribution for orientation RR...
[M::mem_pestat] (25, 50, 75) percentile: (92, 114, 142)
[M::mem_pestat] low and high boundaries for computing mean and std.dev: (1, 242)
[M::mem_pestat] mean and std.dev: (112.42, 36.98)
[M::mem_pestat] low and high boundaries for proper pairs: (1, 292)
[M::mem_pestat] skip orientation FF
[M::mem_pestat] skip orientation RF
[M::mem_pestat] skip orientation RR
[M::mem_process_seqs] Processed 1735230 reads in 2290.864 CPU sec, 96.591 real sec
[M::process] read 1730232 sequences (240000038 bp)...
[M::mem_pestat] # candidate unique pairs for (FF, FR, RF, RR): (125, 506239, 80, 107)
[M::mem_pestat] analyzing insert size distribution for orientation FF...
[M::mem_pestat] (25, 50, 75) percentile: (85, 117, 168)
[M::mem_pestat] low and high boundaries for computing mean and std.dev: (1, 334)
[M::mem_pestat] mean and std.dev: (117.50, 47.37)
[M::mem_pestat] low and high boundaries for proper pairs: (1, 417)
[M::mem_pestat] analyzing insert size distribution for orientation FR...
[M::mem_pestat] (25, 50, 75) percentile: (136, 168, 203)
[M::mem_pestat] low and high boundaries for computing mean and std.dev: (2, 337)
[M::mem_pestat] mean and std.dev: (169.91, 50.60)
[M::mem_pestat] low and high boundaries for proper pairs: (1, 404)
[M::mem_pestat] analyzing insert size distribution for orientation RF...
[M::mem_pestat] (25, 50, 75) percentile: (64, 148, 454)
[M::mem_pestat] low and high boundaries for computing mean and std.dev: (1, 1234)
[M::mem_pestat] mean and std.dev: (209.73, 240.22)
[M::mem_pestat] low and high boundaries for proper pairs: (1, 1624)
[M::mem_pestat] analyzing insert size distribution for orientation RR...
[M::mem_pestat] (25, 50, 75) percentile: (89, 113, 153)
[M::mem_pestat] low and high boundaries for computing mean and std.dev: (1, 281)
[M::mem_pestat] mean and std.dev: (112.46, 44.58)
[M::mem_pestat] low and high boundaries for proper pairs: (1, 345)
[M::mem_pestat] skip orientation FF
[M::mem_pestat] skip orientation RF
[M::mem_pestat] skip orientation RR
[M::mem_process_seqs] Processed 1729800 reads in 2333.305 CPU sec, 99.510 real sec
[M::process] read 1732998 sequences (240000163 bp)...
[M::mem_pestat] # candidate unique pairs for (FF, FR, RF, RR): (112, 507057, 88, 111)
[M::mem_pestat] analyzing insert size distribution for orientation FF...
[M::mem_pestat] (25, 50, 75) percentile: (86, 117, 157)
[M::mem_pestat] low and high boundaries for computing mean and std.dev: (1, 299)
[M::mem_pestat] mean and std.dev: (115.86, 45.43)
[M::mem_pestat] low and high boundaries for proper pairs: (1, 370)
[M::mem_pestat] analyzing insert size distribution for orientation FR...
[M::mem_pestat] (25, 50, 75) percentile: (137, 168, 203)
[M::mem_pestat] low and high boundaries for computing mean and std.dev: (5, 335)
[M::mem_pestat] mean and std.dev: (169.98, 50.74)
[M::mem_pestat] low and high boundaries for proper pairs: (1, 401)
[M::mem_pestat] analyzing insert size distribution for orientation RF...
[M::mem_pestat] (25, 50, 75) percentile: (99, 247, 572)
[M::mem_pestat] low and high boundaries for computing mean and std.dev: (1, 1518)
[M::mem_pestat] mean and std.dev: (255.47, 269.18)
[M::mem_pestat] low and high boundaries for proper pairs: (1, 1991)
[M::mem_pestat] analyzing insert size distribution for orientation RR...
[M::mem_pestat] (25, 50, 75) percentile: (88, 104, 134)
[M::mem_pestat] low and high boundaries for computing mean and std.dev: (1, 226)
[M::mem_pestat] mean and std.dev: (102.29, 28.02)
[M::mem_pestat] low and high boundaries for proper pairs: (1, 272)
[M::mem_pestat] skip orientation FF
[M::mem_pestat] skip orientation RF
[M::mem_pestat] skip orientation RR
[M::mem_process_seqs] Processed 1730232 reads in 2329.996 CPU sec, 99.882 real sec
[M::process] read 1724980 sequences (240000006 bp)...
[M::mem_pestat] # candidate unique pairs for (FF, FR, RF, RR): (106, 507976, 80, 107)
[M::mem_pestat] analyzing insert size distribution for orientation FF...
[M::mem_pestat] (25, 50, 75) percentile: (84, 111, 150)
[M::mem_pestat] low and high boundaries for computing mean and std.dev: (1, 282)
[M::mem_pestat] mean and std.dev: (110.51, 43.24)
[M::mem_pestat] low and high boundaries for proper pairs: (1, 348)
[M::mem_pestat] analyzing insert size distribution for orientation FR...
[M::mem_pestat] (25, 50, 75) percentile: (136, 168, 203)
[M::mem_pestat] low and high boundaries for computing mean and std.dev: (2, 337)
[M::mem_pestat] mean and std.dev: (169.69, 51.01)
[M::mem_pestat] low and high boundaries for proper pairs: (1, 404)
[M::mem_pestat] analyzing insert size distribution for orientation RF...
[M::mem_pestat] (25, 50, 75) percentile: (86, 177, 544)
[M::mem_pestat] low and high boundaries for computing mean and std.dev: (1, 1460)
[M::mem_pestat] mean and std.dev: (260.41, 315.19)
[M::mem_pestat] low and high boundaries for proper pairs: (1, 1918)
[M::mem_pestat] analyzing insert size distribution for orientation RR...
[M::mem_pestat] (25, 50, 75) percentile: (89, 112, 144)
[M::mem_pestat] low and high boundaries for computing mean and std.dev: (1, 254)
[M::mem_pestat] mean and std.dev: (111.43, 37.66)
[M::mem_pestat] low and high boundaries for proper pairs: (1, 309)
[M::mem_pestat] skip orientation FF
[M::mem_pestat] skip orientation RF
[M::mem_pestat] skip orientation RR
[M::mem_process_seqs] Processed 1732998 reads in 2343.815 CPU sec, 100.490 real sec
[M::process] read 1717306 sequences (240000198 bp)...
[M::mem_pestat] # candidate unique pairs for (FF, FR, RF, RR): (97, 506197, 90, 103)
[M::mem_pestat] analyzing insert size distribution for orientation FF...
[M::mem_pestat] (25, 50, 75) percentile: (83, 107, 148)
[M::mem_pestat] low and high boundaries for computing mean and std.dev: (1, 278)
[M::mem_pestat] mean and std.dev: (105.25, 37.21)
[M::mem_pestat] low and high boundaries for proper pairs: (1, 343)
[M::mem_pestat] analyzing insert size distribution for orientation FR...
[M::mem_pestat] (25, 50, 75) percentile: (137, 169, 203)
[M::mem_pestat] low and high boundaries for computing mean and std.dev: (5, 335)
[M::mem_pestat] mean and std.dev: (170.41, 50.37)
[M::mem_pestat] low and high boundaries for proper pairs: (1, 401)
[M::mem_pestat] analyzing insert size distribution for orientation RF...
[M::mem_pestat] (25, 50, 75) percentile: (59, 166, 664)
[M::mem_pestat] low and high boundaries for computing mean and std.dev: (1, 1874)
[M::mem_pestat] mean and std.dev: (213.54, 258.81)
[M::mem_pestat] low and high boundaries for proper pairs: (1, 2479)
[M::mem_pestat] analyzing insert size distribution for orientation RR...
[M::mem_pestat] (25, 50, 75) percentile: (102, 125, 165)
[M::mem_pestat] low and high boundaries for computing mean and std.dev: (1, 291)
[M::mem_pestat] mean and std.dev: (125.34, 45.60)
[M::mem_pestat] low and high boundaries for proper pairs: (1, 354)
[M::mem_pestat] skip orientation FF
[M::mem_pestat] skip orientation RF
[M::mem_pestat] skip orientation RR
[M::mem_process_seqs] Processed 1724980 reads in 2341.775 CPU sec, 100.216 real sec
[M::process] read 1717886 sequences (240000197 bp)...
[M::mem_pestat] # candidate unique pairs for (FF, FR, RF, RR): (112, 504129, 85, 91)
[M::mem_pestat] analyzing insert size distribution for orientation FF...
[M::mem_pestat] (25, 50, 75) percentile: (86, 111, 160)
[M::mem_pestat] low and high boundaries for computing mean and std.dev: (1, 308)
[M::mem_pestat] mean and std.dev: (116.37, 45.71)
[M::mem_pestat] low and high boundaries for proper pairs: (1, 382)
[M::mem_pestat] analyzing insert size distribution for orientation FR...
[M::mem_pestat] (25, 50, 75) percentile: (138, 169, 204)
[M::mem_pestat] low and high boundaries for computing mean and std.dev: (6, 336)
[M::mem_pestat] mean and std.dev: (171.27, 50.02)
[M::mem_pestat] low and high boundaries for proper pairs: (1, 402)
[M::mem_pestat] analyzing insert size distribution for orientation RF...
[M::mem_pestat] (25, 50, 75) percentile: (59, 180, 453)
[M::mem_pestat] low and high boundaries for computing mean and std.dev: (1, 1241)
[M::mem_pestat] mean and std.dev: (219.76, 224.71)
[M::mem_pestat] low and high boundaries for proper pairs: (1, 1635)
[M::mem_pestat] analyzing insert size distribution for orientation RR...
[M::mem_pestat] (25, 50, 75) percentile: (76, 113, 161)
[M::mem_pestat] low and high boundaries for computing mean and std.dev: (1, 331)
[M::mem_pestat] mean and std.dev: (112.60, 54.02)
[M::mem_pestat] low and high boundaries for proper pairs: (1, 416)
[M::mem_pestat] skip orientation FF
[M::mem_pestat] skip orientation RF
[M::mem_pestat] skip orientation RR
[M::mem_process_seqs] Processed 1717306 reads in 2350.416 CPU sec, 100.833 real sec
[M::process] read 1716166 sequences (240000027 bp)...
[M::mem_pestat] # candidate unique pairs for (FF, FR, RF, RR): (103, 504197, 74, 132)
[M::mem_pestat] analyzing insert size distribution for orientation FF...
[M::mem_pestat] (25, 50, 75) percentile: (85, 110, 213)
[M::mem_pestat] low and high boundaries for computing mean and std.dev: (1, 469)
[M::mem_pestat] mean and std.dev: (120.65, 68.10)
[M::mem_pestat] low and high boundaries for proper pairs: (1, 597)
[M::mem_pestat] analyzing insert size distribution for orientation FR...
[M::mem_pestat] (25, 50, 75) percentile: (138, 169, 204)
[M::mem_pestat] low and high boundaries for computing mean and std.dev: (6, 336)
[M::mem_pestat] mean and std.dev: (171.18, 49.93)
[M::mem_pestat] low and high boundaries for proper pairs: (1, 402)
[M::mem_pestat] analyzing insert size distribution for orientation RF...
[M::mem_pestat] (25, 50, 75) percentile: (43, 138, 350)
[M::mem_pestat] low and high boundaries for computing mean and std.dev: (1, 964)
[M::mem_pestat] mean and std.dev: (188.93, 200.12)
[M::mem_pestat] low and high boundaries for proper pairs: (1, 1271)
[M::mem_pestat] analyzing insert size distribution for orientation RR...
[M::mem_pestat] (25, 50, 75) percentile: (85, 130, 195)
[M::mem_pestat] low and high boundaries for computing mean and std.dev: (1, 415)
[M::mem_pestat] mean and std.dev: (134.79, 73.15)
[M::mem_pestat] low and high boundaries for proper pairs: (1, 525)
[M::mem_pestat] skip orientation FF
[M::mem_pestat] skip orientation RF
[M::mem_pestat] skip orientation RR
[M::mem_process_seqs] Processed 1717886 reads in 2344.826 CPU sec, 100.398 real sec
[M::process] read 1712210 sequences (240000198 bp)...
[M::mem_pestat] # candidate unique pairs for (FF, FR, RF, RR): (93, 504108, 92, 100)
[M::mem_pestat] analyzing insert size distribution for orientation FF...
[M::mem_pestat] (25, 50, 75) percentile: (83, 109, 140)
[M::mem_pestat] low and high boundaries for computing mean and std.dev: (1, 254)
[M::mem_pestat] mean and std.dev: (109.56, 41.42)
[M::mem_pestat] low and high boundaries for proper pairs: (1, 311)
[M::mem_pestat] analyzing insert size distribution for orientation FR...
[M::mem_pestat] (25, 50, 75) percentile: (138, 169, 203)
[M::mem_pestat] low and high boundaries for computing mean and std.dev: (8, 333)
[M::mem_pestat] mean and std.dev: (171.11, 49.58)
[M::mem_pestat] low and high boundaries for proper pairs: (1, 398)
[M::mem_pestat] analyzing insert size distribution for orientation RF...
[M::mem_pestat] (25, 50, 75) percentile: (76, 184, 711)
[M::mem_pestat] low and high boundaries for computing mean and std.dev: (1, 1981)
[M::mem_pestat] mean and std.dev: (315.01, 374.70)
[M::mem_pestat] low and high boundaries for proper pairs: (1, 2616)
[M::mem_pestat] analyzing insert size distribution for orientation RR...
[M::mem_pestat] (25, 50, 75) percentile: (90, 116, 154)
[M::mem_pestat] low and high boundaries for computing mean and std.dev: (1, 282)
[M::mem_pestat] mean and std.dev: (118.54, 52.96)
[M::mem_pestat] low and high boundaries for proper pairs: (1, 346)
[M::mem_pestat] skip orientation FF
[M::mem_pestat] skip orientation RF
[M::mem_pestat] skip orientation RR
[M::mem_process_seqs] Processed 1716166 reads in 2337.199 CPU sec, 100.119 real sec
[M::process] read 1709164 sequences (240000106 bp)...
[M::mem_pestat] # candidate unique pairs for (FF, FR, RF, RR): (108, 503069, 101, 101)
[M::mem_pestat] analyzing insert size distribution for orientation FF...
[M::mem_pestat] (25, 50, 75) percentile: (88, 117, 168)
[M::mem_pestat] low and high boundaries for computing mean and std.dev: (1, 328)
[M::mem_pestat] mean and std.dev: (120.84, 48.69)
[M::mem_pestat] low and high boundaries for proper pairs: (1, 408)
[M::mem_pestat] analyzing insert size distribution for orientation FR...
[M::mem_pestat] (25, 50, 75) percentile: (138, 169, 204)
[M::mem_pestat] low and high boundaries for computing mean and std.dev: (6, 336)
[M::mem_pestat] mean and std.dev: (171.64, 49.30)
[M::mem_pestat] low and high boundaries for proper pairs: (1, 402)
[M::mem_pestat] analyzing insert size distribution for orientation RF...
[M::mem_pestat] (25, 50, 75) percentile: (75, 184, 990)
[M::mem_pestat] low and high boundaries for computing mean and std.dev: (1, 2820)
[M::mem_pestat] mean and std.dev: (359.55, 539.02)
[M::mem_pestat] low and high boundaries for proper pairs: (1, 3735)
[M::mem_pestat] analyzing insert size distribution for orientation RR...
[M::mem_pestat] (25, 50, 75) percentile: (87, 109, 148)
[M::mem_pestat] low and high boundaries for computing mean and std.dev: (1, 270)
[M::mem_pestat] mean and std.dev: (113.84, 45.12)
[M::mem_pestat] low and high boundaries for proper pairs: (1, 331)
[M::mem_pestat] skip orientation FF
[M::mem_pestat] skip orientation RF
[M::mem_pestat] skip orientation RR
[M::mem_process_seqs] Processed 1712210 reads in 2341.724 CPU sec, 100.268 real sec
[M::process] read 1709692 sequences (240000022 bp)...
[M::mem_pestat] # candidate unique pairs for (FF, FR, RF, RR): (102, 502191, 82, 95)
[M::mem_pestat] analyzing insert size distribution for orientation FF...
[M::mem_pestat] (25, 50, 75) percentile: (87, 117, 146)
[M::mem_pestat] low and high boundaries for computing mean and std.dev: (1, 264)
[M::mem_pestat] mean and std.dev: (111.47, 38.37)
[M::mem_pestat] low and high boundaries for proper pairs: (1, 323)
[M::mem_pestat] analyzing insert size distribution for orientation FR...
[M::mem_pestat] (25, 50, 75) percentile: (138, 169, 204)
[M::mem_pestat] low and high boundaries for computing mean and std.dev: (6, 336)
[M::mem_pestat] mean and std.dev: (171.78, 49.08)
[M::mem_pestat] low and high boundaries for proper pairs: (1, 402)
[M::mem_pestat] analyzing insert size distribution for orientation RF...
[M::mem_pestat] (25, 50, 75) percentile: (91, 171, 426)
[M::mem_pestat] low and high boundaries for computing mean and std.dev: (1, 1096)
[M::mem_pestat] mean and std.dev: (220.73, 223.91)
[M::mem_pestat] low and high boundaries for proper pairs: (1, 1431)
[M::mem_pestat] analyzing insert size distribution for orientation RR...
[M::mem_pestat] (25, 50, 75) percentile: (86, 109, 145)
[M::mem_pestat] low and high boundaries for computing mean and std.dev: (1, 263)
[M::mem_pestat] mean and std.dev: (108.63, 41.38)
[M::mem_pestat] low and high boundaries for proper pairs: (1, 322)
[M::mem_pestat] skip orientation FF
[M::mem_pestat] skip orientation RF
[M::mem_pestat] skip orientation RR
[M::mem_process_seqs] Processed 1709164 reads in 2343.489 CPU sec, 99.951 real sec
[M::process] read 1727936 sequences (240000209 bp)...
[M::mem_pestat] # candidate unique pairs for (FF, FR, RF, RR): (114, 503370, 66, 113)
[M::mem_pestat] analyzing insert size distribution for orientation FF...
[M::mem_pestat] (25, 50, 75) percentile: (83, 105, 148)
[M::mem_pestat] low and high boundaries for computing mean and std.dev: (1, 278)
[M::mem_pestat] mean and std.dev: (110.42, 39.78)
[M::mem_pestat] low and high boundaries for proper pairs: (1, 343)
[M::mem_pestat] analyzing insert size distribution for orientation FR...
[M::mem_pestat] (25, 50, 75) percentile: (138, 169, 203)
[M::mem_pestat] low and high boundaries for computing mean and std.dev: (8, 333)
[M::mem_pestat] mean and std.dev: (171.57, 49.10)
[M::mem_pestat] low and high boundaries for proper pairs: (1, 398)
[M::mem_pestat] analyzing insert size distribution for orientation RF...
[M::mem_pestat] (25, 50, 75) percentile: (76, 212, 492)
[M::mem_pestat] low and high boundaries for computing mean and std.dev: (1, 1324)
[M::mem_pestat] mean and std.dev: (258.21, 287.62)
[M::mem_pestat] low and high boundaries for proper pairs: (1, 1740)
[M::mem_pestat] analyzing insert size distribution for orientation RR...
[M::mem_pestat] (25, 50, 75) percentile: (87, 113, 166)
[M::mem_pestat] low and high boundaries for computing mean and std.dev: (1, 324)
[M::mem_pestat] mean and std.dev: (121.37, 55.80)
[M::mem_pestat] low and high boundaries for proper pairs: (1, 403)
[M::mem_pestat] skip orientation FF
[M::mem_pestat] skip orientation RF
[M::mem_pestat] skip orientation RR
[M::mem_process_seqs] Processed 1709692 reads in 2338.058 CPU sec, 100.134 real sec
[M::process] read 1728522 sequences (240000116 bp)...
[M::mem_pestat] # candidate unique pairs for (FF, FR, RF, RR): (89, 506709, 68, 101)
[M::mem_pestat] analyzing insert size distribution for orientation FF...
[M::mem_pestat] (25, 50, 75) percentile: (81, 105, 146)
[M::mem_pestat] low and high boundaries for computing mean and std.dev: (1, 276)
[M::mem_pestat] mean and std.dev: (107.45, 35.86)
[M::mem_pestat] low and high boundaries for proper pairs: (1, 341)
[M::mem_pestat] analyzing insert size distribution for orientation FR...
[M::mem_pestat] (25, 50, 75) percentile: (137, 168, 203)
[M::mem_pestat] low and high boundaries for computing mean and std.dev: (5, 335)
[M::mem_pestat] mean and std.dev: (170.04, 50.51)
[M::mem_pestat] low and high boundaries for proper pairs: (1, 401)
[M::mem_pestat] analyzing insert size distribution for orientation RF...
[M::mem_pestat] (25, 50, 75) percentile: (54, 129, 333)
[M::mem_pestat] low and high boundaries for computing mean and std.dev: (1, 891)
[M::mem_pestat] mean and std.dev: (163.32, 162.70)
[M::mem_pestat] low and high boundaries for proper pairs: (1, 1170)
[M::mem_pestat] analyzing insert size distribution for orientation RR...
[M::mem_pestat] (25, 50, 75) percentile: (86, 112, 170)
[M::mem_pestat] low and high boundaries for computing mean and std.dev: (1, 338)
[M::mem_pestat] mean and std.dev: (119.85, 51.76)
[M::mem_pestat] low and high boundaries for proper pairs: (1, 422)
[M::mem_pestat] skip orientation FF
[M::mem_pestat] skip orientation RF
[M::mem_pestat] skip orientation RR
[M::mem_process_seqs] Processed 1727936 reads in 2348.563 CPU sec, 100.531 real sec
[M::process] read 1727682 sequences (240000167 bp)...
[M::mem_pestat] # candidate unique pairs for (FF, FR, RF, RR): (108, 506833, 78, 107)
[M::mem_pestat] analyzing insert size distribution for orientation FF...
[M::mem_pestat] (25, 50, 75) percentile: (85, 123, 188)
[M::mem_pestat] low and high boundaries for computing mean and std.dev: (1, 394)
[M::mem_pestat] mean and std.dev: (121.98, 61.98)
[M::mem_pestat] low and high boundaries for proper pairs: (1, 497)
[M::mem_pestat] analyzing insert size distribution for orientation FR...
[M::mem_pestat] (25, 50, 75) percentile: (137, 168, 203)
[M::mem_pestat] low and high boundaries for computing mean and std.dev: (5, 335)
[M::mem_pestat] mean and std.dev: (170.06, 50.72)
[M::mem_pestat] low and high boundaries for proper pairs: (1, 401)
[M::mem_pestat] analyzing insert size distribution for orientation RF...
[M::mem_pestat] (25, 50, 75) percentile: (57, 164, 505)
[M::mem_pestat] low and high boundaries for computing mean and std.dev: (1, 1401)
[M::mem_pestat] mean and std.dev: (184.92, 206.51)
[M::mem_pestat] low and high boundaries for proper pairs: (1, 1849)
[M::mem_pestat] analyzing insert size distribution for orientation RR...
[M::mem_pestat] (25, 50, 75) percentile: (95, 119, 152)
[M::mem_pestat] low and high boundaries for computing mean and std.dev: (1, 266)
[M::mem_pestat] mean and std.dev: (118.41, 38.85)
[M::mem_pestat] low and high boundaries for proper pairs: (1, 323)
[M::mem_pestat] skip orientation FF
[M::mem_pestat] skip orientation RF
[M::mem_pestat] skip orientation RR
[M::mem_process_seqs] Processed 1728522 reads in 2351.730 CPU sec, 100.734 real sec
[M::process] read 1730362 sequences (240000003 bp)...
[M::mem_pestat] # candidate unique pairs for (FF, FR, RF, RR): (101, 506468, 82, 91)
[M::mem_pestat] analyzing insert size distribution for orientation FF...
[M::mem_pestat] (25, 50, 75) percentile: (89, 113, 157)
[M::mem_pestat] low and high boundaries for computing mean and std.dev: (1, 293)
[M::mem_pestat] mean and std.dev: (114.24, 43.26)
[M::mem_pestat] low and high boundaries for proper pairs: (1, 361)
[M::mem_pestat] analyzing insert size distribution for orientation FR...
[M::mem_pestat] (25, 50, 75) percentile: (137, 169, 203)
[M::mem_pestat] low and high boundaries for computing mean and std.dev: (5, 335)
[M::mem_pestat] mean and std.dev: (170.21, 50.65)
[M::mem_pestat] low and high boundaries for proper pairs: (1, 401)
[M::mem_pestat] analyzing insert size distribution for orientation RF...
[M::mem_pestat] (25, 50, 75) percentile: (74, 188, 362)
[M::mem_pestat] low and high boundaries for computing mean and std.dev: (1, 938)
[M::mem_pestat] mean and std.dev: (163.94, 125.99)
[M::mem_pestat] low and high boundaries for proper pairs: (1, 1226)
[M::mem_pestat] analyzing insert size distribution for orientation RR...
[M::mem_pestat] (25, 50, 75) percentile: (89, 114, 172)
[M::mem_pestat] low and high boundaries for computing mean and std.dev: (1, 338)
[M::mem_pestat] mean and std.dev: (120.72, 53.04)
[M::mem_pestat] low and high boundaries for proper pairs: (1, 421)
[M::mem_pestat] skip orientation FF
[M::mem_pestat] skip orientation RF
[M::mem_pestat] skip orientation RR
[M::mem_process_seqs] Processed 1727682 reads in 2339.777 CPU sec, 100.236 real sec
[M::process] read 1726074 sequences (240000028 bp)...
[M::mem_pestat] # candidate unique pairs for (FF, FR, RF, RR): (99, 507632, 88, 100)
[M::mem_pestat] analyzing insert size distribution for orientation FF...
[M::mem_pestat] (25, 50, 75) percentile: (89, 115, 159)
[M::mem_pestat] low and high boundaries for computing mean and std.dev: (1, 299)
[M::mem_pestat] mean and std.dev: (116.41, 42.93)
[M::mem_pestat] low and high boundaries for proper pairs: (1, 369)
[M::mem_pestat] analyzing insert size distribution for orientation FR...
[M::mem_pestat] (25, 50, 75) percentile: (137, 169, 203)
[M::mem_pestat] low and high boundaries for computing mean and std.dev: (5, 335)
[M::mem_pestat] mean and std.dev: (170.02, 50.96)
[M::mem_pestat] low and high boundaries for proper pairs: (1, 401)
[M::mem_pestat] analyzing insert size distribution for orientation RF...
[M::mem_pestat] (25, 50, 75) percentile: (71, 185, 643)
[M::mem_pestat] low and high boundaries for computing mean and std.dev: (1, 1787)
[M::mem_pestat] mean and std.dev: (280.24, 363.54)
[M::mem_pestat] low and high boundaries for proper pairs: (1, 2359)
[M::mem_pestat] analyzing insert size distribution for orientation RR...
[M::mem_pestat] (25, 50, 75) percentile: (85, 112, 150)
[M::mem_pestat] low and high boundaries for computing mean and std.dev: (1, 280)
[M::mem_pestat] mean and std.dev: (112.77, 45.80)
[M::mem_pestat] low and high boundaries for proper pairs: (1, 345)
[M::mem_pestat] skip orientation FF
[M::mem_pestat] skip orientation RF
[M::mem_pestat] skip orientation RR
[M::mem_process_seqs] Processed 1730362 reads in 2345.558 CPU sec, 100.600 real sec
