[M::bwa_idx_load_from_disk] read 0 ALT contigs
[M::process] read 1713794 sequences (240000263 bp)...
[M::process] read 1711614 sequences (240000198 bp)...
[M::mem_pestat] # candidate unique pairs for (FF, FR, RF, RR): (433, 555566, 54, 456)
[M::mem_pestat] analyzing insert size distribution for orientation FF...
[M::mem_pestat] (25, 50, 75) percentile: (101, 133, 250)
[M::mem_pestat] low and high boundaries for computing mean and std.dev: (1, 548)
[M::mem_pestat] mean and std.dev: (159.95, 99.02)
[M::mem_pestat] low and high boundaries for proper pairs: (1, 697)
[M::mem_pestat] analyzing insert size distribution for orientation FR...
[M::mem_pestat] (25, 50, 75) percentile: (137, 166, 198)
[M::mem_pestat] low and high boundaries for computing mean and std.dev: (15, 320)
[M::mem_pestat] mean and std.dev: (168.15, 46.48)
[M::mem_pestat] low and high boundaries for proper pairs: (1, 381)
[M::mem_pestat] analyzing insert size distribution for orientation RF...
[M::mem_pestat] (25, 50, 75) percentile: (47, 134, 708)
[M::mem_pestat] low and high boundaries for computing mean and std.dev: (1, 2030)
[M::mem_pestat] mean and std.dev: (321.47, 427.77)
[M::mem_pestat] low and high boundaries for proper pairs: (1, 2691)
[M::mem_pestat] analyzing insert size distribution for orientation RR...
[M::mem_pestat] (25, 50, 75) percentile: (96, 136, 246)
[M::mem_pestat] low and high boundaries for computing mean and std.dev: (1, 546)
[M::mem_pestat] mean and std.dev: (158.68, 96.26)
[M::mem_pestat] low and high boundaries for proper pairs: (1, 696)
[M::mem_pestat] skip orientation FF
[M::mem_pestat] skip orientation RF
[M::mem_pestat] skip orientation RR
[M::mem_process_seqs] Processed 1713794 reads in 1945.905 CPU sec, 82.406 real sec
[M::process] read 1711258 sequences (240000003 bp)...
[M::mem_pestat] # candidate unique pairs for (FF, FR, RF, RR): (449, 555438, 42, 434)
[M::mem_pestat] analyzing insert size distribution for orientation FF...
[M::mem_pestat] (25, 50, 75) percentile: (98, 139, 249)
[M::mem_pestat] low and high boundaries for computing mean and std.dev: (1, 551)
[M::mem_pestat] mean and std.dev: (161.80, 99.79)
[M::mem_pestat] low and high boundaries for proper pairs: (1, 702)
[M::mem_pestat] analyzing insert size distribution for orientation FR...
[M::mem_pestat] (25, 50, 75) percentile: (137, 166, 198)
[M::mem_pestat] low and high boundaries for computing mean and std.dev: (15, 320)
[M::mem_pestat] mean and std.dev: (168.14, 46.58)
[M::mem_pestat] low and high boundaries for proper pairs: (1, 381)
[M::mem_pestat] analyzing insert size distribution for orientation RF...
[M::mem_pestat] (25, 50, 75) percentile: (82, 309, 965)
[M::mem_pestat] low and high boundaries for computing mean and std.dev: (1, 2731)
[M::mem_pestat] mean and std.dev: (480.92, 649.47)
[M::mem_pestat] low and high boundaries for proper pairs: (1, 3614)
[M::mem_pestat] analyzing insert size distribution for orientation RR...
[M::mem_pestat] (25, 50, 75) percentile: (104, 143, 258)
[M::mem_pestat] low and high boundaries for computing mean and std.dev: (1, 566)
[M::mem_pestat] mean and std.dev: (174.79, 111.01)
[M::mem_pestat] low and high boundaries for proper pairs: (1, 720)
[M::mem_pestat] skip orientation FF
[M::mem_pestat] skip orientation RF
[M::mem_pestat] skip orientation RR
[M::mem_process_seqs] Processed 1711614 reads in 1966.781 CPU sec, 84.091 real sec
[M::process] read 1710652 sequences (240000170 bp)...
[M::mem_pestat] # candidate unique pairs for (FF, FR, RF, RR): (463, 555018, 46, 411)
[M::mem_pestat] analyzing insert size distribution for orientation FF...
[M::mem_pestat] (25, 50, 75) percentile: (96, 128, 219)
[M::mem_pestat] low and high boundaries for computing mean and std.dev: (1, 465)
[M::mem_pestat] mean and std.dev: (145.64, 81.59)
[M::mem_pestat] low and high boundaries for proper pairs: (1, 588)
[M::mem_pestat] analyzing insert size distribution for orientation FR...
[M::mem_pestat] (25, 50, 75) percentile: (137, 166, 198)
[M::mem_pestat] low and high boundaries for computing mean and std.dev: (15, 320)
[M::mem_pestat] mean and std.dev: (168.11, 46.43)
[M::mem_pestat] low and high boundaries for proper pairs: (1, 381)
[M::mem_pestat] analyzing insert size distribution for orientation RF...
[M::mem_pestat] (25, 50, 75) percentile: (64, 157, 506)
[M::mem_pestat] low and high boundaries for computing mean and std.dev: (1, 1390)
[M::mem_pestat] mean and std.dev: (236.78, 279.52)
[M::mem_pestat] low and high boundaries for proper pairs: (1, 1832)
[M::mem_pestat] analyzing insert size distribution for orientation RR...
[M::mem_pestat] (25, 50, 75) percentile: (97, 132, 202)
[M::mem_pestat] low and high boundaries for computing mean and std.dev: (1, 412)
[M::mem_pestat] mean and std.dev: (145.93, 76.16)
[M::mem_pestat] low and high boundaries for proper pairs: (1, 517)
[M::mem_pestat] skip orientation FF
[M::mem_pestat] skip orientation RF
[M::mem_pestat] skip orientation RR
[M::mem_process_seqs] Processed 1711258 reads in 1992.857 CPU sec, 85.722 real sec
[M::process] read 1708720 sequences (240000292 bp)...
[M::mem_pestat] # candidate unique pairs for (FF, FR, RF, RR): (470, 554430, 49, 441)
[M::mem_pestat] analyzing insert size distribution for orientation FF...
[M::mem_pestat] (25, 50, 75) percentile: (104, 140, 252)
[M::mem_pestat] low and high boundaries for computing mean and std.dev: (1, 548)
[M::mem_pestat] mean and std.dev: (164.04, 96.47)
[M::mem_pestat] low and high boundaries for proper pairs: (1, 696)
[M::mem_pestat] analyzing insert size distribution for orientation FR...
[M::mem_pestat] (25, 50, 75) percentile: (137, 166, 199)
[M::mem_pestat] low and high boundaries for computing mean and std.dev: (13, 323)
[M::mem_pestat] mean and std.dev: (168.54, 46.71)
[M::mem_pestat] low and high boundaries for proper pairs: (1, 385)
[M::mem_pestat] analyzing insert size distribution for orientation RF...
[M::mem_pestat] (25, 50, 75) percentile: (40, 161, 1433)
[M::mem_pestat] low and high boundaries for computing mean and std.dev: (1, 4219)
[M::mem_pestat] mean and std.dev: (457.81, 837.30)
[M::mem_pestat] low and high boundaries for proper pairs: (1, 5612)
[M::mem_pestat] analyzing insert size distribution for orientation RR...
[M::mem_pestat] (25, 50, 75) percentile: (99, 139, 256)
[M::mem_pestat] low and high boundaries for computing mean and std.dev: (1, 570)
[M::mem_pestat] mean and std.dev: (164.39, 104.28)
[M::mem_pestat] low and high boundaries for proper pairs: (1, 727)
[M::mem_pestat] skip orientation FF
[M::mem_pestat] skip orientation RF
[M::mem_pestat] skip orientation RR
[M::mem_process_seqs] Processed 1710652 reads in 1990.642 CPU sec, 85.678 real sec
[M::process] read 1709802 sequences (240000025 bp)...
[M::mem_pestat] # candidate unique pairs for (FF, FR, RF, RR): (421, 554257, 57, 420)
[M::mem_pestat] analyzing insert size distribution for orientation FF...
[M::mem_pestat] (25, 50, 75) percentile: (96, 129, 223)
[M::mem_pestat] low and high boundaries for computing mean and std.dev: (1, 477)
[M::mem_pestat] mean and std.dev: (149.72, 81.57)
[M::mem_pestat] low and high boundaries for proper pairs: (1, 604)
[M::mem_pestat] analyzing insert size distribution for orientation FR...
[M::mem_pestat] (25, 50, 75) percentile: (138, 166, 199)
[M::mem_pestat] low and high boundaries for computing mean and std.dev: (16, 321)
[M::mem_pestat] mean and std.dev: (168.52, 46.60)
[M::mem_pestat] low and high boundaries for proper pairs: (1, 382)
[M::mem_pestat] analyzing insert size distribution for orientation RF...
[M::mem_pestat] (25, 50, 75) percentile: (125, 448, 2163)
[M::mem_pestat] low and high boundaries for computing mean and std.dev: (1, 6239)
[M::mem_pestat] mean and std.dev: (1176.05, 1720.34)
[M::mem_pestat] low and high boundaries for proper pairs: (1, 8277)
[M::mem_pestat] analyzing insert size distribution for orientation RR...
[M::mem_pestat] (25, 50, 75) percentile: (99, 139, 224)
[M::mem_pestat] low and high boundaries for computing mean and std.dev: (1, 474)
[M::mem_pestat] mean and std.dev: (153.30, 86.12)
[M::mem_pestat] low and high boundaries for proper pairs: (1, 599)
[M::mem_pestat] skip orientation FF
[M::mem_pestat] skip orientation RF
[M::mem_pestat] skip orientation RR
[M::mem_process_seqs] Processed 1708720 reads in 1996.098 CPU sec, 85.842 real sec
[M::process] read 1709240 sequences (240000100 bp)...
[M::mem_pestat] # candidate unique pairs for (FF, FR, RF, RR): (441, 554729, 50, 448)
[M::mem_pestat] analyzing insert size distribution for orientation FF...
[M::mem_pestat] (25, 50, 75) percentile: (98, 133, 242)
[M::mem_pestat] low and high boundaries for computing mean and std.dev: (1, 530)
[M::mem_pestat] mean and std.dev: (160.71, 103.37)
[M::mem_pestat] low and high boundaries for proper pairs: (1, 674)
[M::mem_pestat] analyzing insert size distribution for orientation FR...
[M::mem_pestat] (25, 50, 75) percentile: (138, 166, 199)
[M::mem_pestat] low and high boundaries for computing mean and std.dev: (16, 321)
[M::mem_pestat] mean and std.dev: (168.48, 46.68)
[M::mem_pestat] low and high boundaries for proper pairs: (1, 382)
[M::mem_pestat] analyzing insert size distribution for orientation RF...
[M::mem_pestat] (25, 50, 75) percentile: (80, 305, 806)
[M::mem_pestat] low and high boundaries for computing mean and std.dev: (1, 2258)
[M::mem_pestat] mean and std.dev: (392.00, 476.63)
[M::mem_pestat] low and high boundaries for proper pairs: (1, 2984)
[M::mem_pestat] analyzing insert size distribution for orientation RR...
[M::mem_pestat] (25, 50, 75) percentile: (99, 142, 252)
[M::mem_pestat] low and high boundaries for computing mean and std.dev: (1, 558)
[M::mem_pestat] mean and std.dev: (164.44, 103.25)
[M::mem_pestat] low and high boundaries for proper pairs: (1, 711)
[M::mem_pestat] skip orientation FF
[M::mem_pestat] skip orientation RF
[M::mem_pestat] skip orientation RR
[M::mem_process_seqs] Processed 1709802 reads in 1983.532 CPU sec, 85.286 real sec
[M::process] read 1707812 sequences (240000110 bp)...
[M::mem_pestat] # candidate unique pairs for (FF, FR, RF, RR): (414, 554289, 48, 448)
[M::mem_pestat] analyzing insert size distribution for orientation FF...
[M::mem_pestat] (25, 50, 75) percentile: (96, 131, 198)
[M::mem_pestat] low and high boundaries for computing mean and std.dev: (1, 402)
[M::mem_pestat] mean and std.dev: (137.56, 65.07)
[M::mem_pestat] low and high boundaries for proper pairs: (1, 504)
[M::mem_pestat] analyzing insert size distribution for orientation FR...
[M::mem_pestat] (25, 50, 75) percentile: (138, 166, 199)
[M::mem_pestat] low and high boundaries for computing mean and std.dev: (16, 321)
[M::mem_pestat] mean and std.dev: (168.74, 46.65)
[M::mem_pestat] low and high boundaries for proper pairs: (1, 382)
[M::mem_pestat] analyzing insert size distribution for orientation RF...
[M::mem_pestat] (25, 50, 75) percentile: (48, 281, 789)
[M::mem_pestat] low and high boundaries for computing mean and std.dev: (1, 2271)
[M::mem_pestat] mean and std.dev: (377.52, 515.77)
[M::mem_pestat] low and high boundaries for proper pairs: (1, 3012)
[M::mem_pestat] analyzing insert size distribution for orientation RR...
[M::mem_pestat] (25, 50, 75) percentile: (94, 133, 219)
[M::mem_pestat] low and high boundaries for computing mean and std.dev: (1, 469)
[M::mem_pestat] mean and std.dev: (149.22, 83.03)
[M::mem_pestat] low and high boundaries for proper pairs: (1, 594)
[M::mem_pestat] skip orientation FF
[M::mem_pestat] skip orientation RF
[M::mem_pestat] skip orientation RR
[M::mem_process_seqs] Processed 1709240 reads in 1990.792 CPU sec, 85.541 real sec
[M::process] read 1706568 sequences (240000275 bp)...
[M::mem_pestat] # candidate unique pairs for (FF, FR, RF, RR): (462, 554672, 57, 449)
[M::mem_pestat] analyzing insert size distribution for orientation FF...
[M::mem_pestat] (25, 50, 75) percentile: (102, 137, 251)
[M::mem_pestat] low and high boundaries for computing mean and std.dev: (1, 549)
[M::mem_pestat] mean and std.dev: (163.94, 98.51)
[M::mem_pestat] low and high boundaries for proper pairs: (1, 698)
[M::mem_pestat] analyzing insert size distribution for orientation FR...
[M::mem_pestat] (25, 50, 75) percentile: (138, 166, 199)
[M::mem_pestat] low and high boundaries for computing mean and std.dev: (16, 321)
[M::mem_pestat] mean and std.dev: (168.65, 46.65)
[M::mem_pestat] low and high boundaries for proper pairs: (1, 382)
[M::mem_pestat] analyzing insert size distribution for orientation RF...
[M::mem_pestat] (25, 50, 75) percentile: (108, 256, 889)
[M::mem_pestat] low and high boundaries for computing mean and std.dev: (1, 2451)
[M::mem_pestat] mean and std.dev: (408.76, 534.67)
[M::mem_pestat] low and high boundaries for proper pairs: (1, 3232)
[M::mem_pestat] analyzing insert size distribution for orientation RR...
[M::mem_pestat] (25, 50, 75) percentile: (103, 140, 238)
[M::mem_pestat] low and high boundaries for computing mean and std.dev: (1, 508)
[M::mem_pestat] mean and std.dev: (156.49, 90.67)
[M::mem_pestat] low and high boundaries for proper pairs: (1, 643)
[M::mem_pestat] skip orientation FF
[M::mem_pestat] skip orientation RF
[M::mem_pestat] skip orientation RR
[M::mem_process_seqs] Processed 1707812 reads in 1981.313 CPU sec, 85.254 real sec
[M::process] read 1707256 sequences (240000272 bp)...
[M::mem_pestat] # candidate unique pairs for (FF, FR, RF, RR): (443, 553880, 54, 457)
[M::mem_pestat] analyzing insert size distribution for orientation FF...
[M::mem_pestat] (25, 50, 75) percentile: (103, 142, 236)
[M::mem_pestat] low and high boundaries for computing mean and std.dev: (1, 502)
[M::mem_pestat] mean and std.dev: (160.23, 93.50)
[M::mem_pestat] low and high boundaries for proper pairs: (1, 635)
[M::mem_pestat] analyzing insert size distribution for orientation FR...
[M::mem_pestat] (25, 50, 75) percentile: (138, 166, 199)
[M::mem_pestat] low and high boundaries for computing mean and std.dev: (16, 321)
[M::mem_pestat] mean and std.dev: (168.64, 46.56)
[M::mem_pestat] low and high boundaries for proper pairs: (1, 382)
[M::mem_pestat] analyzing insert size distribution for orientation RF...
[M::mem_pestat] (25, 50, 75) percentile: (81, 269, 940)
[M::mem_pestat] low and high boundaries for computing mean and std.dev: (1, 2658)
[M::mem_pestat] mean and std.dev: (475.45, 552.33)
[M::mem_pestat] low and high boundaries for proper pairs: (1, 3517)
[M::mem_pestat] analyzing insert size distribution for orientation RR...
[M::mem_pestat] (25, 50, 75) percentile: (98, 137, 229)
[M::mem_pestat] low and high boundaries for computing mean and std.dev: (1, 491)
[M::mem_pestat] mean and std.dev: (152.86, 84.02)
[M::mem_pestat] low and high boundaries for proper pairs: (1, 622)
[M::mem_pestat] skip orientation FF
[M::mem_pestat] skip orientation RF
[M::mem_pestat] skip orientation RR
[M::mem_process_seqs] Processed 1706568 reads in 1975.913 CPU sec, 84.474 real sec
[M::process] read 1705476 sequences (240000178 bp)...
[M::mem_pestat] # candidate unique pairs for (FF, FR, RF, RR): (465, 554128, 60, 450)
[M::mem_pestat] analyzing insert size distribution for orientation FF...
[M::mem_pestat] (25, 50, 75) percentile: (95, 127, 201)
[M::mem_pestat] low and high boundaries for computing mean and std.dev: (1, 413)
[M::mem_pestat] mean and std.dev: (140.09, 75.76)
[M::mem_pestat] low and high boundaries for proper pairs: (1, 519)
[M::mem_pestat] analyzing insert size distribution for orientation FR...
[M::mem_pestat] (25, 50, 75) percentile: (138, 166, 199)
[M::mem_pestat] low and high boundaries for computing mean and std.dev: (16, 321)
[M::mem_pestat] mean and std.dev: (168.73, 46.70)
[M::mem_pestat] low and high boundaries for proper pairs: (1, 382)
[M::mem_pestat] analyzing insert size distribution for orientation RF...
[M::mem_pestat] (25, 50, 75) percentile: (59, 192, 553)
[M::mem_pestat] low and high boundaries for computing mean and std.dev: (1, 1541)
[M::mem_pestat] mean and std.dev: (182.71, 187.48)
[M::mem_pestat] low and high boundaries for proper pairs: (1, 2035)
[M::mem_pestat] analyzing insert size distribution for orientation RR...
[M::mem_pestat] (25, 50, 75) percentile: (96, 142, 257)
[M::mem_pestat] low and high boundaries for computing mean and std.dev: (1, 579)
[M::mem_pestat] mean and std.dev: (165.88, 105.96)
[M::mem_pestat] low and high boundaries for proper pairs: (1, 740)
[M::mem_pestat] skip orientation FF
[M::mem_pestat] skip orientation RF
[M::mem_pestat] skip orientation RR
[M::mem_process_seqs] Processed 1707256 reads in 1983.085 CPU sec, 85.161 real sec
[M::process] read 1709074 sequences (240000130 bp)...
[M::mem_pestat] # candidate unique pairs for (FF, FR, RF, RR): (457, 554101, 51, 420)
[M::mem_pestat] analyzing insert size distribution for orientation FF...
[M::mem_pestat] (25, 50, 75) percentile: (104, 135, 230)
[M::mem_pestat] low and high boundaries for computing mean and std.dev: (1, 482)
[M::mem_pestat] mean and std.dev: (152.48, 81.87)
[M::mem_pestat] low and high boundaries for proper pairs: (1, 608)
[M::mem_pestat] analyzing insert size distribution for orientation FR...
[M::mem_pestat] (25, 50, 75) percentile: (138, 167, 199)
[M::mem_pestat] low and high boundaries for computing mean and std.dev: (16, 321)
[M::mem_pestat] mean and std.dev: (169.00, 46.60)
[M::mem_pestat] low and high boundaries for proper pairs: (1, 382)
[M::mem_pestat] analyzing insert size distribution for orientation RF...
[M::mem_pestat] (25, 50, 75) percentile: (57, 168, 1033)
[M::mem_pestat] low and high boundaries for computing mean and std.dev: (1, 2985)
[M::mem_pestat] mean and std.dev: (316.58, 524.06)
[M::mem_pestat] low and high boundaries for proper pairs: (1, 3961)
[M::mem_pestat] analyzing insert size distribution for orientation RR...
[M::mem_pestat] (25, 50, 75) percentile: (98, 138, 235)
[M::mem_pestat] low and high boundaries for computing mean and std.dev: (1, 509)
[M::mem_pestat] mean and std.dev: (159.66, 96.32)
[M::mem_pestat] low and high boundaries for proper pairs: (1, 646)
[M::mem_pestat] skip orientation FF
[M::mem_pestat] skip orientation RF
[M::mem_pestat] skip orientation RR
[M::mem_process_seqs] Processed 1705476 reads in 1986.463 CPU sec, 85.327 real sec
