[M::bwa_idx_load_from_disk] read 0 ALT contigs
[M::process] read 1702914 sequences (240000161 bp)...
[M::process] read 1701246 sequences (240000144 bp)...
[M::mem_pestat] # candidate unique pairs for (FF, FR, RF, RR): (263, 553526, 48, 298)
[M::mem_pestat] analyzing insert size distribution for orientation FF...
[M::mem_pestat] (25, 50, 75) percentile: (87, 120, 187)
[M::mem_pestat] low and high boundaries for computing mean and std.dev: (1, 387)
[M::mem_pestat] mean and std.dev: (129.58, 65.21)
[M::mem_pestat] low and high boundaries for proper pairs: (1, 487)
[M::mem_pestat] analyzing insert size distribution for orientation FR...
[M::mem_pestat] (25, 50, 75) percentile: (136, 161, 189)
[M::mem_pestat] low and high boundaries for computing mean and std.dev: (30, 295)
[M::mem_pestat] mean and std.dev: (163.31, 39.49)
[M::mem_pestat] low and high boundaries for proper pairs: (1, 348)
[M::mem_pestat] analyzing insert size distribution for orientation RF...
[M::mem_pestat] (25, 50, 75) percentile: (70, 169, 430)
[M::mem_pestat] low and high boundaries for computing mean and std.dev: (1, 1150)
[M::mem_pestat] mean and std.dev: (188.98, 191.96)
[M::mem_pestat] low and high boundaries for proper pairs: (1, 1510)
[M::mem_pestat] analyzing insert size distribution for orientation RR...
[M::mem_pestat] (25, 50, 75) percentile: (89, 118, 169)
[M::mem_pestat] low and high boundaries for computing mean and std.dev: (1, 329)
[M::mem_pestat] mean and std.dev: (128.17, 61.10)
[M::mem_pestat] low and high boundaries for proper pairs: (1, 409)
[M::mem_pestat] skip orientation FF
[M::mem_pestat] skip orientation RF
[M::mem_pestat] skip orientation RR
[M::mem_process_seqs] Processed 1702914 reads in 1952.535 CPU sec, 82.348 real sec
[M::process] read 1699288 sequences (240000184 bp)...
[M::mem_pestat] # candidate unique pairs for (FF, FR, RF, RR): (294, 553296, 34, 255)
[M::mem_pestat] analyzing insert size distribution for orientation FF...
[M::mem_pestat] (25, 50, 75) percentile: (85, 114, 165)
[M::mem_pestat] low and high boundaries for computing mean and std.dev: (1, 325)
[M::mem_pestat] mean and std.dev: (118.98, 53.90)
[M::mem_pestat] low and high boundaries for proper pairs: (1, 405)
[M::mem_pestat] analyzing insert size distribution for orientation FR...
[M::mem_pestat] (25, 50, 75) percentile: (136, 161, 189)
[M::mem_pestat] low and high boundaries for computing mean and std.dev: (30, 295)
[M::mem_pestat] mean and std.dev: (163.18, 39.45)
[M::mem_pestat] low and high boundaries for proper pairs: (1, 348)
[M::mem_pestat] analyzing insert size distribution for orientation RF...
[M::mem_pestat] (25, 50, 75) percentile: (45, 112, 396)
[M::mem_pestat] low and high boundaries for computing mean and std.dev: (1, 1098)
[M::mem_pestat] mean and std.dev: (125.26, 130.99)
[M::mem_pestat] low and high boundaries for proper pairs: (1, 1449)
[M::mem_pestat] analyzing insert size distribution for orientation RR...
[M::mem_pestat] (25, 50, 75) percentile: (86, 113, 188)
[M::mem_pestat] low and high boundaries for computing mean and std.dev: (1, 392)
[M::mem_pestat] mean and std.dev: (133.41, 74.16)
[M::mem_pestat] low and high boundaries for proper pairs: (1, 494)
[M::mem_pestat] skip orientation FF
[M::mem_pestat] skip orientation RF
[M::mem_pestat] skip orientation RR
[M::mem_process_seqs] Processed 1701246 reads in 1982.591 CPU sec, 84.792 real sec
[M::process] read 1699356 sequences (240000042 bp)...
[M::mem_pestat] # candidate unique pairs for (FF, FR, RF, RR): (251, 553119, 46, 263)
[M::mem_pestat] analyzing insert size distribution for orientation FF...
[M::mem_pestat] (25, 50, 75) percentile: (89, 117, 170)
[M::mem_pestat] low and high boundaries for computing mean and std.dev: (1, 332)
[M::mem_pestat] mean and std.dev: (127.07, 60.17)
[M::mem_pestat] low and high boundaries for proper pairs: (1, 413)
[M::mem_pestat] analyzing insert size distribution for orientation FR...
[M::mem_pestat] (25, 50, 75) percentile: (136, 161, 189)
[M::mem_pestat] low and high boundaries for computing mean and std.dev: (30, 295)
[M::mem_pestat] mean and std.dev: (163.44, 39.54)
[M::mem_pestat] low and high boundaries for proper pairs: (1, 348)
[M::mem_pestat] analyzing insert size distribution for orientation RF...
[M::mem_pestat] (25, 50, 75) percentile: (92, 302, 2163)
[M::mem_pestat] low and high boundaries for computing mean and std.dev: (1, 6305)
[M::mem_pestat] mean and std.dev: (765.92, 1332.27)
[M::mem_pestat] low and high boundaries for proper pairs: (1, 8376)
[M::mem_pestat] analyzing insert size distribution for orientation RR...
[M::mem_pestat] (25, 50, 75) percentile: (88, 119, 163)
[M::mem_pestat] low and high boundaries for computing mean and std.dev: (1, 313)
[M::mem_pestat] mean and std.dev: (120.13, 50.24)
[M::mem_pestat] low and high boundaries for proper pairs: (1, 388)
[M::mem_pestat] skip orientation FF
[M::mem_pestat] skip orientation RF
[M::mem_pestat] skip orientation RR
[M::mem_process_seqs] Processed 1699288 reads in 1992.165 CPU sec, 85.788 real sec
[M::process] read 1697186 sequences (240000288 bp)...
[M::mem_pestat] # candidate unique pairs for (FF, FR, RF, RR): (312, 553088, 45, 283)
[M::mem_pestat] analyzing insert size distribution for orientation FF...
[M::mem_pestat] (25, 50, 75) percentile: (90, 117, 187)
[M::mem_pestat] low and high boundaries for computing mean and std.dev: (1, 381)
[M::mem_pestat] mean and std.dev: (128.88, 66.73)
[M::mem_pestat] low and high boundaries for proper pairs: (1, 478)
[M::mem_pestat] analyzing insert size distribution for orientation FR...
[M::mem_pestat] (25, 50, 75) percentile: (136, 161, 189)
[M::mem_pestat] low and high boundaries for computing mean and std.dev: (30, 295)
[M::mem_pestat] mean and std.dev: (163.48, 39.47)
[M::mem_pestat] low and high boundaries for proper pairs: (1, 348)
[M::mem_pestat] analyzing insert size distribution for orientation RF...
[M::mem_pestat] (25, 50, 75) percentile: (53, 105, 505)
[M::mem_pestat] low and high boundaries for computing mean and std.dev: (1, 1409)
[M::mem_pestat] mean and std.dev: (202.88, 265.92)
[M::mem_pestat] low and high boundaries for proper pairs: (1, 1861)
[M::mem_pestat] analyzing insert size distribution for orientation RR...
[M::mem_pestat] (25, 50, 75) percentile: (88, 111, 183)
[M::mem_pestat] low and high boundaries for computing mean and std.dev: (1, 373)
[M::mem_pestat] mean and std.dev: (128.68, 65.46)
[M::mem_pestat] low and high boundaries for proper pairs: (1, 468)
[M::mem_pestat] skip orientation FF
[M::mem_pestat] skip orientation RF
[M::mem_pestat] skip orientation RR
[M::mem_process_seqs] Processed 1699356 reads in 1997.443 CPU sec, 85.880 real sec
[M::process] read 1698768 sequences (240000257 bp)...
[M::mem_pestat] # candidate unique pairs for (FF, FR, RF, RR): (239, 553541, 41, 275)
[M::mem_pestat] analyzing insert size distribution for orientation FF...
[M::mem_pestat] (25, 50, 75) percentile: (95, 124, 195)
[M::mem_pestat] low and high boundaries for computing mean and std.dev: (1, 395)
[M::mem_pestat] mean and std.dev: (142.53, 75.48)
[M::mem_pestat] low and high boundaries for proper pairs: (1, 495)
[M::mem_pestat] analyzing insert size distribution for orientation FR...
[M::mem_pestat] (25, 50, 75) percentile: (136, 161, 189)
[M::mem_pestat] low and high boundaries for computing mean and std.dev: (30, 295)
[M::mem_pestat] mean and std.dev: (163.62, 39.45)
[M::mem_pestat] low and high boundaries for proper pairs: (1, 348)
[M::mem_pestat] analyzing insert size distribution for orientation RF...
[M::mem_pestat] (25, 50, 75) percentile: (49, 110, 265)
[M::mem_pestat] low and high boundaries for computing mean and std.dev: (1, 697)
[M::mem_pestat] mean and std.dev: (141.66, 122.61)
[M::mem_pestat] low and high boundaries for proper pairs: (1, 913)
[M::mem_pestat] analyzing insert size distribution for orientation RR...
[M::mem_pestat] (25, 50, 75) percentile: (88, 120, 176)
[M::mem_pestat] low and high boundaries for computing mean and std.dev: (1, 352)
[M::mem_pestat] mean and std.dev: (127.86, 60.88)
[M::mem_pestat] low and high boundaries for proper pairs: (1, 440)
[M::mem_pestat] skip orientation FF
[M::mem_pestat] skip orientation RF
[M::mem_pestat] skip orientation RR
[M::mem_process_seqs] Processed 1697186 reads in 1992.611 CPU sec, 85.575 real sec
[M::process] read 1695732 sequences (240000237 bp)...
[M::mem_pestat] # candidate unique pairs for (FF, FR, RF, RR): (286, 552812, 32, 300)
[M::mem_pestat] analyzing insert size distribution for orientation FF...
[M::mem_pestat] (25, 50, 75) percentile: (87, 112, 163)
[M::mem_pestat] low and high boundaries for computing mean and std.dev: (1, 315)
[M::mem_pestat] mean and std.dev: (122.39, 56.95)
[M::mem_pestat] low and high boundaries for proper pairs: (1, 391)
[M::mem_pestat] analyzing insert size distribution for orientation FR...
[M::mem_pestat] (25, 50, 75) percentile: (136, 161, 189)
[M::mem_pestat] low and high boundaries for computing mean and std.dev: (30, 295)
[M::mem_pestat] mean and std.dev: (163.83, 39.54)
[M::mem_pestat] low and high boundaries for proper pairs: (1, 348)
[M::mem_pestat] analyzing insert size distribution for orientation RF...
[M::mem_pestat] (25, 50, 75) percentile: (64, 136, 652)
[M::mem_pestat] low and high boundaries for computing mean and std.dev: (1, 1828)
[M::mem_pestat] mean and std.dev: (181.31, 231.43)
[M::mem_pestat] low and high boundaries for proper pairs: (1, 2416)
[M::mem_pestat] analyzing insert size distribution for orientation RR...
[M::mem_pestat] (25, 50, 75) percentile: (87, 110, 174)
[M::mem_pestat] low and high boundaries for computing mean and std.dev: (1, 348)
[M::mem_pestat] mean and std.dev: (124.44, 63.32)
[M::mem_pestat] low and high boundaries for proper pairs: (1, 435)
[M::mem_pestat] skip orientation FF
[M::mem_pestat] skip orientation RF
[M::mem_pestat] skip orientation RR
[M::mem_process_seqs] Processed 1698768 reads in 2000.037 CPU sec, 85.934 real sec
[M::process] read 1695688 sequences (240000193 bp)...
[M::mem_pestat] # candidate unique pairs for (FF, FR, RF, RR): (271, 552672, 42, 301)
[M::mem_pestat] analyzing insert size distribution for orientation FF...
[M::mem_pestat] (25, 50, 75) percentile: (90, 121, 176)
[M::mem_pestat] low and high boundaries for computing mean and std.dev: (1, 348)
[M::mem_pestat] mean and std.dev: (127.12, 61.57)
[M::mem_pestat] low and high boundaries for proper pairs: (1, 434)
[M::mem_pestat] analyzing insert size distribution for orientation FR...
[M::mem_pestat] (25, 50, 75) percentile: (136, 161, 189)
[M::mem_pestat] low and high boundaries for computing mean and std.dev: (30, 295)
[M::mem_pestat] mean and std.dev: (163.79, 39.42)
[M::mem_pestat] low and high boundaries for proper pairs: (1, 348)
[M::mem_pestat] analyzing insert size distribution for orientation RF...
[M::mem_pestat] (25, 50, 75) percentile: (76, 276, 788)
[M::mem_pestat] low and high boundaries for computing mean and std.dev: (1, 2212)
[M::mem_pestat] mean and std.dev: (358.42, 527.03)
[M::mem_pestat] low and high boundaries for proper pairs: (1, 2924)
[M::mem_pestat] analyzing insert size distribution for orientation RR...
[M::mem_pestat] (25, 50, 75) percentile: (92, 118, 175)
[M::mem_pestat] low and high boundaries for computing mean and std.dev: (1, 341)
[M::mem_pestat] mean and std.dev: (130.71, 63.87)
[M::mem_pestat] low and high boundaries for proper pairs: (1, 424)
[M::mem_pestat] skip orientation FF
[M::mem_pestat] skip orientation RF
[M::mem_pestat] skip orientation RR
[M::mem_process_seqs] Processed 1695732 reads in 1995.922 CPU sec, 85.739 real sec
[M::process] read 1693492 sequences (240000091 bp)...
[M::mem_pestat] # candidate unique pairs for (FF, FR, RF, RR): (290, 552738, 43, 268)
[M::mem_pestat] analyzing insert size distribution for orientation FF...
[M::mem_pestat] (25, 50, 75) percentile: (91, 115, 166)
[M::mem_pestat] low and high boundaries for computing mean and std.dev: (1, 316)
[M::mem_pestat] mean and std.dev: (118.74, 51.46)
[M::mem_pestat] low and high boundaries for proper pairs: (1, 391)
[M::mem_pestat] analyzing insert size distribution for orientation FR...
[M::mem_pestat] (25, 50, 75) percentile: (136, 161, 189)
[M::mem_pestat] low and high boundaries for computing mean and std.dev: (30, 295)
[M::mem_pestat] mean and std.dev: (163.63, 39.51)
[M::mem_pestat] low and high boundaries for proper pairs: (1, 348)
[M::mem_pestat] analyzing insert size distribution for orientation RF...
[M::mem_pestat] (25, 50, 75) percentile: (78, 200, 757)
[M::mem_pestat] low and high boundaries for computing mean and std.dev: (1, 2115)
[M::mem_pestat] mean and std.dev: (312.22, 339.99)
[M::mem_pestat] low and high boundaries for proper pairs: (1, 2794)
[M::mem_pestat] analyzing insert size distribution for orientation RR...
[M::mem_pestat] (25, 50, 75) percentile: (87, 113, 165)
[M::mem_pestat] low and high boundaries for computing mean and std.dev: (1, 321)
[M::mem_pestat] mean and std.dev: (124.67, 57.47)
[M::mem_pestat] low and high boundaries for proper pairs: (1, 399)
[M::mem_pestat] skip orientation FF
[M::mem_pestat] skip orientation RF
[M::mem_pestat] skip orientation RR
[M::mem_process_seqs] Processed 1695688 reads in 2000.989 CPU sec, 85.547 real sec
[M::process] read 1694470 sequences (240000135 bp)...
[M::mem_pestat] # candidate unique pairs for (FF, FR, RF, RR): (290, 551989, 43, 262)
[M::mem_pestat] analyzing insert size distribution for orientation FF...
[M::mem_pestat] (25, 50, 75) percentile: (94, 124, 187)
[M::mem_pestat] low and high boundaries for computing mean and std.dev: (1, 373)
[M::mem_pestat] mean and std.dev: (137.60, 70.70)
[M::mem_pestat] low and high boundaries for proper pairs: (1, 466)
[M::mem_pestat] analyzing insert size distribution for orientation FR...
[M::mem_pestat] (25, 50, 75) percentile: (136, 161, 189)
[M::mem_pestat] low and high boundaries for computing mean and std.dev: (30, 295)
[M::mem_pestat] mean and std.dev: (163.88, 39.53)
[M::mem_pestat] low and high boundaries for proper pairs: (1, 348)
[M::mem_pestat] analyzing insert size distribution for orientation RF...
[M::mem_pestat] (25, 50, 75) percentile: (106, 294, 2623)
[M::mem_pestat] low and high boundaries for computing mean and std.dev: (1, 7657)
[M::mem_pestat] mean and std.dev: (1260.10, 1828.89)
[M::mem_pestat] low and high boundaries for proper pairs: (1, 10174)
[M::mem_pestat] analyzing insert size distribution for orientation RR...
[M::mem_pestat] (25, 50, 75) percentile: (94, 131, 187)
[M::mem_pestat] low and high boundaries for computing mean and std.dev: (1, 373)
[M::mem_pestat] mean and std.dev: (136.18, 63.72)
[M::mem_pestat] low and high boundaries for proper pairs: (1, 466)
[M::mem_pestat] skip orientation FF
[M::mem_pestat] skip orientation RF
[M::mem_pestat] skip orientation RR
[M::mem_process_seqs] Processed 1693492 reads in 1995.591 CPU sec, 85.738 real sec
[M::process] read 1699628 sequences (240000099 bp)...
[M::mem_pestat] # candidate unique pairs for (FF, FR, RF, RR): (265, 552854, 34, 280)
[M::mem_pestat] analyzing insert size distribution for orientation FF...
[M::mem_pestat] (25, 50, 75) percentile: (85, 109, 167)
[M::mem_pestat] low and high boundaries for computing mean and std.dev: (1, 331)
[M::mem_pestat] mean and std.dev: (122.04, 55.62)
[M::mem_pestat] low and high boundaries for proper pairs: (1, 413)
[M::mem_pestat] analyzing insert size distribution for orientation FR...
[M::mem_pestat] (25, 50, 75) percentile: (136, 161, 190)
[M::mem_pestat] low and high boundaries for computing mean and std.dev: (28, 298)
[M::mem_pestat] mean and std.dev: (163.99, 39.75)
[M::mem_pestat] low and high boundaries for proper pairs: (1, 352)
[M::mem_pestat] analyzing insert size distribution for orientation RF...
[M::mem_pestat] (25, 50, 75) percentile: (45, 152, 556)
[M::mem_pestat] low and high boundaries for computing mean and std.dev: (1, 1578)
[M::mem_pestat] mean and std.dev: (192.00, 237.81)
[M::mem_pestat] low and high boundaries for proper pairs: (1, 2089)
[M::mem_pestat] analyzing insert size distribution for orientation RR...
[M::mem_pestat] (25, 50, 75) percentile: (88, 114, 181)
[M::mem_pestat] low and high boundaries for computing mean and std.dev: (1, 367)
[M::mem_pestat] mean and std.dev: (125.38, 62.58)
[M::mem_pestat] low and high boundaries for proper pairs: (1, 460)
[M::mem_pestat] skip orientation FF
[M::mem_pestat] skip orientation RF
[M::mem_pestat] skip orientation RR
[M::mem_process_seqs] Processed 1694470 reads in 1997.798 CPU sec, 85.834 real sec
[M::process] read 1698472 sequences (240000069 bp)...
[M::mem_pestat] # candidate unique pairs for (FF, FR, RF, RR): (265, 553079, 33, 264)
[M::mem_pestat] analyzing insert size distribution for orientation FF...
[M::mem_pestat] (25, 50, 75) percentile: (86, 113, 171)
[M::mem_pestat] low and high boundaries for computing mean and std.dev: (1, 341)
[M::mem_pestat] mean and std.dev: (123.63, 59.70)
[M::mem_pestat] low and high boundaries for proper pairs: (1, 426)
[M::mem_pestat] analyzing insert size distribution for orientation FR...
[M::mem_pestat] (25, 50, 75) percentile: (136, 161, 189)
[M::mem_pestat] low and high boundaries for computing mean and std.dev: (30, 295)
[M::mem_pestat] mean and std.dev: (163.50, 39.51)
[M::mem_pestat] low and high boundaries for proper pairs: (1, 348)
[M::mem_pestat] analyzing insert size distribution for orientation RF...
[M::mem_pestat] (25, 50, 75) percentile: (106, 168, 549)
[M::mem_pestat] low and high boundaries for computing mean and std.dev: (1, 1435)
[M::mem_pestat] mean and std.dev: (199.59, 224.59)
[M::mem_pestat] low and high boundaries for proper pairs: (1, 1878)
[M::mem_pestat] analyzing insert size distribution for orientation RR...
[M::mem_pestat] (25, 50, 75) percentile: (87, 111, 167)
[M::mem_pestat] low and high boundaries for computing mean and std.dev: (1, 327)
[M::mem_pestat] mean and std.dev: (118.43, 53.54)
[M::mem_pestat] low and high boundaries for proper pairs: (1, 407)
[M::mem_pestat] skip orientation FF
[M::mem_pestat] skip orientation RF
[M::mem_pestat] skip orientation RR
[M::mem_process_seqs] Processed 1699628 reads in 1993.357 CPU sec, 85.678 real sec
