[M::bwa_idx_load_from_disk] read 0 ALT contigs
[M::process] read 1726108 sequences (240000284 bp)...
[M::process] read 1723260 sequences (240000234 bp)...
[M::mem_pestat] # candidate unique pairs for (FF, FR, RF, RR): (1120, 579444, 52, 1140)
[M::mem_pestat] analyzing insert size distribution for orientation FF...
[M::mem_pestat] (25, 50, 75) percentile: (99, 139, 254)
[M::mem_pestat] low and high boundaries for computing mean and std.dev: (1, 564)
[M::mem_pestat] mean and std.dev: (166.00, 106.39)
[M::mem_pestat] low and high boundaries for proper pairs: (1, 719)
[M::mem_pestat] analyzing insert size distribution for orientation FR...
[M::mem_pestat] (25, 50, 75) percentile: (132, 161, 191)
[M::mem_pestat] low and high boundaries for computing mean and std.dev: (14, 309)
[M::mem_pestat] mean and std.dev: (162.45, 43.86)
[M::mem_pestat] low and high boundaries for proper pairs: (1, 368)
[M::mem_pestat] analyzing insert size distribution for orientation RF...
[M::mem_pestat] (25, 50, 75) percentile: (67, 177, 514)
[M::mem_pestat] low and high boundaries for computing mean and std.dev: (1, 1408)
[M::mem_pestat] mean and std.dev: (267.38, 316.30)
[M::mem_pestat] low and high boundaries for proper pairs: (1, 1855)
[M::mem_pestat] analyzing insert size distribution for orientation RR...
[M::mem_pestat] (25, 50, 75) percentile: (97, 133, 263)
[M::mem_pestat] low and high boundaries for computing mean and std.dev: (1, 595)
[M::mem_pestat] mean and std.dev: (168.21, 113.89)
[M::mem_pestat] low and high boundaries for proper pairs: (1, 761)
[M::mem_pestat] skip orientation FF
[M::mem_pestat] skip orientation RF
[M::mem_pestat] skip orientation RR
[M::mem_process_seqs] Processed 1726108 reads in 1761.393 CPU sec, 74.437 real sec
[M::process] read 1721864 sequences (240000288 bp)...
[M::mem_pestat] # candidate unique pairs for (FF, FR, RF, RR): (1189, 579147, 41, 1226)
[M::mem_pestat] analyzing insert size distribution for orientation FF...
[M::mem_pestat] (25, 50, 75) percentile: (95, 128, 238)
[M::mem_pestat] low and high boundaries for computing mean and std.dev: (1, 524)
[M::mem_pestat] mean and std.dev: (152.93, 94.05)
[M::mem_pestat] low and high boundaries for proper pairs: (1, 667)
[M::mem_pestat] analyzing insert size distribution for orientation FR...
[M::mem_pestat] (25, 50, 75) percentile: (132, 161, 191)
[M::mem_pestat] low and high boundaries for computing mean and std.dev: (14, 309)
[M::mem_pestat] mean and std.dev: (162.50, 43.71)
[M::mem_pestat] low and high boundaries for proper pairs: (1, 368)
[M::mem_pestat] analyzing insert size distribution for orientation RF...
[M::mem_pestat] (25, 50, 75) percentile: (101, 270, 824)
[M::mem_pestat] low and high boundaries for computing mean and std.dev: (1, 2270)
[M::mem_pestat] mean and std.dev: (367.03, 386.83)
[M::mem_pestat] low and high boundaries for proper pairs: (1, 2993)
[M::mem_pestat] analyzing insert size distribution for orientation RR...
[M::mem_pestat] (25, 50, 75) percentile: (97, 135, 256)
[M::mem_pestat] low and high boundaries for computing mean and std.dev: (1, 574)
[M::mem_pestat] mean and std.dev: (167.30, 112.48)
[M::mem_pestat] low and high boundaries for proper pairs: (1, 733)
[M::mem_pestat] skip orientation FF
[M::mem_pestat] skip orientation RF
[M::mem_pestat] skip orientation RR
[M::mem_process_seqs] Processed 1723260 reads in 1771.167 CPU sec, 75.967 real sec
[M::process] read 1718018 sequences (240000205 bp)...
[M::mem_pestat] # candidate unique pairs for (FF, FR, RF, RR): (1106, 579356, 59, 1129)
[M::mem_pestat] analyzing insert size distribution for orientation FF...
[M::mem_pestat] (25, 50, 75) percentile: (95, 138, 260)
[M::mem_pestat] low and high boundaries for computing mean and std.dev: (1, 590)
[M::mem_pestat] mean and std.dev: (165.94, 110.77)
[M::mem_pestat] low and high boundaries for proper pairs: (1, 755)
[M::mem_pestat] analyzing insert size distribution for orientation FR...
[M::mem_pestat] (25, 50, 75) percentile: (133, 161, 191)
[M::mem_pestat] low and high boundaries for computing mean and std.dev: (17, 307)
[M::mem_pestat] mean and std.dev: (162.60, 43.56)
[M::mem_pestat] low and high boundaries for proper pairs: (1, 365)
[M::mem_pestat] analyzing insert size distribution for orientation RF...
[M::mem_pestat] (25, 50, 75) percentile: (84, 245, 1144)
[M::mem_pestat] low and high boundaries for computing mean and std.dev: (1, 3264)
[M::mem_pestat] mean and std.dev: (471.51, 657.73)
[M::mem_pestat] low and high boundaries for proper pairs: (1, 4324)
[M::mem_pestat] analyzing insert size distribution for orientation RR...
[M::mem_pestat] (25, 50, 75) percentile: (101, 137, 251)
[M::mem_pestat] low and high boundaries for computing mean and std.dev: (1, 551)
[M::mem_pestat] mean and std.dev: (165.47, 104.15)
[M::mem_pestat] low and high boundaries for proper pairs: (1, 701)
[M::mem_pestat] skip orientation FF
[M::mem_pestat] skip orientation RF
[M::mem_pestat] skip orientation RR
[M::mem_process_seqs] Processed 1721864 reads in 1761.144 CPU sec, 75.967 real sec
[M::mem_pestat] # candidate unique pairs for (FF, FR, RF, RR): (1172, 576982, 42, 1167)
[M::mem_pestat] analyzing insert size distribution for orientation FF...
[M::mem_pestat] (25, 50, 75) percentile: (94, 136, 263)
[M::mem_pestat] low and high boundaries for computing mean and std.dev: (1, 601)
[M::mem_pestat] mean and std.dev: (168.51, 113.25)
[M::mem_pestat] low and high boundaries for proper pairs: (1, 770)
[M::mem_pestat] analyzing insert size distribution for orientation FR...
[M::mem_pestat] (25, 50, 75) percentile: (133, 161, 192)
[M::mem_pestat] low and high boundaries for computing mean and std.dev: (15, 310)
[M::mem_pestat] mean and std.dev: (163.23, 43.59)
[M::mem_pestat] low and high boundaries for proper pairs: (1, 369)
[M::mem_pestat] analyzing insert size distribution for orientation RF...
[M::mem_pestat] (25, 50, 75) percentile: (132, 458, 844)
[M::mem_pestat] low and high boundaries for computing mean and std.dev: (1, 2268)
[M::mem_pestat] mean and std.dev: (495.57, 517.25)
[M::mem_pestat] low and high boundaries for proper pairs: (1, 2980)
[M::mem_pestat] analyzing insert size distribution for orientation RR...
[M::mem_pestat] (25, 50, 75) percentile: (97, 135, 247)
[M::mem_pestat] low and high boundaries for computing mean and std.dev: (1, 547)
[M::mem_pestat] mean and std.dev: (164.77, 106.05)
[M::mem_pestat] low and high boundaries for proper pairs: (1, 697)
[M::mem_pestat] skip orientation FF
[M::mem_pestat] skip orientation RF
[M::mem_pestat] skip orientation RR
[M::process] read 1719492 sequences (240000120 bp)...
[M::mem_process_seqs] Processed 1718018 reads in 1766.204 CPU sec, 76.101 real sec
[M::mem_pestat] # candidate unique pairs for (FF, FR, RF, RR): (1135, 577458, 47, 1160)
[M::mem_pestat] analyzing insert size distribution for orientation FF...
[M::mem_pestat] (25, 50, 75) percentile: (97, 133, 242)
[M::mem_pestat] low and high boundaries for computing mean and std.dev: (1, 532)
[M::mem_pestat] mean and std.dev: (163.49, 103.68)
[M::mem_pestat] low and high boundaries for proper pairs: (1, 677)
[M::mem_pestat] analyzing insert size distribution for orientation FR...
[M::mem_pestat] (25, 50, 75) percentile: (133, 161, 192)
[M::mem_pestat] low and high boundaries for computing mean and std.dev: (15, 310)
[M::mem_pestat] mean and std.dev: (162.99, 43.71)
[M::mem_pestat] low and high boundaries for proper pairs: (1, 369)
[M::mem_pestat] analyzing insert size distribution for orientation RF...
[M::mem_pestat] (25, 50, 75) percentile: (52, 164, 400)
[M::mem_pestat] low and high boundaries for computing mean and std.dev: (1, 1096)
[M::mem_pestat] mean and std.dev: (181.90, 194.48)
[M::mem_pestat] low and high boundaries for proper pairs: (1, 1444)
[M::mem_pestat] analyzing insert size distribution for orientation RR...
[M::mem_pestat] (25, 50, 75) percentile: (94, 135, 243)
[M::mem_pestat] low and high boundaries for computing mean and std.dev: (1, 541)
[M::mem_pestat] mean and std.dev: (162.37, 106.60)
[M::mem_pestat] low and high boundaries for proper pairs: (1, 690)
[M::mem_pestat] skip orientation FF
[M::mem_pestat] skip orientation RF
[M::mem_pestat] skip orientation RR
[M::process] read 1720148 sequences (240000034 bp)...
[M::mem_process_seqs] Processed 1719492 reads in 1764.088 CPU sec, 76.047 real sec
[M::process] read 1716552 sequences (240000134 bp)...
[M::mem_pestat] # candidate unique pairs for (FF, FR, RF, RR): (1173, 577607, 46, 1211)
[M::mem_pestat] analyzing insert size distribution for orientation FF...
[M::mem_pestat] (25, 50, 75) percentile: (97, 139, 266)
[M::mem_pestat] low and high boundaries for computing mean and std.dev: (1, 604)
[M::mem_pestat] mean and std.dev: (173.48, 117.84)
[M::mem_pestat] low and high boundaries for proper pairs: (1, 773)
[M::mem_pestat] analyzing insert size distribution for orientation FR...
[M::mem_pestat] (25, 50, 75) percentile: (133, 161, 192)
[M::mem_pestat] low and high boundaries for computing mean and std.dev: (15, 310)
[M::mem_pestat] mean and std.dev: (163.00, 43.81)
[M::mem_pestat] low and high boundaries for proper pairs: (1, 369)
[M::mem_pestat] analyzing insert size distribution for orientation RF...
[M::mem_pestat] (25, 50, 75) percentile: (109, 242, 666)
[M::mem_pestat] low and high boundaries for computing mean and std.dev: (1, 1780)
[M::mem_pestat] mean and std.dev: (285.13, 258.93)
[M::mem_pestat] low and high boundaries for proper pairs: (1, 2337)
[M::mem_pestat] analyzing insert size distribution for orientation RR...
[M::mem_pestat] (25, 50, 75) percentile: (95, 136, 263)
[M::mem_pestat] low and high boundaries for computing mean and std.dev: (1, 599)
[M::mem_pestat] mean and std.dev: (169.79, 114.75)
[M::mem_pestat] low and high boundaries for proper pairs: (1, 767)
[M::mem_pestat] skip orientation FF
[M::mem_pestat] skip orientation RF
[M::mem_pestat] skip orientation RR
[M::mem_process_seqs] Processed 1720148 reads in 1766.618 CPU sec, 76.294 real sec
[M::process] read 1714334 sequences (240000119 bp)...
[M::mem_pestat] # candidate unique pairs for (FF, FR, RF, RR): (1153, 577401, 49, 1159)
[M::mem_pestat] analyzing insert size distribution for orientation FF...
[M::mem_pestat] (25, 50, 75) percentile: (98, 136, 260)
[M::mem_pestat] low and high boundaries for computing mean and std.dev: (1, 584)
[M::mem_pestat] mean and std.dev: (169.68, 112.35)
[M::mem_pestat] low and high boundaries for proper pairs: (1, 746)
[M::mem_pestat] analyzing insert size distribution for orientation FR...
[M::mem_pestat] (25, 50, 75) percentile: (133, 161, 192)
[M::mem_pestat] low and high boundaries for computing mean and std.dev: (15, 310)
[M::mem_pestat] mean and std.dev: (163.23, 43.66)
[M::mem_pestat] low and high boundaries for proper pairs: (1, 369)
[M::mem_pestat] analyzing insert size distribution for orientation RF...
[M::mem_pestat] (25, 50, 75) percentile: (111, 195, 642)
[M::mem_pestat] low and high boundaries for computing mean and std.dev: (1, 1704)
[M::mem_pestat] mean and std.dev: (306.20, 306.22)
[M::mem_pestat] low and high boundaries for proper pairs: (1, 2235)
[M::mem_pestat] analyzing insert size distribution for orientation RR...
[M::mem_pestat] (25, 50, 75) percentile: (96, 137, 263)
[M::mem_pestat] low and high boundaries for computing mean and std.dev: (1, 597)
[M::mem_pestat] mean and std.dev: (167.04, 112.64)
[M::mem_pestat] low and high boundaries for proper pairs: (1, 764)
[M::mem_pestat] skip orientation FF
[M::mem_pestat] skip orientation RF
[M::mem_pestat] skip orientation RR
[M::mem_process_seqs] Processed 1716552 reads in 1759.821 CPU sec, 76.015 real sec
[M::process] read 1714576 sequences (240000004 bp)...
[M::mem_pestat] # candidate unique pairs for (FF, FR, RF, RR): (1166, 577115, 51, 1178)
[M::mem_pestat] analyzing insert size distribution for orientation FF...
[M::mem_pestat] (25, 50, 75) percentile: (94, 130, 240)
[M::mem_pestat] low and high boundaries for computing mean and std.dev: (1, 532)
[M::mem_pestat] mean and std.dev: (156.94, 99.30)
[M::mem_pestat] low and high boundaries for proper pairs: (1, 678)
[M::mem_pestat] analyzing insert size distribution for orientation FR...
[M::mem_pestat] (25, 50, 75) percentile: (133, 162, 192)
[M::mem_pestat] low and high boundaries for computing mean and std.dev: (15, 310)
[M::mem_pestat] mean and std.dev: (163.49, 43.50)
[M::mem_pestat] low and high boundaries for proper pairs: (1, 369)
[M::mem_pestat] analyzing insert size distribution for orientation RF...
[M::mem_pestat] (25, 50, 75) percentile: (60, 195, 627)
[M::mem_pestat] low and high boundaries for computing mean and std.dev: (1, 1761)
[M::mem_pestat] mean and std.dev: (293.39, 355.51)
[M::mem_pestat] low and high boundaries for proper pairs: (1, 2328)
[M::mem_pestat] analyzing insert size distribution for orientation RR...
[M::mem_pestat] (25, 50, 75) percentile: (97, 138, 267)
[M::mem_pestat] low and high boundaries for computing mean and std.dev: (1, 607)
[M::mem_pestat] mean and std.dev: (168.36, 110.87)
[M::mem_pestat] low and high boundaries for proper pairs: (1, 777)
[M::mem_pestat] skip orientation FF
[M::mem_pestat] skip orientation RF
[M::mem_pestat] skip orientation RR
[M::mem_process_seqs] Processed 1714334 reads in 1760.186 CPU sec, 75.915 real sec
[M::process] read 1716400 sequences (240000230 bp)...
[M::mem_pestat] # candidate unique pairs for (FF, FR, RF, RR): (1174, 576529, 50, 1186)
[M::mem_pestat] analyzing insert size distribution for orientation FF...
[M::mem_pestat] (25, 50, 75) percentile: (97, 131, 253)
[M::mem_pestat] low and high boundaries for computing mean and std.dev: (1, 565)
[M::mem_pestat] mean and std.dev: (164.54, 106.66)
[M::mem_pestat] low and high boundaries for proper pairs: (1, 721)
[M::mem_pestat] analyzing insert size distribution for orientation FR...
[M::mem_pestat] (25, 50, 75) percentile: (133, 162, 192)
[M::mem_pestat] low and high boundaries for computing mean and std.dev: (15, 310)
[M::mem_pestat] mean and std.dev: (163.48, 43.59)
[M::mem_pestat] low and high boundaries for proper pairs: (1, 369)
[M::mem_pestat] analyzing insert size distribution for orientation RF...
[M::mem_pestat] (25, 50, 75) percentile: (64, 202, 1134)
[M::mem_pestat] low and high boundaries for computing mean and std.dev: (1, 3274)
[M::mem_pestat] mean and std.dev: (286.27, 479.11)
[M::mem_pestat] low and high boundaries for proper pairs: (1, 4344)
[M::mem_pestat] analyzing insert size distribution for orientation RR...
[M::mem_pestat] (25, 50, 75) percentile: (97, 137, 271)
[M::mem_pestat] low and high boundaries for computing mean and std.dev: (1, 619)
[M::mem_pestat] mean and std.dev: (171.82, 117.09)
[M::mem_pestat] low and high boundaries for proper pairs: (1, 793)
[M::mem_pestat] skip orientation FF
[M::mem_pestat] skip orientation RF
[M::mem_pestat] skip orientation RR
[M::mem_process_seqs] Processed 1714576 reads in 1759.621 CPU sec, 75.465 real sec
[M::mem_pestat] # candidate unique pairs for (FF, FR, RF, RR): (1230, 576783, 50, 1184)
[M::mem_pestat] analyzing insert size distribution for orientation FF...
[M::mem_pestat] (25, 50, 75) percentile: (97, 137, 244)
[M::mem_pestat] low and high boundaries for computing mean and std.dev: (1, 538)
[M::mem_pestat] mean and std.dev: (161.61, 101.55)
[M::mem_pestat] low and high boundaries for proper pairs: (1, 685)
[M::mem_pestat] analyzing insert size distribution for orientation FR...
[M::mem_pestat] (25, 50, 75) percentile: (133, 162, 192)
[M::mem_pestat] low and high boundaries for computing mean and std.dev: (15, 310)
[M::mem_pestat] mean and std.dev: (163.81, 43.49)
[M::mem_pestat] low and high boundaries for proper pairs: (1, 369)
[M::mem_pestat] analyzing insert size distribution for orientation RF...
[M::mem_pestat] (25, 50, 75) percentile: (48, 218, 791)
[M::mem_pestat] low and high boundaries for computing mean and std.dev: (1, 2277)
[M::mem_pestat] mean and std.dev: (259.60, 327.78)
[M::mem_pestat] low and high boundaries for proper pairs: (1, 3020)
[M::mem_pestat] analyzing insert size distribution for orientation RR...
[M::mem_pestat] (25, 50, 75) percentile: (98, 138, 253)
[M::mem_pestat] low and high boundaries for computing mean and std.dev: (1, 563)
[M::mem_pestat] mean and std.dev: (162.83, 100.84)
[M::mem_pestat] low and high boundaries for proper pairs: (1, 718)
[M::mem_pestat] skip orientation FF
[M::mem_pestat] skip orientation RF
[M::mem_pestat] skip orientation RR
[M::process] read 1710700 sequences (240000144 bp)...
[M::mem_process_seqs] Processed 1716400 reads in 1765.713 CPU sec, 75.921 real sec
[M::process] read 1709514 sequences (240000110 bp)...
[M::mem_pestat] # candidate unique pairs for (FF, FR, RF, RR): (1172, 575106, 46, 1233)
[M::mem_pestat] analyzing insert size distribution for orientation FF...
[M::mem_pestat] (25, 50, 75) percentile: (96, 137, 267)
[M::mem_pestat] low and high boundaries for computing mean and std.dev: (1, 609)
[M::mem_pestat] mean and std.dev: (171.52, 118.67)
[M::mem_pestat] low and high boundaries for proper pairs: (1, 780)
[M::mem_pestat] analyzing insert size distribution for orientation FR...
[M::mem_pestat] (25, 50, 75) percentile: (134, 162, 192)
[M::mem_pestat] low and high boundaries for computing mean and std.dev: (18, 308)
[M::mem_pestat] mean and std.dev: (163.70, 43.08)
[M::mem_pestat] low and high boundaries for proper pairs: (1, 366)
[M::mem_pestat] analyzing insert size distribution for orientation RF...
[M::mem_pestat] (25, 50, 75) percentile: (71, 253, 766)
[M::mem_pestat] low and high boundaries for computing mean and std.dev: (1, 2156)
[M::mem_pestat] mean and std.dev: (358.76, 395.45)
[M::mem_pestat] low and high boundaries for proper pairs: (1, 2851)
[M::mem_pestat] analyzing insert size distribution for orientation RR...
[M::mem_pestat] (25, 50, 75) percentile: (97, 133, 257)
[M::mem_pestat] low and high boundaries for computing mean and std.dev: (1, 577)
[M::mem_pestat] mean and std.dev: (165.24, 109.34)
[M::mem_pestat] low and high boundaries for proper pairs: (1, 737)
[M::mem_pestat] skip orientation FF
[M::mem_pestat] skip orientation RF
[M::mem_pestat] skip orientation RR
[M::mem_process_seqs] Processed 1710700 reads in 1764.062 CPU sec, 76.155 real sec
[M::process] read 1708496 sequences (240000241 bp)...
[M::mem_pestat] # candidate unique pairs for (FF, FR, RF, RR): (1194, 575389, 52, 1164)
[M::mem_pestat] analyzing insert size distribution for orientation FF...
[M::mem_pestat] (25, 50, 75) percentile: (95, 135, 240)
[M::mem_pestat] low and high boundaries for computing mean and std.dev: (1, 530)
[M::mem_pestat] mean and std.dev: (160.42, 102.24)
[M::mem_pestat] low and high boundaries for proper pairs: (1, 675)
[M::mem_pestat] analyzing insert size distribution for orientation FR...
[M::mem_pestat] (25, 50, 75) percentile: (133, 162, 192)
[M::mem_pestat] low and high boundaries for computing mean and std.dev: (15, 310)
[M::mem_pestat] mean and std.dev: (163.73, 43.08)
[M::mem_pestat] low and high boundaries for proper pairs: (1, 369)
[M::mem_pestat] analyzing insert size distribution for orientation RF...
[M::mem_pestat] (25, 50, 75) percentile: (49, 151, 462)
[M::mem_pestat] low and high boundaries for computing mean and std.dev: (1, 1288)
[M::mem_pestat] mean and std.dev: (222.42, 273.70)
[M::mem_pestat] low and high boundaries for proper pairs: (1, 1701)
[M::mem_pestat] analyzing insert size distribution for orientation RR...
[M::mem_pestat] (25, 50, 75) percentile: (96, 144, 246)
[M::mem_pestat] low and high boundaries for computing mean and std.dev: (1, 546)
[M::mem_pestat] mean and std.dev: (166.10, 103.06)
[M::mem_pestat] low and high boundaries for proper pairs: (1, 696)
[M::mem_pestat] skip orientation FF
[M::mem_pestat] skip orientation RF
[M::mem_pestat] skip orientation RR
[M::mem_process_seqs] Processed 1709514 reads in 1761.691 CPU sec, 75.961 real sec
[M::process] read 1705858 sequences (240000031 bp)...
[M::mem_pestat] # candidate unique pairs for (FF, FR, RF, RR): (1110, 575523, 65, 1146)
[M::mem_pestat] analyzing insert size distribution for orientation FF...
[M::mem_pestat] (25, 50, 75) percentile: (95, 133, 244)
[M::mem_pestat] low and high boundaries for computing mean and std.dev: (1, 542)
[M::mem_pestat] mean and std.dev: (159.04, 98.90)
[M::mem_pestat] low and high boundaries for proper pairs: (1, 691)
[M::mem_pestat] analyzing insert size distribution for orientation FR...
[M::mem_pestat] (25, 50, 75) percentile: (134, 162, 192)
[M::mem_pestat] low and high boundaries for computing mean and std.dev: (18, 308)
[M::mem_pestat] mean and std.dev: (163.86, 43.00)
[M::mem_pestat] low and high boundaries for proper pairs: (1, 366)
[M::mem_pestat] analyzing insert size distribution for orientation RF...
[M::mem_pestat] (25, 50, 75) percentile: (83, 221, 719)
[M::mem_pestat] low and high boundaries for computing mean and std.dev: (1, 1991)
[M::mem_pestat] mean and std.dev: (320.39, 354.24)
[M::mem_pestat] low and high boundaries for proper pairs: (1, 2627)
[M::mem_pestat] analyzing insert size distribution for orientation RR...
[M::mem_pestat] (25, 50, 75) percentile: (99, 141, 268)
[M::mem_pestat] low and high boundaries for computing mean and std.dev: (1, 606)
[M::mem_pestat] mean and std.dev: (174.34, 118.31)
[M::mem_pestat] low and high boundaries for proper pairs: (1, 775)
[M::mem_pestat] skip orientation FF
[M::mem_pestat] skip orientation RF
[M::mem_pestat] skip orientation RR
