[M::bwa_idx_load_from_disk] read 0 ALT contigs
[M::process] read 1862280 sequences (240000125 bp)...
[M::process] read 1857974 sequences (240000024 bp)...
[M::mem_pestat] # candidate unique pairs for (FF, FR, RF, RR): (80, 541840, 55, 73)
[M::mem_pestat] analyzing insert size distribution for orientation FF...
[M::mem_pestat] (25, 50, 75) percentile: (69, 104, 154)
[M::mem_pestat] low and high boundaries for computing mean and std.dev: (1, 324)
[M::mem_pestat] mean and std.dev: (95.25, 42.01)
[M::mem_pestat] low and high boundaries for proper pairs: (1, 409)
[M::mem_pestat] analyzing insert size distribution for orientation FR...
[M::mem_pestat] (25, 50, 75) percentile: (108, 132, 159)
[M::mem_pestat] low and high boundaries for computing mean and std.dev: (6, 261)
[M::mem_pestat] mean and std.dev: (135.08, 37.32)
[M::mem_pestat] low and high boundaries for proper pairs: (1, 312)
[M::mem_pestat] analyzing insert size distribution for orientation RF...
[M::mem_pestat] (25, 50, 75) percentile: (59, 117, 364)
[M::mem_pestat] low and high boundaries for computing mean and std.dev: (1, 974)
[M::mem_pestat] mean and std.dev: (184.27, 200.77)
[M::mem_pestat] low and high boundaries for proper pairs: (1, 1279)
[M::mem_pestat] analyzing insert size distribution for orientation RR...
[M::mem_pestat] (25, 50, 75) percentile: (65, 79, 108)
[M::mem_pestat] low and high boundaries for computing mean and std.dev: (1, 194)
[M::mem_pestat] mean and std.dev: (81.01, 34.31)
[M::mem_pestat] low and high boundaries for proper pairs: (1, 237)
[M::mem_pestat] skip orientation FF
[M::mem_pestat] skip orientation RF
[M::mem_pestat] skip orientation RR
[M::mem_process_seqs] Processed 1862280 reads in 2339.165 CPU sec, 98.735 real sec
[M::process] read 1855110 sequences (240000201 bp)...
[M::mem_pestat] # candidate unique pairs for (FF, FR, RF, RR): (68, 541445, 44, 69)
[M::mem_pestat] analyzing insert size distribution for orientation FF...
[M::mem_pestat] (25, 50, 75) percentile: (75, 96, 145)
[M::mem_pestat] low and high boundaries for computing mean and std.dev: (1, 285)
[M::mem_pestat] mean and std.dev: (103.73, 49.95)
[M::mem_pestat] low and high boundaries for proper pairs: (1, 355)
[M::mem_pestat] analyzing insert size distribution for orientation FR...
[M::mem_pestat] (25, 50, 75) percentile: (109, 132, 159)
[M::mem_pestat] low and high boundaries for computing mean and std.dev: (9, 259)
[M::mem_pestat] mean and std.dev: (135.31, 37.19)
[M::mem_pestat] low and high boundaries for proper pairs: (1, 309)
[M::mem_pestat] analyzing insert size distribution for orientation RF...
[M::mem_pestat] (25, 50, 75) percentile: (70, 181, 373)
[M::mem_pestat] low and high boundaries for computing mean and std.dev: (1, 979)
[M::mem_pestat] mean and std.dev: (177.38, 155.28)
[M::mem_pestat] low and high boundaries for proper pairs: (1, 1282)
[M::mem_pestat] analyzing insert size distribution for orientation RR...
[M::mem_pestat] (25, 50, 75) percentile: (61, 93, 132)
[M::mem_pestat] low and high boundaries for computing mean and std.dev: (1, 274)
[M::mem_pestat] mean and std.dev: (91.92, 45.31)
[M::mem_pestat] low and high boundaries for proper pairs: (1, 345)
[M::mem_pestat] skip orientation FF
[M::mem_pestat] skip orientation RF
[M::mem_pestat] skip orientation RR
[M::mem_process_seqs] Processed 1857974 reads in 2381.659 CPU sec, 101.633 real sec
[M::process] read 1852716 sequences (240000160 bp)...
[M::mem_pestat] # candidate unique pairs for (FF, FR, RF, RR): (68, 541205, 39, 69)
[M::mem_pestat] analyzing insert size distribution for orientation FF...
[M::mem_pestat] (25, 50, 75) percentile: (73, 91, 130)
[M::mem_pestat] low and high boundaries for computing mean and std.dev: (1, 244)
[M::mem_pestat] mean and std.dev: (94.62, 39.31)
[M::mem_pestat] low and high boundaries for proper pairs: (1, 301)
[M::mem_pestat] analyzing insert size distribution for orientation FR...
[M::mem_pestat] (25, 50, 75) percentile: (109, 132, 159)
[M::mem_pestat] low and high boundaries for computing mean and std.dev: (9, 259)
[M::mem_pestat] mean and std.dev: (135.51, 37.27)
[M::mem_pestat] low and high boundaries for proper pairs: (1, 309)
[M::mem_pestat] analyzing insert size distribution for orientation RF...
[M::mem_pestat] (25, 50, 75) percentile: (80, 168, 321)
[M::mem_pestat] low and high boundaries for computing mean and std.dev: (1, 803)
[M::mem_pestat] mean and std.dev: (195.62, 150.80)
[M::mem_pestat] low and high boundaries for proper pairs: (1, 1044)
[M::mem_pestat] analyzing insert size distribution for orientation RR...
[M::mem_pestat] (25, 50, 75) percentile: (67, 90, 120)
[M::mem_pestat] low and high boundaries for computing mean and std.dev: (1, 226)
[M::mem_pestat] mean and std.dev: (89.44, 32.53)
[M::mem_pestat] low and high boundaries for proper pairs: (1, 279)
[M::mem_pestat] skip orientation FF
[M::mem_pestat] skip orientation RF
[M::mem_pestat] skip orientation RR
[M::mem_process_seqs] Processed 1855110 reads in 2382.045 CPU sec, 102.197 real sec
[M::process] read 1848542 sequences (240000075 bp)...
[M::mem_pestat] # candidate unique pairs for (FF, FR, RF, RR): (50, 540218, 35, 82)
[M::mem_pestat] analyzing insert size distribution for orientation FF...
[M::mem_pestat] (25, 50, 75) percentile: (67, 86, 119)
[M::mem_pestat] low and high boundaries for computing mean and std.dev: (1, 223)
[M::mem_pestat] mean and std.dev: (89.87, 36.66)
[M::mem_pestat] low and high boundaries for proper pairs: (1, 275)
[M::mem_pestat] analyzing insert size distribution for orientation FR...
[M::mem_pestat] (25, 50, 75) percentile: (109, 132, 160)
[M::mem_pestat] low and high boundaries for computing mean and std.dev: (7, 262)
[M::mem_pestat] mean and std.dev: (135.78, 37.39)
[M::mem_pestat] low and high boundaries for proper pairs: (1, 313)
[M::mem_pestat] analyzing insert size distribution for orientation RF...
[M::mem_pestat] (25, 50, 75) percentile: (93, 123, 233)
[M::mem_pestat] low and high boundaries for computing mean and std.dev: (1, 513)
[M::mem_pestat] mean and std.dev: (143.72, 105.33)
[M::mem_pestat] low and high boundaries for proper pairs: (1, 653)
[M::mem_pestat] analyzing insert size distribution for orientation RR...
[M::mem_pestat] (25, 50, 75) percentile: (63, 92, 134)
[M::mem_pestat] low and high boundaries for computing mean and std.dev: (1, 276)
[M::mem_pestat] mean and std.dev: (97.78, 43.66)
[M::mem_pestat] low and high boundaries for proper pairs: (1, 347)
[M::mem_pestat] skip orientation FF
[M::mem_pestat] skip orientation RF
[M::mem_pestat] skip orientation RR
[M::mem_process_seqs] Processed 1852716 reads in 2386.633 CPU sec, 102.189 real sec
[M::process] read 1848474 sequences (240000194 bp)...
[M::mem_pestat] # candidate unique pairs for (FF, FR, RF, RR): (69, 539671, 34, 70)
[M::mem_pestat] analyzing insert size distribution for orientation FF...
[M::mem_pestat] (25, 50, 75) percentile: (66, 91, 136)
[M::mem_pestat] low and high boundaries for computing mean and std.dev: (1, 276)
[M::mem_pestat] mean and std.dev: (99.52, 50.10)
[M::mem_pestat] low and high boundaries for proper pairs: (1, 346)
[M::mem_pestat] analyzing insert size distribution for orientation FR...
[M::mem_pestat] (25, 50, 75) percentile: (109, 132, 160)
[M::mem_pestat] low and high boundaries for computing mean and std.dev: (7, 262)
[M::mem_pestat] mean and std.dev: (135.93, 37.32)
[M::mem_pestat] low and high boundaries for proper pairs: (1, 313)
[M::mem_pestat] analyzing insert size distribution for orientation RF...
[M::mem_pestat] (25, 50, 75) percentile: (101, 178, 259)
[M::mem_pestat] low and high boundaries for computing mean and std.dev: (1, 575)
[M::mem_pestat] mean and std.dev: (179.56, 124.73)
[M::mem_pestat] low and high boundaries for proper pairs: (1, 733)
[M::mem_pestat] analyzing insert size distribution for orientation RR...
[M::mem_pestat] (25, 50, 75) percentile: (57, 78, 119)
[M::mem_pestat] low and high boundaries for computing mean and std.dev: (1, 243)
[M::mem_pestat] mean and std.dev: (80.13, 34.60)
[M::mem_pestat] low and high boundaries for proper pairs: (1, 305)
[M::mem_pestat] skip orientation FF
[M::mem_pestat] skip orientation RF
[M::mem_pestat] skip orientation RR
[M::mem_process_seqs] Processed 1848542 reads in 2384.450 CPU sec, 102.111 real sec
[M::process] read 1844992 sequences (240000095 bp)...
[M::mem_pestat] # candidate unique pairs for (FF, FR, RF, RR): (67, 539119, 52, 89)
[M::mem_pestat] analyzing insert size distribution for orientation FF...
[M::mem_pestat] (25, 50, 75) percentile: (76, 93, 135)
[M::mem_pestat] low and high boundaries for computing mean and std.dev: (1, 253)
[M::mem_pestat] mean and std.dev: (101.18, 43.13)
[M::mem_pestat] low and high boundaries for proper pairs: (1, 312)
[M::mem_pestat] analyzing insert size distribution for orientation FR...
[M::mem_pestat] (25, 50, 75) percentile: (109, 133, 160)
[M::mem_pestat] low and high boundaries for computing mean and std.dev: (7, 262)
[M::mem_pestat] mean and std.dev: (136.14, 37.29)
[M::mem_pestat] low and high boundaries for proper pairs: (1, 313)
[M::mem_pestat] analyzing insert size distribution for orientation RF...
[M::mem_pestat] (25, 50, 75) percentile: (54, 190, 510)
[M::mem_pestat] low and high boundaries for computing mean and std.dev: (1, 1422)
[M::mem_pestat] mean and std.dev: (183.19, 175.15)
[M::mem_pestat] low and high boundaries for proper pairs: (1, 1878)
[M::mem_pestat] analyzing insert size distribution for orientation RR...
[M::mem_pestat] (25, 50, 75) percentile: (60, 88, 118)
[M::mem_pestat] low and high boundaries for computing mean and std.dev: (1, 234)
[M::mem_pestat] mean and std.dev: (88.84, 42.18)
[M::mem_pestat] low and high boundaries for proper pairs: (1, 292)
[M::mem_pestat] skip orientation FF
[M::mem_pestat] skip orientation RF
[M::mem_pestat] skip orientation RR
[M::mem_process_seqs] Processed 1848474 reads in 2384.083 CPU sec, 102.072 real sec
[M::process] read 1839590 sequences (240000089 bp)...
[M::mem_pestat] # candidate unique pairs for (FF, FR, RF, RR): (61, 539258, 37, 85)
[M::mem_pestat] analyzing insert size distribution for orientation FF...
[M::mem_pestat] (25, 50, 75) percentile: (68, 99, 144)
[M::mem_pestat] low and high boundaries for computing mean and std.dev: (1, 296)
[M::mem_pestat] mean and std.dev: (98.32, 46.40)
[M::mem_pestat] low and high boundaries for proper pairs: (1, 372)
[M::mem_pestat] analyzing insert size distribution for orientation FR...
[M::mem_pestat] (25, 50, 75) percentile: (109, 132, 160)
[M::mem_pestat] low and high boundaries for computing mean and std.dev: (7, 262)
[M::mem_pestat] mean and std.dev: (136.01, 37.05)
[M::mem_pestat] low and high boundaries for proper pairs: (1, 313)
[M::mem_pestat] analyzing insert size distribution for orientation RF...
[M::mem_pestat] (25, 50, 75) percentile: (50, 92, 270)
[M::mem_pestat] low and high boundaries for computing mean and std.dev: (1, 710)
[M::mem_pestat] mean and std.dev: (128.66, 131.59)
[M::mem_pestat] low and high boundaries for proper pairs: (1, 930)
[M::mem_pestat] analyzing insert size distribution for orientation RR...
[M::mem_pestat] (25, 50, 75) percentile: (62, 82, 130)
[M::mem_pestat] low and high boundaries for computing mean and std.dev: (1, 266)
[M::mem_pestat] mean and std.dev: (88.33, 43.11)
[M::mem_pestat] low and high boundaries for proper pairs: (1, 334)
[M::mem_pestat] skip orientation FF
[M::mem_pestat] skip orientation RF
[M::mem_pestat] skip orientation RR
[M::mem_process_seqs] Processed 1844992 reads in 2372.182 CPU sec, 101.590 real sec
[M::process] read 1844734 sequences (240000050 bp)...
[M::mem_pestat] # candidate unique pairs for (FF, FR, RF, RR): (65, 537342, 36, 58)
[M::mem_pestat] analyzing insert size distribution for orientation FF...
[M::mem_pestat] (25, 50, 75) percentile: (69, 98, 149)
[M::mem_pestat] low and high boundaries for computing mean and std.dev: (1, 309)
[M::mem_pestat] mean and std.dev: (94.33, 46.19)
[M::mem_pestat] low and high boundaries for proper pairs: (1, 389)
[M::mem_pestat] analyzing insert size distribution for orientation FR...
[M::mem_pestat] (25, 50, 75) percentile: (109, 133, 160)
[M::mem_pestat] low and high boundaries for computing mean and std.dev: (7, 262)
[M::mem_pestat] mean and std.dev: (136.40, 37.11)
[M::mem_pestat] low and high boundaries for proper pairs: (1, 313)
[M::mem_pestat] analyzing insert size distribution for orientation RF...
[M::mem_pestat] (25, 50, 75) percentile: (46, 136, 381)
[M::mem_pestat] low and high boundaries for computing mean and std.dev: (1, 1051)
[M::mem_pestat] mean and std.dev: (153.81, 169.81)
[M::mem_pestat] low and high boundaries for proper pairs: (1, 1386)
[M::mem_pestat] analyzing insert size distribution for orientation RR...
[M::mem_pestat] (25, 50, 75) percentile: (56, 86, 115)
[M::mem_pestat] low and high boundaries for computing mean and std.dev: (1, 233)
[M::mem_pestat] mean and std.dev: (87.43, 38.41)
[M::mem_pestat] low and high boundaries for proper pairs: (1, 292)
[M::mem_pestat] skip orientation FF
[M::mem_pestat] skip orientation RF
[M::mem_pestat] skip orientation RR
[M::mem_process_seqs] Processed 1839590 reads in 2400.511 CPU sec, 102.760 real sec
[M::process] read 1855144 sequences (240000021 bp)...
[M::mem_pestat] # candidate unique pairs for (FF, FR, RF, RR): (67, 538018, 39, 77)
[M::mem_pestat] analyzing insert size distribution for orientation FF...
[M::mem_pestat] (25, 50, 75) percentile: (81, 98, 133)
[M::mem_pestat] low and high boundaries for computing mean and std.dev: (1, 237)
[M::mem_pestat] mean and std.dev: (98.20, 41.60)
[M::mem_pestat] low and high boundaries for proper pairs: (1, 289)
[M::mem_pestat] analyzing insert size distribution for orientation FR...
[M::mem_pestat] (25, 50, 75) percentile: (109, 133, 160)
[M::mem_pestat] low and high boundaries for computing mean and std.dev: (7, 262)
[M::mem_pestat] mean and std.dev: (136.18, 37.28)
[M::mem_pestat] low and high boundaries for proper pairs: (1, 313)
[M::mem_pestat] analyzing insert size distribution for orientation RF...
[M::mem_pestat] (25, 50, 75) percentile: (51, 108, 224)
[M::mem_pestat] low and high boundaries for computing mean and std.dev: (1, 570)
[M::mem_pestat] mean and std.dev: (120.80, 92.80)
[M::mem_pestat] low and high boundaries for proper pairs: (1, 743)
[M::mem_pestat] analyzing insert size distribution for orientation RR...
[M::mem_pestat] (25, 50, 75) percentile: (69, 92, 132)
[M::mem_pestat] low and high boundaries for computing mean and std.dev: (1, 258)
[M::mem_pestat] mean and std.dev: (95.03, 41.05)
[M::mem_pestat] low and high boundaries for proper pairs: (1, 321)
[M::mem_pestat] skip orientation FF
[M::mem_pestat] skip orientation RF
[M::mem_pestat] skip orientation RR
[M::mem_process_seqs] Processed 1844734 reads in 2389.120 CPU sec, 102.319 real sec
[M::process] read 1851396 sequences (240000246 bp)...
