[M::bwa_idx_load_from_disk] read 0 ALT contigs
[M::process] read 1747232 sequences (240000298 bp)...
[M::process] read 1744276 sequences (240000006 bp)...
[M::mem_pestat] # candidate unique pairs for (FF, FR, RF, RR): (102, 569582, 34, 92)
[M::mem_pestat] analyzing insert size distribution for orientation FF...
[M::mem_pestat] (25, 50, 75) percentile: (88, 121, 216)
[M::mem_pestat] low and high boundaries for computing mean and std.dev: (1, 472)
[M::mem_pestat] mean and std.dev: (136.71, 75.86)
[M::mem_pestat] low and high boundaries for proper pairs: (1, 600)
[M::mem_pestat] analyzing insert size distribution for orientation FR...
[M::mem_pestat] (25, 50, 75) percentile: (124, 152, 183)
[M::mem_pestat] low and high boundaries for computing mean and std.dev: (6, 301)
[M::mem_pestat] mean and std.dev: (154.59, 43.57)
[M::mem_pestat] low and high boundaries for proper pairs: (1, 360)
[M::mem_pestat] analyzing insert size distribution for orientation RF...
[M::mem_pestat] (25, 50, 75) percentile: (80, 226, 501)
[M::mem_pestat] low and high boundaries for computing mean and std.dev: (1, 1343)
[M::mem_pestat] mean and std.dev: (264.66, 260.73)
[M::mem_pestat] low and high boundaries for proper pairs: (1, 1764)
[M::mem_pestat] analyzing insert size distribution for orientation RR...
[M::mem_pestat] (25, 50, 75) percentile: (92, 112, 193)
[M::mem_pestat] low and high boundaries for computing mean and std.dev: (1, 395)
[M::mem_pestat] mean and std.dev: (121.08, 62.19)
[M::mem_pestat] low and high boundaries for proper pairs: (1, 496)
[M::mem_pestat] skip orientation FF
[M::mem_pestat] skip orientation RF
[M::mem_pestat] skip orientation RR
[M::mem_process_seqs] Processed 1747232 reads in 1839.513 CPU sec, 77.840 real sec
[M::process] read 1740422 sequences (240000194 bp)...
[M::mem_pestat] # candidate unique pairs for (FF, FR, RF, RR): (88, 569007, 44, 106)
[M::mem_pestat] analyzing insert size distribution for orientation FF...
[M::mem_pestat] (25, 50, 75) percentile: (83, 109, 199)
[M::mem_pestat] low and high boundaries for computing mean and std.dev: (1, 431)
[M::mem_pestat] mean and std.dev: (124.91, 65.50)
[M::mem_pestat] low and high boundaries for proper pairs: (1, 547)
[M::mem_pestat] analyzing insert size distribution for orientation FR...
[M::mem_pestat] (25, 50, 75) percentile: (124, 152, 183)
[M::mem_pestat] low and high boundaries for computing mean and std.dev: (6, 301)
[M::mem_pestat] mean and std.dev: (154.67, 43.42)
[M::mem_pestat] low and high boundaries for proper pairs: (1, 360)
[M::mem_pestat] analyzing insert size distribution for orientation RF...
[M::mem_pestat] (25, 50, 75) percentile: (65, 136, 454)
[M::mem_pestat] low and high boundaries for computing mean and std.dev: (1, 1232)
[M::mem_pestat] mean and std.dev: (217.97, 234.40)
[M::mem_pestat] low and high boundaries for proper pairs: (1, 1621)
[M::mem_pestat] analyzing insert size distribution for orientation RR...
[M::mem_pestat] (25, 50, 75) percentile: (72, 103, 171)
[M::mem_pestat] low and high boundaries for computing mean and std.dev: (1, 369)
[M::mem_pestat] mean and std.dev: (111.70, 57.28)
[M::mem_pestat] low and high boundaries for proper pairs: (1, 468)
[M::mem_pestat] skip orientation FF
[M::mem_pestat] skip orientation RF
[M::mem_pestat] skip orientation RR
[M::mem_process_seqs] Processed 1744276 reads in 1860.378 CPU sec, 79.684 real sec
[M::process] read 1741818 sequences (240000003 bp)...
[M::mem_pestat] # candidate unique pairs for (FF, FR, RF, RR): (108, 567469, 27, 118)
[M::mem_pestat] analyzing insert size distribution for orientation FF...
[M::mem_pestat] (25, 50, 75) percentile: (80, 112, 236)
[M::mem_pestat] low and high boundaries for computing mean and std.dev: (1, 548)
[M::mem_pestat] mean and std.dev: (154.28, 115.94)
[M::mem_pestat] low and high boundaries for proper pairs: (1, 704)
[M::mem_pestat] analyzing insert size distribution for orientation FR...
[M::mem_pestat] (25, 50, 75) percentile: (124, 152, 183)
[M::mem_pestat] low and high boundaries for computing mean and std.dev: (6, 301)
[M::mem_pestat] mean and std.dev: (155.02, 43.43)
[M::mem_pestat] low and high boundaries for proper pairs: (1, 360)
[M::mem_pestat] analyzing insert size distribution for orientation RF...
[M::mem_pestat] (25, 50, 75) percentile: (106, 259, 915)
[M::mem_pestat] low and high boundaries for computing mean and std.dev: (1, 2533)
[M::mem_pestat] mean and std.dev: (544.52, 691.75)
[M::mem_pestat] low and high boundaries for proper pairs: (1, 3342)
[M::mem_pestat] analyzing insert size distribution for orientation RR...
[M::mem_pestat] (25, 50, 75) percentile: (82, 113, 173)
[M::mem_pestat] low and high boundaries for computing mean and std.dev: (1, 355)
[M::mem_pestat] mean and std.dev: (115.59, 56.43)
[M::mem_pestat] low and high boundaries for proper pairs: (1, 446)
[M::mem_pestat] skip orientation FF
[M::mem_pestat] skip orientation RF
[M::mem_pestat] skip orientation RR
[M::mem_process_seqs] Processed 1740422 reads in 1878.882 CPU sec, 81.019 real sec
[M::process] read 1736908 sequences (240000067 bp)...
[M::mem_pestat] # candidate unique pairs for (FF, FR, RF, RR): (87, 567645, 29, 103)
[M::mem_pestat] analyzing insert size distribution for orientation FF...
[M::mem_pestat] (25, 50, 75) percentile: (89, 123, 181)
[M::mem_pestat] low and high boundaries for computing mean and std.dev: (1, 365)
[M::mem_pestat] mean and std.dev: (131.64, 69.40)
[M::mem_pestat] low and high boundaries for proper pairs: (1, 457)
[M::mem_pestat] analyzing insert size distribution for orientation FR...
[M::mem_pestat] (25, 50, 75) percentile: (124, 152, 183)
[M::mem_pestat] low and high boundaries for computing mean and std.dev: (6, 301)
[M::mem_pestat] mean and std.dev: (155.00, 43.44)
[M::mem_pestat] low and high boundaries for proper pairs: (1, 360)
[M::mem_pestat] analyzing insert size distribution for orientation RF...
[M::mem_pestat] (25, 50, 75) percentile: (75, 152, 2204)
[M::mem_pestat] low and high boundaries for computing mean and std.dev: (1, 6462)
[M::mem_pestat] mean and std.dev: (879.15, 1430.79)
[M::mem_pestat] low and high boundaries for proper pairs: (1, 8591)
[M::mem_pestat] analyzing insert size distribution for orientation RR...
[M::mem_pestat] (25, 50, 75) percentile: (83, 103, 145)
[M::mem_pestat] low and high boundaries for computing mean and std.dev: (1, 269)
[M::mem_pestat] mean and std.dev: (109.51, 40.08)
[M::mem_pestat] low and high boundaries for proper pairs: (1, 331)
[M::mem_pestat] skip orientation FF
[M::mem_pestat] skip orientation RF
[M::mem_pestat] skip orientation RR
[M::mem_process_seqs] Processed 1741818 reads in 1875.655 CPU sec, 80.766 real sec
[M::process] read 1736000 sequences (240000007 bp)...
[M::mem_pestat] # candidate unique pairs for (FF, FR, RF, RR): (87, 567003, 33, 93)
[M::mem_pestat] analyzing insert size distribution for orientation FF...
[M::mem_pestat] (25, 50, 75) percentile: (78, 114, 172)
[M::mem_pestat] low and high boundaries for computing mean and std.dev: (1, 360)
[M::mem_pestat] mean and std.dev: (121.94, 66.18)
[M::mem_pestat] low and high boundaries for proper pairs: (1, 454)
[M::mem_pestat] analyzing insert size distribution for orientation FR...
[M::mem_pestat] (25, 50, 75) percentile: (125, 152, 183)
[M::mem_pestat] low and high boundaries for computing mean and std.dev: (9, 299)
[M::mem_pestat] mean and std.dev: (155.35, 43.26)
[M::mem_pestat] low and high boundaries for proper pairs: (1, 357)
[M::mem_pestat] analyzing insert size distribution for orientation RF...
[M::mem_pestat] (25, 50, 75) percentile: (79, 257, 1226)
[M::mem_pestat] low and high boundaries for computing mean and std.dev: (1, 3520)
[M::mem_pestat] mean and std.dev: (637.00, 855.87)
[M::mem_pestat] low and high boundaries for proper pairs: (1, 4667)
[M::mem_pestat] analyzing insert size distribution for orientation RR...
[M::mem_pestat] (25, 50, 75) percentile: (76, 102, 177)
[M::mem_pestat] low and high boundaries for computing mean and std.dev: (1, 379)
[M::mem_pestat] mean and std.dev: (124.08, 77.59)
[M::mem_pestat] low and high boundaries for proper pairs: (1, 480)
[M::mem_pestat] skip orientation FF
[M::mem_pestat] skip orientation RF
[M::mem_pestat] skip orientation RR
[M::mem_process_seqs] Processed 1736908 reads in 1880.182 CPU sec, 81.089 real sec
[M::process] read 1736228 sequences (240000153 bp)...
[M::mem_pestat] # candidate unique pairs for (FF, FR, RF, RR): (97, 566159, 41, 116)
[M::mem_pestat] analyzing insert size distribution for orientation FF...
[M::mem_pestat] (25, 50, 75) percentile: (87, 115, 196)
[M::mem_pestat] low and high boundaries for computing mean and std.dev: (1, 414)
[M::mem_pestat] mean and std.dev: (123.70, 62.99)
[M::mem_pestat] low and high boundaries for proper pairs: (1, 523)
[M::mem_pestat] analyzing insert size distribution for orientation FR...
[M::mem_pestat] (25, 50, 75) percentile: (125, 152, 183)
[M::mem_pestat] low and high boundaries for computing mean and std.dev: (9, 299)
[M::mem_pestat] mean and std.dev: (155.41, 43.29)
[M::mem_pestat] low and high boundaries for proper pairs: (1, 357)
[M::mem_pestat] analyzing insert size distribution for orientation RF...
[M::mem_pestat] (25, 50, 75) percentile: (79, 268, 861)
[M::mem_pestat] low and high boundaries for computing mean and std.dev: (1, 2425)
[M::mem_pestat] mean and std.dev: (328.40, 422.61)
[M::mem_pestat] low and high boundaries for proper pairs: (1, 3207)
[M::mem_pestat] analyzing insert size distribution for orientation RR...
[M::mem_pestat] (25, 50, 75) percentile: (85, 118, 188)
[M::mem_pestat] low and high boundaries for computing mean and std.dev: (1, 394)
[M::mem_pestat] mean and std.dev: (130.42, 78.07)
[M::mem_pestat] low and high boundaries for proper pairs: (1, 497)
[M::mem_pestat] skip orientation FF
[M::mem_pestat] skip orientation RF
[M::mem_pestat] skip orientation RR
[M::mem_process_seqs] Processed 1736000 reads in 1875.169 CPU sec, 80.722 real sec
[M::process] read 1732988 sequences (240000123 bp)...
[M::mem_pestat] # candidate unique pairs for (FF, FR, RF, RR): (77, 566382, 45, 106)
[M::mem_pestat] analyzing insert size distribution for orientation FF...
[M::mem_pestat] (25, 50, 75) percentile: (84, 107, 162)
[M::mem_pestat] low and high boundaries for computing mean and std.dev: (1, 318)
[M::mem_pestat] mean and std.dev: (112.90, 52.99)
[M::mem_pestat] low and high boundaries for proper pairs: (1, 396)
[M::mem_pestat] analyzing insert size distribution for orientation FR...
[M::mem_pestat] (25, 50, 75) percentile: (125, 152, 183)
[M::mem_pestat] low and high boundaries for computing mean and std.dev: (9, 299)
[M::mem_pestat] mean and std.dev: (155.52, 43.08)
[M::mem_pestat] low and high boundaries for proper pairs: (1, 357)
[M::mem_pestat] analyzing insert size distribution for orientation RF...
[M::mem_pestat] (25, 50, 75) percentile: (90, 206, 416)
[M::mem_pestat] low and high boundaries for computing mean and std.dev: (1, 1068)
[M::mem_pestat] mean and std.dev: (219.64, 190.89)
[M::mem_pestat] low and high boundaries for proper pairs: (1, 1394)
[M::mem_pestat] analyzing insert size distribution for orientation RR...
[M::mem_pestat] (25, 50, 75) percentile: (83, 106, 155)
[M::mem_pestat] low and high boundaries for computing mean and std.dev: (1, 299)
[M::mem_pestat] mean and std.dev: (112.34, 46.31)
[M::mem_pestat] low and high boundaries for proper pairs: (1, 371)
[M::mem_pestat] skip orientation FF
[M::mem_pestat] skip orientation RF
[M::mem_pestat] skip orientation RR
[M::mem_process_seqs] Processed 1736228 reads in 1880.273 CPU sec, 81.034 real sec
[M::process] read 1729662 sequences (240000188 bp)...
[M::mem_pestat] # candidate unique pairs for (FF, FR, RF, RR): (96, 566187, 30, 107)
[M::mem_pestat] analyzing insert size distribution for orientation FF...
[M::mem_pestat] (25, 50, 75) percentile: (78, 104, 204)
[M::mem_pestat] low and high boundaries for computing mean and std.dev: (1, 456)
[M::mem_pestat] mean and std.dev: (123.83, 80.97)
[M::mem_pestat] low and high boundaries for proper pairs: (1, 582)
[M::mem_pestat] analyzing insert size distribution for orientation FR...
[M::mem_pestat] (25, 50, 75) percentile: (125, 152, 183)
[M::mem_pestat] low and high boundaries for computing mean and std.dev: (9, 299)
[M::mem_pestat] mean and std.dev: (155.56, 42.99)
[M::mem_pestat] low and high boundaries for proper pairs: (1, 357)
[M::mem_pestat] analyzing insert size distribution for orientation RF...
[M::mem_pestat] (25, 50, 75) percentile: (121, 328, 731)
[M::mem_pestat] low and high boundaries for computing mean and std.dev: (1, 1951)
[M::mem_pestat] mean and std.dev: (393.14, 357.97)
[M::mem_pestat] low and high boundaries for proper pairs: (1, 2561)
[M::mem_pestat] analyzing insert size distribution for orientation RR...
[M::mem_pestat] (25, 50, 75) percentile: (82, 117, 185)
[M::mem_pestat] low and high boundaries for computing mean and std.dev: (1, 391)
[M::mem_pestat] mean and std.dev: (115.86, 61.95)
[M::mem_pestat] low and high boundaries for proper pairs: (1, 494)
[M::mem_pestat] skip orientation FF
[M::mem_pestat] skip orientation RF
[M::mem_pestat] skip orientation RR
[M::mem_process_seqs] Processed 1732988 reads in 1879.766 CPU sec, 80.957 real sec
[M::process] read 1729024 sequences (240000059 bp)...
[M::mem_pestat] # candidate unique pairs for (FF, FR, RF, RR): (66, 564938, 35, 113)
[M::mem_pestat] analyzing insert size distribution for orientation FF...
[M::mem_pestat] (25, 50, 75) percentile: (80, 118, 180)
[M::mem_pestat] low and high boundaries for computing mean and std.dev: (1, 380)
[M::mem_pestat] mean and std.dev: (123.63, 65.02)
[M::mem_pestat] low and high boundaries for proper pairs: (1, 480)
[M::mem_pestat] analyzing insert size distribution for orientation FR...
[M::mem_pestat] (25, 50, 75) percentile: (125, 152, 184)
[M::mem_pestat] low and high boundaries for computing mean and std.dev: (7, 302)
[M::mem_pestat] mean and std.dev: (155.91, 43.12)
[M::mem_pestat] low and high boundaries for proper pairs: (1, 361)
[M::mem_pestat] analyzing insert size distribution for orientation RF...
[M::mem_pestat] (25, 50, 75) percentile: (79, 197, 834)
[M::mem_pestat] low and high boundaries for computing mean and std.dev: (1, 2344)
[M::mem_pestat] mean and std.dev: (319.19, 358.23)
[M::mem_pestat] low and high boundaries for proper pairs: (1, 3099)
[M::mem_pestat] analyzing insert size distribution for orientation RR...
[M::mem_pestat] (25, 50, 75) percentile: (76, 96, 134)
[M::mem_pestat] low and high boundaries for computing mean and std.dev: (1, 250)
[M::mem_pestat] mean and std.dev: (102.49, 46.99)
[M::mem_pestat] low and high boundaries for proper pairs: (1, 308)
[M::mem_pestat] skip orientation FF
[M::mem_pestat] skip orientation RF
[M::mem_pestat] skip orientation RR
[M::mem_process_seqs] Processed 1729662 reads in 1878.363 CPU sec, 80.860 real sec
[M::process] read 1741896 sequences (240000190 bp)...
[M::mem_pestat] # candidate unique pairs for (FF, FR, RF, RR): (98, 564448, 42, 116)
[M::mem_pestat] analyzing insert size distribution for orientation FF...
[M::mem_pestat] (25, 50, 75) percentile: (78, 106, 150)
[M::mem_pestat] low and high boundaries for computing mean and std.dev: (1, 294)
[M::mem_pestat] mean and std.dev: (110.85, 44.93)
[M::mem_pestat] low and high boundaries for proper pairs: (1, 366)
[M::mem_pestat] analyzing insert size distribution for orientation FR...
[M::mem_pestat] (25, 50, 75) percentile: (125, 153, 184)
[M::mem_pestat] low and high boundaries for computing mean and std.dev: (7, 302)
[M::mem_pestat] mean and std.dev: (156.12, 43.18)
[M::mem_pestat] low and high boundaries for proper pairs: (1, 361)
[M::mem_pestat] analyzing insert size distribution for orientation RF...
[M::mem_pestat] (25, 50, 75) percentile: (29, 205, 771)
[M::mem_pestat] low and high boundaries for computing mean and std.dev: (1, 2255)
[M::mem_pestat] mean and std.dev: (232.74, 385.87)
[M::mem_pestat] low and high boundaries for proper pairs: (1, 2997)
[M::mem_pestat] analyzing insert size distribution for orientation RR...
[M::mem_pestat] (25, 50, 75) percentile: (75, 106, 188)
[M::mem_pestat] low and high boundaries for computing mean and std.dev: (1, 414)
[M::mem_pestat] mean and std.dev: (117.19, 73.58)
[M::mem_pestat] low and high boundaries for proper pairs: (1, 527)
[M::mem_pestat] skip orientation FF
[M::mem_pestat] skip orientation RF
[M::mem_pestat] skip orientation RR
[M::mem_process_seqs] Processed 1729024 reads in 1873.401 CPU sec, 80.651 real sec
[M::process] read 1740518 sequences (240000061 bp)...
[M::mem_pestat] # candidate unique pairs for (FF, FR, RF, RR): (91, 567393, 43, 95)
[M::mem_pestat] analyzing insert size distribution for orientation FF...
[M::mem_pestat] (25, 50, 75) percentile: (86, 121, 235)
[M::mem_pestat] low and high boundaries for computing mean and std.dev: (1, 533)
[M::mem_pestat] mean and std.dev: (145.52, 109.38)
[M::mem_pestat] low and high boundaries for proper pairs: (1, 682)
[M::mem_pestat] analyzing insert size distribution for orientation FR...
[M::mem_pestat] (25, 50, 75) percentile: (124, 152, 183)
[M::mem_pestat] low and high boundaries for computing mean and std.dev: (6, 301)
[M::mem_pestat] mean and std.dev: (155.00, 43.45)
[M::mem_pestat] low and high boundaries for proper pairs: (1, 360)
[M::mem_pestat] analyzing insert size distribution for orientation RF...
[M::mem_pestat] (25, 50, 75) percentile: (110, 202, 491)
[M::mem_pestat] low and high boundaries for computing mean and std.dev: (1, 1253)
[M::mem_pestat] mean and std.dev: (206.74, 164.52)
[M::mem_pestat] low and high boundaries for proper pairs: (1, 1634)
[M::mem_pestat] analyzing insert size distribution for orientation RR...
[M::mem_pestat] (25, 50, 75) percentile: (80, 101, 154)
[M::mem_pestat] low and high boundaries for computing mean and std.dev: (1, 302)
[M::mem_pestat] mean and std.dev: (109.88, 46.14)
[M::mem_pestat] low and high boundaries for proper pairs: (1, 376)
[M::mem_pestat] skip orientation FF
[M::mem_pestat] skip orientation RF
[M::mem_pestat] skip orientation RR
[M::mem_process_seqs] Processed 1741896 reads in 1886.273 CPU sec, 80.764 real sec
[M::process] read 1737294 sequences (240000263 bp)...
[M::mem_pestat] # candidate unique pairs for (FF, FR, RF, RR): (112, 567593, 47, 98)
[M::mem_pestat] analyzing insert size distribution for orientation FF...
[M::mem_pestat] (25, 50, 75) percentile: (78, 112, 151)
[M::mem_pestat] low and high boundaries for computing mean and std.dev: (1, 297)
[M::mem_pestat] mean and std.dev: (109.33, 44.55)
[M::mem_pestat] low and high boundaries for proper pairs: (1, 370)
[M::mem_pestat] analyzing insert size distribution for orientation FR...
[M::mem_pestat] (25, 50, 75) percentile: (124, 152, 183)
[M::mem_pestat] low and high boundaries for computing mean and std.dev: (6, 301)
[M::mem_pestat] mean and std.dev: (154.98, 43.53)
[M::mem_pestat] low and high boundaries for proper pairs: (1, 360)
[M::mem_pestat] analyzing insert size distribution for orientation RF...
[M::mem_pestat] (25, 50, 75) percentile: (54, 231, 857)
[M::mem_pestat] low and high boundaries for computing mean and std.dev: (1, 2463)
[M::mem_pestat] mean and std.dev: (383.74, 480.34)
[M::mem_pestat] low and high boundaries for proper pairs: (1, 3266)
[M::mem_pestat] analyzing insert size distribution for orientation RR...
[M::mem_pestat] (25, 50, 75) percentile: (80, 113, 159)
[M::mem_pestat] low and high boundaries for computing mean and std.dev: (1, 317)
[M::mem_pestat] mean and std.dev: (114.18, 53.28)
[M::mem_pestat] low and high boundaries for proper pairs: (1, 396)
[M::mem_pestat] skip orientation FF
[M::mem_pestat] skip orientation RF
[M::mem_pestat] skip orientation RR
[M::mem_process_seqs] Processed 1740518 reads in 1880.093 CPU sec, 80.950 real sec
[M::process] read 1739224 sequences (240000079 bp)...
[M::mem_pestat] # candidate unique pairs for (FF, FR, RF, RR): (89, 565599, 48, 108)
[M::mem_pestat] analyzing insert size distribution for orientation FF...
[M::mem_pestat] (25, 50, 75) percentile: (91, 124, 232)
[M::mem_pestat] low and high boundaries for computing mean and std.dev: (1, 514)
[M::mem_pestat] mean and std.dev: (140.26, 90.17)
[M::mem_pestat] low and high boundaries for proper pairs: (1, 655)
[M::mem_pestat] analyzing insert size distribution for orientation FR...
[M::mem_pestat] (25, 50, 75) percentile: (125, 152, 183)
[M::mem_pestat] low and high boundaries for computing mean and std.dev: (9, 299)
[M::mem_pestat] mean and std.dev: (155.25, 43.38)
[M::mem_pestat] low and high boundaries for proper pairs: (1, 357)
[M::mem_pestat] analyzing insert size distribution for orientation RF...
[M::mem_pestat] (25, 50, 75) percentile: (110, 485, 1088)
[M::mem_pestat] low and high boundaries for computing mean and std.dev: (1, 3044)
[M::mem_pestat] mean and std.dev: (468.12, 531.09)
[M::mem_pestat] low and high boundaries for proper pairs: (1, 4022)
[M::mem_pestat] analyzing insert size distribution for orientation RR...
[M::mem_pestat] (25, 50, 75) percentile: (87, 129, 188)
[M::mem_pestat] low and high boundaries for computing mean and std.dev: (1, 390)
[M::mem_pestat] mean and std.dev: (126.46, 57.44)
[M::mem_pestat] low and high boundaries for proper pairs: (1, 491)
[M::mem_pestat] skip orientation FF
[M::mem_pestat] skip orientation RF
[M::mem_pestat] skip orientation RR
[M::mem_process_seqs] Processed 1737294 reads in 1883.431 CPU sec, 81.089 real sec
[M::process] read 1735928 sequences (240000074 bp)...
[M::mem_pestat] # candidate unique pairs for (FF, FR, RF, RR): (81, 567226, 35, 102)
[M::mem_pestat] analyzing insert size distribution for orientation FF...
[M::mem_pestat] (25, 50, 75) percentile: (81, 110, 225)
[M::mem_pestat] low and high boundaries for computing mean and std.dev: (1, 513)
[M::mem_pestat] mean and std.dev: (133.85, 83.06)
[M::mem_pestat] low and high boundaries for proper pairs: (1, 657)
[M::mem_pestat] analyzing insert size distribution for orientation FR...
[M::mem_pestat] (25, 50, 75) percentile: (124, 152, 183)
[M::mem_pestat] low and high boundaries for computing mean and std.dev: (6, 301)
[M::mem_pestat] mean and std.dev: (155.11, 43.54)
[M::mem_pestat] low and high boundaries for proper pairs: (1, 360)
[M::mem_pestat] analyzing insert size distribution for orientation RF...
[M::mem_pestat] (25, 50, 75) percentile: (72, 163, 870)
[M::mem_pestat] low and high boundaries for computing mean and std.dev: (1, 2466)
[M::mem_pestat] mean and std.dev: (337.13, 465.21)
[M::mem_pestat] low and high boundaries for proper pairs: (1, 3264)
[M::mem_pestat] analyzing insert size distribution for orientation RR...
[M::mem_pestat] (25, 50, 75) percentile: (77, 104, 153)
[M::mem_pestat] low and high boundaries for computing mean and std.dev: (1, 305)
[M::mem_pestat] mean and std.dev: (112.63, 50.64)
[M::mem_pestat] low and high boundaries for proper pairs: (1, 381)
[M::mem_pestat] skip orientation FF
[M::mem_pestat] skip orientation RF
[M::mem_pestat] skip orientation RR
[M::mem_process_seqs] Processed 1739224 reads in 1882.605 CPU sec, 81.073 real sec
[M::process] read 1733622 sequences (240000259 bp)...
[M::mem_pestat] # candidate unique pairs for (FF, FR, RF, RR): (101, 565504, 28, 118)
[M::mem_pestat] analyzing insert size distribution for orientation FF...
[M::mem_pestat] (25, 50, 75) percentile: (87, 125, 248)
[M::mem_pestat] low and high boundaries for computing mean and std.dev: (1, 570)
[M::mem_pestat] mean and std.dev: (156.52, 111.59)
[M::mem_pestat] low and high boundaries for proper pairs: (1, 731)
[M::mem_pestat] analyzing insert size distribution for orientation FR...
[M::mem_pestat] (25, 50, 75) percentile: (125, 152, 183)
[M::mem_pestat] low and high boundaries for computing mean and std.dev: (9, 299)
[M::mem_pestat] mean and std.dev: (155.31, 43.18)
[M::mem_pestat] low and high boundaries for proper pairs: (1, 357)
[M::mem_pestat] analyzing insert size distribution for orientation RF...
[M::mem_pestat] (25, 50, 75) percentile: (143, 268, 1105)
[M::mem_pestat] low and high boundaries for computing mean and std.dev: (1, 3029)
[M::mem_pestat] mean and std.dev: (410.75, 502.63)
[M::mem_pestat] low and high boundaries for proper pairs: (1, 3991)
[M::mem_pestat] analyzing insert size distribution for orientation RR...
[M::mem_pestat] (25, 50, 75) percentile: (71, 110, 210)
[M::mem_pestat] low and high boundaries for computing mean and std.dev: (1, 488)
[M::mem_pestat] mean and std.dev: (124.58, 84.28)
[M::mem_pestat] low and high boundaries for proper pairs: (1, 627)
[M::mem_pestat] skip orientation FF
[M::mem_pestat] skip orientation RF
[M::mem_pestat] skip orientation RR
[M::mem_process_seqs] Processed 1735928 reads in 1892.031 CPU sec, 81.506 real sec
[M::process] read 1731724 sequences (240000032 bp)...
[M::mem_pestat] # candidate unique pairs for (FF, FR, RF, RR): (88, 565126, 38, 95)
[M::mem_pestat] analyzing insert size distribution for orientation FF...
[M::mem_pestat] (25, 50, 75) percentile: (81, 116, 235)
[M::mem_pestat] low and high boundaries for computing mean and std.dev: (1, 543)
[M::mem_pestat] mean and std.dev: (131.47, 87.46)
[M::mem_pestat] low and high boundaries for proper pairs: (1, 697)
[M::mem_pestat] analyzing insert size distribution for orientation FR...
[M::mem_pestat] (25, 50, 75) percentile: (125, 152, 183)
[M::mem_pestat] low and high boundaries for computing mean and std.dev: (9, 299)
[M::mem_pestat] mean and std.dev: (155.48, 43.24)
[M::mem_pestat] low and high boundaries for proper pairs: (1, 357)
[M::mem_pestat] analyzing insert size distribution for orientation RF...
[M::mem_pestat] (25, 50, 75) percentile: (76, 163, 402)
[M::mem_pestat] low and high boundaries for computing mean and std.dev: (1, 1054)
[M::mem_pestat] mean and std.dev: (187.91, 173.63)
[M::mem_pestat] low and high boundaries for proper pairs: (1, 1380)
[M::mem_pestat] analyzing insert size distribution for orientation RR...
[M::mem_pestat] (25, 50, 75) percentile: (88, 104, 179)
[M::mem_pestat] low and high boundaries for computing mean and std.dev: (1, 361)
[M::mem_pestat] mean and std.dev: (116.75, 62.44)
[M::mem_pestat] low and high boundaries for proper pairs: (1, 452)
[M::mem_pestat] skip orientation FF
[M::mem_pestat] skip orientation RF
[M::mem_pestat] skip orientation RR
[M::mem_process_seqs] Processed 1733622 reads in 1886.705 CPU sec, 81.245 real sec
[M::process] read 1730530 sequences (240000041 bp)...
[M::mem_pestat] # candidate unique pairs for (FF, FR, RF, RR): (98, 565363, 27, 105)
[M::mem_pestat] analyzing insert size distribution for orientation FF...
[M::mem_pestat] (25, 50, 75) percentile: (85, 108, 158)
[M::mem_pestat] low and high boundaries for computing mean and std.dev: (1, 304)
[M::mem_pestat] mean and std.dev: (105.33, 53.91)
[M::mem_pestat] low and high boundaries for proper pairs: (1, 377)
[M::mem_pestat] analyzing insert size distribution for orientation FR...
[M::mem_pestat] (25, 50, 75) percentile: (125, 152, 184)
[M::mem_pestat] low and high boundaries for computing mean and std.dev: (7, 302)
[M::mem_pestat] mean and std.dev: (155.82, 43.36)
[M::mem_pestat] low and high boundaries for proper pairs: (1, 361)
[M::mem_pestat] analyzing insert size distribution for orientation RF...
[M::mem_pestat] (25, 50, 75) percentile: (84, 325, 1243)
[M::mem_pestat] low and high boundaries for computing mean and std.dev: (1, 3561)
[M::mem_pestat] mean and std.dev: (639.32, 774.99)
[M::mem_pestat] low and high boundaries for proper pairs: (1, 4720)
[M::mem_pestat] analyzing insert size distribution for orientation RR...
[M::mem_pestat] (25, 50, 75) percentile: (76, 107, 174)
[M::mem_pestat] low and high boundaries for computing mean and std.dev: (1, 370)
[M::mem_pestat] mean and std.dev: (115.44, 64.31)
[M::mem_pestat] low and high boundaries for proper pairs: (1, 468)
[M::mem_pestat] skip orientation FF
[M::mem_pestat] skip orientation RF
[M::mem_pestat] skip orientation RR
[M::mem_process_seqs] Processed 1731724 reads in 1881.898 CPU sec, 81.015 real sec
[M::process] read 1728706 sequences (240000261 bp)...
[M::mem_pestat] # candidate unique pairs for (FF, FR, RF, RR): (67, 564686, 29, 111)
[M::mem_pestat] analyzing insert size distribution for orientation FF...
[M::mem_pestat] (25, 50, 75) percentile: (72, 110, 235)
[M::mem_pestat] low and high boundaries for computing mean and std.dev: (1, 561)
[M::mem_pestat] mean and std.dev: (146.21, 113.50)
[M::mem_pestat] low and high boundaries for proper pairs: (1, 724)
[M::mem_pestat] analyzing insert size distribution for orientation FR...
[M::mem_pestat] (25, 50, 75) percentile: (125, 152, 183)
[M::mem_pestat] low and high boundaries for computing mean and std.dev: (9, 299)
[M::mem_pestat] mean and std.dev: (155.74, 43.07)
[M::mem_pestat] low and high boundaries for proper pairs: (1, 357)
[M::mem_pestat] analyzing insert size distribution for orientation RF...
[M::mem_pestat] (25, 50, 75) percentile: (83, 239, 904)
[M::mem_pestat] low and high boundaries for computing mean and std.dev: (1, 2546)
[M::mem_pestat] mean and std.dev: (360.38, 431.16)
[M::mem_pestat] low and high boundaries for proper pairs: (1, 3367)
[M::mem_pestat] analyzing insert size distribution for orientation RR...
[M::mem_pestat] (25, 50, 75) percentile: (78, 105, 168)
[M::mem_pestat] low and high boundaries for computing mean and std.dev: (1, 348)
[M::mem_pestat] mean and std.dev: (118.61, 63.61)
[M::mem_pestat] low and high boundaries for proper pairs: (1, 438)
[M::mem_pestat] skip orientation FF
[M::mem_pestat] skip orientation RF
[M::mem_pestat] skip orientation RR
[M::mem_process_seqs] Processed 1730530 reads in 1880.310 CPU sec, 80.992 real sec
[M::process] read 1728230 sequences (240000094 bp)...
[M::mem_pestat] # candidate unique pairs for (FF, FR, RF, RR): (87, 565099, 38, 92)
[M::mem_pestat] analyzing insert size distribution for orientation FF...
[M::mem_pestat] (25, 50, 75) percentile: (86, 114, 166)
[M::mem_pestat] low and high boundaries for computing mean and std.dev: (1, 326)
[M::mem_pestat] mean and std.dev: (118.09, 56.04)
[M::mem_pestat] low and high boundaries for proper pairs: (1, 406)
[M::mem_pestat] analyzing insert size distribution for orientation FR...
[M::mem_pestat] (25, 50, 75) percentile: (125, 153, 184)
[M::mem_pestat] low and high boundaries for computing mean and std.dev: (7, 302)
[M::mem_pestat] mean and std.dev: (155.95, 43.09)
[M::mem_pestat] low and high boundaries for proper pairs: (1, 361)
[M::mem_pestat] analyzing insert size distribution for orientation RF...
[M::mem_pestat] (25, 50, 75) percentile: (32, 183, 799)
[M::mem_pestat] low and high boundaries for computing mean and std.dev: (1, 2333)
[M::mem_pestat] mean and std.dev: (270.59, 372.34)
[M::mem_pestat] low and high boundaries for proper pairs: (1, 3100)
[M::mem_pestat] analyzing insert size distribution for orientation RR...
[M::mem_pestat] (25, 50, 75) percentile: (80, 107, 202)
[M::mem_pestat] low and high boundaries for computing mean and std.dev: (1, 446)
[M::mem_pestat] mean and std.dev: (129.11, 79.71)
[M::mem_pestat] low and high boundaries for proper pairs: (1, 568)
[M::mem_pestat] skip orientation FF
[M::mem_pestat] skip orientation RF
[M::mem_pestat] skip orientation RR
