[M::bwa_idx_load_from_disk] read 0 ALT contigs
[M::process] read 1663396 sequences (240000292 bp)...
[M::process] read 1660196 sequences (240000191 bp)...
[M::mem_pestat] # candidate unique pairs for (FF, FR, RF, RR): (1691, 539664, 92, 1639)
[M::mem_pestat] analyzing insert size distribution for orientation FF...
[M::mem_pestat] (25, 50, 75) percentile: (92, 117, 155)
[M::mem_pestat] low and high boundaries for computing mean and std.dev: (1, 281)
[M::mem_pestat] mean and std.dev: (123.13, 44.12)
[M::mem_pestat] low and high boundaries for proper pairs: (1, 344)
[M::mem_pestat] analyzing insert size distribution for orientation FR...
[M::mem_pestat] (25, 50, 75) percentile: (155, 186, 222)
[M::mem_pestat] low and high boundaries for computing mean and std.dev: (21, 356)
[M::mem_pestat] mean and std.dev: (189.40, 50.85)
[M::mem_pestat] low and high boundaries for proper pairs: (1, 423)
[M::mem_pestat] analyzing insert size distribution for orientation RF...
[M::mem_pestat] (25, 50, 75) percentile: (105, 252, 516)
[M::mem_pestat] low and high boundaries for computing mean and std.dev: (1, 1338)
[M::mem_pestat] mean and std.dev: (272.96, 257.19)
[M::mem_pestat] low and high boundaries for proper pairs: (1, 1749)
[M::mem_pestat] analyzing insert size distribution for orientation RR...
[M::mem_pestat] (25, 50, 75) percentile: (94, 123, 160)
[M::mem_pestat] low and high boundaries for computing mean and std.dev: (1, 292)
[M::mem_pestat] mean and std.dev: (127.13, 45.40)
[M::mem_pestat] low and high boundaries for proper pairs: (1, 358)
[M::mem_pestat] skip orientation FF
[M::mem_pestat] skip orientation RF
[M::mem_pestat] skip orientation RR
[M::mem_process_seqs] Processed 1663396 reads in 1880.918 CPU sec, 79.575 real sec
[M::process] read 1659960 sequences (240000174 bp)...
[M::mem_pestat] # candidate unique pairs for (FF, FR, RF, RR): (1669, 538948, 119, 1653)
[M::mem_pestat] analyzing insert size distribution for orientation FF...
[M::mem_pestat] (25, 50, 75) percentile: (92, 118, 155)
[M::mem_pestat] low and high boundaries for computing mean and std.dev: (1, 281)
[M::mem_pestat] mean and std.dev: (124.62, 44.41)
[M::mem_pestat] low and high boundaries for proper pairs: (1, 344)
[M::mem_pestat] analyzing insert size distribution for orientation FR...
[M::mem_pestat] (25, 50, 75) percentile: (155, 186, 223)
[M::mem_pestat] low and high boundaries for computing mean and std.dev: (19, 359)
[M::mem_pestat] mean and std.dev: (189.96, 51.10)
[M::mem_pestat] low and high boundaries for proper pairs: (1, 427)
[M::mem_pestat] analyzing insert size distribution for orientation RF...
[M::mem_pestat] (25, 50, 75) percentile: (61, 191, 423)
[M::mem_pestat] low and high boundaries for computing mean and std.dev: (1, 1147)
[M::mem_pestat] mean and std.dev: (197.77, 189.27)
[M::mem_pestat] low and high boundaries for proper pairs: (1, 1509)
[M::mem_pestat] analyzing insert size distribution for orientation RR...
[M::mem_pestat] (25, 50, 75) percentile: (93, 118, 155)
[M::mem_pestat] low and high boundaries for computing mean and std.dev: (1, 279)
[M::mem_pestat] mean and std.dev: (123.93, 44.10)
[M::mem_pestat] low and high boundaries for proper pairs: (1, 341)
[M::mem_pestat] skip orientation FF
[M::mem_pestat] skip orientation RF
[M::mem_pestat] skip orientation RR
[M::mem_process_seqs] Processed 1660196 reads in 1916.880 CPU sec, 82.044 real sec
[M::process] read 1660678 sequences (240000264 bp)...
[M::mem_pestat] # candidate unique pairs for (FF, FR, RF, RR): (1644, 539451, 106, 1712)
[M::mem_pestat] analyzing insert size distribution for orientation FF...
[M::mem_pestat] (25, 50, 75) percentile: (94, 121, 155)
[M::mem_pestat] low and high boundaries for computing mean and std.dev: (1, 277)
[M::mem_pestat] mean and std.dev: (124.55, 43.28)
[M::mem_pestat] low and high boundaries for proper pairs: (1, 338)
[M::mem_pestat] analyzing insert size distribution for orientation FR...
[M::mem_pestat] (25, 50, 75) percentile: (155, 186, 223)
[M::mem_pestat] low and high boundaries for computing mean and std.dev: (19, 359)
[M::mem_pestat] mean and std.dev: (190.01, 51.18)
[M::mem_pestat] low and high boundaries for proper pairs: (1, 427)
[M::mem_pestat] analyzing insert size distribution for orientation RF...
[M::mem_pestat] (25, 50, 75) percentile: (53, 127, 420)
[M::mem_pestat] low and high boundaries for computing mean and std.dev: (1, 1154)
[M::mem_pestat] mean and std.dev: (224.83, 263.42)
[M::mem_pestat] low and high boundaries for proper pairs: (1, 1521)
[M::mem_pestat] analyzing insert size distribution for orientation RR...
[M::mem_pestat] (25, 50, 75) percentile: (94, 121, 162)
[M::mem_pestat] low and high boundaries for computing mean and std.dev: (1, 298)
[M::mem_pestat] mean and std.dev: (128.33, 47.87)
[M::mem_pestat] low and high boundaries for proper pairs: (1, 366)
[M::mem_pestat] skip orientation FF
[M::mem_pestat] skip orientation RF
[M::mem_pestat] skip orientation RR
[M::mem_process_seqs] Processed 1659960 reads in 1924.947 CPU sec, 83.020 real sec
[M::process] read 1659680 sequences (240000231 bp)...
[M::mem_pestat] # candidate unique pairs for (FF, FR, RF, RR): (1604, 538905, 116, 1671)
[M::mem_pestat] analyzing insert size distribution for orientation FF...
[M::mem_pestat] (25, 50, 75) percentile: (91, 116, 158)
[M::mem_pestat] low and high boundaries for computing mean and std.dev: (1, 292)
[M::mem_pestat] mean and std.dev: (124.42, 45.87)
[M::mem_pestat] low and high boundaries for proper pairs: (1, 359)
[M::mem_pestat] analyzing insert size distribution for orientation FR...
[M::mem_pestat] (25, 50, 75) percentile: (155, 186, 223)
[M::mem_pestat] low and high boundaries for computing mean and std.dev: (19, 359)
[M::mem_pestat] mean and std.dev: (190.02, 51.21)
[M::mem_pestat] low and high boundaries for proper pairs: (1, 427)
[M::mem_pestat] analyzing insert size distribution for orientation RF...
[M::mem_pestat] (25, 50, 75) percentile: (49, 171, 437)
[M::mem_pestat] low and high boundaries for computing mean and std.dev: (1, 1213)
[M::mem_pestat] mean and std.dev: (206.38, 251.41)
[M::mem_pestat] low and high boundaries for proper pairs: (1, 1601)
[M::mem_pestat] analyzing insert size distribution for orientation RR...
[M::mem_pestat] (25, 50, 75) percentile: (93, 119, 157)
[M::mem_pestat] low and high boundaries for computing mean and std.dev: (1, 285)
[M::mem_pestat] mean and std.dev: (125.61, 44.68)
[M::mem_pestat] low and high boundaries for proper pairs: (1, 349)
[M::mem_pestat] skip orientation FF
[M::mem_pestat] skip orientation RF
[M::mem_pestat] skip orientation RR
[M::mem_process_seqs] Processed 1660678 reads in 1930.247 CPU sec, 83.076 real sec
[M::process] read 1656868 sequences (240000145 bp)...
[M::mem_pestat] # candidate unique pairs for (FF, FR, RF, RR): (1639, 539002, 110, 1657)
[M::mem_pestat] analyzing insert size distribution for orientation FF...
[M::mem_pestat] (25, 50, 75) percentile: (92, 117, 151)
[M::mem_pestat] low and high boundaries for computing mean and std.dev: (1, 269)
[M::mem_pestat] mean and std.dev: (122.24, 42.16)
[M::mem_pestat] low and high boundaries for proper pairs: (1, 328)
[M::mem_pestat] analyzing insert size distribution for orientation FR...
[M::mem_pestat] (25, 50, 75) percentile: (155, 187, 223)
[M::mem_pestat] low and high boundaries for computing mean and std.dev: (19, 359)
[M::mem_pestat] mean and std.dev: (190.15, 51.25)
[M::mem_pestat] low and high boundaries for proper pairs: (1, 427)
[M::mem_pestat] analyzing insert size distribution for orientation RF...
[M::mem_pestat] (25, 50, 75) percentile: (45, 155, 362)
[M::mem_pestat] low and high boundaries for computing mean and std.dev: (1, 996)
[M::mem_pestat] mean and std.dev: (173.67, 168.96)
[M::mem_pestat] low and high boundaries for proper pairs: (1, 1313)
[M::mem_pestat] analyzing insert size distribution for orientation RR...
[M::mem_pestat] (25, 50, 75) percentile: (95, 120, 158)
[M::mem_pestat] low and high boundaries for computing mean and std.dev: (1, 284)
[M::mem_pestat] mean and std.dev: (127.19, 45.04)
[M::mem_pestat] low and high boundaries for proper pairs: (1, 347)
[M::mem_pestat] skip orientation FF
[M::mem_pestat] skip orientation RF
[M::mem_pestat] skip orientation RR
[M::mem_process_seqs] Processed 1659680 reads in 1928.932 CPU sec, 83.071 real sec
[M::process] read 1656274 sequences (240000207 bp)...
[M::mem_pestat] # candidate unique pairs for (FF, FR, RF, RR): (1601, 537995, 107, 1632)
[M::mem_pestat] analyzing insert size distribution for orientation FF...
[M::mem_pestat] (25, 50, 75) percentile: (92, 117, 154)
[M::mem_pestat] low and high boundaries for computing mean and std.dev: (1, 278)
[M::mem_pestat] mean and std.dev: (123.68, 43.00)
[M::mem_pestat] low and high boundaries for proper pairs: (1, 340)
[M::mem_pestat] analyzing insert size distribution for orientation FR...
[M::mem_pestat] (25, 50, 75) percentile: (156, 187, 223)
[M::mem_pestat] low and high boundaries for computing mean and std.dev: (22, 357)
[M::mem_pestat] mean and std.dev: (190.27, 51.15)
[M::mem_pestat] low and high boundaries for proper pairs: (1, 424)
[M::mem_pestat] analyzing insert size distribution for orientation RF...
[M::mem_pestat] (25, 50, 75) percentile: (104, 203, 510)
[M::mem_pestat] low and high boundaries for computing mean and std.dev: (1, 1322)
[M::mem_pestat] mean and std.dev: (246.98, 235.52)
[M::mem_pestat] low and high boundaries for proper pairs: (1, 1728)
[M::mem_pestat] analyzing insert size distribution for orientation RR...
[M::mem_pestat] (25, 50, 75) percentile: (95, 121, 158)
[M::mem_pestat] low and high boundaries for computing mean and std.dev: (1, 284)
[M::mem_pestat] mean and std.dev: (126.85, 46.14)
[M::mem_pestat] low and high boundaries for proper pairs: (1, 347)
[M::mem_pestat] skip orientation FF
[M::mem_pestat] skip orientation RF
[M::mem_pestat] skip orientation RR
[M::mem_process_seqs] Processed 1656868 reads in 1928.951 CPU sec, 83.005 real sec
[M::process] read 1657138 sequences (240000075 bp)...
[M::mem_pestat] # candidate unique pairs for (FF, FR, RF, RR): (1591, 538191, 99, 1634)
[M::mem_pestat] analyzing insert size distribution for orientation FF...
[M::mem_pestat] (25, 50, 75) percentile: (92, 118, 154)
[M::mem_pestat] low and high boundaries for computing mean and std.dev: (1, 278)
[M::mem_pestat] mean and std.dev: (123.72, 44.67)
[M::mem_pestat] low and high boundaries for proper pairs: (1, 340)
[M::mem_pestat] analyzing insert size distribution for orientation FR...
[M::mem_pestat] (25, 50, 75) percentile: (156, 187, 224)
[M::mem_pestat] low and high boundaries for computing mean and std.dev: (20, 360)
[M::mem_pestat] mean and std.dev: (190.66, 51.24)
[M::mem_pestat] low and high boundaries for proper pairs: (1, 428)
[M::mem_pestat] analyzing insert size distribution for orientation RF...
[M::mem_pestat] (25, 50, 75) percentile: (72, 165, 442)
[M::mem_pestat] low and high boundaries for computing mean and std.dev: (1, 1182)
[M::mem_pestat] mean and std.dev: (224.19, 233.92)
[M::mem_pestat] low and high boundaries for proper pairs: (1, 1552)
[M::mem_pestat] analyzing insert size distribution for orientation RR...
[M::mem_pestat] (25, 50, 75) percentile: (95, 121, 160)
[M::mem_pestat] low and high boundaries for computing mean and std.dev: (1, 290)
[M::mem_pestat] mean and std.dev: (126.44, 44.59)
[M::mem_pestat] low and high boundaries for proper pairs: (1, 355)
[M::mem_pestat] skip orientation FF
[M::mem_pestat] skip orientation RF
[M::mem_pestat] skip orientation RR
[M::mem_process_seqs] Processed 1656274 reads in 1928.556 CPU sec, 82.983 real sec
[M::process] read 1657738 sequences (240000124 bp)...
[M::mem_pestat] # candidate unique pairs for (FF, FR, RF, RR): (1626, 538850, 103, 1586)
[M::mem_pestat] analyzing insert size distribution for orientation FF...
[M::mem_pestat] (25, 50, 75) percentile: (93, 118, 154)
[M::mem_pestat] low and high boundaries for computing mean and std.dev: (1, 276)
[M::mem_pestat] mean and std.dev: (123.54, 42.63)
[M::mem_pestat] low and high boundaries for proper pairs: (1, 337)
[M::mem_pestat] analyzing insert size distribution for orientation FR...
[M::mem_pestat] (25, 50, 75) percentile: (155, 186, 223)
[M::mem_pestat] low and high boundaries for computing mean and std.dev: (19, 359)
[M::mem_pestat] mean and std.dev: (190.01, 51.05)
[M::mem_pestat] low and high boundaries for proper pairs: (1, 427)
[M::mem_pestat] analyzing insert size distribution for orientation RF...
[M::mem_pestat] (25, 50, 75) percentile: (54, 196, 648)
[M::mem_pestat] low and high boundaries for computing mean and std.dev: (1, 1836)
[M::mem_pestat] mean and std.dev: (324.97, 412.85)
[M::mem_pestat] low and high boundaries for proper pairs: (1, 2430)
[M::mem_pestat] analyzing insert size distribution for orientation RR...
[M::mem_pestat] (25, 50, 75) percentile: (94, 120, 158)
[M::mem_pestat] low and high boundaries for computing mean and std.dev: (1, 286)
[M::mem_pestat] mean and std.dev: (126.19, 46.36)
[M::mem_pestat] low and high boundaries for proper pairs: (1, 350)
[M::mem_pestat] skip orientation FF
[M::mem_pestat] skip orientation RF
[M::mem_pestat] skip orientation RR
[M::mem_process_seqs] Processed 1657138 reads in 1928.908 CPU sec, 82.999 real sec
[M::process] read 1655880 sequences (240000300 bp)...
[M::mem_pestat] # candidate unique pairs for (FF, FR, RF, RR): (1579, 538509, 101, 1600)
[M::mem_pestat] analyzing insert size distribution for orientation FF...
[M::mem_pestat] (25, 50, 75) percentile: (93, 118, 156)
[M::mem_pestat] low and high boundaries for computing mean and std.dev: (1, 282)
[M::mem_pestat] mean and std.dev: (124.41, 43.93)
[M::mem_pestat] low and high boundaries for proper pairs: (1, 345)
[M::mem_pestat] analyzing insert size distribution for orientation FR...
[M::mem_pestat] (25, 50, 75) percentile: (155, 187, 223)
[M::mem_pestat] low and high boundaries for computing mean and std.dev: (19, 359)
[M::mem_pestat] mean and std.dev: (190.10, 51.05)
[M::mem_pestat] low and high boundaries for proper pairs: (1, 427)
[M::mem_pestat] analyzing insert size distribution for orientation RF...
[M::mem_pestat] (25, 50, 75) percentile: (62, 209, 494)
[M::mem_pestat] low and high boundaries for computing mean and std.dev: (1, 1358)
[M::mem_pestat] mean and std.dev: (243.38, 257.69)
[M::mem_pestat] low and high boundaries for proper pairs: (1, 1790)
[M::mem_pestat] analyzing insert size distribution for orientation RR...
[M::mem_pestat] (25, 50, 75) percentile: (93, 121, 160)
[M::mem_pestat] low and high boundaries for computing mean and std.dev: (1, 294)
[M::mem_pestat] mean and std.dev: (127.13, 46.43)
[M::mem_pestat] low and high boundaries for proper pairs: (1, 361)
[M::mem_pestat] skip orientation FF
[M::mem_pestat] skip orientation RF
[M::mem_pestat] skip orientation RR
[M::mem_process_seqs] Processed 1657738 reads in 1925.736 CPU sec, 82.335 real sec
[M::process] read 1655538 sequences (240000133 bp)...
[M::mem_pestat] # candidate unique pairs for (FF, FR, RF, RR): (1623, 538055, 119, 1600)
[M::mem_pestat] analyzing insert size distribution for orientation FF...
[M::mem_pestat] (25, 50, 75) percentile: (94, 118, 153)
[M::mem_pestat] low and high boundaries for computing mean and std.dev: (1, 271)
[M::mem_pestat] mean and std.dev: (123.53, 41.94)
[M::mem_pestat] low and high boundaries for proper pairs: (1, 330)
[M::mem_pestat] analyzing insert size distribution for orientation FR...
[M::mem_pestat] (25, 50, 75) percentile: (155, 187, 223)
[M::mem_pestat] low and high boundaries for computing mean and std.dev: (19, 359)
[M::mem_pestat] mean and std.dev: (190.15, 51.15)
[M::mem_pestat] low and high boundaries for proper pairs: (1, 427)
[M::mem_pestat] analyzing insert size distribution for orientation RF...
[M::mem_pestat] (25, 50, 75) percentile: (99, 218, 677)
[M::mem_pestat] low and high boundaries for computing mean and std.dev: (1, 1833)
[M::mem_pestat] mean and std.dev: (303.18, 367.59)
[M::mem_pestat] low and high boundaries for proper pairs: (1, 2411)
[M::mem_pestat] analyzing insert size distribution for orientation RR...
[M::mem_pestat] (25, 50, 75) percentile: (95, 123, 165)
[M::mem_pestat] low and high boundaries for computing mean and std.dev: (1, 305)
[M::mem_pestat] mean and std.dev: (129.67, 49.30)
[M::mem_pestat] low and high boundaries for proper pairs: (1, 375)
[M::mem_pestat] skip orientation FF
[M::mem_pestat] skip orientation RF
[M::mem_pestat] skip orientation RR
[M::mem_process_seqs] Processed 1655880 reads in 1938.852 CPU sec, 83.440 real sec
[M::process] read 1656958 sequences (240000291 bp)...
[M::mem_pestat] # candidate unique pairs for (FF, FR, RF, RR): (1581, 537976, 97, 1639)
[M::mem_pestat] analyzing insert size distribution for orientation FF...
[M::mem_pestat] (25, 50, 75) percentile: (92, 116, 156)
[M::mem_pestat] low and high boundaries for computing mean and std.dev: (1, 284)
[M::mem_pestat] mean and std.dev: (124.23, 45.34)
[M::mem_pestat] low and high boundaries for proper pairs: (1, 348)
[M::mem_pestat] analyzing insert size distribution for orientation FR...
[M::mem_pestat] (25, 50, 75) percentile: (155, 186, 223)
[M::mem_pestat] low and high boundaries for computing mean and std.dev: (19, 359)
[M::mem_pestat] mean and std.dev: (190.01, 51.19)
[M::mem_pestat] low and high boundaries for proper pairs: (1, 427)
[M::mem_pestat] analyzing insert size distribution for orientation RF...
[M::mem_pestat] (25, 50, 75) percentile: (62, 231, 683)
[M::mem_pestat] low and high boundaries for computing mean and std.dev: (1, 1925)
[M::mem_pestat] mean and std.dev: (313.95, 373.17)
[M::mem_pestat] low and high boundaries for proper pairs: (1, 2546)
[M::mem_pestat] analyzing insert size distribution for orientation RR...
[M::mem_pestat] (25, 50, 75) percentile: (94, 120, 158)
[M::mem_pestat] low and high boundaries for computing mean and std.dev: (1, 286)
[M::mem_pestat] mean and std.dev: (126.85, 45.66)
[M::mem_pestat] low and high boundaries for proper pairs: (1, 350)
[M::mem_pestat] skip orientation FF
[M::mem_pestat] skip orientation RF
[M::mem_pestat] skip orientation RR
[M::mem_process_seqs] Processed 1655538 reads in 1930.674 CPU sec, 83.094 real sec
[M::process] read 1660406 sequences (240000224 bp)...
