[M::bwa_idx_load_from_disk] read 0 ALT contigs
[M::process] read 1711386 sequences (240000271 bp)...
[M::process] read 1708596 sequences (240000173 bp)...
[M::mem_pestat] # candidate unique pairs for (FF, FR, RF, RR): (150, 497670, 66, 155)
[M::mem_pestat] analyzing insert size distribution for orientation FF...
[M::mem_pestat] (25, 50, 75) percentile: (77, 102, 122)
[M::mem_pestat] low and high boundaries for computing mean and std.dev: (1, 212)
[M::mem_pestat] mean and std.dev: (99.01, 34.19)
[M::mem_pestat] low and high boundaries for proper pairs: (1, 257)
[M::mem_pestat] analyzing insert size distribution for orientation FR...
[M::mem_pestat] (25, 50, 75) percentile: (133, 163, 195)
[M::mem_pestat] low and high boundaries for computing mean and std.dev: (9, 319)
[M::mem_pestat] mean and std.dev: (165.54, 45.87)
[M::mem_pestat] low and high boundaries for proper pairs: (1, 381)
[M::mem_pestat] analyzing insert size distribution for orientation RF...
[M::mem_pestat] (25, 50, 75) percentile: (120, 320, 725)
[M::mem_pestat] low and high boundaries for computing mean and std.dev: (1, 1935)
[M::mem_pestat] mean and std.dev: (301.44, 263.96)
[M::mem_pestat] low and high boundaries for proper pairs: (1, 2540)
[M::mem_pestat] analyzing insert size distribution for orientation RR...
[M::mem_pestat] (25, 50, 75) percentile: (79, 103, 135)
[M::mem_pestat] low and high boundaries for computing mean and std.dev: (1, 247)
[M::mem_pestat] mean and std.dev: (100.85, 37.42)
[M::mem_pestat] low and high boundaries for proper pairs: (1, 303)
[M::mem_pestat] skip orientation FF
[M::mem_pestat] skip orientation RF
[M::mem_pestat] skip orientation RR
[M::mem_process_seqs] Processed 1711386 reads in 1817.286 CPU sec, 76.650 real sec
[M::process] read 1706172 sequences (240000139 bp)...
[M::mem_pestat] # candidate unique pairs for (FF, FR, RF, RR): (152, 497869, 74, 154)
[M::mem_pestat] analyzing insert size distribution for orientation FF...
[M::mem_pestat] (25, 50, 75) percentile: (79, 104, 143)
[M::mem_pestat] low and high boundaries for computing mean and std.dev: (1, 271)
[M::mem_pestat] mean and std.dev: (107.13, 42.62)
[M::mem_pestat] low and high boundaries for proper pairs: (1, 335)
[M::mem_pestat] analyzing insert size distribution for orientation FR...
[M::mem_pestat] (25, 50, 75) percentile: (134, 163, 196)
[M::mem_pestat] low and high boundaries for computing mean and std.dev: (10, 320)
[M::mem_pestat] mean and std.dev: (165.72, 45.82)
[M::mem_pestat] low and high boundaries for proper pairs: (1, 382)
[M::mem_pestat] analyzing insert size distribution for orientation RF...
[M::mem_pestat] (25, 50, 75) percentile: (54, 165, 334)
[M::mem_pestat] low and high boundaries for computing mean and std.dev: (1, 894)
[M::mem_pestat] mean and std.dev: (213.32, 213.67)
[M::mem_pestat] low and high boundaries for proper pairs: (1, 1174)
[M::mem_pestat] analyzing insert size distribution for orientation RR...
[M::mem_pestat] (25, 50, 75) percentile: (72, 94, 132)
[M::mem_pestat] low and high boundaries for computing mean and std.dev: (1, 252)
[M::mem_pestat] mean and std.dev: (98.29, 39.18)
[M::mem_pestat] low and high boundaries for proper pairs: (1, 312)
[M::mem_pestat] skip orientation FF
[M::mem_pestat] skip orientation RF
[M::mem_pestat] skip orientation RR
[M::mem_process_seqs] Processed 1708596 reads in 1824.001 CPU sec, 78.076 real sec
[M::process] read 1706772 sequences (240000258 bp)...
[M::mem_pestat] # candidate unique pairs for (FF, FR, RF, RR): (133, 496998, 53, 167)
[M::mem_pestat] analyzing insert size distribution for orientation FF...
[M::mem_pestat] (25, 50, 75) percentile: (80, 99, 125)
[M::mem_pestat] low and high boundaries for computing mean and std.dev: (1, 215)
[M::mem_pestat] mean and std.dev: (98.16, 30.88)
[M::mem_pestat] low and high boundaries for proper pairs: (1, 260)
[M::mem_pestat] analyzing insert size distribution for orientation FR...
[M::mem_pestat] (25, 50, 75) percentile: (134, 164, 196)
[M::mem_pestat] low and high boundaries for computing mean and std.dev: (10, 320)
[M::mem_pestat] mean and std.dev: (166.19, 45.71)
[M::mem_pestat] low and high boundaries for proper pairs: (1, 382)
[M::mem_pestat] analyzing insert size distribution for orientation RF...
[M::mem_pestat] (25, 50, 75) percentile: (33, 215, 438)
[M::mem_pestat] low and high boundaries for computing mean and std.dev: (1, 1248)
[M::mem_pestat] mean and std.dev: (257.27, 277.38)
[M::mem_pestat] low and high boundaries for proper pairs: (1, 1653)
[M::mem_pestat] analyzing insert size distribution for orientation RR...
[M::mem_pestat] (25, 50, 75) percentile: (82, 102, 139)
[M::mem_pestat] low and high boundaries for computing mean and std.dev: (1, 253)
[M::mem_pestat] mean and std.dev: (104.10, 38.26)
[M::mem_pestat] low and high boundaries for proper pairs: (1, 310)
[M::mem_pestat] skip orientation FF
[M::mem_pestat] skip orientation RF
[M::mem_pestat] skip orientation RR
[M::mem_process_seqs] Processed 1706172 reads in 1832.292 CPU sec, 78.824 real sec
[M::process] read 1702662 sequences (240000020 bp)...
[M::mem_pestat] # candidate unique pairs for (FF, FR, RF, RR): (153, 496919, 70, 163)
[M::mem_pestat] analyzing insert size distribution for orientation FF...
[M::mem_pestat] (25, 50, 75) percentile: (83, 98, 126)
[M::mem_pestat] low and high boundaries for computing mean and std.dev: (1, 212)
[M::mem_pestat] mean and std.dev: (101.94, 31.35)
[M::mem_pestat] low and high boundaries for proper pairs: (1, 255)
[M::mem_pestat] analyzing insert size distribution for orientation FR...
[M::mem_pestat] (25, 50, 75) percentile: (134, 163, 196)
[M::mem_pestat] low and high boundaries for computing mean and std.dev: (10, 320)
[M::mem_pestat] mean and std.dev: (166.12, 45.94)
[M::mem_pestat] low and high boundaries for proper pairs: (1, 382)
[M::mem_pestat] analyzing insert size distribution for orientation RF...
[M::mem_pestat] (25, 50, 75) percentile: (62, 213, 650)
[M::mem_pestat] low and high boundaries for computing mean and std.dev: (1, 1826)
[M::mem_pestat] mean and std.dev: (224.67, 222.61)
[M::mem_pestat] low and high boundaries for proper pairs: (1, 2414)
[M::mem_pestat] analyzing insert size distribution for orientation RR...
[M::mem_pestat] (25, 50, 75) percentile: (77, 95, 135)
[M::mem_pestat] low and high boundaries for computing mean and std.dev: (1, 251)
[M::mem_pestat] mean and std.dev: (101.52, 38.31)
[M::mem_pestat] low and high boundaries for proper pairs: (1, 309)
[M::mem_pestat] skip orientation FF
[M::mem_pestat] skip orientation RF
[M::mem_pestat] skip orientation RR
[M::mem_process_seqs] Processed 1706772 reads in 1832.965 CPU sec, 79.113 real sec
[M::process] read 1704140 sequences (240000293 bp)...
[M::mem_pestat] # candidate unique pairs for (FF, FR, RF, RR): (148, 496060, 73, 152)
[M::mem_pestat] analyzing insert size distribution for orientation FF...
[M::mem_pestat] (25, 50, 75) percentile: (81, 99, 137)
[M::mem_pestat] low and high boundaries for computing mean and std.dev: (1, 249)
[M::mem_pestat] mean and std.dev: (101.69, 37.76)
[M::mem_pestat] low and high boundaries for proper pairs: (1, 305)
[M::mem_pestat] analyzing insert size distribution for orientation FR...
[M::mem_pestat] (25, 50, 75) percentile: (134, 164, 196)
[M::mem_pestat] low and high boundaries for computing mean and std.dev: (10, 320)
[M::mem_pestat] mean and std.dev: (166.53, 45.64)
[M::mem_pestat] low and high boundaries for proper pairs: (1, 382)
[M::mem_pestat] analyzing insert size distribution for orientation RF...
[M::mem_pestat] (25, 50, 75) percentile: (59, 173, 378)
[M::mem_pestat] low and high boundaries for computing mean and std.dev: (1, 1016)
[M::mem_pestat] mean and std.dev: (182.42, 181.35)
[M::mem_pestat] low and high boundaries for proper pairs: (1, 1335)
[M::mem_pestat] analyzing insert size distribution for orientation RR...
[M::mem_pestat] (25, 50, 75) percentile: (76, 100, 138)
[M::mem_pestat] low and high boundaries for computing mean and std.dev: (1, 262)
[M::mem_pestat] mean and std.dev: (101.69, 38.89)
[M::mem_pestat] low and high boundaries for proper pairs: (1, 324)
[M::mem_pestat] skip orientation FF
[M::mem_pestat] skip orientation RF
[M::mem_pestat] skip orientation RR
[M::mem_process_seqs] Processed 1702662 reads in 1831.430 CPU sec, 78.916 real sec
[M::process] read 1700134 sequences (240000036 bp)...
[M::mem_pestat] # candidate unique pairs for (FF, FR, RF, RR): (140, 496019, 66, 140)
[M::mem_pestat] analyzing insert size distribution for orientation FF...
[M::mem_pestat] (25, 50, 75) percentile: (80, 102, 128)
[M::mem_pestat] low and high boundaries for computing mean and std.dev: (1, 224)
[M::mem_pestat] mean and std.dev: (100.97, 34.15)
[M::mem_pestat] low and high boundaries for proper pairs: (1, 272)
[M::mem_pestat] analyzing insert size distribution for orientation FR...
[M::mem_pestat] (25, 50, 75) percentile: (134, 164, 196)
[M::mem_pestat] low and high boundaries for computing mean and std.dev: (10, 320)
[M::mem_pestat] mean and std.dev: (166.71, 45.76)
[M::mem_pestat] low and high boundaries for proper pairs: (1, 382)
[M::mem_pestat] analyzing insert size distribution for orientation RF...
[M::mem_pestat] (25, 50, 75) percentile: (92, 181, 496)
[M::mem_pestat] low and high boundaries for computing mean and std.dev: (1, 1304)
[M::mem_pestat] mean and std.dev: (253.82, 243.85)
[M::mem_pestat] low and high boundaries for proper pairs: (1, 1708)
[M::mem_pestat] analyzing insert size distribution for orientation RR...
[M::mem_pestat] (25, 50, 75) percentile: (74, 92, 118)
[M::mem_pestat] low and high boundaries for computing mean and std.dev: (1, 206)
[M::mem_pestat] mean and std.dev: (94.35, 32.48)
[M::mem_pestat] low and high boundaries for proper pairs: (1, 250)
[M::mem_pestat] skip orientation FF
[M::mem_pestat] skip orientation RF
[M::mem_pestat] skip orientation RR
[M::mem_process_seqs] Processed 1704140 reads in 1827.541 CPU sec, 78.708 real sec
[M::mem_pestat] # candidate unique pairs for (FF, FR, RF, RR): (143, 496277, 58, 164)
[M::mem_pestat] analyzing insert size distribution for orientation FF...
[M::mem_pestat] (25, 50, 75) percentile: (75, 96, 138)
[M::mem_pestat] low and high boundaries for computing mean and std.dev: (1, 264)
[M::mem_pestat] mean and std.dev: (101.31, 40.70)
[M::mem_pestat] low and high boundaries for proper pairs: (1, 327)
[M::mem_pestat] analyzing insert size distribution for orientation FR...
[M::mem_pestat] (25, 50, 75) percentile: (134, 164, 196)
[M::mem_pestat] low and high boundaries for computing mean and std.dev: (10, 320)
[M::mem_pestat] mean and std.dev: (166.65, 45.46)
[M::mem_pestat] low and high boundaries for proper pairs: (1, 382)
[M::mem_pestat] analyzing insert size distribution for orientation RF...
[M::mem_pestat] (25, 50, 75) percentile: (117, 207, 339)
[M::mem_pestat] low and high boundaries for computing mean and std.dev: (1, 783)
[M::mem_pestat] mean and std.dev: (175.62, 123.22)
[M::mem_pestat] low and high boundaries for proper pairs: (1, 1005)
[M::mem_pestat] analyzing insert size distribution for orientation RR...
[M::mem_pestat] (25, 50, 75) percentile: (76, 104, 142)
[M::mem_pestat] low and high boundaries for computing mean and std.dev: (1, 274)
[M::mem_pestat] mean and std.dev: (109.87, 47.32)
[M::mem_pestat] low and high boundaries for proper pairs: (1, 340)
[M::mem_pestat] skip orientation FF
[M::mem_pestat] skip orientation RF
[M::mem_pestat] skip orientation RR
[M::process] read 1698474 sequences (240000211 bp)...
[M::mem_process_seqs] Processed 1700134 reads in 1825.836 CPU sec, 78.449 real sec
[M::process] read 1695778 sequences (240000004 bp)...
[M::mem_pestat] # candidate unique pairs for (FF, FR, RF, RR): (147, 495693, 59, 175)
[M::mem_pestat] analyzing insert size distribution for orientation FF...
[M::mem_pestat] (25, 50, 75) percentile: (79, 102, 150)
[M::mem_pestat] low and high boundaries for computing mean and std.dev: (1, 292)
[M::mem_pestat] mean and std.dev: (109.04, 52.21)
[M::mem_pestat] low and high boundaries for proper pairs: (1, 363)
[M::mem_pestat] analyzing insert size distribution for orientation FR...
[M::mem_pestat] (25, 50, 75) percentile: (135, 164, 196)
[M::mem_pestat] low and high boundaries for computing mean and std.dev: (13, 318)
[M::mem_pestat] mean and std.dev: (166.62, 45.38)
[M::mem_pestat] low and high boundaries for proper pairs: (1, 379)
[M::mem_pestat] analyzing insert size distribution for orientation RF...
[M::mem_pestat] (25, 50, 75) percentile: (67, 163, 458)
[M::mem_pestat] low and high boundaries for computing mean and std.dev: (1, 1240)
[M::mem_pestat] mean and std.dev: (253.15, 269.89)
[M::mem_pestat] low and high boundaries for proper pairs: (1, 1631)
[M::mem_pestat] analyzing insert size distribution for orientation RR...
[M::mem_pestat] (25, 50, 75) percentile: (74, 92, 121)
[M::mem_pestat] low and high boundaries for computing mean and std.dev: (1, 215)
[M::mem_pestat] mean and std.dev: (95.20, 34.73)
[M::mem_pestat] low and high boundaries for proper pairs: (1, 262)
[M::mem_pestat] skip orientation FF
[M::mem_pestat] skip orientation RF
[M::mem_pestat] skip orientation RR
[M::mem_process_seqs] Processed 1698474 reads in 1822.601 CPU sec, 78.032 real sec
[M::process] read 1702106 sequences (240000030 bp)...
[M::mem_pestat] # candidate unique pairs for (FF, FR, RF, RR): (125, 494991, 56, 133)
[M::mem_pestat] analyzing insert size distribution for orientation FF...
[M::mem_pestat] (25, 50, 75) percentile: (78, 97, 145)
[M::mem_pestat] low and high boundaries for computing mean and std.dev: (1, 279)
[M::mem_pestat] mean and std.dev: (103.06, 43.70)
[M::mem_pestat] low and high boundaries for proper pairs: (1, 346)
[M::mem_pestat] analyzing insert size distribution for orientation FR...
[M::mem_pestat] (25, 50, 75) percentile: (135, 165, 197)
[M::mem_pestat] low and high boundaries for computing mean and std.dev: (11, 321)
[M::mem_pestat] mean and std.dev: (167.39, 45.64)
[M::mem_pestat] low and high boundaries for proper pairs: (1, 383)
[M::mem_pestat] analyzing insert size distribution for orientation RF...
[M::mem_pestat] (25, 50, 75) percentile: (48, 156, 481)
[M::mem_pestat] low and high boundaries for computing mean and std.dev: (1, 1347)
[M::mem_pestat] mean and std.dev: (256.45, 251.42)
[M::mem_pestat] low and high boundaries for proper pairs: (1, 1780)
[M::mem_pestat] analyzing insert size distribution for orientation RR...
[M::mem_pestat] (25, 50, 75) percentile: (80, 108, 143)
[M::mem_pestat] low and high boundaries for computing mean and std.dev: (1, 269)
[M::mem_pestat] mean and std.dev: (99.72, 34.84)
[M::mem_pestat] low and high boundaries for proper pairs: (1, 332)
[M::mem_pestat] skip orientation FF
[M::mem_pestat] skip orientation RF
[M::mem_pestat] skip orientation RR
[M::mem_process_seqs] Processed 1695778 reads in 1822.404 CPU sec, 78.498 real sec
[M::mem_pestat] # candidate unique pairs for (FF, FR, RF, RR): (148, 495435, 55, 179)
[M::mem_pestat] analyzing insert size distribution for orientation FF...
[M::mem_pestat] (25, 50, 75) percentile: (79, 99, 128)
[M::mem_pestat] low and high boundaries for computing mean and std.dev: (1, 226)
[M::mem_pestat] mean and std.dev: (97.79, 35.85)
[M::mem_pestat] low and high boundaries for proper pairs: (1, 275)
[M::mem_pestat] analyzing insert size distribution for orientation FR...
[M::mem_pestat] (25, 50, 75) percentile: (134, 164, 197)
[M::mem_pestat] low and high boundaries for computing mean and std.dev: (8, 323)
[M::mem_pestat] mean and std.dev: (166.77, 45.90)
[M::mem_pestat] low and high boundaries for proper pairs: (1, 386)
[M::mem_pestat] analyzing insert size distribution for orientation RF...
[M::mem_pestat] (25, 50, 75) percentile: (64, 215, 572)
[M::mem_pestat] low and high boundaries for computing mean and std.dev: (1, 1588)
[M::mem_pestat] mean and std.dev: (286.04, 313.98)
[M::mem_pestat] low and high boundaries for proper pairs: (1, 2096)
[M::mem_pestat] analyzing insert size distribution for orientation RR...
[M::mem_pestat] (25, 50, 75) percentile: (72, 103, 138)
[M::mem_pestat] low and high boundaries for computing mean and std.dev: (1, 270)
[M::mem_pestat] mean and std.dev: (99.91, 39.20)
[M::mem_pestat] low and high boundaries for proper pairs: (1, 336)
[M::mem_pestat] skip orientation FF
[M::mem_pestat] skip orientation RF
[M::mem_pestat] skip orientation RR
[M::process] read 1706444 sequences (240000092 bp)...
[M::mem_process_seqs] Processed 1702106 reads in 1831.610 CPU sec, 78.668 real sec
[M::process] read 1703956 sequences (240000295 bp)...
[M::mem_pestat] # candidate unique pairs for (FF, FR, RF, RR): (144, 496634, 67, 161)
[M::mem_pestat] analyzing insert size distribution for orientation FF...
[M::mem_pestat] (25, 50, 75) percentile: (84, 105, 139)
[M::mem_pestat] low and high boundaries for computing mean and std.dev: (1, 249)
[M::mem_pestat] mean and std.dev: (106.91, 38.02)
[M::mem_pestat] low and high boundaries for proper pairs: (1, 304)
[M::mem_pestat] analyzing insert size distribution for orientation FR...
[M::mem_pestat] (25, 50, 75) percentile: (134, 164, 196)
[M::mem_pestat] low and high boundaries for computing mean and std.dev: (10, 320)
[M::mem_pestat] mean and std.dev: (166.18, 45.99)
[M::mem_pestat] low and high boundaries for proper pairs: (1, 382)
[M::mem_pestat] analyzing insert size distribution for orientation RF...
[M::mem_pestat] (25, 50, 75) percentile: (77, 187, 466)
[M::mem_pestat] low and high boundaries for computing mean and std.dev: (1, 1244)
[M::mem_pestat] mean and std.dev: (284.10, 279.96)
[M::mem_pestat] low and high boundaries for proper pairs: (1, 1633)
[M::mem_pestat] analyzing insert size distribution for orientation RR...
[M::mem_pestat] (25, 50, 75) percentile: (76, 105, 160)
[M::mem_pestat] low and high boundaries for computing mean and std.dev: (1, 328)
[M::mem_pestat] mean and std.dev: (109.63, 47.81)
[M::mem_pestat] low and high boundaries for proper pairs: (1, 412)
[M::mem_pestat] skip orientation FF
[M::mem_pestat] skip orientation RF
[M::mem_pestat] skip orientation RR
[M::mem_process_seqs] Processed 1706444 reads in 1832.531 CPU sec, 78.887 real sec
[M::process] read 1704574 sequences (240000026 bp)...
[M::mem_pestat] # candidate unique pairs for (FF, FR, RF, RR): (137, 495800, 65, 167)
[M::mem_pestat] analyzing insert size distribution for orientation FF...
[M::mem_pestat] (25, 50, 75) percentile: (79, 105, 139)
[M::mem_pestat] low and high boundaries for computing mean and std.dev: (1, 259)
[M::mem_pestat] mean and std.dev: (102.47, 40.51)
[M::mem_pestat] low and high boundaries for proper pairs: (1, 319)
[M::mem_pestat] analyzing insert size distribution for orientation FR...
[M::mem_pestat] (25, 50, 75) percentile: (134, 164, 196)
[M::mem_pestat] low and high boundaries for computing mean and std.dev: (10, 320)
[M::mem_pestat] mean and std.dev: (166.37, 45.76)
[M::mem_pestat] low and high boundaries for proper pairs: (1, 382)
[M::mem_pestat] analyzing insert size distribution for orientation RF...
[M::mem_pestat] (25, 50, 75) percentile: (71, 161, 534)
[M::mem_pestat] low and high boundaries for computing mean and std.dev: (1, 1460)
[M::mem_pestat] mean and std.dev: (254.78, 289.44)
[M::mem_pestat] low and high boundaries for proper pairs: (1, 1923)
[M::mem_pestat] analyzing insert size distribution for orientation RR...
[M::mem_pestat] (25, 50, 75) percentile: (82, 98, 127)
[M::mem_pestat] low and high boundaries for computing mean and std.dev: (1, 217)
[M::mem_pestat] mean and std.dev: (100.28, 32.63)
[M::mem_pestat] low and high boundaries for proper pairs: (1, 262)
[M::mem_pestat] skip orientation FF
[M::mem_pestat] skip orientation RF
[M::mem_pestat] skip orientation RR
[M::mem_process_seqs] Processed 1703956 reads in 1837.010 CPU sec, 79.289 real sec
[M::process] read 1702562 sequences (240000002 bp)...
[M::mem_pestat] # candidate unique pairs for (FF, FR, RF, RR): (125, 496082, 68, 173)
[M::mem_pestat] analyzing insert size distribution for orientation FF...
[M::mem_pestat] (25, 50, 75) percentile: (87, 107, 148)
[M::mem_pestat] low and high boundaries for computing mean and std.dev: (1, 270)
[M::mem_pestat] mean and std.dev: (112.62, 43.73)
[M::mem_pestat] low and high boundaries for proper pairs: (1, 331)
[M::mem_pestat] analyzing insert size distribution for orientation FR...
[M::mem_pestat] (25, 50, 75) percentile: (134, 164, 196)
[M::mem_pestat] low and high boundaries for computing mean and std.dev: (10, 320)
[M::mem_pestat] mean and std.dev: (166.42, 45.86)
[M::mem_pestat] low and high boundaries for proper pairs: (1, 382)
[M::mem_pestat] analyzing insert size distribution for orientation RF...
[M::mem_pestat] (25, 50, 75) percentile: (60, 168, 371)
[M::mem_pestat] low and high boundaries for computing mean and std.dev: (1, 993)
[M::mem_pestat] mean and std.dev: (193.59, 198.05)
[M::mem_pestat] low and high boundaries for proper pairs: (1, 1304)
[M::mem_pestat] analyzing insert size distribution for orientation RR...
[M::mem_pestat] (25, 50, 75) percentile: (82, 102, 136)
[M::mem_pestat] low and high boundaries for computing mean and std.dev: (1, 244)
[M::mem_pestat] mean and std.dev: (100.89, 33.48)
[M::mem_pestat] low and high boundaries for proper pairs: (1, 298)
[M::mem_pestat] skip orientation FF
[M::mem_pestat] skip orientation RF
[M::mem_pestat] skip orientation RR
[M::mem_process_seqs] Processed 1704574 reads in 1844.087 CPU sec, 79.407 real sec
[M::process] read 1699954 sequences (240000194 bp)...
[M::mem_pestat] # candidate unique pairs for (FF, FR, RF, RR): (143, 495328, 74, 144)
[M::mem_pestat] analyzing insert size distribution for orientation FF...
[M::mem_pestat] (25, 50, 75) percentile: (83, 107, 131)
[M::mem_pestat] low and high boundaries for computing mean and std.dev: (1, 227)
[M::mem_pestat] mean and std.dev: (102.07, 33.16)
[M::mem_pestat] low and high boundaries for proper pairs: (1, 275)
[M::mem_pestat] analyzing insert size distribution for orientation FR...
[M::mem_pestat] (25, 50, 75) percentile: (134, 164, 196)
[M::mem_pestat] low and high boundaries for computing mean and std.dev: (10, 320)
[M::mem_pestat] mean and std.dev: (166.42, 45.71)
[M::mem_pestat] low and high boundaries for proper pairs: (1, 382)
[M::mem_pestat] analyzing insert size distribution for orientation RF...
[M::mem_pestat] (25, 50, 75) percentile: (72, 226, 392)
[M::mem_pestat] low and high boundaries for computing mean and std.dev: (1, 1032)
[M::mem_pestat] mean and std.dev: (226.83, 207.07)
[M::mem_pestat] low and high boundaries for proper pairs: (1, 1352)
[M::mem_pestat] analyzing insert size distribution for orientation RR...
[M::mem_pestat] (25, 50, 75) percentile: (79, 107, 148)
[M::mem_pestat] low and high boundaries for computing mean and std.dev: (1, 286)
[M::mem_pestat] mean and std.dev: (102.98, 39.69)
[M::mem_pestat] low and high boundaries for proper pairs: (1, 355)
[M::mem_pestat] skip orientation FF
[M::mem_pestat] skip orientation RF
[M::mem_pestat] skip orientation RR
[M::mem_process_seqs] Processed 1702562 reads in 1825.420 CPU sec, 78.661 real sec
[M::process] read 1698680 sequences (240000088 bp)...
[M::mem_pestat] # candidate unique pairs for (FF, FR, RF, RR): (159, 495913, 77, 137)
[M::mem_pestat] analyzing insert size distribution for orientation FF...
[M::mem_pestat] (25, 50, 75) percentile: (83, 103, 132)
[M::mem_pestat] low and high boundaries for computing mean and std.dev: (1, 230)
[M::mem_pestat] mean and std.dev: (105.19, 35.82)
[M::mem_pestat] low and high boundaries for proper pairs: (1, 279)
[M::mem_pestat] analyzing insert size distribution for orientation FR...
[M::mem_pestat] (25, 50, 75) percentile: (135, 164, 197)
[M::mem_pestat] low and high boundaries for computing mean and std.dev: (11, 321)
[M::mem_pestat] mean and std.dev: (166.82, 45.79)
[M::mem_pestat] low and high boundaries for proper pairs: (1, 383)
[M::mem_pestat] analyzing insert size distribution for orientation RF...
[M::mem_pestat] (25, 50, 75) percentile: (76, 154, 385)
[M::mem_pestat] low and high boundaries for computing mean and std.dev: (1, 1003)
[M::mem_pestat] mean and std.dev: (215.94, 226.35)
[M::mem_pestat] low and high boundaries for proper pairs: (1, 1312)
[M::mem_pestat] analyzing insert size distribution for orientation RR...
[M::mem_pestat] (25, 50, 75) percentile: (80, 106, 162)
[M::mem_pestat] low and high boundaries for computing mean and std.dev: (1, 326)
[M::mem_pestat] mean and std.dev: (110.20, 49.81)
[M::mem_pestat] low and high boundaries for proper pairs: (1, 408)
[M::mem_pestat] skip orientation FF
[M::mem_pestat] skip orientation RF
[M::mem_pestat] skip orientation RR
[M::mem_process_seqs] Processed 1699954 reads in 1839.914 CPU sec, 78.789 real sec
[M::process] read 1697588 sequences (240000100 bp)...
[M::mem_pestat] # candidate unique pairs for (FF, FR, RF, RR): (149, 495031, 78, 174)
[M::mem_pestat] analyzing insert size distribution for orientation FF...
[M::mem_pestat] (25, 50, 75) percentile: (80, 96, 129)
[M::mem_pestat] low and high boundaries for computing mean and std.dev: (1, 227)
[M::mem_pestat] mean and std.dev: (99.49, 35.08)
[M::mem_pestat] low and high boundaries for proper pairs: (1, 276)
[M::mem_pestat] analyzing insert size distribution for orientation FR...
[M::mem_pestat] (25, 50, 75) percentile: (135, 164, 197)
[M::mem_pestat] low and high boundaries for computing mean and std.dev: (11, 321)
[M::mem_pestat] mean and std.dev: (166.88, 45.80)
[M::mem_pestat] low and high boundaries for proper pairs: (1, 383)
[M::mem_pestat] analyzing insert size distribution for orientation RF...
[M::mem_pestat] (25, 50, 75) percentile: (68, 199, 551)
[M::mem_pestat] low and high boundaries for computing mean and std.dev: (1, 1517)
[M::mem_pestat] mean and std.dev: (254.16, 271.09)
[M::mem_pestat] low and high boundaries for proper pairs: (1, 2000)
[M::mem_pestat] analyzing insert size distribution for orientation RR...
[M::mem_pestat] (25, 50, 75) percentile: (75, 98, 131)
[M::mem_pestat] low and high boundaries for computing mean and std.dev: (1, 243)
[M::mem_pestat] mean and std.dev: (99.50, 34.91)
[M::mem_pestat] low and high boundaries for proper pairs: (1, 299)
[M::mem_pestat] skip orientation FF
[M::mem_pestat] skip orientation RF
[M::mem_pestat] skip orientation RR
[M::mem_process_seqs] Processed 1698680 reads in 1835.618 CPU sec, 79.011 real sec
[M::process] read 1696152 sequences (240000189 bp)...
[M::mem_pestat] # candidate unique pairs for (FF, FR, RF, RR): (113, 494110, 63, 154)
[M::mem_pestat] analyzing insert size distribution for orientation FF...
[M::mem_pestat] (25, 50, 75) percentile: (78, 102, 153)
[M::mem_pestat] low and high boundaries for computing mean and std.dev: (1, 303)
[M::mem_pestat] mean and std.dev: (100.70, 38.25)
[M::mem_pestat] low and high boundaries for proper pairs: (1, 378)
[M::mem_pestat] analyzing insert size distribution for orientation FR...
[M::mem_pestat] (25, 50, 75) percentile: (135, 164, 197)
[M::mem_pestat] low and high boundaries for computing mean and std.dev: (11, 321)
[M::mem_pestat] mean and std.dev: (166.93, 45.65)
[M::mem_pestat] low and high boundaries for proper pairs: (1, 383)
[M::mem_pestat] analyzing insert size distribution for orientation RF...
[M::mem_pestat] (25, 50, 75) percentile: (65, 231, 501)
[M::mem_pestat] low and high boundaries for computing mean and std.dev: (1, 1373)
[M::mem_pestat] mean and std.dev: (222.09, 224.80)
[M::mem_pestat] low and high boundaries for proper pairs: (1, 1809)
[M::mem_pestat] analyzing insert size distribution for orientation RR...
[M::mem_pestat] (25, 50, 75) percentile: (74, 97, 137)
[M::mem_pestat] low and high boundaries for computing mean and std.dev: (1, 263)
[M::mem_pestat] mean and std.dev: (98.26, 41.10)
[M::mem_pestat] low and high boundaries for proper pairs: (1, 326)
[M::mem_pestat] skip orientation FF
[M::mem_pestat] skip orientation RF
[M::mem_pestat] skip orientation RR
[M::mem_process_seqs] Processed 1697588 reads in 1841.564 CPU sec, 79.304 real sec
[M::process] read 1695610 sequences (240000101 bp)...
[M::mem_pestat] # candidate unique pairs for (FF, FR, RF, RR): (161, 494004, 57, 146)
[M::mem_pestat] analyzing insert size distribution for orientation FF...
[M::mem_pestat] (25, 50, 75) percentile: (84, 103, 135)
[M::mem_pestat] low and high boundaries for computing mean and std.dev: (1, 237)
[M::mem_pestat] mean and std.dev: (102.22, 36.85)
[M::mem_pestat] low and high boundaries for proper pairs: (1, 288)
[M::mem_pestat] analyzing insert size distribution for orientation FR...
[M::mem_pestat] (25, 50, 75) percentile: (135, 164, 196)
[M::mem_pestat] low and high boundaries for computing mean and std.dev: (13, 318)
[M::mem_pestat] mean and std.dev: (166.83, 45.34)
[M::mem_pestat] low and high boundaries for proper pairs: (1, 379)
[M::mem_pestat] analyzing insert size distribution for orientation RF...
[M::mem_pestat] (25, 50, 75) percentile: (67, 208, 481)
[M::mem_pestat] low and high boundaries for computing mean and std.dev: (1, 1309)
[M::mem_pestat] mean and std.dev: (231.32, 228.25)
[M::mem_pestat] low and high boundaries for proper pairs: (1, 1723)
[M::mem_pestat] analyzing insert size distribution for orientation RR...
[M::mem_pestat] (25, 50, 75) percentile: (75, 94, 132)
[M::mem_pestat] low and high boundaries for computing mean and std.dev: (1, 246)
[M::mem_pestat] mean and std.dev: (99.47, 37.35)
[M::mem_pestat] low and high boundaries for proper pairs: (1, 303)
[M::mem_pestat] skip orientation FF
[M::mem_pestat] skip orientation RF
[M::mem_pestat] skip orientation RR
[M::mem_process_seqs] Processed 1696152 reads in 1835.137 CPU sec, 79.031 real sec
[M::process] read 1706044 sequences (240000278 bp)...
[M::mem_pestat] # candidate unique pairs for (FF, FR, RF, RR): (149, 493133, 75, 133)
[M::mem_pestat] analyzing insert size distribution for orientation FF...
[M::mem_pestat] (25, 50, 75) percentile: (78, 102, 141)
[M::mem_pestat] low and high boundaries for computing mean and std.dev: (1, 267)
[M::mem_pestat] mean and std.dev: (107.98, 44.10)
[M::mem_pestat] low and high boundaries for proper pairs: (1, 330)
[M::mem_pestat] analyzing insert size distribution for orientation FR...
[M::mem_pestat] (25, 50, 75) percentile: (135, 164, 197)
[M::mem_pestat] low and high boundaries for computing mean and std.dev: (11, 321)
[M::mem_pestat] mean and std.dev: (167.22, 45.54)
[M::mem_pestat] low and high boundaries for proper pairs: (1, 383)
[M::mem_pestat] analyzing insert size distribution for orientation RF...
[M::mem_pestat] (25, 50, 75) percentile: (64, 209, 472)
[M::mem_pestat] low and high boundaries for computing mean and std.dev: (1, 1288)
[M::mem_pestat] mean and std.dev: (215.47, 207.70)
[M::mem_pestat] low and high boundaries for proper pairs: (1, 1696)
[M::mem_pestat] analyzing insert size distribution for orientation RR...
[M::mem_pestat] (25, 50, 75) percentile: (75, 95, 134)
[M::mem_pestat] low and high boundaries for computing mean and std.dev: (1, 252)
[M::mem_pestat] mean and std.dev: (101.70, 40.12)
[M::mem_pestat] low and high boundaries for proper pairs: (1, 311)
[M::mem_pestat] skip orientation FF
[M::mem_pestat] skip orientation RF
[M::mem_pestat] skip orientation RR
[M::mem_process_seqs] Processed 1695610 reads in 1829.429 CPU sec, 78.789 real sec
