[M::bwa_idx_load_from_disk] read 0 ALT contigs
[M::process] read 1671356 sequences (240000293 bp)...
[M::process] read 1669016 sequences (240000281 bp)...
[M::mem_pestat] # candidate unique pairs for (FF, FR, RF, RR): (584, 523129, 60, 611)
[M::mem_pestat] analyzing insert size distribution for orientation FF...
[M::mem_pestat] (25, 50, 75) percentile: (107, 148, 229)
[M::mem_pestat] low and high boundaries for computing mean and std.dev: (1, 473)
[M::mem_pestat] mean and std.dev: (159.73, 79.51)
[M::mem_pestat] low and high boundaries for proper pairs: (1, 595)
[M::mem_pestat] analyzing insert size distribution for orientation FR...
[M::mem_pestat] (25, 50, 75) percentile: (155, 191, 240)
[M::mem_pestat] low and high boundaries for computing mean and std.dev: (1, 410)
[M::mem_pestat] mean and std.dev: (199.62, 63.74)
[M::mem_pestat] low and high boundaries for proper pairs: (1, 495)
[M::mem_pestat] analyzing insert size distribution for orientation RF...
[M::mem_pestat] (25, 50, 75) percentile: (70, 211, 882)
[M::mem_pestat] low and high boundaries for computing mean and std.dev: (1, 2506)
[M::mem_pestat] mean and std.dev: (298.65, 426.12)
[M::mem_pestat] low and high boundaries for proper pairs: (1, 3318)
[M::mem_pestat] analyzing insert size distribution for orientation RR...
[M::mem_pestat] (25, 50, 75) percentile: (110, 157, 255)
[M::mem_pestat] low and high boundaries for computing mean and std.dev: (1, 545)
[M::mem_pestat] mean and std.dev: (182.02, 100.26)
[M::mem_pestat] low and high boundaries for proper pairs: (1, 690)
[M::mem_pestat] skip orientation FF
[M::mem_pestat] skip orientation RF
[M::mem_pestat] skip orientation RR
[M::mem_process_seqs] Processed 1671356 reads in 1851.958 CPU sec, 78.334 real sec
[M::process] read 1668766 sequences (240000059 bp)...
[M::mem_pestat] # candidate unique pairs for (FF, FR, RF, RR): (551, 522452, 84, 633)
[M::mem_pestat] analyzing insert size distribution for orientation FF...
[M::mem_pestat] (25, 50, 75) percentile: (109, 151, 241)
[M::mem_pestat] low and high boundaries for computing mean and std.dev: (1, 505)
[M::mem_pestat] mean and std.dev: (168.83, 88.62)
[M::mem_pestat] low and high boundaries for proper pairs: (1, 637)
[M::mem_pestat] analyzing insert size distribution for orientation FR...
[M::mem_pestat] (25, 50, 75) percentile: (155, 191, 239)
[M::mem_pestat] low and high boundaries for computing mean and std.dev: (1, 407)
[M::mem_pestat] mean and std.dev: (199.35, 63.43)
[M::mem_pestat] low and high boundaries for proper pairs: (1, 491)
[M::mem_pestat] analyzing insert size distribution for orientation RF...
[M::mem_pestat] (25, 50, 75) percentile: (75, 198, 1223)
[M::mem_pestat] low and high boundaries for computing mean and std.dev: (1, 3519)
[M::mem_pestat] mean and std.dev: (521.45, 803.15)
[M::mem_pestat] low and high boundaries for proper pairs: (1, 4667)
[M::mem_pestat] analyzing insert size distribution for orientation RR...
[M::mem_pestat] (25, 50, 75) percentile: (114, 171, 269)
[M::mem_pestat] low and high boundaries for computing mean and std.dev: (1, 579)
[M::mem_pestat] mean and std.dev: (188.74, 106.45)
[M::mem_pestat] low and high boundaries for proper pairs: (1, 734)
[M::mem_pestat] skip orientation FF
[M::mem_pestat] skip orientation RF
[M::mem_pestat] skip orientation RR
[M::mem_process_seqs] Processed 1669016 reads in 1872.114 CPU sec, 80.195 real sec
[M::process] read 1667186 sequences (240000173 bp)...
[M::mem_pestat] # candidate unique pairs for (FF, FR, RF, RR): (589, 523005, 77, 625)
[M::mem_pestat] analyzing insert size distribution for orientation FF...
[M::mem_pestat] (25, 50, 75) percentile: (107, 151, 243)
[M::mem_pestat] low and high boundaries for computing mean and std.dev: (1, 515)
[M::mem_pestat] mean and std.dev: (171.20, 90.57)
[M::mem_pestat] low and high boundaries for proper pairs: (1, 651)
[M::mem_pestat] analyzing insert size distribution for orientation FR...
[M::mem_pestat] (25, 50, 75) percentile: (155, 191, 239)
[M::mem_pestat] low and high boundaries for computing mean and std.dev: (1, 407)
[M::mem_pestat] mean and std.dev: (199.29, 63.37)
[M::mem_pestat] low and high boundaries for proper pairs: (1, 491)
[M::mem_pestat] analyzing insert size distribution for orientation RF...
[M::mem_pestat] (25, 50, 75) percentile: (116, 368, 1405)
[M::mem_pestat] low and high boundaries for computing mean and std.dev: (1, 3983)
[M::mem_pestat] mean and std.dev: (561.78, 809.60)
[M::mem_pestat] low and high boundaries for proper pairs: (1, 5272)
[M::mem_pestat] analyzing insert size distribution for orientation RR...
[M::mem_pestat] (25, 50, 75) percentile: (109, 158, 238)
[M::mem_pestat] low and high boundaries for computing mean and std.dev: (1, 496)
[M::mem_pestat] mean and std.dev: (165.39, 81.94)
[M::mem_pestat] low and high boundaries for proper pairs: (1, 625)
[M::mem_pestat] skip orientation FF
[M::mem_pestat] skip orientation RF
[M::mem_pestat] skip orientation RR
[M::mem_process_seqs] Processed 1668766 reads in 1881.548 CPU sec, 81.122 real sec
[M::process] read 1667766 sequences (240000015 bp)...
[M::mem_pestat] # candidate unique pairs for (FF, FR, RF, RR): (564, 523111, 66, 604)
[M::mem_pestat] analyzing insert size distribution for orientation FF...
[M::mem_pestat] (25, 50, 75) percentile: (109, 152, 234)
[M::mem_pestat] low and high boundaries for computing mean and std.dev: (1, 484)
[M::mem_pestat] mean and std.dev: (166.98, 82.01)
[M::mem_pestat] low and high boundaries for proper pairs: (1, 609)
[M::mem_pestat] analyzing insert size distribution for orientation FR...
[M::mem_pestat] (25, 50, 75) percentile: (156, 192, 240)
[M::mem_pestat] low and high boundaries for computing mean and std.dev: (1, 408)
[M::mem_pestat] mean and std.dev: (200.07, 63.64)
[M::mem_pestat] low and high boundaries for proper pairs: (1, 492)
[M::mem_pestat] analyzing insert size distribution for orientation RF...
[M::mem_pestat] (25, 50, 75) percentile: (58, 176, 936)
[M::mem_pestat] low and high boundaries for computing mean and std.dev: (1, 2692)
[M::mem_pestat] mean and std.dev: (340.52, 470.08)
[M::mem_pestat] low and high boundaries for proper pairs: (1, 3570)
[M::mem_pestat] analyzing insert size distribution for orientation RR...
[M::mem_pestat] (25, 50, 75) percentile: (108, 155, 242)
[M::mem_pestat] low and high boundaries for computing mean and std.dev: (1, 510)
[M::mem_pestat] mean and std.dev: (172.72, 91.93)
[M::mem_pestat] low and high boundaries for proper pairs: (1, 644)
[M::mem_pestat] skip orientation FF
[M::mem_pestat] skip orientation RF
[M::mem_pestat] skip orientation RR
[M::mem_process_seqs] Processed 1667186 reads in 1888.333 CPU sec, 81.297 real sec
[M::process] read 1668030 sequences (240000010 bp)...
[M::mem_pestat] # candidate unique pairs for (FF, FR, RF, RR): (634, 522146, 80, 633)
[M::mem_pestat] analyzing insert size distribution for orientation FF...
[M::mem_pestat] (25, 50, 75) percentile: (106, 154, 242)
[M::mem_pestat] low and high boundaries for computing mean and std.dev: (1, 514)
[M::mem_pestat] mean and std.dev: (171.22, 95.55)
[M::mem_pestat] low and high boundaries for proper pairs: (1, 650)
[M::mem_pestat] analyzing insert size distribution for orientation FR...
[M::mem_pestat] (25, 50, 75) percentile: (155, 191, 240)
[M::mem_pestat] low and high boundaries for computing mean and std.dev: (1, 410)
[M::mem_pestat] mean and std.dev: (199.79, 63.84)
[M::mem_pestat] low and high boundaries for proper pairs: (1, 495)
[M::mem_pestat] analyzing insert size distribution for orientation RF...
[M::mem_pestat] (25, 50, 75) percentile: (100, 428, 1318)
[M::mem_pestat] low and high boundaries for computing mean and std.dev: (1, 3754)
[M::mem_pestat] mean and std.dev: (541.96, 634.47)
[M::mem_pestat] low and high boundaries for proper pairs: (1, 4972)
[M::mem_pestat] analyzing insert size distribution for orientation RR...
[M::mem_pestat] (25, 50, 75) percentile: (111, 154, 255)
[M::mem_pestat] low and high boundaries for computing mean and std.dev: (1, 543)
[M::mem_pestat] mean and std.dev: (179.35, 101.03)
[M::mem_pestat] low and high boundaries for proper pairs: (1, 687)
[M::mem_pestat] skip orientation FF
[M::mem_pestat] skip orientation RF
[M::mem_pestat] skip orientation RR
[M::mem_process_seqs] Processed 1667766 reads in 1889.986 CPU sec, 81.312 real sec
[M::process] read 1666072 sequences (240000155 bp)...
[M::mem_pestat] # candidate unique pairs for (FF, FR, RF, RR): (565, 522461, 83, 560)
[M::mem_pestat] analyzing insert size distribution for orientation FF...
[M::mem_pestat] (25, 50, 75) percentile: (109, 149, 231)
[M::mem_pestat] low and high boundaries for computing mean and std.dev: (1, 475)
[M::mem_pestat] mean and std.dev: (167.25, 85.37)
[M::mem_pestat] low and high boundaries for proper pairs: (1, 597)
[M::mem_pestat] analyzing insert size distribution for orientation FR...
[M::mem_pestat] (25, 50, 75) percentile: (155, 192, 240)
[M::mem_pestat] low and high boundaries for computing mean and std.dev: (1, 410)
[M::mem_pestat] mean and std.dev: (200.02, 63.86)
[M::mem_pestat] low and high boundaries for proper pairs: (1, 495)
[M::mem_pestat] analyzing insert size distribution for orientation RF...
[M::mem_pestat] (25, 50, 75) percentile: (59, 190, 922)
[M::mem_pestat] low and high boundaries for computing mean and std.dev: (1, 2648)
[M::mem_pestat] mean and std.dev: (416.73, 586.75)
[M::mem_pestat] low and high boundaries for proper pairs: (1, 3511)
[M::mem_pestat] analyzing insert size distribution for orientation RR...
[M::mem_pestat] (25, 50, 75) percentile: (111, 157, 254)
[M::mem_pestat] low and high boundaries for computing mean and std.dev: (1, 540)
[M::mem_pestat] mean and std.dev: (180.47, 98.51)
[M::mem_pestat] low and high boundaries for proper pairs: (1, 683)
[M::mem_pestat] skip orientation FF
[M::mem_pestat] skip orientation RF
[M::mem_pestat] skip orientation RR
[M::mem_process_seqs] Processed 1668030 reads in 1895.070 CPU sec, 81.567 real sec
[M::process] read 1664928 sequences (240000225 bp)...
[M::mem_pestat] # candidate unique pairs for (FF, FR, RF, RR): (548, 522307, 82, 570)
[M::mem_pestat] analyzing insert size distribution for orientation FF...
[M::mem_pestat] (25, 50, 75) percentile: (105, 156, 239)
[M::mem_pestat] low and high boundaries for computing mean and std.dev: (1, 507)
[M::mem_pestat] mean and std.dev: (171.29, 91.78)
[M::mem_pestat] low and high boundaries for proper pairs: (1, 641)
[M::mem_pestat] analyzing insert size distribution for orientation FR...
[M::mem_pestat] (25, 50, 75) percentile: (156, 192, 240)
[M::mem_pestat] low and high boundaries for computing mean and std.dev: (1, 408)
[M::mem_pestat] mean and std.dev: (199.98, 63.64)
[M::mem_pestat] low and high boundaries for proper pairs: (1, 492)
[M::mem_pestat] analyzing insert size distribution for orientation RF...
[M::mem_pestat] (25, 50, 75) percentile: (78, 227, 958)
[M::mem_pestat] low and high boundaries for computing mean and std.dev: (1, 2718)
[M::mem_pestat] mean and std.dev: (446.58, 562.20)
[M::mem_pestat] low and high boundaries for proper pairs: (1, 3598)
[M::mem_pestat] analyzing insert size distribution for orientation RR...
[M::mem_pestat] (25, 50, 75) percentile: (109, 168, 253)
[M::mem_pestat] low and high boundaries for computing mean and std.dev: (1, 541)
[M::mem_pestat] mean and std.dev: (178.20, 96.73)
[M::mem_pestat] low and high boundaries for proper pairs: (1, 685)
[M::mem_pestat] skip orientation FF
[M::mem_pestat] skip orientation RF
[M::mem_pestat] skip orientation RR
[M::mem_process_seqs] Processed 1666072 reads in 1892.058 CPU sec, 81.399 real sec
[M::process] read 1664954 sequences (240000014 bp)...
[M::mem_pestat] # candidate unique pairs for (FF, FR, RF, RR): (631, 521792, 62, 599)
[M::mem_pestat] analyzing insert size distribution for orientation FF...
[M::mem_pestat] (25, 50, 75) percentile: (113, 158, 249)
[M::mem_pestat] low and high boundaries for computing mean and std.dev: (1, 521)
[M::mem_pestat] mean and std.dev: (174.51, 89.82)
[M::mem_pestat] low and high boundaries for proper pairs: (1, 657)
[M::mem_pestat] analyzing insert size distribution for orientation FR...
[M::mem_pestat] (25, 50, 75) percentile: (156, 192, 240)
[M::mem_pestat] low and high boundaries for computing mean and std.dev: (1, 408)
[M::mem_pestat] mean and std.dev: (200.24, 63.68)
[M::mem_pestat] low and high boundaries for proper pairs: (1, 492)
[M::mem_pestat] analyzing insert size distribution for orientation RF...
[M::mem_pestat] (25, 50, 75) percentile: (75, 188, 665)
[M::mem_pestat] low and high boundaries for computing mean and std.dev: (1, 1845)
[M::mem_pestat] mean and std.dev: (280.89, 352.00)
[M::mem_pestat] low and high boundaries for proper pairs: (1, 2435)
[M::mem_pestat] analyzing insert size distribution for orientation RR...
[M::mem_pestat] (25, 50, 75) percentile: (106, 157, 240)
[M::mem_pestat] low and high boundaries for computing mean and std.dev: (1, 508)
[M::mem_pestat] mean and std.dev: (173.69, 92.29)
[M::mem_pestat] low and high boundaries for proper pairs: (1, 642)
[M::mem_pestat] skip orientation FF
[M::mem_pestat] skip orientation RF
[M::mem_pestat] skip orientation RR
[M::mem_process_seqs] Processed 1664928 reads in 1892.322 CPU sec, 81.012 real sec
[M::process] read 1668818 sequences (240000226 bp)...
[M::mem_pestat] # candidate unique pairs for (FF, FR, RF, RR): (613, 522451, 67, 668)
[M::mem_pestat] analyzing insert size distribution for orientation FF...
[M::mem_pestat] (25, 50, 75) percentile: (109, 159, 243)
[M::mem_pestat] low and high boundaries for computing mean and std.dev: (1, 511)
[M::mem_pestat] mean and std.dev: (171.60, 88.43)
[M::mem_pestat] low and high boundaries for proper pairs: (1, 645)
[M::mem_pestat] analyzing insert size distribution for orientation FR...
[M::mem_pestat] (25, 50, 75) percentile: (156, 192, 241)
[M::mem_pestat] low and high boundaries for computing mean and std.dev: (1, 411)
[M::mem_pestat] mean and std.dev: (200.78, 64.29)
[M::mem_pestat] low and high boundaries for proper pairs: (1, 496)
[M::mem_pestat] analyzing insert size distribution for orientation RF...
[M::mem_pestat] (25, 50, 75) percentile: (59, 198, 869)
[M::mem_pestat] low and high boundaries for computing mean and std.dev: (1, 2489)
[M::mem_pestat] mean and std.dev: (437.82, 521.63)
[M::mem_pestat] low and high boundaries for proper pairs: (1, 3299)
[M::mem_pestat] analyzing insert size distribution for orientation RR...
[M::mem_pestat] (25, 50, 75) percentile: (112, 158, 245)
[M::mem_pestat] low and high boundaries for computing mean and std.dev: (1, 511)
[M::mem_pestat] mean and std.dev: (175.83, 95.01)
[M::mem_pestat] low and high boundaries for proper pairs: (1, 644)
[M::mem_pestat] skip orientation FF
[M::mem_pestat] skip orientation RF
[M::mem_pestat] skip orientation RR
[M::mem_process_seqs] Processed 1664954 reads in 1886.583 CPU sec, 81.140 real sec
[M::process] read 1663950 sequences (240000253 bp)...
[M::mem_pestat] # candidate unique pairs for (FF, FR, RF, RR): (624, 522803, 74, 618)
[M::mem_pestat] analyzing insert size distribution for orientation FF...
[M::mem_pestat] (25, 50, 75) percentile: (111, 159, 252)
[M::mem_pestat] low and high boundaries for computing mean and std.dev: (1, 534)
[M::mem_pestat] mean and std.dev: (178.12, 97.21)
[M::mem_pestat] low and high boundaries for proper pairs: (1, 675)
[M::mem_pestat] analyzing insert size distribution for orientation FR...
[M::mem_pestat] (25, 50, 75) percentile: (156, 193, 242)
[M::mem_pestat] low and high boundaries for computing mean and std.dev: (1, 414)
[M::mem_pestat] mean and std.dev: (201.23, 64.54)
[M::mem_pestat] low and high boundaries for proper pairs: (1, 500)
[M::mem_pestat] analyzing insert size distribution for orientation RF...
[M::mem_pestat] (25, 50, 75) percentile: (83, 188, 1346)
[M::mem_pestat] low and high boundaries for computing mean and std.dev: (1, 3872)
[M::mem_pestat] mean and std.dev: (374.57, 588.84)
[M::mem_pestat] low and high boundaries for proper pairs: (1, 5135)
[M::mem_pestat] analyzing insert size distribution for orientation RR...
[M::mem_pestat] (25, 50, 75) percentile: (114, 153, 252)
[M::mem_pestat] low and high boundaries for computing mean and std.dev: (1, 528)
[M::mem_pestat] mean and std.dev: (176.16, 93.95)
[M::mem_pestat] low and high boundaries for proper pairs: (1, 666)
[M::mem_pestat] skip orientation FF
[M::mem_pestat] skip orientation RF
[M::mem_pestat] skip orientation RR
[M::mem_process_seqs] Processed 1668818 reads in 1893.421 CPU sec, 81.483 real sec
[M::process] read 1664804 sequences (240000236 bp)...
[M::mem_pestat] # candidate unique pairs for (FF, FR, RF, RR): (645, 521294, 73, 626)
[M::mem_pestat] analyzing insert size distribution for orientation FF...
[M::mem_pestat] (25, 50, 75) percentile: (113, 160, 245)
[M::mem_pestat] low and high boundaries for computing mean and std.dev: (1, 509)
[M::mem_pestat] mean and std.dev: (170.86, 83.93)
[M::mem_pestat] low and high boundaries for proper pairs: (1, 641)
[M::mem_pestat] analyzing insert size distribution for orientation FR...
[M::mem_pestat] (25, 50, 75) percentile: (156, 192, 241)
[M::mem_pestat] low and high boundaries for computing mean and std.dev: (1, 411)
[M::mem_pestat] mean and std.dev: (200.82, 64.08)
[M::mem_pestat] low and high boundaries for proper pairs: (1, 496)
[M::mem_pestat] analyzing insert size distribution for orientation RF...
[M::mem_pestat] (25, 50, 75) percentile: (108, 352, 1457)
[M::mem_pestat] low and high boundaries for computing mean and std.dev: (1, 4155)
[M::mem_pestat] mean and std.dev: (474.97, 648.62)
[M::mem_pestat] low and high boundaries for proper pairs: (1, 5504)
[M::mem_pestat] analyzing insert size distribution for orientation RR...
[M::mem_pestat] (25, 50, 75) percentile: (115, 161, 249)
[M::mem_pestat] low and high boundaries for computing mean and std.dev: (1, 517)
[M::mem_pestat] mean and std.dev: (174.89, 88.76)
[M::mem_pestat] low and high boundaries for proper pairs: (1, 651)
[M::mem_pestat] skip orientation FF
[M::mem_pestat] skip orientation RF
[M::mem_pestat] skip orientation RR
[M::mem_process_seqs] Processed 1663950 reads in 1888.853 CPU sec, 81.297 real sec
[M::process] read 1664264 sequences (240000156 bp)...
[M::mem_pestat] # candidate unique pairs for (FF, FR, RF, RR): (615, 522228, 80, 607)
[M::mem_pestat] analyzing insert size distribution for orientation FF...
[M::mem_pestat] (25, 50, 75) percentile: (108, 153, 238)
[M::mem_pestat] low and high boundaries for computing mean and std.dev: (1, 498)
[M::mem_pestat] mean and std.dev: (169.55, 85.87)
[M::mem_pestat] low and high boundaries for proper pairs: (1, 628)
[M::mem_pestat] analyzing insert size distribution for orientation FR...
[M::mem_pestat] (25, 50, 75) percentile: (156, 192, 240)
[M::mem_pestat] low and high boundaries for computing mean and std.dev: (1, 408)
[M::mem_pestat] mean and std.dev: (200.04, 63.49)
[M::mem_pestat] low and high boundaries for proper pairs: (1, 492)
[M::mem_pestat] analyzing insert size distribution for orientation RF...
[M::mem_pestat] (25, 50, 75) percentile: (101, 376, 1625)
[M::mem_pestat] low and high boundaries for computing mean and std.dev: (1, 4673)
[M::mem_pestat] mean and std.dev: (739.30, 1104.60)
[M::mem_pestat] low and high boundaries for proper pairs: (1, 6197)
[M::mem_pestat] analyzing insert size distribution for orientation RR...
[M::mem_pestat] (25, 50, 75) percentile: (109, 150, 245)
[M::mem_pestat] low and high boundaries for computing mean and std.dev: (1, 517)
[M::mem_pestat] mean and std.dev: (175.22, 95.84)
[M::mem_pestat] low and high boundaries for proper pairs: (1, 653)
[M::mem_pestat] skip orientation FF
[M::mem_pestat] skip orientation RF
[M::mem_pestat] skip orientation RR
[M::mem_process_seqs] Processed 1664804 reads in 1887.604 CPU sec, 81.252 real sec
[M::process] read 1662824 sequences (240000026 bp)...
[M::mem_pestat] # candidate unique pairs for (FF, FR, RF, RR): (596, 522291, 86, 593)
[M::mem_pestat] analyzing insert size distribution for orientation FF...
[M::mem_pestat] (25, 50, 75) percentile: (111, 153, 229)
[M::mem_pestat] low and high boundaries for computing mean and std.dev: (1, 465)
[M::mem_pestat] mean and std.dev: (167.02, 79.53)
[M::mem_pestat] low and high boundaries for proper pairs: (1, 583)
[M::mem_pestat] analyzing insert size distribution for orientation FR...
[M::mem_pestat] (25, 50, 75) percentile: (156, 192, 240)
[M::mem_pestat] low and high boundaries for computing mean and std.dev: (1, 408)
[M::mem_pestat] mean and std.dev: (200.30, 63.71)
[M::mem_pestat] low and high boundaries for proper pairs: (1, 492)
[M::mem_pestat] analyzing insert size distribution for orientation RF...
[M::mem_pestat] (25, 50, 75) percentile: (71, 231, 989)
[M::mem_pestat] low and high boundaries for computing mean and std.dev: (1, 2825)
[M::mem_pestat] mean and std.dev: (367.52, 521.39)
[M::mem_pestat] low and high boundaries for proper pairs: (1, 3743)
[M::mem_pestat] analyzing insert size distribution for orientation RR...
[M::mem_pestat] (25, 50, 75) percentile: (115, 159, 256)
[M::mem_pestat] low and high boundaries for computing mean and std.dev: (1, 538)
[M::mem_pestat] mean and std.dev: (180.95, 100.01)
[M::mem_pestat] low and high boundaries for proper pairs: (1, 679)
[M::mem_pestat] skip orientation FF
[M::mem_pestat] skip orientation RF
[M::mem_pestat] skip orientation RR
[M::mem_process_seqs] Processed 1664264 reads in 1884.245 CPU sec, 81.069 real sec
[M::process] read 1661750 sequences (240000138 bp)...
[M::mem_pestat] # candidate unique pairs for (FF, FR, RF, RR): (606, 521847, 74, 609)
[M::mem_pestat] analyzing insert size distribution for orientation FF...
[M::mem_pestat] (25, 50, 75) percentile: (112, 155, 231)
[M::mem_pestat] low and high boundaries for computing mean and std.dev: (1, 469)
[M::mem_pestat] mean and std.dev: (171.07, 86.26)
[M::mem_pestat] low and high boundaries for proper pairs: (1, 588)
[M::mem_pestat] analyzing insert size distribution for orientation FR...
[M::mem_pestat] (25, 50, 75) percentile: (156, 192, 241)
[M::mem_pestat] low and high boundaries for computing mean and std.dev: (1, 411)
[M::mem_pestat] mean and std.dev: (200.73, 63.97)
[M::mem_pestat] low and high boundaries for proper pairs: (1, 496)
[M::mem_pestat] analyzing insert size distribution for orientation RF...
[M::mem_pestat] (25, 50, 75) percentile: (66, 218, 980)
[M::mem_pestat] low and high boundaries for computing mean and std.dev: (1, 2808)
[M::mem_pestat] mean and std.dev: (455.71, 612.95)
[M::mem_pestat] low and high boundaries for proper pairs: (1, 3722)
[M::mem_pestat] analyzing insert size distribution for orientation RR...
[M::mem_pestat] (25, 50, 75) percentile: (110, 156, 231)
[M::mem_pestat] low and high boundaries for computing mean and std.dev: (1, 473)
[M::mem_pestat] mean and std.dev: (168.05, 83.22)
[M::mem_pestat] low and high boundaries for proper pairs: (1, 594)
[M::mem_pestat] skip orientation FF
[M::mem_pestat] skip orientation RF
[M::mem_pestat] skip orientation RR
[M::mem_process_seqs] Processed 1662824 reads in 1881.422 CPU sec, 80.478 real sec
[M::process] read 1661914 sequences (240000177 bp)...
[M::mem_pestat] # candidate unique pairs for (FF, FR, RF, RR): (582, 521848, 72, 599)
[M::mem_pestat] analyzing insert size distribution for orientation FF...
[M::mem_pestat] (25, 50, 75) percentile: (106, 149, 223)
[M::mem_pestat] low and high boundaries for computing mean and std.dev: (1, 457)
[M::mem_pestat] mean and std.dev: (161.05, 79.85)
[M::mem_pestat] low and high boundaries for proper pairs: (1, 574)
[M::mem_pestat] analyzing insert size distribution for orientation FR...
[M::mem_pestat] (25, 50, 75) percentile: (156, 193, 242)
[M::mem_pestat] low and high boundaries for computing mean and std.dev: (1, 414)
[M::mem_pestat] mean and std.dev: (201.53, 64.53)
[M::mem_pestat] low and high boundaries for proper pairs: (1, 500)
[M::mem_pestat] analyzing insert size distribution for orientation RF...
[M::mem_pestat] (25, 50, 75) percentile: (92, 179, 817)
[M::mem_pestat] low and high boundaries for computing mean and std.dev: (1, 2267)
[M::mem_pestat] mean and std.dev: (309.95, 408.31)
[M::mem_pestat] low and high boundaries for proper pairs: (1, 2992)
[M::mem_pestat] analyzing insert size distribution for orientation RR...
[M::mem_pestat] (25, 50, 75) percentile: (109, 155, 237)
[M::mem_pestat] low and high boundaries for computing mean and std.dev: (1, 493)
[M::mem_pestat] mean and std.dev: (172.08, 90.64)
[M::mem_pestat] low and high boundaries for proper pairs: (1, 621)
[M::mem_pestat] skip orientation FF
[M::mem_pestat] skip orientation RF
[M::mem_pestat] skip orientation RR
[M::mem_process_seqs] Processed 1661750 reads in 1895.869 CPU sec, 81.564 real sec
[M::process] read 1665524 sequences (240000119 bp)...
[M::mem_pestat] # candidate unique pairs for (FF, FR, RF, RR): (580, 520832, 73, 626)
[M::mem_pestat] analyzing insert size distribution for orientation FF...
[M::mem_pestat] (25, 50, 75) percentile: (107, 159, 255)
[M::mem_pestat] low and high boundaries for computing mean and std.dev: (1, 551)
[M::mem_pestat] mean and std.dev: (172.20, 92.55)
[M::mem_pestat] low and high boundaries for proper pairs: (1, 699)
[M::mem_pestat] analyzing insert size distribution for orientation FR...
[M::mem_pestat] (25, 50, 75) percentile: (156, 193, 242)
[M::mem_pestat] low and high boundaries for computing mean and std.dev: (1, 414)
[M::mem_pestat] mean and std.dev: (201.63, 64.50)
[M::mem_pestat] low and high boundaries for proper pairs: (1, 500)
[M::mem_pestat] analyzing insert size distribution for orientation RF...
[M::mem_pestat] (25, 50, 75) percentile: (75, 270, 772)
[M::mem_pestat] low and high boundaries for computing mean and std.dev: (1, 2166)
[M::mem_pestat] mean and std.dev: (319.69, 412.17)
[M::mem_pestat] low and high boundaries for proper pairs: (1, 2863)
[M::mem_pestat] analyzing insert size distribution for orientation RR...
[M::mem_pestat] (25, 50, 75) percentile: (109, 153, 256)
[M::mem_pestat] low and high boundaries for computing mean and std.dev: (1, 550)
[M::mem_pestat] mean and std.dev: (178.68, 101.19)
[M::mem_pestat] low and high boundaries for proper pairs: (1, 697)
[M::mem_pestat] skip orientation FF
[M::mem_pestat] skip orientation RF
[M::mem_pestat] skip orientation RR
[M::mem_process_seqs] Processed 1661914 reads in 1895.891 CPU sec, 81.524 real sec
[M::process] read 1667580 sequences (240000038 bp)...
[M::mem_pestat] # candidate unique pairs for (FF, FR, RF, RR): (559, 521988, 82, 656)
[M::mem_pestat] analyzing insert size distribution for orientation FF...
[M::mem_pestat] (25, 50, 75) percentile: (113, 153, 235)
[M::mem_pestat] low and high boundaries for computing mean and std.dev: (1, 479)
[M::mem_pestat] mean and std.dev: (172.08, 86.60)
[M::mem_pestat] low and high boundaries for proper pairs: (1, 601)
[M::mem_pestat] analyzing insert size distribution for orientation FR...
[M::mem_pestat] (25, 50, 75) percentile: (156, 192, 241)
[M::mem_pestat] low and high boundaries for computing mean and std.dev: (1, 411)
[M::mem_pestat] mean and std.dev: (200.81, 64.16)
[M::mem_pestat] low and high boundaries for proper pairs: (1, 496)
[M::mem_pestat] analyzing insert size distribution for orientation RF...
[M::mem_pestat] (25, 50, 75) percentile: (106, 567, 2239)
[M::mem_pestat] low and high boundaries for computing mean and std.dev: (1, 6505)
[M::mem_pestat] mean and std.dev: (1164.93, 1602.72)
[M::mem_pestat] low and high boundaries for proper pairs: (1, 8638)
[M::mem_pestat] analyzing insert size distribution for orientation RR...
[M::mem_pestat] (25, 50, 75) percentile: (114, 162, 246)
[M::mem_pestat] low and high boundaries for computing mean and std.dev: (1, 510)
[M::mem_pestat] mean and std.dev: (174.95, 91.07)
[M::mem_pestat] low and high boundaries for proper pairs: (1, 642)
[M::mem_pestat] skip orientation FF
[M::mem_pestat] skip orientation RF
[M::mem_pestat] skip orientation RR
[M::mem_process_seqs] Processed 1665524 reads in 1897.188 CPU sec, 81.565 real sec
[M::process] read 1666210 sequences (240000108 bp)...
[M::mem_pestat] # candidate unique pairs for (FF, FR, RF, RR): (608, 522499, 70, 544)
[M::mem_pestat] analyzing insert size distribution for orientation FF...
[M::mem_pestat] (25, 50, 75) percentile: (116, 166, 234)
[M::mem_pestat] low and high boundaries for computing mean and std.dev: (1, 470)
[M::mem_pestat] mean and std.dev: (170.65, 81.25)
[M::mem_pestat] low and high boundaries for proper pairs: (1, 588)
[M::mem_pestat] analyzing insert size distribution for orientation FR...
[M::mem_pestat] (25, 50, 75) percentile: (156, 192, 240)
[M::mem_pestat] low and high boundaries for computing mean and std.dev: (1, 408)
[M::mem_pestat] mean and std.dev: (200.06, 63.71)
[M::mem_pestat] low and high boundaries for proper pairs: (1, 492)
[M::mem_pestat] analyzing insert size distribution for orientation RF...
[M::mem_pestat] (25, 50, 75) percentile: (90, 234, 776)
[M::mem_pestat] low and high boundaries for computing mean and std.dev: (1, 2148)
[M::mem_pestat] mean and std.dev: (324.53, 436.59)
[M::mem_pestat] low and high boundaries for proper pairs: (1, 2834)
[M::mem_pestat] analyzing insert size distribution for orientation RR...
[M::mem_pestat] (25, 50, 75) percentile: (117, 168, 271)
[M::mem_pestat] low and high boundaries for computing mean and std.dev: (1, 579)
[M::mem_pestat] mean and std.dev: (190.16, 105.53)
[M::mem_pestat] low and high boundaries for proper pairs: (1, 733)
[M::mem_pestat] skip orientation FF
[M::mem_pestat] skip orientation RF
[M::mem_pestat] skip orientation RR
[M::mem_process_seqs] Processed 1667580 reads in 1891.841 CPU sec, 81.450 real sec
[M::process] read 1665736 sequences (240000171 bp)...
[M::mem_pestat] # candidate unique pairs for (FF, FR, RF, RR): (603, 521882, 67, 608)
[M::mem_pestat] analyzing insert size distribution for orientation FF...
[M::mem_pestat] (25, 50, 75) percentile: (111, 153, 241)
[M::mem_pestat] low and high boundaries for computing mean and std.dev: (1, 501)
[M::mem_pestat] mean and std.dev: (166.69, 86.35)
[M::mem_pestat] low and high boundaries for proper pairs: (1, 631)
[M::mem_pestat] analyzing insert size distribution for orientation FR...
[M::mem_pestat] (25, 50, 75) percentile: (156, 192, 241)
[M::mem_pestat] low and high boundaries for computing mean and std.dev: (1, 411)
[M::mem_pestat] mean and std.dev: (200.41, 64.12)
[M::mem_pestat] low and high boundaries for proper pairs: (1, 496)
[M::mem_pestat] analyzing insert size distribution for orientation RF...
[M::mem_pestat] (25, 50, 75) percentile: (108, 196, 538)
[M::mem_pestat] low and high boundaries for computing mean and std.dev: (1, 1398)
[M::mem_pestat] mean and std.dev: (252.21, 285.52)
[M::mem_pestat] low and high boundaries for proper pairs: (1, 1828)
[M::mem_pestat] analyzing insert size distribution for orientation RR...
[M::mem_pestat] (25, 50, 75) percentile: (117, 165, 267)
[M::mem_pestat] low and high boundaries for computing mean and std.dev: (1, 567)
[M::mem_pestat] mean and std.dev: (190.30, 105.58)
[M::mem_pestat] low and high boundaries for proper pairs: (1, 717)
[M::mem_pestat] skip orientation FF
[M::mem_pestat] skip orientation RF
[M::mem_pestat] skip orientation RR
