INFO	2024-07-03 09:22:39	MarkDuplicates	

********** NOTE: Picard's command line syntax is changing.
**********
********** For more information, please see:
********** https://github.com/broadinstitute/picard/wiki/Command-Line-Syntax-Transition-For-Users-(Pre-Transition)
**********
********** The command line looks like this in the new syntax:
**********
**********    MarkDuplicates -REMOVE_DUPLICATES true -ASSUME_SORTED true -VALIDATION_STRINGENCY SILENT -INPUT AMCC266081_sort.bam -OUTPUT /project/getpop/bwa_ratsnake/rmd/AMCC266081.rmd.bam -METRICS_FILE /project/getpop/bwa_ratsnake/rmd/AMCC266081.rmd.bam.metrics
**********


09:22:40.367 INFO  NativeLibraryLoader - Loading libgkl_compression.so from jar:file:/apps/u/spack/gcc/12.2.0/picard/2.26.2-xrdth7g/bin/picard.jar!/com/intel/gkl/native/libgkl_compression.so
[Wed Jul 03 09:22:40 MDT 2024] MarkDuplicates INPUT=[AMCC266081_sort.bam] OUTPUT=/project/getpop/bwa_ratsnake/rmd/AMCC266081.rmd.bam METRICS_FILE=/project/getpop/bwa_ratsnake/rmd/AMCC266081.rmd.bam.metrics REMOVE_DUPLICATES=true ASSUME_SORTED=true VALIDATION_STRINGENCY=SILENT    MAX_SEQUENCES_FOR_DISK_READ_ENDS_MAP=50000 MAX_FILE_HANDLES_FOR_READ_ENDS_MAP=8000 SORTING_COLLECTION_SIZE_RATIO=0.25 TAG_DUPLICATE_SET_MEMBERS=false REMOVE_SEQUENCING_DUPLICATES=false TAGGING_POLICY=DontTag CLEAR_DT=true DUPLEX_UMI=false ADD_PG_TAG_TO_READS=true DUPLICATE_SCORING_STRATEGY=SUM_OF_BASE_QUALITIES PROGRAM_RECORD_ID=MarkDuplicates PROGRAM_GROUP_NAME=MarkDuplicates READ_NAME_REGEX=<optimized capture of last three ':' separated fields as numeric values> OPTICAL_DUPLICATE_PIXEL_DISTANCE=100 MAX_OPTICAL_DUPLICATE_SET_SIZE=300000 VERBOSITY=INFO QUIET=false COMPRESSION_LEVEL=5 MAX_RECORDS_IN_RAM=500000 CREATE_INDEX=false CREATE_MD5_FILE=false GA4GH_CLIENT_SECRETS=client_secrets.json USE_JDK_DEFLATER=false USE_JDK_INFLATER=false
[Wed Jul 03 09:22:40 MDT 2024] Executing as sharrin2@t506 on Linux 4.18.0-513.11.1.el8_9.x86_64 amd64; OpenJDK 64-Bit Server VM 11.0.15+10; Deflater: Intel; Inflater: Intel; Provider GCS is not available; Picard version: 2.26.2
INFO	2024-07-03 09:22:40	MarkDuplicates	Start of doWork freeMemory: 397763656; totalMemory: 405536768; maxMemory: 6487212032
INFO	2024-07-03 09:22:40	MarkDuplicates	Reading input file and constructing read end information.
INFO	2024-07-03 09:22:40	MarkDuplicates	Will retain up to 23504391 data points before spilling to disk.
INFO	2024-07-03 09:22:46	MarkDuplicates	Read     1,000,000 records.  Elapsed time: 00:00:05s.  Time for last 1,000,000:    5s.  Last read position: NC_045541.1_RagTag:5,376,958
INFO	2024-07-03 09:22:46	MarkDuplicates	Tracking 96135 as yet unmatched pairs. 8785 records in RAM.
INFO	2024-07-03 09:22:49	MarkDuplicates	Read     2,000,000 records.  Elapsed time: 00:00:08s.  Time for last 1,000,000:    3s.  Last read position: NC_045541.1_RagTag:11,677,333
INFO	2024-07-03 09:22:49	MarkDuplicates	Tracking 169640 as yet unmatched pairs. 15269 records in RAM.
INFO	2024-07-03 09:22:53	MarkDuplicates	Read     3,000,000 records.  Elapsed time: 00:00:12s.  Time for last 1,000,000:    3s.  Last read position: NC_045541.1_RagTag:18,131,769
INFO	2024-07-03 09:22:53	MarkDuplicates	Tracking 241751 as yet unmatched pairs. 21081 records in RAM.
INFO	2024-07-03 09:22:56	MarkDuplicates	Read     4,000,000 records.  Elapsed time: 00:00:15s.  Time for last 1,000,000:    3s.  Last read position: NC_045541.1_RagTag:24,704,377
INFO	2024-07-03 09:22:56	MarkDuplicates	Tracking 315366 as yet unmatched pairs. 26364 records in RAM.
INFO	2024-07-03 09:22:59	MarkDuplicates	Read     5,000,000 records.  Elapsed time: 00:00:19s.  Time for last 1,000,000:    3s.  Last read position: NC_045541.1_RagTag:31,218,547
INFO	2024-07-03 09:22:59	MarkDuplicates	Tracking 386032 as yet unmatched pairs. 31216 records in RAM.
INFO	2024-07-03 09:23:03	MarkDuplicates	Read     6,000,000 records.  Elapsed time: 00:00:22s.  Time for last 1,000,000:    3s.  Last read position: NC_045541.1_RagTag:37,852,543
INFO	2024-07-03 09:23:03	MarkDuplicates	Tracking 457764 as yet unmatched pairs. 35616 records in RAM.
INFO	2024-07-03 09:23:07	MarkDuplicates	Read     7,000,000 records.  Elapsed time: 00:00:26s.  Time for last 1,000,000:    3s.  Last read position: NC_045541.1_RagTag:44,424,346
INFO	2024-07-03 09:23:07	MarkDuplicates	Tracking 527619 as yet unmatched pairs. 39385 records in RAM.
INFO	2024-07-03 09:23:10	MarkDuplicates	Read     8,000,000 records.  Elapsed time: 00:00:29s.  Time for last 1,000,000:    3s.  Last read position: NC_045541.1_RagTag:50,926,468
INFO	2024-07-03 09:23:10	MarkDuplicates	Tracking 599089 as yet unmatched pairs. 42970 records in RAM.
INFO	2024-07-03 09:23:13	MarkDuplicates	Read     9,000,000 records.  Elapsed time: 00:00:33s.  Time for last 1,000,000:    3s.  Last read position: NC_045541.1_RagTag:57,451,380
INFO	2024-07-03 09:23:13	MarkDuplicates	Tracking 666287 as yet unmatched pairs. 45810 records in RAM.
INFO	2024-07-03 09:23:17	MarkDuplicates	Read    10,000,000 records.  Elapsed time: 00:00:36s.  Time for last 1,000,000:    3s.  Last read position: NC_045541.1_RagTag:63,931,651
INFO	2024-07-03 09:23:17	MarkDuplicates	Tracking 734752 as yet unmatched pairs. 48137 records in RAM.
INFO	2024-07-03 09:23:20	MarkDuplicates	Read    11,000,000 records.  Elapsed time: 00:00:39s.  Time for last 1,000,000:    3s.  Last read position: NC_045541.1_RagTag:70,601,173
INFO	2024-07-03 09:23:20	MarkDuplicates	Tracking 803835 as yet unmatched pairs. 49461 records in RAM.
INFO	2024-07-03 09:23:24	MarkDuplicates	Read    12,000,000 records.  Elapsed time: 00:00:43s.  Time for last 1,000,000:    4s.  Last read position: NC_045541.1_RagTag:77,171,282
INFO	2024-07-03 09:23:24	MarkDuplicates	Tracking 869767 as yet unmatched pairs. 50658 records in RAM.
INFO	2024-07-03 09:23:28	MarkDuplicates	Read    13,000,000 records.  Elapsed time: 00:00:47s.  Time for last 1,000,000:    3s.  Last read position: NC_045541.1_RagTag:83,896,432
INFO	2024-07-03 09:23:28	MarkDuplicates	Tracking 936379 as yet unmatched pairs. 51494 records in RAM.
INFO	2024-07-03 09:23:31	MarkDuplicates	Read    14,000,000 records.  Elapsed time: 00:00:50s.  Time for last 1,000,000:    3s.  Last read position: NC_045541.1_RagTag:90,456,273
INFO	2024-07-03 09:23:31	MarkDuplicates	Tracking 1000721 as yet unmatched pairs. 51422 records in RAM.
INFO	2024-07-03 09:23:34	MarkDuplicates	Read    15,000,000 records.  Elapsed time: 00:00:54s.  Time for last 1,000,000:    3s.  Last read position: NC_045541.1_RagTag:97,110,851
INFO	2024-07-03 09:23:34	MarkDuplicates	Tracking 1064045 as yet unmatched pairs. 50729 records in RAM.
INFO	2024-07-03 09:23:38	MarkDuplicates	Read    16,000,000 records.  Elapsed time: 00:00:57s.  Time for last 1,000,000:    3s.  Last read position: NC_045541.1_RagTag:103,597,903
INFO	2024-07-03 09:23:38	MarkDuplicates	Tracking 1129409 as yet unmatched pairs. 49604 records in RAM.
INFO	2024-07-03 09:23:41	MarkDuplicates	Read    17,000,000 records.  Elapsed time: 00:01:00s.  Time for last 1,000,000:    3s.  Last read position: NC_045541.1_RagTag:110,109,974
INFO	2024-07-03 09:23:41	MarkDuplicates	Tracking 1192958 as yet unmatched pairs. 47969 records in RAM.
INFO	2024-07-03 09:23:44	MarkDuplicates	Read    18,000,000 records.  Elapsed time: 00:01:04s.  Time for last 1,000,000:    3s.  Last read position: NC_045541.1_RagTag:116,767,175
INFO	2024-07-03 09:23:44	MarkDuplicates	Tracking 1252473 as yet unmatched pairs. 45947 records in RAM.
INFO	2024-07-03 09:23:48	MarkDuplicates	Read    19,000,000 records.  Elapsed time: 00:01:07s.  Time for last 1,000,000:    3s.  Last read position: NC_045541.1_RagTag:123,379,706
INFO	2024-07-03 09:23:48	MarkDuplicates	Tracking 1312998 as yet unmatched pairs. 43664 records in RAM.
INFO	2024-07-03 09:23:51	MarkDuplicates	Read    20,000,000 records.  Elapsed time: 00:01:10s.  Time for last 1,000,000:    3s.  Last read position: NC_045541.1_RagTag:129,896,126
INFO	2024-07-03 09:23:51	MarkDuplicates	Tracking 1372741 as yet unmatched pairs. 40805 records in RAM.
INFO	2024-07-03 09:23:54	MarkDuplicates	Read    21,000,000 records.  Elapsed time: 00:01:13s.  Time for last 1,000,000:    3s.  Last read position: NC_045541.1_RagTag:136,346,439
INFO	2024-07-03 09:23:54	MarkDuplicates	Tracking 1434893 as yet unmatched pairs. 37365 records in RAM.
INFO	2024-07-03 09:23:59	MarkDuplicates	Read    22,000,000 records.  Elapsed time: 00:01:18s.  Time for last 1,000,000:    4s.  Last read position: NC_045541.1_RagTag:142,994,386
INFO	2024-07-03 09:23:59	MarkDuplicates	Tracking 1495831 as yet unmatched pairs. 33548 records in RAM.
INFO	2024-07-03 09:24:03	MarkDuplicates	Read    23,000,000 records.  Elapsed time: 00:01:22s.  Time for last 1,000,000:    3s.  Last read position: NC_045541.1_RagTag:149,564,130
INFO	2024-07-03 09:24:03	MarkDuplicates	Tracking 1557479 as yet unmatched pairs. 29172 records in RAM.
INFO	2024-07-03 09:24:06	MarkDuplicates	Read    24,000,000 records.  Elapsed time: 00:01:25s.  Time for last 1,000,000:    3s.  Last read position: NC_045541.1_RagTag:156,134,727
INFO	2024-07-03 09:24:06	MarkDuplicates	Tracking 1625877 as yet unmatched pairs. 23465 records in RAM.
INFO	2024-07-03 09:24:09	MarkDuplicates	Read    25,000,000 records.  Elapsed time: 00:01:29s.  Time for last 1,000,000:    3s.  Last read position: NC_045541.1_RagTag:162,838,267
INFO	2024-07-03 09:24:09	MarkDuplicates	Tracking 1697001 as yet unmatched pairs. 16972 records in RAM.
INFO	2024-07-03 09:24:26	MarkDuplicates	Read    26,000,000 records.  Elapsed time: 00:01:46s.  Time for last 1,000,000:   17s.  Last read position: NC_045541.1_RagTag:170,106,291
INFO	2024-07-03 09:24:26	MarkDuplicates	Tracking 1779696 as yet unmatched pairs. 8537 records in RAM.
INFO	2024-07-03 09:24:33	MarkDuplicates	Read    27,000,000 records.  Elapsed time: 00:01:52s.  Time for last 1,000,000:    6s.  Last read position: NC_045542.1_RagTag:99,520
INFO	2024-07-03 09:24:33	MarkDuplicates	Tracking 1867349 as yet unmatched pairs. 186010 records in RAM.
INFO	2024-07-03 09:24:36	MarkDuplicates	Read    28,000,000 records.  Elapsed time: 00:01:55s.  Time for last 1,000,000:    3s.  Last read position: NC_045542.1_RagTag:6,352,944
INFO	2024-07-03 09:24:36	MarkDuplicates	Tracking 1934043 as yet unmatched pairs. 184949 records in RAM.
INFO	2024-07-03 09:24:40	MarkDuplicates	Read    29,000,000 records.  Elapsed time: 00:01:59s.  Time for last 1,000,000:    3s.  Last read position: NC_045542.1_RagTag:12,894,307
INFO	2024-07-03 09:24:40	MarkDuplicates	Tracking 1990073 as yet unmatched pairs. 183425 records in RAM.
INFO	2024-07-03 09:24:43	MarkDuplicates	Read    30,000,000 records.  Elapsed time: 00:02:02s.  Time for last 1,000,000:    3s.  Last read position: NC_045542.1_RagTag:19,374,404
INFO	2024-07-03 09:24:43	MarkDuplicates	Tracking 2048268 as yet unmatched pairs. 181781 records in RAM.
INFO	2024-07-03 09:24:46	MarkDuplicates	Read    31,000,000 records.  Elapsed time: 00:02:06s.  Time for last 1,000,000:    3s.  Last read position: NC_045542.1_RagTag:26,034,407
INFO	2024-07-03 09:24:46	MarkDuplicates	Tracking 2106731 as yet unmatched pairs. 179330 records in RAM.
INFO	2024-07-03 09:24:50	MarkDuplicates	Read    32,000,000 records.  Elapsed time: 00:02:09s.  Time for last 1,000,000:    3s.  Last read position: NC_045542.1_RagTag:32,552,075
INFO	2024-07-03 09:24:50	MarkDuplicates	Tracking 2166584 as yet unmatched pairs. 176255 records in RAM.
INFO	2024-07-03 09:24:53	MarkDuplicates	Read    33,000,000 records.  Elapsed time: 00:02:12s.  Time for last 1,000,000:    3s.  Last read position: NC_045542.1_RagTag:39,407,642
INFO	2024-07-03 09:24:53	MarkDuplicates	Tracking 2225609 as yet unmatched pairs. 171868 records in RAM.
INFO	2024-07-03 09:24:56	MarkDuplicates	Read    34,000,000 records.  Elapsed time: 00:02:16s.  Time for last 1,000,000:    3s.  Last read position: NC_045542.1_RagTag:45,896,404
INFO	2024-07-03 09:24:56	MarkDuplicates	Tracking 2280102 as yet unmatched pairs. 167883 records in RAM.
INFO	2024-07-03 09:25:00	MarkDuplicates	Read    35,000,000 records.  Elapsed time: 00:02:19s.  Time for last 1,000,000:    3s.  Last read position: NC_045542.1_RagTag:52,253,958
INFO	2024-07-03 09:25:00	MarkDuplicates	Tracking 2332082 as yet unmatched pairs. 163149 records in RAM.
INFO	2024-07-03 09:25:03	MarkDuplicates	Read    36,000,000 records.  Elapsed time: 00:02:22s.  Time for last 1,000,000:    3s.  Last read position: NC_045542.1_RagTag:58,732,155
INFO	2024-07-03 09:25:03	MarkDuplicates	Tracking 2384581 as yet unmatched pairs. 158074 records in RAM.
INFO	2024-07-03 09:25:06	MarkDuplicates	Read    37,000,000 records.  Elapsed time: 00:02:26s.  Time for last 1,000,000:    3s.  Last read position: NC_045542.1_RagTag:65,299,599
INFO	2024-07-03 09:25:06	MarkDuplicates	Tracking 2435743 as yet unmatched pairs. 152914 records in RAM.
INFO	2024-07-03 09:25:10	MarkDuplicates	Read    38,000,000 records.  Elapsed time: 00:02:29s.  Time for last 1,000,000:    3s.  Last read position: NC_045542.1_RagTag:71,977,150
INFO	2024-07-03 09:25:10	MarkDuplicates	Tracking 2485837 as yet unmatched pairs. 146749 records in RAM.
INFO	2024-07-03 09:25:15	MarkDuplicates	Read    39,000,000 records.  Elapsed time: 00:02:34s.  Time for last 1,000,000:    5s.  Last read position: NC_045542.1_RagTag:78,549,108
INFO	2024-07-03 09:25:15	MarkDuplicates	Tracking 2537427 as yet unmatched pairs. 140218 records in RAM.
INFO	2024-07-03 09:25:18	MarkDuplicates	Read    40,000,000 records.  Elapsed time: 00:02:37s.  Time for last 1,000,000:    3s.  Last read position: NC_045542.1_RagTag:85,119,204
INFO	2024-07-03 09:25:18	MarkDuplicates	Tracking 2586659 as yet unmatched pairs. 133260 records in RAM.
INFO	2024-07-03 09:25:21	MarkDuplicates	Read    41,000,000 records.  Elapsed time: 00:02:41s.  Time for last 1,000,000:    3s.  Last read position: NC_045542.1_RagTag:91,823,211
INFO	2024-07-03 09:25:21	MarkDuplicates	Tracking 2637296 as yet unmatched pairs. 125407 records in RAM.
INFO	2024-07-03 09:25:24	MarkDuplicates	Read    42,000,000 records.  Elapsed time: 00:02:44s.  Time for last 1,000,000:    3s.  Last read position: NC_045542.1_RagTag:98,282,761
INFO	2024-07-03 09:25:24	MarkDuplicates	Tracking 2685186 as yet unmatched pairs. 117131 records in RAM.
INFO	2024-07-03 09:25:28	MarkDuplicates	Read    43,000,000 records.  Elapsed time: 00:02:47s.  Time for last 1,000,000:    3s.  Last read position: NC_045542.1_RagTag:104,420,686
INFO	2024-07-03 09:25:28	MarkDuplicates	Tracking 2731919 as yet unmatched pairs. 109049 records in RAM.
INFO	2024-07-03 09:25:31	MarkDuplicates	Read    44,000,000 records.  Elapsed time: 00:02:50s.  Time for last 1,000,000:    3s.  Last read position: NC_045542.1_RagTag:110,928,092
INFO	2024-07-03 09:25:31	MarkDuplicates	Tracking 2779903 as yet unmatched pairs. 99875 records in RAM.
INFO	2024-07-03 09:25:34	MarkDuplicates	Read    45,000,000 records.  Elapsed time: 00:02:54s.  Time for last 1,000,000:    3s.  Last read position: NC_045542.1_RagTag:117,443,476
INFO	2024-07-03 09:25:34	MarkDuplicates	Tracking 2829577 as yet unmatched pairs. 90028 records in RAM.
INFO	2024-07-03 09:25:38	MarkDuplicates	Read    46,000,000 records.  Elapsed time: 00:02:57s.  Time for last 1,000,000:    3s.  Last read position: NC_045542.1_RagTag:124,003,476
INFO	2024-07-03 09:25:38	MarkDuplicates	Tracking 2881899 as yet unmatched pairs. 78935 records in RAM.
INFO	2024-07-03 09:25:41	MarkDuplicates	Read    47,000,000 records.  Elapsed time: 00:03:00s.  Time for last 1,000,000:    3s.  Last read position: NC_045542.1_RagTag:130,418,021
INFO	2024-07-03 09:25:41	MarkDuplicates	Tracking 2933316 as yet unmatched pairs. 67416 records in RAM.
INFO	2024-07-03 09:25:44	MarkDuplicates	Read    48,000,000 records.  Elapsed time: 00:03:03s.  Time for last 1,000,000:    3s.  Last read position: NC_045542.1_RagTag:136,892,278
INFO	2024-07-03 09:25:44	MarkDuplicates	Tracking 2989940 as yet unmatched pairs. 54271 records in RAM.
INFO	2024-07-03 09:25:48	MarkDuplicates	Read    49,000,000 records.  Elapsed time: 00:03:07s.  Time for last 1,000,000:    3s.  Last read position: NC_045542.1_RagTag:143,431,126
INFO	2024-07-03 09:25:48	MarkDuplicates	Tracking 3051219 as yet unmatched pairs. 40190 records in RAM.
INFO	2024-07-03 09:25:51	MarkDuplicates	Read    50,000,000 records.  Elapsed time: 00:03:10s.  Time for last 1,000,000:    3s.  Last read position: NC_045542.1_RagTag:149,226,315
INFO	2024-07-03 09:25:51	MarkDuplicates	Tracking 3116007 as yet unmatched pairs. 25628 records in RAM.
INFO	2024-07-03 09:25:54	MarkDuplicates	Read    51,000,000 records.  Elapsed time: 00:03:14s.  Time for last 1,000,000:    3s.  Last read position: NC_045542.1_RagTag:155,704,581
INFO	2024-07-03 09:25:54	MarkDuplicates	Tracking 3183157 as yet unmatched pairs. 10623 records in RAM.
INFO	2024-07-03 09:26:14	MarkDuplicates	Read    52,000,000 records.  Elapsed time: 00:03:34s.  Time for last 1,000,000:   19s.  Last read position: NC_045543.1_RagTag:2,695,339
INFO	2024-07-03 09:26:14	MarkDuplicates	Tracking 3249470 as yet unmatched pairs. 238197 records in RAM.
INFO	2024-07-03 09:26:18	MarkDuplicates	Read    53,000,000 records.  Elapsed time: 00:03:37s.  Time for last 1,000,000:    3s.  Last read position: NC_045543.1_RagTag:9,090,775
INFO	2024-07-03 09:26:18	MarkDuplicates	Tracking 3297198 as yet unmatched pairs. 227787 records in RAM.
INFO	2024-07-03 09:26:21	MarkDuplicates	Read    54,000,000 records.  Elapsed time: 00:03:40s.  Time for last 1,000,000:    3s.  Last read position: NC_045543.1_RagTag:15,736,281
INFO	2024-07-03 09:26:21	MarkDuplicates	Tracking 3341653 as yet unmatched pairs. 217215 records in RAM.
INFO	2024-07-03 09:26:24	MarkDuplicates	Read    55,000,000 records.  Elapsed time: 00:03:43s.  Time for last 1,000,000:    3s.  Last read position: NC_045543.1_RagTag:22,386,336
INFO	2024-07-03 09:26:24	MarkDuplicates	Tracking 3387054 as yet unmatched pairs. 205887 records in RAM.
INFO	2024-07-03 09:26:43	MarkDuplicates	Read    56,000,000 records.  Elapsed time: 00:04:02s.  Time for last 1,000,000:   18s.  Last read position: NC_045543.1_RagTag:28,947,009
INFO	2024-07-03 09:26:43	MarkDuplicates	Tracking 3433507 as yet unmatched pairs. 193753 records in RAM.
INFO	2024-07-03 09:26:47	MarkDuplicates	Read    57,000,000 records.  Elapsed time: 00:04:06s.  Time for last 1,000,000:    3s.  Last read position: NC_045543.1_RagTag:35,532,468
INFO	2024-07-03 09:26:47	MarkDuplicates	Tracking 3476706 as yet unmatched pairs. 181664 records in RAM.
INFO	2024-07-03 09:26:50	MarkDuplicates	Read    58,000,000 records.  Elapsed time: 00:04:09s.  Time for last 1,000,000:    3s.  Last read position: NC_045543.1_RagTag:42,238,959
INFO	2024-07-03 09:26:50	MarkDuplicates	Tracking 3517060 as yet unmatched pairs. 169513 records in RAM.
INFO	2024-07-03 09:26:54	MarkDuplicates	Read    59,000,000 records.  Elapsed time: 00:04:13s.  Time for last 1,000,000:    3s.  Last read position: NC_045543.1_RagTag:48,811,830
INFO	2024-07-03 09:26:54	MarkDuplicates	Tracking 3557981 as yet unmatched pairs. 156947 records in RAM.
INFO	2024-07-03 09:26:57	MarkDuplicates	Read    60,000,000 records.  Elapsed time: 00:04:16s.  Time for last 1,000,000:    3s.  Last read position: NC_045543.1_RagTag:55,484,206
INFO	2024-07-03 09:26:57	MarkDuplicates	Tracking 3595918 as yet unmatched pairs. 143970 records in RAM.
INFO	2024-07-03 09:27:00	MarkDuplicates	Read    61,000,000 records.  Elapsed time: 00:04:19s.  Time for last 1,000,000:    3s.  Last read position: NC_045543.1_RagTag:62,172,650
INFO	2024-07-03 09:27:00	MarkDuplicates	Tracking 3634207 as yet unmatched pairs. 130734 records in RAM.
INFO	2024-07-03 09:27:03	MarkDuplicates	Read    62,000,000 records.  Elapsed time: 00:04:23s.  Time for last 1,000,000:    3s.  Last read position: NC_045543.1_RagTag:68,867,942
INFO	2024-07-03 09:27:03	MarkDuplicates	Tracking 3671640 as yet unmatched pairs. 116987 records in RAM.
INFO	2024-07-03 09:27:06	MarkDuplicates	Read    63,000,000 records.  Elapsed time: 00:04:26s.  Time for last 1,000,000:    3s.  Last read position: NC_045543.1_RagTag:75,501,901
INFO	2024-07-03 09:27:06	MarkDuplicates	Tracking 3708799 as yet unmatched pairs. 102573 records in RAM.
INFO	2024-07-03 09:27:10	MarkDuplicates	Read    64,000,000 records.  Elapsed time: 00:04:29s.  Time for last 1,000,000:    3s.  Last read position: NC_045543.1_RagTag:82,399,367
INFO	2024-07-03 09:27:10	MarkDuplicates	Tracking 3749014 as yet unmatched pairs. 85962 records in RAM.
INFO	2024-07-03 09:27:13	MarkDuplicates	Read    65,000,000 records.  Elapsed time: 00:04:32s.  Time for last 1,000,000:    3s.  Last read position: NC_045543.1_RagTag:88,929,226
INFO	2024-07-03 09:27:13	MarkDuplicates	Tracking 3790983 as yet unmatched pairs. 68517 records in RAM.
INFO	2024-07-03 09:27:16	MarkDuplicates	Read    66,000,000 records.  Elapsed time: 00:04:36s.  Time for last 1,000,000:    3s.  Last read position: NC_045543.1_RagTag:95,475,291
INFO	2024-07-03 09:27:16	MarkDuplicates	Tracking 3839531 as yet unmatched pairs. 48434 records in RAM.
INFO	2024-07-03 09:27:20	MarkDuplicates	Read    67,000,000 records.  Elapsed time: 00:04:39s.  Time for last 1,000,000:    3s.  Last read position: NC_045543.1_RagTag:102,063,208
INFO	2024-07-03 09:27:20	MarkDuplicates	Tracking 3903882 as yet unmatched pairs. 24041 records in RAM.
INFO	2024-07-03 09:27:30	MarkDuplicates	Read    68,000,000 records.  Elapsed time: 00:04:49s.  Time for last 1,000,000:   10s.  Last read position: NC_045544.1_RagTag:81,278
INFO	2024-07-03 09:27:30	MarkDuplicates	Tracking 3964717 as yet unmatched pairs. 459131 records in RAM.
INFO	2024-07-03 09:27:33	MarkDuplicates	Read    69,000,000 records.  Elapsed time: 00:04:53s.  Time for last 1,000,000:    3s.  Last read position: NC_045544.1_RagTag:6,843,212
INFO	2024-07-03 09:27:33	MarkDuplicates	Tracking 4004200 as yet unmatched pairs. 446431 records in RAM.
INFO	2024-07-03 09:27:37	MarkDuplicates	Read    70,000,000 records.  Elapsed time: 00:04:56s.  Time for last 1,000,000:    3s.  Last read position: NC_045544.1_RagTag:13,249,433
INFO	2024-07-03 09:27:37	MarkDuplicates	Tracking 4040572 as yet unmatched pairs. 433703 records in RAM.
INFO	2024-07-03 09:27:40	MarkDuplicates	Read    71,000,000 records.  Elapsed time: 00:04:59s.  Time for last 1,000,000:    3s.  Last read position: NC_045544.1_RagTag:19,877,199
INFO	2024-07-03 09:27:40	MarkDuplicates	Tracking 4076461 as yet unmatched pairs. 419825 records in RAM.
INFO	2024-07-03 09:27:43	MarkDuplicates	Read    72,000,000 records.  Elapsed time: 00:05:03s.  Time for last 1,000,000:    3s.  Last read position: NC_045544.1_RagTag:26,376,910
INFO	2024-07-03 09:27:43	MarkDuplicates	Tracking 4112913 as yet unmatched pairs. 405199 records in RAM.
INFO	2024-07-03 09:27:47	MarkDuplicates	Read    73,000,000 records.  Elapsed time: 00:05:06s.  Time for last 1,000,000:    3s.  Last read position: NC_045544.1_RagTag:32,643,897
INFO	2024-07-03 09:27:47	MarkDuplicates	Tracking 4148209 as yet unmatched pairs. 390381 records in RAM.
INFO	2024-07-03 09:27:50	MarkDuplicates	Read    74,000,000 records.  Elapsed time: 00:05:09s.  Time for last 1,000,000:    3s.  Last read position: NC_045544.1_RagTag:39,260,562
INFO	2024-07-03 09:27:50	MarkDuplicates	Tracking 4183579 as yet unmatched pairs. 374994 records in RAM.
INFO	2024-07-03 09:27:53	MarkDuplicates	Read    75,000,000 records.  Elapsed time: 00:05:12s.  Time for last 1,000,000:    3s.  Last read position: NC_045544.1_RagTag:45,816,696
INFO	2024-07-03 09:27:53	MarkDuplicates	Tracking 4216058 as yet unmatched pairs. 359603 records in RAM.
INFO	2024-07-03 09:27:56	MarkDuplicates	Read    76,000,000 records.  Elapsed time: 00:05:16s.  Time for last 1,000,000:    3s.  Last read position: NC_045544.1_RagTag:52,446,313
INFO	2024-07-03 09:27:56	MarkDuplicates	Tracking 4249238 as yet unmatched pairs. 343474 records in RAM.
INFO	2024-07-03 09:28:00	MarkDuplicates	Read    77,000,000 records.  Elapsed time: 00:05:19s.  Time for last 1,000,000:    3s.  Last read position: NC_045544.1_RagTag:59,127,939
INFO	2024-07-03 09:28:00	MarkDuplicates	Tracking 4279323 as yet unmatched pairs. 327936 records in RAM.
INFO	2024-07-03 09:28:15	MarkDuplicates	Read    78,000,000 records.  Elapsed time: 00:05:34s.  Time for last 1,000,000:   15s.  Last read position: NC_045544.1_RagTag:65,806,201
INFO	2024-07-03 09:28:15	MarkDuplicates	Tracking 4311484 as yet unmatched pairs. 311044 records in RAM.
INFO	2024-07-03 09:28:18	MarkDuplicates	Read    79,000,000 records.  Elapsed time: 00:05:38s.  Time for last 1,000,000:    3s.  Last read position: NC_045544.1_RagTag:72,311,435
INFO	2024-07-03 09:28:18	MarkDuplicates	Tracking 4341983 as yet unmatched pairs. 293220 records in RAM.
INFO	2024-07-03 09:28:22	MarkDuplicates	Read    80,000,000 records.  Elapsed time: 00:05:41s.  Time for last 1,000,000:    3s.  Last read position: NC_045544.1_RagTag:78,813,328
INFO	2024-07-03 09:28:22	MarkDuplicates	Tracking 4372103 as yet unmatched pairs. 275661 records in RAM.
INFO	2024-07-03 09:28:25	MarkDuplicates	Read    81,000,000 records.  Elapsed time: 00:05:44s.  Time for last 1,000,000:    3s.  Last read position: NC_045544.1_RagTag:85,362,476
INFO	2024-07-03 09:28:25	MarkDuplicates	Tracking 4401947 as yet unmatched pairs. 257348 records in RAM.
INFO	2024-07-03 09:28:28	MarkDuplicates	Read    82,000,000 records.  Elapsed time: 00:05:47s.  Time for last 1,000,000:    3s.  Last read position: NC_045544.1_RagTag:91,946,971
INFO	2024-07-03 09:28:28	MarkDuplicates	Tracking 4430043 as yet unmatched pairs. 239058 records in RAM.
INFO	2024-07-03 09:28:31	MarkDuplicates	Read    83,000,000 records.  Elapsed time: 00:05:51s.  Time for last 1,000,000:    3s.  Last read position: NC_045544.1_RagTag:98,401,492
INFO	2024-07-03 09:28:31	MarkDuplicates	Tracking 4457215 as yet unmatched pairs. 219721 records in RAM.
INFO	2024-07-03 09:28:35	MarkDuplicates	Read    84,000,000 records.  Elapsed time: 00:05:54s.  Time for last 1,000,000:    3s.  Last read position: NC_045544.1_RagTag:104,829,268
INFO	2024-07-03 09:28:35	MarkDuplicates	Tracking 4484113 as yet unmatched pairs. 200567 records in RAM.
INFO	2024-07-03 09:28:38	MarkDuplicates	Read    85,000,000 records.  Elapsed time: 00:05:57s.  Time for last 1,000,000:    3s.  Last read position: NC_045544.1_RagTag:111,473,766
INFO	2024-07-03 09:28:38	MarkDuplicates	Tracking 4509917 as yet unmatched pairs. 181500 records in RAM.
INFO	2024-07-03 09:28:41	MarkDuplicates	Read    86,000,000 records.  Elapsed time: 00:06:01s.  Time for last 1,000,000:    3s.  Last read position: NC_045544.1_RagTag:117,974,762
INFO	2024-07-03 09:28:41	MarkDuplicates	Tracking 4536829 as yet unmatched pairs. 161342 records in RAM.
INFO	2024-07-03 09:28:45	MarkDuplicates	Read    87,000,000 records.  Elapsed time: 00:06:04s.  Time for last 1,000,000:    3s.  Last read position: NC_045544.1_RagTag:124,595,055
INFO	2024-07-03 09:28:45	MarkDuplicates	Tracking 4562482 as yet unmatched pairs. 140258 records in RAM.
INFO	2024-07-03 09:28:48	MarkDuplicates	Read    88,000,000 records.  Elapsed time: 00:06:07s.  Time for last 1,000,000:    3s.  Last read position: NC_045544.1_RagTag:131,272,619
INFO	2024-07-03 09:28:48	MarkDuplicates	Tracking 4594900 as yet unmatched pairs. 116084 records in RAM.
INFO	2024-07-03 09:28:53	MarkDuplicates	Read    89,000,000 records.  Elapsed time: 00:06:12s.  Time for last 1,000,000:    5s.  Last read position: NC_045544.1_RagTag:137,878,276
INFO	2024-07-03 09:28:53	MarkDuplicates	Tracking 4620907 as yet unmatched pairs. 92365 records in RAM.
INFO	2024-07-03 09:28:56	MarkDuplicates	Read    90,000,000 records.  Elapsed time: 00:06:15s.  Time for last 1,000,000:    3s.  Last read position: NC_045544.1_RagTag:144,486,909
INFO	2024-07-03 09:28:56	MarkDuplicates	Tracking 4649885 as yet unmatched pairs. 66331 records in RAM.
INFO	2024-07-03 09:28:59	MarkDuplicates	Read    91,000,000 records.  Elapsed time: 00:06:19s.  Time for last 1,000,000:    3s.  Last read position: NC_045544.1_RagTag:151,246,055
INFO	2024-07-03 09:28:59	MarkDuplicates	Tracking 4685313 as yet unmatched pairs. 35560 records in RAM.
INFO	2024-07-03 09:29:03	MarkDuplicates	Read    92,000,000 records.  Elapsed time: 00:06:22s.  Time for last 1,000,000:    3s.  Last read position: NC_045544.1_RagTag:159,309,724
INFO	2024-07-03 09:29:03	MarkDuplicates	Tracking 4730853 as yet unmatched pairs. 2825 records in RAM.
INFO	2024-07-03 09:29:12	MarkDuplicates	Read    93,000,000 records.  Elapsed time: 00:06:31s.  Time for last 1,000,000:    8s.  Last read position: NC_045545.1_RagTag:5,967,782
INFO	2024-07-03 09:29:12	MarkDuplicates	Tracking 4758629 as yet unmatched pairs. 338336 records in RAM.
INFO	2024-07-03 09:29:15	MarkDuplicates	Read    94,000,000 records.  Elapsed time: 00:06:34s.  Time for last 1,000,000:    3s.  Last read position: NC_045545.1_RagTag:12,484,737
INFO	2024-07-03 09:29:15	MarkDuplicates	Tracking 4780861 as yet unmatched pairs. 316761 records in RAM.
INFO	2024-07-03 09:29:18	MarkDuplicates	Read    95,000,000 records.  Elapsed time: 00:06:37s.  Time for last 1,000,000:    3s.  Last read position: NC_045545.1_RagTag:19,046,473
INFO	2024-07-03 09:29:18	MarkDuplicates	Tracking 4802915 as yet unmatched pairs. 294456 records in RAM.
INFO	2024-07-03 09:29:21	MarkDuplicates	Read    96,000,000 records.  Elapsed time: 00:06:40s.  Time for last 1,000,000:    3s.  Last read position: NC_045545.1_RagTag:25,667,020
INFO	2024-07-03 09:29:21	MarkDuplicates	Tracking 4823162 as yet unmatched pairs. 272104 records in RAM.
INFO	2024-07-03 09:29:24	MarkDuplicates	Read    97,000,000 records.  Elapsed time: 00:06:44s.  Time for last 1,000,000:    3s.  Last read position: NC_045545.1_RagTag:32,198,686
INFO	2024-07-03 09:29:24	MarkDuplicates	Tracking 4842617 as yet unmatched pairs. 249615 records in RAM.
INFO	2024-07-03 09:29:28	MarkDuplicates	Read    98,000,000 records.  Elapsed time: 00:06:47s.  Time for last 1,000,000:    3s.  Last read position: NC_045545.1_RagTag:38,922,398
INFO	2024-07-03 09:29:28	MarkDuplicates	Tracking 4861657 as yet unmatched pairs. 226888 records in RAM.
INFO	2024-07-03 09:29:31	MarkDuplicates	Read    99,000,000 records.  Elapsed time: 00:06:50s.  Time for last 1,000,000:    3s.  Last read position: NC_045545.1_RagTag:45,332,886
INFO	2024-07-03 09:29:31	MarkDuplicates	Tracking 4880322 as yet unmatched pairs. 203754 records in RAM.
INFO	2024-07-03 09:29:34	MarkDuplicates	Read   100,000,000 records.  Elapsed time: 00:06:53s.  Time for last 1,000,000:    3s.  Last read position: NC_045545.1_RagTag:51,898,135
INFO	2024-07-03 09:29:34	MarkDuplicates	Tracking 4898452 as yet unmatched pairs. 180670 records in RAM.
INFO	2024-07-03 09:29:37	MarkDuplicates	Read   101,000,000 records.  Elapsed time: 00:06:57s.  Time for last 1,000,000:    3s.  Last read position: NC_045545.1_RagTag:58,522,751
INFO	2024-07-03 09:29:37	MarkDuplicates	Tracking 4915639 as yet unmatched pairs. 157078 records in RAM.
INFO	2024-07-03 09:29:41	MarkDuplicates	Read   102,000,000 records.  Elapsed time: 00:07:00s.  Time for last 1,000,000:    3s.  Last read position: NC_045545.1_RagTag:65,065,144
INFO	2024-07-03 09:29:41	MarkDuplicates	Tracking 4933186 as yet unmatched pairs. 132170 records in RAM.
INFO	2024-07-03 09:29:56	MarkDuplicates	Read   103,000,000 records.  Elapsed time: 00:07:15s.  Time for last 1,000,000:   15s.  Last read position: NC_045545.1_RagTag:71,488,593
INFO	2024-07-03 09:29:56	MarkDuplicates	Tracking 4951850 as yet unmatched pairs. 104701 records in RAM.
INFO	2024-07-03 09:29:59	MarkDuplicates	Read   104,000,000 records.  Elapsed time: 00:07:19s.  Time for last 1,000,000:    3s.  Last read position: NC_045545.1_RagTag:77,964,030
INFO	2024-07-03 09:29:59	MarkDuplicates	Tracking 4972416 as yet unmatched pairs. 75199 records in RAM.
INFO	2024-07-03 09:30:03	MarkDuplicates	Read   105,000,000 records.  Elapsed time: 00:07:22s.  Time for last 1,000,000:    3s.  Last read position: NC_045545.1_RagTag:84,787,900
INFO	2024-07-03 09:30:03	MarkDuplicates	Tracking 4999014 as yet unmatched pairs. 40012 records in RAM.
INFO	2024-07-03 09:30:06	MarkDuplicates	Read   106,000,000 records.  Elapsed time: 00:07:25s.  Time for last 1,000,000:    3s.  Last read position: NC_045545.1_RagTag:92,680,647
INFO	2024-07-03 09:30:06	MarkDuplicates	Tracking 5034208 as yet unmatched pairs. 1324 records in RAM.
INFO	2024-07-03 09:30:18	MarkDuplicates	Read   107,000,000 records.  Elapsed time: 00:07:38s.  Time for last 1,000,000:   12s.  Last read position: NC_045546.1_RagTag:7,714,417
INFO	2024-07-03 09:30:18	MarkDuplicates	Tracking 5066832 as yet unmatched pairs. 440712 records in RAM.
INFO	2024-07-03 09:30:22	MarkDuplicates	Read   108,000,000 records.  Elapsed time: 00:07:41s.  Time for last 1,000,000:    3s.  Last read position: NC_045546.1_RagTag:14,573,480
INFO	2024-07-03 09:30:22	MarkDuplicates	Tracking 5090943 as yet unmatched pairs. 407576 records in RAM.
INFO	2024-07-03 09:30:42	MarkDuplicates	Read   109,000,000 records.  Elapsed time: 00:08:01s.  Time for last 1,000,000:   20s.  Last read position: NC_045546.1_RagTag:21,282,538
INFO	2024-07-03 09:30:42	MarkDuplicates	Tracking 5107609 as yet unmatched pairs. 378266 records in RAM.
INFO	2024-07-03 09:30:45	MarkDuplicates	Read   110,000,000 records.  Elapsed time: 00:08:04s.  Time for last 1,000,000:    3s.  Last read position: NC_045546.1_RagTag:27,923,074
INFO	2024-07-03 09:30:45	MarkDuplicates	Tracking 5121100 as yet unmatched pairs. 352054 records in RAM.
INFO	2024-07-03 09:30:48	MarkDuplicates	Read   111,000,000 records.  Elapsed time: 00:08:08s.  Time for last 1,000,000:    3s.  Last read position: NC_045546.1_RagTag:34,569,615
INFO	2024-07-03 09:30:48	MarkDuplicates	Tracking 5134146 as yet unmatched pairs. 326413 records in RAM.
INFO	2024-07-03 09:30:52	MarkDuplicates	Read   112,000,000 records.  Elapsed time: 00:08:11s.  Time for last 1,000,000:    3s.  Last read position: NC_045546.1_RagTag:41,286,283
INFO	2024-07-03 09:30:52	MarkDuplicates	Tracking 5147087 as yet unmatched pairs. 301096 records in RAM.
INFO	2024-07-03 09:30:55	MarkDuplicates	Read   113,000,000 records.  Elapsed time: 00:08:14s.  Time for last 1,000,000:    3s.  Last read position: NC_045546.1_RagTag:48,117,587
INFO	2024-07-03 09:30:55	MarkDuplicates	Tracking 5160856 as yet unmatched pairs. 274185 records in RAM.
INFO	2024-07-03 09:30:58	MarkDuplicates	Read   114,000,000 records.  Elapsed time: 00:08:18s.  Time for last 1,000,000:    3s.  Last read position: NC_045546.1_RagTag:54,695,576
INFO	2024-07-03 09:30:58	MarkDuplicates	Tracking 5174330 as yet unmatched pairs. 247166 records in RAM.
INFO	2024-07-03 09:31:02	MarkDuplicates	Read   115,000,000 records.  Elapsed time: 00:08:21s.  Time for last 1,000,000:    3s.  Last read position: NC_045546.1_RagTag:61,422,004
INFO	2024-07-03 09:31:02	MarkDuplicates	Tracking 5191883 as yet unmatched pairs. 217009 records in RAM.
INFO	2024-07-03 09:31:05	MarkDuplicates	Read   116,000,000 records.  Elapsed time: 00:08:24s.  Time for last 1,000,000:    3s.  Last read position: NC_045546.1_RagTag:68,648,642
INFO	2024-07-03 09:31:05	MarkDuplicates	Tracking 5216733 as yet unmatched pairs. 181852 records in RAM.
INFO	2024-07-03 09:31:08	MarkDuplicates	Read   117,000,000 records.  Elapsed time: 00:08:28s.  Time for last 1,000,000:    3s.  Last read position: NC_045546.1_RagTag:75,243,859
INFO	2024-07-03 09:31:08	MarkDuplicates	Tracking 5248448 as yet unmatched pairs. 144073 records in RAM.
INFO	2024-07-03 09:31:12	MarkDuplicates	Read   118,000,000 records.  Elapsed time: 00:08:31s.  Time for last 1,000,000:    3s.  Last read position: NC_045546.1_RagTag:81,627,149
INFO	2024-07-03 09:31:12	MarkDuplicates	Tracking 5262569 as yet unmatched pairs. 110536 records in RAM.
INFO	2024-07-03 09:31:15	MarkDuplicates	Read   119,000,000 records.  Elapsed time: 00:08:34s.  Time for last 1,000,000:    3s.  Last read position: NC_045546.1_RagTag:88,067,638
INFO	2024-07-03 09:31:15	MarkDuplicates	Tracking 5274754 as yet unmatched pairs. 76946 records in RAM.
INFO	2024-07-03 09:31:18	MarkDuplicates	Read   120,000,000 records.  Elapsed time: 00:08:38s.  Time for last 1,000,000:    3s.  Last read position: NC_045546.1_RagTag:94,621,575
INFO	2024-07-03 09:31:18	MarkDuplicates	Tracking 5283479 as yet unmatched pairs. 46262 records in RAM.
INFO	2024-07-03 09:31:22	MarkDuplicates	Read   121,000,000 records.  Elapsed time: 00:08:41s.  Time for last 1,000,000:    3s.  Last read position: NC_045546.1_RagTag:101,290,250
INFO	2024-07-03 09:31:22	MarkDuplicates	Tracking 5292872 as yet unmatched pairs. 12256 records in RAM.
INFO	2024-07-03 09:31:32	MarkDuplicates	Read   122,000,000 records.  Elapsed time: 00:08:52s.  Time for last 1,000,000:   10s.  Last read position: NC_045547.1_RagTag:5,234,460
INFO	2024-07-03 09:31:32	MarkDuplicates	Tracking 5308914 as yet unmatched pairs. 488743 records in RAM.
INFO	2024-07-03 09:31:36	MarkDuplicates	Read   123,000,000 records.  Elapsed time: 00:08:55s.  Time for last 1,000,000:    3s.  Last read position: NC_045547.1_RagTag:12,339,814
INFO	2024-07-03 09:31:36	MarkDuplicates	Tracking 5325018 as yet unmatched pairs. 450069 records in RAM.
INFO	2024-07-03 09:31:41	MarkDuplicates	Read   124,000,000 records.  Elapsed time: 00:09:01s.  Time for last 1,000,000:    5s.  Last read position: NC_045547.1_RagTag:18,927,990
INFO	2024-07-03 09:31:41	MarkDuplicates	Tracking 5333859 as yet unmatched pairs. 416409 records in RAM.
INFO	2024-07-03 09:31:44	MarkDuplicates	Read   125,000,000 records.  Elapsed time: 00:09:04s.  Time for last 1,000,000:    3s.  Last read position: NC_045547.1_RagTag:25,431,353
INFO	2024-07-03 09:31:44	MarkDuplicates	Tracking 5340416 as yet unmatched pairs. 384418 records in RAM.
INFO	2024-07-03 09:31:48	MarkDuplicates	Read   126,000,000 records.  Elapsed time: 00:09:07s.  Time for last 1,000,000:    3s.  Last read position: NC_045547.1_RagTag:31,887,782
INFO	2024-07-03 09:31:48	MarkDuplicates	Tracking 5344752 as yet unmatched pairs. 353817 records in RAM.
INFO	2024-07-03 09:31:51	MarkDuplicates	Read   127,000,000 records.  Elapsed time: 00:09:10s.  Time for last 1,000,000:    3s.  Last read position: NC_045547.1_RagTag:38,316,598
INFO	2024-07-03 09:31:51	MarkDuplicates	Tracking 5349519 as yet unmatched pairs. 323071 records in RAM.
INFO	2024-07-03 09:31:54	MarkDuplicates	Read   128,000,000 records.  Elapsed time: 00:09:14s.  Time for last 1,000,000:    3s.  Last read position: NC_045547.1_RagTag:45,079,210
INFO	2024-07-03 09:31:54	MarkDuplicates	Tracking 5354774 as yet unmatched pairs. 290592 records in RAM.
INFO	2024-07-03 09:32:10	MarkDuplicates	Read   129,000,000 records.  Elapsed time: 00:09:29s.  Time for last 1,000,000:   15s.  Last read position: NC_045547.1_RagTag:51,755,503
INFO	2024-07-03 09:32:10	MarkDuplicates	Tracking 5362102 as yet unmatched pairs. 254726 records in RAM.
INFO	2024-07-03 09:32:13	MarkDuplicates	Read   130,000,000 records.  Elapsed time: 00:09:33s.  Time for last 1,000,000:    3s.  Last read position: NC_045547.1_RagTag:58,699,484
INFO	2024-07-03 09:32:13	MarkDuplicates	Tracking 5373700 as yet unmatched pairs. 211842 records in RAM.
INFO	2024-07-03 09:32:17	MarkDuplicates	Read   131,000,000 records.  Elapsed time: 00:09:36s.  Time for last 1,000,000:    3s.  Last read position: NC_045547.1_RagTag:65,069,956
INFO	2024-07-03 09:32:17	MarkDuplicates	Tracking 5382720 as yet unmatched pairs. 167545 records in RAM.
INFO	2024-07-03 09:32:20	MarkDuplicates	Read   132,000,000 records.  Elapsed time: 00:09:39s.  Time for last 1,000,000:    3s.  Last read position: NC_045547.1_RagTag:71,521,841
INFO	2024-07-03 09:32:20	MarkDuplicates	Tracking 5385244 as yet unmatched pairs. 130937 records in RAM.
INFO	2024-07-03 09:32:23	MarkDuplicates	Read   133,000,000 records.  Elapsed time: 00:09:43s.  Time for last 1,000,000:    3s.  Last read position: NC_045547.1_RagTag:78,216,972
INFO	2024-07-03 09:32:23	MarkDuplicates	Tracking 5387914 as yet unmatched pairs. 90498 records in RAM.
INFO	2024-07-03 09:32:27	MarkDuplicates	Read   134,000,000 records.  Elapsed time: 00:09:46s.  Time for last 1,000,000:    3s.  Last read position: NC_045547.1_RagTag:85,261,930
INFO	2024-07-03 09:32:27	MarkDuplicates	Tracking 5396137 as yet unmatched pairs. 41944 records in RAM.
INFO	2024-07-03 09:32:36	MarkDuplicates	Read   135,000,000 records.  Elapsed time: 00:09:56s.  Time for last 1,000,000:    9s.  Last read position: NC_045548.1_RagTag:323,025
INFO	2024-07-03 09:32:36	MarkDuplicates	Tracking 5407120 as yet unmatched pairs. 423684 records in RAM.
INFO	2024-07-03 09:32:40	MarkDuplicates	Read   136,000,000 records.  Elapsed time: 00:09:59s.  Time for last 1,000,000:    3s.  Last read position: NC_045548.1_RagTag:6,883,523
INFO	2024-07-03 09:32:40	MarkDuplicates	Tracking 5408180 as yet unmatched pairs. 389101 records in RAM.
INFO	2024-07-03 09:32:43	MarkDuplicates	Read   137,000,000 records.  Elapsed time: 00:10:02s.  Time for last 1,000,000:    3s.  Last read position: NC_045548.1_RagTag:13,351,042
INFO	2024-07-03 09:32:43	MarkDuplicates	Tracking 5406354 as yet unmatched pairs. 354854 records in RAM.
INFO	2024-07-03 09:32:46	MarkDuplicates	Read   138,000,000 records.  Elapsed time: 00:10:06s.  Time for last 1,000,000:    3s.  Last read position: NC_045548.1_RagTag:19,958,867
INFO	2024-07-03 09:32:46	MarkDuplicates	Tracking 5405302 as yet unmatched pairs. 321086 records in RAM.
INFO	2024-07-03 09:32:50	MarkDuplicates	Read   139,000,000 records.  Elapsed time: 00:10:09s.  Time for last 1,000,000:    3s.  Last read position: NC_045548.1_RagTag:26,476,839
INFO	2024-07-03 09:32:50	MarkDuplicates	Tracking 5402808 as yet unmatched pairs. 288101 records in RAM.
INFO	2024-07-03 09:32:53	MarkDuplicates	Read   140,000,000 records.  Elapsed time: 00:10:12s.  Time for last 1,000,000:    3s.  Last read position: NC_045548.1_RagTag:33,184,206
INFO	2024-07-03 09:32:53	MarkDuplicates	Tracking 5399981 as yet unmatched pairs. 253946 records in RAM.
INFO	2024-07-03 09:32:56	MarkDuplicates	Read   141,000,000 records.  Elapsed time: 00:10:15s.  Time for last 1,000,000:    3s.  Last read position: NC_045548.1_RagTag:39,933,450
INFO	2024-07-03 09:32:56	MarkDuplicates	Tracking 5396344 as yet unmatched pairs. 220055 records in RAM.
INFO	2024-07-03 09:32:59	MarkDuplicates	Read   142,000,000 records.  Elapsed time: 00:10:19s.  Time for last 1,000,000:    3s.  Last read position: NC_045548.1_RagTag:46,563,553
INFO	2024-07-03 09:32:59	MarkDuplicates	Tracking 5392696 as yet unmatched pairs. 184082 records in RAM.
INFO	2024-07-03 09:33:03	MarkDuplicates	Read   143,000,000 records.  Elapsed time: 00:10:22s.  Time for last 1,000,000:    3s.  Last read position: NC_045548.1_RagTag:53,308,617
INFO	2024-07-03 09:33:03	MarkDuplicates	Tracking 5388820 as yet unmatched pairs. 146312 records in RAM.
INFO	2024-07-03 09:33:06	MarkDuplicates	Read   144,000,000 records.  Elapsed time: 00:10:25s.  Time for last 1,000,000:    3s.  Last read position: NC_045548.1_RagTag:59,999,407
INFO	2024-07-03 09:33:06	MarkDuplicates	Tracking 5386274 as yet unmatched pairs. 101304 records in RAM.
INFO	2024-07-03 09:33:11	MarkDuplicates	Read   145,000,000 records.  Elapsed time: 00:10:31s.  Time for last 1,000,000:    5s.  Last read position: NC_045548.1_RagTag:67,328,946
INFO	2024-07-03 09:33:11	MarkDuplicates	Tracking 5385015 as yet unmatched pairs. 46369 records in RAM.
INFO	2024-07-03 09:33:27	MarkDuplicates	Read   146,000,000 records.  Elapsed time: 00:10:47s.  Time for last 1,000,000:   16s.  Last read position: NC_045549.1_RagTag:883,993
INFO	2024-07-03 09:33:27	MarkDuplicates	Tracking 5386382 as yet unmatched pairs. 872084 records in RAM.
INFO	2024-07-03 09:33:31	MarkDuplicates	Read   147,000,000 records.  Elapsed time: 00:10:51s.  Time for last 1,000,000:    4s.  Last read position: NC_045549.1_RagTag:8,554,650
INFO	2024-07-03 09:33:31	MarkDuplicates	Tracking 5387460 as yet unmatched pairs. 825049 records in RAM.
INFO	2024-07-03 09:33:35	MarkDuplicates	Read   148,000,000 records.  Elapsed time: 00:10:54s.  Time for last 1,000,000:    3s.  Last read position: NC_045549.1_RagTag:14,595,876
INFO	2024-07-03 09:33:35	MarkDuplicates	Tracking 5382333 as yet unmatched pairs. 781161 records in RAM.
INFO	2024-07-03 09:33:38	MarkDuplicates	Read   149,000,000 records.  Elapsed time: 00:10:57s.  Time for last 1,000,000:    3s.  Last read position: NC_045549.1_RagTag:21,237,840
INFO	2024-07-03 09:33:38	MarkDuplicates	Tracking 5374747 as yet unmatched pairs. 742462 records in RAM.
INFO	2024-07-03 09:33:41	MarkDuplicates	Read   150,000,000 records.  Elapsed time: 00:11:01s.  Time for last 1,000,000:    3s.  Last read position: NC_045549.1_RagTag:27,957,619
INFO	2024-07-03 09:33:41	MarkDuplicates	Tracking 5365876 as yet unmatched pairs. 706705 records in RAM.
INFO	2024-07-03 09:33:45	MarkDuplicates	Read   151,000,000 records.  Elapsed time: 00:11:04s.  Time for last 1,000,000:    3s.  Last read position: NC_045549.1_RagTag:34,852,034
INFO	2024-07-03 09:33:45	MarkDuplicates	Tracking 5358041 as yet unmatched pairs. 671988 records in RAM.
INFO	2024-07-03 09:33:48	MarkDuplicates	Read   152,000,000 records.  Elapsed time: 00:11:07s.  Time for last 1,000,000:    3s.  Last read position: NC_045549.1_RagTag:41,563,214
INFO	2024-07-03 09:33:48	MarkDuplicates	Tracking 5349720 as yet unmatched pairs. 636856 records in RAM.
INFO	2024-07-03 09:33:51	MarkDuplicates	Read   153,000,000 records.  Elapsed time: 00:11:11s.  Time for last 1,000,000:    3s.  Last read position: NC_045549.1_RagTag:48,207,932
INFO	2024-07-03 09:33:51	MarkDuplicates	Tracking 5341208 as yet unmatched pairs. 600133 records in RAM.
INFO	2024-07-03 09:33:55	MarkDuplicates	Read   154,000,000 records.  Elapsed time: 00:11:14s.  Time for last 1,000,000:    3s.  Last read position: NC_045549.1_RagTag:55,174,437
INFO	2024-07-03 09:33:55	MarkDuplicates	Tracking 5333520 as yet unmatched pairs. 554601 records in RAM.
INFO	2024-07-03 09:34:11	MarkDuplicates	Read   155,000,000 records.  Elapsed time: 00:11:30s.  Time for last 1,000,000:   15s.  Last read position: NC_045549.1_RagTag:62,484,055
INFO	2024-07-03 09:34:11	MarkDuplicates	Tracking 5326060 as yet unmatched pairs. 503492 records in RAM.
INFO	2024-07-03 09:34:14	MarkDuplicates	Read   156,000,000 records.  Elapsed time: 00:11:33s.  Time for last 1,000,000:    3s.  Last read position: NC_045549.1_RagTag:69,322,112
INFO	2024-07-03 09:34:14	MarkDuplicates	Tracking 5314683 as yet unmatched pairs. 460675 records in RAM.
INFO	2024-07-03 09:34:17	MarkDuplicates	Read   157,000,000 records.  Elapsed time: 00:11:36s.  Time for last 1,000,000:    3s.  Last read position: NC_045549.1_RagTag:75,928,309
INFO	2024-07-03 09:34:17	MarkDuplicates	Tracking 5302419 as yet unmatched pairs. 420318 records in RAM.
INFO	2024-07-03 09:34:20	MarkDuplicates	Read   158,000,000 records.  Elapsed time: 00:11:40s.  Time for last 1,000,000:    3s.  Last read position: NC_045549.1_RagTag:82,604,112
INFO	2024-07-03 09:34:20	MarkDuplicates	Tracking 5290127 as yet unmatched pairs. 381630 records in RAM.
INFO	2024-07-03 09:34:24	MarkDuplicates	Read   159,000,000 records.  Elapsed time: 00:11:43s.  Time for last 1,000,000:    3s.  Last read position: NC_045549.1_RagTag:89,273,509
INFO	2024-07-03 09:34:24	MarkDuplicates	Tracking 5276510 as yet unmatched pairs. 336298 records in RAM.
INFO	2024-07-03 09:34:27	MarkDuplicates	Read   160,000,000 records.  Elapsed time: 00:11:46s.  Time for last 1,000,000:    3s.  Last read position: NC_045549.1_RagTag:95,976,246
INFO	2024-07-03 09:34:27	MarkDuplicates	Tracking 5262298 as yet unmatched pairs. 285620 records in RAM.
INFO	2024-07-03 09:34:48	MarkDuplicates	Read   161,000,000 records.  Elapsed time: 00:12:07s.  Time for last 1,000,000:   20s.  Last read position: NC_045549.1_RagTag:102,927,991
INFO	2024-07-03 09:34:48	MarkDuplicates	Tracking 5247966 as yet unmatched pairs. 229820 records in RAM.
INFO	2024-07-03 09:34:51	MarkDuplicates	Read   162,000,000 records.  Elapsed time: 00:12:11s.  Time for last 1,000,000:    3s.  Last read position: NC_045549.1_RagTag:109,913,876
INFO	2024-07-03 09:34:51	MarkDuplicates	Tracking 5236787 as yet unmatched pairs. 175840 records in RAM.
INFO	2024-07-03 09:34:55	MarkDuplicates	Read   163,000,000 records.  Elapsed time: 00:12:14s.  Time for last 1,000,000:    3s.  Last read position: NC_045549.1_RagTag:116,688,668
INFO	2024-07-03 09:34:55	MarkDuplicates	Tracking 5220957 as yet unmatched pairs. 126000 records in RAM.
INFO	2024-07-03 09:34:59	MarkDuplicates	Read   164,000,000 records.  Elapsed time: 00:12:18s.  Time for last 1,000,000:    4s.  Last read position: NC_045549.1_RagTag:123,763,296
INFO	2024-07-03 09:34:59	MarkDuplicates	Tracking 5203798 as yet unmatched pairs. 68657 records in RAM.
INFO	2024-07-03 09:35:02	MarkDuplicates	Read   165,000,000 records.  Elapsed time: 00:12:22s.  Time for last 1,000,000:    3s.  Last read position: NC_045549.1_RagTag:131,840,126
INFO	2024-07-03 09:35:02	MarkDuplicates	Tracking 5190114 as yet unmatched pairs. 5884 records in RAM.
INFO	2024-07-03 09:35:13	MarkDuplicates	Read   166,000,000 records.  Elapsed time: 00:12:32s.  Time for last 1,000,000:   10s.  Last read position: NC_045550.1_RagTag:5,821,433
INFO	2024-07-03 09:35:13	MarkDuplicates	Tracking 5173455 as yet unmatched pairs. 429464 records in RAM.
INFO	2024-07-03 09:35:16	MarkDuplicates	Read   167,000,000 records.  Elapsed time: 00:12:35s.  Time for last 1,000,000:    3s.  Last read position: NC_045550.1_RagTag:12,375,839
INFO	2024-07-03 09:35:16	MarkDuplicates	Tracking 5156890 as yet unmatched pairs. 390131 records in RAM.
INFO	2024-07-03 09:35:19	MarkDuplicates	Read   168,000,000 records.  Elapsed time: 00:12:38s.  Time for last 1,000,000:    3s.  Last read position: NC_045550.1_RagTag:19,137,999
INFO	2024-07-03 09:35:19	MarkDuplicates	Tracking 5140065 as yet unmatched pairs. 351089 records in RAM.
INFO	2024-07-03 09:35:22	MarkDuplicates	Read   169,000,000 records.  Elapsed time: 00:12:42s.  Time for last 1,000,000:    3s.  Last read position: NC_045550.1_RagTag:25,866,763
INFO	2024-07-03 09:35:22	MarkDuplicates	Tracking 5122854 as yet unmatched pairs. 312031 records in RAM.
INFO	2024-07-03 09:35:26	MarkDuplicates	Read   170,000,000 records.  Elapsed time: 00:12:45s.  Time for last 1,000,000:    3s.  Last read position: NC_045550.1_RagTag:32,512,338
INFO	2024-07-03 09:35:26	MarkDuplicates	Tracking 5105436 as yet unmatched pairs. 273069 records in RAM.
INFO	2024-07-03 09:35:29	MarkDuplicates	Read   171,000,000 records.  Elapsed time: 00:12:48s.  Time for last 1,000,000:    3s.  Last read position: NC_045550.1_RagTag:39,139,402
INFO	2024-07-03 09:35:29	MarkDuplicates	Tracking 5088127 as yet unmatched pairs. 232449 records in RAM.
INFO	2024-07-03 09:35:32	MarkDuplicates	Read   172,000,000 records.  Elapsed time: 00:12:51s.  Time for last 1,000,000:    3s.  Last read position: NC_045550.1_RagTag:45,578,359
INFO	2024-07-03 09:35:32	MarkDuplicates	Tracking 5069001 as yet unmatched pairs. 189135 records in RAM.
INFO	2024-07-03 09:35:35	MarkDuplicates	Read   173,000,000 records.  Elapsed time: 00:12:55s.  Time for last 1,000,000:    3s.  Last read position: NC_045550.1_RagTag:52,241,152
INFO	2024-07-03 09:35:35	MarkDuplicates	Tracking 5048428 as yet unmatched pairs. 143131 records in RAM.
INFO	2024-07-03 09:35:38	MarkDuplicates	Read   174,000,000 records.  Elapsed time: 00:12:58s.  Time for last 1,000,000:    3s.  Last read position: NC_045550.1_RagTag:58,871,588
INFO	2024-07-03 09:35:38	MarkDuplicates	Tracking 5023719 as yet unmatched pairs. 88474 records in RAM.
INFO	2024-07-03 09:35:42	MarkDuplicates	Read   175,000,000 records.  Elapsed time: 00:13:01s.  Time for last 1,000,000:    3s.  Last read position: NC_045550.1_RagTag:66,342,663
INFO	2024-07-03 09:35:42	MarkDuplicates	Tracking 4998858 as yet unmatched pairs. 21641 records in RAM.
INFO	2024-07-03 09:35:48	MarkDuplicates	Read   176,000,000 records.  Elapsed time: 00:13:08s.  Time for last 1,000,000:    6s.  Last read position: NC_045551.1_RagTag:4,291,773
INFO	2024-07-03 09:35:48	MarkDuplicates	Tracking 4976982 as yet unmatched pairs. 183932 records in RAM.
INFO	2024-07-03 09:35:52	MarkDuplicates	Read   177,000,000 records.  Elapsed time: 00:13:11s.  Time for last 1,000,000:    3s.  Last read position: NC_045551.1_RagTag:10,650,553
INFO	2024-07-03 09:35:52	MarkDuplicates	Tracking 4955246 as yet unmatched pairs. 136625 records in RAM.
INFO	2024-07-03 09:35:55	MarkDuplicates	Read   178,000,000 records.  Elapsed time: 00:13:14s.  Time for last 1,000,000:    3s.  Last read position: NC_045551.1_RagTag:17,237,351
INFO	2024-07-03 09:35:55	MarkDuplicates	Tracking 4931541 as yet unmatched pairs. 82002 records in RAM.
INFO	2024-07-03 09:35:58	MarkDuplicates	Read   179,000,000 records.  Elapsed time: 00:13:18s.  Time for last 1,000,000:    3s.  Last read position: NC_045551.1_RagTag:24,403,596
INFO	2024-07-03 09:35:58	MarkDuplicates	Tracking 4905140 as yet unmatched pairs. 16731 records in RAM.
INFO	2024-07-03 09:36:09	MarkDuplicates	Read   180,000,000 records.  Elapsed time: 00:13:28s.  Time for last 1,000,000:   10s.  Last read position: NC_045552.1_RagTag:5,809,453
INFO	2024-07-03 09:36:09	MarkDuplicates	Tracking 4880988 as yet unmatched pairs. 462279 records in RAM.
INFO	2024-07-03 09:36:25	MarkDuplicates	Read   181,000,000 records.  Elapsed time: 00:13:44s.  Time for last 1,000,000:   15s.  Last read position: NC_045552.1_RagTag:12,521,590
INFO	2024-07-03 09:36:25	MarkDuplicates	Tracking 4853319 as yet unmatched pairs. 405202 records in RAM.
INFO	2024-07-03 09:36:28	MarkDuplicates	Read   182,000,000 records.  Elapsed time: 00:13:47s.  Time for last 1,000,000:    3s.  Last read position: NC_045552.1_RagTag:19,474,983
INFO	2024-07-03 09:36:28	MarkDuplicates	Tracking 4823263 as yet unmatched pairs. 347199 records in RAM.
INFO	2024-07-03 09:36:32	MarkDuplicates	Read   183,000,000 records.  Elapsed time: 00:13:51s.  Time for last 1,000,000:    3s.  Last read position: NC_045552.1_RagTag:26,454,990
INFO	2024-07-03 09:36:32	MarkDuplicates	Tracking 4791221 as yet unmatched pairs. 284461 records in RAM.
INFO	2024-07-03 09:36:35	MarkDuplicates	Read   184,000,000 records.  Elapsed time: 00:13:54s.  Time for last 1,000,000:    3s.  Last read position: NC_045552.1_RagTag:33,533,552
INFO	2024-07-03 09:36:35	MarkDuplicates	Tracking 4763269 as yet unmatched pairs. 223618 records in RAM.
INFO	2024-07-03 09:36:38	MarkDuplicates	Read   185,000,000 records.  Elapsed time: 00:13:58s.  Time for last 1,000,000:    3s.  Last read position: NC_045552.1_RagTag:40,089,759
INFO	2024-07-03 09:36:38	MarkDuplicates	Tracking 4733426 as yet unmatched pairs. 164399 records in RAM.
INFO	2024-07-03 09:36:42	MarkDuplicates	Read   186,000,000 records.  Elapsed time: 00:14:01s.  Time for last 1,000,000:    3s.  Last read position: NC_045552.1_RagTag:46,859,601
INFO	2024-07-03 09:36:42	MarkDuplicates	Tracking 4702828 as yet unmatched pairs. 97707 records in RAM.
INFO	2024-07-03 09:36:45	MarkDuplicates	Read   187,000,000 records.  Elapsed time: 00:14:04s.  Time for last 1,000,000:    3s.  Last read position: NC_045552.1_RagTag:53,687,731
INFO	2024-07-03 09:36:45	MarkDuplicates	Tracking 4670129 as yet unmatched pairs. 34454 records in RAM.
INFO	2024-07-03 09:36:55	MarkDuplicates	Read   188,000,000 records.  Elapsed time: 00:14:14s.  Time for last 1,000,000:   10s.  Last read position: NC_045553.1_RagTag:3,710,012
INFO	2024-07-03 09:36:55	MarkDuplicates	Tracking 4641077 as yet unmatched pairs. 433777 records in RAM.
INFO	2024-07-03 09:36:58	MarkDuplicates	Read   189,000,000 records.  Elapsed time: 00:14:18s.  Time for last 1,000,000:    3s.  Last read position: NC_045553.1_RagTag:11,174,435
INFO	2024-07-03 09:36:58	MarkDuplicates	Tracking 4610192 as yet unmatched pairs. 366417 records in RAM.
INFO	2024-07-03 09:37:02	MarkDuplicates	Read   190,000,000 records.  Elapsed time: 00:14:21s.  Time for last 1,000,000:    3s.  Last read position: NC_045553.1_RagTag:18,623,565
INFO	2024-07-03 09:37:02	MarkDuplicates	Tracking 4574769 as yet unmatched pairs. 301580 records in RAM.
INFO	2024-07-03 09:37:05	MarkDuplicates	Read   191,000,000 records.  Elapsed time: 00:14:25s.  Time for last 1,000,000:    3s.  Last read position: NC_045553.1_RagTag:26,189,838
INFO	2024-07-03 09:37:05	MarkDuplicates	Tracking 4535961 as yet unmatched pairs. 228649 records in RAM.
INFO	2024-07-03 09:37:09	MarkDuplicates	Read   192,000,000 records.  Elapsed time: 00:14:28s.  Time for last 1,000,000:    3s.  Last read position: NC_045553.1_RagTag:32,985,675
INFO	2024-07-03 09:37:09	MarkDuplicates	Tracking 4499860 as yet unmatched pairs. 166005 records in RAM.
INFO	2024-07-03 09:37:12	MarkDuplicates	Read   193,000,000 records.  Elapsed time: 00:14:31s.  Time for last 1,000,000:    3s.  Last read position: NC_045553.1_RagTag:39,622,379
INFO	2024-07-03 09:37:12	MarkDuplicates	Tracking 4463679 as yet unmatched pairs. 103360 records in RAM.
INFO	2024-07-03 09:37:15	MarkDuplicates	Read   194,000,000 records.  Elapsed time: 00:14:35s.  Time for last 1,000,000:    3s.  Last read position: NC_045553.1_RagTag:46,790,519
INFO	2024-07-03 09:37:15	MarkDuplicates	Tracking 4422464 as yet unmatched pairs. 24801 records in RAM.
INFO	2024-07-03 09:37:26	MarkDuplicates	Read   195,000,000 records.  Elapsed time: 00:14:45s.  Time for last 1,000,000:   10s.  Last read position: NC_045554.1_RagTag:4,480,053
INFO	2024-07-03 09:37:26	MarkDuplicates	Tracking 4385779 as yet unmatched pairs. 444246 records in RAM.
INFO	2024-07-03 09:37:31	MarkDuplicates	Read   196,000,000 records.  Elapsed time: 00:14:51s.  Time for last 1,000,000:    5s.  Last read position: NC_045554.1_RagTag:11,653,089
INFO	2024-07-03 09:37:31	MarkDuplicates	Tracking 4342424 as yet unmatched pairs. 372457 records in RAM.
INFO	2024-07-03 09:37:35	MarkDuplicates	Read   197,000,000 records.  Elapsed time: 00:14:54s.  Time for last 1,000,000:    3s.  Last read position: NC_045554.1_RagTag:18,452,170
INFO	2024-07-03 09:37:35	MarkDuplicates	Tracking 4294272 as yet unmatched pairs. 296860 records in RAM.
INFO	2024-07-03 09:37:38	MarkDuplicates	Read   198,000,000 records.  Elapsed time: 00:14:57s.  Time for last 1,000,000:    3s.  Last read position: NC_045554.1_RagTag:25,201,463
INFO	2024-07-03 09:37:38	MarkDuplicates	Tracking 4254274 as yet unmatched pairs. 234083 records in RAM.
INFO	2024-07-03 09:37:41	MarkDuplicates	Read   199,000,000 records.  Elapsed time: 00:15:01s.  Time for last 1,000,000:    3s.  Last read position: NC_045554.1_RagTag:32,380,481
INFO	2024-07-03 09:37:41	MarkDuplicates	Tracking 4205921 as yet unmatched pairs. 158943 records in RAM.
INFO	2024-07-03 09:37:45	MarkDuplicates	Read   200,000,000 records.  Elapsed time: 00:15:04s.  Time for last 1,000,000:    3s.  Last read position: NC_045554.1_RagTag:39,068,066
INFO	2024-07-03 09:37:45	MarkDuplicates	Tracking 4160466 as yet unmatched pairs. 91734 records in RAM.
INFO	2024-07-03 09:37:48	MarkDuplicates	Read   201,000,000 records.  Elapsed time: 00:15:07s.  Time for last 1,000,000:    3s.  Last read position: NC_045554.1_RagTag:46,024,729
INFO	2024-07-03 09:37:48	MarkDuplicates	Tracking 4113683 as yet unmatched pairs. 21469 records in RAM.
INFO	2024-07-03 09:37:58	MarkDuplicates	Read   202,000,000 records.  Elapsed time: 00:15:17s.  Time for last 1,000,000:   10s.  Last read position: NC_045555.1_RagTag:4,748,131
INFO	2024-07-03 09:37:58	MarkDuplicates	Tracking 4072635 as yet unmatched pairs. 413359 records in RAM.
INFO	2024-07-03 09:38:02	MarkDuplicates	Read   203,000,000 records.  Elapsed time: 00:15:21s.  Time for last 1,000,000:    3s.  Last read position: NC_045555.1_RagTag:11,845,047
INFO	2024-07-03 09:38:02	MarkDuplicates	Tracking 4027229 as yet unmatched pairs. 346149 records in RAM.
INFO	2024-07-03 09:38:05	MarkDuplicates	Read   204,000,000 records.  Elapsed time: 00:15:24s.  Time for last 1,000,000:    3s.  Last read position: NC_045555.1_RagTag:18,523,715
INFO	2024-07-03 09:38:05	MarkDuplicates	Tracking 3978869 as yet unmatched pairs. 279562 records in RAM.
INFO	2024-07-03 09:38:08	MarkDuplicates	Read   205,000,000 records.  Elapsed time: 00:15:28s.  Time for last 1,000,000:    3s.  Last read position: NC_045555.1_RagTag:25,300,333
INFO	2024-07-03 09:38:08	MarkDuplicates	Tracking 3929813 as yet unmatched pairs. 209810 records in RAM.
INFO	2024-07-03 09:38:12	MarkDuplicates	Read   206,000,000 records.  Elapsed time: 00:15:31s.  Time for last 1,000,000:    3s.  Last read position: NC_045555.1_RagTag:32,236,646
INFO	2024-07-03 09:38:12	MarkDuplicates	Tracking 3875652 as yet unmatched pairs. 133607 records in RAM.
INFO	2024-07-03 09:38:28	MarkDuplicates	Read   207,000,000 records.  Elapsed time: 00:15:47s.  Time for last 1,000,000:   16s.  Last read position: NC_045555.1_RagTag:39,126,534
INFO	2024-07-03 09:38:28	MarkDuplicates	Tracking 3828490 as yet unmatched pairs. 63124 records in RAM.
INFO	2024-07-03 09:38:37	MarkDuplicates	Read   208,000,000 records.  Elapsed time: 00:15:56s.  Time for last 1,000,000:    9s.  Last read position: NC_045556.1_RagTag:277,537
INFO	2024-07-03 09:38:37	MarkDuplicates	Tracking 3804474 as yet unmatched pairs. 397286 records in RAM.
INFO	2024-07-03 09:38:40	MarkDuplicates	Read   209,000,000 records.  Elapsed time: 00:16:00s.  Time for last 1,000,000:    3s.  Last read position: NC_045556.1_RagTag:7,445,314
INFO	2024-07-03 09:38:40	MarkDuplicates	Tracking 3754555 as yet unmatched pairs. 330734 records in RAM.
INFO	2024-07-03 09:38:44	MarkDuplicates	Read   210,000,000 records.  Elapsed time: 00:16:03s.  Time for last 1,000,000:    3s.  Last read position: NC_045556.1_RagTag:14,311,136
INFO	2024-07-03 09:38:44	MarkDuplicates	Tracking 3698640 as yet unmatched pairs. 256396 records in RAM.
INFO	2024-07-03 09:38:47	MarkDuplicates	Read   211,000,000 records.  Elapsed time: 00:16:06s.  Time for last 1,000,000:    3s.  Last read position: NC_045556.1_RagTag:21,239,048
INFO	2024-07-03 09:38:47	MarkDuplicates	Tracking 3635912 as yet unmatched pairs. 173142 records in RAM.
INFO	2024-07-03 09:39:10	MarkDuplicates	Read   212,000,000 records.  Elapsed time: 00:16:29s.  Time for last 1,000,000:   22s.  Last read position: NC_045556.1_RagTag:27,630,360
INFO	2024-07-03 09:39:10	MarkDuplicates	Tracking 3592201 as yet unmatched pairs. 99657 records in RAM.
INFO	2024-07-03 09:39:13	MarkDuplicates	Read   213,000,000 records.  Elapsed time: 00:16:33s.  Time for last 1,000,000:    3s.  Last read position: NC_045556.1_RagTag:35,035,887
INFO	2024-07-03 09:39:13	MarkDuplicates	Tracking 3539652 as yet unmatched pairs. 17300 records in RAM.
INFO	2024-07-03 09:39:19	MarkDuplicates	Read   214,000,000 records.  Elapsed time: 00:16:38s.  Time for last 1,000,000:    5s.  Last read position: NC_045557.1_RagTag:5,677,392
INFO	2024-07-03 09:39:19	MarkDuplicates	Tracking 3491478 as yet unmatched pairs. 69019 records in RAM.
INFO	2024-07-03 09:39:42	MarkDuplicates	Read   215,000,000 records.  Elapsed time: 00:17:02s.  Time for last 1,000,000:   23s.  Last read position: NC_045558.1_RagTag:998,040
INFO	2024-07-03 09:39:42	MarkDuplicates	Tracking 3438221 as yet unmatched pairs. 1394617 records in RAM.
INFO	2024-07-03 09:39:48	MarkDuplicates	Read   216,000,000 records.  Elapsed time: 00:17:07s.  Time for last 1,000,000:    5s.  Last read position: NC_045558.1_RagTag:8,090,168
INFO	2024-07-03 09:39:48	MarkDuplicates	Tracking 3384181 as yet unmatched pairs. 1328837 records in RAM.
INFO	2024-07-03 09:39:51	MarkDuplicates	Read   217,000,000 records.  Elapsed time: 00:17:10s.  Time for last 1,000,000:    3s.  Last read position: NC_045558.1_RagTag:14,823,076
INFO	2024-07-03 09:39:51	MarkDuplicates	Tracking 3333121 as yet unmatched pairs. 1269572 records in RAM.
INFO	2024-07-03 09:39:54	MarkDuplicates	Read   218,000,000 records.  Elapsed time: 00:17:14s.  Time for last 1,000,000:    3s.  Last read position: NC_045558.1_RagTag:21,543,012
INFO	2024-07-03 09:39:54	MarkDuplicates	Tracking 3285516 as yet unmatched pairs. 1214345 records in RAM.
INFO	2024-07-03 09:39:58	MarkDuplicates	Read   219,000,000 records.  Elapsed time: 00:17:17s.  Time for last 1,000,000:    3s.  Last read position: NC_045558.1_RagTag:28,355,488
INFO	2024-07-03 09:39:58	MarkDuplicates	Tracking 3240185 as yet unmatched pairs. 1161140 records in RAM.
INFO	2024-07-03 09:40:01	MarkDuplicates	Read   220,000,000 records.  Elapsed time: 00:17:20s.  Time for last 1,000,000:    3s.  Last read position: NC_045558.1_RagTag:35,050,896
INFO	2024-07-03 09:40:01	MarkDuplicates	Tracking 3193396 as yet unmatched pairs. 1105588 records in RAM.
INFO	2024-07-03 09:40:04	MarkDuplicates	Read   221,000,000 records.  Elapsed time: 00:17:24s.  Time for last 1,000,000:    3s.  Last read position: NC_045558.1_RagTag:41,633,546
INFO	2024-07-03 09:40:04	MarkDuplicates	Tracking 3144628 as yet unmatched pairs. 1047867 records in RAM.
INFO	2024-07-03 09:40:08	MarkDuplicates	Read   222,000,000 records.  Elapsed time: 00:17:27s.  Time for last 1,000,000:    3s.  Last read position: NC_045558.1_RagTag:48,229,215
INFO	2024-07-03 09:40:08	MarkDuplicates	Tracking 3095224 as yet unmatched pairs. 988838 records in RAM.
INFO	2024-07-03 09:40:11	MarkDuplicates	Read   223,000,000 records.  Elapsed time: 00:17:31s.  Time for last 1,000,000:    3s.  Last read position: NC_045558.1_RagTag:55,310,172
INFO	2024-07-03 09:40:11	MarkDuplicates	Tracking 3038821 as yet unmatched pairs. 921257 records in RAM.
INFO	2024-07-03 09:40:15	MarkDuplicates	Read   224,000,000 records.  Elapsed time: 00:17:34s.  Time for last 1,000,000:    3s.  Last read position: NC_045558.1_RagTag:62,270,743
INFO	2024-07-03 09:40:15	MarkDuplicates	Tracking 2979661 as yet unmatched pairs. 850513 records in RAM.
INFO	2024-07-03 09:40:18	MarkDuplicates	Read   225,000,000 records.  Elapsed time: 00:17:38s.  Time for last 1,000,000:    3s.  Last read position: NC_045558.1_RagTag:69,501,551
INFO	2024-07-03 09:40:18	MarkDuplicates	Tracking 2918865 as yet unmatched pairs. 773869 records in RAM.
INFO	2024-07-03 09:40:22	MarkDuplicates	Read   226,000,000 records.  Elapsed time: 00:17:41s.  Time for last 1,000,000:    3s.  Last read position: NC_045558.1_RagTag:76,738,386
INFO	2024-07-03 09:40:22	MarkDuplicates	Tracking 2854314 as yet unmatched pairs. 695799 records in RAM.
INFO	2024-07-03 09:40:25	MarkDuplicates	Read   227,000,000 records.  Elapsed time: 00:17:44s.  Time for last 1,000,000:    3s.  Last read position: NC_045558.1_RagTag:83,839,622
INFO	2024-07-03 09:40:25	MarkDuplicates	Tracking 2792556 as yet unmatched pairs. 622720 records in RAM.
INFO	2024-07-03 09:40:29	MarkDuplicates	Read   228,000,000 records.  Elapsed time: 00:17:48s.  Time for last 1,000,000:    3s.  Last read position: NC_045558.1_RagTag:90,850,431
INFO	2024-07-03 09:40:29	MarkDuplicates	Tracking 2735297 as yet unmatched pairs. 556091 records in RAM.
INFO	2024-07-03 09:40:32	MarkDuplicates	Read   229,000,000 records.  Elapsed time: 00:17:51s.  Time for last 1,000,000:    3s.  Last read position: NC_045558.1_RagTag:97,529,597
INFO	2024-07-03 09:40:32	MarkDuplicates	Tracking 2682025 as yet unmatched pairs. 493657 records in RAM.
INFO	2024-07-03 09:40:35	MarkDuplicates	Read   230,000,000 records.  Elapsed time: 00:17:54s.  Time for last 1,000,000:    3s.  Last read position: NC_045558.1_RagTag:104,213,533
INFO	2024-07-03 09:40:35	MarkDuplicates	Tracking 2629394 as yet unmatched pairs. 433256 records in RAM.
INFO	2024-07-03 09:40:38	MarkDuplicates	Read   231,000,000 records.  Elapsed time: 00:17:58s.  Time for last 1,000,000:    3s.  Last read position: NC_045558.1_RagTag:110,996,609
INFO	2024-07-03 09:40:38	MarkDuplicates	Tracking 2577192 as yet unmatched pairs. 373988 records in RAM.
INFO	2024-07-03 09:40:42	MarkDuplicates	Read   232,000,000 records.  Elapsed time: 00:18:01s.  Time for last 1,000,000:    3s.  Last read position: NC_045558.1_RagTag:117,838,214
INFO	2024-07-03 09:40:42	MarkDuplicates	Tracking 2524515 as yet unmatched pairs. 313499 records in RAM.
INFO	2024-07-03 09:40:57	MarkDuplicates	Read   233,000,000 records.  Elapsed time: 00:18:17s.  Time for last 1,000,000:   15s.  Last read position: NC_045558.1_RagTag:124,748,725
INFO	2024-07-03 09:40:57	MarkDuplicates	Tracking 2468582 as yet unmatched pairs. 248273 records in RAM.
INFO	2024-07-03 09:41:01	MarkDuplicates	Read   234,000,000 records.  Elapsed time: 00:18:20s.  Time for last 1,000,000:    3s.  Last read position: NC_045558.1_RagTag:131,166,919
INFO	2024-07-03 09:41:01	MarkDuplicates	Tracking 2399772 as yet unmatched pairs. 170146 records in RAM.
INFO	2024-07-03 09:41:04	MarkDuplicates	Read   235,000,000 records.  Elapsed time: 00:18:23s.  Time for last 1,000,000:    3s.  Last read position: NC_045558.1_RagTag:137,503,345
INFO	2024-07-03 09:41:04	MarkDuplicates	Tracking 2341745 as yet unmatched pairs. 97890 records in RAM.
INFO	2024-07-03 09:41:07	MarkDuplicates	Read   236,000,000 records.  Elapsed time: 00:18:27s.  Time for last 1,000,000:    3s.  Last read position: NC_045558.1_RagTag:144,454,297
INFO	2024-07-03 09:41:07	MarkDuplicates	Tracking 2277168 as yet unmatched pairs. 14651 records in RAM.
INFO	2024-07-03 09:41:12	MarkDuplicates	Read   237,000,000 records.  Elapsed time: 00:18:31s.  Time for last 1,000,000:    4s.  Last read position: NW_022473905.1_RagTag:99,708
INFO	2024-07-03 09:41:12	MarkDuplicates	Tracking 2210170 as yet unmatched pairs. 1654 records in RAM.
INFO	2024-07-03 09:41:49	MarkDuplicates	Read   238,000,000 records.  Elapsed time: 00:19:08s.  Time for last 1,000,000:   37s.  Last read position: Chr0_RagTag:7,785,910
INFO	2024-07-03 09:41:49	MarkDuplicates	Tracking 2134728 as yet unmatched pairs. 2134728 records in RAM.
INFO	2024-07-03 09:41:52	MarkDuplicates	Read   239,000,000 records.  Elapsed time: 00:19:12s.  Time for last 1,000,000:    3s.  Last read position: Chr0_RagTag:13,093,537
INFO	2024-07-03 09:41:52	MarkDuplicates	Tracking 2073325 as yet unmatched pairs. 2073325 records in RAM.
INFO	2024-07-03 09:41:56	MarkDuplicates	Read   240,000,000 records.  Elapsed time: 00:19:15s.  Time for last 1,000,000:    3s.  Last read position: Chr0_RagTag:17,477,436
INFO	2024-07-03 09:41:56	MarkDuplicates	Tracking 2007541 as yet unmatched pairs. 2007541 records in RAM.
INFO	2024-07-03 09:42:00	MarkDuplicates	Read   241,000,000 records.  Elapsed time: 00:19:19s.  Time for last 1,000,000:    3s.  Last read position: Chr0_RagTag:23,278,582
INFO	2024-07-03 09:42:00	MarkDuplicates	Tracking 1935878 as yet unmatched pairs. 1935878 records in RAM.
INFO	2024-07-03 09:42:03	MarkDuplicates	Read   242,000,000 records.  Elapsed time: 00:19:23s.  Time for last 1,000,000:    3s.  Last read position: Chr0_RagTag:27,958,570
INFO	2024-07-03 09:42:03	MarkDuplicates	Tracking 1868696 as yet unmatched pairs. 1868696 records in RAM.
INFO	2024-07-03 09:42:07	MarkDuplicates	Read   243,000,000 records.  Elapsed time: 00:19:26s.  Time for last 1,000,000:    3s.  Last read position: Chr0_RagTag:33,260,293
INFO	2024-07-03 09:42:07	MarkDuplicates	Tracking 1791170 as yet unmatched pairs. 1791170 records in RAM.
INFO	2024-07-03 09:42:10	MarkDuplicates	Read   244,000,000 records.  Elapsed time: 00:19:30s.  Time for last 1,000,000:    3s.  Last read position: Chr0_RagTag:38,953,048
INFO	2024-07-03 09:42:10	MarkDuplicates	Tracking 1715557 as yet unmatched pairs. 1715557 records in RAM.
INFO	2024-07-03 09:42:14	MarkDuplicates	Read   245,000,000 records.  Elapsed time: 00:19:33s.  Time for last 1,000,000:    3s.  Last read position: Chr0_RagTag:44,851,373
INFO	2024-07-03 09:42:14	MarkDuplicates	Tracking 1634598 as yet unmatched pairs. 1634598 records in RAM.
INFO	2024-07-03 09:42:18	MarkDuplicates	Read   246,000,000 records.  Elapsed time: 00:19:37s.  Time for last 1,000,000:    3s.  Last read position: Chr0_RagTag:50,320,435
INFO	2024-07-03 09:42:18	MarkDuplicates	Tracking 1553875 as yet unmatched pairs. 1553875 records in RAM.
INFO	2024-07-03 09:42:24	MarkDuplicates	Read   247,000,000 records.  Elapsed time: 00:19:43s.  Time for last 1,000,000:    6s.  Last read position: Chr0_RagTag:54,972,665
INFO	2024-07-03 09:42:24	MarkDuplicates	Tracking 1472118 as yet unmatched pairs. 1472118 records in RAM.
INFO	2024-07-03 09:42:27	MarkDuplicates	Read   248,000,000 records.  Elapsed time: 00:19:46s.  Time for last 1,000,000:    3s.  Last read position: Chr0_RagTag:60,193,627
INFO	2024-07-03 09:42:27	MarkDuplicates	Tracking 1381608 as yet unmatched pairs. 1381608 records in RAM.
INFO	2024-07-03 09:42:31	MarkDuplicates	Read   249,000,000 records.  Elapsed time: 00:19:50s.  Time for last 1,000,000:    3s.  Last read position: Chr0_RagTag:65,087,265
INFO	2024-07-03 09:42:31	MarkDuplicates	Tracking 1292619 as yet unmatched pairs. 1292619 records in RAM.
INFO	2024-07-03 09:42:34	MarkDuplicates	Read   250,000,000 records.  Elapsed time: 00:19:53s.  Time for last 1,000,000:    3s.  Last read position: Chr0_RagTag:70,365,942
INFO	2024-07-03 09:42:34	MarkDuplicates	Tracking 1199068 as yet unmatched pairs. 1199068 records in RAM.
INFO	2024-07-03 09:42:38	MarkDuplicates	Read   251,000,000 records.  Elapsed time: 00:19:57s.  Time for last 1,000,000:    3s.  Last read position: Chr0_RagTag:76,042,280
INFO	2024-07-03 09:42:38	MarkDuplicates	Tracking 1099383 as yet unmatched pairs. 1099383 records in RAM.
INFO	2024-07-03 09:42:41	MarkDuplicates	Read   252,000,000 records.  Elapsed time: 00:20:01s.  Time for last 1,000,000:    3s.  Last read position: Chr0_RagTag:82,572,093
INFO	2024-07-03 09:42:41	MarkDuplicates	Tracking 996198 as yet unmatched pairs. 996198 records in RAM.
INFO	2024-07-03 09:42:45	MarkDuplicates	Read   253,000,000 records.  Elapsed time: 00:20:04s.  Time for last 1,000,000:    3s.  Last read position: Chr0_RagTag:88,770,916
INFO	2024-07-03 09:42:45	MarkDuplicates	Tracking 892422 as yet unmatched pairs. 892422 records in RAM.
INFO	2024-07-03 09:42:49	MarkDuplicates	Read   254,000,000 records.  Elapsed time: 00:20:08s.  Time for last 1,000,000:    3s.  Last read position: Chr0_RagTag:94,624,077
INFO	2024-07-03 09:42:49	MarkDuplicates	Tracking 783829 as yet unmatched pairs. 783829 records in RAM.
INFO	2024-07-03 09:42:52	MarkDuplicates	Read   255,000,000 records.  Elapsed time: 00:20:11s.  Time for last 1,000,000:    3s.  Last read position: Chr0_RagTag:101,428,911
INFO	2024-07-03 09:42:52	MarkDuplicates	Tracking 672984 as yet unmatched pairs. 672984 records in RAM.
INFO	2024-07-03 09:42:56	MarkDuplicates	Read   256,000,000 records.  Elapsed time: 00:20:15s.  Time for last 1,000,000:    3s.  Last read position: Chr0_RagTag:107,936,971
INFO	2024-07-03 09:42:56	MarkDuplicates	Tracking 555924 as yet unmatched pairs. 555924 records in RAM.
INFO	2024-07-03 09:42:59	MarkDuplicates	Read   257,000,000 records.  Elapsed time: 00:20:19s.  Time for last 1,000,000:    3s.  Last read position: Chr0_RagTag:114,715,103
INFO	2024-07-03 09:42:59	MarkDuplicates	Tracking 437529 as yet unmatched pairs. 437529 records in RAM.
INFO	2024-07-03 09:43:03	MarkDuplicates	Read   258,000,000 records.  Elapsed time: 00:20:22s.  Time for last 1,000,000:    3s.  Last read position: Chr0_RagTag:121,073,508
INFO	2024-07-03 09:43:03	MarkDuplicates	Tracking 317645 as yet unmatched pairs. 317645 records in RAM.
INFO	2024-07-03 09:43:07	MarkDuplicates	Read   259,000,000 records.  Elapsed time: 00:20:26s.  Time for last 1,000,000:    3s.  Last read position: Chr0_RagTag:126,680,149
INFO	2024-07-03 09:43:07	MarkDuplicates	Tracking 198118 as yet unmatched pairs. 198118 records in RAM.
INFO	2024-07-03 09:43:43	MarkDuplicates	Read   260,000,000 records.  Elapsed time: 00:21:02s.  Time for last 1,000,000:   36s.  Last read position: Chr0_RagTag:132,736,128
INFO	2024-07-03 09:43:43	MarkDuplicates	Tracking 60235 as yet unmatched pairs. 60235 records in RAM.
INFO	2024-07-03 09:43:44	MarkDuplicates	Read 260373285 records. 0 pairs never matched.
INFO	2024-07-03 09:43:46	MarkDuplicates	After buildSortedReadEndLists freeMemory: 6224217776; totalMemory: 6487212032; maxMemory: 6487212032
INFO	2024-07-03 09:43:46	MarkDuplicates	Will retain up to 202725376 duplicate indices before spilling to disk.
INFO	2024-07-03 09:43:46	MarkDuplicates	Traversing read pair information and detecting duplicates.
INFO	2024-07-03 09:44:38	MarkDuplicates	Traversing fragment information and detecting duplicates.
INFO	2024-07-03 09:45:48	MarkDuplicates	Sorting list of duplicate records.
INFO	2024-07-03 09:45:50	MarkDuplicates	After generateDuplicateIndexes freeMemory: 4823836552; totalMemory: 6487212032; maxMemory: 6487212032
INFO	2024-07-03 09:45:50	MarkDuplicates	Marking 15892171 records as duplicates.
INFO	2024-07-03 09:45:50	MarkDuplicates	Found 428158 optical duplicate clusters.
INFO	2024-07-03 09:45:50	MarkDuplicates	Reads are assumed to be ordered by: coordinate
INFO	2024-07-03 09:48:00	MarkDuplicates	Written    10,000,000 records.  Elapsed time: 00:02:10s.  Time for last 10,000,000:  130s.  Last read position: NC_045541.1_RagTag:68,442,272
INFO	2024-07-03 09:50:09	MarkDuplicates	Written    20,000,000 records.  Elapsed time: 00:04:18s.  Time for last 10,000,000:  128s.  Last read position: NC_045541.1_RagTag:138,460,145
INFO	2024-07-03 09:52:19	MarkDuplicates	Written    30,000,000 records.  Elapsed time: 00:06:29s.  Time for last 10,000,000:  130s.  Last read position: NC_045542.1_RagTag:32,270,342
INFO	2024-07-03 09:54:28	MarkDuplicates	Written    40,000,000 records.  Elapsed time: 00:08:38s.  Time for last 10,000,000:  128s.  Last read position: NC_045542.1_RagTag:101,871,913
INFO	2024-07-03 09:56:39	MarkDuplicates	Written    50,000,000 records.  Elapsed time: 00:10:49s.  Time for last 10,000,000:  131s.  Last read position: NC_045543.1_RagTag:10,837,041
INFO	2024-07-03 09:58:48	MarkDuplicates	Written    60,000,000 records.  Elapsed time: 00:12:58s.  Time for last 10,000,000:  128s.  Last read position: NC_045543.1_RagTag:81,777,547
INFO	2024-07-03 10:00:59	MarkDuplicates	Written    70,000,000 records.  Elapsed time: 00:15:09s.  Time for last 10,000,000:  131s.  Last read position: NC_045544.1_RagTag:42,847,586
INFO	2024-07-03 10:03:08	MarkDuplicates	Written    80,000,000 records.  Elapsed time: 00:17:18s.  Time for last 10,000,000:  128s.  Last read position: NC_045544.1_RagTag:112,770,118
INFO	2024-07-03 10:05:18	MarkDuplicates	Written    90,000,000 records.  Elapsed time: 00:19:28s.  Time for last 10,000,000:  130s.  Last read position: NC_045545.1_RagTag:24,640,082
INFO	2024-07-03 10:07:28	MarkDuplicates	Written   100,000,000 records.  Elapsed time: 00:21:38s.  Time for last 10,000,000:  130s.  Last read position: NC_045546.1_RagTag:3,753,530
INFO	2024-07-03 10:09:40	MarkDuplicates	Written   110,000,000 records.  Elapsed time: 00:23:50s.  Time for last 10,000,000:  131s.  Last read position: NC_045546.1_RagTag:76,091,744
INFO	2024-07-03 10:11:50	MarkDuplicates	Written   120,000,000 records.  Elapsed time: 00:26:00s.  Time for last 10,000,000:  130s.  Last read position: NC_045547.1_RagTag:43,538,780
INFO	2024-07-03 10:14:02	MarkDuplicates	Written   130,000,000 records.  Elapsed time: 00:28:12s.  Time for last 10,000,000:  132s.  Last read position: NC_045548.1_RagTag:22,735,642
INFO	2024-07-03 10:16:14	MarkDuplicates	Written   140,000,000 records.  Elapsed time: 00:30:24s.  Time for last 10,000,000:  131s.  Last read position: NC_045549.1_RagTag:21,611,463
INFO	2024-07-03 10:18:24	MarkDuplicates	Written   150,000,000 records.  Elapsed time: 00:32:34s.  Time for last 10,000,000:  130s.  Last read position: NC_045549.1_RagTag:93,882,084
INFO	2024-07-03 10:20:36	MarkDuplicates	Written   160,000,000 records.  Elapsed time: 00:34:46s.  Time for last 10,000,000:  131s.  Last read position: NC_045550.1_RagTag:34,748,376
INFO	2024-07-03 10:22:48	MarkDuplicates	Written   170,000,000 records.  Elapsed time: 00:36:58s.  Time for last 10,000,000:  131s.  Last read position: NC_045552.1_RagTag:12,327,112
INFO	2024-07-03 10:25:03	MarkDuplicates	Written   180,000,000 records.  Elapsed time: 00:39:13s.  Time for last 10,000,000:  134s.  Last read position: NC_045553.1_RagTag:30,139,535
INFO	2024-07-03 10:27:18	MarkDuplicates	Written   190,000,000 records.  Elapsed time: 00:41:28s.  Time for last 10,000,000:  135s.  Last read position: NC_045555.1_RagTag:6,429,660
INFO	2024-07-03 10:29:34	MarkDuplicates	Written   200,000,000 records.  Elapsed time: 00:43:44s.  Time for last 10,000,000:  135s.  Last read position: NC_045556.1_RagTag:34,426,961
INFO	2024-07-03 10:31:47	MarkDuplicates	Written   210,000,000 records.  Elapsed time: 00:45:57s.  Time for last 10,000,000:  133s.  Last read position: NC_045558.1_RagTag:59,079,300
INFO	2024-07-03 10:34:00	MarkDuplicates	Written   220,000,000 records.  Elapsed time: 00:48:10s.  Time for last 10,000,000:  132s.  Last read position: NC_045558.1_RagTag:132,412,391
INFO	2024-07-03 10:36:18	MarkDuplicates	Written   230,000,000 records.  Elapsed time: 00:50:28s.  Time for last 10,000,000:  138s.  Last read position: Chr0_RagTag:43,644,682
INFO	2024-07-03 10:38:38	MarkDuplicates	Written   240,000,000 records.  Elapsed time: 00:52:48s.  Time for last 10,000,000:  139s.  Last read position: Chr0_RagTag:104,772,168
INFO	2024-07-03 10:39:48	MarkDuplicates	Writing complete. Closing input iterator.
INFO	2024-07-03 10:39:48	MarkDuplicates	Duplicate Index cleanup.
INFO	2024-07-03 10:39:48	MarkDuplicates	Getting Memory Stats.
INFO	2024-07-03 10:39:48	MarkDuplicates	Before output close freeMemory: 6445369440; totalMemory: 6487212032; maxMemory: 6487212032
INFO	2024-07-03 10:39:48	MarkDuplicates	Closed outputs. Getting more Memory Stats.
INFO	2024-07-03 10:39:48	MarkDuplicates	After output close freeMemory: 5840569288; totalMemory: 5879103488; maxMemory: 6487212032
[Wed Jul 03 10:39:48 MDT 2024] picard.sam.markduplicates.MarkDuplicates done. Elapsed time: 77.13 minutes.
Runtime.totalMemory()=5879103488
