INFO	2024-07-03 09:22:39	MarkDuplicates	

********** NOTE: Picard's command line syntax is changing.
**********
********** For more information, please see:
********** https://github.com/broadinstitute/picard/wiki/Command-Line-Syntax-Transition-For-Users-(Pre-Transition)
**********
********** The command line looks like this in the new syntax:
**********
**********    MarkDuplicates -REMOVE_DUPLICATES true -ASSUME_SORTED true -VALIDATION_STRINGENCY SILENT -INPUT FHSM13623_sort.bam -OUTPUT /project/getpop/bwa_ratsnake/rmd/FHSM13623.rmd.bam -METRICS_FILE /project/getpop/bwa_ratsnake/rmd/FHSM13623.rmd.bam.metrics
**********


09:22:40.545 INFO  NativeLibraryLoader - Loading libgkl_compression.so from jar:file:/apps/u/spack/gcc/12.2.0/picard/2.26.2-xrdth7g/bin/picard.jar!/com/intel/gkl/native/libgkl_compression.so
[Wed Jul 03 09:22:40 MDT 2024] MarkDuplicates INPUT=[FHSM13623_sort.bam] OUTPUT=/project/getpop/bwa_ratsnake/rmd/FHSM13623.rmd.bam METRICS_FILE=/project/getpop/bwa_ratsnake/rmd/FHSM13623.rmd.bam.metrics REMOVE_DUPLICATES=true ASSUME_SORTED=true VALIDATION_STRINGENCY=SILENT    MAX_SEQUENCES_FOR_DISK_READ_ENDS_MAP=50000 MAX_FILE_HANDLES_FOR_READ_ENDS_MAP=8000 SORTING_COLLECTION_SIZE_RATIO=0.25 TAG_DUPLICATE_SET_MEMBERS=false REMOVE_SEQUENCING_DUPLICATES=false TAGGING_POLICY=DontTag CLEAR_DT=true DUPLEX_UMI=false ADD_PG_TAG_TO_READS=true DUPLICATE_SCORING_STRATEGY=SUM_OF_BASE_QUALITIES PROGRAM_RECORD_ID=MarkDuplicates PROGRAM_GROUP_NAME=MarkDuplicates READ_NAME_REGEX=<optimized capture of last three ':' separated fields as numeric values> OPTICAL_DUPLICATE_PIXEL_DISTANCE=100 MAX_OPTICAL_DUPLICATE_SET_SIZE=300000 VERBOSITY=INFO QUIET=false COMPRESSION_LEVEL=5 MAX_RECORDS_IN_RAM=500000 CREATE_INDEX=false CREATE_MD5_FILE=false GA4GH_CLIENT_SECRETS=client_secrets.json USE_JDK_DEFLATER=false USE_JDK_INFLATER=false
[Wed Jul 03 09:22:40 MDT 2024] Executing as sharrin2@t502 on Linux 4.18.0-513.11.1.el8_9.x86_64 amd64; OpenJDK 64-Bit Server VM 11.0.15+10; Deflater: Intel; Inflater: Intel; Provider GCS is not available; Picard version: 2.26.2
INFO	2024-07-03 09:22:40	MarkDuplicates	Start of doWork freeMemory: 397763408; totalMemory: 405536768; maxMemory: 6487212032
INFO	2024-07-03 09:22:40	MarkDuplicates	Reading input file and constructing read end information.
INFO	2024-07-03 09:22:40	MarkDuplicates	Will retain up to 23504391 data points before spilling to disk.
INFO	2024-07-03 09:22:46	MarkDuplicates	Read     1,000,000 records.  Elapsed time: 00:00:05s.  Time for last 1,000,000:    5s.  Last read position: NC_045541.1_RagTag:11,022,693
INFO	2024-07-03 09:22:46	MarkDuplicates	Tracking 27253 as yet unmatched pairs. 2264 records in RAM.
INFO	2024-07-03 09:22:49	MarkDuplicates	Read     2,000,000 records.  Elapsed time: 00:00:08s.  Time for last 1,000,000:    3s.  Last read position: NC_045541.1_RagTag:23,848,931
INFO	2024-07-03 09:22:49	MarkDuplicates	Tracking 49009 as yet unmatched pairs. 3974 records in RAM.
INFO	2024-07-03 09:22:53	MarkDuplicates	Read     3,000,000 records.  Elapsed time: 00:00:12s.  Time for last 1,000,000:    3s.  Last read position: NC_045541.1_RagTag:36,854,932
INFO	2024-07-03 09:22:53	MarkDuplicates	Tracking 70058 as yet unmatched pairs. 5304 records in RAM.
INFO	2024-07-03 09:22:56	MarkDuplicates	Read     4,000,000 records.  Elapsed time: 00:00:15s.  Time for last 1,000,000:    3s.  Last read position: NC_045541.1_RagTag:49,568,502
INFO	2024-07-03 09:22:56	MarkDuplicates	Tracking 91426 as yet unmatched pairs. 6342 records in RAM.
INFO	2024-07-03 09:22:59	MarkDuplicates	Read     5,000,000 records.  Elapsed time: 00:00:18s.  Time for last 1,000,000:    3s.  Last read position: NC_045541.1_RagTag:62,403,178
INFO	2024-07-03 09:22:59	MarkDuplicates	Tracking 112253 as yet unmatched pairs. 7111 records in RAM.
INFO	2024-07-03 09:23:03	MarkDuplicates	Read     6,000,000 records.  Elapsed time: 00:00:22s.  Time for last 1,000,000:    3s.  Last read position: NC_045541.1_RagTag:75,883,108
INFO	2024-07-03 09:23:03	MarkDuplicates	Tracking 132029 as yet unmatched pairs. 7610 records in RAM.
INFO	2024-07-03 09:23:06	MarkDuplicates	Read     7,000,000 records.  Elapsed time: 00:00:25s.  Time for last 1,000,000:    3s.  Last read position: NC_045541.1_RagTag:89,259,010
INFO	2024-07-03 09:23:06	MarkDuplicates	Tracking 151099 as yet unmatched pairs. 7744 records in RAM.
INFO	2024-07-03 09:23:09	MarkDuplicates	Read     8,000,000 records.  Elapsed time: 00:00:28s.  Time for last 1,000,000:    3s.  Last read position: NC_045541.1_RagTag:102,191,680
INFO	2024-07-03 09:23:09	MarkDuplicates	Tracking 169939 as yet unmatched pairs. 7529 records in RAM.
INFO	2024-07-03 09:23:13	MarkDuplicates	Read     9,000,000 records.  Elapsed time: 00:00:32s.  Time for last 1,000,000:    3s.  Last read position: NC_045541.1_RagTag:115,177,062
INFO	2024-07-03 09:23:13	MarkDuplicates	Tracking 187986 as yet unmatched pairs. 7117 records in RAM.
INFO	2024-07-03 09:23:16	MarkDuplicates	Read    10,000,000 records.  Elapsed time: 00:00:35s.  Time for last 1,000,000:    3s.  Last read position: NC_045541.1_RagTag:128,364,130
INFO	2024-07-03 09:23:16	MarkDuplicates	Tracking 205149 as yet unmatched pairs. 6445 records in RAM.
INFO	2024-07-03 09:23:19	MarkDuplicates	Read    11,000,000 records.  Elapsed time: 00:00:38s.  Time for last 1,000,000:    3s.  Last read position: NC_045541.1_RagTag:141,050,158
INFO	2024-07-03 09:23:19	MarkDuplicates	Tracking 222856 as yet unmatched pairs. 5521 records in RAM.
INFO	2024-07-03 09:23:23	MarkDuplicates	Read    12,000,000 records.  Elapsed time: 00:00:42s.  Time for last 1,000,000:    4s.  Last read position: NC_045541.1_RagTag:154,109,909
INFO	2024-07-03 09:23:23	MarkDuplicates	Tracking 242108 as yet unmatched pairs. 4225 records in RAM.
INFO	2024-07-03 09:23:27	MarkDuplicates	Read    13,000,000 records.  Elapsed time: 00:00:46s.  Time for last 1,000,000:    3s.  Last read position: NC_045541.1_RagTag:166,783,945
INFO	2024-07-03 09:23:27	MarkDuplicates	Tracking 265910 as yet unmatched pairs. 2203 records in RAM.
INFO	2024-07-03 09:23:31	MarkDuplicates	Read    14,000,000 records.  Elapsed time: 00:00:50s.  Time for last 1,000,000:    4s.  Last read position: NC_045542.1_RagTag:2,292,135
INFO	2024-07-03 09:23:31	MarkDuplicates	Tracking 296533 as yet unmatched pairs. 27584 records in RAM.
INFO	2024-07-03 09:23:34	MarkDuplicates	Read    15,000,000 records.  Elapsed time: 00:00:53s.  Time for last 1,000,000:    3s.  Last read position: NC_045542.1_RagTag:15,566,483
INFO	2024-07-03 09:23:34	MarkDuplicates	Tracking 313611 as yet unmatched pairs. 27163 records in RAM.
INFO	2024-07-03 09:23:37	MarkDuplicates	Read    16,000,000 records.  Elapsed time: 00:00:56s.  Time for last 1,000,000:    3s.  Last read position: NC_045542.1_RagTag:28,565,456
INFO	2024-07-03 09:23:37	MarkDuplicates	Tracking 330950 as yet unmatched pairs. 26620 records in RAM.
INFO	2024-07-03 09:23:40	MarkDuplicates	Read    17,000,000 records.  Elapsed time: 00:00:59s.  Time for last 1,000,000:    3s.  Last read position: NC_045542.1_RagTag:41,574,085
INFO	2024-07-03 09:23:40	MarkDuplicates	Tracking 349400 as yet unmatched pairs. 25384 records in RAM.
INFO	2024-07-03 09:23:44	MarkDuplicates	Read    18,000,000 records.  Elapsed time: 00:01:03s.  Time for last 1,000,000:    3s.  Last read position: NC_045542.1_RagTag:54,702,835
INFO	2024-07-03 09:23:44	MarkDuplicates	Tracking 365259 as yet unmatched pairs. 24156 records in RAM.
INFO	2024-07-03 09:23:47	MarkDuplicates	Read    19,000,000 records.  Elapsed time: 00:01:06s.  Time for last 1,000,000:    3s.  Last read position: NC_045542.1_RagTag:67,960,532
INFO	2024-07-03 09:23:47	MarkDuplicates	Tracking 380913 as yet unmatched pairs. 22759 records in RAM.
INFO	2024-07-03 09:23:50	MarkDuplicates	Read    20,000,000 records.  Elapsed time: 00:01:09s.  Time for last 1,000,000:    3s.  Last read position: NC_045542.1_RagTag:81,233,374
INFO	2024-07-03 09:23:50	MarkDuplicates	Tracking 395513 as yet unmatched pairs. 20961 records in RAM.
INFO	2024-07-03 09:23:54	MarkDuplicates	Read    21,000,000 records.  Elapsed time: 00:01:14s.  Time for last 1,000,000:    4s.  Last read position: NC_045542.1_RagTag:94,735,915
INFO	2024-07-03 09:23:54	MarkDuplicates	Tracking 410099 as yet unmatched pairs. 18879 records in RAM.
INFO	2024-07-03 09:23:58	MarkDuplicates	Read    22,000,000 records.  Elapsed time: 00:01:17s.  Time for last 1,000,000:    3s.  Last read position: NC_045542.1_RagTag:107,759,481
INFO	2024-07-03 09:23:58	MarkDuplicates	Tracking 424780 as yet unmatched pairs. 16449 records in RAM.
INFO	2024-07-03 09:24:01	MarkDuplicates	Read    23,000,000 records.  Elapsed time: 00:01:20s.  Time for last 1,000,000:    3s.  Last read position: NC_045542.1_RagTag:120,527,462
INFO	2024-07-03 09:24:01	MarkDuplicates	Tracking 440348 as yet unmatched pairs. 13694 records in RAM.
INFO	2024-07-03 09:24:05	MarkDuplicates	Read    24,000,000 records.  Elapsed time: 00:01:24s.  Time for last 1,000,000:    3s.  Last read position: NC_045542.1_RagTag:132,907,640
INFO	2024-07-03 09:24:05	MarkDuplicates	Tracking 457188 as yet unmatched pairs. 10368 records in RAM.
INFO	2024-07-03 09:24:22	MarkDuplicates	Read    25,000,000 records.  Elapsed time: 00:01:41s.  Time for last 1,000,000:   16s.  Last read position: NC_045542.1_RagTag:145,212,609
INFO	2024-07-03 09:24:22	MarkDuplicates	Tracking 476947 as yet unmatched pairs. 5887 records in RAM.
INFO	2024-07-03 09:24:25	MarkDuplicates	Read    26,000,000 records.  Elapsed time: 00:01:44s.  Time for last 1,000,000:    3s.  Last read position: NC_045542.1_RagTag:156,756,639
INFO	2024-07-03 09:24:25	MarkDuplicates	Tracking 498927 as yet unmatched pairs. 1099 records in RAM.
INFO	2024-07-03 09:24:29	MarkDuplicates	Read    27,000,000 records.  Elapsed time: 00:01:48s.  Time for last 1,000,000:    3s.  Last read position: NC_045543.1_RagTag:10,086,841
INFO	2024-07-03 09:24:29	MarkDuplicates	Tracking 516125 as yet unmatched pairs. 35952 records in RAM.
INFO	2024-07-03 09:24:32	MarkDuplicates	Read    28,000,000 records.  Elapsed time: 00:01:51s.  Time for last 1,000,000:    3s.  Last read position: NC_045543.1_RagTag:23,057,904
INFO	2024-07-03 09:24:32	MarkDuplicates	Tracking 529673 as yet unmatched pairs. 33060 records in RAM.
INFO	2024-07-03 09:24:35	MarkDuplicates	Read    29,000,000 records.  Elapsed time: 00:01:54s.  Time for last 1,000,000:    3s.  Last read position: NC_045543.1_RagTag:35,573,222
INFO	2024-07-03 09:24:35	MarkDuplicates	Tracking 543640 as yet unmatched pairs. 29416 records in RAM.
INFO	2024-07-03 09:24:38	MarkDuplicates	Read    30,000,000 records.  Elapsed time: 00:01:58s.  Time for last 1,000,000:    3s.  Last read position: NC_045543.1_RagTag:48,822,104
INFO	2024-07-03 09:24:38	MarkDuplicates	Tracking 556051 as yet unmatched pairs. 25885 records in RAM.
INFO	2024-07-03 09:24:41	MarkDuplicates	Read    31,000,000 records.  Elapsed time: 00:02:01s.  Time for last 1,000,000:    3s.  Last read position: NC_045543.1_RagTag:62,333,560
INFO	2024-07-03 09:24:41	MarkDuplicates	Tracking 567402 as yet unmatched pairs. 22329 records in RAM.
INFO	2024-07-03 09:24:45	MarkDuplicates	Read    32,000,000 records.  Elapsed time: 00:02:04s.  Time for last 1,000,000:    3s.  Last read position: NC_045543.1_RagTag:76,004,468
INFO	2024-07-03 09:24:45	MarkDuplicates	Tracking 578535 as yet unmatched pairs. 18727 records in RAM.
INFO	2024-07-03 09:24:48	MarkDuplicates	Read    33,000,000 records.  Elapsed time: 00:02:07s.  Time for last 1,000,000:    3s.  Last read position: NC_045543.1_RagTag:89,161,373
INFO	2024-07-03 09:24:48	MarkDuplicates	Tracking 591461 as yet unmatched pairs. 13803 records in RAM.
INFO	2024-07-03 09:24:51	MarkDuplicates	Read    34,000,000 records.  Elapsed time: 00:02:10s.  Time for last 1,000,000:    3s.  Last read position: NC_045543.1_RagTag:100,761,459
INFO	2024-07-03 09:24:51	MarkDuplicates	Tracking 612208 as yet unmatched pairs. 7014 records in RAM.
INFO	2024-07-03 09:24:56	MarkDuplicates	Read    35,000,000 records.  Elapsed time: 00:02:15s.  Time for last 1,000,000:    4s.  Last read position: NC_045544.1_RagTag:3,743,588
INFO	2024-07-03 09:24:56	MarkDuplicates	Tracking 636508 as yet unmatched pairs. 67185 records in RAM.
INFO	2024-07-03 09:24:59	MarkDuplicates	Read    36,000,000 records.  Elapsed time: 00:02:18s.  Time for last 1,000,000:    3s.  Last read position: NC_045544.1_RagTag:16,531,264
INFO	2024-07-03 09:24:59	MarkDuplicates	Tracking 648398 as yet unmatched pairs. 63564 records in RAM.
INFO	2024-07-03 09:25:04	MarkDuplicates	Read    37,000,000 records.  Elapsed time: 00:02:23s.  Time for last 1,000,000:    5s.  Last read position: NC_045544.1_RagTag:29,127,323
INFO	2024-07-03 09:25:04	MarkDuplicates	Tracking 660109 as yet unmatched pairs. 59338 records in RAM.
INFO	2024-07-03 09:25:07	MarkDuplicates	Read    38,000,000 records.  Elapsed time: 00:02:26s.  Time for last 1,000,000:    3s.  Last read position: NC_045544.1_RagTag:41,677,573
INFO	2024-07-03 09:25:07	MarkDuplicates	Tracking 671601 as yet unmatched pairs. 54905 records in RAM.
INFO	2024-07-03 09:25:10	MarkDuplicates	Read    39,000,000 records.  Elapsed time: 00:02:29s.  Time for last 1,000,000:    3s.  Last read position: NC_045544.1_RagTag:54,462,144
INFO	2024-07-03 09:25:10	MarkDuplicates	Tracking 682885 as yet unmatched pairs. 49867 records in RAM.
INFO	2024-07-03 09:25:13	MarkDuplicates	Read    40,000,000 records.  Elapsed time: 00:02:33s.  Time for last 1,000,000:    3s.  Last read position: NC_045544.1_RagTag:67,782,784
INFO	2024-07-03 09:25:13	MarkDuplicates	Tracking 692437 as yet unmatched pairs. 45190 records in RAM.
INFO	2024-07-03 09:25:17	MarkDuplicates	Read    41,000,000 records.  Elapsed time: 00:02:36s.  Time for last 1,000,000:    3s.  Last read position: NC_045544.1_RagTag:80,852,083
INFO	2024-07-03 09:25:17	MarkDuplicates	Tracking 701760 as yet unmatched pairs. 40190 records in RAM.
INFO	2024-07-03 09:25:20	MarkDuplicates	Read    42,000,000 records.  Elapsed time: 00:02:39s.  Time for last 1,000,000:    3s.  Last read position: NC_045544.1_RagTag:93,966,376
INFO	2024-07-03 09:25:20	MarkDuplicates	Tracking 711097 as yet unmatched pairs. 34995 records in RAM.
INFO	2024-07-03 09:25:23	MarkDuplicates	Read    43,000,000 records.  Elapsed time: 00:02:42s.  Time for last 1,000,000:    3s.  Last read position: NC_045544.1_RagTag:107,116,895
INFO	2024-07-03 09:25:23	MarkDuplicates	Tracking 719094 as yet unmatched pairs. 29731 records in RAM.
INFO	2024-07-03 09:25:26	MarkDuplicates	Read    44,000,000 records.  Elapsed time: 00:02:45s.  Time for last 1,000,000:    3s.  Last read position: NC_045544.1_RagTag:120,445,498
INFO	2024-07-03 09:25:26	MarkDuplicates	Tracking 727018 as yet unmatched pairs. 24431 records in RAM.
INFO	2024-07-03 09:25:29	MarkDuplicates	Read    45,000,000 records.  Elapsed time: 00:02:48s.  Time for last 1,000,000:    3s.  Last read position: NC_045544.1_RagTag:133,578,574
INFO	2024-07-03 09:25:29	MarkDuplicates	Tracking 736862 as yet unmatched pairs. 17623 records in RAM.
INFO	2024-07-03 09:25:32	MarkDuplicates	Read    46,000,000 records.  Elapsed time: 00:02:51s.  Time for last 1,000,000:    3s.  Last read position: NC_045544.1_RagTag:146,294,867
INFO	2024-07-03 09:25:32	MarkDuplicates	Tracking 746660 as yet unmatched pairs. 10497 records in RAM.
INFO	2024-07-03 09:25:36	MarkDuplicates	Read    47,000,000 records.  Elapsed time: 00:02:55s.  Time for last 1,000,000:    3s.  Last read position: NC_045544.1_RagTag:159,551,757
INFO	2024-07-03 09:25:36	MarkDuplicates	Tracking 763080 as yet unmatched pairs. 162 records in RAM.
INFO	2024-07-03 09:25:40	MarkDuplicates	Read    48,000,000 records.  Elapsed time: 00:02:59s.  Time for last 1,000,000:    3s.  Last read position: NC_045545.1_RagTag:12,615,664
INFO	2024-07-03 09:25:40	MarkDuplicates	Tracking 770954 as yet unmatched pairs. 47098 records in RAM.
INFO	2024-07-03 09:25:43	MarkDuplicates	Read    49,000,000 records.  Elapsed time: 00:03:02s.  Time for last 1,000,000:    3s.  Last read position: NC_045545.1_RagTag:25,736,964
INFO	2024-07-03 09:25:43	MarkDuplicates	Tracking 778050 as yet unmatched pairs. 40913 records in RAM.
INFO	2024-07-03 09:25:58	MarkDuplicates	Read    50,000,000 records.  Elapsed time: 00:03:17s.  Time for last 1,000,000:   15s.  Last read position: NC_045545.1_RagTag:39,340,444
INFO	2024-07-03 09:25:58	MarkDuplicates	Tracking 784202 as yet unmatched pairs. 34850 records in RAM.
INFO	2024-07-03 09:26:16	MarkDuplicates	Read    51,000,000 records.  Elapsed time: 00:03:35s.  Time for last 1,000,000:   17s.  Last read position: NC_045545.1_RagTag:52,844,489
INFO	2024-07-03 09:26:16	MarkDuplicates	Tracking 790241 as yet unmatched pairs. 28576 records in RAM.
INFO	2024-07-03 09:26:19	MarkDuplicates	Read    52,000,000 records.  Elapsed time: 00:03:38s.  Time for last 1,000,000:    3s.  Last read position: NC_045545.1_RagTag:66,319,505
INFO	2024-07-03 09:26:19	MarkDuplicates	Tracking 796096 as yet unmatched pairs. 22082 records in RAM.
INFO	2024-07-03 09:26:22	MarkDuplicates	Read    53,000,000 records.  Elapsed time: 00:03:41s.  Time for last 1,000,000:    3s.  Last read position: NC_045545.1_RagTag:78,596,889
INFO	2024-07-03 09:26:22	MarkDuplicates	Tracking 803485 as yet unmatched pairs. 13714 records in RAM.
INFO	2024-07-03 09:26:26	MarkDuplicates	Read    54,000,000 records.  Elapsed time: 00:03:45s.  Time for last 1,000,000:    3s.  Last read position: NC_045545.1_RagTag:91,282,937
INFO	2024-07-03 09:26:26	MarkDuplicates	Tracking 817263 as yet unmatched pairs. 1288 records in RAM.
INFO	2024-07-03 09:26:30	MarkDuplicates	Read    55,000,000 records.  Elapsed time: 00:03:49s.  Time for last 1,000,000:    4s.  Last read position: NC_045546.1_RagTag:11,477,000
INFO	2024-07-03 09:26:30	MarkDuplicates	Tracking 831069 as yet unmatched pairs. 64737 records in RAM.
INFO	2024-07-03 09:26:34	MarkDuplicates	Read    56,000,000 records.  Elapsed time: 00:03:53s.  Time for last 1,000,000:    4s.  Last read position: NC_045546.1_RagTag:24,051,696
INFO	2024-07-03 09:26:34	MarkDuplicates	Tracking 837349 as yet unmatched pairs. 55433 records in RAM.
INFO	2024-07-03 09:26:37	MarkDuplicates	Read    57,000,000 records.  Elapsed time: 00:03:56s.  Time for last 1,000,000:    3s.  Last read position: NC_045546.1_RagTag:37,645,104
INFO	2024-07-03 09:26:37	MarkDuplicates	Tracking 842054 as yet unmatched pairs. 48629 records in RAM.
INFO	2024-07-03 09:26:40	MarkDuplicates	Read    58,000,000 records.  Elapsed time: 00:03:59s.  Time for last 1,000,000:    3s.  Last read position: NC_045546.1_RagTag:51,336,284
INFO	2024-07-03 09:26:40	MarkDuplicates	Tracking 846727 as yet unmatched pairs. 40842 records in RAM.
INFO	2024-07-03 09:26:43	MarkDuplicates	Read    59,000,000 records.  Elapsed time: 00:04:03s.  Time for last 1,000,000:    3s.  Last read position: NC_045546.1_RagTag:64,179,088
INFO	2024-07-03 09:26:43	MarkDuplicates	Tracking 854228 as yet unmatched pairs. 32016 records in RAM.
INFO	2024-07-03 09:26:47	MarkDuplicates	Read    60,000,000 records.  Elapsed time: 00:04:06s.  Time for last 1,000,000:    3s.  Last read position: NC_045546.1_RagTag:75,599,455
INFO	2024-07-03 09:26:47	MarkDuplicates	Tracking 866540 as yet unmatched pairs. 21069 records in RAM.
INFO	2024-07-03 09:26:50	MarkDuplicates	Read    61,000,000 records.  Elapsed time: 00:04:09s.  Time for last 1,000,000:    3s.  Last read position: NC_045546.1_RagTag:88,055,848
INFO	2024-07-03 09:26:50	MarkDuplicates	Tracking 871665 as yet unmatched pairs. 11105 records in RAM.
INFO	2024-07-03 09:26:53	MarkDuplicates	Read    62,000,000 records.  Elapsed time: 00:04:12s.  Time for last 1,000,000:    3s.  Last read position: NC_045546.1_RagTag:101,017,829
INFO	2024-07-03 09:26:53	MarkDuplicates	Tracking 875600 as yet unmatched pairs. 2140 records in RAM.
INFO	2024-07-03 09:26:58	MarkDuplicates	Read    63,000,000 records.  Elapsed time: 00:04:17s.  Time for last 1,000,000:    4s.  Last read position: NC_045547.1_RagTag:10,179,110
INFO	2024-07-03 09:26:58	MarkDuplicates	Tracking 884590 as yet unmatched pairs. 75174 records in RAM.
INFO	2024-07-03 09:27:01	MarkDuplicates	Read    64,000,000 records.  Elapsed time: 00:04:20s.  Time for last 1,000,000:    3s.  Last read position: NC_045547.1_RagTag:22,694,262
INFO	2024-07-03 09:27:01	MarkDuplicates	Tracking 888420 as yet unmatched pairs. 64932 records in RAM.
INFO	2024-07-03 09:27:04	MarkDuplicates	Read    65,000,000 records.  Elapsed time: 00:04:23s.  Time for last 1,000,000:    3s.  Last read position: NC_045547.1_RagTag:35,902,375
INFO	2024-07-03 09:27:04	MarkDuplicates	Tracking 890710 as yet unmatched pairs. 56268 records in RAM.
INFO	2024-07-03 09:27:07	MarkDuplicates	Read    66,000,000 records.  Elapsed time: 00:04:26s.  Time for last 1,000,000:    3s.  Last read position: NC_045547.1_RagTag:49,445,091
INFO	2024-07-03 09:27:07	MarkDuplicates	Tracking 892998 as yet unmatched pairs. 46990 records in RAM.
INFO	2024-07-03 09:27:11	MarkDuplicates	Read    67,000,000 records.  Elapsed time: 00:04:30s.  Time for last 1,000,000:    3s.  Last read position: NC_045547.1_RagTag:61,495,722
INFO	2024-07-03 09:27:11	MarkDuplicates	Tracking 898253 as yet unmatched pairs. 33805 records in RAM.
INFO	2024-07-03 09:27:14	MarkDuplicates	Read    68,000,000 records.  Elapsed time: 00:04:33s.  Time for last 1,000,000:    3s.  Last read position: NC_045547.1_RagTag:73,550,357
INFO	2024-07-03 09:27:14	MarkDuplicates	Tracking 900838 as yet unmatched pairs. 21962 records in RAM.
INFO	2024-07-03 09:27:17	MarkDuplicates	Read    69,000,000 records.  Elapsed time: 00:04:36s.  Time for last 1,000,000:    3s.  Last read position: NC_045547.1_RagTag:86,098,101
INFO	2024-07-03 09:27:17	MarkDuplicates	Tracking 904556 as yet unmatched pairs. 7537 records in RAM.
INFO	2024-07-03 09:27:21	MarkDuplicates	Read    70,000,000 records.  Elapsed time: 00:04:40s.  Time for last 1,000,000:    4s.  Last read position: NC_045548.1_RagTag:6,559,261
INFO	2024-07-03 09:27:21	MarkDuplicates	Tracking 909224 as yet unmatched pairs. 60483 records in RAM.
INFO	2024-07-03 09:27:24	MarkDuplicates	Read    71,000,000 records.  Elapsed time: 00:04:43s.  Time for last 1,000,000:    3s.  Last read position: NC_045548.1_RagTag:19,533,558
INFO	2024-07-03 09:27:24	MarkDuplicates	Tracking 909679 as yet unmatched pairs. 50837 records in RAM.
INFO	2024-07-03 09:27:28	MarkDuplicates	Read    72,000,000 records.  Elapsed time: 00:04:47s.  Time for last 1,000,000:    3s.  Last read position: NC_045548.1_RagTag:33,121,463
INFO	2024-07-03 09:27:28	MarkDuplicates	Tracking 909757 as yet unmatched pairs. 41915 records in RAM.
INFO	2024-07-03 09:27:31	MarkDuplicates	Read    73,000,000 records.  Elapsed time: 00:04:50s.  Time for last 1,000,000:    3s.  Last read position: NC_045548.1_RagTag:46,805,264
INFO	2024-07-03 09:27:31	MarkDuplicates	Tracking 909646 as yet unmatched pairs. 32497 records in RAM.
INFO	2024-07-03 09:27:34	MarkDuplicates	Read    74,000,000 records.  Elapsed time: 00:04:53s.  Time for last 1,000,000:    3s.  Last read position: NC_045548.1_RagTag:59,482,503
INFO	2024-07-03 09:27:34	MarkDuplicates	Tracking 910463 as yet unmatched pairs. 20110 records in RAM.
INFO	2024-07-03 09:27:49	MarkDuplicates	Read    75,000,000 records.  Elapsed time: 00:05:08s.  Time for last 1,000,000:   15s.  Last read position: NC_045548.1_RagTag:72,268,784
INFO	2024-07-03 09:27:49	MarkDuplicates	Tracking 913441 as yet unmatched pairs. 1569 records in RAM.
INFO	2024-07-03 09:27:55	MarkDuplicates	Read    76,000,000 records.  Elapsed time: 00:05:14s.  Time for last 1,000,000:    5s.  Last read position: NC_045549.1_RagTag:10,780,694
INFO	2024-07-03 09:27:55	MarkDuplicates	Tracking 916363 as yet unmatched pairs. 135769 records in RAM.
INFO	2024-07-03 09:27:58	MarkDuplicates	Read    77,000,000 records.  Elapsed time: 00:05:17s.  Time for last 1,000,000:    3s.  Last read position: NC_045549.1_RagTag:23,496,507
INFO	2024-07-03 09:27:58	MarkDuplicates	Tracking 915133 as yet unmatched pairs. 123965 records in RAM.
INFO	2024-07-03 09:28:01	MarkDuplicates	Read    78,000,000 records.  Elapsed time: 00:05:20s.  Time for last 1,000,000:    3s.  Last read position: NC_045549.1_RagTag:37,407,260
INFO	2024-07-03 09:28:01	MarkDuplicates	Tracking 913749 as yet unmatched pairs. 114483 records in RAM.
INFO	2024-07-03 09:28:04	MarkDuplicates	Read    79,000,000 records.  Elapsed time: 00:05:24s.  Time for last 1,000,000:    3s.  Last read position: NC_045549.1_RagTag:50,876,835
INFO	2024-07-03 09:28:04	MarkDuplicates	Tracking 912088 as yet unmatched pairs. 103722 records in RAM.
INFO	2024-07-03 09:28:08	MarkDuplicates	Read    80,000,000 records.  Elapsed time: 00:05:27s.  Time for last 1,000,000:    3s.  Last read position: NC_045549.1_RagTag:63,495,182
INFO	2024-07-03 09:28:08	MarkDuplicates	Tracking 911382 as yet unmatched pairs. 89030 records in RAM.
INFO	2024-07-03 09:28:11	MarkDuplicates	Read    81,000,000 records.  Elapsed time: 00:05:30s.  Time for last 1,000,000:    3s.  Last read position: NC_045549.1_RagTag:76,864,446
INFO	2024-07-03 09:28:11	MarkDuplicates	Tracking 908911 as yet unmatched pairs. 77066 records in RAM.
INFO	2024-07-03 09:28:14	MarkDuplicates	Read    82,000,000 records.  Elapsed time: 00:05:33s.  Time for last 1,000,000:    3s.  Last read position: NC_045549.1_RagTag:89,858,610
INFO	2024-07-03 09:28:14	MarkDuplicates	Tracking 906121 as yet unmatched pairs. 64851 records in RAM.
INFO	2024-07-03 09:28:17	MarkDuplicates	Read    83,000,000 records.  Elapsed time: 00:05:36s.  Time for last 1,000,000:    3s.  Last read position: NC_045549.1_RagTag:101,854,545
INFO	2024-07-03 09:28:17	MarkDuplicates	Tracking 903715 as yet unmatched pairs. 47280 records in RAM.
INFO	2024-07-03 09:28:21	MarkDuplicates	Read    84,000,000 records.  Elapsed time: 00:05:40s.  Time for last 1,000,000:    3s.  Last read position: NC_045549.1_RagTag:113,494,402
INFO	2024-07-03 09:28:21	MarkDuplicates	Tracking 902076 as yet unmatched pairs. 28926 records in RAM.
INFO	2024-07-03 09:28:24	MarkDuplicates	Read    85,000,000 records.  Elapsed time: 00:05:43s.  Time for last 1,000,000:    3s.  Last read position: NC_045549.1_RagTag:126,502,587
INFO	2024-07-03 09:28:24	MarkDuplicates	Tracking 898208 as yet unmatched pairs. 9399 records in RAM.
INFO	2024-07-03 09:28:30	MarkDuplicates	Read    86,000,000 records.  Elapsed time: 00:05:49s.  Time for last 1,000,000:    6s.  Last read position: NC_045550.1_RagTag:7,054,878
INFO	2024-07-03 09:28:30	MarkDuplicates	Tracking 895500 as yet unmatched pairs. 63782 records in RAM.
INFO	2024-07-03 09:28:33	MarkDuplicates	Read    87,000,000 records.  Elapsed time: 00:05:52s.  Time for last 1,000,000:    2s.  Last read position: NC_045550.1_RagTag:20,923,874
INFO	2024-07-03 09:28:33	MarkDuplicates	Tracking 891627 as yet unmatched pairs. 53157 records in RAM.
INFO	2024-07-03 09:28:36	MarkDuplicates	Read    88,000,000 records.  Elapsed time: 00:05:55s.  Time for last 1,000,000:    3s.  Last read position: NC_045550.1_RagTag:35,083,107
INFO	2024-07-03 09:28:36	MarkDuplicates	Tracking 887409 as yet unmatched pairs. 42895 records in RAM.
INFO	2024-07-03 09:28:39	MarkDuplicates	Read    89,000,000 records.  Elapsed time: 00:05:58s.  Time for last 1,000,000:    3s.  Last read position: NC_045550.1_RagTag:48,280,909
INFO	2024-07-03 09:28:39	MarkDuplicates	Tracking 882821 as yet unmatched pairs. 31112 records in RAM.
INFO	2024-07-03 09:28:42	MarkDuplicates	Read    90,000,000 records.  Elapsed time: 00:06:02s.  Time for last 1,000,000:    3s.  Last read position: NC_045550.1_RagTag:60,493,987
INFO	2024-07-03 09:28:42	MarkDuplicates	Tracking 876555 as yet unmatched pairs. 14232 records in RAM.
INFO	2024-07-03 09:28:46	MarkDuplicates	Read    91,000,000 records.  Elapsed time: 00:06:05s.  Time for last 1,000,000:    3s.  Last read position: NC_045551.1_RagTag:4,880,369
INFO	2024-07-03 09:28:46	MarkDuplicates	Tracking 870520 as yet unmatched pairs. 29479 records in RAM.
INFO	2024-07-03 09:28:49	MarkDuplicates	Read    92,000,000 records.  Elapsed time: 00:06:08s.  Time for last 1,000,000:    3s.  Last read position: NC_045551.1_RagTag:17,389,345
INFO	2024-07-03 09:28:49	MarkDuplicates	Tracking 864871 as yet unmatched pairs. 14605 records in RAM.
INFO	2024-07-03 09:28:54	MarkDuplicates	Read    93,000,000 records.  Elapsed time: 00:06:13s.  Time for last 1,000,000:    4s.  Last read position: NC_045552.1_RagTag:4,351,760
INFO	2024-07-03 09:28:54	MarkDuplicates	Tracking 859245 as yet unmatched pairs. 84154 records in RAM.
INFO	2024-07-03 09:28:57	MarkDuplicates	Read    94,000,000 records.  Elapsed time: 00:06:16s.  Time for last 1,000,000:    3s.  Last read position: NC_045552.1_RagTag:16,813,948
INFO	2024-07-03 09:28:57	MarkDuplicates	Tracking 851966 as yet unmatched pairs. 66045 records in RAM.
INFO	2024-07-03 09:29:00	MarkDuplicates	Read    95,000,000 records.  Elapsed time: 00:06:20s.  Time for last 1,000,000:    3s.  Last read position: NC_045552.1_RagTag:29,712,775
INFO	2024-07-03 09:29:00	MarkDuplicates	Tracking 843561 as yet unmatched pairs. 47157 records in RAM.
INFO	2024-07-03 09:29:04	MarkDuplicates	Read    96,000,000 records.  Elapsed time: 00:06:23s.  Time for last 1,000,000:    3s.  Last read position: NC_045552.1_RagTag:42,143,748
INFO	2024-07-03 09:29:04	MarkDuplicates	Tracking 835496 as yet unmatched pairs. 28576 records in RAM.
INFO	2024-07-03 09:29:07	MarkDuplicates	Read    97,000,000 records.  Elapsed time: 00:06:26s.  Time for last 1,000,000:    3s.  Last read position: NC_045552.1_RagTag:54,126,538
INFO	2024-07-03 09:29:07	MarkDuplicates	Tracking 826557 as yet unmatched pairs. 6500 records in RAM.
INFO	2024-07-03 09:29:11	MarkDuplicates	Read    98,000,000 records.  Elapsed time: 00:06:31s.  Time for last 1,000,000:    4s.  Last read position: NC_045553.1_RagTag:9,446,062
INFO	2024-07-03 09:29:11	MarkDuplicates	Tracking 819248 as yet unmatched pairs. 72749 records in RAM.
INFO	2024-07-03 09:29:15	MarkDuplicates	Read    99,000,000 records.  Elapsed time: 00:06:34s.  Time for last 1,000,000:    3s.  Last read position: NC_045553.1_RagTag:22,697,944
INFO	2024-07-03 09:29:15	MarkDuplicates	Tracking 808765 as yet unmatched pairs. 49815 records in RAM.
INFO	2024-07-03 09:29:30	MarkDuplicates	Read   100,000,000 records.  Elapsed time: 00:06:49s.  Time for last 1,000,000:   15s.  Last read position: NC_045553.1_RagTag:35,075,831
INFO	2024-07-03 09:29:30	MarkDuplicates	Tracking 798840 as yet unmatched pairs. 29369 records in RAM.
INFO	2024-07-03 09:29:49	MarkDuplicates	Read   101,000,000 records.  Elapsed time: 00:07:08s.  Time for last 1,000,000:   18s.  Last read position: NC_045553.1_RagTag:46,728,443
INFO	2024-07-03 09:29:49	MarkDuplicates	Tracking 787665 as yet unmatched pairs. 4430 records in RAM.
INFO	2024-07-03 09:29:53	MarkDuplicates	Read   102,000,000 records.  Elapsed time: 00:07:12s.  Time for last 1,000,000:    4s.  Last read position: NC_045554.1_RagTag:9,862,054
INFO	2024-07-03 09:29:53	MarkDuplicates	Tracking 776530 as yet unmatched pairs. 73446 records in RAM.
INFO	2024-07-03 09:29:57	MarkDuplicates	Read   103,000,000 records.  Elapsed time: 00:07:16s.  Time for last 1,000,000:    3s.  Last read position: NC_045554.1_RagTag:22,004,478
INFO	2024-07-03 09:29:57	MarkDuplicates	Tracking 762615 as yet unmatched pairs. 49491 records in RAM.
INFO	2024-07-03 09:30:00	MarkDuplicates	Read   104,000,000 records.  Elapsed time: 00:07:19s.  Time for last 1,000,000:    3s.  Last read position: NC_045554.1_RagTag:34,614,628
INFO	2024-07-03 09:30:00	MarkDuplicates	Tracking 748516 as yet unmatched pairs. 26154 records in RAM.
INFO	2024-07-03 09:30:04	MarkDuplicates	Read   105,000,000 records.  Elapsed time: 00:07:23s.  Time for last 1,000,000:    4s.  Last read position: NC_045554.1_RagTag:46,366,782
INFO	2024-07-03 09:30:04	MarkDuplicates	Tracking 733892 as yet unmatched pairs. 2277 records in RAM.
INFO	2024-07-03 09:30:08	MarkDuplicates	Read   106,000,000 records.  Elapsed time: 00:07:27s.  Time for last 1,000,000:    4s.  Last read position: NC_045555.1_RagTag:10,340,726
INFO	2024-07-03 09:30:08	MarkDuplicates	Tracking 721400 as yet unmatched pairs. 63848 records in RAM.
INFO	2024-07-03 09:30:11	MarkDuplicates	Read   107,000,000 records.  Elapsed time: 00:07:31s.  Time for last 1,000,000:    3s.  Last read position: NC_045555.1_RagTag:22,285,288
INFO	2024-07-03 09:30:11	MarkDuplicates	Tracking 706977 as yet unmatched pairs. 42409 records in RAM.
INFO	2024-07-03 09:30:15	MarkDuplicates	Read   108,000,000 records.  Elapsed time: 00:07:34s.  Time for last 1,000,000:    3s.  Last read position: NC_045555.1_RagTag:34,735,329
INFO	2024-07-03 09:30:15	MarkDuplicates	Tracking 690998 as yet unmatched pairs. 18555 records in RAM.
INFO	2024-07-03 09:30:19	MarkDuplicates	Read   109,000,000 records.  Elapsed time: 00:07:38s.  Time for last 1,000,000:    4s.  Last read position: NC_045556.1_RagTag:1,509,225
INFO	2024-07-03 09:30:19	MarkDuplicates	Tracking 683222 as yet unmatched pairs. 78518 records in RAM.
INFO	2024-07-03 09:30:22	MarkDuplicates	Read   110,000,000 records.  Elapsed time: 00:07:41s.  Time for last 1,000,000:    3s.  Last read position: NC_045556.1_RagTag:13,566,098
INFO	2024-07-03 09:30:22	MarkDuplicates	Tracking 666224 as yet unmatched pairs. 54599 records in RAM.
INFO	2024-07-03 09:30:26	MarkDuplicates	Read   111,000,000 records.  Elapsed time: 00:07:45s.  Time for last 1,000,000:    3s.  Last read position: NC_045556.1_RagTag:24,621,595
INFO	2024-07-03 09:30:26	MarkDuplicates	Tracking 651300 as yet unmatched pairs. 29731 records in RAM.
INFO	2024-07-03 09:30:29	MarkDuplicates	Read   112,000,000 records.  Elapsed time: 00:07:48s.  Time for last 1,000,000:    3s.  Last read position: NC_045556.1_RagTag:36,283,962
INFO	2024-07-03 09:30:29	MarkDuplicates	Tracking 636352 as yet unmatched pairs. 1486 records in RAM.
INFO	2024-07-03 09:30:33	MarkDuplicates	Read   113,000,000 records.  Elapsed time: 00:07:52s.  Time for last 1,000,000:    3s.  Last read position: NC_045557.1_RagTag:11,171,115
INFO	2024-07-03 09:30:33	MarkDuplicates	Tracking 621065 as yet unmatched pairs. 1273 records in RAM.
INFO	2024-07-03 09:30:39	MarkDuplicates	Read   114,000,000 records.  Elapsed time: 00:07:58s.  Time for last 1,000,000:    6s.  Last read position: NC_045558.1_RagTag:19,441,719
INFO	2024-07-03 09:30:39	MarkDuplicates	Tracking 599502 as yet unmatched pairs. 175562 records in RAM.
INFO	2024-07-03 09:30:42	MarkDuplicates	Read   115,000,000 records.  Elapsed time: 00:08:01s.  Time for last 1,000,000:    3s.  Last read position: NC_045558.1_RagTag:41,296,449
INFO	2024-07-03 09:30:42	MarkDuplicates	Tracking 582878 as yet unmatched pairs. 154842 records in RAM.
INFO	2024-07-03 09:30:45	MarkDuplicates	Read   116,000,000 records.  Elapsed time: 00:08:04s.  Time for last 1,000,000:    3s.  Last read position: NC_045558.1_RagTag:59,356,650
INFO	2024-07-03 09:30:45	MarkDuplicates	Tracking 564590 as yet unmatched pairs. 131265 records in RAM.
INFO	2024-07-03 09:30:49	MarkDuplicates	Read   117,000,000 records.  Elapsed time: 00:08:08s.  Time for last 1,000,000:    3s.  Last read position: NC_045558.1_RagTag:75,838,474
INFO	2024-07-03 09:30:49	MarkDuplicates	Tracking 543372 as yet unmatched pairs. 103018 records in RAM.
INFO	2024-07-03 09:30:52	MarkDuplicates	Read   118,000,000 records.  Elapsed time: 00:08:11s.  Time for last 1,000,000:    3s.  Last read position: NC_045558.1_RagTag:95,386,221
INFO	2024-07-03 09:30:52	MarkDuplicates	Tracking 521747 as yet unmatched pairs. 76105 records in RAM.
INFO	2024-07-03 09:30:55	MarkDuplicates	Read   119,000,000 records.  Elapsed time: 00:08:14s.  Time for last 1,000,000:    3s.  Last read position: NC_045558.1_RagTag:117,437,262
INFO	2024-07-03 09:30:55	MarkDuplicates	Tracking 503359 as yet unmatched pairs. 54127 records in RAM.
INFO	2024-07-03 09:30:58	MarkDuplicates	Read   120,000,000 records.  Elapsed time: 00:08:18s.  Time for last 1,000,000:    3s.  Last read position: NC_045558.1_RagTag:135,393,187
INFO	2024-07-03 09:30:58	MarkDuplicates	Tracking 477256 as yet unmatched pairs. 22999 records in RAM.
INFO	2024-07-03 09:31:02	MarkDuplicates	Read   121,000,000 records.  Elapsed time: 00:08:21s.  Time for last 1,000,000:    3s.  Last read position: NW_022473592.1_RagTag:12,578
INFO	2024-07-03 09:31:02	MarkDuplicates	Tracking 459071 as yet unmatched pairs. 72 records in RAM.
INFO	2024-07-03 09:31:12	MarkDuplicates	Read   122,000,000 records.  Elapsed time: 00:08:31s.  Time for last 1,000,000:   10s.  Last read position: Chr0_RagTag:8,172,893
INFO	2024-07-03 09:31:12	MarkDuplicates	Tracking 433608 as yet unmatched pairs. 433608 records in RAM.
INFO	2024-07-03 09:31:16	MarkDuplicates	Read   123,000,000 records.  Elapsed time: 00:08:35s.  Time for last 1,000,000:    3s.  Last read position: Chr0_RagTag:17,232,273
INFO	2024-07-03 09:31:16	MarkDuplicates	Tracking 415315 as yet unmatched pairs. 415315 records in RAM.
INFO	2024-07-03 09:31:19	MarkDuplicates	Read   124,000,000 records.  Elapsed time: 00:08:38s.  Time for last 1,000,000:    3s.  Last read position: Chr0_RagTag:26,737,666
INFO	2024-07-03 09:31:19	MarkDuplicates	Tracking 393920 as yet unmatched pairs. 393920 records in RAM.
INFO	2024-07-03 09:31:35	MarkDuplicates	Read   125,000,000 records.  Elapsed time: 00:08:54s.  Time for last 1,000,000:   15s.  Last read position: Chr0_RagTag:35,817,785
INFO	2024-07-03 09:31:35	MarkDuplicates	Tracking 371651 as yet unmatched pairs. 371651 records in RAM.
INFO	2024-07-03 09:31:38	MarkDuplicates	Read   126,000,000 records.  Elapsed time: 00:08:57s.  Time for last 1,000,000:    3s.  Last read position: Chr0_RagTag:45,664,062
INFO	2024-07-03 09:31:38	MarkDuplicates	Tracking 347402 as yet unmatched pairs. 347402 records in RAM.
INFO	2024-07-03 09:31:41	MarkDuplicates	Read   127,000,000 records.  Elapsed time: 00:09:01s.  Time for last 1,000,000:    3s.  Last read position: Chr0_RagTag:54,133,538
INFO	2024-07-03 09:31:41	MarkDuplicates	Tracking 322304 as yet unmatched pairs. 322304 records in RAM.
INFO	2024-07-03 09:31:45	MarkDuplicates	Read   128,000,000 records.  Elapsed time: 00:09:04s.  Time for last 1,000,000:    3s.  Last read position: Chr0_RagTag:63,319,181
INFO	2024-07-03 09:31:45	MarkDuplicates	Tracking 295061 as yet unmatched pairs. 295061 records in RAM.
INFO	2024-07-03 09:31:48	MarkDuplicates	Read   129,000,000 records.  Elapsed time: 00:09:07s.  Time for last 1,000,000:    3s.  Last read position: Chr0_RagTag:72,917,730
INFO	2024-07-03 09:31:48	MarkDuplicates	Tracking 264169 as yet unmatched pairs. 264169 records in RAM.
INFO	2024-07-03 09:31:51	MarkDuplicates	Read   130,000,000 records.  Elapsed time: 00:09:11s.  Time for last 1,000,000:    3s.  Last read position: Chr0_RagTag:84,299,634
INFO	2024-07-03 09:31:51	MarkDuplicates	Tracking 227215 as yet unmatched pairs. 227215 records in RAM.
INFO	2024-07-03 09:31:55	MarkDuplicates	Read   131,000,000 records.  Elapsed time: 00:09:14s.  Time for last 1,000,000:    3s.  Last read position: Chr0_RagTag:93,764,796
INFO	2024-07-03 09:31:55	MarkDuplicates	Tracking 191011 as yet unmatched pairs. 191011 records in RAM.
INFO	2024-07-03 09:31:59	MarkDuplicates	Read   132,000,000 records.  Elapsed time: 00:09:18s.  Time for last 1,000,000:    3s.  Last read position: Chr0_RagTag:104,739,161
INFO	2024-07-03 09:31:59	MarkDuplicates	Tracking 151064 as yet unmatched pairs. 151064 records in RAM.
INFO	2024-07-03 09:32:02	MarkDuplicates	Read   133,000,000 records.  Elapsed time: 00:09:21s.  Time for last 1,000,000:    3s.  Last read position: Chr0_RagTag:115,070,043
INFO	2024-07-03 09:32:02	MarkDuplicates	Tracking 110165 as yet unmatched pairs. 110165 records in RAM.
INFO	2024-07-03 09:32:05	MarkDuplicates	Read   134,000,000 records.  Elapsed time: 00:09:25s.  Time for last 1,000,000:    3s.  Last read position: Chr0_RagTag:124,467,552
INFO	2024-07-03 09:32:05	MarkDuplicates	Tracking 66942 as yet unmatched pairs. 66942 records in RAM.
INFO	2024-07-03 09:32:09	MarkDuplicates	Read   135,000,000 records.  Elapsed time: 00:09:28s.  Time for last 1,000,000:    3s.  Last read position: Chr0_RagTag:130,842,971
INFO	2024-07-03 09:32:09	MarkDuplicates	Tracking 32138 as yet unmatched pairs. 32138 records in RAM.
INFO	2024-07-03 09:32:11	MarkDuplicates	Read 135482352 records. 0 pairs never matched.
INFO	2024-07-03 09:32:29	MarkDuplicates	After buildSortedReadEndLists freeMemory: 5215571968; totalMemory: 5250457600; maxMemory: 6487212032
INFO	2024-07-03 09:32:29	MarkDuplicates	Will retain up to 202725376 duplicate indices before spilling to disk.
INFO	2024-07-03 09:32:29	MarkDuplicates	Traversing read pair information and detecting duplicates.
INFO	2024-07-03 09:32:58	MarkDuplicates	Traversing fragment information and detecting duplicates.
INFO	2024-07-03 09:33:38	MarkDuplicates	Sorting list of duplicate records.
INFO	2024-07-03 09:33:39	MarkDuplicates	After generateDuplicateIndexes freeMemory: 3593687304; totalMemory: 5250457600; maxMemory: 6487212032
INFO	2024-07-03 09:33:39	MarkDuplicates	Marking 9265056 records as duplicates.
INFO	2024-07-03 09:33:39	MarkDuplicates	Found 207329 optical duplicate clusters.
INFO	2024-07-03 09:33:39	MarkDuplicates	Reads are assumed to be ordered by: coordinate
INFO	2024-07-03 09:35:48	MarkDuplicates	Written    10,000,000 records.  Elapsed time: 00:02:09s.  Time for last 10,000,000:  129s.  Last read position: NC_045541.1_RagTag:137,452,257
INFO	2024-07-03 09:37:57	MarkDuplicates	Written    20,000,000 records.  Elapsed time: 00:04:18s.  Time for last 10,000,000:  128s.  Last read position: NC_045542.1_RagTag:100,274,089
INFO	2024-07-03 09:40:06	MarkDuplicates	Written    30,000,000 records.  Elapsed time: 00:06:27s.  Time for last 10,000,000:  129s.  Last read position: NC_045543.1_RagTag:77,766,101
INFO	2024-07-03 09:42:14	MarkDuplicates	Written    40,000,000 records.  Elapsed time: 00:08:35s.  Time for last 10,000,000:  128s.  Last read position: NC_045544.1_RagTag:104,788,409
INFO	2024-07-03 09:44:23	MarkDuplicates	Written    50,000,000 records.  Elapsed time: 00:10:44s.  Time for last 10,000,000:  128s.  Last read position: NC_045545.1_RagTag:85,007,763
INFO	2024-07-03 09:46:33	MarkDuplicates	Written    60,000,000 records.  Elapsed time: 00:12:54s.  Time for last 10,000,000:  130s.  Last read position: NC_045547.1_RagTag:25,574,788
INFO	2024-07-03 09:48:42	MarkDuplicates	Written    70,000,000 records.  Elapsed time: 00:15:03s.  Time for last 10,000,000:  129s.  Last read position: NC_045548.1_RagTag:70,789,452
INFO	2024-07-03 09:50:53	MarkDuplicates	Written    80,000,000 records.  Elapsed time: 00:17:14s.  Time for last 10,000,000:  130s.  Last read position: NC_045550.1_RagTag:1,470,599
INFO	2024-07-03 09:53:03	MarkDuplicates	Written    90,000,000 records.  Elapsed time: 00:19:24s.  Time for last 10,000,000:  129s.  Last read position: NC_045552.1_RagTag:45,281,782
INFO	2024-07-03 09:55:15	MarkDuplicates	Written   100,000,000 records.  Elapsed time: 00:21:36s.  Time for last 10,000,000:  132s.  Last read position: NC_045555.1_RagTag:21,948,762
INFO	2024-07-03 09:57:29	MarkDuplicates	Written   110,000,000 records.  Elapsed time: 00:23:50s.  Time for last 10,000,000:  134s.  Last read position: NC_045558.1_RagTag:90,553,056
INFO	2024-07-03 09:59:42	MarkDuplicates	Written   120,000,000 records.  Elapsed time: 00:26:03s.  Time for last 10,000,000:  132s.  Last read position: Chr0_RagTag:67,647,381
INFO	2024-07-03 10:01:11	MarkDuplicates	Writing complete. Closing input iterator.
INFO	2024-07-03 10:01:11	MarkDuplicates	Duplicate Index cleanup.
INFO	2024-07-03 10:01:11	MarkDuplicates	Getting Memory Stats.
INFO	2024-07-03 10:01:11	MarkDuplicates	Before output close freeMemory: 5215095136; totalMemory: 5250457600; maxMemory: 6487212032
INFO	2024-07-03 10:01:11	MarkDuplicates	Closed outputs. Getting more Memory Stats.
INFO	2024-07-03 10:01:11	MarkDuplicates	After output close freeMemory: 4733296424; totalMemory: 4765986816; maxMemory: 6487212032
[Wed Jul 03 10:01:11 MDT 2024] picard.sam.markduplicates.MarkDuplicates done. Elapsed time: 38.52 minutes.
Runtime.totalMemory()=4765986816
