INFO	2024-07-03 09:22:39	MarkDuplicates	

********** NOTE: Picard's command line syntax is changing.
**********
********** For more information, please see:
********** https://github.com/broadinstitute/picard/wiki/Command-Line-Syntax-Transition-For-Users-(Pre-Transition)
**********
********** The command line looks like this in the new syntax:
**********
**********    MarkDuplicates -REMOVE_DUPLICATES true -ASSUME_SORTED true -VALIDATION_STRINGENCY SILENT -INPUT DBS2706_sort.bam -OUTPUT /project/getpop/bwa_ratsnake/rmd/DBS2706.rmd.bam -METRICS_FILE /project/getpop/bwa_ratsnake/rmd/DBS2706.rmd.bam.metrics
**********


09:22:40.632 INFO  NativeLibraryLoader - Loading libgkl_compression.so from jar:file:/apps/u/spack/gcc/12.2.0/picard/2.26.2-xrdth7g/bin/picard.jar!/com/intel/gkl/native/libgkl_compression.so
[Wed Jul 03 09:22:40 MDT 2024] MarkDuplicates INPUT=[DBS2706_sort.bam] OUTPUT=/project/getpop/bwa_ratsnake/rmd/DBS2706.rmd.bam METRICS_FILE=/project/getpop/bwa_ratsnake/rmd/DBS2706.rmd.bam.metrics REMOVE_DUPLICATES=true ASSUME_SORTED=true VALIDATION_STRINGENCY=SILENT    MAX_SEQUENCES_FOR_DISK_READ_ENDS_MAP=50000 MAX_FILE_HANDLES_FOR_READ_ENDS_MAP=8000 SORTING_COLLECTION_SIZE_RATIO=0.25 TAG_DUPLICATE_SET_MEMBERS=false REMOVE_SEQUENCING_DUPLICATES=false TAGGING_POLICY=DontTag CLEAR_DT=true DUPLEX_UMI=false ADD_PG_TAG_TO_READS=true DUPLICATE_SCORING_STRATEGY=SUM_OF_BASE_QUALITIES PROGRAM_RECORD_ID=MarkDuplicates PROGRAM_GROUP_NAME=MarkDuplicates READ_NAME_REGEX=<optimized capture of last three ':' separated fields as numeric values> OPTICAL_DUPLICATE_PIXEL_DISTANCE=100 MAX_OPTICAL_DUPLICATE_SET_SIZE=300000 VERBOSITY=INFO QUIET=false COMPRESSION_LEVEL=5 MAX_RECORDS_IN_RAM=500000 CREATE_INDEX=false CREATE_MD5_FILE=false GA4GH_CLIENT_SECRETS=client_secrets.json USE_JDK_DEFLATER=false USE_JDK_INFLATER=false
[Wed Jul 03 09:22:40 MDT 2024] Executing as sharrin2@t504 on Linux 4.18.0-513.11.1.el8_9.x86_64 amd64; OpenJDK 64-Bit Server VM 11.0.15+10; Deflater: Intel; Inflater: Intel; Provider GCS is not available; Picard version: 2.26.2
INFO	2024-07-03 09:22:40	MarkDuplicates	Start of doWork freeMemory: 397763336; totalMemory: 405536768; maxMemory: 6487212032
INFO	2024-07-03 09:22:40	MarkDuplicates	Reading input file and constructing read end information.
INFO	2024-07-03 09:22:40	MarkDuplicates	Will retain up to 23504391 data points before spilling to disk.
INFO	2024-07-03 09:22:46	MarkDuplicates	Read     1,000,000 records.  Elapsed time: 00:00:05s.  Time for last 1,000,000:    5s.  Last read position: NC_045541.1_RagTag:5,219,307
INFO	2024-07-03 09:22:46	MarkDuplicates	Tracking 33200 as yet unmatched pairs. 2764 records in RAM.
INFO	2024-07-03 09:22:50	MarkDuplicates	Read     2,000,000 records.  Elapsed time: 00:00:09s.  Time for last 1,000,000:    3s.  Last read position: NC_045541.1_RagTag:11,303,583
INFO	2024-07-03 09:22:50	MarkDuplicates	Tracking 54388 as yet unmatched pairs. 4449 records in RAM.
INFO	2024-07-03 09:22:53	MarkDuplicates	Read     3,000,000 records.  Elapsed time: 00:00:12s.  Time for last 1,000,000:    3s.  Last read position: NC_045541.1_RagTag:17,630,071
INFO	2024-07-03 09:22:53	MarkDuplicates	Tracking 74635 as yet unmatched pairs. 5994 records in RAM.
INFO	2024-07-03 09:22:56	MarkDuplicates	Read     4,000,000 records.  Elapsed time: 00:00:15s.  Time for last 1,000,000:    3s.  Last read position: NC_045541.1_RagTag:24,005,835
INFO	2024-07-03 09:22:56	MarkDuplicates	Tracking 97559 as yet unmatched pairs. 7646 records in RAM.
INFO	2024-07-03 09:23:00	MarkDuplicates	Read     5,000,000 records.  Elapsed time: 00:00:19s.  Time for last 1,000,000:    3s.  Last read position: NC_045541.1_RagTag:30,422,201
INFO	2024-07-03 09:23:00	MarkDuplicates	Tracking 118487 as yet unmatched pairs. 9029 records in RAM.
INFO	2024-07-03 09:23:03	MarkDuplicates	Read     6,000,000 records.  Elapsed time: 00:00:22s.  Time for last 1,000,000:    3s.  Last read position: NC_045541.1_RagTag:36,959,953
INFO	2024-07-03 09:23:03	MarkDuplicates	Tracking 139754 as yet unmatched pairs. 10308 records in RAM.
INFO	2024-07-03 09:23:07	MarkDuplicates	Read     7,000,000 records.  Elapsed time: 00:00:26s.  Time for last 1,000,000:    3s.  Last read position: NC_045541.1_RagTag:43,421,540
INFO	2024-07-03 09:23:07	MarkDuplicates	Tracking 160994 as yet unmatched pairs. 11491 records in RAM.
INFO	2024-07-03 09:23:10	MarkDuplicates	Read     8,000,000 records.  Elapsed time: 00:00:29s.  Time for last 1,000,000:    3s.  Last read position: NC_045541.1_RagTag:49,810,823
INFO	2024-07-03 09:23:10	MarkDuplicates	Tracking 183415 as yet unmatched pairs. 12764 records in RAM.
INFO	2024-07-03 09:23:13	MarkDuplicates	Read     9,000,000 records.  Elapsed time: 00:00:32s.  Time for last 1,000,000:    3s.  Last read position: NC_045541.1_RagTag:56,165,671
INFO	2024-07-03 09:23:13	MarkDuplicates	Tracking 202888 as yet unmatched pairs. 13462 records in RAM.
INFO	2024-07-03 09:23:16	MarkDuplicates	Read    10,000,000 records.  Elapsed time: 00:00:35s.  Time for last 1,000,000:    3s.  Last read position: NC_045541.1_RagTag:62,527,279
INFO	2024-07-03 09:23:16	MarkDuplicates	Tracking 224648 as yet unmatched pairs. 14241 records in RAM.
INFO	2024-07-03 09:23:20	MarkDuplicates	Read    11,000,000 records.  Elapsed time: 00:00:39s.  Time for last 1,000,000:    3s.  Last read position: NC_045541.1_RagTag:69,082,858
INFO	2024-07-03 09:23:20	MarkDuplicates	Tracking 244009 as yet unmatched pairs. 14509 records in RAM.
INFO	2024-07-03 09:23:24	MarkDuplicates	Read    12,000,000 records.  Elapsed time: 00:00:43s.  Time for last 1,000,000:    4s.  Last read position: NC_045541.1_RagTag:75,402,836
INFO	2024-07-03 09:23:24	MarkDuplicates	Tracking 262832 as yet unmatched pairs. 14861 records in RAM.
INFO	2024-07-03 09:23:27	MarkDuplicates	Read    13,000,000 records.  Elapsed time: 00:00:46s.  Time for last 1,000,000:    3s.  Last read position: NC_045541.1_RagTag:82,003,644
INFO	2024-07-03 09:23:27	MarkDuplicates	Tracking 282814 as yet unmatched pairs. 15298 records in RAM.
INFO	2024-07-03 09:23:30	MarkDuplicates	Read    14,000,000 records.  Elapsed time: 00:00:49s.  Time for last 1,000,000:    3s.  Last read position: NC_045541.1_RagTag:88,414,245
INFO	2024-07-03 09:23:30	MarkDuplicates	Tracking 301073 as yet unmatched pairs. 15334 records in RAM.
INFO	2024-07-03 09:23:33	MarkDuplicates	Read    15,000,000 records.  Elapsed time: 00:00:53s.  Time for last 1,000,000:    3s.  Last read position: NC_045541.1_RagTag:94,935,876
INFO	2024-07-03 09:23:33	MarkDuplicates	Tracking 320528 as yet unmatched pairs. 15252 records in RAM.
INFO	2024-07-03 09:23:37	MarkDuplicates	Read    16,000,000 records.  Elapsed time: 00:00:56s.  Time for last 1,000,000:    3s.  Last read position: NC_045541.1_RagTag:101,443,574
INFO	2024-07-03 09:23:37	MarkDuplicates	Tracking 339401 as yet unmatched pairs. 14897 records in RAM.
INFO	2024-07-03 09:23:40	MarkDuplicates	Read    17,000,000 records.  Elapsed time: 00:00:59s.  Time for last 1,000,000:    3s.  Last read position: NC_045541.1_RagTag:107,739,106
INFO	2024-07-03 09:23:40	MarkDuplicates	Tracking 357945 as yet unmatched pairs. 14632 records in RAM.
INFO	2024-07-03 09:23:43	MarkDuplicates	Read    18,000,000 records.  Elapsed time: 00:01:02s.  Time for last 1,000,000:    3s.  Last read position: NC_045541.1_RagTag:114,228,887
INFO	2024-07-03 09:23:43	MarkDuplicates	Tracking 375294 as yet unmatched pairs. 14243 records in RAM.
INFO	2024-07-03 09:23:46	MarkDuplicates	Read    19,000,000 records.  Elapsed time: 00:01:05s.  Time for last 1,000,000:    3s.  Last read position: NC_045541.1_RagTag:120,778,759
INFO	2024-07-03 09:23:46	MarkDuplicates	Tracking 392377 as yet unmatched pairs. 13630 records in RAM.
INFO	2024-07-03 09:23:49	MarkDuplicates	Read    20,000,000 records.  Elapsed time: 00:01:08s.  Time for last 1,000,000:    3s.  Last read position: NC_045541.1_RagTag:127,199,164
INFO	2024-07-03 09:23:49	MarkDuplicates	Tracking 408582 as yet unmatched pairs. 12935 records in RAM.
INFO	2024-07-03 09:23:54	MarkDuplicates	Read    21,000,000 records.  Elapsed time: 00:01:13s.  Time for last 1,000,000:    4s.  Last read position: NC_045541.1_RagTag:133,673,537
INFO	2024-07-03 09:23:54	MarkDuplicates	Tracking 426127 as yet unmatched pairs. 12064 records in RAM.
INFO	2024-07-03 09:23:58	MarkDuplicates	Read    22,000,000 records.  Elapsed time: 00:01:17s.  Time for last 1,000,000:    3s.  Last read position: NC_045541.1_RagTag:139,985,215
INFO	2024-07-03 09:23:58	MarkDuplicates	Tracking 444002 as yet unmatched pairs. 11086 records in RAM.
INFO	2024-07-03 09:24:01	MarkDuplicates	Read    23,000,000 records.  Elapsed time: 00:01:20s.  Time for last 1,000,000:    3s.  Last read position: NC_045541.1_RagTag:146,462,783
INFO	2024-07-03 09:24:01	MarkDuplicates	Tracking 461939 as yet unmatched pairs. 10047 records in RAM.
INFO	2024-07-03 09:24:04	MarkDuplicates	Read    24,000,000 records.  Elapsed time: 00:01:23s.  Time for last 1,000,000:    3s.  Last read position: NC_045541.1_RagTag:152,744,619
INFO	2024-07-03 09:24:04	MarkDuplicates	Tracking 482094 as yet unmatched pairs. 8710 records in RAM.
INFO	2024-07-03 09:24:20	MarkDuplicates	Read    25,000,000 records.  Elapsed time: 00:01:39s.  Time for last 1,000,000:   16s.  Last read position: NC_045541.1_RagTag:159,163,177
INFO	2024-07-03 09:24:20	MarkDuplicates	Tracking 507388 as yet unmatched pairs. 6952 records in RAM.
INFO	2024-07-03 09:24:23	MarkDuplicates	Read    26,000,000 records.  Elapsed time: 00:01:43s.  Time for last 1,000,000:    3s.  Last read position: NC_045541.1_RagTag:165,933,996
INFO	2024-07-03 09:24:23	MarkDuplicates	Tracking 534292 as yet unmatched pairs. 4446 records in RAM.
INFO	2024-07-03 09:24:27	MarkDuplicates	Read    27,000,000 records.  Elapsed time: 00:01:46s.  Time for last 1,000,000:    3s.  Last read position: NC_045541.1_RagTag:173,115,600
INFO	2024-07-03 09:24:27	MarkDuplicates	Tracking 569625 as yet unmatched pairs. 1702 records in RAM.
INFO	2024-07-03 09:24:31	MarkDuplicates	Read    28,000,000 records.  Elapsed time: 00:01:50s.  Time for last 1,000,000:    4s.  Last read position: NC_045542.1_RagTag:2,551,695
INFO	2024-07-03 09:24:31	MarkDuplicates	Tracking 600040 as yet unmatched pairs. 55520 records in RAM.
INFO	2024-07-03 09:24:34	MarkDuplicates	Read    29,000,000 records.  Elapsed time: 00:01:54s.  Time for last 1,000,000:    3s.  Last read position: NC_045542.1_RagTag:8,392,101
INFO	2024-07-03 09:24:34	MarkDuplicates	Tracking 615461 as yet unmatched pairs. 54997 records in RAM.
INFO	2024-07-03 09:24:38	MarkDuplicates	Read    30,000,000 records.  Elapsed time: 00:01:57s.  Time for last 1,000,000:    3s.  Last read position: NC_045542.1_RagTag:14,813,826
INFO	2024-07-03 09:24:38	MarkDuplicates	Tracking 631749 as yet unmatched pairs. 54627 records in RAM.
INFO	2024-07-03 09:24:41	MarkDuplicates	Read    31,000,000 records.  Elapsed time: 00:02:00s.  Time for last 1,000,000:    3s.  Last read position: NC_045542.1_RagTag:21,071,603
INFO	2024-07-03 09:24:41	MarkDuplicates	Tracking 649145 as yet unmatched pairs. 54044 records in RAM.
INFO	2024-07-03 09:24:44	MarkDuplicates	Read    32,000,000 records.  Elapsed time: 00:02:03s.  Time for last 1,000,000:    3s.  Last read position: NC_045542.1_RagTag:27,455,815
INFO	2024-07-03 09:24:44	MarkDuplicates	Tracking 665874 as yet unmatched pairs. 53508 records in RAM.
INFO	2024-07-03 09:24:47	MarkDuplicates	Read    33,000,000 records.  Elapsed time: 00:02:07s.  Time for last 1,000,000:    3s.  Last read position: NC_045542.1_RagTag:33,848,935
INFO	2024-07-03 09:24:47	MarkDuplicates	Tracking 684632 as yet unmatched pairs. 52548 records in RAM.
INFO	2024-07-03 09:24:51	MarkDuplicates	Read    34,000,000 records.  Elapsed time: 00:02:10s.  Time for last 1,000,000:    3s.  Last read position: NC_045542.1_RagTag:40,435,764
INFO	2024-07-03 09:24:51	MarkDuplicates	Tracking 703247 as yet unmatched pairs. 51226 records in RAM.
INFO	2024-07-03 09:24:54	MarkDuplicates	Read    35,000,000 records.  Elapsed time: 00:02:13s.  Time for last 1,000,000:    3s.  Last read position: NC_045542.1_RagTag:46,752,953
INFO	2024-07-03 09:24:54	MarkDuplicates	Tracking 718295 as yet unmatched pairs. 50113 records in RAM.
INFO	2024-07-03 09:24:57	MarkDuplicates	Read    36,000,000 records.  Elapsed time: 00:02:16s.  Time for last 1,000,000:    3s.  Last read position: NC_045542.1_RagTag:52,971,300
INFO	2024-07-03 09:24:57	MarkDuplicates	Tracking 732558 as yet unmatched pairs. 48905 records in RAM.
INFO	2024-07-03 09:25:00	MarkDuplicates	Read    37,000,000 records.  Elapsed time: 00:02:19s.  Time for last 1,000,000:    3s.  Last read position: NC_045542.1_RagTag:59,325,246
INFO	2024-07-03 09:25:00	MarkDuplicates	Tracking 747243 as yet unmatched pairs. 47671 records in RAM.
INFO	2024-07-03 09:25:05	MarkDuplicates	Read    38,000,000 records.  Elapsed time: 00:02:24s.  Time for last 1,000,000:    5s.  Last read position: NC_045542.1_RagTag:65,788,838
INFO	2024-07-03 09:25:05	MarkDuplicates	Tracking 761748 as yet unmatched pairs. 46347 records in RAM.
INFO	2024-07-03 09:25:09	MarkDuplicates	Read    39,000,000 records.  Elapsed time: 00:02:28s.  Time for last 1,000,000:    3s.  Last read position: NC_045542.1_RagTag:72,339,825
INFO	2024-07-03 09:25:09	MarkDuplicates	Tracking 775740 as yet unmatched pairs. 44607 records in RAM.
INFO	2024-07-03 09:25:12	MarkDuplicates	Read    40,000,000 records.  Elapsed time: 00:02:31s.  Time for last 1,000,000:    3s.  Last read position: NC_045542.1_RagTag:78,756,091
INFO	2024-07-03 09:25:12	MarkDuplicates	Tracking 790749 as yet unmatched pairs. 42772 records in RAM.
INFO	2024-07-03 09:25:15	MarkDuplicates	Read    41,000,000 records.  Elapsed time: 00:02:34s.  Time for last 1,000,000:    3s.  Last read position: NC_045542.1_RagTag:85,169,639
INFO	2024-07-03 09:25:15	MarkDuplicates	Tracking 804702 as yet unmatched pairs. 40923 records in RAM.
INFO	2024-07-03 09:25:18	MarkDuplicates	Read    42,000,000 records.  Elapsed time: 00:02:37s.  Time for last 1,000,000:    3s.  Last read position: NC_045542.1_RagTag:91,768,334
INFO	2024-07-03 09:25:18	MarkDuplicates	Tracking 819519 as yet unmatched pairs. 38722 records in RAM.
INFO	2024-07-03 09:25:21	MarkDuplicates	Read    43,000,000 records.  Elapsed time: 00:02:40s.  Time for last 1,000,000:    3s.  Last read position: NC_045542.1_RagTag:98,025,522
INFO	2024-07-03 09:25:21	MarkDuplicates	Tracking 832602 as yet unmatched pairs. 36528 records in RAM.
INFO	2024-07-03 09:25:24	MarkDuplicates	Read    44,000,000 records.  Elapsed time: 00:02:43s.  Time for last 1,000,000:    3s.  Last read position: NC_045542.1_RagTag:104,140,916
INFO	2024-07-03 09:25:24	MarkDuplicates	Tracking 845512 as yet unmatched pairs. 34401 records in RAM.
INFO	2024-07-03 09:25:27	MarkDuplicates	Read    45,000,000 records.  Elapsed time: 00:02:47s.  Time for last 1,000,000:    3s.  Last read position: NC_045542.1_RagTag:110,491,613
INFO	2024-07-03 09:25:27	MarkDuplicates	Tracking 859303 as yet unmatched pairs. 32118 records in RAM.
INFO	2024-07-03 09:25:31	MarkDuplicates	Read    46,000,000 records.  Elapsed time: 00:02:50s.  Time for last 1,000,000:    3s.  Last read position: NC_045542.1_RagTag:116,879,964
INFO	2024-07-03 09:25:31	MarkDuplicates	Tracking 873543 as yet unmatched pairs. 29581 records in RAM.
INFO	2024-07-03 09:25:34	MarkDuplicates	Read    47,000,000 records.  Elapsed time: 00:02:53s.  Time for last 1,000,000:    3s.  Last read position: NC_045542.1_RagTag:123,345,333
INFO	2024-07-03 09:25:34	MarkDuplicates	Tracking 891279 as yet unmatched pairs. 26068 records in RAM.
INFO	2024-07-03 09:25:37	MarkDuplicates	Read    48,000,000 records.  Elapsed time: 00:02:56s.  Time for last 1,000,000:    3s.  Last read position: NC_045542.1_RagTag:129,638,799
INFO	2024-07-03 09:25:37	MarkDuplicates	Tracking 907798 as yet unmatched pairs. 22683 records in RAM.
INFO	2024-07-03 09:25:53	MarkDuplicates	Read    49,000,000 records.  Elapsed time: 00:03:12s.  Time for last 1,000,000:   15s.  Last read position: NC_045542.1_RagTag:136,050,065
INFO	2024-07-03 09:25:53	MarkDuplicates	Tracking 927783 as yet unmatched pairs. 18487 records in RAM.
INFO	2024-07-03 09:26:10	MarkDuplicates	Read    50,000,000 records.  Elapsed time: 00:03:29s.  Time for last 1,000,000:   17s.  Last read position: NC_045542.1_RagTag:142,262,480
INFO	2024-07-03 09:26:10	MarkDuplicates	Tracking 949176 as yet unmatched pairs. 14085 records in RAM.
INFO	2024-07-03 09:26:13	MarkDuplicates	Read    51,000,000 records.  Elapsed time: 00:03:32s.  Time for last 1,000,000:    3s.  Last read position: NC_045542.1_RagTag:147,843,498
INFO	2024-07-03 09:26:13	MarkDuplicates	Tracking 974697 as yet unmatched pairs. 9483 records in RAM.
INFO	2024-07-03 09:26:17	MarkDuplicates	Read    52,000,000 records.  Elapsed time: 00:03:36s.  Time for last 1,000,000:    3s.  Last read position: NC_045542.1_RagTag:154,239,002
INFO	2024-07-03 09:26:17	MarkDuplicates	Tracking 1001221 as yet unmatched pairs. 4800 records in RAM.
INFO	2024-07-03 09:26:21	MarkDuplicates	Read    53,000,000 records.  Elapsed time: 00:03:40s.  Time for last 1,000,000:    4s.  Last read position: NC_045543.1_RagTag:1,119,799
INFO	2024-07-03 09:26:21	MarkDuplicates	Tracking 1027567 as yet unmatched pairs. 75304 records in RAM.
INFO	2024-07-03 09:26:24	MarkDuplicates	Read    54,000,000 records.  Elapsed time: 00:03:44s.  Time for last 1,000,000:    3s.  Last read position: NC_045543.1_RagTag:7,372,432
INFO	2024-07-03 09:26:24	MarkDuplicates	Tracking 1044270 as yet unmatched pairs. 72015 records in RAM.
INFO	2024-07-03 09:26:28	MarkDuplicates	Read    55,000,000 records.  Elapsed time: 00:03:47s.  Time for last 1,000,000:    3s.  Last read position: NC_045543.1_RagTag:13,774,891
INFO	2024-07-03 09:26:28	MarkDuplicates	Tracking 1056310 as yet unmatched pairs. 69492 records in RAM.
INFO	2024-07-03 09:26:32	MarkDuplicates	Read    56,000,000 records.  Elapsed time: 00:03:51s.  Time for last 1,000,000:    4s.  Last read position: NC_045543.1_RagTag:20,224,403
INFO	2024-07-03 09:26:32	MarkDuplicates	Tracking 1071412 as yet unmatched pairs. 66492 records in RAM.
INFO	2024-07-03 09:26:35	MarkDuplicates	Read    57,000,000 records.  Elapsed time: 00:03:54s.  Time for last 1,000,000:    3s.  Last read position: NC_045543.1_RagTag:26,726,980
INFO	2024-07-03 09:26:35	MarkDuplicates	Tracking 1086650 as yet unmatched pairs. 62792 records in RAM.
INFO	2024-07-03 09:26:38	MarkDuplicates	Read    58,000,000 records.  Elapsed time: 00:03:57s.  Time for last 1,000,000:    3s.  Last read position: NC_045543.1_RagTag:33,024,853
INFO	2024-07-03 09:26:38	MarkDuplicates	Tracking 1100056 as yet unmatched pairs. 59207 records in RAM.
INFO	2024-07-03 09:26:41	MarkDuplicates	Read    59,000,000 records.  Elapsed time: 00:04:00s.  Time for last 1,000,000:    3s.  Last read position: NC_045543.1_RagTag:39,593,931
INFO	2024-07-03 09:26:41	MarkDuplicates	Tracking 1112801 as yet unmatched pairs. 55823 records in RAM.
INFO	2024-07-03 09:26:45	MarkDuplicates	Read    60,000,000 records.  Elapsed time: 00:04:04s.  Time for last 1,000,000:    3s.  Last read position: NC_045543.1_RagTag:46,120,621
INFO	2024-07-03 09:26:45	MarkDuplicates	Tracking 1125141 as yet unmatched pairs. 52313 records in RAM.
INFO	2024-07-03 09:26:48	MarkDuplicates	Read    61,000,000 records.  Elapsed time: 00:04:07s.  Time for last 1,000,000:    3s.  Last read position: NC_045543.1_RagTag:52,688,126
INFO	2024-07-03 09:26:48	MarkDuplicates	Tracking 1136760 as yet unmatched pairs. 49005 records in RAM.
INFO	2024-07-03 09:26:51	MarkDuplicates	Read    62,000,000 records.  Elapsed time: 00:04:10s.  Time for last 1,000,000:    3s.  Last read position: NC_045543.1_RagTag:59,270,455
INFO	2024-07-03 09:26:51	MarkDuplicates	Tracking 1147791 as yet unmatched pairs. 45636 records in RAM.
INFO	2024-07-03 09:26:54	MarkDuplicates	Read    63,000,000 records.  Elapsed time: 00:04:13s.  Time for last 1,000,000:    3s.  Last read position: NC_045543.1_RagTag:65,842,860
INFO	2024-07-03 09:26:54	MarkDuplicates	Tracking 1159297 as yet unmatched pairs. 42216 records in RAM.
INFO	2024-07-03 09:26:57	MarkDuplicates	Read    64,000,000 records.  Elapsed time: 00:04:16s.  Time for last 1,000,000:    3s.  Last read position: NC_045543.1_RagTag:72,433,820
INFO	2024-07-03 09:26:57	MarkDuplicates	Tracking 1169629 as yet unmatched pairs. 38500 records in RAM.
INFO	2024-07-03 09:27:00	MarkDuplicates	Read    65,000,000 records.  Elapsed time: 00:04:19s.  Time for last 1,000,000:    3s.  Last read position: NC_045543.1_RagTag:79,153,974
INFO	2024-07-03 09:27:00	MarkDuplicates	Tracking 1181916 as yet unmatched pairs. 33969 records in RAM.
INFO	2024-07-03 09:27:04	MarkDuplicates	Read    66,000,000 records.  Elapsed time: 00:04:23s.  Time for last 1,000,000:    3s.  Last read position: NC_045543.1_RagTag:85,665,391
INFO	2024-07-03 09:27:04	MarkDuplicates	Tracking 1194670 as yet unmatched pairs. 29447 records in RAM.
INFO	2024-07-03 09:27:07	MarkDuplicates	Read    67,000,000 records.  Elapsed time: 00:04:26s.  Time for last 1,000,000:    3s.  Last read position: NC_045543.1_RagTag:92,006,514
INFO	2024-07-03 09:27:07	MarkDuplicates	Tracking 1211223 as yet unmatched pairs. 23333 records in RAM.
INFO	2024-07-03 09:27:10	MarkDuplicates	Read    68,000,000 records.  Elapsed time: 00:04:29s.  Time for last 1,000,000:    3s.  Last read position: NC_045543.1_RagTag:98,333,441
INFO	2024-07-03 09:27:10	MarkDuplicates	Tracking 1233526 as yet unmatched pairs. 15634 records in RAM.
INFO	2024-07-03 09:27:13	MarkDuplicates	Read    69,000,000 records.  Elapsed time: 00:04:32s.  Time for last 1,000,000:    3s.  Last read position: NC_045543.1_RagTag:105,164,294
INFO	2024-07-03 09:27:13	MarkDuplicates	Tracking 1268672 as yet unmatched pairs. 4685 records in RAM.
INFO	2024-07-03 09:27:19	MarkDuplicates	Read    70,000,000 records.  Elapsed time: 00:04:38s.  Time for last 1,000,000:    5s.  Last read position: NC_045544.1_RagTag:2,913,593
INFO	2024-07-03 09:27:19	MarkDuplicates	Tracking 1288900 as yet unmatched pairs. 137603 records in RAM.
INFO	2024-07-03 09:27:22	MarkDuplicates	Read    71,000,000 records.  Elapsed time: 00:04:41s.  Time for last 1,000,000:    3s.  Last read position: NC_045544.1_RagTag:9,328,508
INFO	2024-07-03 09:27:22	MarkDuplicates	Tracking 1300183 as yet unmatched pairs. 134332 records in RAM.
INFO	2024-07-03 09:27:25	MarkDuplicates	Read    72,000,000 records.  Elapsed time: 00:04:44s.  Time for last 1,000,000:    3s.  Last read position: NC_045544.1_RagTag:15,575,101
INFO	2024-07-03 09:27:25	MarkDuplicates	Tracking 1310996 as yet unmatched pairs. 130453 records in RAM.
INFO	2024-07-03 09:27:28	MarkDuplicates	Read    73,000,000 records.  Elapsed time: 00:04:47s.  Time for last 1,000,000:    3s.  Last read position: NC_045544.1_RagTag:22,031,680
INFO	2024-07-03 09:27:28	MarkDuplicates	Tracking 1323552 as yet unmatched pairs. 126369 records in RAM.
INFO	2024-07-03 09:27:44	MarkDuplicates	Read    74,000,000 records.  Elapsed time: 00:05:03s.  Time for last 1,000,000:   15s.  Last read position: NC_045544.1_RagTag:28,398,594
INFO	2024-07-03 09:27:44	MarkDuplicates	Tracking 1334762 as yet unmatched pairs. 121782 records in RAM.
INFO	2024-07-03 09:27:47	MarkDuplicates	Read    75,000,000 records.  Elapsed time: 00:05:06s.  Time for last 1,000,000:    3s.  Last read position: NC_045544.1_RagTag:34,560,827
INFO	2024-07-03 09:27:47	MarkDuplicates	Tracking 1346202 as yet unmatched pairs. 117368 records in RAM.
INFO	2024-07-03 09:27:50	MarkDuplicates	Read    76,000,000 records.  Elapsed time: 00:05:09s.  Time for last 1,000,000:    3s.  Last read position: NC_045544.1_RagTag:41,124,966
INFO	2024-07-03 09:27:50	MarkDuplicates	Tracking 1357232 as yet unmatched pairs. 112432 records in RAM.
INFO	2024-07-03 09:27:53	MarkDuplicates	Read    77,000,000 records.  Elapsed time: 00:05:12s.  Time for last 1,000,000:    3s.  Last read position: NC_045544.1_RagTag:47,529,735
INFO	2024-07-03 09:27:53	MarkDuplicates	Tracking 1367381 as yet unmatched pairs. 107636 records in RAM.
INFO	2024-07-03 09:27:57	MarkDuplicates	Read    78,000,000 records.  Elapsed time: 00:05:16s.  Time for last 1,000,000:    3s.  Last read position: NC_045544.1_RagTag:54,104,618
INFO	2024-07-03 09:27:57	MarkDuplicates	Tracking 1377818 as yet unmatched pairs. 102885 records in RAM.
INFO	2024-07-03 09:28:00	MarkDuplicates	Read    79,000,000 records.  Elapsed time: 00:05:19s.  Time for last 1,000,000:    3s.  Last read position: NC_045544.1_RagTag:60,642,876
INFO	2024-07-03 09:28:00	MarkDuplicates	Tracking 1387316 as yet unmatched pairs. 98266 records in RAM.
INFO	2024-07-03 09:28:03	MarkDuplicates	Read    80,000,000 records.  Elapsed time: 00:05:22s.  Time for last 1,000,000:    3s.  Last read position: NC_045544.1_RagTag:67,178,184
INFO	2024-07-03 09:28:03	MarkDuplicates	Tracking 1396748 as yet unmatched pairs. 93572 records in RAM.
INFO	2024-07-03 09:28:06	MarkDuplicates	Read    81,000,000 records.  Elapsed time: 00:05:25s.  Time for last 1,000,000:    3s.  Last read position: NC_045544.1_RagTag:73,521,092
INFO	2024-07-03 09:28:06	MarkDuplicates	Tracking 1406218 as yet unmatched pairs. 88423 records in RAM.
INFO	2024-07-03 09:28:09	MarkDuplicates	Read    82,000,000 records.  Elapsed time: 00:05:28s.  Time for last 1,000,000:    3s.  Last read position: NC_045544.1_RagTag:79,905,272
INFO	2024-07-03 09:28:09	MarkDuplicates	Tracking 1415179 as yet unmatched pairs. 83481 records in RAM.
INFO	2024-07-03 09:28:13	MarkDuplicates	Read    83,000,000 records.  Elapsed time: 00:05:32s.  Time for last 1,000,000:    3s.  Last read position: NC_045544.1_RagTag:86,303,714
INFO	2024-07-03 09:28:13	MarkDuplicates	Tracking 1424283 as yet unmatched pairs. 78187 records in RAM.
INFO	2024-07-03 09:28:16	MarkDuplicates	Read    84,000,000 records.  Elapsed time: 00:05:35s.  Time for last 1,000,000:    3s.  Last read position: NC_045544.1_RagTag:92,747,566
INFO	2024-07-03 09:28:16	MarkDuplicates	Tracking 1432553 as yet unmatched pairs. 73439 records in RAM.
INFO	2024-07-03 09:28:19	MarkDuplicates	Read    85,000,000 records.  Elapsed time: 00:05:38s.  Time for last 1,000,000:    3s.  Last read position: NC_045544.1_RagTag:99,035,636
INFO	2024-07-03 09:28:19	MarkDuplicates	Tracking 1440847 as yet unmatched pairs. 68086 records in RAM.
INFO	2024-07-03 09:28:24	MarkDuplicates	Read    86,000,000 records.  Elapsed time: 00:05:43s.  Time for last 1,000,000:    4s.  Last read position: NC_045544.1_RagTag:105,459,147
INFO	2024-07-03 09:28:24	MarkDuplicates	Tracking 1448507 as yet unmatched pairs. 62909 records in RAM.
INFO	2024-07-03 09:28:27	MarkDuplicates	Read    87,000,000 records.  Elapsed time: 00:05:46s.  Time for last 1,000,000:    3s.  Last read position: NC_045544.1_RagTag:111,853,376
INFO	2024-07-03 09:28:27	MarkDuplicates	Tracking 1455995 as yet unmatched pairs. 57997 records in RAM.
INFO	2024-07-03 09:28:30	MarkDuplicates	Read    88,000,000 records.  Elapsed time: 00:05:49s.  Time for last 1,000,000:    3s.  Last read position: NC_045544.1_RagTag:118,220,318
INFO	2024-07-03 09:28:30	MarkDuplicates	Tracking 1463502 as yet unmatched pairs. 52743 records in RAM.
INFO	2024-07-03 09:28:33	MarkDuplicates	Read    89,000,000 records.  Elapsed time: 00:05:52s.  Time for last 1,000,000:    3s.  Last read position: NC_045544.1_RagTag:124,712,959
INFO	2024-07-03 09:28:33	MarkDuplicates	Tracking 1471267 as yet unmatched pairs. 46989 records in RAM.
INFO	2024-07-03 09:28:36	MarkDuplicates	Read    90,000,000 records.  Elapsed time: 00:05:55s.  Time for last 1,000,000:    3s.  Last read position: NC_045544.1_RagTag:131,237,261
INFO	2024-07-03 09:28:36	MarkDuplicates	Tracking 1482572 as yet unmatched pairs. 39444 records in RAM.
INFO	2024-07-03 09:28:40	MarkDuplicates	Read    91,000,000 records.  Elapsed time: 00:05:59s.  Time for last 1,000,000:    3s.  Last read position: NC_045544.1_RagTag:137,665,271
INFO	2024-07-03 09:28:40	MarkDuplicates	Tracking 1491054 as yet unmatched pairs. 33001 records in RAM.
INFO	2024-07-03 09:28:43	MarkDuplicates	Read    92,000,000 records.  Elapsed time: 00:06:02s.  Time for last 1,000,000:    3s.  Last read position: NC_045544.1_RagTag:144,048,176
INFO	2024-07-03 09:28:43	MarkDuplicates	Tracking 1501185 as yet unmatched pairs. 24994 records in RAM.
INFO	2024-07-03 09:28:46	MarkDuplicates	Read    93,000,000 records.  Elapsed time: 00:06:05s.  Time for last 1,000,000:    3s.  Last read position: NC_045544.1_RagTag:150,574,033
INFO	2024-07-03 09:28:46	MarkDuplicates	Tracking 1516201 as yet unmatched pairs. 14087 records in RAM.
INFO	2024-07-03 09:28:49	MarkDuplicates	Read    94,000,000 records.  Elapsed time: 00:06:08s.  Time for last 1,000,000:    3s.  Last read position: NC_045544.1_RagTag:158,304,683
INFO	2024-07-03 09:28:49	MarkDuplicates	Tracking 1538168 as yet unmatched pairs. 1853 records in RAM.
INFO	2024-07-03 09:28:54	MarkDuplicates	Read    95,000,000 records.  Elapsed time: 00:06:13s.  Time for last 1,000,000:    4s.  Last read position: NC_045545.1_RagTag:4,932,635
INFO	2024-07-03 09:28:54	MarkDuplicates	Tracking 1548530 as yet unmatched pairs. 103535 records in RAM.
INFO	2024-07-03 09:28:57	MarkDuplicates	Read    96,000,000 records.  Elapsed time: 00:06:16s.  Time for last 1,000,000:    3s.  Last read position: NC_045545.1_RagTag:11,407,298
INFO	2024-07-03 09:28:57	MarkDuplicates	Tracking 1555626 as yet unmatched pairs. 97178 records in RAM.
INFO	2024-07-03 09:29:01	MarkDuplicates	Read    97,000,000 records.  Elapsed time: 00:06:20s.  Time for last 1,000,000:    3s.  Last read position: NC_045545.1_RagTag:17,784,738
INFO	2024-07-03 09:29:01	MarkDuplicates	Tracking 1562406 as yet unmatched pairs. 91039 records in RAM.
INFO	2024-07-03 09:29:16	MarkDuplicates	Read    98,000,000 records.  Elapsed time: 00:06:35s.  Time for last 1,000,000:   15s.  Last read position: NC_045545.1_RagTag:24,262,906
INFO	2024-07-03 09:29:16	MarkDuplicates	Tracking 1569235 as yet unmatched pairs. 84537 records in RAM.
INFO	2024-07-03 09:29:19	MarkDuplicates	Read    99,000,000 records.  Elapsed time: 00:06:38s.  Time for last 1,000,000:    3s.  Last read position: NC_045545.1_RagTag:30,701,414
INFO	2024-07-03 09:29:19	MarkDuplicates	Tracking 1575279 as yet unmatched pairs. 78509 records in RAM.
INFO	2024-07-03 09:29:37	MarkDuplicates	Read   100,000,000 records.  Elapsed time: 00:06:56s.  Time for last 1,000,000:   18s.  Last read position: NC_045545.1_RagTag:37,261,025
INFO	2024-07-03 09:29:37	MarkDuplicates	Tracking 1580392 as yet unmatched pairs. 72362 records in RAM.
INFO	2024-07-03 09:29:41	MarkDuplicates	Read   101,000,000 records.  Elapsed time: 00:07:00s.  Time for last 1,000,000:    3s.  Last read position: NC_045545.1_RagTag:43,648,661
INFO	2024-07-03 09:29:41	MarkDuplicates	Tracking 1585697 as yet unmatched pairs. 66349 records in RAM.
INFO	2024-07-03 09:29:44	MarkDuplicates	Read   102,000,000 records.  Elapsed time: 00:07:03s.  Time for last 1,000,000:    3s.  Last read position: NC_045545.1_RagTag:50,009,784
INFO	2024-07-03 09:29:44	MarkDuplicates	Tracking 1591123 as yet unmatched pairs. 60677 records in RAM.
INFO	2024-07-03 09:29:47	MarkDuplicates	Read   103,000,000 records.  Elapsed time: 00:07:06s.  Time for last 1,000,000:    3s.  Last read position: NC_045545.1_RagTag:56,519,632
INFO	2024-07-03 09:29:47	MarkDuplicates	Tracking 1596780 as yet unmatched pairs. 54805 records in RAM.
INFO	2024-07-03 09:29:50	MarkDuplicates	Read   104,000,000 records.  Elapsed time: 00:07:09s.  Time for last 1,000,000:    3s.  Last read position: NC_045545.1_RagTag:62,898,624
INFO	2024-07-03 09:29:50	MarkDuplicates	Tracking 1602145 as yet unmatched pairs. 48525 records in RAM.
INFO	2024-07-03 09:29:54	MarkDuplicates	Read   105,000,000 records.  Elapsed time: 00:07:13s.  Time for last 1,000,000:    4s.  Last read position: NC_045545.1_RagTag:69,278,402
INFO	2024-07-03 09:29:54	MarkDuplicates	Tracking 1608015 as yet unmatched pairs. 41414 records in RAM.
INFO	2024-07-03 09:29:57	MarkDuplicates	Read   106,000,000 records.  Elapsed time: 00:07:16s.  Time for last 1,000,000:    3s.  Last read position: NC_045545.1_RagTag:75,523,929
INFO	2024-07-03 09:29:57	MarkDuplicates	Tracking 1615368 as yet unmatched pairs. 32368 records in RAM.
INFO	2024-07-03 09:30:00	MarkDuplicates	Read   107,000,000 records.  Elapsed time: 00:07:19s.  Time for last 1,000,000:    3s.  Last read position: NC_045545.1_RagTag:82,052,581
INFO	2024-07-03 09:30:00	MarkDuplicates	Tracking 1625047 as yet unmatched pairs. 20688 records in RAM.
INFO	2024-07-03 09:30:04	MarkDuplicates	Read   108,000,000 records.  Elapsed time: 00:07:23s.  Time for last 1,000,000:    3s.  Last read position: NC_045545.1_RagTag:89,340,352
INFO	2024-07-03 09:30:04	MarkDuplicates	Tracking 1642356 as yet unmatched pairs. 5863 records in RAM.
INFO	2024-07-03 09:30:09	MarkDuplicates	Read   109,000,000 records.  Elapsed time: 00:07:28s.  Time for last 1,000,000:    5s.  Last read position: NC_045546.1_RagTag:4,113,781
INFO	2024-07-03 09:30:09	MarkDuplicates	Tracking 1659672 as yet unmatched pairs. 141799 records in RAM.
INFO	2024-07-03 09:30:13	MarkDuplicates	Read   110,000,000 records.  Elapsed time: 00:07:32s.  Time for last 1,000,000:    3s.  Last read position: NC_045546.1_RagTag:11,352,913
INFO	2024-07-03 09:30:13	MarkDuplicates	Tracking 1675202 as yet unmatched pairs. 127632 records in RAM.
INFO	2024-07-03 09:30:16	MarkDuplicates	Read   111,000,000 records.  Elapsed time: 00:07:35s.  Time for last 1,000,000:    3s.  Last read position: NC_045546.1_RagTag:17,979,510
INFO	2024-07-03 09:30:16	MarkDuplicates	Tracking 1684290 as yet unmatched pairs. 115901 records in RAM.
INFO	2024-07-03 09:30:19	MarkDuplicates	Read   112,000,000 records.  Elapsed time: 00:07:38s.  Time for last 1,000,000:    3s.  Last read position: NC_045546.1_RagTag:24,429,755
INFO	2024-07-03 09:30:19	MarkDuplicates	Tracking 1688826 as yet unmatched pairs. 107232 records in RAM.
INFO	2024-07-03 09:30:22	MarkDuplicates	Read   113,000,000 records.  Elapsed time: 00:07:41s.  Time for last 1,000,000:    3s.  Last read position: NC_045546.1_RagTag:30,963,526
INFO	2024-07-03 09:30:22	MarkDuplicates	Tracking 1692799 as yet unmatched pairs. 100161 records in RAM.
INFO	2024-07-03 09:30:25	MarkDuplicates	Read   114,000,000 records.  Elapsed time: 00:07:45s.  Time for last 1,000,000:    3s.  Last read position: NC_045546.1_RagTag:37,588,236
INFO	2024-07-03 09:30:25	MarkDuplicates	Tracking 1697160 as yet unmatched pairs. 93261 records in RAM.
INFO	2024-07-03 09:30:29	MarkDuplicates	Read   115,000,000 records.  Elapsed time: 00:07:48s.  Time for last 1,000,000:    3s.  Last read position: NC_045546.1_RagTag:44,391,310
INFO	2024-07-03 09:30:29	MarkDuplicates	Tracking 1701879 as yet unmatched pairs. 85837 records in RAM.
INFO	2024-07-03 09:30:32	MarkDuplicates	Read   116,000,000 records.  Elapsed time: 00:07:51s.  Time for last 1,000,000:    3s.  Last read position: NC_045546.1_RagTag:51,013,334
INFO	2024-07-03 09:30:32	MarkDuplicates	Tracking 1706409 as yet unmatched pairs. 78465 records in RAM.
INFO	2024-07-03 09:30:35	MarkDuplicates	Read   117,000,000 records.  Elapsed time: 00:07:54s.  Time for last 1,000,000:    3s.  Last read position: NC_045546.1_RagTag:57,391,488
INFO	2024-07-03 09:30:35	MarkDuplicates	Tracking 1710759 as yet unmatched pairs. 71224 records in RAM.
INFO	2024-07-03 09:30:38	MarkDuplicates	Read   118,000,000 records.  Elapsed time: 00:07:57s.  Time for last 1,000,000:    3s.  Last read position: NC_045546.1_RagTag:64,221,720
INFO	2024-07-03 09:30:38	MarkDuplicates	Tracking 1720626 as yet unmatched pairs. 61865 records in RAM.
INFO	2024-07-03 09:30:42	MarkDuplicates	Read   119,000,000 records.  Elapsed time: 00:08:01s.  Time for last 1,000,000:    3s.  Last read position: NC_045546.1_RagTag:71,021,765
INFO	2024-07-03 09:30:42	MarkDuplicates	Tracking 1737795 as yet unmatched pairs. 50505 records in RAM.
INFO	2024-07-03 09:30:45	MarkDuplicates	Read   120,000,000 records.  Elapsed time: 00:08:04s.  Time for last 1,000,000:    3s.  Last read position: NC_045546.1_RagTag:77,523,729
INFO	2024-07-03 09:30:45	MarkDuplicates	Tracking 1745785 as yet unmatched pairs. 39324 records in RAM.
INFO	2024-07-03 09:30:48	MarkDuplicates	Read   121,000,000 records.  Elapsed time: 00:08:07s.  Time for last 1,000,000:    3s.  Last read position: NC_045546.1_RagTag:83,791,223
INFO	2024-07-03 09:30:48	MarkDuplicates	Tracking 1751967 as yet unmatched pairs. 29021 records in RAM.
INFO	2024-07-03 09:30:51	MarkDuplicates	Read   122,000,000 records.  Elapsed time: 00:08:10s.  Time for last 1,000,000:    3s.  Last read position: NC_045546.1_RagTag:90,111,702
INFO	2024-07-03 09:30:51	MarkDuplicates	Tracking 1755982 as yet unmatched pairs. 20369 records in RAM.
INFO	2024-07-03 09:31:06	MarkDuplicates	Read   123,000,000 records.  Elapsed time: 00:08:25s.  Time for last 1,000,000:   15s.  Last read position: NC_045546.1_RagTag:96,559,425
INFO	2024-07-03 09:31:06	MarkDuplicates	Tracking 1759209 as yet unmatched pairs. 11327 records in RAM.
INFO	2024-07-03 09:31:10	MarkDuplicates	Read   124,000,000 records.  Elapsed time: 00:08:29s.  Time for last 1,000,000:    3s.  Last read position: NC_045546.1_RagTag:103,117,639
INFO	2024-07-03 09:31:10	MarkDuplicates	Tracking 1763049 as yet unmatched pairs. 948 records in RAM.
INFO	2024-07-03 09:31:16	MarkDuplicates	Read   125,000,000 records.  Elapsed time: 00:08:35s.  Time for last 1,000,000:    5s.  Last read position: NC_045547.1_RagTag:7,184,063
INFO	2024-07-03 09:31:16	MarkDuplicates	Tracking 1775170 as yet unmatched pairs. 159745 records in RAM.
INFO	2024-07-03 09:31:19	MarkDuplicates	Read   126,000,000 records.  Elapsed time: 00:08:38s.  Time for last 1,000,000:    3s.  Last read position: NC_045547.1_RagTag:13,854,020
INFO	2024-07-03 09:31:19	MarkDuplicates	Tracking 1782299 as yet unmatched pairs. 145289 records in RAM.
INFO	2024-07-03 09:31:22	MarkDuplicates	Read   127,000,000 records.  Elapsed time: 00:08:41s.  Time for last 1,000,000:    3s.  Last read position: NC_045547.1_RagTag:20,238,588
INFO	2024-07-03 09:31:22	MarkDuplicates	Tracking 1785591 as yet unmatched pairs. 134575 records in RAM.
INFO	2024-07-03 09:31:25	MarkDuplicates	Read   128,000,000 records.  Elapsed time: 00:08:44s.  Time for last 1,000,000:    3s.  Last read position: NC_045547.1_RagTag:26,625,425
INFO	2024-07-03 09:31:25	MarkDuplicates	Tracking 1787806 as yet unmatched pairs. 125090 records in RAM.
INFO	2024-07-03 09:31:29	MarkDuplicates	Read   129,000,000 records.  Elapsed time: 00:08:48s.  Time for last 1,000,000:    3s.  Last read position: NC_045547.1_RagTag:32,953,435
INFO	2024-07-03 09:31:29	MarkDuplicates	Tracking 1789337 as yet unmatched pairs. 117098 records in RAM.
INFO	2024-07-03 09:31:32	MarkDuplicates	Read   130,000,000 records.  Elapsed time: 00:08:51s.  Time for last 1,000,000:    3s.  Last read position: NC_045547.1_RagTag:39,285,310
INFO	2024-07-03 09:31:32	MarkDuplicates	Tracking 1791303 as yet unmatched pairs. 108365 records in RAM.
INFO	2024-07-03 09:31:35	MarkDuplicates	Read   131,000,000 records.  Elapsed time: 00:08:54s.  Time for last 1,000,000:    3s.  Last read position: NC_045547.1_RagTag:45,928,019
INFO	2024-07-03 09:31:35	MarkDuplicates	Tracking 1793866 as yet unmatched pairs. 99675 records in RAM.
INFO	2024-07-03 09:31:38	MarkDuplicates	Read   132,000,000 records.  Elapsed time: 00:08:57s.  Time for last 1,000,000:    3s.  Last read position: NC_045547.1_RagTag:52,456,218
INFO	2024-07-03 09:31:38	MarkDuplicates	Tracking 1797712 as yet unmatched pairs. 88413 records in RAM.
INFO	2024-07-03 09:31:41	MarkDuplicates	Read   133,000,000 records.  Elapsed time: 00:09:01s.  Time for last 1,000,000:    3s.  Last read position: NC_045547.1_RagTag:59,331,035
INFO	2024-07-03 09:31:41	MarkDuplicates	Tracking 1803990 as yet unmatched pairs. 74182 records in RAM.
INFO	2024-07-03 09:31:45	MarkDuplicates	Read   134,000,000 records.  Elapsed time: 00:09:04s.  Time for last 1,000,000:    3s.  Last read position: NC_045547.1_RagTag:65,319,854
INFO	2024-07-03 09:31:45	MarkDuplicates	Tracking 1808551 as yet unmatched pairs. 59531 records in RAM.
INFO	2024-07-03 09:31:48	MarkDuplicates	Read   135,000,000 records.  Elapsed time: 00:09:07s.  Time for last 1,000,000:    3s.  Last read position: NC_045547.1_RagTag:71,740,127
INFO	2024-07-03 09:31:48	MarkDuplicates	Tracking 1809866 as yet unmatched pairs. 48856 records in RAM.
INFO	2024-07-03 09:31:51	MarkDuplicates	Read   136,000,000 records.  Elapsed time: 00:09:10s.  Time for last 1,000,000:    3s.  Last read position: NC_045547.1_RagTag:78,314,580
INFO	2024-07-03 09:31:51	MarkDuplicates	Tracking 1811935 as yet unmatched pairs. 35013 records in RAM.
INFO	2024-07-03 09:31:55	MarkDuplicates	Read   137,000,000 records.  Elapsed time: 00:09:14s.  Time for last 1,000,000:    3s.  Last read position: NC_045547.1_RagTag:85,138,778
INFO	2024-07-03 09:31:55	MarkDuplicates	Tracking 1818196 as yet unmatched pairs. 16400 records in RAM.
INFO	2024-07-03 09:32:02	MarkDuplicates	Read   138,000,000 records.  Elapsed time: 00:09:21s.  Time for last 1,000,000:    7s.  Last read position: NC_045548.1_RagTag:122,103
INFO	2024-07-03 09:32:02	MarkDuplicates	Tracking 1825988 as yet unmatched pairs. 135072 records in RAM.
INFO	2024-07-03 09:32:05	MarkDuplicates	Read   139,000,000 records.  Elapsed time: 00:09:24s.  Time for last 1,000,000:    3s.  Last read position: NC_045548.1_RagTag:6,549,292
INFO	2024-07-03 09:32:05	MarkDuplicates	Tracking 1827419 as yet unmatched pairs. 125251 records in RAM.
INFO	2024-07-03 09:32:08	MarkDuplicates	Read   140,000,000 records.  Elapsed time: 00:09:27s.  Time for last 1,000,000:    3s.  Last read position: NC_045548.1_RagTag:12,803,303
INFO	2024-07-03 09:32:08	MarkDuplicates	Tracking 1827422 as yet unmatched pairs. 115843 records in RAM.
INFO	2024-07-03 09:32:11	MarkDuplicates	Read   141,000,000 records.  Elapsed time: 00:09:30s.  Time for last 1,000,000:    3s.  Last read position: NC_045548.1_RagTag:19,290,463
INFO	2024-07-03 09:32:11	MarkDuplicates	Tracking 1827572 as yet unmatched pairs. 106131 records in RAM.
INFO	2024-07-03 09:32:15	MarkDuplicates	Read   142,000,000 records.  Elapsed time: 00:09:34s.  Time for last 1,000,000:    3s.  Last read position: NC_045548.1_RagTag:25,622,232
INFO	2024-07-03 09:32:15	MarkDuplicates	Tracking 1827418 as yet unmatched pairs. 97627 records in RAM.
INFO	2024-07-03 09:32:18	MarkDuplicates	Read   143,000,000 records.  Elapsed time: 00:09:37s.  Time for last 1,000,000:    3s.  Last read position: NC_045548.1_RagTag:32,153,249
INFO	2024-07-03 09:32:18	MarkDuplicates	Tracking 1826923 as yet unmatched pairs. 88911 records in RAM.
INFO	2024-07-03 09:32:21	MarkDuplicates	Read   144,000,000 records.  Elapsed time: 00:09:40s.  Time for last 1,000,000:    3s.  Last read position: NC_045548.1_RagTag:38,823,487
INFO	2024-07-03 09:32:21	MarkDuplicates	Tracking 1826492 as yet unmatched pairs. 79765 records in RAM.
INFO	2024-07-03 09:32:24	MarkDuplicates	Read   145,000,000 records.  Elapsed time: 00:09:43s.  Time for last 1,000,000:    3s.  Last read position: NC_045548.1_RagTag:45,388,911
INFO	2024-07-03 09:32:24	MarkDuplicates	Tracking 1826011 as yet unmatched pairs. 69821 records in RAM.
INFO	2024-07-03 09:32:27	MarkDuplicates	Read   146,000,000 records.  Elapsed time: 00:09:46s.  Time for last 1,000,000:    3s.  Last read position: NC_045548.1_RagTag:51,956,223
INFO	2024-07-03 09:32:27	MarkDuplicates	Tracking 1825390 as yet unmatched pairs. 59185 records in RAM.
INFO	2024-07-03 09:32:43	MarkDuplicates	Read   147,000,000 records.  Elapsed time: 00:10:02s.  Time for last 1,000,000:   15s.  Last read position: NC_045548.1_RagTag:58,581,905
INFO	2024-07-03 09:32:43	MarkDuplicates	Tracking 1825952 as yet unmatched pairs. 44830 records in RAM.
INFO	2024-07-03 09:32:46	MarkDuplicates	Read   148,000,000 records.  Elapsed time: 00:10:05s.  Time for last 1,000,000:    3s.  Last read position: NC_045548.1_RagTag:65,415,979
INFO	2024-07-03 09:32:46	MarkDuplicates	Tracking 1828158 as yet unmatched pairs. 23361 records in RAM.
INFO	2024-07-03 09:33:04	MarkDuplicates	Read   149,000,000 records.  Elapsed time: 00:10:23s.  Time for last 1,000,000:   18s.  Last read position: NC_045548.1_RagTag:72,960,861
INFO	2024-07-03 09:33:04	MarkDuplicates	Tracking 1833273 as yet unmatched pairs. 1579 records in RAM.
INFO	2024-07-03 09:33:12	MarkDuplicates	Read   150,000,000 records.  Elapsed time: 00:10:31s.  Time for last 1,000,000:    7s.  Last read position: NC_045549.1_RagTag:6,287,361
INFO	2024-07-03 09:33:12	MarkDuplicates	Tracking 1837000 as yet unmatched pairs. 285776 records in RAM.
INFO	2024-07-03 09:33:16	MarkDuplicates	Read   151,000,000 records.  Elapsed time: 00:10:35s.  Time for last 1,000,000:    3s.  Last read position: NC_045549.1_RagTag:12,096,231
INFO	2024-07-03 09:33:16	MarkDuplicates	Tracking 1839986 as yet unmatched pairs. 269916 records in RAM.
INFO	2024-07-03 09:33:19	MarkDuplicates	Read   152,000,000 records.  Elapsed time: 00:10:38s.  Time for last 1,000,000:    3s.  Last read position: NC_045549.1_RagTag:18,503,922
INFO	2024-07-03 09:33:19	MarkDuplicates	Tracking 1838147 as yet unmatched pairs. 256173 records in RAM.
INFO	2024-07-03 09:33:22	MarkDuplicates	Read   153,000,000 records.  Elapsed time: 00:10:41s.  Time for last 1,000,000:    3s.  Last read position: NC_045549.1_RagTag:25,170,743
INFO	2024-07-03 09:33:22	MarkDuplicates	Tracking 1836024 as yet unmatched pairs. 245339 records in RAM.
INFO	2024-07-03 09:33:25	MarkDuplicates	Read   154,000,000 records.  Elapsed time: 00:10:44s.  Time for last 1,000,000:    3s.  Last read position: NC_045549.1_RagTag:31,692,898
INFO	2024-07-03 09:33:25	MarkDuplicates	Tracking 1834181 as yet unmatched pairs. 236213 records in RAM.
INFO	2024-07-03 09:33:29	MarkDuplicates	Read   155,000,000 records.  Elapsed time: 00:10:48s.  Time for last 1,000,000:    3s.  Last read position: NC_045549.1_RagTag:38,608,770
INFO	2024-07-03 09:33:29	MarkDuplicates	Tracking 1832542 as yet unmatched pairs. 226559 records in RAM.
INFO	2024-07-03 09:33:32	MarkDuplicates	Read   156,000,000 records.  Elapsed time: 00:10:51s.  Time for last 1,000,000:    3s.  Last read position: NC_045549.1_RagTag:45,117,007
INFO	2024-07-03 09:33:32	MarkDuplicates	Tracking 1830586 as yet unmatched pairs. 217111 records in RAM.
INFO	2024-07-03 09:33:36	MarkDuplicates	Read   157,000,000 records.  Elapsed time: 00:10:55s.  Time for last 1,000,000:    4s.  Last read position: NC_045549.1_RagTag:51,955,254
INFO	2024-07-03 09:33:36	MarkDuplicates	Tracking 1829409 as yet unmatched pairs. 204919 records in RAM.
INFO	2024-07-03 09:33:40	MarkDuplicates	Read   158,000,000 records.  Elapsed time: 00:10:59s.  Time for last 1,000,000:    3s.  Last read position: NC_045549.1_RagTag:58,871,149
INFO	2024-07-03 09:33:40	MarkDuplicates	Tracking 1829617 as yet unmatched pairs. 189061 records in RAM.
INFO	2024-07-03 09:33:43	MarkDuplicates	Read   159,000,000 records.  Elapsed time: 00:11:02s.  Time for last 1,000,000:    3s.  Last read position: NC_045549.1_RagTag:65,807,431
INFO	2024-07-03 09:33:43	MarkDuplicates	Tracking 1827476 as yet unmatched pairs. 174415 records in RAM.
INFO	2024-07-03 09:33:46	MarkDuplicates	Read   160,000,000 records.  Elapsed time: 00:11:05s.  Time for last 1,000,000:    3s.  Last read position: NC_045549.1_RagTag:72,405,128
INFO	2024-07-03 09:33:46	MarkDuplicates	Tracking 1824892 as yet unmatched pairs. 162713 records in RAM.
INFO	2024-07-03 09:33:49	MarkDuplicates	Read   161,000,000 records.  Elapsed time: 00:11:08s.  Time for last 1,000,000:    3s.  Last read position: NC_045549.1_RagTag:78,892,974
INFO	2024-07-03 09:33:49	MarkDuplicates	Tracking 1821804 as yet unmatched pairs. 151683 records in RAM.
INFO	2024-07-03 09:33:52	MarkDuplicates	Read   162,000,000 records.  Elapsed time: 00:11:11s.  Time for last 1,000,000:    3s.  Last read position: NC_045549.1_RagTag:85,393,853
INFO	2024-07-03 09:33:52	MarkDuplicates	Tracking 1818571 as yet unmatched pairs. 140190 records in RAM.
INFO	2024-07-03 09:33:56	MarkDuplicates	Read   163,000,000 records.  Elapsed time: 00:11:15s.  Time for last 1,000,000:    3s.  Last read position: NC_045549.1_RagTag:92,010,568
INFO	2024-07-03 09:33:56	MarkDuplicates	Tracking 1815002 as yet unmatched pairs. 123115 records in RAM.
INFO	2024-07-03 09:33:59	MarkDuplicates	Read   164,000,000 records.  Elapsed time: 00:11:18s.  Time for last 1,000,000:    3s.  Last read position: NC_045549.1_RagTag:98,879,174
INFO	2024-07-03 09:33:59	MarkDuplicates	Tracking 1811068 as yet unmatched pairs. 101977 records in RAM.
INFO	2024-07-03 09:34:02	MarkDuplicates	Read   165,000,000 records.  Elapsed time: 00:11:21s.  Time for last 1,000,000:    3s.  Last read position: NC_045549.1_RagTag:105,839,902
INFO	2024-07-03 09:34:02	MarkDuplicates	Tracking 1808981 as yet unmatched pairs. 78064 records in RAM.
INFO	2024-07-03 09:34:06	MarkDuplicates	Read   166,000,000 records.  Elapsed time: 00:11:25s.  Time for last 1,000,000:    3s.  Last read position: NC_045549.1_RagTag:112,522,745
INFO	2024-07-03 09:34:06	MarkDuplicates	Tracking 1806738 as yet unmatched pairs. 60557 records in RAM.
INFO	2024-07-03 09:34:09	MarkDuplicates	Read   167,000,000 records.  Elapsed time: 00:11:28s.  Time for last 1,000,000:    3s.  Last read position: NC_045549.1_RagTag:119,324,184
INFO	2024-07-03 09:34:09	MarkDuplicates	Tracking 1802105 as yet unmatched pairs. 44309 records in RAM.
INFO	2024-07-03 09:34:12	MarkDuplicates	Read   168,000,000 records.  Elapsed time: 00:11:31s.  Time for last 1,000,000:    3s.  Last read position: NC_045549.1_RagTag:126,688,254
INFO	2024-07-03 09:34:12	MarkDuplicates	Tracking 1797127 as yet unmatched pairs. 17195 records in RAM.
INFO	2024-07-03 09:34:17	MarkDuplicates	Read   169,000,000 records.  Elapsed time: 00:11:36s.  Time for last 1,000,000:    5s.  Last read position: NC_045550.1_RagTag:1,368,466
INFO	2024-07-03 09:34:17	MarkDuplicates	Tracking 1795354 as yet unmatched pairs. 140950 records in RAM.
INFO	2024-07-03 09:34:21	MarkDuplicates	Read   170,000,000 records.  Elapsed time: 00:11:40s.  Time for last 1,000,000:    3s.  Last read position: NC_045550.1_RagTag:7,904,489
INFO	2024-07-03 09:34:21	MarkDuplicates	Tracking 1790800 as yet unmatched pairs. 129290 records in RAM.
INFO	2024-07-03 09:34:24	MarkDuplicates	Read   171,000,000 records.  Elapsed time: 00:11:43s.  Time for last 1,000,000:    3s.  Last read position: NC_045550.1_RagTag:14,356,194
INFO	2024-07-03 09:34:24	MarkDuplicates	Tracking 1786587 as yet unmatched pairs. 119120 records in RAM.
INFO	2024-07-03 09:34:39	MarkDuplicates	Read   172,000,000 records.  Elapsed time: 00:11:58s.  Time for last 1,000,000:   15s.  Last read position: NC_045550.1_RagTag:21,097,374
INFO	2024-07-03 09:34:39	MarkDuplicates	Tracking 1782561 as yet unmatched pairs. 109118 records in RAM.
INFO	2024-07-03 09:34:42	MarkDuplicates	Read   173,000,000 records.  Elapsed time: 00:12:01s.  Time for last 1,000,000:    3s.  Last read position: NC_045550.1_RagTag:27,632,057
INFO	2024-07-03 09:34:42	MarkDuplicates	Tracking 1778790 as yet unmatched pairs. 100156 records in RAM.
INFO	2024-07-03 09:34:45	MarkDuplicates	Read   174,000,000 records.  Elapsed time: 00:12:04s.  Time for last 1,000,000:    3s.  Last read position: NC_045550.1_RagTag:34,132,620
INFO	2024-07-03 09:34:45	MarkDuplicates	Tracking 1774680 as yet unmatched pairs. 90610 records in RAM.
INFO	2024-07-03 09:34:48	MarkDuplicates	Read   175,000,000 records.  Elapsed time: 00:12:07s.  Time for last 1,000,000:    3s.  Last read position: NC_045550.1_RagTag:40,587,452
INFO	2024-07-03 09:34:48	MarkDuplicates	Tracking 1770101 as yet unmatched pairs. 79218 records in RAM.
INFO	2024-07-03 09:34:51	MarkDuplicates	Read   176,000,000 records.  Elapsed time: 00:12:10s.  Time for last 1,000,000:    3s.  Last read position: NC_045550.1_RagTag:46,925,070
INFO	2024-07-03 09:34:51	MarkDuplicates	Tracking 1765090 as yet unmatched pairs. 67269 records in RAM.
INFO	2024-07-03 09:34:55	MarkDuplicates	Read   177,000,000 records.  Elapsed time: 00:12:14s.  Time for last 1,000,000:    3s.  Last read position: NC_045550.1_RagTag:53,440,371
INFO	2024-07-03 09:34:55	MarkDuplicates	Tracking 1759105 as yet unmatched pairs. 52412 records in RAM.
INFO	2024-07-03 09:34:58	MarkDuplicates	Read   178,000,000 records.  Elapsed time: 00:12:17s.  Time for last 1,000,000:    3s.  Last read position: NC_045550.1_RagTag:59,954,146
INFO	2024-07-03 09:34:58	MarkDuplicates	Tracking 1751118 as yet unmatched pairs. 32017 records in RAM.
INFO	2024-07-03 09:35:01	MarkDuplicates	Read   179,000,000 records.  Elapsed time: 00:12:20s.  Time for last 1,000,000:    3s.  Last read position: NC_045550.1_RagTag:67,370,591
INFO	2024-07-03 09:35:01	MarkDuplicates	Tracking 1743678 as yet unmatched pairs. 4381 records in RAM.
INFO	2024-07-03 09:35:05	MarkDuplicates	Read   180,000,000 records.  Elapsed time: 00:12:24s.  Time for last 1,000,000:    4s.  Last read position: NC_045551.1_RagTag:5,034,849
INFO	2024-07-03 09:35:05	MarkDuplicates	Tracking 1737787 as yet unmatched pairs. 57527 records in RAM.
INFO	2024-07-03 09:35:09	MarkDuplicates	Read   181,000,000 records.  Elapsed time: 00:12:28s.  Time for last 1,000,000:    3s.  Last read position: NC_045551.1_RagTag:11,161,555
INFO	2024-07-03 09:35:09	MarkDuplicates	Tracking 1732818 as yet unmatched pairs. 44921 records in RAM.
INFO	2024-07-03 09:35:12	MarkDuplicates	Read   182,000,000 records.  Elapsed time: 00:12:31s.  Time for last 1,000,000:    3s.  Last read position: NC_045551.1_RagTag:17,583,367
INFO	2024-07-03 09:35:12	MarkDuplicates	Tracking 1726990 as yet unmatched pairs. 28028 records in RAM.
INFO	2024-07-03 09:35:15	MarkDuplicates	Read   183,000,000 records.  Elapsed time: 00:12:34s.  Time for last 1,000,000:    3s.  Last read position: NC_045551.1_RagTag:24,578,512
INFO	2024-07-03 09:35:15	MarkDuplicates	Tracking 1719802 as yet unmatched pairs. 6079 records in RAM.
INFO	2024-07-03 09:35:21	MarkDuplicates	Read   184,000,000 records.  Elapsed time: 00:12:40s.  Time for last 1,000,000:    5s.  Last read position: NC_045552.1_RagTag:5,610,171
INFO	2024-07-03 09:35:21	MarkDuplicates	Tracking 1714669 as yet unmatched pairs. 169504 records in RAM.
INFO	2024-07-03 09:35:24	MarkDuplicates	Read   185,000,000 records.  Elapsed time: 00:12:43s.  Time for last 1,000,000:    3s.  Last read position: NC_045552.1_RagTag:12,129,917
INFO	2024-07-03 09:35:24	MarkDuplicates	Tracking 1706732 as yet unmatched pairs. 149404 records in RAM.
INFO	2024-07-03 09:35:28	MarkDuplicates	Read   186,000,000 records.  Elapsed time: 00:12:47s.  Time for last 1,000,000:    3s.  Last read position: NC_045552.1_RagTag:18,767,486
INFO	2024-07-03 09:35:28	MarkDuplicates	Tracking 1698018 as yet unmatched pairs. 130023 records in RAM.
INFO	2024-07-03 09:35:31	MarkDuplicates	Read   187,000,000 records.  Elapsed time: 00:12:50s.  Time for last 1,000,000:    3s.  Last read position: NC_045552.1_RagTag:25,495,061
INFO	2024-07-03 09:35:31	MarkDuplicates	Tracking 1686787 as yet unmatched pairs. 106307 records in RAM.
INFO	2024-07-03 09:35:34	MarkDuplicates	Read   188,000,000 records.  Elapsed time: 00:12:53s.  Time for last 1,000,000:    3s.  Last read position: NC_045552.1_RagTag:32,381,898
INFO	2024-07-03 09:35:34	MarkDuplicates	Tracking 1680468 as yet unmatched pairs. 86155 records in RAM.
INFO	2024-07-03 09:35:40	MarkDuplicates	Read   189,000,000 records.  Elapsed time: 00:12:59s.  Time for last 1,000,000:    5s.  Last read position: NC_045552.1_RagTag:38,864,377
INFO	2024-07-03 09:35:40	MarkDuplicates	Tracking 1672419 as yet unmatched pairs. 67570 records in RAM.
INFO	2024-07-03 09:35:43	MarkDuplicates	Read   190,000,000 records.  Elapsed time: 00:13:02s.  Time for last 1,000,000:    3s.  Last read position: NC_045552.1_RagTag:45,279,522
INFO	2024-07-03 09:35:43	MarkDuplicates	Tracking 1664045 as yet unmatched pairs. 43652 records in RAM.
INFO	2024-07-03 09:35:46	MarkDuplicates	Read   191,000,000 records.  Elapsed time: 00:13:05s.  Time for last 1,000,000:    3s.  Last read position: NC_045552.1_RagTag:52,002,271
INFO	2024-07-03 09:35:46	MarkDuplicates	Tracking 1653187 as yet unmatched pairs. 18298 records in RAM.
INFO	2024-07-03 09:35:52	MarkDuplicates	Read   192,000,000 records.  Elapsed time: 00:13:11s.  Time for last 1,000,000:    5s.  Last read position: NC_045553.1_RagTag:1,405,397
INFO	2024-07-03 09:35:52	MarkDuplicates	Tracking 1645988 as yet unmatched pairs. 172861 records in RAM.
INFO	2024-07-03 09:35:55	MarkDuplicates	Read   193,000,000 records.  Elapsed time: 00:13:14s.  Time for last 1,000,000:    3s.  Last read position: NC_045553.1_RagTag:8,832,209
INFO	2024-07-03 09:35:55	MarkDuplicates	Tracking 1639120 as yet unmatched pairs. 148316 records in RAM.
INFO	2024-07-03 09:35:59	MarkDuplicates	Read   194,000,000 records.  Elapsed time: 00:13:18s.  Time for last 1,000,000:    3s.  Last read position: NC_045553.1_RagTag:15,948,043
INFO	2024-07-03 09:35:59	MarkDuplicates	Tracking 1627707 as yet unmatched pairs. 121991 records in RAM.
INFO	2024-07-03 09:36:02	MarkDuplicates	Read   195,000,000 records.  Elapsed time: 00:13:21s.  Time for last 1,000,000:    3s.  Last read position: NC_045553.1_RagTag:23,213,488
INFO	2024-07-03 09:36:02	MarkDuplicates	Tracking 1616845 as yet unmatched pairs. 97465 records in RAM.
INFO	2024-07-03 09:36:17	MarkDuplicates	Read   196,000,000 records.  Elapsed time: 00:13:36s.  Time for last 1,000,000:   15s.  Last read position: NC_045553.1_RagTag:29,908,523
INFO	2024-07-03 09:36:17	MarkDuplicates	Tracking 1604074 as yet unmatched pairs. 73804 records in RAM.
INFO	2024-07-03 09:36:20	MarkDuplicates	Read   197,000,000 records.  Elapsed time: 00:13:39s.  Time for last 1,000,000:    3s.  Last read position: NC_045553.1_RagTag:36,496,512
INFO	2024-07-03 09:36:20	MarkDuplicates	Tracking 1594655 as yet unmatched pairs. 53663 records in RAM.
INFO	2024-07-03 09:36:39	MarkDuplicates	Read   198,000,000 records.  Elapsed time: 00:13:58s.  Time for last 1,000,000:   19s.  Last read position: NC_045553.1_RagTag:43,241,750
INFO	2024-07-03 09:36:39	MarkDuplicates	Tracking 1580267 as yet unmatched pairs. 23930 records in RAM.
INFO	2024-07-03 09:36:45	MarkDuplicates	Read   199,000,000 records.  Elapsed time: 00:14:04s.  Time for last 1,000,000:    5s.  Last read position: NC_045554.1_RagTag:514,741
INFO	2024-07-03 09:36:45	MarkDuplicates	Tracking 1568276 as yet unmatched pairs. 182537 records in RAM.
INFO	2024-07-03 09:36:48	MarkDuplicates	Read   200,000,000 records.  Elapsed time: 00:14:07s.  Time for last 1,000,000:    3s.  Last read position: NC_045554.1_RagTag:7,646,500
INFO	2024-07-03 09:36:48	MarkDuplicates	Tracking 1555775 as yet unmatched pairs. 159156 records in RAM.
INFO	2024-07-03 09:36:52	MarkDuplicates	Read   201,000,000 records.  Elapsed time: 00:14:11s.  Time for last 1,000,000:    3s.  Last read position: NC_045554.1_RagTag:14,538,525
INFO	2024-07-03 09:36:52	MarkDuplicates	Tracking 1537808 as yet unmatched pairs. 128157 records in RAM.
INFO	2024-07-03 09:36:55	MarkDuplicates	Read   202,000,000 records.  Elapsed time: 00:14:14s.  Time for last 1,000,000:    3s.  Last read position: NC_045554.1_RagTag:21,027,880
INFO	2024-07-03 09:36:55	MarkDuplicates	Tracking 1521789 as yet unmatched pairs. 102056 records in RAM.
INFO	2024-07-03 09:36:58	MarkDuplicates	Read   203,000,000 records.  Elapsed time: 00:14:17s.  Time for last 1,000,000:    3s.  Last read position: NC_045554.1_RagTag:27,754,641
INFO	2024-07-03 09:36:58	MarkDuplicates	Tracking 1507892 as yet unmatched pairs. 78439 records in RAM.
INFO	2024-07-03 09:37:02	MarkDuplicates	Read   204,000,000 records.  Elapsed time: 00:14:21s.  Time for last 1,000,000:    3s.  Last read position: NC_045554.1_RagTag:34,349,888
INFO	2024-07-03 09:37:02	MarkDuplicates	Tracking 1491131 as yet unmatched pairs. 51589 records in RAM.
INFO	2024-07-03 09:37:05	MarkDuplicates	Read   205,000,000 records.  Elapsed time: 00:14:24s.  Time for last 1,000,000:    3s.  Last read position: NC_045554.1_RagTag:40,927,968
INFO	2024-07-03 09:37:05	MarkDuplicates	Tracking 1473885 as yet unmatched pairs. 25080 records in RAM.
INFO	2024-07-03 09:37:10	MarkDuplicates	Read   206,000,000 records.  Elapsed time: 00:14:29s.  Time for last 1,000,000:    4s.  Last read position: NC_045554.1_RagTag:47,743,395
INFO	2024-07-03 09:37:10	MarkDuplicates	Tracking 1459092 as yet unmatched pairs. 1484 records in RAM.
INFO	2024-07-03 09:37:15	MarkDuplicates	Read   207,000,000 records.  Elapsed time: 00:14:34s.  Time for last 1,000,000:    5s.  Last read position: NC_045555.1_RagTag:6,089,118
INFO	2024-07-03 09:37:15	MarkDuplicates	Tracking 1446399 as yet unmatched pairs. 144268 records in RAM.
INFO	2024-07-03 09:37:19	MarkDuplicates	Read   208,000,000 records.  Elapsed time: 00:14:38s.  Time for last 1,000,000:    3s.  Last read position: NC_045555.1_RagTag:12,811,158
INFO	2024-07-03 09:37:19	MarkDuplicates	Tracking 1431164 as yet unmatched pairs. 120704 records in RAM.
INFO	2024-07-03 09:37:22	MarkDuplicates	Read   209,000,000 records.  Elapsed time: 00:14:41s.  Time for last 1,000,000:    3s.  Last read position: NC_045555.1_RagTag:19,269,806
INFO	2024-07-03 09:37:22	MarkDuplicates	Tracking 1413697 as yet unmatched pairs. 96724 records in RAM.
INFO	2024-07-03 09:37:25	MarkDuplicates	Read   210,000,000 records.  Elapsed time: 00:14:44s.  Time for last 1,000,000:    3s.  Last read position: NC_045555.1_RagTag:25,987,000
INFO	2024-07-03 09:37:25	MarkDuplicates	Tracking 1395500 as yet unmatched pairs. 70008 records in RAM.
INFO	2024-07-03 09:37:28	MarkDuplicates	Read   211,000,000 records.  Elapsed time: 00:14:47s.  Time for last 1,000,000:    3s.  Last read position: NC_045555.1_RagTag:32,761,845
INFO	2024-07-03 09:37:28	MarkDuplicates	Tracking 1374471 as yet unmatched pairs. 40215 records in RAM.
INFO	2024-07-03 09:37:32	MarkDuplicates	Read   212,000,000 records.  Elapsed time: 00:14:51s.  Time for last 1,000,000:    3s.  Last read position: NC_045555.1_RagTag:39,393,027
INFO	2024-07-03 09:37:32	MarkDuplicates	Tracking 1360481 as yet unmatched pairs. 17725 records in RAM.
INFO	2024-07-03 09:37:37	MarkDuplicates	Read   213,000,000 records.  Elapsed time: 00:14:56s.  Time for last 1,000,000:    5s.  Last read position: NC_045556.1_RagTag:787,664
INFO	2024-07-03 09:37:37	MarkDuplicates	Tracking 1357657 as yet unmatched pairs. 154681 records in RAM.
INFO	2024-07-03 09:37:40	MarkDuplicates	Read   214,000,000 records.  Elapsed time: 00:15:00s.  Time for last 1,000,000:    3s.  Last read position: NC_045556.1_RagTag:7,635,109
INFO	2024-07-03 09:37:40	MarkDuplicates	Tracking 1339998 as yet unmatched pairs. 130660 records in RAM.
INFO	2024-07-03 09:37:44	MarkDuplicates	Read   215,000,000 records.  Elapsed time: 00:15:03s.  Time for last 1,000,000:    3s.  Last read position: NC_045556.1_RagTag:14,311,163
INFO	2024-07-03 09:37:44	MarkDuplicates	Tracking 1318269 as yet unmatched pairs. 101898 records in RAM.
INFO	2024-07-03 09:37:47	MarkDuplicates	Read   216,000,000 records.  Elapsed time: 00:15:06s.  Time for last 1,000,000:    3s.  Last read position: NC_045556.1_RagTag:21,180,696
INFO	2024-07-03 09:37:47	MarkDuplicates	Tracking 1291485 as yet unmatched pairs. 66712 records in RAM.
INFO	2024-07-03 09:37:50	MarkDuplicates	Read   217,000,000 records.  Elapsed time: 00:15:09s.  Time for last 1,000,000:    3s.  Last read position: NC_045556.1_RagTag:27,131,211
INFO	2024-07-03 09:37:50	MarkDuplicates	Tracking 1280417 as yet unmatched pairs. 43073 records in RAM.
INFO	2024-07-03 09:37:54	MarkDuplicates	Read   218,000,000 records.  Elapsed time: 00:15:13s.  Time for last 1,000,000:    3s.  Last read position: NC_045556.1_RagTag:34,504,679
INFO	2024-07-03 09:37:54	MarkDuplicates	Tracking 1260688 as yet unmatched pairs. 7465 records in RAM.
INFO	2024-07-03 09:37:58	MarkDuplicates	Read   219,000,000 records.  Elapsed time: 00:15:17s.  Time for last 1,000,000:    3s.  Last read position: NC_045557.1_RagTag:4,359,302
INFO	2024-07-03 09:37:58	MarkDuplicates	Tracking 1248192 as yet unmatched pairs. 31536 records in RAM.
INFO	2024-07-03 09:38:01	MarkDuplicates	Read   220,000,000 records.  Elapsed time: 00:15:20s.  Time for last 1,000,000:    3s.  Last read position: NC_045557.1_RagTag:11,255,462
INFO	2024-07-03 09:38:01	MarkDuplicates	Tracking 1229697 as yet unmatched pairs. 2333 records in RAM.
INFO	2024-07-03 09:38:23	MarkDuplicates	Read   221,000,000 records.  Elapsed time: 00:15:42s.  Time for last 1,000,000:   22s.  Last read position: NC_045558.1_RagTag:6,610,928
INFO	2024-07-03 09:38:23	MarkDuplicates	Tracking 1212517 as yet unmatched pairs. 426184 records in RAM.
INFO	2024-07-03 09:38:26	MarkDuplicates	Read   222,000,000 records.  Elapsed time: 00:15:45s.  Time for last 1,000,000:    3s.  Last read position: NC_045558.1_RagTag:13,017,955
INFO	2024-07-03 09:38:26	MarkDuplicates	Tracking 1195099 as yet unmatched pairs. 405698 records in RAM.
INFO	2024-07-03 09:38:30	MarkDuplicates	Read   223,000,000 records.  Elapsed time: 00:15:49s.  Time for last 1,000,000:    3s.  Last read position: NC_045558.1_RagTag:19,601,659
INFO	2024-07-03 09:38:30	MarkDuplicates	Tracking 1180088 as yet unmatched pairs. 388066 records in RAM.
INFO	2024-07-03 09:38:33	MarkDuplicates	Read   224,000,000 records.  Elapsed time: 00:15:52s.  Time for last 1,000,000:    3s.  Last read position: NC_045558.1_RagTag:26,204,083
INFO	2024-07-03 09:38:33	MarkDuplicates	Tracking 1167677 as yet unmatched pairs. 373413 records in RAM.
INFO	2024-07-03 09:38:36	MarkDuplicates	Read   225,000,000 records.  Elapsed time: 00:15:55s.  Time for last 1,000,000:    3s.  Last read position: NC_045558.1_RagTag:32,946,473
INFO	2024-07-03 09:38:36	MarkDuplicates	Tracking 1155286 as yet unmatched pairs. 358503 records in RAM.
INFO	2024-07-03 09:38:39	MarkDuplicates	Read   226,000,000 records.  Elapsed time: 00:15:58s.  Time for last 1,000,000:    3s.  Last read position: NC_045558.1_RagTag:39,445,716
INFO	2024-07-03 09:38:39	MarkDuplicates	Tracking 1141847 as yet unmatched pairs. 342076 records in RAM.
INFO	2024-07-03 09:38:43	MarkDuplicates	Read   227,000,000 records.  Elapsed time: 00:16:02s.  Time for last 1,000,000:    3s.  Last read position: NC_045558.1_RagTag:45,719,007
INFO	2024-07-03 09:38:43	MarkDuplicates	Tracking 1128716 as yet unmatched pairs. 325976 records in RAM.
INFO	2024-07-03 09:38:46	MarkDuplicates	Read   228,000,000 records.  Elapsed time: 00:16:05s.  Time for last 1,000,000:    3s.  Last read position: NC_045558.1_RagTag:52,560,990
INFO	2024-07-03 09:38:46	MarkDuplicates	Tracking 1112348 as yet unmatched pairs. 305712 records in RAM.
INFO	2024-07-03 09:38:49	MarkDuplicates	Read   229,000,000 records.  Elapsed time: 00:16:08s.  Time for last 1,000,000:    3s.  Last read position: NC_045558.1_RagTag:59,274,247
INFO	2024-07-03 09:38:49	MarkDuplicates	Tracking 1094368 as yet unmatched pairs. 283397 records in RAM.
INFO	2024-07-03 09:38:52	MarkDuplicates	Read   230,000,000 records.  Elapsed time: 00:16:12s.  Time for last 1,000,000:    3s.  Last read position: NC_045558.1_RagTag:66,474,793
INFO	2024-07-03 09:38:52	MarkDuplicates	Tracking 1075216 as yet unmatched pairs. 259591 records in RAM.
INFO	2024-07-03 09:38:56	MarkDuplicates	Read   231,000,000 records.  Elapsed time: 00:16:15s.  Time for last 1,000,000:    3s.  Last read position: NC_045558.1_RagTag:73,730,239
INFO	2024-07-03 09:38:56	MarkDuplicates	Tracking 1055164 as yet unmatched pairs. 233319 records in RAM.
INFO	2024-07-03 09:38:59	MarkDuplicates	Read   232,000,000 records.  Elapsed time: 00:16:18s.  Time for last 1,000,000:    3s.  Last read position: NC_045558.1_RagTag:80,670,902
INFO	2024-07-03 09:38:59	MarkDuplicates	Tracking 1035090 as yet unmatched pairs. 208325 records in RAM.
INFO	2024-07-03 09:39:02	MarkDuplicates	Read   233,000,000 records.  Elapsed time: 00:16:21s.  Time for last 1,000,000:    3s.  Last read position: NC_045558.1_RagTag:87,587,174
INFO	2024-07-03 09:39:02	MarkDuplicates	Tracking 1016854 as yet unmatched pairs. 186393 records in RAM.
INFO	2024-07-03 09:39:06	MarkDuplicates	Read   234,000,000 records.  Elapsed time: 00:16:25s.  Time for last 1,000,000:    3s.  Last read position: NC_045558.1_RagTag:94,357,136
INFO	2024-07-03 09:39:06	MarkDuplicates	Tracking 1001619 as yet unmatched pairs. 168455 records in RAM.
INFO	2024-07-03 09:39:09	MarkDuplicates	Read   235,000,000 records.  Elapsed time: 00:16:28s.  Time for last 1,000,000:    3s.  Last read position: NC_045558.1_RagTag:100,768,783
INFO	2024-07-03 09:39:09	MarkDuplicates	Tracking 987571 as yet unmatched pairs. 151125 records in RAM.
INFO	2024-07-03 09:39:12	MarkDuplicates	Read   236,000,000 records.  Elapsed time: 00:16:31s.  Time for last 1,000,000:    3s.  Last read position: NC_045558.1_RagTag:107,326,942
INFO	2024-07-03 09:39:12	MarkDuplicates	Tracking 974441 as yet unmatched pairs. 135894 records in RAM.
INFO	2024-07-03 09:39:15	MarkDuplicates	Read   237,000,000 records.  Elapsed time: 00:16:34s.  Time for last 1,000,000:    3s.  Last read position: NC_045558.1_RagTag:113,966,520
INFO	2024-07-03 09:39:15	MarkDuplicates	Tracking 960919 as yet unmatched pairs. 120414 records in RAM.
INFO	2024-07-03 09:39:18	MarkDuplicates	Read   238,000,000 records.  Elapsed time: 00:16:37s.  Time for last 1,000,000:    3s.  Last read position: NC_045558.1_RagTag:120,885,086
INFO	2024-07-03 09:39:18	MarkDuplicates	Tracking 945859 as yet unmatched pairs. 102397 records in RAM.
INFO	2024-07-03 09:39:24	MarkDuplicates	Read   239,000,000 records.  Elapsed time: 00:16:43s.  Time for last 1,000,000:    6s.  Last read position: NC_045558.1_RagTag:127,285,074
INFO	2024-07-03 09:39:24	MarkDuplicates	Tracking 919123 as yet unmatched pairs. 71695 records in RAM.
INFO	2024-07-03 09:39:27	MarkDuplicates	Read   240,000,000 records.  Elapsed time: 00:16:47s.  Time for last 1,000,000:    3s.  Last read position: NC_045558.1_RagTag:133,815,383
INFO	2024-07-03 09:39:27	MarkDuplicates	Tracking 901202 as yet unmatched pairs. 50983 records in RAM.
INFO	2024-07-03 09:39:31	MarkDuplicates	Read   241,000,000 records.  Elapsed time: 00:16:50s.  Time for last 1,000,000:    3s.  Last read position: NC_045558.1_RagTag:140,291,905
INFO	2024-07-03 09:39:31	MarkDuplicates	Tracking 881643 as yet unmatched pairs. 22968 records in RAM.
INFO	2024-07-03 09:39:34	MarkDuplicates	Read   242,000,000 records.  Elapsed time: 00:16:53s.  Time for last 1,000,000:    3s.  Last read position: NW_022473586.1_RagTag:42,245
INFO	2024-07-03 09:39:34	MarkDuplicates	Tracking 863634 as yet unmatched pairs. 41 records in RAM.
INFO	2024-07-03 09:39:50	MarkDuplicates	Read   243,000,000 records.  Elapsed time: 00:17:09s.  Time for last 1,000,000:   16s.  Last read position: Chr0_RagTag:1,451,843
INFO	2024-07-03 09:39:50	MarkDuplicates	Tracking 835827 as yet unmatched pairs. 835827 records in RAM.
INFO	2024-07-03 09:39:54	MarkDuplicates	Read   244,000,000 records.  Elapsed time: 00:17:13s.  Time for last 1,000,000:    3s.  Last read position: Chr0_RagTag:9,013,199
INFO	2024-07-03 09:39:54	MarkDuplicates	Tracking 815254 as yet unmatched pairs. 815254 records in RAM.
INFO	2024-07-03 09:39:58	MarkDuplicates	Read   245,000,000 records.  Elapsed time: 00:17:17s.  Time for last 1,000,000:    3s.  Last read position: Chr0_RagTag:14,332,071
INFO	2024-07-03 09:39:58	MarkDuplicates	Tracking 795616 as yet unmatched pairs. 795616 records in RAM.
INFO	2024-07-03 09:40:13	MarkDuplicates	Read   246,000,000 records.  Elapsed time: 00:17:32s.  Time for last 1,000,000:   15s.  Last read position: Chr0_RagTag:19,924,664
INFO	2024-07-03 09:40:13	MarkDuplicates	Tracking 771574 as yet unmatched pairs. 771574 records in RAM.
INFO	2024-07-03 09:40:33	MarkDuplicates	Read   247,000,000 records.  Elapsed time: 00:17:52s.  Time for last 1,000,000:   19s.  Last read position: Chr0_RagTag:25,732,114
INFO	2024-07-03 09:40:33	MarkDuplicates	Tracking 747954 as yet unmatched pairs. 747954 records in RAM.
INFO	2024-07-03 09:40:36	MarkDuplicates	Read   248,000,000 records.  Elapsed time: 00:17:55s.  Time for last 1,000,000:    3s.  Last read position: Chr0_RagTag:30,550,109
INFO	2024-07-03 09:40:36	MarkDuplicates	Tracking 721832 as yet unmatched pairs. 721832 records in RAM.
INFO	2024-07-03 09:40:39	MarkDuplicates	Read   249,000,000 records.  Elapsed time: 00:17:58s.  Time for last 1,000,000:    3s.  Last read position: Chr0_RagTag:36,566,393
INFO	2024-07-03 09:40:39	MarkDuplicates	Tracking 696104 as yet unmatched pairs. 696104 records in RAM.
INFO	2024-07-03 09:40:43	MarkDuplicates	Read   250,000,000 records.  Elapsed time: 00:18:02s.  Time for last 1,000,000:    3s.  Last read position: Chr0_RagTag:42,244,655
INFO	2024-07-03 09:40:43	MarkDuplicates	Tracking 670019 as yet unmatched pairs. 670019 records in RAM.
INFO	2024-07-03 09:40:46	MarkDuplicates	Read   251,000,000 records.  Elapsed time: 00:18:05s.  Time for last 1,000,000:    3s.  Last read position: Chr0_RagTag:47,906,762
INFO	2024-07-03 09:40:46	MarkDuplicates	Tracking 642608 as yet unmatched pairs. 642608 records in RAM.
INFO	2024-07-03 09:40:50	MarkDuplicates	Read   252,000,000 records.  Elapsed time: 00:18:09s.  Time for last 1,000,000:    3s.  Last read position: Chr0_RagTag:53,054,045
INFO	2024-07-03 09:40:50	MarkDuplicates	Tracking 616751 as yet unmatched pairs. 616751 records in RAM.
INFO	2024-07-03 09:40:53	MarkDuplicates	Read   253,000,000 records.  Elapsed time: 00:18:12s.  Time for last 1,000,000:    3s.  Last read position: Chr0_RagTag:57,982,815
INFO	2024-07-03 09:40:53	MarkDuplicates	Tracking 587897 as yet unmatched pairs. 587897 records in RAM.
INFO	2024-07-03 09:40:57	MarkDuplicates	Read   254,000,000 records.  Elapsed time: 00:18:16s.  Time for last 1,000,000:    3s.  Last read position: Chr0_RagTag:63,339,053
INFO	2024-07-03 09:40:57	MarkDuplicates	Tracking 557736 as yet unmatched pairs. 557736 records in RAM.
INFO	2024-07-03 09:41:00	MarkDuplicates	Read   255,000,000 records.  Elapsed time: 00:18:19s.  Time for last 1,000,000:    3s.  Last read position: Chr0_RagTag:68,310,490
INFO	2024-07-03 09:41:00	MarkDuplicates	Tracking 529804 as yet unmatched pairs. 529804 records in RAM.
INFO	2024-07-03 09:41:05	MarkDuplicates	Read   256,000,000 records.  Elapsed time: 00:18:24s.  Time for last 1,000,000:    5s.  Last read position: Chr0_RagTag:73,707,756
INFO	2024-07-03 09:41:05	MarkDuplicates	Tracking 490707 as yet unmatched pairs. 490707 records in RAM.
INFO	2024-07-03 09:41:08	MarkDuplicates	Read   257,000,000 records.  Elapsed time: 00:18:28s.  Time for last 1,000,000:    3s.  Last read position: Chr0_RagTag:80,475,664
INFO	2024-07-03 09:41:08	MarkDuplicates	Tracking 449703 as yet unmatched pairs. 449703 records in RAM.
INFO	2024-07-03 09:41:12	MarkDuplicates	Read   258,000,000 records.  Elapsed time: 00:18:31s.  Time for last 1,000,000:    3s.  Last read position: Chr0_RagTag:86,949,762
INFO	2024-07-03 09:41:12	MarkDuplicates	Tracking 409456 as yet unmatched pairs. 409456 records in RAM.
INFO	2024-07-03 09:41:15	MarkDuplicates	Read   259,000,000 records.  Elapsed time: 00:18:35s.  Time for last 1,000,000:    3s.  Last read position: Chr0_RagTag:92,538,668
INFO	2024-07-03 09:41:15	MarkDuplicates	Tracking 368223 as yet unmatched pairs. 368223 records in RAM.
INFO	2024-07-03 09:41:19	MarkDuplicates	Read   260,000,000 records.  Elapsed time: 00:18:38s.  Time for last 1,000,000:    3s.  Last read position: Chr0_RagTag:99,402,313
INFO	2024-07-03 09:41:19	MarkDuplicates	Tracking 320656 as yet unmatched pairs. 320656 records in RAM.
INFO	2024-07-03 09:41:23	MarkDuplicates	Read   261,000,000 records.  Elapsed time: 00:18:42s.  Time for last 1,000,000:    3s.  Last read position: Chr0_RagTag:106,057,751
INFO	2024-07-03 09:41:23	MarkDuplicates	Tracking 272502 as yet unmatched pairs. 272502 records in RAM.
INFO	2024-07-03 09:41:26	MarkDuplicates	Read   262,000,000 records.  Elapsed time: 00:18:45s.  Time for last 1,000,000:    3s.  Last read position: Chr0_RagTag:112,294,965
INFO	2024-07-03 09:41:26	MarkDuplicates	Tracking 225215 as yet unmatched pairs. 225215 records in RAM.
INFO	2024-07-03 09:41:30	MarkDuplicates	Read   263,000,000 records.  Elapsed time: 00:18:49s.  Time for last 1,000,000:    3s.  Last read position: Chr0_RagTag:119,199,211
INFO	2024-07-03 09:41:30	MarkDuplicates	Tracking 171238 as yet unmatched pairs. 171238 records in RAM.
INFO	2024-07-03 09:41:33	MarkDuplicates	Read   264,000,000 records.  Elapsed time: 00:18:52s.  Time for last 1,000,000:    3s.  Last read position: Chr0_RagTag:125,475,099
INFO	2024-07-03 09:41:33	MarkDuplicates	Tracking 112966 as yet unmatched pairs. 112966 records in RAM.
INFO	2024-07-03 09:41:37	MarkDuplicates	Read   265,000,000 records.  Elapsed time: 00:18:56s.  Time for last 1,000,000:    3s.  Last read position: Chr0_RagTag:130,842,573
INFO	2024-07-03 09:41:37	MarkDuplicates	Tracking 53305 as yet unmatched pairs. 53305 records in RAM.
INFO	2024-07-03 09:41:39	MarkDuplicates	Read 265707131 records. 0 pairs never matched.
INFO	2024-07-03 09:41:57	MarkDuplicates	After buildSortedReadEndLists freeMemory: 6226414400; totalMemory: 6487212032; maxMemory: 6487212032
INFO	2024-07-03 09:41:57	MarkDuplicates	Will retain up to 202725376 duplicate indices before spilling to disk.
INFO	2024-07-03 09:41:58	MarkDuplicates	Traversing read pair information and detecting duplicates.
INFO	2024-07-03 09:43:01	MarkDuplicates	Traversing fragment information and detecting duplicates.
INFO	2024-07-03 09:44:25	MarkDuplicates	Sorting list of duplicate records.
INFO	2024-07-03 09:44:26	MarkDuplicates	After generateDuplicateIndexes freeMemory: 4823783152; totalMemory: 6487212032; maxMemory: 6487212032
INFO	2024-07-03 09:44:26	MarkDuplicates	Marking 19617378 records as duplicates.
INFO	2024-07-03 09:44:26	MarkDuplicates	Found 478487 optical duplicate clusters.
INFO	2024-07-03 09:44:26	MarkDuplicates	Reads are assumed to be ordered by: coordinate
INFO	2024-07-03 09:46:34	MarkDuplicates	Written    10,000,000 records.  Elapsed time: 00:02:07s.  Time for last 10,000,000:  127s.  Last read position: NC_045541.1_RagTag:67,779,885
INFO	2024-07-03 09:48:40	MarkDuplicates	Written    20,000,000 records.  Elapsed time: 00:04:13s.  Time for last 10,000,000:  125s.  Last read position: NC_045541.1_RagTag:137,380,226
INFO	2024-07-03 09:50:47	MarkDuplicates	Written    30,000,000 records.  Elapsed time: 00:06:21s.  Time for last 10,000,000:  127s.  Last read position: NC_045542.1_RagTag:29,815,473
INFO	2024-07-03 09:52:53	MarkDuplicates	Written    40,000,000 records.  Elapsed time: 00:08:26s.  Time for last 10,000,000:  125s.  Last read position: NC_045542.1_RagTag:99,121,857
INFO	2024-07-03 09:55:01	MarkDuplicates	Written    50,000,000 records.  Elapsed time: 00:10:35s.  Time for last 10,000,000:  128s.  Last read position: NC_045543.1_RagTag:7,057,368
INFO	2024-07-03 09:57:07	MarkDuplicates	Written    60,000,000 records.  Elapsed time: 00:12:40s.  Time for last 10,000,000:  125s.  Last read position: NC_045543.1_RagTag:77,142,830
INFO	2024-07-03 09:59:15	MarkDuplicates	Written    70,000,000 records.  Elapsed time: 00:14:48s.  Time for last 10,000,000:  128s.  Last read position: NC_045544.1_RagTag:37,822,949
INFO	2024-07-03 10:01:21	MarkDuplicates	Written    80,000,000 records.  Elapsed time: 00:16:54s.  Time for last 10,000,000:  125s.  Last read position: NC_045544.1_RagTag:107,357,595
INFO	2024-07-03 10:03:28	MarkDuplicates	Written    90,000,000 records.  Elapsed time: 00:19:01s.  Time for last 10,000,000:  127s.  Last read position: NC_045545.1_RagTag:18,325,087
INFO	2024-07-03 10:05:34	MarkDuplicates	Written   100,000,000 records.  Elapsed time: 00:21:07s.  Time for last 10,000,000:  126s.  Last read position: NC_045545.1_RagTag:88,495,401
INFO	2024-07-03 10:07:43	MarkDuplicates	Written   110,000,000 records.  Elapsed time: 00:23:16s.  Time for last 10,000,000:  128s.  Last read position: NC_045546.1_RagTag:68,839,678
INFO	2024-07-03 10:09:51	MarkDuplicates	Written   120,000,000 records.  Elapsed time: 00:25:24s.  Time for last 10,000,000:  128s.  Last read position: NC_045547.1_RagTag:35,582,828
INFO	2024-07-03 10:11:59	MarkDuplicates	Written   130,000,000 records.  Elapsed time: 00:27:33s.  Time for last 10,000,000:  128s.  Last read position: NC_045548.1_RagTag:14,129,148
INFO	2024-07-03 10:14:08	MarkDuplicates	Written   140,000,000 records.  Elapsed time: 00:29:41s.  Time for last 10,000,000:  128s.  Last read position: NC_045549.1_RagTag:12,104,251
INFO	2024-07-03 10:16:15	MarkDuplicates	Written   150,000,000 records.  Elapsed time: 00:31:48s.  Time for last 10,000,000:  127s.  Last read position: NC_045549.1_RagTag:83,982,141
INFO	2024-07-03 10:18:24	MarkDuplicates	Written   160,000,000 records.  Elapsed time: 00:33:58s.  Time for last 10,000,000:  129s.  Last read position: NC_045550.1_RagTag:24,730,494
INFO	2024-07-03 10:20:32	MarkDuplicates	Written   170,000,000 records.  Elapsed time: 00:36:05s.  Time for last 10,000,000:  127s.  Last read position: NC_045552.1_RagTag:616,948
INFO	2024-07-03 10:22:43	MarkDuplicates	Written   180,000,000 records.  Elapsed time: 00:38:17s.  Time for last 10,000,000:  131s.  Last read position: NC_045553.1_RagTag:16,630,498
INFO	2024-07-03 10:24:55	MarkDuplicates	Written   190,000,000 records.  Elapsed time: 00:40:28s.  Time for last 10,000,000:  131s.  Last read position: NC_045554.1_RagTag:40,074,069
INFO	2024-07-03 10:27:06	MarkDuplicates	Written   200,000,000 records.  Elapsed time: 00:42:39s.  Time for last 10,000,000:  131s.  Last read position: NC_045556.1_RagTag:18,877,600
INFO	2024-07-03 10:29:17	MarkDuplicates	Written   210,000,000 records.  Elapsed time: 00:44:50s.  Time for last 10,000,000:  130s.  Last read position: NC_045558.1_RagTag:42,722,811
INFO	2024-07-03 10:31:26	MarkDuplicates	Written   220,000,000 records.  Elapsed time: 00:47:00s.  Time for last 10,000,000:  129s.  Last read position: NC_045558.1_RagTag:115,853,227
INFO	2024-07-03 10:33:39	MarkDuplicates	Written   230,000,000 records.  Elapsed time: 00:49:13s.  Time for last 10,000,000:  133s.  Last read position: Chr0_RagTag:30,836,962
INFO	2024-07-03 10:35:55	MarkDuplicates	Written   240,000,000 records.  Elapsed time: 00:51:28s.  Time for last 10,000,000:  135s.  Last read position: Chr0_RagTag:92,048,945
INFO	2024-07-03 10:37:26	MarkDuplicates	Writing complete. Closing input iterator.
INFO	2024-07-03 10:37:26	MarkDuplicates	Duplicate Index cleanup.
INFO	2024-07-03 10:37:26	MarkDuplicates	Getting Memory Stats.
INFO	2024-07-03 10:37:26	MarkDuplicates	Before output close freeMemory: 6445149488; totalMemory: 6487212032; maxMemory: 6487212032
INFO	2024-07-03 10:37:26	MarkDuplicates	Closed outputs. Getting more Memory Stats.
INFO	2024-07-03 10:37:26	MarkDuplicates	After output close freeMemory: 5840369920; totalMemory: 5879103488; maxMemory: 6487212032
[Wed Jul 03 10:37:26 MDT 2024] picard.sam.markduplicates.MarkDuplicates done. Elapsed time: 74.77 minutes.
Runtime.totalMemory()=5879103488
