INFO	2024-07-03 09:22:39	MarkDuplicates	

********** NOTE: Picard's command line syntax is changing.
**********
********** For more information, please see:
********** https://github.com/broadinstitute/picard/wiki/Command-Line-Syntax-Transition-For-Users-(Pre-Transition)
**********
********** The command line looks like this in the new syntax:
**********
**********    MarkDuplicates -REMOVE_DUPLICATES true -ASSUME_SORTED true -VALIDATION_STRINGENCY SILENT -INPUT FLMNH151612_sort.bam -OUTPUT /project/getpop/bwa_ratsnake/rmd/FLMNH151612.rmd.bam -METRICS_FILE /project/getpop/bwa_ratsnake/rmd/FLMNH151612.rmd.bam.metrics
**********


09:22:40.556 INFO  NativeLibraryLoader - Loading libgkl_compression.so from jar:file:/apps/u/spack/gcc/12.2.0/picard/2.26.2-xrdth7g/bin/picard.jar!/com/intel/gkl/native/libgkl_compression.so
[Wed Jul 03 09:22:40 MDT 2024] MarkDuplicates INPUT=[FLMNH151612_sort.bam] OUTPUT=/project/getpop/bwa_ratsnake/rmd/FLMNH151612.rmd.bam METRICS_FILE=/project/getpop/bwa_ratsnake/rmd/FLMNH151612.rmd.bam.metrics REMOVE_DUPLICATES=true ASSUME_SORTED=true VALIDATION_STRINGENCY=SILENT    MAX_SEQUENCES_FOR_DISK_READ_ENDS_MAP=50000 MAX_FILE_HANDLES_FOR_READ_ENDS_MAP=8000 SORTING_COLLECTION_SIZE_RATIO=0.25 TAG_DUPLICATE_SET_MEMBERS=false REMOVE_SEQUENCING_DUPLICATES=false TAGGING_POLICY=DontTag CLEAR_DT=true DUPLEX_UMI=false ADD_PG_TAG_TO_READS=true DUPLICATE_SCORING_STRATEGY=SUM_OF_BASE_QUALITIES PROGRAM_RECORD_ID=MarkDuplicates PROGRAM_GROUP_NAME=MarkDuplicates READ_NAME_REGEX=<optimized capture of last three ':' separated fields as numeric values> OPTICAL_DUPLICATE_PIXEL_DISTANCE=100 MAX_OPTICAL_DUPLICATE_SET_SIZE=300000 VERBOSITY=INFO QUIET=false COMPRESSION_LEVEL=5 MAX_RECORDS_IN_RAM=500000 CREATE_INDEX=false CREATE_MD5_FILE=false GA4GH_CLIENT_SECRETS=client_secrets.json USE_JDK_DEFLATER=false USE_JDK_INFLATER=false
[Wed Jul 03 09:22:40 MDT 2024] Executing as sharrin2@t503 on Linux 4.18.0-513.11.1.el8_9.x86_64 amd64; OpenJDK 64-Bit Server VM 11.0.15+10; Deflater: Intel; Inflater: Intel; Provider GCS is not available; Picard version: 2.26.2
INFO	2024-07-03 09:22:40	MarkDuplicates	Start of doWork freeMemory: 397762568; totalMemory: 405536768; maxMemory: 6487212032
INFO	2024-07-03 09:22:40	MarkDuplicates	Reading input file and constructing read end information.
INFO	2024-07-03 09:22:40	MarkDuplicates	Will retain up to 23504391 data points before spilling to disk.
INFO	2024-07-03 09:22:46	MarkDuplicates	Read     1,000,000 records.  Elapsed time: 00:00:05s.  Time for last 1,000,000:    5s.  Last read position: NC_045541.1_RagTag:4,103,167
INFO	2024-07-03 09:22:46	MarkDuplicates	Tracking 41918 as yet unmatched pairs. 3007 records in RAM.
INFO	2024-07-03 09:22:49	MarkDuplicates	Read     2,000,000 records.  Elapsed time: 00:00:09s.  Time for last 1,000,000:    3s.  Last read position: NC_045541.1_RagTag:8,913,967
INFO	2024-07-03 09:22:49	MarkDuplicates	Tracking 68230 as yet unmatched pairs. 4940 records in RAM.
INFO	2024-07-03 09:22:53	MarkDuplicates	Read     3,000,000 records.  Elapsed time: 00:00:12s.  Time for last 1,000,000:    3s.  Last read position: NC_045541.1_RagTag:14,093,880
INFO	2024-07-03 09:22:53	MarkDuplicates	Tracking 89425 as yet unmatched pairs. 6663 records in RAM.
INFO	2024-07-03 09:22:56	MarkDuplicates	Read     4,000,000 records.  Elapsed time: 00:00:15s.  Time for last 1,000,000:    3s.  Last read position: NC_045541.1_RagTag:19,222,527
INFO	2024-07-03 09:22:56	MarkDuplicates	Tracking 113903 as yet unmatched pairs. 8509 records in RAM.
INFO	2024-07-03 09:23:00	MarkDuplicates	Read     5,000,000 records.  Elapsed time: 00:00:19s.  Time for last 1,000,000:    3s.  Last read position: NC_045541.1_RagTag:24,471,906
INFO	2024-07-03 09:23:00	MarkDuplicates	Tracking 139820 as yet unmatched pairs. 10316 records in RAM.
INFO	2024-07-03 09:23:03	MarkDuplicates	Read     6,000,000 records.  Elapsed time: 00:00:22s.  Time for last 1,000,000:    3s.  Last read position: NC_045541.1_RagTag:29,617,103
INFO	2024-07-03 09:23:03	MarkDuplicates	Tracking 163339 as yet unmatched pairs. 11784 records in RAM.
INFO	2024-07-03 09:23:07	MarkDuplicates	Read     7,000,000 records.  Elapsed time: 00:00:26s.  Time for last 1,000,000:    3s.  Last read position: NC_045541.1_RagTag:34,863,392
INFO	2024-07-03 09:23:07	MarkDuplicates	Tracking 188336 as yet unmatched pairs. 13353 records in RAM.
INFO	2024-07-03 09:23:10	MarkDuplicates	Read     8,000,000 records.  Elapsed time: 00:00:29s.  Time for last 1,000,000:    3s.  Last read position: NC_045541.1_RagTag:40,108,428
INFO	2024-07-03 09:23:10	MarkDuplicates	Tracking 211732 as yet unmatched pairs. 14761 records in RAM.
INFO	2024-07-03 09:23:13	MarkDuplicates	Read     9,000,000 records.  Elapsed time: 00:00:32s.  Time for last 1,000,000:    3s.  Last read position: NC_045541.1_RagTag:45,401,929
INFO	2024-07-03 09:23:13	MarkDuplicates	Tracking 237130 as yet unmatched pairs. 15847 records in RAM.
INFO	2024-07-03 09:23:16	MarkDuplicates	Read    10,000,000 records.  Elapsed time: 00:00:35s.  Time for last 1,000,000:    3s.  Last read position: NC_045541.1_RagTag:50,556,928
INFO	2024-07-03 09:23:16	MarkDuplicates	Tracking 263464 as yet unmatched pairs. 17226 records in RAM.
INFO	2024-07-03 09:23:19	MarkDuplicates	Read    11,000,000 records.  Elapsed time: 00:00:39s.  Time for last 1,000,000:    3s.  Last read position: NC_045541.1_RagTag:55,715,662
INFO	2024-07-03 09:23:19	MarkDuplicates	Tracking 284653 as yet unmatched pairs. 18086 records in RAM.
INFO	2024-07-03 09:23:24	MarkDuplicates	Read    12,000,000 records.  Elapsed time: 00:00:43s.  Time for last 1,000,000:    4s.  Last read position: NC_045541.1_RagTag:60,971,572
INFO	2024-07-03 09:23:24	MarkDuplicates	Tracking 309724 as yet unmatched pairs. 18946 records in RAM.
INFO	2024-07-03 09:23:27	MarkDuplicates	Read    13,000,000 records.  Elapsed time: 00:00:46s.  Time for last 1,000,000:    3s.  Last read position: NC_045541.1_RagTag:66,231,856
INFO	2024-07-03 09:23:27	MarkDuplicates	Tracking 330470 as yet unmatched pairs. 19441 records in RAM.
INFO	2024-07-03 09:23:30	MarkDuplicates	Read    14,000,000 records.  Elapsed time: 00:00:49s.  Time for last 1,000,000:    3s.  Last read position: NC_045541.1_RagTag:71,643,946
INFO	2024-07-03 09:23:30	MarkDuplicates	Tracking 353730 as yet unmatched pairs. 19490 records in RAM.
INFO	2024-07-03 09:23:33	MarkDuplicates	Read    15,000,000 records.  Elapsed time: 00:00:53s.  Time for last 1,000,000:    3s.  Last read position: NC_045541.1_RagTag:76,785,256
INFO	2024-07-03 09:23:33	MarkDuplicates	Tracking 374808 as yet unmatched pairs. 19781 records in RAM.
INFO	2024-07-03 09:23:37	MarkDuplicates	Read    16,000,000 records.  Elapsed time: 00:00:56s.  Time for last 1,000,000:    3s.  Last read position: NC_045541.1_RagTag:82,256,193
INFO	2024-07-03 09:23:37	MarkDuplicates	Tracking 396021 as yet unmatched pairs. 20266 records in RAM.
INFO	2024-07-03 09:23:40	MarkDuplicates	Read    17,000,000 records.  Elapsed time: 00:00:59s.  Time for last 1,000,000:    3s.  Last read position: NC_045541.1_RagTag:87,437,186
INFO	2024-07-03 09:23:40	MarkDuplicates	Tracking 416142 as yet unmatched pairs. 20217 records in RAM.
INFO	2024-07-03 09:23:43	MarkDuplicates	Read    18,000,000 records.  Elapsed time: 00:01:02s.  Time for last 1,000,000:    3s.  Last read position: NC_045541.1_RagTag:92,712,008
INFO	2024-07-03 09:23:43	MarkDuplicates	Tracking 438391 as yet unmatched pairs. 20057 records in RAM.
INFO	2024-07-03 09:23:46	MarkDuplicates	Read    19,000,000 records.  Elapsed time: 00:01:05s.  Time for last 1,000,000:    3s.  Last read position: NC_045541.1_RagTag:97,922,175
INFO	2024-07-03 09:23:46	MarkDuplicates	Tracking 457099 as yet unmatched pairs. 19939 records in RAM.
INFO	2024-07-03 09:23:51	MarkDuplicates	Read    20,000,000 records.  Elapsed time: 00:01:10s.  Time for last 1,000,000:    4s.  Last read position: NC_045541.1_RagTag:102,944,621
INFO	2024-07-03 09:23:51	MarkDuplicates	Tracking 479628 as yet unmatched pairs. 19550 records in RAM.
INFO	2024-07-03 09:23:55	MarkDuplicates	Read    21,000,000 records.  Elapsed time: 00:01:14s.  Time for last 1,000,000:    3s.  Last read position: NC_045541.1_RagTag:108,252,817
INFO	2024-07-03 09:23:55	MarkDuplicates	Tracking 499479 as yet unmatched pairs. 19167 records in RAM.
INFO	2024-07-03 09:23:58	MarkDuplicates	Read    22,000,000 records.  Elapsed time: 00:01:17s.  Time for last 1,000,000:    3s.  Last read position: NC_045541.1_RagTag:113,562,904
INFO	2024-07-03 09:23:58	MarkDuplicates	Tracking 519205 as yet unmatched pairs. 18813 records in RAM.
INFO	2024-07-03 09:24:01	MarkDuplicates	Read    23,000,000 records.  Elapsed time: 00:01:20s.  Time for last 1,000,000:    3s.  Last read position: NC_045541.1_RagTag:118,807,382
INFO	2024-07-03 09:24:01	MarkDuplicates	Tracking 537857 as yet unmatched pairs. 18311 records in RAM.
INFO	2024-07-03 09:24:04	MarkDuplicates	Read    24,000,000 records.  Elapsed time: 00:01:23s.  Time for last 1,000,000:    3s.  Last read position: NC_045541.1_RagTag:124,030,090
INFO	2024-07-03 09:24:04	MarkDuplicates	Tracking 556544 as yet unmatched pairs. 17697 records in RAM.
INFO	2024-07-03 09:24:21	MarkDuplicates	Read    25,000,000 records.  Elapsed time: 00:01:40s.  Time for last 1,000,000:   16s.  Last read position: NC_045541.1_RagTag:129,232,784
INFO	2024-07-03 09:24:21	MarkDuplicates	Tracking 574707 as yet unmatched pairs. 16985 records in RAM.
INFO	2024-07-03 09:24:24	MarkDuplicates	Read    26,000,000 records.  Elapsed time: 00:01:43s.  Time for last 1,000,000:    3s.  Last read position: NC_045541.1_RagTag:134,155,881
INFO	2024-07-03 09:24:24	MarkDuplicates	Tracking 594156 as yet unmatched pairs. 16122 records in RAM.
INFO	2024-07-03 09:24:27	MarkDuplicates	Read    27,000,000 records.  Elapsed time: 00:01:46s.  Time for last 1,000,000:    3s.  Last read position: NC_045541.1_RagTag:139,306,122
INFO	2024-07-03 09:24:27	MarkDuplicates	Tracking 614455 as yet unmatched pairs. 15199 records in RAM.
INFO	2024-07-03 09:24:30	MarkDuplicates	Read    28,000,000 records.  Elapsed time: 00:01:50s.  Time for last 1,000,000:    3s.  Last read position: NC_045541.1_RagTag:144,661,921
INFO	2024-07-03 09:24:30	MarkDuplicates	Tracking 634313 as yet unmatched pairs. 14132 records in RAM.
INFO	2024-07-03 09:24:34	MarkDuplicates	Read    29,000,000 records.  Elapsed time: 00:01:53s.  Time for last 1,000,000:    3s.  Last read position: NC_045541.1_RagTag:149,898,904
INFO	2024-07-03 09:24:34	MarkDuplicates	Tracking 655163 as yet unmatched pairs. 12842 records in RAM.
INFO	2024-07-03 09:24:37	MarkDuplicates	Read    30,000,000 records.  Elapsed time: 00:01:56s.  Time for last 1,000,000:    3s.  Last read position: NC_045541.1_RagTag:155,056,878
INFO	2024-07-03 09:24:37	MarkDuplicates	Tracking 683159 as yet unmatched pairs. 13430 records in RAM.
INFO	2024-07-03 09:24:40	MarkDuplicates	Read    31,000,000 records.  Elapsed time: 00:01:59s.  Time for last 1,000,000:    3s.  Last read position: NC_045541.1_RagTag:160,480,023
INFO	2024-07-03 09:24:40	MarkDuplicates	Tracking 709086 as yet unmatched pairs. 9157 records in RAM.
INFO	2024-07-03 09:24:43	MarkDuplicates	Read    32,000,000 records.  Elapsed time: 00:02:03s.  Time for last 1,000,000:    3s.  Last read position: NC_045541.1_RagTag:166,122,542
INFO	2024-07-03 09:24:43	MarkDuplicates	Tracking 743404 as yet unmatched pairs. 6142 records in RAM.
INFO	2024-07-03 09:24:47	MarkDuplicates	Read    33,000,000 records.  Elapsed time: 00:02:06s.  Time for last 1,000,000:    3s.  Last read position: NC_045541.1_RagTag:172,149,584
INFO	2024-07-03 09:24:47	MarkDuplicates	Tracking 787638 as yet unmatched pairs. 2880 records in RAM.
INFO	2024-07-03 09:24:51	MarkDuplicates	Read    34,000,000 records.  Elapsed time: 00:02:11s.  Time for last 1,000,000:    4s.  Last read position: NC_045542.1_RagTag:858,251
INFO	2024-07-03 09:24:51	MarkDuplicates	Tracking 828854 as yet unmatched pairs. 75262 records in RAM.
INFO	2024-07-03 09:24:55	MarkDuplicates	Read    35,000,000 records.  Elapsed time: 00:02:14s.  Time for last 1,000,000:    3s.  Last read position: NC_045542.1_RagTag:5,813,382
INFO	2024-07-03 09:24:55	MarkDuplicates	Tracking 852160 as yet unmatched pairs. 74591 records in RAM.
INFO	2024-07-03 09:25:00	MarkDuplicates	Read    36,000,000 records.  Elapsed time: 00:02:19s.  Time for last 1,000,000:    4s.  Last read position: NC_045542.1_RagTag:11,072,753
INFO	2024-07-03 09:25:00	MarkDuplicates	Tracking 867786 as yet unmatched pairs. 74077 records in RAM.
INFO	2024-07-03 09:25:03	MarkDuplicates	Read    37,000,000 records.  Elapsed time: 00:02:22s.  Time for last 1,000,000:    3s.  Last read position: NC_045542.1_RagTag:16,457,351
INFO	2024-07-03 09:25:03	MarkDuplicates	Tracking 886129 as yet unmatched pairs. 73592 records in RAM.
INFO	2024-07-03 09:25:06	MarkDuplicates	Read    38,000,000 records.  Elapsed time: 00:02:25s.  Time for last 1,000,000:    3s.  Last read position: NC_045542.1_RagTag:21,562,505
INFO	2024-07-03 09:25:06	MarkDuplicates	Tracking 906464 as yet unmatched pairs. 73069 records in RAM.
INFO	2024-07-03 09:25:09	MarkDuplicates	Read    39,000,000 records.  Elapsed time: 00:02:28s.  Time for last 1,000,000:    3s.  Last read position: NC_045542.1_RagTag:26,960,796
INFO	2024-07-03 09:25:09	MarkDuplicates	Tracking 925950 as yet unmatched pairs. 72301 records in RAM.
INFO	2024-07-03 09:25:12	MarkDuplicates	Read    40,000,000 records.  Elapsed time: 00:02:31s.  Time for last 1,000,000:    3s.  Last read position: NC_045542.1_RagTag:32,100,385
INFO	2024-07-03 09:25:12	MarkDuplicates	Tracking 948872 as yet unmatched pairs. 71392 records in RAM.
INFO	2024-07-03 09:25:16	MarkDuplicates	Read    41,000,000 records.  Elapsed time: 00:02:35s.  Time for last 1,000,000:    3s.  Last read position: NC_045542.1_RagTag:37,564,361
INFO	2024-07-03 09:25:16	MarkDuplicates	Tracking 970442 as yet unmatched pairs. 70061 records in RAM.
INFO	2024-07-03 09:25:19	MarkDuplicates	Read    42,000,000 records.  Elapsed time: 00:02:38s.  Time for last 1,000,000:    3s.  Last read position: NC_045542.1_RagTag:42,810,209
INFO	2024-07-03 09:25:19	MarkDuplicates	Tracking 990566 as yet unmatched pairs. 68561 records in RAM.
INFO	2024-07-03 09:25:22	MarkDuplicates	Read    43,000,000 records.  Elapsed time: 00:02:41s.  Time for last 1,000,000:    3s.  Last read position: NC_045542.1_RagTag:48,028,389
INFO	2024-07-03 09:25:22	MarkDuplicates	Tracking 1008213 as yet unmatched pairs. 67486 records in RAM.
INFO	2024-07-03 09:25:25	MarkDuplicates	Read    44,000,000 records.  Elapsed time: 00:02:44s.  Time for last 1,000,000:    3s.  Last read position: NC_045542.1_RagTag:53,139,603
INFO	2024-07-03 09:25:25	MarkDuplicates	Tracking 1024554 as yet unmatched pairs. 65860 records in RAM.
INFO	2024-07-03 09:25:28	MarkDuplicates	Read    45,000,000 records.  Elapsed time: 00:02:47s.  Time for last 1,000,000:    3s.  Last read position: NC_045542.1_RagTag:58,321,962
INFO	2024-07-03 09:25:28	MarkDuplicates	Tracking 1041889 as yet unmatched pairs. 64465 records in RAM.
INFO	2024-07-03 09:25:32	MarkDuplicates	Read    46,000,000 records.  Elapsed time: 00:02:51s.  Time for last 1,000,000:    3s.  Last read position: NC_045542.1_RagTag:63,627,958
INFO	2024-07-03 09:25:32	MarkDuplicates	Tracking 1056920 as yet unmatched pairs. 63111 records in RAM.
INFO	2024-07-03 09:25:35	MarkDuplicates	Read    47,000,000 records.  Elapsed time: 00:02:54s.  Time for last 1,000,000:    3s.  Last read position: NC_045542.1_RagTag:68,907,857
INFO	2024-07-03 09:25:35	MarkDuplicates	Tracking 1074847 as yet unmatched pairs. 61650 records in RAM.
INFO	2024-07-03 09:25:38	MarkDuplicates	Read    48,000,000 records.  Elapsed time: 00:02:57s.  Time for last 1,000,000:    3s.  Last read position: NC_045542.1_RagTag:74,125,130
INFO	2024-07-03 09:25:38	MarkDuplicates	Tracking 1090503 as yet unmatched pairs. 59907 records in RAM.
INFO	2024-07-03 09:25:54	MarkDuplicates	Read    49,000,000 records.  Elapsed time: 00:03:13s.  Time for last 1,000,000:   15s.  Last read position: NC_045542.1_RagTag:79,316,624
INFO	2024-07-03 09:25:54	MarkDuplicates	Tracking 1107033 as yet unmatched pairs. 57842 records in RAM.
INFO	2024-07-03 09:26:12	MarkDuplicates	Read    50,000,000 records.  Elapsed time: 00:03:31s.  Time for last 1,000,000:   18s.  Last read position: NC_045542.1_RagTag:84,536,123
INFO	2024-07-03 09:26:12	MarkDuplicates	Tracking 1122790 as yet unmatched pairs. 55906 records in RAM.
INFO	2024-07-03 09:26:15	MarkDuplicates	Read    51,000,000 records.  Elapsed time: 00:03:35s.  Time for last 1,000,000:    3s.  Last read position: NC_045542.1_RagTag:89,855,421
INFO	2024-07-03 09:26:15	MarkDuplicates	Tracking 1139449 as yet unmatched pairs. 53557 records in RAM.
INFO	2024-07-03 09:26:19	MarkDuplicates	Read    52,000,000 records.  Elapsed time: 00:03:38s.  Time for last 1,000,000:    3s.  Last read position: NC_045542.1_RagTag:95,284,839
INFO	2024-07-03 09:26:19	MarkDuplicates	Tracking 1156161 as yet unmatched pairs. 51241 records in RAM.
INFO	2024-07-03 09:26:23	MarkDuplicates	Read    53,000,000 records.  Elapsed time: 00:03:42s.  Time for last 1,000,000:    4s.  Last read position: NC_045542.1_RagTag:100,506,060
INFO	2024-07-03 09:26:23	MarkDuplicates	Tracking 1171700 as yet unmatched pairs. 48725 records in RAM.
INFO	2024-07-03 09:26:26	MarkDuplicates	Read    54,000,000 records.  Elapsed time: 00:03:45s.  Time for last 1,000,000:    3s.  Last read position: NC_045542.1_RagTag:105,655,930
INFO	2024-07-03 09:26:26	MarkDuplicates	Tracking 1189590 as yet unmatched pairs. 46241 records in RAM.
INFO	2024-07-03 09:26:30	MarkDuplicates	Read    55,000,000 records.  Elapsed time: 00:03:49s.  Time for last 1,000,000:    3s.  Last read position: NC_045542.1_RagTag:110,836,587
INFO	2024-07-03 09:26:30	MarkDuplicates	Tracking 1204904 as yet unmatched pairs. 43872 records in RAM.
INFO	2024-07-03 09:26:33	MarkDuplicates	Read    56,000,000 records.  Elapsed time: 00:03:52s.  Time for last 1,000,000:    3s.  Last read position: NC_045542.1_RagTag:115,985,937
INFO	2024-07-03 09:26:33	MarkDuplicates	Tracking 1220991 as yet unmatched pairs. 41161 records in RAM.
INFO	2024-07-03 09:26:36	MarkDuplicates	Read    57,000,000 records.  Elapsed time: 00:03:55s.  Time for last 1,000,000:    3s.  Last read position: NC_045542.1_RagTag:121,114,427
INFO	2024-07-03 09:26:36	MarkDuplicates	Tracking 1240878 as yet unmatched pairs. 37248 records in RAM.
INFO	2024-07-03 09:26:40	MarkDuplicates	Read    58,000,000 records.  Elapsed time: 00:03:59s.  Time for last 1,000,000:    3s.  Last read position: NC_045542.1_RagTag:126,169,247
INFO	2024-07-03 09:26:40	MarkDuplicates	Tracking 1263059 as yet unmatched pairs. 33533 records in RAM.
INFO	2024-07-03 09:26:43	MarkDuplicates	Read    59,000,000 records.  Elapsed time: 00:04:02s.  Time for last 1,000,000:    3s.  Last read position: NC_045542.1_RagTag:131,260,418
INFO	2024-07-03 09:26:43	MarkDuplicates	Tracking 1284842 as yet unmatched pairs. 29650 records in RAM.
INFO	2024-07-03 09:26:47	MarkDuplicates	Read    60,000,000 records.  Elapsed time: 00:04:06s.  Time for last 1,000,000:    3s.  Last read position: NC_045542.1_RagTag:136,499,703
INFO	2024-07-03 09:26:47	MarkDuplicates	Tracking 1307921 as yet unmatched pairs. 24644 records in RAM.
INFO	2024-07-03 09:26:50	MarkDuplicates	Read    61,000,000 records.  Elapsed time: 00:04:09s.  Time for last 1,000,000:    3s.  Last read position: NC_045542.1_RagTag:141,682,239
INFO	2024-07-03 09:26:50	MarkDuplicates	Tracking 1333619 as yet unmatched pairs. 19788 records in RAM.
INFO	2024-07-03 09:26:54	MarkDuplicates	Read    62,000,000 records.  Elapsed time: 00:04:13s.  Time for last 1,000,000:    3s.  Last read position: NC_045542.1_RagTag:146,820,702
INFO	2024-07-03 09:26:54	MarkDuplicates	Tracking 1366015 as yet unmatched pairs. 13588 records in RAM.
INFO	2024-07-03 09:26:57	MarkDuplicates	Read    63,000,000 records.  Elapsed time: 00:04:16s.  Time for last 1,000,000:    3s.  Last read position: NC_045542.1_RagTag:152,111,206
INFO	2024-07-03 09:26:57	MarkDuplicates	Tracking 1397502 as yet unmatched pairs. 8700 records in RAM.
INFO	2024-07-03 09:27:01	MarkDuplicates	Read    64,000,000 records.  Elapsed time: 00:04:20s.  Time for last 1,000,000:    3s.  Last read position: NC_045542.1_RagTag:157,509,648
INFO	2024-07-03 09:27:01	MarkDuplicates	Tracking 1430376 as yet unmatched pairs. 2375 records in RAM.
INFO	2024-07-03 09:27:06	MarkDuplicates	Read    65,000,000 records.  Elapsed time: 00:04:25s.  Time for last 1,000,000:    5s.  Last read position: NC_045543.1_RagTag:3,469,791
INFO	2024-07-03 09:27:06	MarkDuplicates	Tracking 1457740 as yet unmatched pairs. 101520 records in RAM.
INFO	2024-07-03 09:27:09	MarkDuplicates	Read    66,000,000 records.  Elapsed time: 00:04:28s.  Time for last 1,000,000:    3s.  Last read position: NC_045543.1_RagTag:8,501,676
INFO	2024-07-03 09:27:09	MarkDuplicates	Tracking 1472410 as yet unmatched pairs. 98714 records in RAM.
INFO	2024-07-03 09:27:13	MarkDuplicates	Read    67,000,000 records.  Elapsed time: 00:04:32s.  Time for last 1,000,000:    3s.  Last read position: NC_045543.1_RagTag:13,843,412
INFO	2024-07-03 09:27:13	MarkDuplicates	Tracking 1486582 as yet unmatched pairs. 96182 records in RAM.
INFO	2024-07-03 09:27:16	MarkDuplicates	Read    68,000,000 records.  Elapsed time: 00:04:35s.  Time for last 1,000,000:    3s.  Last read position: NC_045543.1_RagTag:18,994,832
INFO	2024-07-03 09:27:16	MarkDuplicates	Tracking 1501730 as yet unmatched pairs. 92951 records in RAM.
INFO	2024-07-03 09:27:19	MarkDuplicates	Read    69,000,000 records.  Elapsed time: 00:04:38s.  Time for last 1,000,000:    3s.  Last read position: NC_045543.1_RagTag:24,325,965
INFO	2024-07-03 09:27:19	MarkDuplicates	Tracking 1518478 as yet unmatched pairs. 89112 records in RAM.
INFO	2024-07-03 09:27:23	MarkDuplicates	Read    70,000,000 records.  Elapsed time: 00:04:42s.  Time for last 1,000,000:    3s.  Last read position: NC_045543.1_RagTag:29,285,174
INFO	2024-07-03 09:27:23	MarkDuplicates	Tracking 1537222 as yet unmatched pairs. 84841 records in RAM.
INFO	2024-07-03 09:27:26	MarkDuplicates	Read    71,000,000 records.  Elapsed time: 00:04:45s.  Time for last 1,000,000:    3s.  Last read position: NC_045543.1_RagTag:34,625,114
INFO	2024-07-03 09:27:26	MarkDuplicates	Tracking 1552702 as yet unmatched pairs. 80937 records in RAM.
INFO	2024-07-03 09:27:29	MarkDuplicates	Read    72,000,000 records.  Elapsed time: 00:04:48s.  Time for last 1,000,000:    3s.  Last read position: NC_045543.1_RagTag:39,943,092
INFO	2024-07-03 09:27:29	MarkDuplicates	Tracking 1565303 as yet unmatched pairs. 77495 records in RAM.
INFO	2024-07-03 09:27:45	MarkDuplicates	Read    73,000,000 records.  Elapsed time: 00:05:04s.  Time for last 1,000,000:   15s.  Last read position: NC_045543.1_RagTag:45,227,561
INFO	2024-07-03 09:27:45	MarkDuplicates	Tracking 1580201 as yet unmatched pairs. 73422 records in RAM.
INFO	2024-07-03 09:27:48	MarkDuplicates	Read    74,000,000 records.  Elapsed time: 00:05:07s.  Time for last 1,000,000:    3s.  Last read position: NC_045543.1_RagTag:50,545,642
INFO	2024-07-03 09:27:48	MarkDuplicates	Tracking 1594763 as yet unmatched pairs. 69679 records in RAM.
INFO	2024-07-03 09:27:52	MarkDuplicates	Read    75,000,000 records.  Elapsed time: 00:05:11s.  Time for last 1,000,000:    3s.  Last read position: NC_045543.1_RagTag:55,783,829
INFO	2024-07-03 09:27:52	MarkDuplicates	Tracking 1607004 as yet unmatched pairs. 66434 records in RAM.
INFO	2024-07-03 09:27:55	MarkDuplicates	Read    76,000,000 records.  Elapsed time: 00:05:14s.  Time for last 1,000,000:    3s.  Last read position: NC_045543.1_RagTag:61,070,445
INFO	2024-07-03 09:27:55	MarkDuplicates	Tracking 1619023 as yet unmatched pairs. 62892 records in RAM.
INFO	2024-07-03 09:27:58	MarkDuplicates	Read    77,000,000 records.  Elapsed time: 00:05:17s.  Time for last 1,000,000:    3s.  Last read position: NC_045543.1_RagTag:66,380,465
INFO	2024-07-03 09:27:58	MarkDuplicates	Tracking 1632214 as yet unmatched pairs. 59148 records in RAM.
INFO	2024-07-03 09:28:01	MarkDuplicates	Read    78,000,000 records.  Elapsed time: 00:05:20s.  Time for last 1,000,000:    3s.  Last read position: NC_045543.1_RagTag:71,620,481
INFO	2024-07-03 09:28:01	MarkDuplicates	Tracking 1643557 as yet unmatched pairs. 55480 records in RAM.
INFO	2024-07-03 09:28:05	MarkDuplicates	Read    79,000,000 records.  Elapsed time: 00:05:24s.  Time for last 1,000,000:    3s.  Last read position: NC_045543.1_RagTag:76,906,556
INFO	2024-07-03 09:28:05	MarkDuplicates	Tracking 1655220 as yet unmatched pairs. 51484 records in RAM.
INFO	2024-07-03 09:28:08	MarkDuplicates	Read    80,000,000 records.  Elapsed time: 00:05:27s.  Time for last 1,000,000:    3s.  Last read position: NC_045543.1_RagTag:82,481,449
INFO	2024-07-03 09:28:08	MarkDuplicates	Tracking 1669446 as yet unmatched pairs. 46275 records in RAM.
INFO	2024-07-03 09:28:12	MarkDuplicates	Read    81,000,000 records.  Elapsed time: 00:05:31s.  Time for last 1,000,000:    3s.  Last read position: NC_045543.1_RagTag:87,708,805
INFO	2024-07-03 09:28:12	MarkDuplicates	Tracking 1686489 as yet unmatched pairs. 40577 records in RAM.
INFO	2024-07-03 09:28:15	MarkDuplicates	Read    82,000,000 records.  Elapsed time: 00:05:34s.  Time for last 1,000,000:    3s.  Last read position: NC_045543.1_RagTag:93,007,637
INFO	2024-07-03 09:28:15	MarkDuplicates	Tracking 1705963 as yet unmatched pairs. 33963 records in RAM.
INFO	2024-07-03 09:28:20	MarkDuplicates	Read    83,000,000 records.  Elapsed time: 00:05:39s.  Time for last 1,000,000:    5s.  Last read position: NC_045543.1_RagTag:98,073,182
INFO	2024-07-03 09:28:20	MarkDuplicates	Tracking 1735041 as yet unmatched pairs. 25039 records in RAM.
INFO	2024-07-03 09:28:24	MarkDuplicates	Read    84,000,000 records.  Elapsed time: 00:05:43s.  Time for last 1,000,000:    3s.  Last read position: NC_045543.1_RagTag:103,072,561
INFO	2024-07-03 09:28:24	MarkDuplicates	Tracking 1781593 as yet unmatched pairs. 11931 records in RAM.
INFO	2024-07-03 09:28:27	MarkDuplicates	Read    85,000,000 records.  Elapsed time: 00:05:46s.  Time for last 1,000,000:    3s.  Last read position: NC_045543.1_RagTag:108,927,228
INFO	2024-07-03 09:28:27	MarkDuplicates	Tracking 1816717 as yet unmatched pairs. 973 records in RAM.
INFO	2024-07-03 09:28:33	MarkDuplicates	Read    86,000,000 records.  Elapsed time: 00:05:52s.  Time for last 1,000,000:    6s.  Last read position: NC_045544.1_RagTag:5,131,558
INFO	2024-07-03 09:28:33	MarkDuplicates	Tracking 1833585 as yet unmatched pairs. 185184 records in RAM.
INFO	2024-07-03 09:28:37	MarkDuplicates	Read    87,000,000 records.  Elapsed time: 00:05:56s.  Time for last 1,000,000:    3s.  Last read position: NC_045544.1_RagTag:10,400,554
INFO	2024-07-03 09:28:37	MarkDuplicates	Tracking 1846966 as yet unmatched pairs. 181162 records in RAM.
INFO	2024-07-03 09:28:40	MarkDuplicates	Read    88,000,000 records.  Elapsed time: 00:05:59s.  Time for last 1,000,000:    3s.  Last read position: NC_045544.1_RagTag:15,559,138
INFO	2024-07-03 09:28:40	MarkDuplicates	Tracking 1860327 as yet unmatched pairs. 176954 records in RAM.
INFO	2024-07-03 09:28:43	MarkDuplicates	Read    89,000,000 records.  Elapsed time: 00:06:03s.  Time for last 1,000,000:    3s.  Last read position: NC_045544.1_RagTag:20,817,862
INFO	2024-07-03 09:28:43	MarkDuplicates	Tracking 1875573 as yet unmatched pairs. 171745 records in RAM.
INFO	2024-07-03 09:28:47	MarkDuplicates	Read    90,000,000 records.  Elapsed time: 00:06:06s.  Time for last 1,000,000:    3s.  Last read position: NC_045544.1_RagTag:25,943,913
INFO	2024-07-03 09:28:47	MarkDuplicates	Tracking 1889648 as yet unmatched pairs. 166591 records in RAM.
INFO	2024-07-03 09:28:50	MarkDuplicates	Read    91,000,000 records.  Elapsed time: 00:06:09s.  Time for last 1,000,000:    3s.  Last read position: NC_045544.1_RagTag:31,092,053
INFO	2024-07-03 09:28:50	MarkDuplicates	Tracking 1902169 as yet unmatched pairs. 162181 records in RAM.
INFO	2024-07-03 09:28:54	MarkDuplicates	Read    92,000,000 records.  Elapsed time: 00:06:13s.  Time for last 1,000,000:    3s.  Last read position: NC_045544.1_RagTag:36,046,974
INFO	2024-07-03 09:28:54	MarkDuplicates	Tracking 1914295 as yet unmatched pairs. 157086 records in RAM.
INFO	2024-07-03 09:28:57	MarkDuplicates	Read    93,000,000 records.  Elapsed time: 00:06:16s.  Time for last 1,000,000:    3s.  Last read position: NC_045544.1_RagTag:41,321,798
INFO	2024-07-03 09:28:57	MarkDuplicates	Tracking 1926814 as yet unmatched pairs. 151865 records in RAM.
INFO	2024-07-03 09:29:01	MarkDuplicates	Read    94,000,000 records.  Elapsed time: 00:06:20s.  Time for last 1,000,000:    3s.  Last read position: NC_045544.1_RagTag:46,459,501
INFO	2024-07-03 09:29:01	MarkDuplicates	Tracking 1940015 as yet unmatched pairs. 146396 records in RAM.
INFO	2024-07-03 09:29:04	MarkDuplicates	Read    95,000,000 records.  Elapsed time: 00:06:23s.  Time for last 1,000,000:    3s.  Last read position: NC_045544.1_RagTag:51,670,308
INFO	2024-07-03 09:29:04	MarkDuplicates	Tracking 1953098 as yet unmatched pairs. 140715 records in RAM.
INFO	2024-07-03 09:29:07	MarkDuplicates	Read    96,000,000 records.  Elapsed time: 00:06:26s.  Time for last 1,000,000:    3s.  Last read position: NC_045544.1_RagTag:56,905,295
INFO	2024-07-03 09:29:07	MarkDuplicates	Tracking 1963481 as yet unmatched pairs. 135950 records in RAM.
INFO	2024-07-03 09:29:11	MarkDuplicates	Read    97,000,000 records.  Elapsed time: 00:06:30s.  Time for last 1,000,000:    3s.  Last read position: NC_045544.1_RagTag:62,234,116
INFO	2024-07-03 09:29:11	MarkDuplicates	Tracking 1974809 as yet unmatched pairs. 130517 records in RAM.
INFO	2024-07-03 09:29:27	MarkDuplicates	Read    98,000,000 records.  Elapsed time: 00:06:46s.  Time for last 1,000,000:   16s.  Last read position: NC_045544.1_RagTag:67,521,098
INFO	2024-07-03 09:29:27	MarkDuplicates	Tracking 1985281 as yet unmatched pairs. 125185 records in RAM.
INFO	2024-07-03 09:29:30	MarkDuplicates	Read    99,000,000 records.  Elapsed time: 00:06:49s.  Time for last 1,000,000:    3s.  Last read position: NC_045544.1_RagTag:72,683,912
INFO	2024-07-03 09:29:30	MarkDuplicates	Tracking 1995425 as yet unmatched pairs. 119768 records in RAM.
INFO	2024-07-03 09:29:50	MarkDuplicates	Read   100,000,000 records.  Elapsed time: 00:07:09s.  Time for last 1,000,000:   20s.  Last read position: NC_045544.1_RagTag:77,906,141
INFO	2024-07-03 09:29:50	MarkDuplicates	Tracking 2005562 as yet unmatched pairs. 114271 records in RAM.
INFO	2024-07-03 09:29:54	MarkDuplicates	Read   101,000,000 records.  Elapsed time: 00:07:13s.  Time for last 1,000,000:    3s.  Last read position: NC_045544.1_RagTag:83,189,776
INFO	2024-07-03 09:29:54	MarkDuplicates	Tracking 2016488 as yet unmatched pairs. 108734 records in RAM.
INFO	2024-07-03 09:29:57	MarkDuplicates	Read   102,000,000 records.  Elapsed time: 00:07:16s.  Time for last 1,000,000:    3s.  Last read position: NC_045544.1_RagTag:88,335,600
INFO	2024-07-03 09:29:57	MarkDuplicates	Tracking 2026714 as yet unmatched pairs. 102900 records in RAM.
INFO	2024-07-03 09:30:00	MarkDuplicates	Read   103,000,000 records.  Elapsed time: 00:07:19s.  Time for last 1,000,000:    3s.  Last read position: NC_045544.1_RagTag:93,605,475
INFO	2024-07-03 09:30:00	MarkDuplicates	Tracking 2036606 as yet unmatched pairs. 97472 records in RAM.
INFO	2024-07-03 09:30:04	MarkDuplicates	Read   104,000,000 records.  Elapsed time: 00:07:23s.  Time for last 1,000,000:    3s.  Last read position: NC_045544.1_RagTag:98,700,431
INFO	2024-07-03 09:30:04	MarkDuplicates	Tracking 2045867 as yet unmatched pairs. 92198 records in RAM.
INFO	2024-07-03 09:30:07	MarkDuplicates	Read   105,000,000 records.  Elapsed time: 00:07:26s.  Time for last 1,000,000:    3s.  Last read position: NC_045544.1_RagTag:103,812,664
INFO	2024-07-03 09:30:07	MarkDuplicates	Tracking 2054751 as yet unmatched pairs. 87065 records in RAM.
INFO	2024-07-03 09:30:10	MarkDuplicates	Read   106,000,000 records.  Elapsed time: 00:07:29s.  Time for last 1,000,000:    3s.  Last read position: NC_045544.1_RagTag:109,050,053
INFO	2024-07-03 09:30:10	MarkDuplicates	Tracking 2062593 as yet unmatched pairs. 81644 records in RAM.
INFO	2024-07-03 09:30:13	MarkDuplicates	Read   107,000,000 records.  Elapsed time: 00:07:33s.  Time for last 1,000,000:    3s.  Last read position: NC_045544.1_RagTag:114,186,532
INFO	2024-07-03 09:30:13	MarkDuplicates	Tracking 2071803 as yet unmatched pairs. 76109 records in RAM.
INFO	2024-07-03 09:30:17	MarkDuplicates	Read   108,000,000 records.  Elapsed time: 00:07:36s.  Time for last 1,000,000:    3s.  Last read position: NC_045544.1_RagTag:119,456,418
INFO	2024-07-03 09:30:17	MarkDuplicates	Tracking 2079819 as yet unmatched pairs. 70739 records in RAM.
INFO	2024-07-03 09:30:20	MarkDuplicates	Read   109,000,000 records.  Elapsed time: 00:07:39s.  Time for last 1,000,000:    3s.  Last read position: NC_045544.1_RagTag:124,739,729
INFO	2024-07-03 09:30:20	MarkDuplicates	Tracking 2088851 as yet unmatched pairs. 64616 records in RAM.
INFO	2024-07-03 09:30:23	MarkDuplicates	Read   110,000,000 records.  Elapsed time: 00:07:43s.  Time for last 1,000,000:    3s.  Last read position: NC_045544.1_RagTag:130,160,254
INFO	2024-07-03 09:30:23	MarkDuplicates	Tracking 2102998 as yet unmatched pairs. 56024 records in RAM.
INFO	2024-07-03 09:30:27	MarkDuplicates	Read   111,000,000 records.  Elapsed time: 00:07:46s.  Time for last 1,000,000:    3s.  Last read position: NC_045544.1_RagTag:135,522,623
INFO	2024-07-03 09:30:27	MarkDuplicates	Tracking 2111955 as yet unmatched pairs. 49497 records in RAM.
INFO	2024-07-03 09:30:30	MarkDuplicates	Read   112,000,000 records.  Elapsed time: 00:07:49s.  Time for last 1,000,000:    3s.  Last read position: NC_045544.1_RagTag:140,699,537
INFO	2024-07-03 09:30:30	MarkDuplicates	Tracking 2122844 as yet unmatched pairs. 41305 records in RAM.
INFO	2024-07-03 09:30:34	MarkDuplicates	Read   113,000,000 records.  Elapsed time: 00:07:53s.  Time for last 1,000,000:    3s.  Last read position: NC_045544.1_RagTag:146,121,210
INFO	2024-07-03 09:30:34	MarkDuplicates	Tracking 2136495 as yet unmatched pairs. 31403 records in RAM.
INFO	2024-07-03 09:30:37	MarkDuplicates	Read   114,000,000 records.  Elapsed time: 00:07:56s.  Time for last 1,000,000:    3s.  Last read position: NC_045544.1_RagTag:151,613,910
INFO	2024-07-03 09:30:37	MarkDuplicates	Tracking 2155465 as yet unmatched pairs. 18299 records in RAM.
INFO	2024-07-03 09:30:41	MarkDuplicates	Read   115,000,000 records.  Elapsed time: 00:08:00s.  Time for last 1,000,000:    3s.  Last read position: NC_045544.1_RagTag:158,029,991
INFO	2024-07-03 09:30:41	MarkDuplicates	Tracking 2184065 as yet unmatched pairs. 3265 records in RAM.
INFO	2024-07-03 09:30:48	MarkDuplicates	Read   116,000,000 records.  Elapsed time: 00:08:07s.  Time for last 1,000,000:    7s.  Last read position: NC_045545.1_RagTag:3,593,503
INFO	2024-07-03 09:30:48	MarkDuplicates	Tracking 2199394 as yet unmatched pairs. 143719 records in RAM.
INFO	2024-07-03 09:30:51	MarkDuplicates	Read   117,000,000 records.  Elapsed time: 00:08:10s.  Time for last 1,000,000:    3s.  Last read position: NC_045545.1_RagTag:8,895,692
INFO	2024-07-03 09:30:51	MarkDuplicates	Tracking 2208551 as yet unmatched pairs. 136411 records in RAM.
INFO	2024-07-03 09:30:55	MarkDuplicates	Read   118,000,000 records.  Elapsed time: 00:08:14s.  Time for last 1,000,000:    3s.  Last read position: NC_045545.1_RagTag:14,170,067
INFO	2024-07-03 09:30:55	MarkDuplicates	Tracking 2216643 as yet unmatched pairs. 129530 records in RAM.
INFO	2024-07-03 09:30:58	MarkDuplicates	Read   119,000,000 records.  Elapsed time: 00:08:17s.  Time for last 1,000,000:    3s.  Last read position: NC_045545.1_RagTag:19,416,231
INFO	2024-07-03 09:30:58	MarkDuplicates	Tracking 2224139 as yet unmatched pairs. 122674 records in RAM.
INFO	2024-07-03 09:31:01	MarkDuplicates	Read   120,000,000 records.  Elapsed time: 00:08:20s.  Time for last 1,000,000:    3s.  Last read position: NC_045545.1_RagTag:24,691,013
INFO	2024-07-03 09:31:01	MarkDuplicates	Tracking 2231810 as yet unmatched pairs. 115992 records in RAM.
INFO	2024-07-03 09:31:05	MarkDuplicates	Read   121,000,000 records.  Elapsed time: 00:08:24s.  Time for last 1,000,000:    3s.  Last read position: NC_045545.1_RagTag:29,846,823
INFO	2024-07-03 09:31:05	MarkDuplicates	Tracking 2239031 as yet unmatched pairs. 109389 records in RAM.
INFO	2024-07-03 09:31:20	MarkDuplicates	Read   122,000,000 records.  Elapsed time: 00:08:40s.  Time for last 1,000,000:   15s.  Last read position: NC_045545.1_RagTag:35,159,436
INFO	2024-07-03 09:31:20	MarkDuplicates	Tracking 2245933 as yet unmatched pairs. 102722 records in RAM.
INFO	2024-07-03 09:31:24	MarkDuplicates	Read   123,000,000 records.  Elapsed time: 00:08:43s.  Time for last 1,000,000:    3s.  Last read position: NC_045545.1_RagTag:40,550,650
INFO	2024-07-03 09:31:24	MarkDuplicates	Tracking 2251959 as yet unmatched pairs. 96417 records in RAM.
INFO	2024-07-03 09:31:27	MarkDuplicates	Read   124,000,000 records.  Elapsed time: 00:08:46s.  Time for last 1,000,000:    3s.  Last read position: NC_045545.1_RagTag:45,696,530
INFO	2024-07-03 09:31:27	MarkDuplicates	Tracking 2257773 as yet unmatched pairs. 90067 records in RAM.
INFO	2024-07-03 09:31:30	MarkDuplicates	Read   125,000,000 records.  Elapsed time: 00:08:49s.  Time for last 1,000,000:    3s.  Last read position: NC_045545.1_RagTag:50,904,790
INFO	2024-07-03 09:31:30	MarkDuplicates	Tracking 2264038 as yet unmatched pairs. 84119 records in RAM.
INFO	2024-07-03 09:31:34	MarkDuplicates	Read   126,000,000 records.  Elapsed time: 00:08:53s.  Time for last 1,000,000:    3s.  Last read position: NC_045545.1_RagTag:56,238,987
INFO	2024-07-03 09:31:34	MarkDuplicates	Tracking 2270253 as yet unmatched pairs. 77500 records in RAM.
INFO	2024-07-03 09:31:37	MarkDuplicates	Read   127,000,000 records.  Elapsed time: 00:08:56s.  Time for last 1,000,000:    3s.  Last read position: NC_045545.1_RagTag:61,425,600
INFO	2024-07-03 09:31:37	MarkDuplicates	Tracking 2275484 as yet unmatched pairs. 70835 records in RAM.
INFO	2024-07-03 09:31:40	MarkDuplicates	Read   128,000,000 records.  Elapsed time: 00:09:00s.  Time for last 1,000,000:    3s.  Last read position: NC_045545.1_RagTag:66,701,436
INFO	2024-07-03 09:31:40	MarkDuplicates	Tracking 2282071 as yet unmatched pairs. 63371 records in RAM.
INFO	2024-07-03 09:31:44	MarkDuplicates	Read   129,000,000 records.  Elapsed time: 00:09:03s.  Time for last 1,000,000:    3s.  Last read position: NC_045545.1_RagTag:71,799,733
INFO	2024-07-03 09:31:44	MarkDuplicates	Tracking 2289487 as yet unmatched pairs. 54740 records in RAM.
INFO	2024-07-03 09:31:47	MarkDuplicates	Read   130,000,000 records.  Elapsed time: 00:09:06s.  Time for last 1,000,000:    3s.  Last read position: NC_045545.1_RagTag:76,801,586
INFO	2024-07-03 09:31:47	MarkDuplicates	Tracking 2300418 as yet unmatched pairs. 43764 records in RAM.
INFO	2024-07-03 09:31:51	MarkDuplicates	Read   131,000,000 records.  Elapsed time: 00:09:10s.  Time for last 1,000,000:    3s.  Last read position: NC_045545.1_RagTag:82,051,120
INFO	2024-07-03 09:31:51	MarkDuplicates	Tracking 2315413 as yet unmatched pairs. 29884 records in RAM.
INFO	2024-07-03 09:31:54	MarkDuplicates	Read   132,000,000 records.  Elapsed time: 00:09:13s.  Time for last 1,000,000:    3s.  Last read position: NC_045545.1_RagTag:88,043,359
INFO	2024-07-03 09:31:54	MarkDuplicates	Tracking 2335990 as yet unmatched pairs. 12275 records in RAM.
INFO	2024-07-03 09:32:01	MarkDuplicates	Read   133,000,000 records.  Elapsed time: 00:09:20s.  Time for last 1,000,000:    6s.  Last read position: NC_045546.1_RagTag:1,274,784
INFO	2024-07-03 09:32:01	MarkDuplicates	Tracking 2356314 as yet unmatched pairs. 204501 records in RAM.
INFO	2024-07-03 09:32:06	MarkDuplicates	Read   134,000,000 records.  Elapsed time: 00:09:25s.  Time for last 1,000,000:    5s.  Last read position: NC_045546.1_RagTag:7,565,605
INFO	2024-07-03 09:32:06	MarkDuplicates	Tracking 2382551 as yet unmatched pairs. 187155 records in RAM.
INFO	2024-07-03 09:32:10	MarkDuplicates	Read   135,000,000 records.  Elapsed time: 00:09:29s.  Time for last 1,000,000:    3s.  Last read position: NC_045546.1_RagTag:13,053,072
INFO	2024-07-03 09:32:10	MarkDuplicates	Tracking 2398661 as yet unmatched pairs. 172250 records in RAM.
INFO	2024-07-03 09:32:13	MarkDuplicates	Read   136,000,000 records.  Elapsed time: 00:09:32s.  Time for last 1,000,000:    3s.  Last read position: NC_045546.1_RagTag:18,391,660
INFO	2024-07-03 09:32:13	MarkDuplicates	Tracking 2408907 as yet unmatched pairs. 159606 records in RAM.
INFO	2024-07-03 09:32:16	MarkDuplicates	Read   137,000,000 records.  Elapsed time: 00:09:36s.  Time for last 1,000,000:    3s.  Last read position: NC_045546.1_RagTag:23,608,110
INFO	2024-07-03 09:32:16	MarkDuplicates	Tracking 2414524 as yet unmatched pairs. 149885 records in RAM.
INFO	2024-07-03 09:32:20	MarkDuplicates	Read   138,000,000 records.  Elapsed time: 00:09:39s.  Time for last 1,000,000:    3s.  Last read position: NC_045546.1_RagTag:28,921,771
INFO	2024-07-03 09:32:20	MarkDuplicates	Tracking 2419062 as yet unmatched pairs. 141865 records in RAM.
INFO	2024-07-03 09:32:23	MarkDuplicates	Read   139,000,000 records.  Elapsed time: 00:09:42s.  Time for last 1,000,000:    3s.  Last read position: NC_045546.1_RagTag:34,179,104
INFO	2024-07-03 09:32:23	MarkDuplicates	Tracking 2423769 as yet unmatched pairs. 134550 records in RAM.
INFO	2024-07-03 09:32:26	MarkDuplicates	Read   140,000,000 records.  Elapsed time: 00:09:45s.  Time for last 1,000,000:    3s.  Last read position: NC_045546.1_RagTag:39,459,663
INFO	2024-07-03 09:32:26	MarkDuplicates	Tracking 2428227 as yet unmatched pairs. 127523 records in RAM.
INFO	2024-07-03 09:32:30	MarkDuplicates	Read   141,000,000 records.  Elapsed time: 00:09:49s.  Time for last 1,000,000:    3s.  Last read position: NC_045546.1_RagTag:44,874,722
INFO	2024-07-03 09:32:30	MarkDuplicates	Tracking 2434347 as yet unmatched pairs. 119392 records in RAM.
INFO	2024-07-03 09:32:33	MarkDuplicates	Read   142,000,000 records.  Elapsed time: 00:09:52s.  Time for last 1,000,000:    3s.  Last read position: NC_045546.1_RagTag:50,212,801
INFO	2024-07-03 09:32:33	MarkDuplicates	Tracking 2439581 as yet unmatched pairs. 111649 records in RAM.
INFO	2024-07-03 09:32:36	MarkDuplicates	Read   143,000,000 records.  Elapsed time: 00:09:56s.  Time for last 1,000,000:    3s.  Last read position: NC_045546.1_RagTag:55,410,453
INFO	2024-07-03 09:32:36	MarkDuplicates	Tracking 2444723 as yet unmatched pairs. 103639 records in RAM.
INFO	2024-07-03 09:32:40	MarkDuplicates	Read   144,000,000 records.  Elapsed time: 00:09:59s.  Time for last 1,000,000:    3s.  Last read position: NC_045546.1_RagTag:60,718,857
INFO	2024-07-03 09:32:40	MarkDuplicates	Tracking 2452951 as yet unmatched pairs. 94329 records in RAM.
INFO	2024-07-03 09:32:44	MarkDuplicates	Read   145,000,000 records.  Elapsed time: 00:10:03s.  Time for last 1,000,000:    3s.  Last read position: NC_045546.1_RagTag:65,909,108
INFO	2024-07-03 09:32:44	MarkDuplicates	Tracking 2466737 as yet unmatched pairs. 82607 records in RAM.
INFO	2024-07-03 09:32:47	MarkDuplicates	Read   146,000,000 records.  Elapsed time: 00:10:06s.  Time for last 1,000,000:    3s.  Last read position: NC_045546.1_RagTag:71,048,760
INFO	2024-07-03 09:32:47	MarkDuplicates	Tracking 2492601 as yet unmatched pairs. 69931 records in RAM.
INFO	2024-07-03 09:33:03	MarkDuplicates	Read   147,000,000 records.  Elapsed time: 00:10:22s.  Time for last 1,000,000:   16s.  Last read position: NC_045546.1_RagTag:76,221,944
INFO	2024-07-03 09:33:03	MarkDuplicates	Tracking 2504001 as yet unmatched pairs. 56360 records in RAM.
INFO	2024-07-03 09:33:07	MarkDuplicates	Read   148,000,000 records.  Elapsed time: 00:10:26s.  Time for last 1,000,000:    3s.  Last read position: NC_045546.1_RagTag:81,417,372
INFO	2024-07-03 09:33:07	MarkDuplicates	Tracking 2510378 as yet unmatched pairs. 46022 records in RAM.
INFO	2024-07-03 09:33:26	MarkDuplicates	Read   149,000,000 records.  Elapsed time: 00:10:45s.  Time for last 1,000,000:   19s.  Last read position: NC_045546.1_RagTag:86,458,103
INFO	2024-07-03 09:33:26	MarkDuplicates	Tracking 2515881 as yet unmatched pairs. 34625 records in RAM.
INFO	2024-07-03 09:33:29	MarkDuplicates	Read   150,000,000 records.  Elapsed time: 00:10:48s.  Time for last 1,000,000:    3s.  Last read position: NC_045546.1_RagTag:91,547,370
INFO	2024-07-03 09:33:29	MarkDuplicates	Tracking 2520310 as yet unmatched pairs. 25269 records in RAM.
INFO	2024-07-03 09:33:33	MarkDuplicates	Read   151,000,000 records.  Elapsed time: 00:10:52s.  Time for last 1,000,000:    3s.  Last read position: NC_045546.1_RagTag:96,646,037
INFO	2024-07-03 09:33:33	MarkDuplicates	Tracking 2523944 as yet unmatched pairs. 15348 records in RAM.
INFO	2024-07-03 09:33:37	MarkDuplicates	Read   152,000,000 records.  Elapsed time: 00:10:56s.  Time for last 1,000,000:    4s.  Last read position: NC_045546.1_RagTag:101,870,945
INFO	2024-07-03 09:33:37	MarkDuplicates	Tracking 2528232 as yet unmatched pairs. 3681 records in RAM.
INFO	2024-07-03 09:33:44	MarkDuplicates	Read   153,000,000 records.  Elapsed time: 00:11:03s.  Time for last 1,000,000:    6s.  Last read position: NC_045547.1_RagTag:4,409,616
INFO	2024-07-03 09:33:44	MarkDuplicates	Tracking 2540954 as yet unmatched pairs. 234584 records in RAM.
INFO	2024-07-03 09:33:47	MarkDuplicates	Read   154,000,000 records.  Elapsed time: 00:11:06s.  Time for last 1,000,000:    3s.  Last read position: NC_045547.1_RagTag:9,934,339
INFO	2024-07-03 09:33:47	MarkDuplicates	Tracking 2556459 as yet unmatched pairs. 215826 records in RAM.
INFO	2024-07-03 09:33:51	MarkDuplicates	Read   155,000,000 records.  Elapsed time: 00:11:10s.  Time for last 1,000,000:    3s.  Last read position: NC_045547.1_RagTag:15,355,472
INFO	2024-07-03 09:33:51	MarkDuplicates	Tracking 2563412 as yet unmatched pairs. 200767 records in RAM.
INFO	2024-07-03 09:33:54	MarkDuplicates	Read   156,000,000 records.  Elapsed time: 00:11:13s.  Time for last 1,000,000:    3s.  Last read position: NC_045547.1_RagTag:20,542,947
INFO	2024-07-03 09:33:54	MarkDuplicates	Tracking 2568213 as yet unmatched pairs. 188679 records in RAM.
INFO	2024-07-03 09:33:57	MarkDuplicates	Read   157,000,000 records.  Elapsed time: 00:11:17s.  Time for last 1,000,000:    3s.  Last read position: NC_045547.1_RagTag:25,829,989
INFO	2024-07-03 09:33:57	MarkDuplicates	Tracking 2571921 as yet unmatched pairs. 178122 records in RAM.
INFO	2024-07-03 09:34:01	MarkDuplicates	Read   158,000,000 records.  Elapsed time: 00:11:20s.  Time for last 1,000,000:    3s.  Last read position: NC_045547.1_RagTag:31,001,738
INFO	2024-07-03 09:34:01	MarkDuplicates	Tracking 2574230 as yet unmatched pairs. 168879 records in RAM.
INFO	2024-07-03 09:34:04	MarkDuplicates	Read   159,000,000 records.  Elapsed time: 00:11:23s.  Time for last 1,000,000:    3s.  Last read position: NC_045547.1_RagTag:36,096,363
INFO	2024-07-03 09:34:04	MarkDuplicates	Tracking 2576484 as yet unmatched pairs. 159955 records in RAM.
INFO	2024-07-03 09:34:07	MarkDuplicates	Read   160,000,000 records.  Elapsed time: 00:11:26s.  Time for last 1,000,000:    3s.  Last read position: NC_045547.1_RagTag:41,431,779
INFO	2024-07-03 09:34:07	MarkDuplicates	Tracking 2578873 as yet unmatched pairs. 150651 records in RAM.
INFO	2024-07-03 09:34:10	MarkDuplicates	Read   161,000,000 records.  Elapsed time: 00:11:30s.  Time for last 1,000,000:    3s.  Last read position: NC_045547.1_RagTag:46,673,968
INFO	2024-07-03 09:34:10	MarkDuplicates	Tracking 2581629 as yet unmatched pairs. 141208 records in RAM.
INFO	2024-07-03 09:34:14	MarkDuplicates	Read   162,000,000 records.  Elapsed time: 00:11:33s.  Time for last 1,000,000:    3s.  Last read position: NC_045547.1_RagTag:52,086,137
INFO	2024-07-03 09:34:14	MarkDuplicates	Tracking 2586625 as yet unmatched pairs. 128614 records in RAM.
INFO	2024-07-03 09:34:18	MarkDuplicates	Read   163,000,000 records.  Elapsed time: 00:11:37s.  Time for last 1,000,000:    3s.  Last read position: NC_045547.1_RagTag:57,569,019
INFO	2024-07-03 09:34:18	MarkDuplicates	Tracking 2593614 as yet unmatched pairs. 113216 records in RAM.
INFO	2024-07-03 09:34:21	MarkDuplicates	Read   164,000,000 records.  Elapsed time: 00:11:40s.  Time for last 1,000,000:    3s.  Last read position: NC_045547.1_RagTag:62,347,288
INFO	2024-07-03 09:34:21	MarkDuplicates	Tracking 2600999 as yet unmatched pairs. 95195 records in RAM.
INFO	2024-07-03 09:34:25	MarkDuplicates	Read   165,000,000 records.  Elapsed time: 00:11:44s.  Time for last 1,000,000:    3s.  Last read position: NC_045547.1_RagTag:67,211,928
INFO	2024-07-03 09:34:25	MarkDuplicates	Tracking 2604623 as yet unmatched pairs. 80543 records in RAM.
INFO	2024-07-03 09:34:28	MarkDuplicates	Read   166,000,000 records.  Elapsed time: 00:11:47s.  Time for last 1,000,000:    3s.  Last read position: NC_045547.1_RagTag:72,429,877
INFO	2024-07-03 09:34:28	MarkDuplicates	Tracking 2606079 as yet unmatched pairs. 69290 records in RAM.
INFO	2024-07-03 09:34:32	MarkDuplicates	Read   167,000,000 records.  Elapsed time: 00:11:51s.  Time for last 1,000,000:    3s.  Last read position: NC_045547.1_RagTag:77,648,201
INFO	2024-07-03 09:34:32	MarkDuplicates	Tracking 2608831 as yet unmatched pairs. 52837 records in RAM.
INFO	2024-07-03 09:34:35	MarkDuplicates	Read   168,000,000 records.  Elapsed time: 00:11:54s.  Time for last 1,000,000:    3s.  Last read position: NC_045547.1_RagTag:83,092,062
INFO	2024-07-03 09:34:35	MarkDuplicates	Tracking 2614736 as yet unmatched pairs. 33435 records in RAM.
INFO	2024-07-03 09:34:39	MarkDuplicates	Read   169,000,000 records.  Elapsed time: 00:11:58s.  Time for last 1,000,000:    3s.  Last read position: NC_045547.1_RagTag:88,919,554
INFO	2024-07-03 09:34:39	MarkDuplicates	Tracking 2626690 as yet unmatched pairs. 10323 records in RAM.
INFO	2024-07-03 09:34:45	MarkDuplicates	Read   170,000,000 records.  Elapsed time: 00:12:04s.  Time for last 1,000,000:    6s.  Last read position: NC_045548.1_RagTag:2,035,419
INFO	2024-07-03 09:34:45	MarkDuplicates	Tracking 2634466 as yet unmatched pairs. 184094 records in RAM.
INFO	2024-07-03 09:35:01	MarkDuplicates	Read   171,000,000 records.  Elapsed time: 00:12:20s.  Time for last 1,000,000:   15s.  Last read position: NC_045548.1_RagTag:7,286,628
INFO	2024-07-03 09:35:01	MarkDuplicates	Tracking 2635249 as yet unmatched pairs. 173776 records in RAM.
INFO	2024-07-03 09:35:04	MarkDuplicates	Read   172,000,000 records.  Elapsed time: 00:12:23s.  Time for last 1,000,000:    3s.  Last read position: NC_045548.1_RagTag:12,421,685
INFO	2024-07-03 09:35:04	MarkDuplicates	Tracking 2635510 as yet unmatched pairs. 162845 records in RAM.
INFO	2024-07-03 09:35:07	MarkDuplicates	Read   173,000,000 records.  Elapsed time: 00:12:27s.  Time for last 1,000,000:    3s.  Last read position: NC_045548.1_RagTag:17,562,281
INFO	2024-07-03 09:35:07	MarkDuplicates	Tracking 2635871 as yet unmatched pairs. 152630 records in RAM.
INFO	2024-07-03 09:35:11	MarkDuplicates	Read   174,000,000 records.  Elapsed time: 00:12:30s.  Time for last 1,000,000:    3s.  Last read position: NC_045548.1_RagTag:22,873,538
INFO	2024-07-03 09:35:11	MarkDuplicates	Tracking 2636051 as yet unmatched pairs. 142934 records in RAM.
INFO	2024-07-03 09:35:14	MarkDuplicates	Read   175,000,000 records.  Elapsed time: 00:12:33s.  Time for last 1,000,000:    3s.  Last read position: NC_045548.1_RagTag:28,028,269
INFO	2024-07-03 09:35:14	MarkDuplicates	Tracking 2635560 as yet unmatched pairs. 133215 records in RAM.
INFO	2024-07-03 09:35:17	MarkDuplicates	Read   176,000,000 records.  Elapsed time: 00:12:36s.  Time for last 1,000,000:    3s.  Last read position: NC_045548.1_RagTag:33,293,329
INFO	2024-07-03 09:35:17	MarkDuplicates	Tracking 2635316 as yet unmatched pairs. 123376 records in RAM.
INFO	2024-07-03 09:35:20	MarkDuplicates	Read   177,000,000 records.  Elapsed time: 00:12:40s.  Time for last 1,000,000:    3s.  Last read position: NC_045548.1_RagTag:38,573,070
INFO	2024-07-03 09:35:20	MarkDuplicates	Tracking 2634727 as yet unmatched pairs. 114206 records in RAM.
INFO	2024-07-03 09:35:24	MarkDuplicates	Read   178,000,000 records.  Elapsed time: 00:12:43s.  Time for last 1,000,000:    3s.  Last read position: NC_045548.1_RagTag:43,883,579
INFO	2024-07-03 09:35:24	MarkDuplicates	Tracking 2634392 as yet unmatched pairs. 104086 records in RAM.
INFO	2024-07-03 09:35:27	MarkDuplicates	Read   179,000,000 records.  Elapsed time: 00:12:46s.  Time for last 1,000,000:    3s.  Last read position: NC_045548.1_RagTag:49,168,161
INFO	2024-07-03 09:35:27	MarkDuplicates	Tracking 2634194 as yet unmatched pairs. 93210 records in RAM.
INFO	2024-07-03 09:35:30	MarkDuplicates	Read   180,000,000 records.  Elapsed time: 00:12:50s.  Time for last 1,000,000:    3s.  Last read position: NC_045548.1_RagTag:54,427,102
INFO	2024-07-03 09:35:30	MarkDuplicates	Tracking 2635250 as yet unmatched pairs. 78167 records in RAM.
INFO	2024-07-03 09:35:34	MarkDuplicates	Read   181,000,000 records.  Elapsed time: 00:12:53s.  Time for last 1,000,000:    3s.  Last read position: NC_045548.1_RagTag:59,839,269
INFO	2024-07-03 09:35:34	MarkDuplicates	Tracking 2636656 as yet unmatched pairs. 59211 records in RAM.
INFO	2024-07-03 09:35:38	MarkDuplicates	Read   182,000,000 records.  Elapsed time: 00:12:57s.  Time for last 1,000,000:    3s.  Last read position: NC_045548.1_RagTag:65,439,969
INFO	2024-07-03 09:35:38	MarkDuplicates	Tracking 2639953 as yet unmatched pairs. 33415 records in RAM.
INFO	2024-07-03 09:35:41	MarkDuplicates	Read   183,000,000 records.  Elapsed time: 00:13:00s.  Time for last 1,000,000:    3s.  Last read position: NC_045548.1_RagTag:71,499,545
INFO	2024-07-03 09:35:41	MarkDuplicates	Tracking 2647093 as yet unmatched pairs. 6338 records in RAM.
INFO	2024-07-03 09:35:53	MarkDuplicates	Read   184,000,000 records.  Elapsed time: 00:13:12s.  Time for last 1,000,000:   11s.  Last read position: NC_045549.1_RagTag:3,796,947
INFO	2024-07-03 09:35:53	MarkDuplicates	Tracking 2652497 as yet unmatched pairs. 425248 records in RAM.
INFO	2024-07-03 09:35:56	MarkDuplicates	Read   185,000,000 records.  Elapsed time: 00:13:16s.  Time for last 1,000,000:    3s.  Last read position: NC_045549.1_RagTag:8,583,213
INFO	2024-07-03 09:35:56	MarkDuplicates	Tracking 2657632 as yet unmatched pairs. 402520 records in RAM.
INFO	2024-07-03 09:36:00	MarkDuplicates	Read   186,000,000 records.  Elapsed time: 00:13:19s.  Time for last 1,000,000:    3s.  Last read position: NC_045549.1_RagTag:14,245,165
INFO	2024-07-03 09:36:00	MarkDuplicates	Tracking 2657161 as yet unmatched pairs. 383947 records in RAM.
INFO	2024-07-03 09:36:03	MarkDuplicates	Read   187,000,000 records.  Elapsed time: 00:13:22s.  Time for last 1,000,000:    3s.  Last read position: NC_045549.1_RagTag:19,539,909
INFO	2024-07-03 09:36:03	MarkDuplicates	Tracking 2655596 as yet unmatched pairs. 369082 records in RAM.
INFO	2024-07-03 09:36:07	MarkDuplicates	Read   188,000,000 records.  Elapsed time: 00:13:26s.  Time for last 1,000,000:    3s.  Last read position: NC_045549.1_RagTag:25,003,517
INFO	2024-07-03 09:36:07	MarkDuplicates	Tracking 2653600 as yet unmatched pairs. 357293 records in RAM.
INFO	2024-07-03 09:36:10	MarkDuplicates	Read   189,000,000 records.  Elapsed time: 00:13:29s.  Time for last 1,000,000:    3s.  Last read position: NC_045549.1_RagTag:30,250,201
INFO	2024-07-03 09:36:10	MarkDuplicates	Tracking 2651893 as yet unmatched pairs. 347492 records in RAM.
INFO	2024-07-03 09:36:13	MarkDuplicates	Read   190,000,000 records.  Elapsed time: 00:13:32s.  Time for last 1,000,000:    3s.  Last read position: NC_045549.1_RagTag:35,681,670
INFO	2024-07-03 09:36:13	MarkDuplicates	Tracking 2650457 as yet unmatched pairs. 336844 records in RAM.
INFO	2024-07-03 09:36:17	MarkDuplicates	Read   191,000,000 records.  Elapsed time: 00:13:36s.  Time for last 1,000,000:    3s.  Last read position: NC_045549.1_RagTag:41,002,616
INFO	2024-07-03 09:36:17	MarkDuplicates	Tracking 2648609 as yet unmatched pairs. 326792 records in RAM.
INFO	2024-07-03 09:36:20	MarkDuplicates	Read   192,000,000 records.  Elapsed time: 00:13:39s.  Time for last 1,000,000:    3s.  Last read position: NC_045549.1_RagTag:46,196,658
INFO	2024-07-03 09:36:20	MarkDuplicates	Tracking 2646822 as yet unmatched pairs. 316113 records in RAM.
INFO	2024-07-03 09:36:23	MarkDuplicates	Read   193,000,000 records.  Elapsed time: 00:13:42s.  Time for last 1,000,000:    3s.  Last read position: NC_045549.1_RagTag:51,710,174
INFO	2024-07-03 09:36:23	MarkDuplicates	Tracking 2645531 as yet unmatched pairs. 302835 records in RAM.
INFO	2024-07-03 09:36:27	MarkDuplicates	Read   194,000,000 records.  Elapsed time: 00:13:46s.  Time for last 1,000,000:    3s.  Last read position: NC_045549.1_RagTag:57,085,729
INFO	2024-07-03 09:36:27	MarkDuplicates	Tracking 2644895 as yet unmatched pairs. 284980 records in RAM.
INFO	2024-07-03 09:36:43	MarkDuplicates	Read   195,000,000 records.  Elapsed time: 00:14:02s.  Time for last 1,000,000:   16s.  Last read position: NC_045549.1_RagTag:62,619,113
INFO	2024-07-03 09:36:43	MarkDuplicates	Tracking 2644937 as yet unmatched pairs. 265743 records in RAM.
INFO	2024-07-03 09:36:46	MarkDuplicates	Read   196,000,000 records.  Elapsed time: 00:14:05s.  Time for last 1,000,000:    3s.  Last read position: NC_045549.1_RagTag:68,191,761
INFO	2024-07-03 09:36:46	MarkDuplicates	Tracking 2641922 as yet unmatched pairs. 251490 records in RAM.
INFO	2024-07-03 09:36:49	MarkDuplicates	Read   197,000,000 records.  Elapsed time: 00:14:09s.  Time for last 1,000,000:    3s.  Last read position: NC_045549.1_RagTag:73,407,133
INFO	2024-07-03 09:36:49	MarkDuplicates	Tracking 2639182 as yet unmatched pairs. 239439 records in RAM.
INFO	2024-07-03 09:37:09	MarkDuplicates	Read   198,000,000 records.  Elapsed time: 00:14:28s.  Time for last 1,000,000:   19s.  Last read position: NC_045549.1_RagTag:78,731,014
INFO	2024-07-03 09:37:09	MarkDuplicates	Tracking 2636204 as yet unmatched pairs. 227347 records in RAM.
INFO	2024-07-03 09:37:12	MarkDuplicates	Read   199,000,000 records.  Elapsed time: 00:14:31s.  Time for last 1,000,000:    3s.  Last read position: NC_045549.1_RagTag:83,970,498
INFO	2024-07-03 09:37:12	MarkDuplicates	Tracking 2633264 as yet unmatched pairs. 215698 records in RAM.
INFO	2024-07-03 09:37:15	MarkDuplicates	Read   200,000,000 records.  Elapsed time: 00:14:34s.  Time for last 1,000,000:    3s.  Last read position: NC_045549.1_RagTag:89,342,777
INFO	2024-07-03 09:37:15	MarkDuplicates	Tracking 2629229 as yet unmatched pairs. 196950 records in RAM.
INFO	2024-07-03 09:37:19	MarkDuplicates	Read   201,000,000 records.  Elapsed time: 00:14:38s.  Time for last 1,000,000:    3s.  Last read position: NC_045549.1_RagTag:94,667,419
INFO	2024-07-03 09:37:19	MarkDuplicates	Tracking 2625977 as yet unmatched pairs. 176016 records in RAM.
INFO	2024-07-03 09:37:22	MarkDuplicates	Read   202,000,000 records.  Elapsed time: 00:14:41s.  Time for last 1,000,000:    3s.  Last read position: NC_045549.1_RagTag:100,153,063
INFO	2024-07-03 09:37:22	MarkDuplicates	Tracking 2623307 as yet unmatched pairs. 150158 records in RAM.
INFO	2024-07-03 09:37:26	MarkDuplicates	Read   203,000,000 records.  Elapsed time: 00:14:45s.  Time for last 1,000,000:    3s.  Last read position: NC_045549.1_RagTag:105,477,701
INFO	2024-07-03 09:37:26	MarkDuplicates	Tracking 2621293 as yet unmatched pairs. 118152 records in RAM.
INFO	2024-07-03 09:37:30	MarkDuplicates	Read   204,000,000 records.  Elapsed time: 00:14:50s.  Time for last 1,000,000:    4s.  Last read position: NC_045549.1_RagTag:110,834,520
INFO	2024-07-03 09:37:30	MarkDuplicates	Tracking 2621348 as yet unmatched pairs. 97212 records in RAM.
INFO	2024-07-03 09:37:34	MarkDuplicates	Read   205,000,000 records.  Elapsed time: 00:14:53s.  Time for last 1,000,000:    3s.  Last read position: NC_045549.1_RagTag:116,112,950
INFO	2024-07-03 09:37:34	MarkDuplicates	Tracking 2616441 as yet unmatched pairs. 79462 records in RAM.
INFO	2024-07-03 09:37:37	MarkDuplicates	Read   206,000,000 records.  Elapsed time: 00:14:56s.  Time for last 1,000,000:    3s.  Last read position: NC_045549.1_RagTag:121,721,173
INFO	2024-07-03 09:37:37	MarkDuplicates	Tracking 2610845 as yet unmatched pairs. 56977 records in RAM.
INFO	2024-07-03 09:37:41	MarkDuplicates	Read   207,000,000 records.  Elapsed time: 00:15:00s.  Time for last 1,000,000:    3s.  Last read position: NC_045549.1_RagTag:127,715,794
INFO	2024-07-03 09:37:41	MarkDuplicates	Tracking 2606883 as yet unmatched pairs. 20474 records in RAM.
INFO	2024-07-03 09:37:47	MarkDuplicates	Read   208,000,000 records.  Elapsed time: 00:15:06s.  Time for last 1,000,000:    6s.  Last read position: NC_045550.1_RagTag:912,297
INFO	2024-07-03 09:37:47	MarkDuplicates	Tracking 2605481 as yet unmatched pairs. 196507 records in RAM.
INFO	2024-07-03 09:37:51	MarkDuplicates	Read   209,000,000 records.  Elapsed time: 00:15:10s.  Time for last 1,000,000:    3s.  Last read position: NC_045550.1_RagTag:6,144,303
INFO	2024-07-03 09:37:51	MarkDuplicates	Tracking 2600444 as yet unmatched pairs. 183232 records in RAM.
INFO	2024-07-03 09:37:54	MarkDuplicates	Read   210,000,000 records.  Elapsed time: 00:15:13s.  Time for last 1,000,000:    3s.  Last read position: NC_045550.1_RagTag:11,295,570
INFO	2024-07-03 09:37:54	MarkDuplicates	Tracking 2595947 as yet unmatched pairs. 171351 records in RAM.
INFO	2024-07-03 09:37:57	MarkDuplicates	Read   211,000,000 records.  Elapsed time: 00:15:16s.  Time for last 1,000,000:    3s.  Last read position: NC_045550.1_RagTag:16,616,931
INFO	2024-07-03 09:37:57	MarkDuplicates	Tracking 2591662 as yet unmatched pairs. 160504 records in RAM.
INFO	2024-07-03 09:38:00	MarkDuplicates	Read   212,000,000 records.  Elapsed time: 00:15:19s.  Time for last 1,000,000:    3s.  Last read position: NC_045550.1_RagTag:21,973,907
INFO	2024-07-03 09:38:00	MarkDuplicates	Tracking 2587494 as yet unmatched pairs. 149839 records in RAM.
INFO	2024-07-03 09:38:03	MarkDuplicates	Read   213,000,000 records.  Elapsed time: 00:15:23s.  Time for last 1,000,000:    3s.  Last read position: NC_045550.1_RagTag:27,344,917
INFO	2024-07-03 09:38:03	MarkDuplicates	Tracking 2583233 as yet unmatched pairs. 140052 records in RAM.
INFO	2024-07-03 09:38:07	MarkDuplicates	Read   214,000,000 records.  Elapsed time: 00:15:26s.  Time for last 1,000,000:    3s.  Last read position: NC_045550.1_RagTag:32,618,601
INFO	2024-07-03 09:38:07	MarkDuplicates	Tracking 2579287 as yet unmatched pairs. 130412 records in RAM.
INFO	2024-07-03 09:38:10	MarkDuplicates	Read   215,000,000 records.  Elapsed time: 00:15:29s.  Time for last 1,000,000:    3s.  Last read position: NC_045550.1_RagTag:37,877,893
INFO	2024-07-03 09:38:10	MarkDuplicates	Tracking 2575059 as yet unmatched pairs. 119255 records in RAM.
INFO	2024-07-03 09:38:13	MarkDuplicates	Read   216,000,000 records.  Elapsed time: 00:15:32s.  Time for last 1,000,000:    3s.  Last read position: NC_045550.1_RagTag:42,850,495
INFO	2024-07-03 09:38:13	MarkDuplicates	Tracking 2569672 as yet unmatched pairs. 106463 records in RAM.
INFO	2024-07-03 09:38:16	MarkDuplicates	Read   217,000,000 records.  Elapsed time: 00:15:36s.  Time for last 1,000,000:    3s.  Last read position: NC_045550.1_RagTag:47,985,027
INFO	2024-07-03 09:38:16	MarkDuplicates	Tracking 2563832 as yet unmatched pairs. 92812 records in RAM.
INFO	2024-07-03 09:38:20	MarkDuplicates	Read   218,000,000 records.  Elapsed time: 00:15:39s.  Time for last 1,000,000:    3s.  Last read position: NC_045550.1_RagTag:53,191,710
INFO	2024-07-03 09:38:20	MarkDuplicates	Tracking 2557096 as yet unmatched pairs. 75633 records in RAM.
INFO	2024-07-03 09:38:23	MarkDuplicates	Read   219,000,000 records.  Elapsed time: 00:15:42s.  Time for last 1,000,000:    3s.  Last read position: NC_045550.1_RagTag:58,446,015
INFO	2024-07-03 09:38:23	MarkDuplicates	Tracking 2549769 as yet unmatched pairs. 53573 records in RAM.
INFO	2024-07-03 09:38:40	MarkDuplicates	Read   220,000,000 records.  Elapsed time: 00:15:59s.  Time for last 1,000,000:   16s.  Last read position: NC_045550.1_RagTag:64,214,878
INFO	2024-07-03 09:38:40	MarkDuplicates	Tracking 2540305 as yet unmatched pairs. 22512 records in RAM.
INFO	2024-07-03 09:38:45	MarkDuplicates	Read   221,000,000 records.  Elapsed time: 00:16:04s.  Time for last 1,000,000:    5s.  Last read position: NC_045551.1_RagTag:1,180,897
INFO	2024-07-03 09:38:45	MarkDuplicates	Tracking 2534347 as yet unmatched pairs. 96825 records in RAM.
INFO	2024-07-03 09:38:48	MarkDuplicates	Read   222,000,000 records.  Elapsed time: 00:16:07s.  Time for last 1,000,000:    3s.  Last read position: NC_045551.1_RagTag:6,372,104
INFO	2024-07-03 09:38:48	MarkDuplicates	Tracking 2527865 as yet unmatched pairs. 80848 records in RAM.
INFO	2024-07-03 09:38:51	MarkDuplicates	Read   223,000,000 records.  Elapsed time: 00:16:10s.  Time for last 1,000,000:    3s.  Last read position: NC_045551.1_RagTag:11,244,636
INFO	2024-07-03 09:38:51	MarkDuplicates	Tracking 2522258 as yet unmatched pairs. 66132 records in RAM.
INFO	2024-07-03 09:38:54	MarkDuplicates	Read   224,000,000 records.  Elapsed time: 00:16:14s.  Time for last 1,000,000:    3s.  Last read position: NC_045551.1_RagTag:16,411,917
INFO	2024-07-03 09:38:54	MarkDuplicates	Tracking 2514895 as yet unmatched pairs. 47162 records in RAM.
INFO	2024-07-03 09:38:58	MarkDuplicates	Read   225,000,000 records.  Elapsed time: 00:16:17s.  Time for last 1,000,000:    3s.  Last read position: NC_045551.1_RagTag:21,742,175
INFO	2024-07-03 09:38:58	MarkDuplicates	Tracking 2506016 as yet unmatched pairs. 21721 records in RAM.
INFO	2024-07-03 09:39:05	MarkDuplicates	Read   226,000,000 records.  Elapsed time: 00:16:24s.  Time for last 1,000,000:    7s.  Last read position: NC_045552.1_RagTag:1,164,313
INFO	2024-07-03 09:39:05	MarkDuplicates	Tracking 2499159 as yet unmatched pairs. 262635 records in RAM.
INFO	2024-07-03 09:39:09	MarkDuplicates	Read   227,000,000 records.  Elapsed time: 00:16:28s.  Time for last 1,000,000:    3s.  Last read position: NC_045552.1_RagTag:7,291,225
INFO	2024-07-03 09:39:09	MarkDuplicates	Tracking 2492585 as yet unmatched pairs. 239279 records in RAM.
INFO	2024-07-03 09:39:12	MarkDuplicates	Read   228,000,000 records.  Elapsed time: 00:16:31s.  Time for last 1,000,000:    3s.  Last read position: NC_045552.1_RagTag:12,585,737
INFO	2024-07-03 09:39:12	MarkDuplicates	Tracking 2483453 as yet unmatched pairs. 216028 records in RAM.
INFO	2024-07-03 09:39:15	MarkDuplicates	Read   229,000,000 records.  Elapsed time: 00:16:35s.  Time for last 1,000,000:    3s.  Last read position: NC_045552.1_RagTag:18,195,875
INFO	2024-07-03 09:39:15	MarkDuplicates	Tracking 2473654 as yet unmatched pairs. 193757 records in RAM.
INFO	2024-07-03 09:39:19	MarkDuplicates	Read   230,000,000 records.  Elapsed time: 00:16:38s.  Time for last 1,000,000:    3s.  Last read position: NC_045552.1_RagTag:23,837,692
INFO	2024-07-03 09:39:19	MarkDuplicates	Tracking 2461486 as yet unmatched pairs. 166978 records in RAM.
INFO	2024-07-03 09:39:22	MarkDuplicates	Read   231,000,000 records.  Elapsed time: 00:16:41s.  Time for last 1,000,000:    3s.  Last read position: NC_045552.1_RagTag:29,276,979
INFO	2024-07-03 09:39:22	MarkDuplicates	Tracking 2453053 as yet unmatched pairs. 144733 records in RAM.
INFO	2024-07-03 09:39:26	MarkDuplicates	Read   232,000,000 records.  Elapsed time: 00:16:45s.  Time for last 1,000,000:    3s.  Last read position: NC_045552.1_RagTag:34,999,921
INFO	2024-07-03 09:39:26	MarkDuplicates	Tracking 2442105 as yet unmatched pairs. 121742 records in RAM.
INFO	2024-07-03 09:39:29	MarkDuplicates	Read   233,000,000 records.  Elapsed time: 00:16:48s.  Time for last 1,000,000:    3s.  Last read position: NC_045552.1_RagTag:40,054,087
INFO	2024-07-03 09:39:29	MarkDuplicates	Tracking 2432517 as yet unmatched pairs. 99423 records in RAM.
INFO	2024-07-03 09:39:33	MarkDuplicates	Read   234,000,000 records.  Elapsed time: 00:16:52s.  Time for last 1,000,000:    3s.  Last read position: NC_045552.1_RagTag:45,300,069
INFO	2024-07-03 09:39:33	MarkDuplicates	Tracking 2420934 as yet unmatched pairs. 69118 records in RAM.
INFO	2024-07-03 09:39:36	MarkDuplicates	Read   235,000,000 records.  Elapsed time: 00:16:55s.  Time for last 1,000,000:    3s.  Last read position: NC_045552.1_RagTag:50,519,516
INFO	2024-07-03 09:39:36	MarkDuplicates	Tracking 2408237 as yet unmatched pairs. 36049 records in RAM.
INFO	2024-07-03 09:39:39	MarkDuplicates	Read   236,000,000 records.  Elapsed time: 00:16:59s.  Time for last 1,000,000:    3s.  Last read position: NC_045552.1_RagTag:55,986,791
INFO	2024-07-03 09:39:39	MarkDuplicates	Tracking 2398443 as yet unmatched pairs. 8685 records in RAM.
INFO	2024-07-03 09:39:47	MarkDuplicates	Read   237,000,000 records.  Elapsed time: 00:17:06s.  Time for last 1,000,000:    7s.  Last read position: NC_045553.1_RagTag:4,418,739
INFO	2024-07-03 09:39:47	MarkDuplicates	Tracking 2391114 as yet unmatched pairs. 248111 records in RAM.
INFO	2024-07-03 09:39:53	MarkDuplicates	Read   238,000,000 records.  Elapsed time: 00:17:12s.  Time for last 1,000,000:    6s.  Last read position: NC_045553.1_RagTag:10,100,904
INFO	2024-07-03 09:39:53	MarkDuplicates	Tracking 2381485 as yet unmatched pairs. 215596 records in RAM.
INFO	2024-07-03 09:39:56	MarkDuplicates	Read   239,000,000 records.  Elapsed time: 00:17:15s.  Time for last 1,000,000:    3s.  Last read position: NC_045553.1_RagTag:15,961,994
INFO	2024-07-03 09:39:56	MarkDuplicates	Tracking 2367841 as yet unmatched pairs. 183300 records in RAM.
INFO	2024-07-03 09:40:00	MarkDuplicates	Read   240,000,000 records.  Elapsed time: 00:17:19s.  Time for last 1,000,000:    3s.  Last read position: NC_045553.1_RagTag:21,916,971
INFO	2024-07-03 09:40:00	MarkDuplicates	Tracking 2356366 as yet unmatched pairs. 154671 records in RAM.
INFO	2024-07-03 09:40:04	MarkDuplicates	Read   241,000,000 records.  Elapsed time: 00:17:23s.  Time for last 1,000,000:    3s.  Last read position: NC_045553.1_RagTag:27,552,549
INFO	2024-07-03 09:40:04	MarkDuplicates	Tracking 2341222 as yet unmatched pairs. 123686 records in RAM.
INFO	2024-07-03 09:40:07	MarkDuplicates	Read   242,000,000 records.  Elapsed time: 00:17:26s.  Time for last 1,000,000:    3s.  Last read position: NC_045553.1_RagTag:32,943,421
INFO	2024-07-03 09:40:07	MarkDuplicates	Tracking 2328476 as yet unmatched pairs. 98956 records in RAM.
INFO	2024-07-03 09:40:10	MarkDuplicates	Read   243,000,000 records.  Elapsed time: 00:17:29s.  Time for last 1,000,000:    3s.  Last read position: NC_045553.1_RagTag:38,216,989
INFO	2024-07-03 09:40:10	MarkDuplicates	Tracking 2315228 as yet unmatched pairs. 74258 records in RAM.
INFO	2024-07-03 09:40:14	MarkDuplicates	Read   244,000,000 records.  Elapsed time: 00:17:33s.  Time for last 1,000,000:    3s.  Last read position: NC_045553.1_RagTag:43,510,210
INFO	2024-07-03 09:40:14	MarkDuplicates	Tracking 2298585 as yet unmatched pairs. 36339 records in RAM.
INFO	2024-07-03 09:40:30	MarkDuplicates	Read   245,000,000 records.  Elapsed time: 00:17:49s.  Time for last 1,000,000:   16s.  Last read position: NC_045553.1_RagTag:49,174,052
INFO	2024-07-03 09:40:30	MarkDuplicates	Tracking 2281848 as yet unmatched pairs. 990 records in RAM.
INFO	2024-07-03 09:40:37	MarkDuplicates	Read   246,000,000 records.  Elapsed time: 00:17:57s.  Time for last 1,000,000:    7s.  Last read position: NC_045554.1_RagTag:5,216,536
INFO	2024-07-03 09:40:37	MarkDuplicates	Tracking 2270375 as yet unmatched pairs. 250621 records in RAM.
INFO	2024-07-03 09:40:58	MarkDuplicates	Read   247,000,000 records.  Elapsed time: 00:18:17s.  Time for last 1,000,000:   20s.  Last read position: NC_045554.1_RagTag:10,807,073
INFO	2024-07-03 09:40:58	MarkDuplicates	Tracking 2251272 as yet unmatched pairs. 215058 records in RAM.
INFO	2024-07-03 09:41:01	MarkDuplicates	Read   248,000,000 records.  Elapsed time: 00:18:20s.  Time for last 1,000,000:    3s.  Last read position: NC_045554.1_RagTag:16,191,475
INFO	2024-07-03 09:41:01	MarkDuplicates	Tracking 2228788 as yet unmatched pairs. 177234 records in RAM.
INFO	2024-07-03 09:41:05	MarkDuplicates	Read   249,000,000 records.  Elapsed time: 00:18:24s.  Time for last 1,000,000:    3s.  Last read position: NC_045554.1_RagTag:21,585,348
INFO	2024-07-03 09:41:05	MarkDuplicates	Tracking 2211648 as yet unmatched pairs. 149424 records in RAM.
INFO	2024-07-03 09:41:08	MarkDuplicates	Read   250,000,000 records.  Elapsed time: 00:18:27s.  Time for last 1,000,000:    3s.  Last read position: NC_045554.1_RagTag:27,264,824
INFO	2024-07-03 09:41:08	MarkDuplicates	Tracking 2195066 as yet unmatched pairs. 121489 records in RAM.
INFO	2024-07-03 09:41:11	MarkDuplicates	Read   251,000,000 records.  Elapsed time: 00:18:31s.  Time for last 1,000,000:    3s.  Last read position: NC_045554.1_RagTag:32,757,102
INFO	2024-07-03 09:41:11	MarkDuplicates	Tracking 2173540 as yet unmatched pairs. 86926 records in RAM.
INFO	2024-07-03 09:41:15	MarkDuplicates	Read   252,000,000 records.  Elapsed time: 00:18:34s.  Time for last 1,000,000:    3s.  Last read position: NC_045554.1_RagTag:37,979,608
INFO	2024-07-03 09:41:15	MarkDuplicates	Tracking 2155278 as yet unmatched pairs. 58316 records in RAM.
INFO	2024-07-03 09:41:18	MarkDuplicates	Read   253,000,000 records.  Elapsed time: 00:18:37s.  Time for last 1,000,000:    3s.  Last read position: NC_045554.1_RagTag:43,321,015
INFO	2024-07-03 09:41:18	MarkDuplicates	Tracking 2133748 as yet unmatched pairs. 24552 records in RAM.
INFO	2024-07-03 09:41:23	MarkDuplicates	Read   254,000,000 records.  Elapsed time: 00:18:42s.  Time for last 1,000,000:    4s.  Last read position: NC_045554.1_RagTag:48,543,303
INFO	2024-07-03 09:41:23	MarkDuplicates	Tracking 2118843 as yet unmatched pairs. 413 records in RAM.
INFO	2024-07-03 09:41:30	MarkDuplicates	Read   255,000,000 records.  Elapsed time: 00:18:49s.  Time for last 1,000,000:    7s.  Last read position: NC_045555.1_RagTag:5,486,350
INFO	2024-07-03 09:41:30	MarkDuplicates	Tracking 2101405 as yet unmatched pairs. 211338 records in RAM.
INFO	2024-07-03 09:41:33	MarkDuplicates	Read   256,000,000 records.  Elapsed time: 00:18:52s.  Time for last 1,000,000:    3s.  Last read position: NC_045555.1_RagTag:11,053,607
INFO	2024-07-03 09:41:33	MarkDuplicates	Tracking 2083309 as yet unmatched pairs. 182989 records in RAM.
INFO	2024-07-03 09:41:37	MarkDuplicates	Read   257,000,000 records.  Elapsed time: 00:18:56s.  Time for last 1,000,000:    3s.  Last read position: NC_045555.1_RagTag:16,347,281
INFO	2024-07-03 09:41:37	MarkDuplicates	Tracking 2064334 as yet unmatched pairs. 156535 records in RAM.
INFO	2024-07-03 09:41:40	MarkDuplicates	Read   258,000,000 records.  Elapsed time: 00:18:59s.  Time for last 1,000,000:    3s.  Last read position: NC_045555.1_RagTag:21,486,290
INFO	2024-07-03 09:41:40	MarkDuplicates	Tracking 2044101 as yet unmatched pairs. 126761 records in RAM.
INFO	2024-07-03 09:41:43	MarkDuplicates	Read   259,000,000 records.  Elapsed time: 00:19:02s.  Time for last 1,000,000:    3s.  Last read position: NC_045555.1_RagTag:27,017,317
INFO	2024-07-03 09:41:43	MarkDuplicates	Tracking 2022571 as yet unmatched pairs. 95578 records in RAM.
INFO	2024-07-03 09:41:47	MarkDuplicates	Read   260,000,000 records.  Elapsed time: 00:19:06s.  Time for last 1,000,000:    3s.  Last read position: NC_045555.1_RagTag:32,600,017
INFO	2024-07-03 09:41:47	MarkDuplicates	Tracking 1997495 as yet unmatched pairs. 59761 records in RAM.
INFO	2024-07-03 09:41:50	MarkDuplicates	Read   261,000,000 records.  Elapsed time: 00:19:09s.  Time for last 1,000,000:    3s.  Last read position: NC_045555.1_RagTag:37,918,772
INFO	2024-07-03 09:41:50	MarkDuplicates	Tracking 1980674 as yet unmatched pairs. 33909 records in RAM.
INFO	2024-07-03 09:41:54	MarkDuplicates	Read   262,000,000 records.  Elapsed time: 00:19:13s.  Time for last 1,000,000:    3s.  Last read position: NC_045555.1_RagTag:41,102,186
INFO	2024-07-03 09:41:54	MarkDuplicates	Tracking 1975964 as yet unmatched pairs. 10686 records in RAM.
INFO	2024-07-03 09:42:00	MarkDuplicates	Read   263,000,000 records.  Elapsed time: 00:19:20s.  Time for last 1,000,000:    6s.  Last read position: NC_045556.1_RagTag:3,454,902
INFO	2024-07-03 09:42:00	MarkDuplicates	Tracking 1964900 as yet unmatched pairs. 227120 records in RAM.
INFO	2024-07-03 09:42:04	MarkDuplicates	Read   264,000,000 records.  Elapsed time: 00:19:23s.  Time for last 1,000,000:    3s.  Last read position: NC_045556.1_RagTag:8,906,482
INFO	2024-07-03 09:42:04	MarkDuplicates	Tracking 1941146 as yet unmatched pairs. 194637 records in RAM.
INFO	2024-07-03 09:42:07	MarkDuplicates	Read   265,000,000 records.  Elapsed time: 00:19:26s.  Time for last 1,000,000:    3s.  Last read position: NC_045556.1_RagTag:14,085,161
INFO	2024-07-03 09:42:07	MarkDuplicates	Tracking 1914533 as yet unmatched pairs. 158984 records in RAM.
INFO	2024-07-03 09:42:11	MarkDuplicates	Read   266,000,000 records.  Elapsed time: 00:19:30s.  Time for last 1,000,000:    3s.  Last read position: NC_045556.1_RagTag:19,352,887
INFO	2024-07-03 09:42:11	MarkDuplicates	Tracking 1885193 as yet unmatched pairs. 118489 records in RAM.
INFO	2024-07-03 09:42:14	MarkDuplicates	Read   267,000,000 records.  Elapsed time: 00:19:33s.  Time for last 1,000,000:    3s.  Last read position: NC_045556.1_RagTag:24,244,293
INFO	2024-07-03 09:42:14	MarkDuplicates	Tracking 1875849 as yet unmatched pairs. 90545 records in RAM.
INFO	2024-07-03 09:42:18	MarkDuplicates	Read   268,000,000 records.  Elapsed time: 00:19:37s.  Time for last 1,000,000:    3s.  Last read position: NC_045556.1_RagTag:29,014,146
INFO	2024-07-03 09:42:18	MarkDuplicates	Tracking 1860427 as yet unmatched pairs. 54627 records in RAM.
INFO	2024-07-03 09:42:34	MarkDuplicates	Read   269,000,000 records.  Elapsed time: 00:19:53s.  Time for last 1,000,000:   16s.  Last read position: NC_045556.1_RagTag:35,050,209
INFO	2024-07-03 09:42:34	MarkDuplicates	Tracking 1830509 as yet unmatched pairs. 8001 records in RAM.
INFO	2024-07-03 09:42:38	MarkDuplicates	Read   270,000,000 records.  Elapsed time: 00:19:57s.  Time for last 1,000,000:    4s.  Last read position: NC_045557.1_RagTag:3,763,724
INFO	2024-07-03 09:42:38	MarkDuplicates	Tracking 1816080 as yet unmatched pairs. 50935 records in RAM.
INFO	2024-07-03 09:42:42	MarkDuplicates	Read   271,000,000 records.  Elapsed time: 00:20:01s.  Time for last 1,000,000:    3s.  Last read position: NC_045557.1_RagTag:8,970,791
INFO	2024-07-03 09:42:42	MarkDuplicates	Tracking 1796471 as yet unmatched pairs. 19912 records in RAM.
INFO	2024-07-03 09:42:54	MarkDuplicates	Read   272,000,000 records.  Elapsed time: 00:20:13s.  Time for last 1,000,000:   12s.  Last read position: NC_045558.1_RagTag:4,025,675
INFO	2024-07-03 09:42:54	MarkDuplicates	Tracking 1770274 as yet unmatched pairs. 553109 records in RAM.
INFO	2024-07-03 09:42:57	MarkDuplicates	Read   273,000,000 records.  Elapsed time: 00:20:17s.  Time for last 1,000,000:    3s.  Last read position: NC_045558.1_RagTag:12,280,124
INFO	2024-07-03 09:42:57	MarkDuplicates	Tracking 1740591 as yet unmatched pairs. 516947 records in RAM.
INFO	2024-07-03 09:43:01	MarkDuplicates	Read   274,000,000 records.  Elapsed time: 00:20:20s.  Time for last 1,000,000:    3s.  Last read position: NC_045558.1_RagTag:20,869,493
INFO	2024-07-03 09:43:01	MarkDuplicates	Tracking 1719152 as yet unmatched pairs. 491369 records in RAM.
INFO	2024-07-03 09:43:04	MarkDuplicates	Read   275,000,000 records.  Elapsed time: 00:20:23s.  Time for last 1,000,000:    3s.  Last read position: NC_045558.1_RagTag:29,259,435
INFO	2024-07-03 09:43:04	MarkDuplicates	Tracking 1702286 as yet unmatched pairs. 471278 records in RAM.
INFO	2024-07-03 09:43:07	MarkDuplicates	Read   276,000,000 records.  Elapsed time: 00:20:27s.  Time for last 1,000,000:    3s.  Last read position: NC_045558.1_RagTag:37,351,602
INFO	2024-07-03 09:43:07	MarkDuplicates	Tracking 1684287 as yet unmatched pairs. 449124 records in RAM.
INFO	2024-07-03 09:43:11	MarkDuplicates	Read   277,000,000 records.  Elapsed time: 00:20:30s.  Time for last 1,000,000:    3s.  Last read position: NC_045558.1_RagTag:44,822,291
INFO	2024-07-03 09:43:11	MarkDuplicates	Tracking 1667199 as yet unmatched pairs. 427931 records in RAM.
INFO	2024-07-03 09:43:14	MarkDuplicates	Read   278,000,000 records.  Elapsed time: 00:20:33s.  Time for last 1,000,000:    3s.  Last read position: NC_045558.1_RagTag:52,513,318
INFO	2024-07-03 09:43:14	MarkDuplicates	Tracking 1645225 as yet unmatched pairs. 401035 records in RAM.
INFO	2024-07-03 09:43:18	MarkDuplicates	Read   279,000,000 records.  Elapsed time: 00:20:37s.  Time for last 1,000,000:    3s.  Last read position: NC_045558.1_RagTag:59,617,714
INFO	2024-07-03 09:43:18	MarkDuplicates	Tracking 1621138 as yet unmatched pairs. 370829 records in RAM.
INFO	2024-07-03 09:43:21	MarkDuplicates	Read   280,000,000 records.  Elapsed time: 00:20:40s.  Time for last 1,000,000:    3s.  Last read position: NC_045558.1_RagTag:67,019,911
INFO	2024-07-03 09:43:21	MarkDuplicates	Tracking 1596056 as yet unmatched pairs. 336319 records in RAM.
INFO	2024-07-03 09:43:25	MarkDuplicates	Read   281,000,000 records.  Elapsed time: 00:20:44s.  Time for last 1,000,000:    3s.  Last read position: NC_045558.1_RagTag:74,138,584
INFO	2024-07-03 09:43:25	MarkDuplicates	Tracking 1568147 as yet unmatched pairs. 301666 records in RAM.
INFO	2024-07-03 09:43:28	MarkDuplicates	Read   282,000,000 records.  Elapsed time: 00:20:48s.  Time for last 1,000,000:    3s.  Last read position: NC_045558.1_RagTag:81,476,446
INFO	2024-07-03 09:43:28	MarkDuplicates	Tracking 1539880 as yet unmatched pairs. 266669 records in RAM.
INFO	2024-07-03 09:43:32	MarkDuplicates	Read   283,000,000 records.  Elapsed time: 00:20:51s.  Time for last 1,000,000:    3s.  Last read position: NC_045558.1_RagTag:89,422,654
INFO	2024-07-03 09:43:32	MarkDuplicates	Tracking 1517182 as yet unmatched pairs. 238804 records in RAM.
INFO	2024-07-03 09:43:35	MarkDuplicates	Read   284,000,000 records.  Elapsed time: 00:20:54s.  Time for last 1,000,000:    3s.  Last read position: NC_045558.1_RagTag:97,238,381
INFO	2024-07-03 09:43:35	MarkDuplicates	Tracking 1495702 as yet unmatched pairs. 212567 records in RAM.
INFO	2024-07-03 09:43:38	MarkDuplicates	Read   285,000,000 records.  Elapsed time: 00:20:57s.  Time for last 1,000,000:    3s.  Last read position: NC_045558.1_RagTag:105,405,743
INFO	2024-07-03 09:43:38	MarkDuplicates	Tracking 1475635 as yet unmatched pairs. 189099 records in RAM.
INFO	2024-07-03 09:43:44	MarkDuplicates	Read   286,000,000 records.  Elapsed time: 00:21:03s.  Time for last 1,000,000:    6s.  Last read position: NC_045558.1_RagTag:113,659,056
INFO	2024-07-03 09:43:44	MarkDuplicates	Tracking 1456086 as yet unmatched pairs. 166491 records in RAM.
INFO	2024-07-03 09:43:48	MarkDuplicates	Read   287,000,000 records.  Elapsed time: 00:21:07s.  Time for last 1,000,000:    3s.  Last read position: NC_045558.1_RagTag:121,973,542
INFO	2024-07-03 09:43:48	MarkDuplicates	Tracking 1435118 as yet unmatched pairs. 141006 records in RAM.
INFO	2024-07-03 09:43:51	MarkDuplicates	Read   288,000,000 records.  Elapsed time: 00:21:10s.  Time for last 1,000,000:    3s.  Last read position: NC_045558.1_RagTag:127,359,546
INFO	2024-07-03 09:43:51	MarkDuplicates	Tracking 1404762 as yet unmatched pairs. 105963 records in RAM.
INFO	2024-07-03 09:43:54	MarkDuplicates	Read   289,000,000 records.  Elapsed time: 00:21:13s.  Time for last 1,000,000:    3s.  Last read position: NC_045558.1_RagTag:134,849,498
INFO	2024-07-03 09:43:54	MarkDuplicates	Tracking 1376042 as yet unmatched pairs. 72579 records in RAM.
INFO	2024-07-03 09:43:58	MarkDuplicates	Read   290,000,000 records.  Elapsed time: 00:21:17s.  Time for last 1,000,000:    3s.  Last read position: NC_045558.1_RagTag:139,213,064
INFO	2024-07-03 09:43:58	MarkDuplicates	Tracking 1356790 as yet unmatched pairs. 43045 records in RAM.
INFO	2024-07-03 09:44:01	MarkDuplicates	Read   291,000,000 records.  Elapsed time: 00:21:20s.  Time for last 1,000,000:    3s.  Last read position: NC_045558.1_RagTag:144,180,924
INFO	2024-07-03 09:44:01	MarkDuplicates	Tracking 1332957 as yet unmatched pairs. 6966 records in RAM.
INFO	2024-07-03 09:44:05	MarkDuplicates	Read   292,000,000 records.  Elapsed time: 00:21:24s.  Time for last 1,000,000:    4s.  Last read position: NW_022473817.1_RagTag:6,534
INFO	2024-07-03 09:44:05	MarkDuplicates	Tracking 1300987 as yet unmatched pairs. 679 records in RAM.
INFO	2024-07-03 09:44:29	MarkDuplicates	Read   293,000,000 records.  Elapsed time: 00:21:48s.  Time for last 1,000,000:   23s.  Last read position: Chr0_RagTag:4,015,362
INFO	2024-07-03 09:44:29	MarkDuplicates	Tracking 1267204 as yet unmatched pairs. 1267204 records in RAM.
INFO	2024-07-03 09:44:45	MarkDuplicates	Read   294,000,000 records.  Elapsed time: 00:22:04s.  Time for last 1,000,000:   16s.  Last read position: Chr0_RagTag:9,024,882
INFO	2024-07-03 09:44:45	MarkDuplicates	Tracking 1244748 as yet unmatched pairs. 1244748 records in RAM.
INFO	2024-07-03 09:45:05	MarkDuplicates	Read   295,000,000 records.  Elapsed time: 00:22:25s.  Time for last 1,000,000:   20s.  Last read position: Chr0_RagTag:13,823,588
INFO	2024-07-03 09:45:05	MarkDuplicates	Tracking 1223325 as yet unmatched pairs. 1223325 records in RAM.
INFO	2024-07-03 09:45:09	MarkDuplicates	Read   296,000,000 records.  Elapsed time: 00:22:28s.  Time for last 1,000,000:    3s.  Last read position: Chr0_RagTag:17,429,812
INFO	2024-07-03 09:45:09	MarkDuplicates	Tracking 1200414 as yet unmatched pairs. 1200414 records in RAM.
INFO	2024-07-03 09:45:12	MarkDuplicates	Read   297,000,000 records.  Elapsed time: 00:22:31s.  Time for last 1,000,000:    3s.  Last read position: Chr0_RagTag:21,978,249
INFO	2024-07-03 09:45:12	MarkDuplicates	Tracking 1174052 as yet unmatched pairs. 1174052 records in RAM.
INFO	2024-07-03 09:45:16	MarkDuplicates	Read   298,000,000 records.  Elapsed time: 00:22:35s.  Time for last 1,000,000:    3s.  Last read position: Chr0_RagTag:26,149,749
INFO	2024-07-03 09:45:16	MarkDuplicates	Tracking 1148270 as yet unmatched pairs. 1148270 records in RAM.
INFO	2024-07-03 09:45:19	MarkDuplicates	Read   299,000,000 records.  Elapsed time: 00:22:38s.  Time for last 1,000,000:    3s.  Last read position: Chr0_RagTag:29,887,292
INFO	2024-07-03 09:45:19	MarkDuplicates	Tracking 1118555 as yet unmatched pairs. 1118555 records in RAM.
INFO	2024-07-03 09:45:23	MarkDuplicates	Read   300,000,000 records.  Elapsed time: 00:22:42s.  Time for last 1,000,000:    3s.  Last read position: Chr0_RagTag:34,601,523
INFO	2024-07-03 09:45:23	MarkDuplicates	Tracking 1090279 as yet unmatched pairs. 1090279 records in RAM.
INFO	2024-07-03 09:45:28	MarkDuplicates	Read   301,000,000 records.  Elapsed time: 00:22:47s.  Time for last 1,000,000:    5s.  Last read position: Chr0_RagTag:39,214,568
INFO	2024-07-03 09:45:28	MarkDuplicates	Tracking 1061348 as yet unmatched pairs. 1061348 records in RAM.
INFO	2024-07-03 09:45:31	MarkDuplicates	Read   302,000,000 records.  Elapsed time: 00:22:50s.  Time for last 1,000,000:    3s.  Last read position: Chr0_RagTag:43,909,549
INFO	2024-07-03 09:45:31	MarkDuplicates	Tracking 1027836 as yet unmatched pairs. 1027836 records in RAM.
INFO	2024-07-03 09:45:35	MarkDuplicates	Read   303,000,000 records.  Elapsed time: 00:22:54s.  Time for last 1,000,000:    3s.  Last read position: Chr0_RagTag:48,104,254
INFO	2024-07-03 09:45:35	MarkDuplicates	Tracking 999793 as yet unmatched pairs. 999793 records in RAM.
INFO	2024-07-03 09:45:38	MarkDuplicates	Read   304,000,000 records.  Elapsed time: 00:22:57s.  Time for last 1,000,000:    3s.  Last read position: Chr0_RagTag:51,623,240
INFO	2024-07-03 09:45:38	MarkDuplicates	Tracking 969104 as yet unmatched pairs. 969104 records in RAM.
INFO	2024-07-03 09:45:41	MarkDuplicates	Read   305,000,000 records.  Elapsed time: 00:23:01s.  Time for last 1,000,000:    3s.  Last read position: Chr0_RagTag:55,285,912
INFO	2024-07-03 09:45:41	MarkDuplicates	Tracking 938282 as yet unmatched pairs. 938282 records in RAM.
INFO	2024-07-03 09:45:45	MarkDuplicates	Read   306,000,000 records.  Elapsed time: 00:23:04s.  Time for last 1,000,000:    3s.  Last read position: Chr0_RagTag:59,657,123
INFO	2024-07-03 09:45:45	MarkDuplicates	Tracking 903535 as yet unmatched pairs. 903535 records in RAM.
INFO	2024-07-03 09:45:48	MarkDuplicates	Read   307,000,000 records.  Elapsed time: 00:23:07s.  Time for last 1,000,000:    3s.  Last read position: Chr0_RagTag:64,012,282
INFO	2024-07-03 09:45:48	MarkDuplicates	Tracking 870545 as yet unmatched pairs. 870545 records in RAM.
INFO	2024-07-03 09:45:52	MarkDuplicates	Read   308,000,000 records.  Elapsed time: 00:23:11s.  Time for last 1,000,000:    3s.  Last read position: Chr0_RagTag:67,841,748
INFO	2024-07-03 09:45:52	MarkDuplicates	Tracking 838380 as yet unmatched pairs. 838380 records in RAM.
INFO	2024-07-03 09:45:55	MarkDuplicates	Read   309,000,000 records.  Elapsed time: 00:23:14s.  Time for last 1,000,000:    3s.  Last read position: Chr0_RagTag:71,931,397
INFO	2024-07-03 09:45:55	MarkDuplicates	Tracking 800700 as yet unmatched pairs. 800700 records in RAM.
INFO	2024-07-03 09:45:59	MarkDuplicates	Read   310,000,000 records.  Elapsed time: 00:23:18s.  Time for last 1,000,000:    3s.  Last read position: Chr0_RagTag:77,031,512
INFO	2024-07-03 09:45:59	MarkDuplicates	Tracking 752126 as yet unmatched pairs. 752126 records in RAM.
INFO	2024-07-03 09:46:02	MarkDuplicates	Read   311,000,000 records.  Elapsed time: 00:23:21s.  Time for last 1,000,000:    3s.  Last read position: Chr0_RagTag:82,491,785
INFO	2024-07-03 09:46:02	MarkDuplicates	Tracking 701919 as yet unmatched pairs. 701919 records in RAM.
INFO	2024-07-03 09:46:06	MarkDuplicates	Read   312,000,000 records.  Elapsed time: 00:23:25s.  Time for last 1,000,000:    3s.  Last read position: Chr0_RagTag:87,422,590
INFO	2024-07-03 09:46:06	MarkDuplicates	Tracking 654711 as yet unmatched pairs. 654711 records in RAM.
INFO	2024-07-03 09:46:09	MarkDuplicates	Read   313,000,000 records.  Elapsed time: 00:23:28s.  Time for last 1,000,000:    3s.  Last read position: Chr0_RagTag:91,496,266
INFO	2024-07-03 09:46:09	MarkDuplicates	Tracking 603374 as yet unmatched pairs. 603374 records in RAM.
INFO	2024-07-03 09:46:13	MarkDuplicates	Read   314,000,000 records.  Elapsed time: 00:23:32s.  Time for last 1,000,000:    3s.  Last read position: Chr0_RagTag:97,326,324
INFO	2024-07-03 09:46:13	MarkDuplicates	Tracking 546076 as yet unmatched pairs. 546076 records in RAM.
INFO	2024-07-03 09:46:16	MarkDuplicates	Read   315,000,000 records.  Elapsed time: 00:23:36s.  Time for last 1,000,000:    3s.  Last read position: Chr0_RagTag:102,285,802
INFO	2024-07-03 09:46:16	MarkDuplicates	Tracking 490497 as yet unmatched pairs. 490497 records in RAM.
INFO	2024-07-03 09:46:20	MarkDuplicates	Read   316,000,000 records.  Elapsed time: 00:23:39s.  Time for last 1,000,000:    3s.  Last read position: Chr0_RagTag:107,365,595
INFO	2024-07-03 09:46:20	MarkDuplicates	Tracking 430482 as yet unmatched pairs. 430482 records in RAM.
INFO	2024-07-03 09:46:24	MarkDuplicates	Read   317,000,000 records.  Elapsed time: 00:23:43s.  Time for last 1,000,000:    3s.  Last read position: Chr0_RagTag:112,193,632
INFO	2024-07-03 09:46:24	MarkDuplicates	Tracking 377497 as yet unmatched pairs. 377497 records in RAM.
INFO	2024-07-03 09:46:27	MarkDuplicates	Read   318,000,000 records.  Elapsed time: 00:23:46s.  Time for last 1,000,000:    3s.  Last read position: Chr0_RagTag:116,977,307
INFO	2024-07-03 09:46:27	MarkDuplicates	Tracking 316957 as yet unmatched pairs. 316957 records in RAM.
INFO	2024-07-03 09:46:43	MarkDuplicates	Read   319,000,000 records.  Elapsed time: 00:24:03s.  Time for last 1,000,000:   16s.  Last read position: Chr0_RagTag:121,740,162
INFO	2024-07-03 09:46:43	MarkDuplicates	Tracking 246850 as yet unmatched pairs. 246850 records in RAM.
INFO	2024-07-03 09:46:47	MarkDuplicates	Read   320,000,000 records.  Elapsed time: 00:24:06s.  Time for last 1,000,000:    3s.  Last read position: Chr0_RagTag:125,665,210
INFO	2024-07-03 09:46:47	MarkDuplicates	Tracking 201652 as yet unmatched pairs. 201652 records in RAM.
INFO	2024-07-03 09:46:51	MarkDuplicates	Read   321,000,000 records.  Elapsed time: 00:24:10s.  Time for last 1,000,000:    3s.  Last read position: Chr0_RagTag:129,602,468
INFO	2024-07-03 09:46:51	MarkDuplicates	Tracking 116666 as yet unmatched pairs. 116666 records in RAM.
INFO	2024-07-03 09:46:54	MarkDuplicates	Read   322,000,000 records.  Elapsed time: 00:24:13s.  Time for last 1,000,000:    3s.  Last read position: Chr0_RagTag:133,856,271
INFO	2024-07-03 09:46:54	MarkDuplicates	Tracking 32951 as yet unmatched pairs. 32951 records in RAM.
INFO	2024-07-03 09:46:55	MarkDuplicates	Read 322308110 records. 0 pairs never matched.
INFO	2024-07-03 09:47:09	MarkDuplicates	After buildSortedReadEndLists freeMemory: 5705330384; totalMemory: 5932552192; maxMemory: 6487212032
INFO	2024-07-03 09:47:09	MarkDuplicates	Will retain up to 202725376 duplicate indices before spilling to disk.
INFO	2024-07-03 09:47:09	MarkDuplicates	Traversing read pair information and detecting duplicates.
INFO	2024-07-03 09:48:14	MarkDuplicates	Traversing fragment information and detecting duplicates.
INFO	2024-07-03 09:49:41	MarkDuplicates	Sorting list of duplicate records.
INFO	2024-07-03 09:49:43	MarkDuplicates	After generateDuplicateIndexes freeMemory: 4272030384; totalMemory: 5932552192; maxMemory: 6487212032
INFO	2024-07-03 09:49:43	MarkDuplicates	Marking 29693678 records as duplicates.
INFO	2024-07-03 09:49:43	MarkDuplicates	Found 651708 optical duplicate clusters.
INFO	2024-07-03 09:49:43	MarkDuplicates	Reads are assumed to be ordered by: coordinate
INFO	2024-07-03 09:51:51	MarkDuplicates	Written    10,000,000 records.  Elapsed time: 00:02:08s.  Time for last 10,000,000:  128s.  Last read position: NC_045541.1_RagTag:55,720,113
INFO	2024-07-03 09:53:57	MarkDuplicates	Written    20,000,000 records.  Elapsed time: 00:04:14s.  Time for last 10,000,000:  126s.  Last read position: NC_045541.1_RagTag:113,495,698
INFO	2024-07-03 09:56:04	MarkDuplicates	Written    30,000,000 records.  Elapsed time: 00:06:21s.  Time for last 10,000,000:  127s.  Last read position: NC_045541.1_RagTag:172,143,560
INFO	2024-07-03 09:58:12	MarkDuplicates	Written    40,000,000 records.  Elapsed time: 00:08:28s.  Time for last 10,000,000:  127s.  Last read position: NC_045542.1_RagTag:52,984,309
INFO	2024-07-03 10:00:18	MarkDuplicates	Written    50,000,000 records.  Elapsed time: 00:10:34s.  Time for last 10,000,000:  125s.  Last read position: NC_045542.1_RagTag:110,554,943
INFO	2024-07-03 10:02:27	MarkDuplicates	Written    60,000,000 records.  Elapsed time: 00:12:44s.  Time for last 10,000,000:  129s.  Last read position: NC_045543.1_RagTag:8,113,743
INFO	2024-07-03 10:04:34	MarkDuplicates	Written    70,000,000 records.  Elapsed time: 00:14:50s.  Time for last 10,000,000:  126s.  Last read position: NC_045543.1_RagTag:65,827,394
INFO	2024-07-03 10:06:43	MarkDuplicates	Written    80,000,000 records.  Elapsed time: 00:17:00s.  Time for last 10,000,000:  129s.  Last read position: NC_045544.1_RagTag:14,716,514
INFO	2024-07-03 10:08:49	MarkDuplicates	Written    90,000,000 records.  Elapsed time: 00:19:06s.  Time for last 10,000,000:  126s.  Last read position: NC_045544.1_RagTag:71,727,748
INFO	2024-07-03 10:10:55	MarkDuplicates	Written   100,000,000 records.  Elapsed time: 00:21:12s.  Time for last 10,000,000:  125s.  Last read position: NC_045544.1_RagTag:129,063,376
INFO	2024-07-03 10:13:04	MarkDuplicates	Written   110,000,000 records.  Elapsed time: 00:23:20s.  Time for last 10,000,000:  128s.  Last read position: NC_045545.1_RagTag:28,661,092
INFO	2024-07-03 10:15:10	MarkDuplicates	Written   120,000,000 records.  Elapsed time: 00:25:27s.  Time for last 10,000,000:  126s.  Last read position: NC_045545.1_RagTag:86,550,022
INFO	2024-07-03 10:17:20	MarkDuplicates	Written   130,000,000 records.  Elapsed time: 00:27:36s.  Time for last 10,000,000:  129s.  Last read position: NC_045546.1_RagTag:53,990,210
INFO	2024-07-03 10:19:31	MarkDuplicates	Written   140,000,000 records.  Elapsed time: 00:29:47s.  Time for last 10,000,000:  130s.  Last read position: NC_045547.1_RagTag:8,154,617
INFO	2024-07-03 10:21:40	MarkDuplicates	Written   150,000,000 records.  Elapsed time: 00:31:57s.  Time for last 10,000,000:  129s.  Last read position: NC_045547.1_RagTag:65,366,096
INFO	2024-07-03 10:23:48	MarkDuplicates	Written   160,000,000 records.  Elapsed time: 00:34:05s.  Time for last 10,000,000:  128s.  Last read position: NC_045548.1_RagTag:31,222,390
INFO	2024-07-03 10:25:58	MarkDuplicates	Written   170,000,000 records.  Elapsed time: 00:36:15s.  Time for last 10,000,000:  130s.  Last read position: NC_045549.1_RagTag:17,297,214
INFO	2024-07-03 10:28:06	MarkDuplicates	Written   180,000,000 records.  Elapsed time: 00:38:23s.  Time for last 10,000,000:  128s.  Last read position: NC_045549.1_RagTag:76,229,987
INFO	2024-07-03 10:30:18	MarkDuplicates	Written   190,000,000 records.  Elapsed time: 00:40:35s.  Time for last 10,000,000:  131s.  Last read position: NC_045550.1_RagTag:3,332,072
INFO	2024-07-03 10:32:24	MarkDuplicates	Written   200,000,000 records.  Elapsed time: 00:42:41s.  Time for last 10,000,000:  126s.  Last read position: NC_045550.1_RagTag:60,747,454
INFO	2024-07-03 10:34:36	MarkDuplicates	Written   210,000,000 records.  Elapsed time: 00:44:52s.  Time for last 10,000,000:  131s.  Last read position: NC_045552.1_RagTag:25,934,252
INFO	2024-07-03 10:36:49	MarkDuplicates	Written   220,000,000 records.  Elapsed time: 00:47:05s.  Time for last 10,000,000:  133s.  Last read position: NC_045553.1_RagTag:29,325,805
INFO	2024-07-03 10:39:02	MarkDuplicates	Written   230,000,000 records.  Elapsed time: 00:49:18s.  Time for last 10,000,000:  132s.  Last read position: NC_045554.1_RagTag:39,532,152
INFO	2024-07-03 10:41:14	MarkDuplicates	Written   240,000,000 records.  Elapsed time: 00:51:31s.  Time for last 10,000,000:  132s.  Last read position: NC_045556.1_RagTag:5,278,319
INFO	2024-07-03 10:43:30	MarkDuplicates	Written   250,000,000 records.  Elapsed time: 00:53:46s.  Time for last 10,000,000:  135s.  Last read position: NC_045558.1_RagTag:24,707,318
INFO	2024-07-03 10:45:44	MarkDuplicates	Written   260,000,000 records.  Elapsed time: 00:56:00s.  Time for last 10,000,000:  134s.  Last read position: NC_045558.1_RagTag:108,509,000
INFO	2024-07-03 10:48:00	MarkDuplicates	Written   270,000,000 records.  Elapsed time: 00:58:17s.  Time for last 10,000,000:  136s.  Last read position: Chr0_RagTag:20,161,209
INFO	2024-07-03 10:50:15	MarkDuplicates	Written   280,000,000 records.  Elapsed time: 01:00:31s.  Time for last 10,000,000:  134s.  Last read position: Chr0_RagTag:66,230,239
INFO	2024-07-03 10:52:37	MarkDuplicates	Written   290,000,000 records.  Elapsed time: 01:02:54s.  Time for last 10,000,000:  142s.  Last read position: Chr0_RagTag:121,551,860
INFO	2024-07-03 10:54:58	MarkDuplicates	Written   300,000,000 records.  Elapsed time: 01:05:15s.  Time for last 10,000,000:  140s.  Last read position: */*
INFO	2024-07-03 10:57:15	MarkDuplicates	Writing complete. Closing input iterator.
INFO	2024-07-03 10:57:15	MarkDuplicates	Duplicate Index cleanup.
INFO	2024-07-03 10:57:15	MarkDuplicates	Getting Memory Stats.
INFO	2024-07-03 10:57:15	MarkDuplicates	Before output close freeMemory: 5893643784; totalMemory: 5932552192; maxMemory: 6487212032
INFO	2024-07-03 10:57:15	MarkDuplicates	Closed outputs. Getting more Memory Stats.
INFO	2024-07-03 10:57:15	MarkDuplicates	After output close freeMemory: 5343987768; totalMemory: 5379870720; maxMemory: 6487212032
[Wed Jul 03 10:57:15 MDT 2024] picard.sam.markduplicates.MarkDuplicates done. Elapsed time: 94.58 minutes.
Runtime.totalMemory()=5379870720
