INFO	2024-07-03 09:22:39	MarkDuplicates	

********** NOTE: Picard's command line syntax is changing.
**********
********** For more information, please see:
********** https://github.com/broadinstitute/picard/wiki/Command-Line-Syntax-Transition-For-Users-(Pre-Transition)
**********
********** The command line looks like this in the new syntax:
**********
**********    MarkDuplicates -REMOVE_DUPLICATES true -ASSUME_SORTED true -VALIDATION_STRINGENCY SILENT -INPUT FLMNH173210_sort.bam -OUTPUT /project/getpop/bwa_ratsnake/rmd/FLMNH173210.rmd.bam -METRICS_FILE /project/getpop/bwa_ratsnake/rmd/FLMNH173210.rmd.bam.metrics
**********


09:22:40.537 INFO  NativeLibraryLoader - Loading libgkl_compression.so from jar:file:/apps/u/spack/gcc/12.2.0/picard/2.26.2-xrdth7g/bin/picard.jar!/com/intel/gkl/native/libgkl_compression.so
[Wed Jul 03 09:22:40 MDT 2024] MarkDuplicates INPUT=[FLMNH173210_sort.bam] OUTPUT=/project/getpop/bwa_ratsnake/rmd/FLMNH173210.rmd.bam METRICS_FILE=/project/getpop/bwa_ratsnake/rmd/FLMNH173210.rmd.bam.metrics REMOVE_DUPLICATES=true ASSUME_SORTED=true VALIDATION_STRINGENCY=SILENT    MAX_SEQUENCES_FOR_DISK_READ_ENDS_MAP=50000 MAX_FILE_HANDLES_FOR_READ_ENDS_MAP=8000 SORTING_COLLECTION_SIZE_RATIO=0.25 TAG_DUPLICATE_SET_MEMBERS=false REMOVE_SEQUENCING_DUPLICATES=false TAGGING_POLICY=DontTag CLEAR_DT=true DUPLEX_UMI=false ADD_PG_TAG_TO_READS=true DUPLICATE_SCORING_STRATEGY=SUM_OF_BASE_QUALITIES PROGRAM_RECORD_ID=MarkDuplicates PROGRAM_GROUP_NAME=MarkDuplicates READ_NAME_REGEX=<optimized capture of last three ':' separated fields as numeric values> OPTICAL_DUPLICATE_PIXEL_DISTANCE=100 MAX_OPTICAL_DUPLICATE_SET_SIZE=300000 VERBOSITY=INFO QUIET=false COMPRESSION_LEVEL=5 MAX_RECORDS_IN_RAM=500000 CREATE_INDEX=false CREATE_MD5_FILE=false GA4GH_CLIENT_SECRETS=client_secrets.json USE_JDK_DEFLATER=false USE_JDK_INFLATER=false
[Wed Jul 03 09:22:40 MDT 2024] Executing as sharrin2@t503 on Linux 4.18.0-513.11.1.el8_9.x86_64 amd64; OpenJDK 64-Bit Server VM 11.0.15+10; Deflater: Intel; Inflater: Intel; Provider GCS is not available; Picard version: 2.26.2
INFO	2024-07-03 09:22:40	MarkDuplicates	Start of doWork freeMemory: 397762568; totalMemory: 405536768; maxMemory: 6487212032
INFO	2024-07-03 09:22:40	MarkDuplicates	Reading input file and constructing read end information.
INFO	2024-07-03 09:22:40	MarkDuplicates	Will retain up to 23504391 data points before spilling to disk.
INFO	2024-07-03 09:22:46	MarkDuplicates	Read     1,000,000 records.  Elapsed time: 00:00:05s.  Time for last 1,000,000:    5s.  Last read position: NC_045541.1_RagTag:5,255,664
INFO	2024-07-03 09:22:46	MarkDuplicates	Tracking 55110 as yet unmatched pairs. 3895 records in RAM.
INFO	2024-07-03 09:22:50	MarkDuplicates	Read     2,000,000 records.  Elapsed time: 00:00:09s.  Time for last 1,000,000:    3s.  Last read position: NC_045541.1_RagTag:12,317,069
INFO	2024-07-03 09:22:50	MarkDuplicates	Tracking 93457 as yet unmatched pairs. 6977 records in RAM.
INFO	2024-07-03 09:22:54	MarkDuplicates	Read     3,000,000 records.  Elapsed time: 00:00:13s.  Time for last 1,000,000:    4s.  Last read position: NC_045541.1_RagTag:19,800,462
INFO	2024-07-03 09:22:54	MarkDuplicates	Tracking 132806 as yet unmatched pairs. 9872 records in RAM.
INFO	2024-07-03 09:22:57	MarkDuplicates	Read     4,000,000 records.  Elapsed time: 00:00:16s.  Time for last 1,000,000:    3s.  Last read position: NC_045541.1_RagTag:27,209,507
INFO	2024-07-03 09:22:57	MarkDuplicates	Tracking 174178 as yet unmatched pairs. 12529 records in RAM.
INFO	2024-07-03 09:23:01	MarkDuplicates	Read     5,000,000 records.  Elapsed time: 00:00:20s.  Time for last 1,000,000:    3s.  Last read position: NC_045541.1_RagTag:34,742,473
INFO	2024-07-03 09:23:01	MarkDuplicates	Tracking 214491 as yet unmatched pairs. 14934 records in RAM.
INFO	2024-07-03 09:23:05	MarkDuplicates	Read     6,000,000 records.  Elapsed time: 00:00:24s.  Time for last 1,000,000:    4s.  Last read position: NC_045541.1_RagTag:42,326,368
INFO	2024-07-03 09:23:05	MarkDuplicates	Tracking 254587 as yet unmatched pairs. 16877 records in RAM.
INFO	2024-07-03 09:23:09	MarkDuplicates	Read     7,000,000 records.  Elapsed time: 00:00:28s.  Time for last 1,000,000:    3s.  Last read position: NC_045541.1_RagTag:49,938,184
INFO	2024-07-03 09:23:09	MarkDuplicates	Tracking 296539 as yet unmatched pairs. 18958 records in RAM.
INFO	2024-07-03 09:23:12	MarkDuplicates	Read     8,000,000 records.  Elapsed time: 00:00:32s.  Time for last 1,000,000:    3s.  Last read position: NC_045541.1_RagTag:57,592,261
INFO	2024-07-03 09:23:12	MarkDuplicates	Tracking 334146 as yet unmatched pairs. 20305 records in RAM.
INFO	2024-07-03 09:23:16	MarkDuplicates	Read     9,000,000 records.  Elapsed time: 00:00:35s.  Time for last 1,000,000:    3s.  Last read position: NC_045541.1_RagTag:64,962,513
INFO	2024-07-03 09:23:16	MarkDuplicates	Tracking 369615 as yet unmatched pairs. 21475 records in RAM.
INFO	2024-07-03 09:23:20	MarkDuplicates	Read    10,000,000 records.  Elapsed time: 00:00:39s.  Time for last 1,000,000:    3s.  Last read position: NC_045541.1_RagTag:72,499,733
INFO	2024-07-03 09:23:20	MarkDuplicates	Tracking 403213 as yet unmatched pairs. 21996 records in RAM.
INFO	2024-07-03 09:23:23	MarkDuplicates	Read    11,000,000 records.  Elapsed time: 00:00:42s.  Time for last 1,000,000:    3s.  Last read position: NC_045541.1_RagTag:80,238,376
INFO	2024-07-03 09:23:23	MarkDuplicates	Tracking 441138 as yet unmatched pairs. 22636 records in RAM.
INFO	2024-07-03 09:23:28	MarkDuplicates	Read    12,000,000 records.  Elapsed time: 00:00:47s.  Time for last 1,000,000:    4s.  Last read position: NC_045541.1_RagTag:88,156,812
INFO	2024-07-03 09:23:28	MarkDuplicates	Tracking 476021 as yet unmatched pairs. 23031 records in RAM.
INFO	2024-07-03 09:23:32	MarkDuplicates	Read    13,000,000 records.  Elapsed time: 00:00:51s.  Time for last 1,000,000:    3s.  Last read position: NC_045541.1_RagTag:95,989,135
INFO	2024-07-03 09:23:32	MarkDuplicates	Tracking 511199 as yet unmatched pairs. 22866 records in RAM.
INFO	2024-07-03 09:23:35	MarkDuplicates	Read    14,000,000 records.  Elapsed time: 00:00:54s.  Time for last 1,000,000:    3s.  Last read position: NC_045541.1_RagTag:103,582,274
INFO	2024-07-03 09:23:35	MarkDuplicates	Tracking 546985 as yet unmatched pairs. 22529 records in RAM.
INFO	2024-07-03 09:23:39	MarkDuplicates	Read    15,000,000 records.  Elapsed time: 00:00:58s.  Time for last 1,000,000:    3s.  Last read position: NC_045541.1_RagTag:111,058,519
INFO	2024-07-03 09:23:39	MarkDuplicates	Tracking 580517 as yet unmatched pairs. 21864 records in RAM.
INFO	2024-07-03 09:23:42	MarkDuplicates	Read    16,000,000 records.  Elapsed time: 00:01:01s.  Time for last 1,000,000:    3s.  Last read position: NC_045541.1_RagTag:119,073,956
INFO	2024-07-03 09:23:42	MarkDuplicates	Tracking 612453 as yet unmatched pairs. 20910 records in RAM.
INFO	2024-07-03 09:23:46	MarkDuplicates	Read    17,000,000 records.  Elapsed time: 00:01:05s.  Time for last 1,000,000:    3s.  Last read position: NC_045541.1_RagTag:126,818,963
INFO	2024-07-03 09:23:46	MarkDuplicates	Tracking 643098 as yet unmatched pairs. 19642 records in RAM.
INFO	2024-07-03 09:23:49	MarkDuplicates	Read    18,000,000 records.  Elapsed time: 00:01:08s.  Time for last 1,000,000:    3s.  Last read position: NC_045541.1_RagTag:134,163,451
INFO	2024-07-03 09:23:49	MarkDuplicates	Tracking 675986 as yet unmatched pairs. 18189 records in RAM.
INFO	2024-07-03 09:23:53	MarkDuplicates	Read    19,000,000 records.  Elapsed time: 00:01:12s.  Time for last 1,000,000:    3s.  Last read position: NC_045541.1_RagTag:141,880,521
INFO	2024-07-03 09:23:53	MarkDuplicates	Tracking 708959 as yet unmatched pairs. 16478 records in RAM.
INFO	2024-07-03 09:23:56	MarkDuplicates	Read    20,000,000 records.  Elapsed time: 00:01:15s.  Time for last 1,000,000:    3s.  Last read position: NC_045541.1_RagTag:149,490,854
INFO	2024-07-03 09:23:56	MarkDuplicates	Tracking 742469 as yet unmatched pairs. 14511 records in RAM.
INFO	2024-07-03 09:24:01	MarkDuplicates	Read    21,000,000 records.  Elapsed time: 00:01:20s.  Time for last 1,000,000:    4s.  Last read position: NC_045541.1_RagTag:156,536,759
INFO	2024-07-03 09:24:01	MarkDuplicates	Tracking 783553 as yet unmatched pairs. 11813 records in RAM.
INFO	2024-07-03 09:24:06	MarkDuplicates	Read    22,000,000 records.  Elapsed time: 00:01:25s.  Time for last 1,000,000:    4s.  Last read position: NC_045541.1_RagTag:163,422,203
INFO	2024-07-03 09:24:06	MarkDuplicates	Tracking 825780 as yet unmatched pairs. 8686 records in RAM.
INFO	2024-07-03 09:24:09	MarkDuplicates	Read    23,000,000 records.  Elapsed time: 00:01:28s.  Time for last 1,000,000:    3s.  Last read position: NC_045541.1_RagTag:170,240,090
INFO	2024-07-03 09:24:09	MarkDuplicates	Tracking 881154 as yet unmatched pairs. 4404 records in RAM.
INFO	2024-07-03 09:24:13	MarkDuplicates	Read    24,000,000 records.  Elapsed time: 00:01:32s.  Time for last 1,000,000:    3s.  Last read position: NC_045541.1_RagTag:176,838,364
INFO	2024-07-03 09:24:13	MarkDuplicates	Tracking 934199 as yet unmatched pairs. 5 records in RAM.
INFO	2024-07-03 09:24:31	MarkDuplicates	Read    25,000,000 records.  Elapsed time: 00:01:51s.  Time for last 1,000,000:   18s.  Last read position: NC_045542.1_RagTag:6,226,846
INFO	2024-07-03 09:24:31	MarkDuplicates	Tracking 968308 as yet unmatched pairs. 84598 records in RAM.
INFO	2024-07-03 09:24:35	MarkDuplicates	Read    26,000,000 records.  Elapsed time: 00:01:54s.  Time for last 1,000,000:    3s.  Last read position: NC_045542.1_RagTag:13,496,887
INFO	2024-07-03 09:24:35	MarkDuplicates	Tracking 996068 as yet unmatched pairs. 83925 records in RAM.
INFO	2024-07-03 09:24:39	MarkDuplicates	Read    27,000,000 records.  Elapsed time: 00:01:58s.  Time for last 1,000,000:    3s.  Last read position: NC_045542.1_RagTag:20,685,122
INFO	2024-07-03 09:24:39	MarkDuplicates	Tracking 1029463 as yet unmatched pairs. 83309 records in RAM.
INFO	2024-07-03 09:24:42	MarkDuplicates	Read    28,000,000 records.  Elapsed time: 00:02:01s.  Time for last 1,000,000:    3s.  Last read position: NC_045542.1_RagTag:27,928,848
INFO	2024-07-03 09:24:42	MarkDuplicates	Tracking 1060977 as yet unmatched pairs. 82074 records in RAM.
INFO	2024-07-03 09:24:46	MarkDuplicates	Read    29,000,000 records.  Elapsed time: 00:02:05s.  Time for last 1,000,000:    3s.  Last read position: NC_045542.1_RagTag:34,914,680
INFO	2024-07-03 09:24:46	MarkDuplicates	Tracking 1097391 as yet unmatched pairs. 80389 records in RAM.
INFO	2024-07-03 09:24:49	MarkDuplicates	Read    30,000,000 records.  Elapsed time: 00:02:09s.  Time for last 1,000,000:    3s.  Last read position: NC_045542.1_RagTag:42,510,096
INFO	2024-07-03 09:24:49	MarkDuplicates	Tracking 1130864 as yet unmatched pairs. 78006 records in RAM.
INFO	2024-07-03 09:24:53	MarkDuplicates	Read    31,000,000 records.  Elapsed time: 00:02:12s.  Time for last 1,000,000:    3s.  Last read position: NC_045542.1_RagTag:49,845,315
INFO	2024-07-03 09:24:53	MarkDuplicates	Tracking 1158578 as yet unmatched pairs. 76176 records in RAM.
INFO	2024-07-03 09:24:57	MarkDuplicates	Read    32,000,000 records.  Elapsed time: 00:02:16s.  Time for last 1,000,000:    3s.  Last read position: NC_045542.1_RagTag:57,272,798
INFO	2024-07-03 09:24:57	MarkDuplicates	Tracking 1184827 as yet unmatched pairs. 73661 records in RAM.
INFO	2024-07-03 09:25:00	MarkDuplicates	Read    33,000,000 records.  Elapsed time: 00:02:19s.  Time for last 1,000,000:    3s.  Last read position: NC_045542.1_RagTag:64,887,300
INFO	2024-07-03 09:25:00	MarkDuplicates	Tracking 1211915 as yet unmatched pairs. 71040 records in RAM.
INFO	2024-07-03 09:25:04	MarkDuplicates	Read    34,000,000 records.  Elapsed time: 00:02:23s.  Time for last 1,000,000:    3s.  Last read position: NC_045542.1_RagTag:72,917,281
INFO	2024-07-03 09:25:04	MarkDuplicates	Tracking 1239919 as yet unmatched pairs. 68110 records in RAM.
INFO	2024-07-03 09:25:07	MarkDuplicates	Read    35,000,000 records.  Elapsed time: 00:02:27s.  Time for last 1,000,000:    3s.  Last read position: NC_045542.1_RagTag:80,679,132
INFO	2024-07-03 09:25:07	MarkDuplicates	Tracking 1268627 as yet unmatched pairs. 64836 records in RAM.
INFO	2024-07-03 09:25:11	MarkDuplicates	Read    36,000,000 records.  Elapsed time: 00:02:30s.  Time for last 1,000,000:    3s.  Last read position: NC_045542.1_RagTag:88,399,208
INFO	2024-07-03 09:25:11	MarkDuplicates	Tracking 1297009 as yet unmatched pairs. 61223 records in RAM.
INFO	2024-07-03 09:25:15	MarkDuplicates	Read    37,000,000 records.  Elapsed time: 00:02:34s.  Time for last 1,000,000:    3s.  Last read position: NC_045542.1_RagTag:95,994,908
INFO	2024-07-03 09:25:15	MarkDuplicates	Tracking 1323593 as yet unmatched pairs. 57366 records in RAM.
INFO	2024-07-03 09:25:20	MarkDuplicates	Read    38,000,000 records.  Elapsed time: 00:02:39s.  Time for last 1,000,000:    5s.  Last read position: NC_045542.1_RagTag:103,421,865
INFO	2024-07-03 09:25:20	MarkDuplicates	Tracking 1347158 as yet unmatched pairs. 53699 records in RAM.
INFO	2024-07-03 09:25:24	MarkDuplicates	Read    39,000,000 records.  Elapsed time: 00:02:43s.  Time for last 1,000,000:    3s.  Last read position: NC_045542.1_RagTag:110,911,736
INFO	2024-07-03 09:25:24	MarkDuplicates	Tracking 1375963 as yet unmatched pairs. 49218 records in RAM.
INFO	2024-07-03 09:25:27	MarkDuplicates	Read    40,000,000 records.  Elapsed time: 00:02:46s.  Time for last 1,000,000:    3s.  Last read position: NC_045542.1_RagTag:118,254,468
INFO	2024-07-03 09:25:27	MarkDuplicates	Tracking 1405514 as yet unmatched pairs. 44443 records in RAM.
INFO	2024-07-03 09:25:31	MarkDuplicates	Read    41,000,000 records.  Elapsed time: 00:02:50s.  Time for last 1,000,000:    3s.  Last read position: NC_045542.1_RagTag:125,819,480
INFO	2024-07-03 09:25:31	MarkDuplicates	Tracking 1438226 as yet unmatched pairs. 38827 records in RAM.
INFO	2024-07-03 09:25:34	MarkDuplicates	Read    42,000,000 records.  Elapsed time: 00:02:53s.  Time for last 1,000,000:    3s.  Last read position: NC_045542.1_RagTag:132,756,524
INFO	2024-07-03 09:25:34	MarkDuplicates	Tracking 1472167 as yet unmatched pairs. 32436 records in RAM.
INFO	2024-07-03 09:25:38	MarkDuplicates	Read    43,000,000 records.  Elapsed time: 00:02:57s.  Time for last 1,000,000:    3s.  Last read position: NC_045542.1_RagTag:139,577,105
INFO	2024-07-03 09:25:38	MarkDuplicates	Tracking 1507756 as yet unmatched pairs. 25253 records in RAM.
INFO	2024-07-03 09:25:42	MarkDuplicates	Read    44,000,000 records.  Elapsed time: 00:03:01s.  Time for last 1,000,000:    3s.  Last read position: NC_045542.1_RagTag:145,659,374
INFO	2024-07-03 09:25:42	MarkDuplicates	Tracking 1548121 as yet unmatched pairs. 17764 records in RAM.
INFO	2024-07-03 09:25:45	MarkDuplicates	Read    45,000,000 records.  Elapsed time: 00:03:05s.  Time for last 1,000,000:    3s.  Last read position: NC_045542.1_RagTag:151,577,999
INFO	2024-07-03 09:25:45	MarkDuplicates	Tracking 1586343 as yet unmatched pairs. 10310 records in RAM.
INFO	2024-07-03 09:25:49	MarkDuplicates	Read    46,000,000 records.  Elapsed time: 00:03:08s.  Time for last 1,000,000:    3s.  Last read position: NC_045542.1_RagTag:157,675,317
INFO	2024-07-03 09:25:49	MarkDuplicates	Tracking 1627014 as yet unmatched pairs. 2368 records in RAM.
INFO	2024-07-03 09:25:55	MarkDuplicates	Read    47,000,000 records.  Elapsed time: 00:03:14s.  Time for last 1,000,000:    5s.  Last read position: NC_045543.1_RagTag:4,778,402
INFO	2024-07-03 09:25:55	MarkDuplicates	Tracking 1661481 as yet unmatched pairs. 115354 records in RAM.
INFO	2024-07-03 09:25:58	MarkDuplicates	Read    48,000,000 records.  Elapsed time: 00:03:17s.  Time for last 1,000,000:    3s.  Last read position: NC_045543.1_RagTag:12,183,379
INFO	2024-07-03 09:25:58	MarkDuplicates	Tracking 1684071 as yet unmatched pairs. 110599 records in RAM.
INFO	2024-07-03 09:26:02	MarkDuplicates	Read    49,000,000 records.  Elapsed time: 00:03:21s.  Time for last 1,000,000:    3s.  Last read position: NC_045543.1_RagTag:19,738,210
INFO	2024-07-03 09:26:02	MarkDuplicates	Tracking 1708648 as yet unmatched pairs. 105378 records in RAM.
INFO	2024-07-03 09:26:18	MarkDuplicates	Read    50,000,000 records.  Elapsed time: 00:03:37s.  Time for last 1,000,000:   15s.  Last read position: NC_045543.1_RagTag:27,291,595
INFO	2024-07-03 09:26:18	MarkDuplicates	Tracking 1736869 as yet unmatched pairs. 99011 records in RAM.
INFO	2024-07-03 09:26:21	MarkDuplicates	Read    51,000,000 records.  Elapsed time: 00:03:40s.  Time for last 1,000,000:    3s.  Last read position: NC_045543.1_RagTag:34,663,541
INFO	2024-07-03 09:26:21	MarkDuplicates	Tracking 1763086 as yet unmatched pairs. 92528 records in RAM.
INFO	2024-07-03 09:26:40	MarkDuplicates	Read    52,000,000 records.  Elapsed time: 00:03:59s.  Time for last 1,000,000:   18s.  Last read position: NC_045543.1_RagTag:42,681,572
INFO	2024-07-03 09:26:40	MarkDuplicates	Tracking 1784496 as yet unmatched pairs. 86548 records in RAM.
INFO	2024-07-03 09:26:43	MarkDuplicates	Read    53,000,000 records.  Elapsed time: 00:04:02s.  Time for last 1,000,000:    3s.  Last read position: NC_045543.1_RagTag:50,407,201
INFO	2024-07-03 09:26:43	MarkDuplicates	Tracking 1809352 as yet unmatched pairs. 80305 records in RAM.
INFO	2024-07-03 09:26:47	MarkDuplicates	Read    54,000,000 records.  Elapsed time: 00:04:06s.  Time for last 1,000,000:    3s.  Last read position: NC_045543.1_RagTag:58,503,826
INFO	2024-07-03 09:26:47	MarkDuplicates	Tracking 1830137 as yet unmatched pairs. 74517 records in RAM.
INFO	2024-07-03 09:26:51	MarkDuplicates	Read    55,000,000 records.  Elapsed time: 00:04:11s.  Time for last 1,000,000:    4s.  Last read position: NC_045543.1_RagTag:66,566,733
INFO	2024-07-03 09:26:51	MarkDuplicates	Tracking 1852561 as yet unmatched pairs. 68007 records in RAM.
INFO	2024-07-03 09:26:55	MarkDuplicates	Read    56,000,000 records.  Elapsed time: 00:04:14s.  Time for last 1,000,000:    3s.  Last read position: NC_045543.1_RagTag:74,636,814
INFO	2024-07-03 09:26:55	MarkDuplicates	Tracking 1872530 as yet unmatched pairs. 61555 records in RAM.
INFO	2024-07-03 09:26:58	MarkDuplicates	Read    57,000,000 records.  Elapsed time: 00:04:18s.  Time for last 1,000,000:    3s.  Last read position: NC_045543.1_RagTag:82,578,573
INFO	2024-07-03 09:26:58	MarkDuplicates	Tracking 1896242 as yet unmatched pairs. 53757 records in RAM.
INFO	2024-07-03 09:27:02	MarkDuplicates	Read    58,000,000 records.  Elapsed time: 00:04:21s.  Time for last 1,000,000:    3s.  Last read position: NC_045543.1_RagTag:89,860,835
INFO	2024-07-03 09:27:02	MarkDuplicates	Tracking 1923157 as yet unmatched pairs. 44381 records in RAM.
INFO	2024-07-03 09:27:06	MarkDuplicates	Read    59,000,000 records.  Elapsed time: 00:04:25s.  Time for last 1,000,000:    3s.  Last read position: NC_045543.1_RagTag:96,460,648
INFO	2024-07-03 09:27:06	MarkDuplicates	Tracking 1961278 as yet unmatched pairs. 32523 records in RAM.
INFO	2024-07-03 09:27:10	MarkDuplicates	Read    60,000,000 records.  Elapsed time: 00:04:29s.  Time for last 1,000,000:    3s.  Last read position: NC_045543.1_RagTag:102,133,467
INFO	2024-07-03 09:27:10	MarkDuplicates	Tracking 2017854 as yet unmatched pairs. 17175 records in RAM.
INFO	2024-07-03 09:27:13	MarkDuplicates	Read    61,000,000 records.  Elapsed time: 00:04:32s.  Time for last 1,000,000:    3s.  Last read position: NC_045543.1_RagTag:108,623,286
INFO	2024-07-03 09:27:13	MarkDuplicates	Tracking 2066573 as yet unmatched pairs. 1830 records in RAM.
INFO	2024-07-03 09:27:20	MarkDuplicates	Read    62,000,000 records.  Elapsed time: 00:04:39s.  Time for last 1,000,000:    6s.  Last read position: NC_045544.1_RagTag:6,889,765
INFO	2024-07-03 09:27:20	MarkDuplicates	Tracking 2092942 as yet unmatched pairs. 208651 records in RAM.
INFO	2024-07-03 09:27:24	MarkDuplicates	Read    63,000,000 records.  Elapsed time: 00:04:43s.  Time for last 1,000,000:    3s.  Last read position: NC_045544.1_RagTag:14,166,957
INFO	2024-07-03 09:27:24	MarkDuplicates	Tracking 2117614 as yet unmatched pairs. 201222 records in RAM.
INFO	2024-07-03 09:27:27	MarkDuplicates	Read    64,000,000 records.  Elapsed time: 00:04:46s.  Time for last 1,000,000:    3s.  Last read position: NC_045544.1_RagTag:21,637,713
INFO	2024-07-03 09:27:27	MarkDuplicates	Tracking 2139879 as yet unmatched pairs. 193915 records in RAM.
INFO	2024-07-03 09:27:31	MarkDuplicates	Read    65,000,000 records.  Elapsed time: 00:04:50s.  Time for last 1,000,000:    3s.  Last read position: NC_045544.1_RagTag:29,011,184
INFO	2024-07-03 09:27:31	MarkDuplicates	Tracking 2161001 as yet unmatched pairs. 186153 records in RAM.
INFO	2024-07-03 09:27:35	MarkDuplicates	Read    66,000,000 records.  Elapsed time: 00:04:54s.  Time for last 1,000,000:    3s.  Last read position: NC_045544.1_RagTag:36,210,696
INFO	2024-07-03 09:27:35	MarkDuplicates	Tracking 2182424 as yet unmatched pairs. 178465 records in RAM.
INFO	2024-07-03 09:27:38	MarkDuplicates	Read    67,000,000 records.  Elapsed time: 00:04:57s.  Time for last 1,000,000:    3s.  Last read position: NC_045544.1_RagTag:43,854,412
INFO	2024-07-03 09:27:38	MarkDuplicates	Tracking 2205447 as yet unmatched pairs. 169604 records in RAM.
INFO	2024-07-03 09:27:42	MarkDuplicates	Read    68,000,000 records.  Elapsed time: 00:05:01s.  Time for last 1,000,000:    3s.  Last read position: NC_045544.1_RagTag:51,534,678
INFO	2024-07-03 09:27:42	MarkDuplicates	Tracking 2226487 as yet unmatched pairs. 160476 records in RAM.
INFO	2024-07-03 09:27:45	MarkDuplicates	Read    69,000,000 records.  Elapsed time: 00:05:04s.  Time for last 1,000,000:    3s.  Last read position: NC_045544.1_RagTag:59,434,783
INFO	2024-07-03 09:27:45	MarkDuplicates	Tracking 2245316 as yet unmatched pairs. 152690 records in RAM.
INFO	2024-07-03 09:27:49	MarkDuplicates	Read    70,000,000 records.  Elapsed time: 00:05:08s.  Time for last 1,000,000:    3s.  Last read position: NC_045544.1_RagTag:67,241,807
INFO	2024-07-03 09:27:49	MarkDuplicates	Tracking 2264145 as yet unmatched pairs. 143245 records in RAM.
INFO	2024-07-03 09:27:53	MarkDuplicates	Read    71,000,000 records.  Elapsed time: 00:05:12s.  Time for last 1,000,000:    3s.  Last read position: NC_045544.1_RagTag:74,814,961
INFO	2024-07-03 09:27:53	MarkDuplicates	Tracking 2281652 as yet unmatched pairs. 134355 records in RAM.
INFO	2024-07-03 09:27:56	MarkDuplicates	Read    72,000,000 records.  Elapsed time: 00:05:15s.  Time for last 1,000,000:    3s.  Last read position: NC_045544.1_RagTag:82,422,862
INFO	2024-07-03 09:27:56	MarkDuplicates	Tracking 2299400 as yet unmatched pairs. 125274 records in RAM.
INFO	2024-07-03 09:28:00	MarkDuplicates	Read    73,000,000 records.  Elapsed time: 00:05:19s.  Time for last 1,000,000:    3s.  Last read position: NC_045544.1_RagTag:90,102,528
INFO	2024-07-03 09:28:00	MarkDuplicates	Tracking 2316617 as yet unmatched pairs. 116073 records in RAM.
INFO	2024-07-03 09:28:03	MarkDuplicates	Read    74,000,000 records.  Elapsed time: 00:05:22s.  Time for last 1,000,000:    3s.  Last read position: NC_045544.1_RagTag:97,707,669
INFO	2024-07-03 09:28:03	MarkDuplicates	Tracking 2333371 as yet unmatched pairs. 106243 records in RAM.
INFO	2024-07-03 09:28:19	MarkDuplicates	Read    75,000,000 records.  Elapsed time: 00:05:38s.  Time for last 1,000,000:   15s.  Last read position: NC_045544.1_RagTag:105,501,988
INFO	2024-07-03 09:28:19	MarkDuplicates	Tracking 2348058 as yet unmatched pairs. 97039 records in RAM.
INFO	2024-07-03 09:28:22	MarkDuplicates	Read    76,000,000 records.  Elapsed time: 00:05:41s.  Time for last 1,000,000:    3s.  Last read position: NC_045544.1_RagTag:113,304,086
INFO	2024-07-03 09:28:22	MarkDuplicates	Tracking 2363189 as yet unmatched pairs. 88259 records in RAM.
INFO	2024-07-03 09:28:26	MarkDuplicates	Read    77,000,000 records.  Elapsed time: 00:05:45s.  Time for last 1,000,000:    3s.  Last read position: NC_045544.1_RagTag:120,992,384
INFO	2024-07-03 09:28:26	MarkDuplicates	Tracking 2377474 as yet unmatched pairs. 78578 records in RAM.
INFO	2024-07-03 09:28:29	MarkDuplicates	Read    78,000,000 records.  Elapsed time: 00:05:49s.  Time for last 1,000,000:    3s.  Last read position: NC_045544.1_RagTag:128,697,095
INFO	2024-07-03 09:28:29	MarkDuplicates	Tracking 2395225 as yet unmatched pairs. 66665 records in RAM.
INFO	2024-07-03 09:28:33	MarkDuplicates	Read    79,000,000 records.  Elapsed time: 00:05:52s.  Time for last 1,000,000:    3s.  Last read position: NC_045544.1_RagTag:135,985,592
INFO	2024-07-03 09:28:33	MarkDuplicates	Tracking 2411627 as yet unmatched pairs. 55245 records in RAM.
INFO	2024-07-03 09:28:37	MarkDuplicates	Read    80,000,000 records.  Elapsed time: 00:05:56s.  Time for last 1,000,000:    3s.  Last read position: NC_045544.1_RagTag:142,995,718
INFO	2024-07-03 09:28:37	MarkDuplicates	Tracking 2429518 as yet unmatched pairs. 42180 records in RAM.
INFO	2024-07-03 09:28:40	MarkDuplicates	Read    81,000,000 records.  Elapsed time: 00:05:59s.  Time for last 1,000,000:    3s.  Last read position: NC_045544.1_RagTag:149,799,253
INFO	2024-07-03 09:28:40	MarkDuplicates	Tracking 2454711 as yet unmatched pairs. 25412 records in RAM.
INFO	2024-07-03 09:28:44	MarkDuplicates	Read    82,000,000 records.  Elapsed time: 00:06:03s.  Time for last 1,000,000:    3s.  Last read position: NC_045544.1_RagTag:157,132,394
INFO	2024-07-03 09:28:44	MarkDuplicates	Tracking 2486924 as yet unmatched pairs. 6476 records in RAM.
INFO	2024-07-03 09:28:50	MarkDuplicates	Read    83,000,000 records.  Elapsed time: 00:06:09s.  Time for last 1,000,000:    6s.  Last read position: NC_045545.1_RagTag:4,239,672
INFO	2024-07-03 09:28:50	MarkDuplicates	Tracking 2510403 as yet unmatched pairs. 162598 records in RAM.
INFO	2024-07-03 09:28:54	MarkDuplicates	Read    84,000,000 records.  Elapsed time: 00:06:13s.  Time for last 1,000,000:    3s.  Last read position: NC_045545.1_RagTag:11,893,563
INFO	2024-07-03 09:28:54	MarkDuplicates	Tracking 2524881 as yet unmatched pairs. 151197 records in RAM.
INFO	2024-07-03 09:28:57	MarkDuplicates	Read    85,000,000 records.  Elapsed time: 00:06:16s.  Time for last 1,000,000:    3s.  Last read position: NC_045545.1_RagTag:19,778,555
INFO	2024-07-03 09:28:57	MarkDuplicates	Tracking 2537468 as yet unmatched pairs. 140049 records in RAM.
INFO	2024-07-03 09:29:03	MarkDuplicates	Read    86,000,000 records.  Elapsed time: 00:06:22s.  Time for last 1,000,000:    5s.  Last read position: NC_045545.1_RagTag:27,613,071
INFO	2024-07-03 09:29:03	MarkDuplicates	Tracking 2550751 as yet unmatched pairs. 128673 records in RAM.
INFO	2024-07-03 09:29:06	MarkDuplicates	Read    87,000,000 records.  Elapsed time: 00:06:25s.  Time for last 1,000,000:    3s.  Last read position: NC_045545.1_RagTag:35,442,628
INFO	2024-07-03 09:29:06	MarkDuplicates	Tracking 2562922 as yet unmatched pairs. 117505 records in RAM.
INFO	2024-07-03 09:29:10	MarkDuplicates	Read    88,000,000 records.  Elapsed time: 00:06:29s.  Time for last 1,000,000:    3s.  Last read position: NC_045545.1_RagTag:43,229,787
INFO	2024-07-03 09:29:10	MarkDuplicates	Tracking 2573182 as yet unmatched pairs. 106875 records in RAM.
INFO	2024-07-03 09:29:13	MarkDuplicates	Read    89,000,000 records.  Elapsed time: 00:06:32s.  Time for last 1,000,000:    3s.  Last read position: NC_045545.1_RagTag:51,045,041
INFO	2024-07-03 09:29:13	MarkDuplicates	Tracking 2583951 as yet unmatched pairs. 95984 records in RAM.
INFO	2024-07-03 09:29:17	MarkDuplicates	Read    90,000,000 records.  Elapsed time: 00:06:36s.  Time for last 1,000,000:    3s.  Last read position: NC_045545.1_RagTag:59,136,413
INFO	2024-07-03 09:29:17	MarkDuplicates	Tracking 2593798 as yet unmatched pairs. 85490 records in RAM.
INFO	2024-07-03 09:29:20	MarkDuplicates	Read    91,000,000 records.  Elapsed time: 00:06:39s.  Time for last 1,000,000:    3s.  Last read position: NC_045545.1_RagTag:66,954,092
INFO	2024-07-03 09:29:20	MarkDuplicates	Tracking 2605178 as yet unmatched pairs. 73146 records in RAM.
INFO	2024-07-03 09:29:24	MarkDuplicates	Read    92,000,000 records.  Elapsed time: 00:06:43s.  Time for last 1,000,000:    3s.  Last read position: NC_045545.1_RagTag:74,120,635
INFO	2024-07-03 09:29:24	MarkDuplicates	Tracking 2620297 as yet unmatched pairs. 57828 records in RAM.
INFO	2024-07-03 09:29:27	MarkDuplicates	Read    93,000,000 records.  Elapsed time: 00:06:47s.  Time for last 1,000,000:    3s.  Last read position: NC_045545.1_RagTag:80,831,306
INFO	2024-07-03 09:29:27	MarkDuplicates	Tracking 2638155 as yet unmatched pairs. 39353 records in RAM.
INFO	2024-07-03 09:29:31	MarkDuplicates	Read    94,000,000 records.  Elapsed time: 00:06:50s.  Time for last 1,000,000:    3s.  Last read position: NC_045545.1_RagTag:87,617,590
INFO	2024-07-03 09:29:31	MarkDuplicates	Tracking 2666769 as yet unmatched pairs. 15584 records in RAM.
INFO	2024-07-03 09:29:38	MarkDuplicates	Read    95,000,000 records.  Elapsed time: 00:06:57s.  Time for last 1,000,000:    7s.  Last read position: NC_045546.1_RagTag:1,584,701
INFO	2024-07-03 09:29:38	MarkDuplicates	Tracking 2693106 as yet unmatched pairs. 231060 records in RAM.
INFO	2024-07-03 09:29:42	MarkDuplicates	Read    96,000,000 records.  Elapsed time: 00:07:01s.  Time for last 1,000,000:    4s.  Last read position: NC_045546.1_RagTag:8,595,036
INFO	2024-07-03 09:29:42	MarkDuplicates	Tracking 2725465 as yet unmatched pairs. 208165 records in RAM.
INFO	2024-07-03 09:29:46	MarkDuplicates	Read    97,000,000 records.  Elapsed time: 00:07:05s.  Time for last 1,000,000:    3s.  Last read position: NC_045546.1_RagTag:15,294,087
INFO	2024-07-03 09:29:46	MarkDuplicates	Tracking 2746199 as yet unmatched pairs. 187165 records in RAM.
INFO	2024-07-03 09:29:50	MarkDuplicates	Read    98,000,000 records.  Elapsed time: 00:07:09s.  Time for last 1,000,000:    3s.  Last read position: NC_045546.1_RagTag:22,753,437
INFO	2024-07-03 09:29:50	MarkDuplicates	Tracking 2758376 as yet unmatched pairs. 170763 records in RAM.
INFO	2024-07-03 09:29:53	MarkDuplicates	Read    99,000,000 records.  Elapsed time: 00:07:12s.  Time for last 1,000,000:    3s.  Last read position: NC_045546.1_RagTag:30,646,677
INFO	2024-07-03 09:29:53	MarkDuplicates	Tracking 2766826 as yet unmatched pairs. 156921 records in RAM.
INFO	2024-07-03 09:30:09	MarkDuplicates	Read   100,000,000 records.  Elapsed time: 00:07:28s.  Time for last 1,000,000:   15s.  Last read position: NC_045546.1_RagTag:38,845,442
INFO	2024-07-03 09:30:09	MarkDuplicates	Tracking 2775237 as yet unmatched pairs. 144354 records in RAM.
INFO	2024-07-03 09:30:12	MarkDuplicates	Read   101,000,000 records.  Elapsed time: 00:07:31s.  Time for last 1,000,000:    3s.  Last read position: NC_045546.1_RagTag:47,078,108
INFO	2024-07-03 09:30:12	MarkDuplicates	Tracking 2784793 as yet unmatched pairs. 130676 records in RAM.
INFO	2024-07-03 09:30:16	MarkDuplicates	Read   102,000,000 records.  Elapsed time: 00:07:35s.  Time for last 1,000,000:    3s.  Last read position: NC_045546.1_RagTag:54,948,451
INFO	2024-07-03 09:30:16	MarkDuplicates	Tracking 2793810 as yet unmatched pairs. 117546 records in RAM.
INFO	2024-07-03 09:30:35	MarkDuplicates	Read   103,000,000 records.  Elapsed time: 00:07:55s.  Time for last 1,000,000:   19s.  Last read position: NC_045546.1_RagTag:61,896,187
INFO	2024-07-03 09:30:35	MarkDuplicates	Tracking 2806631 as yet unmatched pairs. 102856 records in RAM.
INFO	2024-07-03 09:30:39	MarkDuplicates	Read   104,000,000 records.  Elapsed time: 00:07:58s.  Time for last 1,000,000:    3s.  Last read position: NC_045546.1_RagTag:68,743,334
INFO	2024-07-03 09:30:39	MarkDuplicates	Tracking 2824577 as yet unmatched pairs. 86002 records in RAM.
INFO	2024-07-03 09:30:44	MarkDuplicates	Read   105,000,000 records.  Elapsed time: 00:08:03s.  Time for last 1,000,000:    4s.  Last read position: NC_045546.1_RagTag:74,701,020
INFO	2024-07-03 09:30:44	MarkDuplicates	Tracking 2847229 as yet unmatched pairs. 68388 records in RAM.
INFO	2024-07-03 09:30:47	MarkDuplicates	Read   106,000,000 records.  Elapsed time: 00:08:06s.  Time for last 1,000,000:    3s.  Last read position: NC_045546.1_RagTag:81,482,854
INFO	2024-07-03 09:30:47	MarkDuplicates	Tracking 2857009 as yet unmatched pairs. 51443 records in RAM.
INFO	2024-07-03 09:30:51	MarkDuplicates	Read   107,000,000 records.  Elapsed time: 00:08:10s.  Time for last 1,000,000:    3s.  Last read position: NC_045546.1_RagTag:88,431,777
INFO	2024-07-03 09:30:51	MarkDuplicates	Tracking 2865891 as yet unmatched pairs. 33956 records in RAM.
INFO	2024-07-03 09:30:54	MarkDuplicates	Read   108,000,000 records.  Elapsed time: 00:08:14s.  Time for last 1,000,000:    3s.  Last read position: NC_045546.1_RagTag:96,263,704
INFO	2024-07-03 09:30:54	MarkDuplicates	Tracking 2871253 as yet unmatched pairs. 18465 records in RAM.
INFO	2024-07-03 09:31:02	MarkDuplicates	Read   109,000,000 records.  Elapsed time: 00:08:21s.  Time for last 1,000,000:    7s.  Last read position: NC_045547.1_RagTag:266,197
INFO	2024-07-03 09:31:02	MarkDuplicates	Tracking 2878754 as yet unmatched pairs. 277252 records in RAM.
INFO	2024-07-03 09:31:06	MarkDuplicates	Read   110,000,000 records.  Elapsed time: 00:08:25s.  Time for last 1,000,000:    4s.  Last read position: NC_045547.1_RagTag:6,881,553
INFO	2024-07-03 09:31:06	MarkDuplicates	Tracking 2902738 as yet unmatched pairs. 254314 records in RAM.
INFO	2024-07-03 09:31:10	MarkDuplicates	Read   111,000,000 records.  Elapsed time: 00:08:29s.  Time for last 1,000,000:    3s.  Last read position: NC_045547.1_RagTag:13,599,736
INFO	2024-07-03 09:31:10	MarkDuplicates	Tracking 2917030 as yet unmatched pairs. 229888 records in RAM.
INFO	2024-07-03 09:31:13	MarkDuplicates	Read   112,000,000 records.  Elapsed time: 00:08:33s.  Time for last 1,000,000:    3s.  Last read position: NC_045547.1_RagTag:20,868,719
INFO	2024-07-03 09:31:13	MarkDuplicates	Tracking 2923685 as yet unmatched pairs. 211334 records in RAM.
INFO	2024-07-03 09:31:17	MarkDuplicates	Read   113,000,000 records.  Elapsed time: 00:08:36s.  Time for last 1,000,000:    3s.  Last read position: NC_045547.1_RagTag:28,353,314
INFO	2024-07-03 09:31:17	MarkDuplicates	Tracking 2928436 as yet unmatched pairs. 194330 records in RAM.
INFO	2024-07-03 09:31:21	MarkDuplicates	Read   114,000,000 records.  Elapsed time: 00:08:40s.  Time for last 1,000,000:    3s.  Last read position: NC_045547.1_RagTag:35,919,498
INFO	2024-07-03 09:31:21	MarkDuplicates	Tracking 2932236 as yet unmatched pairs. 179999 records in RAM.
INFO	2024-07-03 09:31:24	MarkDuplicates	Read   115,000,000 records.  Elapsed time: 00:08:43s.  Time for last 1,000,000:    3s.  Last read position: NC_045547.1_RagTag:43,971,964
INFO	2024-07-03 09:31:24	MarkDuplicates	Tracking 2935945 as yet unmatched pairs. 164093 records in RAM.
INFO	2024-07-03 09:31:28	MarkDuplicates	Read   116,000,000 records.  Elapsed time: 00:08:47s.  Time for last 1,000,000:    3s.  Last read position: NC_045547.1_RagTag:51,484,479
INFO	2024-07-03 09:31:28	MarkDuplicates	Tracking 2941715 as yet unmatched pairs. 146238 records in RAM.
INFO	2024-07-03 09:31:32	MarkDuplicates	Read   117,000,000 records.  Elapsed time: 00:08:51s.  Time for last 1,000,000:    3s.  Last read position: NC_045547.1_RagTag:58,176,128
INFO	2024-07-03 09:31:32	MarkDuplicates	Tracking 2950482 as yet unmatched pairs. 124512 records in RAM.
INFO	2024-07-03 09:31:35	MarkDuplicates	Read   118,000,000 records.  Elapsed time: 00:08:55s.  Time for last 1,000,000:    3s.  Last read position: NC_045547.1_RagTag:63,637,978
INFO	2024-07-03 09:31:35	MarkDuplicates	Tracking 2959160 as yet unmatched pairs. 102224 records in RAM.
INFO	2024-07-03 09:31:39	MarkDuplicates	Read   119,000,000 records.  Elapsed time: 00:08:58s.  Time for last 1,000,000:    3s.  Last read position: NC_045547.1_RagTag:70,574,271
INFO	2024-07-03 09:31:39	MarkDuplicates	Tracking 2963418 as yet unmatched pairs. 82688 records in RAM.
INFO	2024-07-03 09:31:43	MarkDuplicates	Read   120,000,000 records.  Elapsed time: 00:09:02s.  Time for last 1,000,000:    3s.  Last read position: NC_045547.1_RagTag:78,057,502
INFO	2024-07-03 09:31:43	MarkDuplicates	Tracking 2968961 as yet unmatched pairs. 60012 records in RAM.
INFO	2024-07-03 09:31:46	MarkDuplicates	Read   121,000,000 records.  Elapsed time: 00:09:05s.  Time for last 1,000,000:    3s.  Last read position: NC_045547.1_RagTag:84,827,644
INFO	2024-07-03 09:31:46	MarkDuplicates	Tracking 2979420 as yet unmatched pairs. 31022 records in RAM.
INFO	2024-07-03 09:31:50	MarkDuplicates	Read   122,000,000 records.  Elapsed time: 00:09:09s.  Time for last 1,000,000:    3s.  Last read position: NC_045547.1_RagTag:91,719,227
INFO	2024-07-03 09:31:50	MarkDuplicates	Tracking 2994946 as yet unmatched pairs. 827 records in RAM.
INFO	2024-07-03 09:31:57	MarkDuplicates	Read   123,000,000 records.  Elapsed time: 00:09:16s.  Time for last 1,000,000:    6s.  Last read position: NC_045548.1_RagTag:6,942,083
INFO	2024-07-03 09:31:57	MarkDuplicates	Tracking 2997786 as yet unmatched pairs. 196577 records in RAM.
INFO	2024-07-03 09:32:00	MarkDuplicates	Read   124,000,000 records.  Elapsed time: 00:09:20s.  Time for last 1,000,000:    3s.  Last read position: NC_045548.1_RagTag:14,442,061
INFO	2024-07-03 09:32:00	MarkDuplicates	Tracking 2998623 as yet unmatched pairs. 179534 records in RAM.
INFO	2024-07-03 09:32:16	MarkDuplicates	Read   125,000,000 records.  Elapsed time: 00:09:35s.  Time for last 1,000,000:   15s.  Last read position: NC_045548.1_RagTag:22,456,861
INFO	2024-07-03 09:32:16	MarkDuplicates	Tracking 2999073 as yet unmatched pairs. 162435 records in RAM.
INFO	2024-07-03 09:32:20	MarkDuplicates	Read   126,000,000 records.  Elapsed time: 00:09:39s.  Time for last 1,000,000:    3s.  Last read position: NC_045548.1_RagTag:30,362,799
INFO	2024-07-03 09:32:20	MarkDuplicates	Tracking 2998845 as yet unmatched pairs. 146428 records in RAM.
INFO	2024-07-03 09:32:23	MarkDuplicates	Read   127,000,000 records.  Elapsed time: 00:09:42s.  Time for last 1,000,000:    3s.  Last read position: NC_045548.1_RagTag:38,717,299
INFO	2024-07-03 09:32:23	MarkDuplicates	Tracking 2999258 as yet unmatched pairs. 129932 records in RAM.
INFO	2024-07-03 09:32:27	MarkDuplicates	Read   128,000,000 records.  Elapsed time: 00:09:46s.  Time for last 1,000,000:    3s.  Last read position: NC_045548.1_RagTag:46,675,594
INFO	2024-07-03 09:32:27	MarkDuplicates	Tracking 2999635 as yet unmatched pairs. 111872 records in RAM.
INFO	2024-07-03 09:32:30	MarkDuplicates	Read   129,000,000 records.  Elapsed time: 00:09:50s.  Time for last 1,000,000:    3s.  Last read position: NC_045548.1_RagTag:54,431,539
INFO	2024-07-03 09:32:30	MarkDuplicates	Tracking 3001397 as yet unmatched pairs. 89530 records in RAM.
INFO	2024-07-03 09:32:34	MarkDuplicates	Read   130,000,000 records.  Elapsed time: 00:09:53s.  Time for last 1,000,000:    3s.  Last read position: NC_045548.1_RagTag:61,287,347
INFO	2024-07-03 09:32:34	MarkDuplicates	Tracking 3004530 as yet unmatched pairs. 60761 records in RAM.
INFO	2024-07-03 09:32:38	MarkDuplicates	Read   131,000,000 records.  Elapsed time: 00:09:57s.  Time for last 1,000,000:    3s.  Last read position: NC_045548.1_RagTag:68,282,506
INFO	2024-07-03 09:32:38	MarkDuplicates	Tracking 3009732 as yet unmatched pairs. 25868 records in RAM.
INFO	2024-07-03 09:32:49	MarkDuplicates	Read   132,000,000 records.  Elapsed time: 00:10:08s.  Time for last 1,000,000:   11s.  Last read position: NC_045549.1_RagTag:901,930
INFO	2024-07-03 09:32:49	MarkDuplicates	Tracking 3017945 as yet unmatched pairs. 496103 records in RAM.
INFO	2024-07-03 09:32:53	MarkDuplicates	Read   133,000,000 records.  Elapsed time: 00:10:12s.  Time for last 1,000,000:    3s.  Last read position: NC_045549.1_RagTag:7,889,435
INFO	2024-07-03 09:32:53	MarkDuplicates	Tracking 3025731 as yet unmatched pairs. 466727 records in RAM.
INFO	2024-07-03 09:32:57	MarkDuplicates	Read   134,000,000 records.  Elapsed time: 00:10:16s.  Time for last 1,000,000:    3s.  Last read position: NC_045549.1_RagTag:13,226,878
INFO	2024-07-03 09:32:57	MarkDuplicates	Tracking 3030355 as yet unmatched pairs. 442257 records in RAM.
INFO	2024-07-03 09:33:00	MarkDuplicates	Read   135,000,000 records.  Elapsed time: 00:10:19s.  Time for last 1,000,000:    3s.  Last read position: NC_045549.1_RagTag:20,761,587
INFO	2024-07-03 09:33:00	MarkDuplicates	Tracking 3027145 as yet unmatched pairs. 419805 records in RAM.
INFO	2024-07-03 09:33:04	MarkDuplicates	Read   136,000,000 records.  Elapsed time: 00:10:23s.  Time for last 1,000,000:    3s.  Last read position: NC_045549.1_RagTag:28,897,610
INFO	2024-07-03 09:33:04	MarkDuplicates	Tracking 3023999 as yet unmatched pairs. 401764 records in RAM.
INFO	2024-07-03 09:33:09	MarkDuplicates	Read   137,000,000 records.  Elapsed time: 00:10:29s.  Time for last 1,000,000:    5s.  Last read position: NC_045549.1_RagTag:37,232,384
INFO	2024-07-03 09:33:09	MarkDuplicates	Tracking 3020907 as yet unmatched pairs. 383647 records in RAM.
INFO	2024-07-03 09:33:13	MarkDuplicates	Read   138,000,000 records.  Elapsed time: 00:10:32s.  Time for last 1,000,000:    3s.  Last read position: NC_045549.1_RagTag:45,284,056
INFO	2024-07-03 09:33:13	MarkDuplicates	Tracking 3017915 as yet unmatched pairs. 366386 records in RAM.
INFO	2024-07-03 09:33:17	MarkDuplicates	Read   139,000,000 records.  Elapsed time: 00:10:36s.  Time for last 1,000,000:    3s.  Last read position: NC_045549.1_RagTag:52,663,989
INFO	2024-07-03 09:33:17	MarkDuplicates	Tracking 3015444 as yet unmatched pairs. 344532 records in RAM.
INFO	2024-07-03 09:33:20	MarkDuplicates	Read   140,000,000 records.  Elapsed time: 00:10:40s.  Time for last 1,000,000:    3s.  Last read position: NC_045549.1_RagTag:59,108,180
INFO	2024-07-03 09:33:20	MarkDuplicates	Tracking 3018420 as yet unmatched pairs. 318554 records in RAM.
INFO	2024-07-03 09:33:24	MarkDuplicates	Read   141,000,000 records.  Elapsed time: 00:10:43s.  Time for last 1,000,000:    3s.  Last read position: NC_045549.1_RagTag:66,587,454
INFO	2024-07-03 09:33:24	MarkDuplicates	Tracking 3014553 as yet unmatched pairs. 294558 records in RAM.
INFO	2024-07-03 09:33:28	MarkDuplicates	Read   142,000,000 records.  Elapsed time: 00:10:47s.  Time for last 1,000,000:    3s.  Last read position: NC_045549.1_RagTag:74,451,985
INFO	2024-07-03 09:33:28	MarkDuplicates	Tracking 3009552 as yet unmatched pairs. 272795 records in RAM.
INFO	2024-07-03 09:33:31	MarkDuplicates	Read   143,000,000 records.  Elapsed time: 00:10:51s.  Time for last 1,000,000:    3s.  Last read position: NC_045549.1_RagTag:82,371,337
INFO	2024-07-03 09:33:31	MarkDuplicates	Tracking 3004952 as yet unmatched pairs. 252868 records in RAM.
INFO	2024-07-03 09:33:35	MarkDuplicates	Read   144,000,000 records.  Elapsed time: 00:10:54s.  Time for last 1,000,000:    3s.  Last read position: NC_045549.1_RagTag:89,930,137
INFO	2024-07-03 09:33:35	MarkDuplicates	Tracking 2999941 as yet unmatched pairs. 226328 records in RAM.
INFO	2024-07-03 09:33:39	MarkDuplicates	Read   145,000,000 records.  Elapsed time: 00:10:58s.  Time for last 1,000,000:    3s.  Last read position: NC_045549.1_RagTag:96,846,939
INFO	2024-07-03 09:33:39	MarkDuplicates	Tracking 2995808 as yet unmatched pairs. 194056 records in RAM.
INFO	2024-07-03 09:33:43	MarkDuplicates	Read   146,000,000 records.  Elapsed time: 00:11:02s.  Time for last 1,000,000:    3s.  Last read position: NC_045549.1_RagTag:103,503,781
INFO	2024-07-03 09:33:43	MarkDuplicates	Tracking 2993109 as yet unmatched pairs. 153400 records in RAM.
INFO	2024-07-03 09:33:46	MarkDuplicates	Read   147,000,000 records.  Elapsed time: 00:11:06s.  Time for last 1,000,000:    3s.  Last read position: NC_045549.1_RagTag:109,787,713
INFO	2024-07-03 09:33:46	MarkDuplicates	Tracking 2992310 as yet unmatched pairs. 116648 records in RAM.
INFO	2024-07-03 09:33:50	MarkDuplicates	Read   148,000,000 records.  Elapsed time: 00:11:09s.  Time for last 1,000,000:    3s.  Last read position: NC_045549.1_RagTag:117,150,206
INFO	2024-07-03 09:33:50	MarkDuplicates	Tracking 2985084 as yet unmatched pairs. 88688 records in RAM.
INFO	2024-07-03 09:33:54	MarkDuplicates	Read   149,000,000 records.  Elapsed time: 00:11:13s.  Time for last 1,000,000:    3s.  Last read position: NC_045549.1_RagTag:124,292,055
INFO	2024-07-03 09:33:54	MarkDuplicates	Tracking 2978521 as yet unmatched pairs. 49109 records in RAM.
INFO	2024-07-03 09:34:10	MarkDuplicates	Read   150,000,000 records.  Elapsed time: 00:11:29s.  Time for last 1,000,000:   15s.  Last read position: NC_045549.1_RagTag:131,524,018
INFO	2024-07-03 09:34:10	MarkDuplicates	Tracking 2975350 as yet unmatched pairs. 3674 records in RAM.
INFO	2024-07-03 09:34:17	MarkDuplicates	Read   151,000,000 records.  Elapsed time: 00:11:36s.  Time for last 1,000,000:    6s.  Last read position: NC_045550.1_RagTag:6,582,665
INFO	2024-07-03 09:34:17	MarkDuplicates	Tracking 2968850 as yet unmatched pairs. 205240 records in RAM.
INFO	2024-07-03 09:34:20	MarkDuplicates	Read   152,000,000 records.  Elapsed time: 00:11:39s.  Time for last 1,000,000:    3s.  Last read position: NC_045550.1_RagTag:14,812,550
INFO	2024-07-03 09:34:20	MarkDuplicates	Tracking 2961580 as yet unmatched pairs. 185776 records in RAM.
INFO	2024-07-03 09:34:40	MarkDuplicates	Read   153,000,000 records.  Elapsed time: 00:11:59s.  Time for last 1,000,000:   19s.  Last read position: NC_045550.1_RagTag:23,320,856
INFO	2024-07-03 09:34:40	MarkDuplicates	Tracking 2954648 as yet unmatched pairs. 167280 records in RAM.
INFO	2024-07-03 09:34:43	MarkDuplicates	Read   154,000,000 records.  Elapsed time: 00:12:02s.  Time for last 1,000,000:    3s.  Last read position: NC_045550.1_RagTag:31,446,820
INFO	2024-07-03 09:34:43	MarkDuplicates	Tracking 2947800 as yet unmatched pairs. 150157 records in RAM.
INFO	2024-07-03 09:34:47	MarkDuplicates	Read   155,000,000 records.  Elapsed time: 00:12:06s.  Time for last 1,000,000:    3s.  Last read position: NC_045550.1_RagTag:39,740,688
INFO	2024-07-03 09:34:47	MarkDuplicates	Tracking 2940071 as yet unmatched pairs. 129908 records in RAM.
INFO	2024-07-03 09:34:51	MarkDuplicates	Read   156,000,000 records.  Elapsed time: 00:12:10s.  Time for last 1,000,000:    4s.  Last read position: NC_045550.1_RagTag:47,488,078
INFO	2024-07-03 09:34:51	MarkDuplicates	Tracking 2931624 as yet unmatched pairs. 108653 records in RAM.
INFO	2024-07-03 09:34:55	MarkDuplicates	Read   157,000,000 records.  Elapsed time: 00:12:14s.  Time for last 1,000,000:    3s.  Last read position: NC_045550.1_RagTag:54,997,253
INFO	2024-07-03 09:34:55	MarkDuplicates	Tracking 2920209 as yet unmatched pairs. 79774 records in RAM.
INFO	2024-07-03 09:34:58	MarkDuplicates	Read   158,000,000 records.  Elapsed time: 00:12:18s.  Time for last 1,000,000:    3s.  Last read position: NC_045550.1_RagTag:61,626,569
INFO	2024-07-03 09:34:58	MarkDuplicates	Tracking 2907685 as yet unmatched pairs. 40918 records in RAM.
INFO	2024-07-03 09:35:02	MarkDuplicates	Read   159,000,000 records.  Elapsed time: 00:12:21s.  Time for last 1,000,000:    3s.  Last read position: NC_045550.1_RagTag:68,777,733
INFO	2024-07-03 09:35:02	MarkDuplicates	Tracking 2898835 as yet unmatched pairs. 879 records in RAM.
INFO	2024-07-03 09:35:07	MarkDuplicates	Read   160,000,000 records.  Elapsed time: 00:12:27s.  Time for last 1,000,000:    5s.  Last read position: NC_045551.1_RagTag:7,467,915
INFO	2024-07-03 09:35:07	MarkDuplicates	Tracking 2888244 as yet unmatched pairs. 88900 records in RAM.
INFO	2024-07-03 09:35:11	MarkDuplicates	Read   161,000,000 records.  Elapsed time: 00:12:30s.  Time for last 1,000,000:    3s.  Last read position: NC_045551.1_RagTag:14,398,372
INFO	2024-07-03 09:35:11	MarkDuplicates	Tracking 2878653 as yet unmatched pairs. 64039 records in RAM.
INFO	2024-07-03 09:35:15	MarkDuplicates	Read   162,000,000 records.  Elapsed time: 00:12:34s.  Time for last 1,000,000:    3s.  Last read position: NC_045551.1_RagTag:20,770,760
INFO	2024-07-03 09:35:15	MarkDuplicates	Tracking 2867693 as yet unmatched pairs. 30445 records in RAM.
INFO	2024-07-03 09:35:23	MarkDuplicates	Read   163,000,000 records.  Elapsed time: 00:12:42s.  Time for last 1,000,000:    8s.  Last read position: NC_045552.1_RagTag:1,126,628
INFO	2024-07-03 09:35:23	MarkDuplicates	Tracking 2857844 as yet unmatched pairs. 301351 records in RAM.
INFO	2024-07-03 09:35:26	MarkDuplicates	Read   164,000,000 records.  Elapsed time: 00:12:46s.  Time for last 1,000,000:    3s.  Last read position: NC_045552.1_RagTag:8,120,400
INFO	2024-07-03 09:35:26	MarkDuplicates	Tracking 2848273 as yet unmatched pairs. 269331 records in RAM.
INFO	2024-07-03 09:35:30	MarkDuplicates	Read   165,000,000 records.  Elapsed time: 00:12:49s.  Time for last 1,000,000:    3s.  Last read position: NC_045552.1_RagTag:14,707,086
INFO	2024-07-03 09:35:30	MarkDuplicates	Tracking 2835160 as yet unmatched pairs. 236837 records in RAM.
INFO	2024-07-03 09:35:34	MarkDuplicates	Read   166,000,000 records.  Elapsed time: 00:12:53s.  Time for last 1,000,000:    3s.  Last read position: NC_045552.1_RagTag:21,726,069
INFO	2024-07-03 09:35:34	MarkDuplicates	Tracking 2819618 as yet unmatched pairs. 202055 records in RAM.
INFO	2024-07-03 09:35:38	MarkDuplicates	Read   167,000,000 records.  Elapsed time: 00:12:57s.  Time for last 1,000,000:    3s.  Last read position: NC_045552.1_RagTag:28,118,035
INFO	2024-07-03 09:35:38	MarkDuplicates	Tracking 2809943 as yet unmatched pairs. 170076 records in RAM.
INFO	2024-07-03 09:35:41	MarkDuplicates	Read   168,000,000 records.  Elapsed time: 00:13:00s.  Time for last 1,000,000:    3s.  Last read position: NC_045552.1_RagTag:35,473,603
INFO	2024-07-03 09:35:41	MarkDuplicates	Tracking 2794546 as yet unmatched pairs. 136707 records in RAM.
INFO	2024-07-03 09:35:45	MarkDuplicates	Read   169,000,000 records.  Elapsed time: 00:13:04s.  Time for last 1,000,000:    3s.  Last read position: NC_045552.1_RagTag:41,796,446
INFO	2024-07-03 09:35:45	MarkDuplicates	Tracking 2781142 as yet unmatched pairs. 103792 records in RAM.
INFO	2024-07-03 09:35:49	MarkDuplicates	Read   170,000,000 records.  Elapsed time: 00:13:08s.  Time for last 1,000,000:    3s.  Last read position: NC_045552.1_RagTag:48,179,901
INFO	2024-07-03 09:35:49	MarkDuplicates	Tracking 2764997 as yet unmatched pairs. 59760 records in RAM.
INFO	2024-07-03 09:35:52	MarkDuplicates	Read   171,000,000 records.  Elapsed time: 00:13:11s.  Time for last 1,000,000:    3s.  Last read position: NC_045552.1_RagTag:54,658,001
INFO	2024-07-03 09:35:52	MarkDuplicates	Tracking 2749603 as yet unmatched pairs. 20452 records in RAM.
INFO	2024-07-03 09:36:01	MarkDuplicates	Read   172,000,000 records.  Elapsed time: 00:13:20s.  Time for last 1,000,000:    8s.  Last read position: NC_045553.1_RagTag:3,803,164
INFO	2024-07-03 09:36:01	MarkDuplicates	Tracking 2737475 as yet unmatched pairs. 288726 records in RAM.
INFO	2024-07-03 09:36:05	MarkDuplicates	Read   173,000,000 records.  Elapsed time: 00:13:24s.  Time for last 1,000,000:    3s.  Last read position: NC_045553.1_RagTag:10,313,148
INFO	2024-07-03 09:36:05	MarkDuplicates	Tracking 2722247 as yet unmatched pairs. 244590 records in RAM.
INFO	2024-07-03 09:36:20	MarkDuplicates	Read   174,000,000 records.  Elapsed time: 00:13:39s.  Time for last 1,000,000:   15s.  Last read position: NC_045553.1_RagTag:17,018,447
INFO	2024-07-03 09:36:20	MarkDuplicates	Tracking 2703353 as yet unmatched pairs. 203117 records in RAM.
INFO	2024-07-03 09:36:24	MarkDuplicates	Read   175,000,000 records.  Elapsed time: 00:13:43s.  Time for last 1,000,000:    3s.  Last read position: NC_045553.1_RagTag:23,899,639
INFO	2024-07-03 09:36:24	MarkDuplicates	Tracking 2687370 as yet unmatched pairs. 161127 records in RAM.
INFO	2024-07-03 09:36:28	MarkDuplicates	Read   176,000,000 records.  Elapsed time: 00:13:47s.  Time for last 1,000,000:    3s.  Last read position: NC_045553.1_RagTag:31,134,550
INFO	2024-07-03 09:36:28	MarkDuplicates	Tracking 2666878 as yet unmatched pairs. 123204 records in RAM.
INFO	2024-07-03 09:36:31	MarkDuplicates	Read   177,000,000 records.  Elapsed time: 00:13:51s.  Time for last 1,000,000:    3s.  Last read position: NC_045553.1_RagTag:37,957,796
INFO	2024-07-03 09:36:31	MarkDuplicates	Tracking 2650875 as yet unmatched pairs. 88803 records in RAM.
INFO	2024-07-03 09:36:35	MarkDuplicates	Read   178,000,000 records.  Elapsed time: 00:13:54s.  Time for last 1,000,000:    3s.  Last read position: NC_045553.1_RagTag:44,196,918
INFO	2024-07-03 09:36:35	MarkDuplicates	Tracking 2626236 as yet unmatched pairs. 34144 records in RAM.
INFO	2024-07-03 09:36:43	MarkDuplicates	Read   179,000,000 records.  Elapsed time: 00:14:03s.  Time for last 1,000,000:    8s.  Last read position: NC_045554.1_RagTag:1,037,966
INFO	2024-07-03 09:36:43	MarkDuplicates	Tracking 2608501 as yet unmatched pairs. 310459 records in RAM.
INFO	2024-07-03 09:36:47	MarkDuplicates	Read   180,000,000 records.  Elapsed time: 00:14:07s.  Time for last 1,000,000:    4s.  Last read position: NC_045554.1_RagTag:7,773,431
INFO	2024-07-03 09:36:47	MarkDuplicates	Tracking 2587372 as yet unmatched pairs. 269064 records in RAM.
INFO	2024-07-03 09:36:51	MarkDuplicates	Read   181,000,000 records.  Elapsed time: 00:14:10s.  Time for last 1,000,000:    3s.  Last read position: NC_045554.1_RagTag:14,266,855
INFO	2024-07-03 09:36:51	MarkDuplicates	Tracking 2557753 as yet unmatched pairs. 218282 records in RAM.
INFO	2024-07-03 09:36:55	MarkDuplicates	Read   182,000,000 records.  Elapsed time: 00:14:14s.  Time for last 1,000,000:    3s.  Last read position: NC_045554.1_RagTag:20,714,044
INFO	2024-07-03 09:36:55	MarkDuplicates	Tracking 2531297 as yet unmatched pairs. 174635 records in RAM.
INFO	2024-07-03 09:36:58	MarkDuplicates	Read   183,000,000 records.  Elapsed time: 00:14:18s.  Time for last 1,000,000:    3s.  Last read position: NC_045554.1_RagTag:27,516,812
INFO	2024-07-03 09:36:58	MarkDuplicates	Tracking 2509030 as yet unmatched pairs. 137608 records in RAM.
INFO	2024-07-03 09:37:02	MarkDuplicates	Read   184,000,000 records.  Elapsed time: 00:14:21s.  Time for last 1,000,000:    3s.  Last read position: NC_045554.1_RagTag:34,314,469
INFO	2024-07-03 09:37:02	MarkDuplicates	Tracking 2479792 as yet unmatched pairs. 90671 records in RAM.
INFO	2024-07-03 09:37:06	MarkDuplicates	Read   185,000,000 records.  Elapsed time: 00:14:25s.  Time for last 1,000,000:    3s.  Last read position: NC_045554.1_RagTag:41,199,080
INFO	2024-07-03 09:37:06	MarkDuplicates	Tracking 2452212 as yet unmatched pairs. 46819 records in RAM.
INFO	2024-07-03 09:37:10	MarkDuplicates	Read   186,000,000 records.  Elapsed time: 00:14:29s.  Time for last 1,000,000:    3s.  Last read position: NC_045554.1_RagTag:47,779,303
INFO	2024-07-03 09:37:10	MarkDuplicates	Tracking 2424743 as yet unmatched pairs. 2615 records in RAM.
INFO	2024-07-03 09:37:20	MarkDuplicates	Read   187,000,000 records.  Elapsed time: 00:14:39s.  Time for last 1,000,000:   10s.  Last read position: NC_045555.1_RagTag:5,100,181
INFO	2024-07-03 09:37:20	MarkDuplicates	Tracking 2402595 as yet unmatched pairs. 244821 records in RAM.
INFO	2024-07-03 09:37:23	MarkDuplicates	Read   188,000,000 records.  Elapsed time: 00:14:42s.  Time for last 1,000,000:    3s.  Last read position: NC_045555.1_RagTag:11,781,438
INFO	2024-07-03 09:37:23	MarkDuplicates	Tracking 2377325 as yet unmatched pairs. 205251 records in RAM.
INFO	2024-07-03 09:37:27	MarkDuplicates	Read   189,000,000 records.  Elapsed time: 00:14:46s.  Time for last 1,000,000:    3s.  Last read position: NC_045555.1_RagTag:18,960,012
INFO	2024-07-03 09:37:27	MarkDuplicates	Tracking 2347962 as yet unmatched pairs. 164885 records in RAM.
INFO	2024-07-03 09:37:30	MarkDuplicates	Read   190,000,000 records.  Elapsed time: 00:14:50s.  Time for last 1,000,000:    3s.  Last read position: NC_045555.1_RagTag:25,735,647
INFO	2024-07-03 09:37:30	MarkDuplicates	Tracking 2317329 as yet unmatched pairs. 119317 records in RAM.
INFO	2024-07-03 09:37:34	MarkDuplicates	Read   191,000,000 records.  Elapsed time: 00:14:53s.  Time for last 1,000,000:    3s.  Last read position: NC_045555.1_RagTag:32,640,565
INFO	2024-07-03 09:37:34	MarkDuplicates	Tracking 2281962 as yet unmatched pairs. 68647 records in RAM.
INFO	2024-07-03 09:37:38	MarkDuplicates	Read   192,000,000 records.  Elapsed time: 00:14:57s.  Time for last 1,000,000:    3s.  Last read position: NC_045555.1_RagTag:39,223,805
INFO	2024-07-03 09:37:38	MarkDuplicates	Tracking 2257552 as yet unmatched pairs. 30612 records in RAM.
INFO	2024-07-03 09:37:46	MarkDuplicates	Read   193,000,000 records.  Elapsed time: 00:15:05s.  Time for last 1,000,000:    7s.  Last read position: NC_045556.1_RagTag:206,687
INFO	2024-07-03 09:37:46	MarkDuplicates	Tracking 2251321 as yet unmatched pairs. 278122 records in RAM.
INFO	2024-07-03 09:37:49	MarkDuplicates	Read   194,000,000 records.  Elapsed time: 00:15:08s.  Time for last 1,000,000:    3s.  Last read position: NC_045556.1_RagTag:6,987,024
INFO	2024-07-03 09:37:49	MarkDuplicates	Tracking 2223930 as yet unmatched pairs. 240065 records in RAM.
INFO	2024-07-03 09:37:53	MarkDuplicates	Read   195,000,000 records.  Elapsed time: 00:15:12s.  Time for last 1,000,000:    3s.  Last read position: NC_045556.1_RagTag:13,619,992
INFO	2024-07-03 09:37:53	MarkDuplicates	Tracking 2185347 as yet unmatched pairs. 188430 records in RAM.
INFO	2024-07-03 09:37:57	MarkDuplicates	Read   196,000,000 records.  Elapsed time: 00:15:16s.  Time for last 1,000,000:    3s.  Last read position: NC_045556.1_RagTag:19,950,976
INFO	2024-07-03 09:37:57	MarkDuplicates	Tracking 2145826 as yet unmatched pairs. 134456 records in RAM.
INFO	2024-07-03 09:38:01	MarkDuplicates	Read   197,000,000 records.  Elapsed time: 00:15:20s.  Time for last 1,000,000:    3s.  Last read position: NC_045556.1_RagTag:25,818,414
INFO	2024-07-03 09:38:01	MarkDuplicates	Tracking 2125418 as yet unmatched pairs. 95141 records in RAM.
INFO	2024-07-03 09:38:04	MarkDuplicates	Read   198,000,000 records.  Elapsed time: 00:15:23s.  Time for last 1,000,000:    3s.  Last read position: NC_045556.1_RagTag:31,915,718
INFO	2024-07-03 09:38:04	MarkDuplicates	Tracking 2094407 as yet unmatched pairs. 38571 records in RAM.
INFO	2024-07-03 09:38:09	MarkDuplicates	Read   199,000,000 records.  Elapsed time: 00:15:28s.  Time for last 1,000,000:    4s.  Last read position: NC_045557.1_RagTag:1,068,866
INFO	2024-07-03 09:38:09	MarkDuplicates	Tracking 2066696 as yet unmatched pairs. 73932 records in RAM.
INFO	2024-07-03 09:38:25	MarkDuplicates	Read   200,000,000 records.  Elapsed time: 00:15:44s.  Time for last 1,000,000:   15s.  Last read position: NC_045557.1_RagTag:7,646,795
INFO	2024-07-03 09:38:25	MarkDuplicates	Tracking 2038906 as yet unmatched pairs. 33783 records in RAM.
INFO	2024-07-03 09:38:39	MarkDuplicates	Read   201,000,000 records.  Elapsed time: 00:15:58s.  Time for last 1,000,000:   13s.  Last read position: NC_045558.1_RagTag:2,060,144
INFO	2024-07-03 09:38:39	MarkDuplicates	Tracking 2011141 as yet unmatched pairs. 632859 records in RAM.
INFO	2024-07-03 09:39:00	MarkDuplicates	Read   202,000,000 records.  Elapsed time: 00:16:19s.  Time for last 1,000,000:   21s.  Last read position: NC_045558.1_RagTag:12,830,247
INFO	2024-07-03 09:39:00	MarkDuplicates	Tracking 1964950 as yet unmatched pairs. 574194 records in RAM.
INFO	2024-07-03 09:39:03	MarkDuplicates	Read   203,000,000 records.  Elapsed time: 00:16:23s.  Time for last 1,000,000:    3s.  Last read position: NC_045558.1_RagTag:25,810,371
INFO	2024-07-03 09:39:03	MarkDuplicates	Tracking 1931224 as yet unmatched pairs. 533825 records in RAM.
INFO	2024-07-03 09:39:07	MarkDuplicates	Read   204,000,000 records.  Elapsed time: 00:16:26s.  Time for last 1,000,000:    3s.  Last read position: NC_045558.1_RagTag:38,041,483
INFO	2024-07-03 09:39:07	MarkDuplicates	Tracking 1901833 as yet unmatched pairs. 497827 records in RAM.
INFO	2024-07-03 09:39:11	MarkDuplicates	Read   205,000,000 records.  Elapsed time: 00:16:30s.  Time for last 1,000,000:    3s.  Last read position: NC_045558.1_RagTag:48,689,980
INFO	2024-07-03 09:39:11	MarkDuplicates	Tracking 1872254 as yet unmatched pairs. 461121 records in RAM.
INFO	2024-07-03 09:39:16	MarkDuplicates	Read   206,000,000 records.  Elapsed time: 00:16:35s.  Time for last 1,000,000:    5s.  Last read position: NC_045558.1_RagTag:58,672,436
INFO	2024-07-03 09:39:16	MarkDuplicates	Tracking 1836993 as yet unmatched pairs. 417397 records in RAM.
INFO	2024-07-03 09:39:20	MarkDuplicates	Read   207,000,000 records.  Elapsed time: 00:16:39s.  Time for last 1,000,000:    3s.  Last read position: NC_045558.1_RagTag:67,815,334
INFO	2024-07-03 09:39:20	MarkDuplicates	Tracking 1800938 as yet unmatched pairs. 370839 records in RAM.
INFO	2024-07-03 09:39:24	MarkDuplicates	Read   208,000,000 records.  Elapsed time: 00:16:43s.  Time for last 1,000,000:    3s.  Last read position: NC_045558.1_RagTag:76,906,219
INFO	2024-07-03 09:39:24	MarkDuplicates	Tracking 1762009 as yet unmatched pairs. 322034 records in RAM.
INFO	2024-07-03 09:39:28	MarkDuplicates	Read   209,000,000 records.  Elapsed time: 00:16:47s.  Time for last 1,000,000:    3s.  Last read position: NC_045558.1_RagTag:87,468,907
INFO	2024-07-03 09:39:28	MarkDuplicates	Tracking 1723655 as yet unmatched pairs. 275108 records in RAM.
INFO	2024-07-03 09:39:31	MarkDuplicates	Read   210,000,000 records.  Elapsed time: 00:16:50s.  Time for last 1,000,000:    3s.  Last read position: NC_045558.1_RagTag:99,316,132
INFO	2024-07-03 09:39:31	MarkDuplicates	Tracking 1688650 as yet unmatched pairs. 232711 records in RAM.
INFO	2024-07-03 09:39:35	MarkDuplicates	Read   211,000,000 records.  Elapsed time: 00:16:54s.  Time for last 1,000,000:    3s.  Last read position: NC_045558.1_RagTag:111,498,066
INFO	2024-07-03 09:39:35	MarkDuplicates	Tracking 1656431 as yet unmatched pairs. 195280 records in RAM.
INFO	2024-07-03 09:39:39	MarkDuplicates	Read   212,000,000 records.  Elapsed time: 00:16:58s.  Time for last 1,000,000:    3s.  Last read position: NC_045558.1_RagTag:123,986,971
INFO	2024-07-03 09:39:39	MarkDuplicates	Tracking 1620819 as yet unmatched pairs. 152514 records in RAM.
INFO	2024-07-03 09:39:42	MarkDuplicates	Read   213,000,000 records.  Elapsed time: 00:17:02s.  Time for last 1,000,000:    3s.  Last read position: NC_045558.1_RagTag:133,025,961
INFO	2024-07-03 09:39:42	MarkDuplicates	Tracking 1571637 as yet unmatched pairs. 95448 records in RAM.
INFO	2024-07-03 09:39:46	MarkDuplicates	Read   214,000,000 records.  Elapsed time: 00:17:05s.  Time for last 1,000,000:    3s.  Last read position: NC_045558.1_RagTag:138,141,360
INFO	2024-07-03 09:39:46	MarkDuplicates	Tracking 1542886 as yet unmatched pairs. 56404 records in RAM.
INFO	2024-07-03 09:39:50	MarkDuplicates	Read   215,000,000 records.  Elapsed time: 00:17:09s.  Time for last 1,000,000:    3s.  Last read position: NC_045558.1_RagTag:144,549,884
INFO	2024-07-03 09:39:50	MarkDuplicates	Tracking 1507994 as yet unmatched pairs. 6464 records in RAM.
INFO	2024-07-03 09:39:54	MarkDuplicates	Read   216,000,000 records.  Elapsed time: 00:17:14s.  Time for last 1,000,000:    4s.  Last read position: NW_022473892.1_RagTag:74,252
INFO	2024-07-03 09:39:54	MarkDuplicates	Tracking 1465690 as yet unmatched pairs. 91 records in RAM.
INFO	2024-07-03 09:40:21	MarkDuplicates	Read   217,000,000 records.  Elapsed time: 00:17:40s.  Time for last 1,000,000:   26s.  Last read position: Chr0_RagTag:5,769,771
INFO	2024-07-03 09:40:21	MarkDuplicates	Tracking 1419935 as yet unmatched pairs. 1419935 records in RAM.
INFO	2024-07-03 09:40:25	MarkDuplicates	Read   218,000,000 records.  Elapsed time: 00:17:44s.  Time for last 1,000,000:    3s.  Last read position: Chr0_RagTag:11,317,043
INFO	2024-07-03 09:40:25	MarkDuplicates	Tracking 1391534 as yet unmatched pairs. 1391534 records in RAM.
INFO	2024-07-03 09:40:28	MarkDuplicates	Read   219,000,000 records.  Elapsed time: 00:17:48s.  Time for last 1,000,000:    3s.  Last read position: Chr0_RagTag:16,274,931
INFO	2024-07-03 09:40:28	MarkDuplicates	Tracking 1359315 as yet unmatched pairs. 1359315 records in RAM.
INFO	2024-07-03 09:40:32	MarkDuplicates	Read   220,000,000 records.  Elapsed time: 00:17:51s.  Time for last 1,000,000:    3s.  Last read position: Chr0_RagTag:21,741,399
INFO	2024-07-03 09:40:32	MarkDuplicates	Tracking 1320253 as yet unmatched pairs. 1320253 records in RAM.
INFO	2024-07-03 09:40:36	MarkDuplicates	Read   221,000,000 records.  Elapsed time: 00:17:55s.  Time for last 1,000,000:    4s.  Last read position: Chr0_RagTag:26,494,744
INFO	2024-07-03 09:40:36	MarkDuplicates	Tracking 1285451 as yet unmatched pairs. 1285451 records in RAM.
INFO	2024-07-03 09:40:40	MarkDuplicates	Read   222,000,000 records.  Elapsed time: 00:17:59s.  Time for last 1,000,000:    4s.  Last read position: Chr0_RagTag:31,203,867
INFO	2024-07-03 09:40:40	MarkDuplicates	Tracking 1242952 as yet unmatched pairs. 1242952 records in RAM.
INFO	2024-07-03 09:40:44	MarkDuplicates	Read   223,000,000 records.  Elapsed time: 00:18:03s.  Time for last 1,000,000:    3s.  Last read position: Chr0_RagTag:36,847,876
INFO	2024-07-03 09:40:44	MarkDuplicates	Tracking 1203186 as yet unmatched pairs. 1203186 records in RAM.
INFO	2024-07-03 09:40:48	MarkDuplicates	Read   224,000,000 records.  Elapsed time: 00:18:07s.  Time for last 1,000,000:    3s.  Last read position: Chr0_RagTag:42,512,667
INFO	2024-07-03 09:40:48	MarkDuplicates	Tracking 1155096 as yet unmatched pairs. 1155096 records in RAM.
INFO	2024-07-03 09:41:04	MarkDuplicates	Read   225,000,000 records.  Elapsed time: 00:18:23s.  Time for last 1,000,000:   16s.  Last read position: Chr0_RagTag:47,768,279
INFO	2024-07-03 09:41:04	MarkDuplicates	Tracking 1114348 as yet unmatched pairs. 1114348 records in RAM.
INFO	2024-07-03 09:41:08	MarkDuplicates	Read   226,000,000 records.  Elapsed time: 00:18:27s.  Time for last 1,000,000:    3s.  Last read position: Chr0_RagTag:52,206,089
INFO	2024-07-03 09:41:08	MarkDuplicates	Tracking 1075786 as yet unmatched pairs. 1075786 records in RAM.
INFO	2024-07-03 09:41:12	MarkDuplicates	Read   227,000,000 records.  Elapsed time: 00:18:31s.  Time for last 1,000,000:    3s.  Last read position: Chr0_RagTag:56,340,455
INFO	2024-07-03 09:41:12	MarkDuplicates	Tracking 1037104 as yet unmatched pairs. 1037104 records in RAM.
INFO	2024-07-03 09:41:16	MarkDuplicates	Read   228,000,000 records.  Elapsed time: 00:18:35s.  Time for last 1,000,000:    3s.  Last read position: Chr0_RagTag:61,361,282
INFO	2024-07-03 09:41:16	MarkDuplicates	Tracking 991061 as yet unmatched pairs. 991061 records in RAM.
INFO	2024-07-03 09:41:19	MarkDuplicates	Read   229,000,000 records.  Elapsed time: 00:18:38s.  Time for last 1,000,000:    3s.  Last read position: Chr0_RagTag:66,021,905
INFO	2024-07-03 09:41:19	MarkDuplicates	Tracking 945990 as yet unmatched pairs. 945990 records in RAM.
INFO	2024-07-03 09:41:23	MarkDuplicates	Read   230,000,000 records.  Elapsed time: 00:18:42s.  Time for last 1,000,000:    3s.  Last read position: Chr0_RagTag:71,130,073
INFO	2024-07-03 09:41:23	MarkDuplicates	Tracking 895416 as yet unmatched pairs. 895416 records in RAM.
INFO	2024-07-03 09:41:27	MarkDuplicates	Read   231,000,000 records.  Elapsed time: 00:18:46s.  Time for last 1,000,000:    4s.  Last read position: Chr0_RagTag:76,135,971
INFO	2024-07-03 09:41:27	MarkDuplicates	Tracking 840380 as yet unmatched pairs. 840380 records in RAM.
INFO	2024-07-03 09:41:31	MarkDuplicates	Read   232,000,000 records.  Elapsed time: 00:18:50s.  Time for last 1,000,000:    3s.  Last read position: Chr0_RagTag:82,454,107
INFO	2024-07-03 09:41:31	MarkDuplicates	Tracking 778518 as yet unmatched pairs. 778518 records in RAM.
INFO	2024-07-03 09:41:35	MarkDuplicates	Read   233,000,000 records.  Elapsed time: 00:18:54s.  Time for last 1,000,000:    3s.  Last read position: Chr0_RagTag:88,174,031
INFO	2024-07-03 09:41:35	MarkDuplicates	Tracking 714874 as yet unmatched pairs. 714874 records in RAM.
INFO	2024-07-03 09:41:39	MarkDuplicates	Read   234,000,000 records.  Elapsed time: 00:18:58s.  Time for last 1,000,000:    3s.  Last read position: Chr0_RagTag:92,815,756
INFO	2024-07-03 09:41:39	MarkDuplicates	Tracking 654440 as yet unmatched pairs. 654440 records in RAM.
INFO	2024-07-03 09:41:43	MarkDuplicates	Read   235,000,000 records.  Elapsed time: 00:19:02s.  Time for last 1,000,000:    4s.  Last read position: Chr0_RagTag:99,042,268
INFO	2024-07-03 09:41:43	MarkDuplicates	Tracking 581275 as yet unmatched pairs. 581275 records in RAM.
INFO	2024-07-03 09:41:47	MarkDuplicates	Read   236,000,000 records.  Elapsed time: 00:19:06s.  Time for last 1,000,000:    3s.  Last read position: Chr0_RagTag:104,954,769
INFO	2024-07-03 09:41:47	MarkDuplicates	Tracking 504404 as yet unmatched pairs. 504404 records in RAM.
INFO	2024-07-03 09:41:53	MarkDuplicates	Read   237,000,000 records.  Elapsed time: 00:19:12s.  Time for last 1,000,000:    6s.  Last read position: Chr0_RagTag:110,475,313
INFO	2024-07-03 09:41:53	MarkDuplicates	Tracking 432514 as yet unmatched pairs. 432514 records in RAM.
INFO	2024-07-03 09:41:57	MarkDuplicates	Read   238,000,000 records.  Elapsed time: 00:19:16s.  Time for last 1,000,000:    3s.  Last read position: Chr0_RagTag:116,097,866
INFO	2024-07-03 09:41:57	MarkDuplicates	Tracking 356667 as yet unmatched pairs. 356667 records in RAM.
INFO	2024-07-03 09:42:01	MarkDuplicates	Read   239,000,000 records.  Elapsed time: 00:19:20s.  Time for last 1,000,000:    3s.  Last read position: Chr0_RagTag:121,662,548
INFO	2024-07-03 09:42:01	MarkDuplicates	Tracking 272699 as yet unmatched pairs. 272699 records in RAM.
INFO	2024-07-03 09:42:05	MarkDuplicates	Read   240,000,000 records.  Elapsed time: 00:19:24s.  Time for last 1,000,000:    4s.  Last read position: Chr0_RagTag:125,752,273
INFO	2024-07-03 09:42:05	MarkDuplicates	Tracking 214919 as yet unmatched pairs. 214919 records in RAM.
INFO	2024-07-03 09:42:09	MarkDuplicates	Read   241,000,000 records.  Elapsed time: 00:19:28s.  Time for last 1,000,000:    3s.  Last read position: Chr0_RagTag:130,781,725
INFO	2024-07-03 09:42:09	MarkDuplicates	Tracking 100765 as yet unmatched pairs. 100765 records in RAM.
INFO	2024-07-03 09:42:13	MarkDuplicates	Read 241982572 records. 0 pairs never matched.
INFO	2024-07-03 09:42:39	MarkDuplicates	After buildSortedReadEndLists freeMemory: 5853323768; totalMemory: 6088749056; maxMemory: 6487212032
INFO	2024-07-03 09:42:39	MarkDuplicates	Will retain up to 202725376 duplicate indices before spilling to disk.
INFO	2024-07-03 09:42:39	MarkDuplicates	Traversing read pair information and detecting duplicates.
INFO	2024-07-03 09:43:25	MarkDuplicates	Traversing fragment information and detecting duplicates.
INFO	2024-07-03 09:44:26	MarkDuplicates	Sorting list of duplicate records.
INFO	2024-07-03 09:44:28	MarkDuplicates	After generateDuplicateIndexes freeMemory: 4427381776; totalMemory: 6088749056; maxMemory: 6487212032
INFO	2024-07-03 09:44:28	MarkDuplicates	Marking 14944706 records as duplicates.
INFO	2024-07-03 09:44:28	MarkDuplicates	Found 357097 optical duplicate clusters.
INFO	2024-07-03 09:44:28	MarkDuplicates	Reads are assumed to be ordered by: coordinate
INFO	2024-07-03 09:46:40	MarkDuplicates	Written    10,000,000 records.  Elapsed time: 00:02:12s.  Time for last 10,000,000:  132s.  Last read position: NC_045541.1_RagTag:77,358,657
INFO	2024-07-03 09:48:51	MarkDuplicates	Written    20,000,000 records.  Elapsed time: 00:04:23s.  Time for last 10,000,000:  130s.  Last read position: NC_045541.1_RagTag:158,324,946
INFO	2024-07-03 09:51:02	MarkDuplicates	Written    30,000,000 records.  Elapsed time: 00:06:34s.  Time for last 10,000,000:  131s.  Last read position: NC_045542.1_RagTag:56,299,707
INFO	2024-07-03 09:53:12	MarkDuplicates	Written    40,000,000 records.  Elapsed time: 00:08:44s.  Time for last 10,000,000:  130s.  Last read position: NC_045542.1_RagTag:136,185,559
INFO	2024-07-03 09:55:24	MarkDuplicates	Written    50,000,000 records.  Elapsed time: 00:10:56s.  Time for last 10,000,000:  131s.  Last read position: NC_045543.1_RagTag:51,192,693
INFO	2024-07-03 09:57:37	MarkDuplicates	Written    60,000,000 records.  Elapsed time: 00:13:09s.  Time for last 10,000,000:  132s.  Last read position: NC_045544.1_RagTag:19,395,606
INFO	2024-07-03 09:59:47	MarkDuplicates	Written    70,000,000 records.  Elapsed time: 00:15:19s.  Time for last 10,000,000:  130s.  Last read position: NC_045544.1_RagTag:100,154,102
INFO	2024-07-03 10:01:59	MarkDuplicates	Written    80,000,000 records.  Elapsed time: 00:17:31s.  Time for last 10,000,000:  131s.  Last read position: NC_045545.1_RagTag:19,122,401
INFO	2024-07-03 10:04:11	MarkDuplicates	Written    90,000,000 records.  Elapsed time: 00:19:43s.  Time for last 10,000,000:  132s.  Last read position: NC_045546.1_RagTag:5,449,165
INFO	2024-07-03 10:06:24	MarkDuplicates	Written   100,000,000 records.  Elapsed time: 00:21:56s.  Time for last 10,000,000:  133s.  Last read position: NC_045546.1_RagTag:82,368,369
INFO	2024-07-03 10:08:37	MarkDuplicates	Written   110,000,000 records.  Elapsed time: 00:24:08s.  Time for last 10,000,000:  132s.  Last read position: NC_045547.1_RagTag:56,618,431
INFO	2024-07-03 10:10:50	MarkDuplicates	Written   120,000,000 records.  Elapsed time: 00:26:22s.  Time for last 10,000,000:  133s.  Last read position: NC_045548.1_RagTag:42,420,070
INFO	2024-07-03 10:13:03	MarkDuplicates	Written   130,000,000 records.  Elapsed time: 00:28:35s.  Time for last 10,000,000:  133s.  Last read position: NC_045549.1_RagTag:45,818,888
INFO	2024-07-03 10:15:17	MarkDuplicates	Written   140,000,000 records.  Elapsed time: 00:30:49s.  Time for last 10,000,000:  134s.  Last read position: NC_045549.1_RagTag:122,083,759
INFO	2024-07-03 10:17:30	MarkDuplicates	Written   150,000,000 records.  Elapsed time: 00:33:02s.  Time for last 10,000,000:  132s.  Last read position: NC_045551.1_RagTag:1,805,690
INFO	2024-07-03 10:19:44	MarkDuplicates	Written   160,000,000 records.  Elapsed time: 00:35:16s.  Time for last 10,000,000:  133s.  Last read position: NC_045552.1_RagTag:47,428,361
INFO	2024-07-03 10:22:01	MarkDuplicates	Written   170,000,000 records.  Elapsed time: 00:37:33s.  Time for last 10,000,000:  136s.  Last read position: NC_045554.1_RagTag:11,077,683
INFO	2024-07-03 10:24:16	MarkDuplicates	Written   180,000,000 records.  Elapsed time: 00:39:47s.  Time for last 10,000,000:  134s.  Last read position: NC_045555.1_RagTag:33,464,747
INFO	2024-07-03 10:26:33	MarkDuplicates	Written   190,000,000 records.  Elapsed time: 00:42:04s.  Time for last 10,000,000:  137s.  Last read position: NC_045558.1_RagTag:11,675,225
INFO	2024-07-03 10:28:52	MarkDuplicates	Written   200,000,000 records.  Elapsed time: 00:44:24s.  Time for last 10,000,000:  139s.  Last read position: NC_045558.1_RagTag:128,647,483
INFO	2024-07-03 10:31:09	MarkDuplicates	Written   210,000,000 records.  Elapsed time: 00:46:41s.  Time for last 10,000,000:  137s.  Last read position: Chr0_RagTag:37,733,147
INFO	2024-07-03 10:33:26	MarkDuplicates	Written   220,000,000 records.  Elapsed time: 00:48:58s.  Time for last 10,000,000:  137s.  Last read position: Chr0_RagTag:92,985,631
INFO	2024-07-03 10:35:22	MarkDuplicates	Writing complete. Closing input iterator.
INFO	2024-07-03 10:35:22	MarkDuplicates	Duplicate Index cleanup.
INFO	2024-07-03 10:35:22	MarkDuplicates	Getting Memory Stats.
INFO	2024-07-03 10:35:22	MarkDuplicates	Before output close freeMemory: 6049077184; totalMemory: 6088749056; maxMemory: 6487212032
INFO	2024-07-03 10:35:22	MarkDuplicates	Closed outputs. Getting more Memory Stats.
INFO	2024-07-03 10:35:22	MarkDuplicates	After output close freeMemory: 5483881872; totalMemory: 5520449536; maxMemory: 6487212032
[Wed Jul 03 10:35:22 MDT 2024] picard.sam.markduplicates.MarkDuplicates done. Elapsed time: 72.70 minutes.
Runtime.totalMemory()=5520449536
