INFO	2024-07-03 09:22:39	MarkDuplicates	

********** NOTE: Picard's command line syntax is changing.
**********
********** For more information, please see:
********** https://github.com/broadinstitute/picard/wiki/Command-Line-Syntax-Transition-For-Users-(Pre-Transition)
**********
********** The command line looks like this in the new syntax:
**********
**********    MarkDuplicates -REMOVE_DUPLICATES true -ASSUME_SORTED true -VALIDATION_STRINGENCY SILENT -INPUT AMCC266080_sort.bam -OUTPUT /project/getpop/bwa_ratsnake/rmd/AMCC266080.rmd.bam -METRICS_FILE /project/getpop/bwa_ratsnake/rmd/AMCC266080.rmd.bam.metrics
**********


09:22:40.376 INFO  NativeLibraryLoader - Loading libgkl_compression.so from jar:file:/apps/u/spack/gcc/12.2.0/picard/2.26.2-xrdth7g/bin/picard.jar!/com/intel/gkl/native/libgkl_compression.so
[Wed Jul 03 09:22:40 MDT 2024] MarkDuplicates INPUT=[AMCC266080_sort.bam] OUTPUT=/project/getpop/bwa_ratsnake/rmd/AMCC266080.rmd.bam METRICS_FILE=/project/getpop/bwa_ratsnake/rmd/AMCC266080.rmd.bam.metrics REMOVE_DUPLICATES=true ASSUME_SORTED=true VALIDATION_STRINGENCY=SILENT    MAX_SEQUENCES_FOR_DISK_READ_ENDS_MAP=50000 MAX_FILE_HANDLES_FOR_READ_ENDS_MAP=8000 SORTING_COLLECTION_SIZE_RATIO=0.25 TAG_DUPLICATE_SET_MEMBERS=false REMOVE_SEQUENCING_DUPLICATES=false TAGGING_POLICY=DontTag CLEAR_DT=true DUPLEX_UMI=false ADD_PG_TAG_TO_READS=true DUPLICATE_SCORING_STRATEGY=SUM_OF_BASE_QUALITIES PROGRAM_RECORD_ID=MarkDuplicates PROGRAM_GROUP_NAME=MarkDuplicates READ_NAME_REGEX=<optimized capture of last three ':' separated fields as numeric values> OPTICAL_DUPLICATE_PIXEL_DISTANCE=100 MAX_OPTICAL_DUPLICATE_SET_SIZE=300000 VERBOSITY=INFO QUIET=false COMPRESSION_LEVEL=5 MAX_RECORDS_IN_RAM=500000 CREATE_INDEX=false CREATE_MD5_FILE=false GA4GH_CLIENT_SECRETS=client_secrets.json USE_JDK_DEFLATER=false USE_JDK_INFLATER=false
[Wed Jul 03 09:22:40 MDT 2024] Executing as sharrin2@t506 on Linux 4.18.0-513.11.1.el8_9.x86_64 amd64; OpenJDK 64-Bit Server VM 11.0.15+10; Deflater: Intel; Inflater: Intel; Provider GCS is not available; Picard version: 2.26.2
INFO	2024-07-03 09:22:40	MarkDuplicates	Start of doWork freeMemory: 397763256; totalMemory: 405536768; maxMemory: 6487212032
INFO	2024-07-03 09:22:40	MarkDuplicates	Reading input file and constructing read end information.
INFO	2024-07-03 09:22:40	MarkDuplicates	Will retain up to 23504391 data points before spilling to disk.
INFO	2024-07-03 09:22:46	MarkDuplicates	Read     1,000,000 records.  Elapsed time: 00:00:05s.  Time for last 1,000,000:    5s.  Last read position: NC_045541.1_RagTag:6,877,609
INFO	2024-07-03 09:22:46	MarkDuplicates	Tracking 65297 as yet unmatched pairs. 5552 records in RAM.
INFO	2024-07-03 09:22:50	MarkDuplicates	Read     2,000,000 records.  Elapsed time: 00:00:09s.  Time for last 1,000,000:    3s.  Last read position: NC_045541.1_RagTag:15,025,117
INFO	2024-07-03 09:22:50	MarkDuplicates	Tracking 112787 as yet unmatched pairs. 9552 records in RAM.
INFO	2024-07-03 09:22:53	MarkDuplicates	Read     3,000,000 records.  Elapsed time: 00:00:13s.  Time for last 1,000,000:    3s.  Last read position: NC_045541.1_RagTag:23,234,508
INFO	2024-07-03 09:22:53	MarkDuplicates	Tracking 164789 as yet unmatched pairs. 13618 records in RAM.
INFO	2024-07-03 09:22:57	MarkDuplicates	Read     4,000,000 records.  Elapsed time: 00:00:16s.  Time for last 1,000,000:    3s.  Last read position: NC_045541.1_RagTag:31,597,398
INFO	2024-07-03 09:22:57	MarkDuplicates	Tracking 212829 as yet unmatched pairs. 16819 records in RAM.
INFO	2024-07-03 09:23:00	MarkDuplicates	Read     5,000,000 records.  Elapsed time: 00:00:19s.  Time for last 1,000,000:    3s.  Last read position: NC_045541.1_RagTag:40,004,867
INFO	2024-07-03 09:23:00	MarkDuplicates	Tracking 261402 as yet unmatched pairs. 19736 records in RAM.
INFO	2024-07-03 09:23:03	MarkDuplicates	Read     6,000,000 records.  Elapsed time: 00:00:22s.  Time for last 1,000,000:    3s.  Last read position: NC_045541.1_RagTag:48,392,450
INFO	2024-07-03 09:23:03	MarkDuplicates	Tracking 310190 as yet unmatched pairs. 22311 records in RAM.
INFO	2024-07-03 09:23:07	MarkDuplicates	Read     7,000,000 records.  Elapsed time: 00:00:26s.  Time for last 1,000,000:    3s.  Last read position: NC_045541.1_RagTag:56,584,701
INFO	2024-07-03 09:23:07	MarkDuplicates	Tracking 357830 as yet unmatched pairs. 24597 records in RAM.
INFO	2024-07-03 09:23:10	MarkDuplicates	Read     8,000,000 records.  Elapsed time: 00:00:30s.  Time for last 1,000,000:    3s.  Last read position: NC_045541.1_RagTag:64,955,693
INFO	2024-07-03 09:23:10	MarkDuplicates	Tracking 404569 as yet unmatched pairs. 26149 records in RAM.
INFO	2024-07-03 09:23:14	MarkDuplicates	Read     9,000,000 records.  Elapsed time: 00:00:33s.  Time for last 1,000,000:    3s.  Last read position: NC_045541.1_RagTag:73,431,379
INFO	2024-07-03 09:23:14	MarkDuplicates	Tracking 451023 as yet unmatched pairs. 26816 records in RAM.
INFO	2024-07-03 09:23:17	MarkDuplicates	Read    10,000,000 records.  Elapsed time: 00:00:36s.  Time for last 1,000,000:    3s.  Last read position: NC_045541.1_RagTag:81,891,697
INFO	2024-07-03 09:23:17	MarkDuplicates	Tracking 497720 as yet unmatched pairs. 27656 records in RAM.
INFO	2024-07-03 09:23:20	MarkDuplicates	Read    11,000,000 records.  Elapsed time: 00:00:39s.  Time for last 1,000,000:    3s.  Last read position: NC_045541.1_RagTag:90,168,103
INFO	2024-07-03 09:23:20	MarkDuplicates	Tracking 540434 as yet unmatched pairs. 27632 records in RAM.
INFO	2024-07-03 09:23:25	MarkDuplicates	Read    12,000,000 records.  Elapsed time: 00:00:44s.  Time for last 1,000,000:    4s.  Last read position: NC_045541.1_RagTag:98,627,462
INFO	2024-07-03 09:23:25	MarkDuplicates	Tracking 583649 as yet unmatched pairs. 27409 records in RAM.
INFO	2024-07-03 09:23:28	MarkDuplicates	Read    13,000,000 records.  Elapsed time: 00:00:47s.  Time for last 1,000,000:    3s.  Last read position: NC_045541.1_RagTag:106,773,681
INFO	2024-07-03 09:23:28	MarkDuplicates	Tracking 628086 as yet unmatched pairs. 26367 records in RAM.
INFO	2024-07-03 09:23:31	MarkDuplicates	Read    14,000,000 records.  Elapsed time: 00:00:50s.  Time for last 1,000,000:    3s.  Last read position: NC_045541.1_RagTag:115,149,114
INFO	2024-07-03 09:23:31	MarkDuplicates	Tracking 669942 as yet unmatched pairs. 25148 records in RAM.
INFO	2024-07-03 09:23:34	MarkDuplicates	Read    15,000,000 records.  Elapsed time: 00:00:54s.  Time for last 1,000,000:    3s.  Last read position: NC_045541.1_RagTag:123,539,900
INFO	2024-07-03 09:23:34	MarkDuplicates	Tracking 710136 as yet unmatched pairs. 23552 records in RAM.
INFO	2024-07-03 09:23:38	MarkDuplicates	Read    16,000,000 records.  Elapsed time: 00:00:57s.  Time for last 1,000,000:    3s.  Last read position: NC_045541.1_RagTag:131,759,760
INFO	2024-07-03 09:23:38	MarkDuplicates	Tracking 751046 as yet unmatched pairs. 21475 records in RAM.
INFO	2024-07-03 09:23:41	MarkDuplicates	Read    17,000,000 records.  Elapsed time: 00:01:00s.  Time for last 1,000,000:    3s.  Last read position: NC_045541.1_RagTag:139,959,101
INFO	2024-07-03 09:23:41	MarkDuplicates	Tracking 792855 as yet unmatched pairs. 19114 records in RAM.
INFO	2024-07-03 09:23:44	MarkDuplicates	Read    18,000,000 records.  Elapsed time: 00:01:03s.  Time for last 1,000,000:    3s.  Last read position: NC_045541.1_RagTag:148,364,968
INFO	2024-07-03 09:23:44	MarkDuplicates	Tracking 835350 as yet unmatched pairs. 16112 records in RAM.
INFO	2024-07-03 09:23:47	MarkDuplicates	Read    19,000,000 records.  Elapsed time: 00:01:07s.  Time for last 1,000,000:    3s.  Last read position: NC_045541.1_RagTag:156,782,128
INFO	2024-07-03 09:23:47	MarkDuplicates	Tracking 884638 as yet unmatched pairs. 12257 records in RAM.
INFO	2024-07-03 09:23:51	MarkDuplicates	Read    20,000,000 records.  Elapsed time: 00:01:10s.  Time for last 1,000,000:    3s.  Last read position: NC_045541.1_RagTag:165,824,583
INFO	2024-07-03 09:23:51	MarkDuplicates	Tracking 937888 as yet unmatched pairs. 7179 records in RAM.
INFO	2024-07-03 09:23:55	MarkDuplicates	Read    21,000,000 records.  Elapsed time: 00:01:15s.  Time for last 1,000,000:    4s.  Last read position: NC_045541.1_RagTag:175,154,028
INFO	2024-07-03 09:23:55	MarkDuplicates	Tracking 1004328 as yet unmatched pairs. 1173 records in RAM.
INFO	2024-07-03 09:24:01	MarkDuplicates	Read    22,000,000 records.  Elapsed time: 00:01:21s.  Time for last 1,000,000:    5s.  Last read position: NC_045542.1_RagTag:6,491,240
INFO	2024-07-03 09:24:01	MarkDuplicates	Tracking 1052602 as yet unmatched pairs. 99782 records in RAM.
INFO	2024-07-03 09:24:04	MarkDuplicates	Read    23,000,000 records.  Elapsed time: 00:01:24s.  Time for last 1,000,000:    3s.  Last read position: NC_045542.1_RagTag:15,014,648
INFO	2024-07-03 09:24:04	MarkDuplicates	Tracking 1091622 as yet unmatched pairs. 98735 records in RAM.
INFO	2024-07-03 09:24:08	MarkDuplicates	Read    24,000,000 records.  Elapsed time: 00:01:27s.  Time for last 1,000,000:    3s.  Last read position: NC_045542.1_RagTag:23,349,573
INFO	2024-07-03 09:24:08	MarkDuplicates	Tracking 1131423 as yet unmatched pairs. 97348 records in RAM.
INFO	2024-07-03 09:24:11	MarkDuplicates	Read    25,000,000 records.  Elapsed time: 00:01:30s.  Time for last 1,000,000:    3s.  Last read position: NC_045542.1_RagTag:31,842,325
INFO	2024-07-03 09:24:11	MarkDuplicates	Tracking 1172457 as yet unmatched pairs. 95594 records in RAM.
INFO	2024-07-03 09:24:27	MarkDuplicates	Read    26,000,000 records.  Elapsed time: 00:01:47s.  Time for last 1,000,000:   16s.  Last read position: NC_045542.1_RagTag:40,546,322
INFO	2024-07-03 09:24:27	MarkDuplicates	Tracking 1213188 as yet unmatched pairs. 92511 records in RAM.
INFO	2024-07-03 09:24:31	MarkDuplicates	Read    27,000,000 records.  Elapsed time: 00:01:50s.  Time for last 1,000,000:    3s.  Last read position: NC_045542.1_RagTag:48,824,366
INFO	2024-07-03 09:24:31	MarkDuplicates	Tracking 1248908 as yet unmatched pairs. 89506 records in RAM.
INFO	2024-07-03 09:24:34	MarkDuplicates	Read    28,000,000 records.  Elapsed time: 00:01:53s.  Time for last 1,000,000:    3s.  Last read position: NC_045542.1_RagTag:56,879,643
INFO	2024-07-03 09:24:34	MarkDuplicates	Tracking 1284405 as yet unmatched pairs. 86334 records in RAM.
INFO	2024-07-03 09:24:37	MarkDuplicates	Read    29,000,000 records.  Elapsed time: 00:01:56s.  Time for last 1,000,000:    3s.  Last read position: NC_045542.1_RagTag:65,184,637
INFO	2024-07-03 09:24:37	MarkDuplicates	Tracking 1318938 as yet unmatched pairs. 82833 records in RAM.
INFO	2024-07-03 09:24:40	MarkDuplicates	Read    30,000,000 records.  Elapsed time: 00:02:00s.  Time for last 1,000,000:    3s.  Last read position: NC_045542.1_RagTag:73,631,796
INFO	2024-07-03 09:24:40	MarkDuplicates	Tracking 1353384 as yet unmatched pairs. 78688 records in RAM.
INFO	2024-07-03 09:24:44	MarkDuplicates	Read    31,000,000 records.  Elapsed time: 00:02:03s.  Time for last 1,000,000:    3s.  Last read position: NC_045542.1_RagTag:81,923,025
INFO	2024-07-03 09:24:44	MarkDuplicates	Tracking 1387053 as yet unmatched pairs. 74112 records in RAM.
INFO	2024-07-03 09:24:47	MarkDuplicates	Read    32,000,000 records.  Elapsed time: 00:02:06s.  Time for last 1,000,000:    3s.  Last read position: NC_045542.1_RagTag:90,267,612
INFO	2024-07-03 09:24:47	MarkDuplicates	Tracking 1420212 as yet unmatched pairs. 69016 records in RAM.
INFO	2024-07-03 09:24:50	MarkDuplicates	Read    33,000,000 records.  Elapsed time: 00:02:10s.  Time for last 1,000,000:    3s.  Last read position: NC_045542.1_RagTag:98,626,633
INFO	2024-07-03 09:24:50	MarkDuplicates	Tracking 1453389 as yet unmatched pairs. 63271 records in RAM.
INFO	2024-07-03 09:24:54	MarkDuplicates	Read    34,000,000 records.  Elapsed time: 00:02:13s.  Time for last 1,000,000:    3s.  Last read position: NC_045542.1_RagTag:106,473,925
INFO	2024-07-03 09:24:54	MarkDuplicates	Tracking 1484972 as yet unmatched pairs. 57534 records in RAM.
INFO	2024-07-03 09:24:57	MarkDuplicates	Read    35,000,000 records.  Elapsed time: 00:02:16s.  Time for last 1,000,000:    3s.  Last read position: NC_045542.1_RagTag:114,755,065
INFO	2024-07-03 09:24:57	MarkDuplicates	Tracking 1518056 as yet unmatched pairs. 51346 records in RAM.
INFO	2024-07-03 09:25:00	MarkDuplicates	Read    36,000,000 records.  Elapsed time: 00:02:19s.  Time for last 1,000,000:    3s.  Last read position: NC_045542.1_RagTag:123,065,230
INFO	2024-07-03 09:25:00	MarkDuplicates	Tracking 1554418 as yet unmatched pairs. 43911 records in RAM.
INFO	2024-07-03 09:25:03	MarkDuplicates	Read    37,000,000 records.  Elapsed time: 00:02:23s.  Time for last 1,000,000:    3s.  Last read position: NC_045542.1_RagTag:131,230,277
INFO	2024-07-03 09:25:03	MarkDuplicates	Tracking 1590464 as yet unmatched pairs. 36007 records in RAM.
INFO	2024-07-03 09:25:08	MarkDuplicates	Read    38,000,000 records.  Elapsed time: 00:02:28s.  Time for last 1,000,000:    5s.  Last read position: NC_045542.1_RagTag:139,508,609
INFO	2024-07-03 09:25:08	MarkDuplicates	Tracking 1632339 as yet unmatched pairs. 26416 records in RAM.
INFO	2024-07-03 09:25:12	MarkDuplicates	Read    39,000,000 records.  Elapsed time: 00:02:31s.  Time for last 1,000,000:    3s.  Last read position: NC_045542.1_RagTag:147,271,361
INFO	2024-07-03 09:25:12	MarkDuplicates	Tracking 1679640 as yet unmatched pairs. 16189 records in RAM.
INFO	2024-07-03 09:25:15	MarkDuplicates	Read    40,000,000 records.  Elapsed time: 00:02:35s.  Time for last 1,000,000:    3s.  Last read position: NC_045542.1_RagTag:155,871,322
INFO	2024-07-03 09:25:15	MarkDuplicates	Tracking 1728981 as yet unmatched pairs. 5448 records in RAM.
INFO	2024-07-03 09:25:21	MarkDuplicates	Read    41,000,000 records.  Elapsed time: 00:02:40s.  Time for last 1,000,000:    5s.  Last read position: NC_045543.1_RagTag:4,945,890
INFO	2024-07-03 09:25:21	MarkDuplicates	Tracking 1774522 as yet unmatched pairs. 126991 records in RAM.
INFO	2024-07-03 09:25:24	MarkDuplicates	Read    42,000,000 records.  Elapsed time: 00:02:43s.  Time for last 1,000,000:    3s.  Last read position: NC_045543.1_RagTag:13,147,973
INFO	2024-07-03 09:25:24	MarkDuplicates	Tracking 1803996 as yet unmatched pairs. 120317 records in RAM.
INFO	2024-07-03 09:25:27	MarkDuplicates	Read    43,000,000 records.  Elapsed time: 00:02:46s.  Time for last 1,000,000:    3s.  Last read position: NC_045543.1_RagTag:21,657,692
INFO	2024-07-03 09:25:27	MarkDuplicates	Tracking 1836405 as yet unmatched pairs. 112866 records in RAM.
INFO	2024-07-03 09:25:30	MarkDuplicates	Read    44,000,000 records.  Elapsed time: 00:02:50s.  Time for last 1,000,000:    3s.  Last read position: NC_045543.1_RagTag:30,011,197
INFO	2024-07-03 09:25:30	MarkDuplicates	Tracking 1868476 as yet unmatched pairs. 104305 records in RAM.
INFO	2024-07-03 09:25:34	MarkDuplicates	Read    45,000,000 records.  Elapsed time: 00:02:53s.  Time for last 1,000,000:    3s.  Last read position: NC_045543.1_RagTag:38,503,461
INFO	2024-07-03 09:25:34	MarkDuplicates	Tracking 1897233 as yet unmatched pairs. 96087 records in RAM.
INFO	2024-07-03 09:25:37	MarkDuplicates	Read    46,000,000 records.  Elapsed time: 00:02:56s.  Time for last 1,000,000:    3s.  Last read position: NC_045543.1_RagTag:46,877,035
INFO	2024-07-03 09:25:37	MarkDuplicates	Tracking 1924418 as yet unmatched pairs. 87702 records in RAM.
INFO	2024-07-03 09:25:40	MarkDuplicates	Read    47,000,000 records.  Elapsed time: 00:02:59s.  Time for last 1,000,000:    3s.  Last read position: NC_045543.1_RagTag:55,233,890
INFO	2024-07-03 09:25:40	MarkDuplicates	Tracking 1950719 as yet unmatched pairs. 79083 records in RAM.
INFO	2024-07-03 09:25:43	MarkDuplicates	Read    48,000,000 records.  Elapsed time: 00:03:03s.  Time for last 1,000,000:    3s.  Last read position: NC_045543.1_RagTag:63,629,364
INFO	2024-07-03 09:25:43	MarkDuplicates	Tracking 1976725 as yet unmatched pairs. 70064 records in RAM.
INFO	2024-07-03 09:25:47	MarkDuplicates	Read    49,000,000 records.  Elapsed time: 00:03:06s.  Time for last 1,000,000:    3s.  Last read position: NC_045543.1_RagTag:72,063,174
INFO	2024-07-03 09:25:47	MarkDuplicates	Tracking 2001922 as yet unmatched pairs. 60933 records in RAM.
INFO	2024-07-03 09:25:50	MarkDuplicates	Read    50,000,000 records.  Elapsed time: 00:03:09s.  Time for last 1,000,000:    3s.  Last read position: NC_045543.1_RagTag:80,656,737
INFO	2024-07-03 09:25:50	MarkDuplicates	Tracking 2028736 as yet unmatched pairs. 49969 records in RAM.
INFO	2024-07-03 09:26:05	MarkDuplicates	Read    51,000,000 records.  Elapsed time: 00:03:25s.  Time for last 1,000,000:   15s.  Last read position: NC_045543.1_RagTag:89,027,141
INFO	2024-07-03 09:26:05	MarkDuplicates	Tracking 2057518 as yet unmatched pairs. 38225 records in RAM.
INFO	2024-07-03 09:26:09	MarkDuplicates	Read    52,000,000 records.  Elapsed time: 00:03:28s.  Time for last 1,000,000:    3s.  Last read position: NC_045543.1_RagTag:97,549,107
INFO	2024-07-03 09:26:09	MarkDuplicates	Tracking 2094795 as yet unmatched pairs. 23338 records in RAM.
INFO	2024-07-03 09:26:27	MarkDuplicates	Read    53,000,000 records.  Elapsed time: 00:03:46s.  Time for last 1,000,000:   18s.  Last read position: NC_045543.1_RagTag:107,032,041
INFO	2024-07-03 09:26:27	MarkDuplicates	Tracking 2148032 as yet unmatched pairs. 3656 records in RAM.
INFO	2024-07-03 09:26:34	MarkDuplicates	Read    54,000,000 records.  Elapsed time: 00:03:53s.  Time for last 1,000,000:    7s.  Last read position: NC_045544.1_RagTag:6,585,708
INFO	2024-07-03 09:26:34	MarkDuplicates	Tracking 2177619 as yet unmatched pairs. 241264 records in RAM.
INFO	2024-07-03 09:26:38	MarkDuplicates	Read    55,000,000 records.  Elapsed time: 00:03:57s.  Time for last 1,000,000:    4s.  Last read position: NC_045544.1_RagTag:14,860,639
INFO	2024-07-03 09:26:38	MarkDuplicates	Tracking 2202434 as yet unmatched pairs. 232298 records in RAM.
INFO	2024-07-03 09:26:41	MarkDuplicates	Read    56,000,000 records.  Elapsed time: 00:04:00s.  Time for last 1,000,000:    3s.  Last read position: NC_045544.1_RagTag:23,321,586
INFO	2024-07-03 09:26:41	MarkDuplicates	Tracking 2228567 as yet unmatched pairs. 222519 records in RAM.
INFO	2024-07-03 09:26:44	MarkDuplicates	Read    57,000,000 records.  Elapsed time: 00:04:04s.  Time for last 1,000,000:    3s.  Last read position: NC_045544.1_RagTag:31,472,252
INFO	2024-07-03 09:26:44	MarkDuplicates	Tracking 2253321 as yet unmatched pairs. 212699 records in RAM.
INFO	2024-07-03 09:26:48	MarkDuplicates	Read    58,000,000 records.  Elapsed time: 00:04:07s.  Time for last 1,000,000:    3s.  Last read position: NC_045544.1_RagTag:39,800,235
INFO	2024-07-03 09:26:48	MarkDuplicates	Tracking 2277428 as yet unmatched pairs. 201892 records in RAM.
INFO	2024-07-03 09:26:51	MarkDuplicates	Read    59,000,000 records.  Elapsed time: 00:04:10s.  Time for last 1,000,000:    3s.  Last read position: NC_045544.1_RagTag:48,101,339
INFO	2024-07-03 09:26:51	MarkDuplicates	Tracking 2300940 as yet unmatched pairs. 191519 records in RAM.
INFO	2024-07-03 09:26:54	MarkDuplicates	Read    60,000,000 records.  Elapsed time: 00:04:13s.  Time for last 1,000,000:    3s.  Last read position: NC_045544.1_RagTag:56,579,965
INFO	2024-07-03 09:26:54	MarkDuplicates	Tracking 2322231 as yet unmatched pairs. 180097 records in RAM.
INFO	2024-07-03 09:26:57	MarkDuplicates	Read    61,000,000 records.  Elapsed time: 00:04:17s.  Time for last 1,000,000:    3s.  Last read position: NC_045544.1_RagTag:65,064,839
INFO	2024-07-03 09:26:57	MarkDuplicates	Tracking 2344005 as yet unmatched pairs. 168835 records in RAM.
INFO	2024-07-03 09:27:01	MarkDuplicates	Read    62,000,000 records.  Elapsed time: 00:04:20s.  Time for last 1,000,000:    3s.  Last read position: NC_045544.1_RagTag:73,307,557
INFO	2024-07-03 09:27:01	MarkDuplicates	Tracking 2364204 as yet unmatched pairs. 156750 records in RAM.
INFO	2024-07-03 09:27:04	MarkDuplicates	Read    63,000,000 records.  Elapsed time: 00:04:23s.  Time for last 1,000,000:    3s.  Last read position: NC_045544.1_RagTag:81,538,182
INFO	2024-07-03 09:27:04	MarkDuplicates	Tracking 2384304 as yet unmatched pairs. 144569 records in RAM.
INFO	2024-07-03 09:27:07	MarkDuplicates	Read    64,000,000 records.  Elapsed time: 00:04:26s.  Time for last 1,000,000:    3s.  Last read position: NC_045544.1_RagTag:89,856,348
INFO	2024-07-03 09:27:07	MarkDuplicates	Tracking 2404329 as yet unmatched pairs. 132208 records in RAM.
INFO	2024-07-03 09:27:11	MarkDuplicates	Read    65,000,000 records.  Elapsed time: 00:04:30s.  Time for last 1,000,000:    3s.  Last read position: NC_045544.1_RagTag:98,088,821
INFO	2024-07-03 09:27:11	MarkDuplicates	Tracking 2422839 as yet unmatched pairs. 119015 records in RAM.
INFO	2024-07-03 09:27:14	MarkDuplicates	Read    66,000,000 records.  Elapsed time: 00:04:33s.  Time for last 1,000,000:    3s.  Last read position: NC_045544.1_RagTag:106,286,780
INFO	2024-07-03 09:27:14	MarkDuplicates	Tracking 2440895 as yet unmatched pairs. 106227 records in RAM.
INFO	2024-07-03 09:27:17	MarkDuplicates	Read    67,000,000 records.  Elapsed time: 00:04:36s.  Time for last 1,000,000:    3s.  Last read position: NC_045544.1_RagTag:114,461,075
INFO	2024-07-03 09:27:17	MarkDuplicates	Tracking 2459077 as yet unmatched pairs. 92968 records in RAM.
INFO	2024-07-03 09:27:20	MarkDuplicates	Read    68,000,000 records.  Elapsed time: 00:04:40s.  Time for last 1,000,000:    3s.  Last read position: NC_045544.1_RagTag:122,903,255
INFO	2024-07-03 09:27:20	MarkDuplicates	Tracking 2476093 as yet unmatched pairs. 79023 records in RAM.
INFO	2024-07-03 09:27:24	MarkDuplicates	Read    69,000,000 records.  Elapsed time: 00:04:43s.  Time for last 1,000,000:    3s.  Last read position: NC_045544.1_RagTag:131,358,645
INFO	2024-07-03 09:27:24	MarkDuplicates	Tracking 2497475 as yet unmatched pairs. 62640 records in RAM.
INFO	2024-07-03 09:27:27	MarkDuplicates	Read    70,000,000 records.  Elapsed time: 00:04:46s.  Time for last 1,000,000:    3s.  Last read position: NC_045544.1_RagTag:139,887,468
INFO	2024-07-03 09:27:27	MarkDuplicates	Tracking 2516442 as yet unmatched pairs. 46173 records in RAM.
INFO	2024-07-03 09:27:30	MarkDuplicates	Read    71,000,000 records.  Elapsed time: 00:04:49s.  Time for last 1,000,000:    3s.  Last read position: NC_045544.1_RagTag:148,441,727
INFO	2024-07-03 09:27:30	MarkDuplicates	Tracking 2541278 as yet unmatched pairs. 25623 records in RAM.
INFO	2024-07-03 09:27:34	MarkDuplicates	Read    72,000,000 records.  Elapsed time: 00:04:53s.  Time for last 1,000,000:    3s.  Last read position: NC_045544.1_RagTag:158,777,836
INFO	2024-07-03 09:27:34	MarkDuplicates	Tracking 2574100 as yet unmatched pairs. 2187 records in RAM.
INFO	2024-07-03 09:27:40	MarkDuplicates	Read    73,000,000 records.  Elapsed time: 00:04:59s.  Time for last 1,000,000:    6s.  Last read position: NC_045545.1_RagTag:7,504,921
INFO	2024-07-03 09:27:40	MarkDuplicates	Tracking 2592850 as yet unmatched pairs. 178962 records in RAM.
INFO	2024-07-03 09:27:43	MarkDuplicates	Read    74,000,000 records.  Elapsed time: 00:05:02s.  Time for last 1,000,000:    3s.  Last read position: NC_045545.1_RagTag:15,762,797
INFO	2024-07-03 09:27:43	MarkDuplicates	Tracking 2607641 as yet unmatched pairs. 164379 records in RAM.
INFO	2024-07-03 09:27:46	MarkDuplicates	Read    75,000,000 records.  Elapsed time: 00:05:05s.  Time for last 1,000,000:    3s.  Last read position: NC_045545.1_RagTag:24,157,226
INFO	2024-07-03 09:27:46	MarkDuplicates	Tracking 2622730 as yet unmatched pairs. 149411 records in RAM.
INFO	2024-07-03 09:28:02	MarkDuplicates	Read    76,000,000 records.  Elapsed time: 00:05:21s.  Time for last 1,000,000:   15s.  Last read position: NC_045545.1_RagTag:32,457,919
INFO	2024-07-03 09:28:02	MarkDuplicates	Tracking 2636177 as yet unmatched pairs. 134695 records in RAM.
INFO	2024-07-03 09:28:05	MarkDuplicates	Read    77,000,000 records.  Elapsed time: 00:05:24s.  Time for last 1,000,000:    3s.  Last read position: NC_045545.1_RagTag:40,888,843
INFO	2024-07-03 09:28:05	MarkDuplicates	Tracking 2648660 as yet unmatched pairs. 119347 records in RAM.
INFO	2024-07-03 09:28:08	MarkDuplicates	Read    78,000,000 records.  Elapsed time: 00:05:28s.  Time for last 1,000,000:    3s.  Last read position: NC_045545.1_RagTag:48,975,689
INFO	2024-07-03 09:28:08	MarkDuplicates	Tracking 2661353 as yet unmatched pairs. 104169 records in RAM.
INFO	2024-07-03 09:28:12	MarkDuplicates	Read    79,000,000 records.  Elapsed time: 00:05:31s.  Time for last 1,000,000:    3s.  Last read position: NC_045545.1_RagTag:57,332,187
INFO	2024-07-03 09:28:12	MarkDuplicates	Tracking 2673727 as yet unmatched pairs. 88674 records in RAM.
INFO	2024-07-03 09:28:15	MarkDuplicates	Read    80,000,000 records.  Elapsed time: 00:05:34s.  Time for last 1,000,000:    3s.  Last read position: NC_045545.1_RagTag:65,609,520
INFO	2024-07-03 09:28:15	MarkDuplicates	Tracking 2685012 as yet unmatched pairs. 71722 records in RAM.
INFO	2024-07-03 09:28:18	MarkDuplicates	Read    81,000,000 records.  Elapsed time: 00:05:37s.  Time for last 1,000,000:    3s.  Last read position: NC_045545.1_RagTag:73,819,279
INFO	2024-07-03 09:28:18	MarkDuplicates	Tracking 2698517 as yet unmatched pairs. 52998 records in RAM.
INFO	2024-07-03 09:28:21	MarkDuplicates	Read    82,000,000 records.  Elapsed time: 00:05:41s.  Time for last 1,000,000:    3s.  Last read position: NC_045545.1_RagTag:82,268,956
INFO	2024-07-03 09:28:21	MarkDuplicates	Tracking 2715310 as yet unmatched pairs. 29521 records in RAM.
INFO	2024-07-03 09:28:25	MarkDuplicates	Read    83,000,000 records.  Elapsed time: 00:05:44s.  Time for last 1,000,000:    3s.  Last read position: NC_045545.1_RagTag:92,622,773
INFO	2024-07-03 09:28:25	MarkDuplicates	Tracking 2743193 as yet unmatched pairs. 765 records in RAM.
INFO	2024-07-03 09:28:32	MarkDuplicates	Read    84,000,000 records.  Elapsed time: 00:05:51s.  Time for last 1,000,000:    7s.  Last read position: NC_045546.1_RagTag:9,850,841
INFO	2024-07-03 09:28:32	MarkDuplicates	Tracking 2768479 as yet unmatched pairs. 233212 records in RAM.
INFO	2024-07-03 09:28:35	MarkDuplicates	Read    85,000,000 records.  Elapsed time: 00:05:55s.  Time for last 1,000,000:    3s.  Last read position: NC_045546.1_RagTag:18,774,169
INFO	2024-07-03 09:28:35	MarkDuplicates	Tracking 2783642 as yet unmatched pairs. 209916 records in RAM.
INFO	2024-07-03 09:28:39	MarkDuplicates	Read    86,000,000 records.  Elapsed time: 00:05:58s.  Time for last 1,000,000:    3s.  Last read position: NC_045546.1_RagTag:27,228,277
INFO	2024-07-03 09:28:39	MarkDuplicates	Tracking 2792536 as yet unmatched pairs. 191686 records in RAM.
INFO	2024-07-03 09:28:44	MarkDuplicates	Read    87,000,000 records.  Elapsed time: 00:06:03s.  Time for last 1,000,000:    4s.  Last read position: NC_045546.1_RagTag:35,458,385
INFO	2024-07-03 09:28:44	MarkDuplicates	Tracking 2801525 as yet unmatched pairs. 174355 records in RAM.
INFO	2024-07-03 09:28:47	MarkDuplicates	Read    88,000,000 records.  Elapsed time: 00:06:06s.  Time for last 1,000,000:    3s.  Last read position: NC_045546.1_RagTag:44,003,370
INFO	2024-07-03 09:28:47	MarkDuplicates	Tracking 2810391 as yet unmatched pairs. 156771 records in RAM.
INFO	2024-07-03 09:28:50	MarkDuplicates	Read    89,000,000 records.  Elapsed time: 00:06:10s.  Time for last 1,000,000:    3s.  Last read position: NC_045546.1_RagTag:52,395,695
INFO	2024-07-03 09:28:50	MarkDuplicates	Tracking 2819161 as yet unmatched pairs. 138518 records in RAM.
INFO	2024-07-03 09:28:53	MarkDuplicates	Read    90,000,000 records.  Elapsed time: 00:06:13s.  Time for last 1,000,000:    3s.  Last read position: NC_045546.1_RagTag:60,833,382
INFO	2024-07-03 09:28:53	MarkDuplicates	Tracking 2830379 as yet unmatched pairs. 118733 records in RAM.
INFO	2024-07-03 09:28:57	MarkDuplicates	Read    91,000,000 records.  Elapsed time: 00:06:16s.  Time for last 1,000,000:    3s.  Last read position: NC_045546.1_RagTag:70,041,281
INFO	2024-07-03 09:28:57	MarkDuplicates	Tracking 2853107 as yet unmatched pairs. 94191 records in RAM.
INFO	2024-07-03 09:29:00	MarkDuplicates	Read    92,000,000 records.  Elapsed time: 00:06:20s.  Time for last 1,000,000:    3s.  Last read position: NC_045546.1_RagTag:78,504,359
INFO	2024-07-03 09:29:00	MarkDuplicates	Tracking 2869221 as yet unmatched pairs. 69199 records in RAM.
INFO	2024-07-03 09:29:04	MarkDuplicates	Read    93,000,000 records.  Elapsed time: 00:06:23s.  Time for last 1,000,000:    3s.  Last read position: NC_045546.1_RagTag:86,725,420
INFO	2024-07-03 09:29:04	MarkDuplicates	Tracking 2878866 as yet unmatched pairs. 45606 records in RAM.
INFO	2024-07-03 09:29:07	MarkDuplicates	Read    94,000,000 records.  Elapsed time: 00:06:26s.  Time for last 1,000,000:    3s.  Last read position: NC_045546.1_RagTag:94,938,118
INFO	2024-07-03 09:29:07	MarkDuplicates	Tracking 2885259 as yet unmatched pairs. 24136 records in RAM.
INFO	2024-07-03 09:29:10	MarkDuplicates	Read    95,000,000 records.  Elapsed time: 00:06:29s.  Time for last 1,000,000:    3s.  Last read position: NC_045546.1_RagTag:103,496,829
INFO	2024-07-03 09:29:10	MarkDuplicates	Tracking 2891816 as yet unmatched pairs. 799 records in RAM.
INFO	2024-07-03 09:29:18	MarkDuplicates	Read    96,000,000 records.  Elapsed time: 00:06:37s.  Time for last 1,000,000:    7s.  Last read position: NC_045547.1_RagTag:9,988,350
INFO	2024-07-03 09:29:18	MarkDuplicates	Tracking 2907437 as yet unmatched pairs. 254516 records in RAM.
INFO	2024-07-03 09:29:21	MarkDuplicates	Read    97,000,000 records.  Elapsed time: 00:06:40s.  Time for last 1,000,000:    3s.  Last read position: NC_045547.1_RagTag:18,682,598
INFO	2024-07-03 09:29:21	MarkDuplicates	Tracking 2914476 as yet unmatched pairs. 229401 records in RAM.
INFO	2024-07-03 09:29:24	MarkDuplicates	Read    98,000,000 records.  Elapsed time: 00:06:44s.  Time for last 1,000,000:    3s.  Last read position: NC_045547.1_RagTag:27,002,647
INFO	2024-07-03 09:29:24	MarkDuplicates	Tracking 2918762 as yet unmatched pairs. 207223 records in RAM.
INFO	2024-07-03 09:29:28	MarkDuplicates	Read    99,000,000 records.  Elapsed time: 00:06:47s.  Time for last 1,000,000:    3s.  Last read position: NC_045547.1_RagTag:35,189,848
INFO	2024-07-03 09:29:28	MarkDuplicates	Tracking 2921930 as yet unmatched pairs. 186828 records in RAM.
INFO	2024-07-03 09:29:31	MarkDuplicates	Read   100,000,000 records.  Elapsed time: 00:06:50s.  Time for last 1,000,000:    3s.  Last read position: NC_045547.1_RagTag:43,552,445
INFO	2024-07-03 09:29:31	MarkDuplicates	Tracking 2925062 as yet unmatched pairs. 165166 records in RAM.
INFO	2024-07-03 09:29:46	MarkDuplicates	Read   101,000,000 records.  Elapsed time: 00:07:05s.  Time for last 1,000,000:   15s.  Last read position: NC_045547.1_RagTag:52,123,505
INFO	2024-07-03 09:29:46	MarkDuplicates	Tracking 2930338 as yet unmatched pairs. 140116 records in RAM.
INFO	2024-07-03 09:29:49	MarkDuplicates	Read   102,000,000 records.  Elapsed time: 00:07:09s.  Time for last 1,000,000:    3s.  Last read position: NC_045547.1_RagTag:60,788,866
INFO	2024-07-03 09:29:49	MarkDuplicates	Tracking 2939264 as yet unmatched pairs. 108892 records in RAM.
INFO	2024-07-03 09:29:53	MarkDuplicates	Read   103,000,000 records.  Elapsed time: 00:07:12s.  Time for last 1,000,000:    3s.  Last read position: NC_045547.1_RagTag:69,038,648
INFO	2024-07-03 09:29:53	MarkDuplicates	Tracking 2943816 as yet unmatched pairs. 80638 records in RAM.
INFO	2024-07-03 09:29:58	MarkDuplicates	Read   104,000,000 records.  Elapsed time: 00:07:17s.  Time for last 1,000,000:    5s.  Last read position: NC_045547.1_RagTag:77,573,188
INFO	2024-07-03 09:29:58	MarkDuplicates	Tracking 2945801 as yet unmatched pairs. 53188 records in RAM.
INFO	2024-07-03 09:30:17	MarkDuplicates	Read   105,000,000 records.  Elapsed time: 00:07:36s.  Time for last 1,000,000:   19s.  Last read position: NC_045547.1_RagTag:86,876,723
INFO	2024-07-03 09:30:17	MarkDuplicates	Tracking 2952998 as yet unmatched pairs. 18093 records in RAM.
INFO	2024-07-03 09:30:23	MarkDuplicates	Read   106,000,000 records.  Elapsed time: 00:07:43s.  Time for last 1,000,000:    6s.  Last read position: NC_045548.1_RagTag:3,745,560
INFO	2024-07-03 09:30:23	MarkDuplicates	Tracking 2959230 as yet unmatched pairs. 220907 records in RAM.
INFO	2024-07-03 09:30:27	MarkDuplicates	Read   107,000,000 records.  Elapsed time: 00:07:46s.  Time for last 1,000,000:    3s.  Last read position: NC_045548.1_RagTag:11,980,209
INFO	2024-07-03 09:30:27	MarkDuplicates	Tracking 2958198 as yet unmatched pairs. 198008 records in RAM.
INFO	2024-07-03 09:30:30	MarkDuplicates	Read   108,000,000 records.  Elapsed time: 00:07:49s.  Time for last 1,000,000:    3s.  Last read position: NC_045548.1_RagTag:20,384,290
INFO	2024-07-03 09:30:30	MarkDuplicates	Tracking 2957208 as yet unmatched pairs. 175050 records in RAM.
INFO	2024-07-03 09:30:33	MarkDuplicates	Read   109,000,000 records.  Elapsed time: 00:07:53s.  Time for last 1,000,000:    3s.  Last read position: NC_045548.1_RagTag:28,621,298
INFO	2024-07-03 09:30:33	MarkDuplicates	Tracking 2954509 as yet unmatched pairs. 152571 records in RAM.
INFO	2024-07-03 09:30:37	MarkDuplicates	Read   110,000,000 records.  Elapsed time: 00:07:56s.  Time for last 1,000,000:    3s.  Last read position: NC_045548.1_RagTag:37,071,722
INFO	2024-07-03 09:30:37	MarkDuplicates	Tracking 2952526 as yet unmatched pairs. 129702 records in RAM.
INFO	2024-07-03 09:30:40	MarkDuplicates	Read   111,000,000 records.  Elapsed time: 00:07:59s.  Time for last 1,000,000:    3s.  Last read position: NC_045548.1_RagTag:45,481,997
INFO	2024-07-03 09:30:40	MarkDuplicates	Tracking 2949829 as yet unmatched pairs. 105816 records in RAM.
INFO	2024-07-03 09:30:43	MarkDuplicates	Read   112,000,000 records.  Elapsed time: 00:08:02s.  Time for last 1,000,000:    3s.  Last read position: NC_045548.1_RagTag:54,037,598
INFO	2024-07-03 09:30:43	MarkDuplicates	Tracking 2947667 as yet unmatched pairs. 80114 records in RAM.
INFO	2024-07-03 09:30:46	MarkDuplicates	Read   113,000,000 records.  Elapsed time: 00:08:06s.  Time for last 1,000,000:    3s.  Last read position: NC_045548.1_RagTag:62,877,105
INFO	2024-07-03 09:30:46	MarkDuplicates	Tracking 2946494 as yet unmatched pairs. 44734 records in RAM.
INFO	2024-07-03 09:30:50	MarkDuplicates	Read   114,000,000 records.  Elapsed time: 00:08:09s.  Time for last 1,000,000:    3s.  Last read position: NC_045548.1_RagTag:73,023,158
INFO	2024-07-03 09:30:50	MarkDuplicates	Tracking 2948790 as yet unmatched pairs. 3000 records in RAM.
INFO	2024-07-03 09:31:01	MarkDuplicates	Read   115,000,000 records.  Elapsed time: 00:08:20s.  Time for last 1,000,000:   10s.  Last read position: NC_045549.1_RagTag:8,559,131
INFO	2024-07-03 09:31:01	MarkDuplicates	Tracking 2951035 as yet unmatched pairs. 453348 records in RAM.
INFO	2024-07-03 09:31:04	MarkDuplicates	Read   116,000,000 records.  Elapsed time: 00:08:23s.  Time for last 1,000,000:    3s.  Last read position: NC_045549.1_RagTag:17,269,741
INFO	2024-07-03 09:31:04	MarkDuplicates	Tracking 2946470 as yet unmatched pairs. 422191 records in RAM.
INFO	2024-07-03 09:31:07	MarkDuplicates	Read   117,000,000 records.  Elapsed time: 00:08:26s.  Time for last 1,000,000:    3s.  Last read position: NC_045549.1_RagTag:25,901,725
INFO	2024-07-03 09:31:07	MarkDuplicates	Tracking 2940804 as yet unmatched pairs. 397065 records in RAM.
INFO	2024-07-03 09:31:11	MarkDuplicates	Read   118,000,000 records.  Elapsed time: 00:08:30s.  Time for last 1,000,000:    3s.  Last read position: NC_045549.1_RagTag:34,341,730
INFO	2024-07-03 09:31:11	MarkDuplicates	Tracking 2935249 as yet unmatched pairs. 373512 records in RAM.
INFO	2024-07-03 09:31:14	MarkDuplicates	Read   119,000,000 records.  Elapsed time: 00:08:33s.  Time for last 1,000,000:    3s.  Last read position: NC_045549.1_RagTag:42,806,926
INFO	2024-07-03 09:31:14	MarkDuplicates	Tracking 2929285 as yet unmatched pairs. 349405 records in RAM.
INFO	2024-07-03 09:31:19	MarkDuplicates	Read   120,000,000 records.  Elapsed time: 00:08:38s.  Time for last 1,000,000:    5s.  Last read position: NC_045549.1_RagTag:51,542,369
INFO	2024-07-03 09:31:19	MarkDuplicates	Tracking 2923426 as yet unmatched pairs. 322432 records in RAM.
INFO	2024-07-03 09:31:22	MarkDuplicates	Read   121,000,000 records.  Elapsed time: 00:08:42s.  Time for last 1,000,000:    3s.  Last read position: NC_045549.1_RagTag:60,640,662
INFO	2024-07-03 09:31:22	MarkDuplicates	Tracking 2919642 as yet unmatched pairs. 287402 records in RAM.
INFO	2024-07-03 09:31:25	MarkDuplicates	Read   122,000,000 records.  Elapsed time: 00:08:45s.  Time for last 1,000,000:    3s.  Last read position: NC_045549.1_RagTag:69,438,486
INFO	2024-07-03 09:31:25	MarkDuplicates	Tracking 2912223 as yet unmatched pairs. 256946 records in RAM.
INFO	2024-07-03 09:31:29	MarkDuplicates	Read   123,000,000 records.  Elapsed time: 00:08:48s.  Time for last 1,000,000:    3s.  Last read position: NC_045549.1_RagTag:77,790,775
INFO	2024-07-03 09:31:29	MarkDuplicates	Tracking 2903697 as yet unmatched pairs. 229514 records in RAM.
INFO	2024-07-03 09:31:32	MarkDuplicates	Read   124,000,000 records.  Elapsed time: 00:08:51s.  Time for last 1,000,000:    3s.  Last read position: NC_045549.1_RagTag:86,141,033
INFO	2024-07-03 09:31:32	MarkDuplicates	Tracking 2894984 as yet unmatched pairs. 202177 records in RAM.
INFO	2024-07-03 09:31:35	MarkDuplicates	Read   125,000,000 records.  Elapsed time: 00:08:55s.  Time for last 1,000,000:    3s.  Last read position: NC_045549.1_RagTag:94,888,934
INFO	2024-07-03 09:31:35	MarkDuplicates	Tracking 2885283 as yet unmatched pairs. 166429 records in RAM.
INFO	2024-07-03 09:31:39	MarkDuplicates	Read   126,000,000 records.  Elapsed time: 00:08:58s.  Time for last 1,000,000:    3s.  Last read position: NC_045549.1_RagTag:104,111,351
INFO	2024-07-03 09:31:39	MarkDuplicates	Tracking 2875502 as yet unmatched pairs. 124166 records in RAM.
INFO	2024-07-03 09:31:54	MarkDuplicates	Read   127,000,000 records.  Elapsed time: 00:09:13s.  Time for last 1,000,000:   15s.  Last read position: NC_045549.1_RagTag:113,031,353
INFO	2024-07-03 09:31:54	MarkDuplicates	Tracking 2867776 as yet unmatched pairs. 86006 records in RAM.
INFO	2024-07-03 09:31:57	MarkDuplicates	Read   128,000,000 records.  Elapsed time: 00:09:17s.  Time for last 1,000,000:    3s.  Last read position: NC_045549.1_RagTag:121,995,354
INFO	2024-07-03 09:31:57	MarkDuplicates	Tracking 2855515 as yet unmatched pairs. 48656 records in RAM.
INFO	2024-07-03 09:32:01	MarkDuplicates	Read   129,000,000 records.  Elapsed time: 00:09:20s.  Time for last 1,000,000:    3s.  Last read position: NC_045549.1_RagTag:132,404,644
INFO	2024-07-03 09:32:01	MarkDuplicates	Tracking 2845480 as yet unmatched pairs. 1485 records in RAM.
INFO	2024-07-03 09:32:08	MarkDuplicates	Read   130,000,000 records.  Elapsed time: 00:09:27s.  Time for last 1,000,000:    6s.  Last read position: NC_045550.1_RagTag:8,130,720
INFO	2024-07-03 09:32:08	MarkDuplicates	Tracking 2833912 as yet unmatched pairs. 226086 records in RAM.
INFO	2024-07-03 09:32:11	MarkDuplicates	Read   131,000,000 records.  Elapsed time: 00:09:30s.  Time for last 1,000,000:    3s.  Last read position: NC_045550.1_RagTag:16,479,553
INFO	2024-07-03 09:32:11	MarkDuplicates	Tracking 2822641 as yet unmatched pairs. 200166 records in RAM.
INFO	2024-07-03 09:32:14	MarkDuplicates	Read   132,000,000 records.  Elapsed time: 00:09:33s.  Time for last 1,000,000:    3s.  Last read position: NC_045550.1_RagTag:24,961,094
INFO	2024-07-03 09:32:14	MarkDuplicates	Tracking 2811078 as yet unmatched pairs. 174022 records in RAM.
INFO	2024-07-03 09:32:17	MarkDuplicates	Read   133,000,000 records.  Elapsed time: 00:09:37s.  Time for last 1,000,000:    3s.  Last read position: NC_045550.1_RagTag:33,307,407
INFO	2024-07-03 09:32:17	MarkDuplicates	Tracking 2799702 as yet unmatched pairs. 148675 records in RAM.
INFO	2024-07-03 09:32:21	MarkDuplicates	Read   134,000,000 records.  Elapsed time: 00:09:40s.  Time for last 1,000,000:    3s.  Last read position: NC_045550.1_RagTag:41,467,500
INFO	2024-07-03 09:32:21	MarkDuplicates	Tracking 2787268 as yet unmatched pairs. 120595 records in RAM.
INFO	2024-07-03 09:32:24	MarkDuplicates	Read   135,000,000 records.  Elapsed time: 00:09:43s.  Time for last 1,000,000:    3s.  Last read position: NC_045550.1_RagTag:49,680,724
INFO	2024-07-03 09:32:24	MarkDuplicates	Tracking 2773736 as yet unmatched pairs. 90355 records in RAM.
INFO	2024-07-03 09:32:27	MarkDuplicates	Read   136,000,000 records.  Elapsed time: 00:09:46s.  Time for last 1,000,000:    3s.  Last read position: NC_045550.1_RagTag:58,293,144
INFO	2024-07-03 09:32:27	MarkDuplicates	Tracking 2756902 as yet unmatched pairs. 53095 records in RAM.
INFO	2024-07-03 09:32:31	MarkDuplicates	Read   137,000,000 records.  Elapsed time: 00:09:50s.  Time for last 1,000,000:    3s.  Last read position: NC_045550.1_RagTag:68,171,658
INFO	2024-07-03 09:32:31	MarkDuplicates	Tracking 2739512 as yet unmatched pairs. 3347 records in RAM.
INFO	2024-07-03 09:32:35	MarkDuplicates	Read   138,000,000 records.  Elapsed time: 00:09:55s.  Time for last 1,000,000:    4s.  Last read position: NC_045551.1_RagTag:7,621,919
INFO	2024-07-03 09:32:35	MarkDuplicates	Tracking 2724226 as yet unmatched pairs. 87783 records in RAM.
INFO	2024-07-03 09:32:39	MarkDuplicates	Read   139,000,000 records.  Elapsed time: 00:09:58s.  Time for last 1,000,000:    3s.  Last read position: NC_045551.1_RagTag:15,743,930
INFO	2024-07-03 09:32:39	MarkDuplicates	Tracking 2709005 as yet unmatched pairs. 53248 records in RAM.
INFO	2024-07-03 09:32:44	MarkDuplicates	Read   140,000,000 records.  Elapsed time: 00:10:03s.  Time for last 1,000,000:    5s.  Last read position: NC_045551.1_RagTag:24,904,207
INFO	2024-07-03 09:32:44	MarkDuplicates	Tracking 2691488 as yet unmatched pairs. 6644 records in RAM.
INFO	2024-07-03 09:32:52	MarkDuplicates	Read   141,000,000 records.  Elapsed time: 00:10:11s.  Time for last 1,000,000:    7s.  Last read position: NC_045552.1_RagTag:8,598,382
INFO	2024-07-03 09:32:52	MarkDuplicates	Tracking 2673993 as yet unmatched pairs. 242996 records in RAM.
INFO	2024-07-03 09:32:55	MarkDuplicates	Read   142,000,000 records.  Elapsed time: 00:10:14s.  Time for last 1,000,000:    3s.  Last read position: NC_045552.1_RagTag:17,278,562
INFO	2024-07-03 09:32:55	MarkDuplicates	Tracking 2654113 as yet unmatched pairs. 202577 records in RAM.
INFO	2024-07-03 09:32:58	MarkDuplicates	Read   143,000,000 records.  Elapsed time: 00:10:18s.  Time for last 1,000,000:    3s.  Last read position: NC_045552.1_RagTag:26,480,458
INFO	2024-07-03 09:32:58	MarkDuplicates	Tracking 2630547 as yet unmatched pairs. 157224 records in RAM.
INFO	2024-07-03 09:33:02	MarkDuplicates	Read   144,000,000 records.  Elapsed time: 00:10:21s.  Time for last 1,000,000:    3s.  Last read position: NC_045552.1_RagTag:35,871,534
INFO	2024-07-03 09:33:02	MarkDuplicates	Tracking 2611319 as yet unmatched pairs. 113618 records in RAM.
INFO	2024-07-03 09:33:05	MarkDuplicates	Read   145,000,000 records.  Elapsed time: 00:10:24s.  Time for last 1,000,000:    3s.  Last read position: NC_045552.1_RagTag:44,084,706
INFO	2024-07-03 09:33:05	MarkDuplicates	Tracking 2590877 as yet unmatched pairs. 68972 records in RAM.
INFO	2024-07-03 09:33:08	MarkDuplicates	Read   146,000,000 records.  Elapsed time: 00:10:28s.  Time for last 1,000,000:    3s.  Last read position: NC_045552.1_RagTag:53,282,581
INFO	2024-07-03 09:33:08	MarkDuplicates	Tracking 2568027 as yet unmatched pairs. 21730 records in RAM.
INFO	2024-07-03 09:33:15	MarkDuplicates	Read   147,000,000 records.  Elapsed time: 00:10:35s.  Time for last 1,000,000:    7s.  Last read position: NC_045553.1_RagTag:5,887,062
INFO	2024-07-03 09:33:15	MarkDuplicates	Tracking 2548025 as yet unmatched pairs. 232204 records in RAM.
INFO	2024-07-03 09:33:19	MarkDuplicates	Read   148,000,000 records.  Elapsed time: 00:10:38s.  Time for last 1,000,000:    3s.  Last read position: NC_045553.1_RagTag:15,697,885
INFO	2024-07-03 09:33:19	MarkDuplicates	Tracking 2523849 as yet unmatched pairs. 181358 records in RAM.
INFO	2024-07-03 09:33:22	MarkDuplicates	Read   149,000,000 records.  Elapsed time: 00:10:42s.  Time for last 1,000,000:    3s.  Last read position: NC_045553.1_RagTag:25,571,765
INFO	2024-07-03 09:33:22	MarkDuplicates	Tracking 2497491 as yet unmatched pairs. 130542 records in RAM.
INFO	2024-07-03 09:33:26	MarkDuplicates	Read   150,000,000 records.  Elapsed time: 00:10:45s.  Time for last 1,000,000:    3s.  Last read position: NC_045553.1_RagTag:34,324,524
INFO	2024-07-03 09:33:26	MarkDuplicates	Tracking 2472293 as yet unmatched pairs. 86545 records in RAM.
INFO	2024-07-03 09:33:29	MarkDuplicates	Read   151,000,000 records.  Elapsed time: 00:10:48s.  Time for last 1,000,000:    3s.  Last read position: NC_045553.1_RagTag:43,220,069
INFO	2024-07-03 09:33:29	MarkDuplicates	Tracking 2446408 as yet unmatched pairs. 36094 records in RAM.
INFO	2024-07-03 09:33:48	MarkDuplicates	Read   152,000,000 records.  Elapsed time: 00:11:07s.  Time for last 1,000,000:   19s.  Last read position: NC_045554.1_RagTag:3,295,755
INFO	2024-07-03 09:33:48	MarkDuplicates	Tracking 2418459 as yet unmatched pairs. 252602 records in RAM.
INFO	2024-07-03 09:33:51	MarkDuplicates	Read   153,000,000 records.  Elapsed time: 00:11:11s.  Time for last 1,000,000:    3s.  Last read position: NC_045554.1_RagTag:12,825,994
INFO	2024-07-03 09:33:51	MarkDuplicates	Tracking 2386664 as yet unmatched pairs. 198556 records in RAM.
INFO	2024-07-03 09:33:55	MarkDuplicates	Read   154,000,000 records.  Elapsed time: 00:11:14s.  Time for last 1,000,000:    3s.  Last read position: NC_045554.1_RagTag:21,869,817
INFO	2024-07-03 09:33:55	MarkDuplicates	Tracking 2354034 as yet unmatched pairs. 147114 records in RAM.
INFO	2024-07-03 09:34:15	MarkDuplicates	Read   155,000,000 records.  Elapsed time: 00:11:34s.  Time for last 1,000,000:   20s.  Last read position: NC_045554.1_RagTag:31,167,505
INFO	2024-07-03 09:34:15	MarkDuplicates	Tracking 2320959 as yet unmatched pairs. 94487 records in RAM.
INFO	2024-07-03 09:34:18	MarkDuplicates	Read   156,000,000 records.  Elapsed time: 00:11:38s.  Time for last 1,000,000:    3s.  Last read position: NC_045554.1_RagTag:39,744,582
INFO	2024-07-03 09:34:18	MarkDuplicates	Tracking 2288774 as yet unmatched pairs. 46256 records in RAM.
INFO	2024-07-03 09:34:25	MarkDuplicates	Read   157,000,000 records.  Elapsed time: 00:11:45s.  Time for last 1,000,000:    6s.  Last read position: NC_045555.1_RagTag:284,131
INFO	2024-07-03 09:34:25	MarkDuplicates	Tracking 2257231 as yet unmatched pairs. 249497 records in RAM.
INFO	2024-07-03 09:34:30	MarkDuplicates	Read   158,000,000 records.  Elapsed time: 00:11:49s.  Time for last 1,000,000:    4s.  Last read position: NC_045555.1_RagTag:10,254,108
INFO	2024-07-03 09:34:30	MarkDuplicates	Tracking 2225076 as yet unmatched pairs. 199184 records in RAM.
INFO	2024-07-03 09:34:33	MarkDuplicates	Read   159,000,000 records.  Elapsed time: 00:11:52s.  Time for last 1,000,000:    3s.  Last read position: NC_045555.1_RagTag:18,794,698
INFO	2024-07-03 09:34:33	MarkDuplicates	Tracking 2190708 as yet unmatched pairs. 152265 records in RAM.
INFO	2024-07-03 09:34:36	MarkDuplicates	Read   160,000,000 records.  Elapsed time: 00:11:56s.  Time for last 1,000,000:    3s.  Last read position: NC_045555.1_RagTag:27,713,462
INFO	2024-07-03 09:34:36	MarkDuplicates	Tracking 2153896 as yet unmatched pairs. 99601 records in RAM.
INFO	2024-07-03 09:34:40	MarkDuplicates	Read   161,000,000 records.  Elapsed time: 00:11:59s.  Time for last 1,000,000:    3s.  Last read position: NC_045555.1_RagTag:36,747,970
INFO	2024-07-03 09:34:40	MarkDuplicates	Tracking 2117566 as yet unmatched pairs. 47287 records in RAM.
INFO	2024-07-03 09:34:46	MarkDuplicates	Read   162,000,000 records.  Elapsed time: 00:12:06s.  Time for last 1,000,000:    6s.  Last read position: NC_045556.1_RagTag:72,844
INFO	2024-07-03 09:34:46	MarkDuplicates	Tracking 2097541 as yet unmatched pairs. 222475 records in RAM.
INFO	2024-07-03 09:34:50	MarkDuplicates	Read   163,000,000 records.  Elapsed time: 00:12:09s.  Time for last 1,000,000:    3s.  Last read position: NC_045556.1_RagTag:9,416,709
INFO	2024-07-03 09:34:50	MarkDuplicates	Tracking 2060865 as yet unmatched pairs. 173766 records in RAM.
INFO	2024-07-03 09:34:53	MarkDuplicates	Read   164,000,000 records.  Elapsed time: 00:12:12s.  Time for last 1,000,000:    3s.  Last read position: NC_045556.1_RagTag:18,325,794
INFO	2024-07-03 09:34:53	MarkDuplicates	Tracking 2016353 as yet unmatched pairs. 114730 records in RAM.
INFO	2024-07-03 09:34:57	MarkDuplicates	Read   165,000,000 records.  Elapsed time: 00:12:16s.  Time for last 1,000,000:    3s.  Last read position: NC_045556.1_RagTag:27,007,553
INFO	2024-07-03 09:34:57	MarkDuplicates	Tracking 1982299 as yet unmatched pairs. 59799 records in RAM.
INFO	2024-07-03 09:35:00	MarkDuplicates	Read   166,000,000 records.  Elapsed time: 00:12:19s.  Time for last 1,000,000:    3s.  Last read position: NC_045556.1_RagTag:36,828,163
INFO	2024-07-03 09:35:00	MarkDuplicates	Tracking 1946411 as yet unmatched pairs. 819 records in RAM.
INFO	2024-07-03 09:35:04	MarkDuplicates	Read   167,000,000 records.  Elapsed time: 00:12:24s.  Time for last 1,000,000:    4s.  Last read position: NC_045557.1_RagTag:9,793,255
INFO	2024-07-03 09:35:04	MarkDuplicates	Tracking 1911404 as yet unmatched pairs. 13859 records in RAM.
INFO	2024-07-03 09:35:19	MarkDuplicates	Read   168,000,000 records.  Elapsed time: 00:12:39s.  Time for last 1,000,000:   14s.  Last read position: NC_045558.1_RagTag:7,396,455
INFO	2024-07-03 09:35:19	MarkDuplicates	Tracking 1872341 as yet unmatched pairs. 728505 records in RAM.
INFO	2024-07-03 09:35:23	MarkDuplicates	Read   169,000,000 records.  Elapsed time: 00:12:42s.  Time for last 1,000,000:    3s.  Last read position: NC_045558.1_RagTag:16,053,591
INFO	2024-07-03 09:35:23	MarkDuplicates	Tracking 1836093 as yet unmatched pairs. 686655 records in RAM.
INFO	2024-07-03 09:35:26	MarkDuplicates	Read   170,000,000 records.  Elapsed time: 00:12:45s.  Time for last 1,000,000:    3s.  Last read position: NC_045558.1_RagTag:24,599,448
INFO	2024-07-03 09:35:26	MarkDuplicates	Tracking 1804810 as yet unmatched pairs. 650242 records in RAM.
INFO	2024-07-03 09:35:29	MarkDuplicates	Read   171,000,000 records.  Elapsed time: 00:12:49s.  Time for last 1,000,000:    3s.  Last read position: NC_045558.1_RagTag:33,264,915
INFO	2024-07-03 09:35:29	MarkDuplicates	Tracking 1773631 as yet unmatched pairs. 613618 records in RAM.
INFO	2024-07-03 09:35:33	MarkDuplicates	Read   172,000,000 records.  Elapsed time: 00:12:52s.  Time for last 1,000,000:    3s.  Last read position: NC_045558.1_RagTag:41,590,093
INFO	2024-07-03 09:35:33	MarkDuplicates	Tracking 1741025 as yet unmatched pairs. 574671 records in RAM.
INFO	2024-07-03 09:35:36	MarkDuplicates	Read   173,000,000 records.  Elapsed time: 00:12:55s.  Time for last 1,000,000:    3s.  Last read position: NC_045558.1_RagTag:50,012,064
INFO	2024-07-03 09:35:36	MarkDuplicates	Tracking 1706328 as yet unmatched pairs. 533169 records in RAM.
INFO	2024-07-03 09:35:40	MarkDuplicates	Read   174,000,000 records.  Elapsed time: 00:12:59s.  Time for last 1,000,000:    3s.  Last read position: NC_045558.1_RagTag:58,981,614
INFO	2024-07-03 09:35:40	MarkDuplicates	Tracking 1666138 as yet unmatched pairs. 484642 records in RAM.
INFO	2024-07-03 09:35:43	MarkDuplicates	Read   175,000,000 records.  Elapsed time: 00:13:02s.  Time for last 1,000,000:    3s.  Last read position: NC_045558.1_RagTag:68,376,202
INFO	2024-07-03 09:35:43	MarkDuplicates	Tracking 1623747 as yet unmatched pairs. 431827 records in RAM.
INFO	2024-07-03 09:35:47	MarkDuplicates	Read   176,000,000 records.  Elapsed time: 00:13:06s.  Time for last 1,000,000:    3s.  Last read position: NC_045558.1_RagTag:77,705,296
INFO	2024-07-03 09:35:47	MarkDuplicates	Tracking 1576861 as yet unmatched pairs. 374950 records in RAM.
INFO	2024-07-03 09:36:02	MarkDuplicates	Read   177,000,000 records.  Elapsed time: 00:13:21s.  Time for last 1,000,000:   15s.  Last read position: NC_045558.1_RagTag:86,827,665
INFO	2024-07-03 09:36:02	MarkDuplicates	Tracking 1534565 as yet unmatched pairs. 324924 records in RAM.
INFO	2024-07-03 09:36:05	MarkDuplicates	Read   178,000,000 records.  Elapsed time: 00:13:25s.  Time for last 1,000,000:    3s.  Last read position: NC_045558.1_RagTag:95,533,061
INFO	2024-07-03 09:36:05	MarkDuplicates	Tracking 1497566 as yet unmatched pairs. 281333 records in RAM.
INFO	2024-07-03 09:36:08	MarkDuplicates	Read   179,000,000 records.  Elapsed time: 00:13:28s.  Time for last 1,000,000:    3s.  Last read position: NC_045558.1_RagTag:103,928,791
INFO	2024-07-03 09:36:08	MarkDuplicates	Tracking 1462282 as yet unmatched pairs. 240534 records in RAM.
INFO	2024-07-03 09:36:12	MarkDuplicates	Read   180,000,000 records.  Elapsed time: 00:13:31s.  Time for last 1,000,000:    3s.  Last read position: NC_045558.1_RagTag:112,486,559
INFO	2024-07-03 09:36:12	MarkDuplicates	Tracking 1427257 as yet unmatched pairs. 200894 records in RAM.
INFO	2024-07-03 09:36:15	MarkDuplicates	Read   181,000,000 records.  Elapsed time: 00:13:34s.  Time for last 1,000,000:    3s.  Last read position: NC_045558.1_RagTag:121,093,985
INFO	2024-07-03 09:36:15	MarkDuplicates	Tracking 1390984 as yet unmatched pairs. 158518 records in RAM.
INFO	2024-07-03 09:36:18	MarkDuplicates	Read   182,000,000 records.  Elapsed time: 00:13:38s.  Time for last 1,000,000:    3s.  Last read position: NC_045558.1_RagTag:129,520,513
INFO	2024-07-03 09:36:18	MarkDuplicates	Tracking 1344222 as yet unmatched pairs. 105049 records in RAM.
INFO	2024-07-03 09:36:22	MarkDuplicates	Read   183,000,000 records.  Elapsed time: 00:13:41s.  Time for last 1,000,000:    3s.  Last read position: NC_045558.1_RagTag:137,480,937
INFO	2024-07-03 09:36:22	MarkDuplicates	Tracking 1303759 as yet unmatched pairs. 55231 records in RAM.
INFO	2024-07-03 09:36:25	MarkDuplicates	Read   184,000,000 records.  Elapsed time: 00:13:44s.  Time for last 1,000,000:    3s.  Last read position: NW_022473586.1_RagTag:42,067
INFO	2024-07-03 09:36:25	MarkDuplicates	Tracking 1258598 as yet unmatched pairs. 45 records in RAM.
INFO	2024-07-03 09:36:48	MarkDuplicates	Read   185,000,000 records.  Elapsed time: 00:14:07s.  Time for last 1,000,000:   22s.  Last read position: Chr0_RagTag:4,987,348
INFO	2024-07-03 09:36:48	MarkDuplicates	Tracking 1203366 as yet unmatched pairs. 1203366 records in RAM.
INFO	2024-07-03 09:36:51	MarkDuplicates	Read   186,000,000 records.  Elapsed time: 00:14:11s.  Time for last 1,000,000:    3s.  Last read position: Chr0_RagTag:13,111,405
INFO	2024-07-03 09:36:51	MarkDuplicates	Tracking 1158076 as yet unmatched pairs. 1158076 records in RAM.
INFO	2024-07-03 09:36:55	MarkDuplicates	Read   187,000,000 records.  Elapsed time: 00:14:14s.  Time for last 1,000,000:    3s.  Last read position: Chr0_RagTag:19,587,532
INFO	2024-07-03 09:36:55	MarkDuplicates	Tracking 1109296 as yet unmatched pairs. 1109296 records in RAM.
INFO	2024-07-03 09:37:01	MarkDuplicates	Read   188,000,000 records.  Elapsed time: 00:14:20s.  Time for last 1,000,000:    5s.  Last read position: Chr0_RagTag:26,655,110
INFO	2024-07-03 09:37:01	MarkDuplicates	Tracking 1060280 as yet unmatched pairs. 1060280 records in RAM.
INFO	2024-07-03 09:37:04	MarkDuplicates	Read   189,000,000 records.  Elapsed time: 00:14:23s.  Time for last 1,000,000:    3s.  Last read position: Chr0_RagTag:33,415,693
INFO	2024-07-03 09:37:04	MarkDuplicates	Tracking 1004099 as yet unmatched pairs. 1004099 records in RAM.
INFO	2024-07-03 09:37:08	MarkDuplicates	Read   190,000,000 records.  Elapsed time: 00:14:27s.  Time for last 1,000,000:    3s.  Last read position: Chr0_RagTag:41,027,022
INFO	2024-07-03 09:37:08	MarkDuplicates	Tracking 949758 as yet unmatched pairs. 949758 records in RAM.
INFO	2024-07-03 09:37:11	MarkDuplicates	Read   191,000,000 records.  Elapsed time: 00:14:31s.  Time for last 1,000,000:    3s.  Last read position: Chr0_RagTag:48,580,663
INFO	2024-07-03 09:37:11	MarkDuplicates	Tracking 891056 as yet unmatched pairs. 891056 records in RAM.
INFO	2024-07-03 09:37:15	MarkDuplicates	Read   192,000,000 records.  Elapsed time: 00:14:34s.  Time for last 1,000,000:    3s.  Last read position: Chr0_RagTag:54,970,954
INFO	2024-07-03 09:37:15	MarkDuplicates	Tracking 833096 as yet unmatched pairs. 833096 records in RAM.
INFO	2024-07-03 09:37:18	MarkDuplicates	Read   193,000,000 records.  Elapsed time: 00:14:38s.  Time for last 1,000,000:    3s.  Last read position: Chr0_RagTag:62,068,799
INFO	2024-07-03 09:37:18	MarkDuplicates	Tracking 767319 as yet unmatched pairs. 767319 records in RAM.
INFO	2024-07-03 09:37:22	MarkDuplicates	Read   194,000,000 records.  Elapsed time: 00:14:41s.  Time for last 1,000,000:    3s.  Last read position: Chr0_RagTag:68,887,111
INFO	2024-07-03 09:37:22	MarkDuplicates	Tracking 699677 as yet unmatched pairs. 699677 records in RAM.
INFO	2024-07-03 09:37:25	MarkDuplicates	Read   195,000,000 records.  Elapsed time: 00:14:45s.  Time for last 1,000,000:    3s.  Last read position: Chr0_RagTag:76,917,088
INFO	2024-07-03 09:37:25	MarkDuplicates	Tracking 624990 as yet unmatched pairs. 624990 records in RAM.
INFO	2024-07-03 09:37:29	MarkDuplicates	Read   196,000,000 records.  Elapsed time: 00:14:48s.  Time for last 1,000,000:    3s.  Last read position: Chr0_RagTag:85,771,046
INFO	2024-07-03 09:37:29	MarkDuplicates	Tracking 547906 as yet unmatched pairs. 547906 records in RAM.
INFO	2024-07-03 09:37:33	MarkDuplicates	Read   197,000,000 records.  Elapsed time: 00:14:52s.  Time for last 1,000,000:    3s.  Last read position: Chr0_RagTag:93,345,667
INFO	2024-07-03 09:37:33	MarkDuplicates	Tracking 469464 as yet unmatched pairs. 469464 records in RAM.
INFO	2024-07-03 09:37:36	MarkDuplicates	Read   198,000,000 records.  Elapsed time: 00:14:56s.  Time for last 1,000,000:    3s.  Last read position: Chr0_RagTag:102,571,238
INFO	2024-07-03 09:37:36	MarkDuplicates	Tracking 383177 as yet unmatched pairs. 383177 records in RAM.
INFO	2024-07-03 09:37:40	MarkDuplicates	Read   199,000,000 records.  Elapsed time: 00:14:59s.  Time for last 1,000,000:    3s.  Last read position: Chr0_RagTag:111,274,928
INFO	2024-07-03 09:37:40	MarkDuplicates	Tracking 295207 as yet unmatched pairs. 295207 records in RAM.
INFO	2024-07-03 09:37:43	MarkDuplicates	Read   200,000,000 records.  Elapsed time: 00:15:03s.  Time for last 1,000,000:    3s.  Last read position: Chr0_RagTag:120,041,880
INFO	2024-07-03 09:37:43	MarkDuplicates	Tracking 202605 as yet unmatched pairs. 202605 records in RAM.
INFO	2024-07-03 09:37:47	MarkDuplicates	Read   201,000,000 records.  Elapsed time: 00:15:06s.  Time for last 1,000,000:    3s.  Last read position: Chr0_RagTag:127,609,709
INFO	2024-07-03 09:37:47	MarkDuplicates	Tracking 106427 as yet unmatched pairs. 106427 records in RAM.
INFO	2024-07-03 09:37:50	MarkDuplicates	Read 201918488 records. 0 pairs never matched.
INFO	2024-07-03 09:38:21	MarkDuplicates	After buildSortedReadEndLists freeMemory: 5955813048; totalMemory: 5995073536; maxMemory: 6487212032
INFO	2024-07-03 09:38:21	MarkDuplicates	Will retain up to 202725376 duplicate indices before spilling to disk.
INFO	2024-07-03 09:38:21	MarkDuplicates	Traversing read pair information and detecting duplicates.
INFO	2024-07-03 09:39:00	MarkDuplicates	Traversing fragment information and detecting duplicates.
INFO	2024-07-03 09:39:49	MarkDuplicates	Sorting list of duplicate records.
INFO	2024-07-03 09:39:50	MarkDuplicates	After generateDuplicateIndexes freeMemory: 4334297056; totalMemory: 5995073536; maxMemory: 6487212032
INFO	2024-07-03 09:39:50	MarkDuplicates	Marking 13303531 records as duplicates.
INFO	2024-07-03 09:39:50	MarkDuplicates	Found 333631 optical duplicate clusters.
INFO	2024-07-03 09:39:50	MarkDuplicates	Reads are assumed to be ordered by: coordinate
INFO	2024-07-03 09:42:02	MarkDuplicates	Written    10,000,000 records.  Elapsed time: 00:02:11s.  Time for last 10,000,000:  131s.  Last read position: NC_045541.1_RagTag:87,866,913
INFO	2024-07-03 09:44:13	MarkDuplicates	Written    20,000,000 records.  Elapsed time: 00:04:22s.  Time for last 10,000,000:  131s.  Last read position: NC_045542.1_RagTag:1,987,310
INFO	2024-07-03 09:46:22	MarkDuplicates	Written    30,000,000 records.  Elapsed time: 00:06:32s.  Time for last 10,000,000:  129s.  Last read position: NC_045542.1_RagTag:91,420,565
INFO	2024-07-03 09:48:34	MarkDuplicates	Written    40,000,000 records.  Elapsed time: 00:08:43s.  Time for last 10,000,000:  131s.  Last read position: NC_045543.1_RagTag:20,131,679
INFO	2024-07-03 09:50:45	MarkDuplicates	Written    50,000,000 records.  Elapsed time: 00:10:55s.  Time for last 10,000,000:  131s.  Last read position: NC_045544.1_RagTag:2,496,215
INFO	2024-07-03 09:52:55	MarkDuplicates	Written    60,000,000 records.  Elapsed time: 00:13:04s.  Time for last 10,000,000:  129s.  Last read position: NC_045544.1_RagTag:91,826,687
INFO	2024-07-03 09:55:05	MarkDuplicates	Written    70,000,000 records.  Elapsed time: 00:15:15s.  Time for last 10,000,000:  130s.  Last read position: NC_045545.1_RagTag:23,555,857
INFO	2024-07-03 09:57:17	MarkDuplicates	Written    80,000,000 records.  Elapsed time: 00:17:27s.  Time for last 10,000,000:  131s.  Last read position: NC_045546.1_RagTag:24,161,353
INFO	2024-07-03 09:59:29	MarkDuplicates	Written    90,000,000 records.  Elapsed time: 00:19:38s.  Time for last 10,000,000:  131s.  Last read position: NC_045547.1_RagTag:12,899,812
INFO	2024-07-03 10:01:41	MarkDuplicates	Written   100,000,000 records.  Elapsed time: 00:21:50s.  Time for last 10,000,000:  132s.  Last read position: NC_045548.1_RagTag:12,150,874
INFO	2024-07-03 10:03:53	MarkDuplicates	Written   110,000,000 records.  Elapsed time: 00:24:02s.  Time for last 10,000,000:  131s.  Last read position: NC_045549.1_RagTag:31,806,630
INFO	2024-07-03 10:06:05	MarkDuplicates	Written   120,000,000 records.  Elapsed time: 00:26:15s.  Time for last 10,000,000:  132s.  Last read position: NC_045549.1_RagTag:126,069,470
INFO	2024-07-03 10:08:16	MarkDuplicates	Written   130,000,000 records.  Elapsed time: 00:28:26s.  Time for last 10,000,000:  130s.  Last read position: NC_045551.1_RagTag:16,688,169
INFO	2024-07-03 10:10:32	MarkDuplicates	Written   140,000,000 records.  Elapsed time: 00:30:41s.  Time for last 10,000,000:  135s.  Last read position: NC_045553.1_RagTag:32,397,325
INFO	2024-07-03 10:12:48	MarkDuplicates	Written   150,000,000 records.  Elapsed time: 00:32:57s.  Time for last 10,000,000:  136s.  Last read position: NC_045555.1_RagTag:31,952,512
INFO	2024-07-03 10:15:03	MarkDuplicates	Written   160,000,000 records.  Elapsed time: 00:35:13s.  Time for last 10,000,000:  135s.  Last read position: NC_045558.1_RagTag:35,021,690
INFO	2024-07-03 10:17:16	MarkDuplicates	Written   170,000,000 records.  Elapsed time: 00:37:25s.  Time for last 10,000,000:  132s.  Last read position: NC_045558.1_RagTag:128,559,708
INFO	2024-07-03 10:19:33	MarkDuplicates	Written   180,000,000 records.  Elapsed time: 00:39:42s.  Time for last 10,000,000:  137s.  Last read position: Chr0_RagTag:58,875,291
INFO	2024-07-03 10:21:40	MarkDuplicates	Writing complete. Closing input iterator.
INFO	2024-07-03 10:21:40	MarkDuplicates	Duplicate Index cleanup.
INFO	2024-07-03 10:21:40	MarkDuplicates	Getting Memory Stats.
INFO	2024-07-03 10:21:40	MarkDuplicates	Before output close freeMemory: 5955603944; totalMemory: 5995073536; maxMemory: 6487212032
INFO	2024-07-03 10:21:40	MarkDuplicates	Closed outputs. Getting more Memory Stats.
INFO	2024-07-03 10:21:40	MarkDuplicates	After output close freeMemory: 5399731048; totalMemory: 5436116992; maxMemory: 6487212032
[Wed Jul 03 10:21:40 MDT 2024] picard.sam.markduplicates.MarkDuplicates done. Elapsed time: 59.01 minutes.
Runtime.totalMemory()=5436116992
