INFO	2024-07-03 09:22:39	MarkDuplicates	

********** NOTE: Picard's command line syntax is changing.
**********
********** For more information, please see:
********** https://github.com/broadinstitute/picard/wiki/Command-Line-Syntax-Transition-For-Users-(Pre-Transition)
**********
********** The command line looks like this in the new syntax:
**********
**********    MarkDuplicates -REMOVE_DUPLICATES true -ASSUME_SORTED true -VALIDATION_STRINGENCY SILENT -INPUT AMCC266095_sort.bam -OUTPUT /project/getpop/bwa_ratsnake/rmd/AMCC266095.rmd.bam -METRICS_FILE /project/getpop/bwa_ratsnake/rmd/AMCC266095.rmd.bam.metrics
**********


09:22:40.455 INFO  NativeLibraryLoader - Loading libgkl_compression.so from jar:file:/apps/u/spack/gcc/12.2.0/picard/2.26.2-xrdth7g/bin/picard.jar!/com/intel/gkl/native/libgkl_compression.so
[Wed Jul 03 09:22:40 MDT 2024] MarkDuplicates INPUT=[AMCC266095_sort.bam] OUTPUT=/project/getpop/bwa_ratsnake/rmd/AMCC266095.rmd.bam METRICS_FILE=/project/getpop/bwa_ratsnake/rmd/AMCC266095.rmd.bam.metrics REMOVE_DUPLICATES=true ASSUME_SORTED=true VALIDATION_STRINGENCY=SILENT    MAX_SEQUENCES_FOR_DISK_READ_ENDS_MAP=50000 MAX_FILE_HANDLES_FOR_READ_ENDS_MAP=8000 SORTING_COLLECTION_SIZE_RATIO=0.25 TAG_DUPLICATE_SET_MEMBERS=false REMOVE_SEQUENCING_DUPLICATES=false TAGGING_POLICY=DontTag CLEAR_DT=true DUPLEX_UMI=false ADD_PG_TAG_TO_READS=true DUPLICATE_SCORING_STRATEGY=SUM_OF_BASE_QUALITIES PROGRAM_RECORD_ID=MarkDuplicates PROGRAM_GROUP_NAME=MarkDuplicates READ_NAME_REGEX=<optimized capture of last three ':' separated fields as numeric values> OPTICAL_DUPLICATE_PIXEL_DISTANCE=100 MAX_OPTICAL_DUPLICATE_SET_SIZE=300000 VERBOSITY=INFO QUIET=false COMPRESSION_LEVEL=5 MAX_RECORDS_IN_RAM=500000 CREATE_INDEX=false CREATE_MD5_FILE=false GA4GH_CLIENT_SECRETS=client_secrets.json USE_JDK_DEFLATER=false USE_JDK_INFLATER=false
[Wed Jul 03 09:22:40 MDT 2024] Executing as sharrin2@t507 on Linux 4.18.0-513.11.1.el8_9.x86_64 amd64; OpenJDK 64-Bit Server VM 11.0.15+10; Deflater: Intel; Inflater: Intel; Provider GCS is not available; Picard version: 2.26.2
INFO	2024-07-03 09:22:40	MarkDuplicates	Start of doWork freeMemory: 397762768; totalMemory: 405536768; maxMemory: 6487212032
INFO	2024-07-03 09:22:40	MarkDuplicates	Reading input file and constructing read end information.
INFO	2024-07-03 09:22:40	MarkDuplicates	Will retain up to 23504391 data points before spilling to disk.
INFO	2024-07-03 09:22:46	MarkDuplicates	Read     1,000,000 records.  Elapsed time: 00:00:05s.  Time for last 1,000,000:    5s.  Last read position: NC_045541.1_RagTag:4,810,640
INFO	2024-07-03 09:22:46	MarkDuplicates	Tracking 40143 as yet unmatched pairs. 3032 records in RAM.
INFO	2024-07-03 09:22:49	MarkDuplicates	Read     2,000,000 records.  Elapsed time: 00:00:09s.  Time for last 1,000,000:    3s.  Last read position: NC_045541.1_RagTag:11,086,037
INFO	2024-07-03 09:22:49	MarkDuplicates	Tracking 67886 as yet unmatched pairs. 5317 records in RAM.
INFO	2024-07-03 09:22:53	MarkDuplicates	Read     3,000,000 records.  Elapsed time: 00:00:12s.  Time for last 1,000,000:    3s.  Last read position: NC_045541.1_RagTag:17,727,504
INFO	2024-07-03 09:22:53	MarkDuplicates	Tracking 93589 as yet unmatched pairs. 7328 records in RAM.
INFO	2024-07-03 09:22:56	MarkDuplicates	Read     4,000,000 records.  Elapsed time: 00:00:15s.  Time for last 1,000,000:    3s.  Last read position: NC_045541.1_RagTag:24,352,394
INFO	2024-07-03 09:22:56	MarkDuplicates	Tracking 123606 as yet unmatched pairs. 9448 records in RAM.
INFO	2024-07-03 09:22:59	MarkDuplicates	Read     5,000,000 records.  Elapsed time: 00:00:19s.  Time for last 1,000,000:    3s.  Last read position: NC_045541.1_RagTag:31,082,436
INFO	2024-07-03 09:22:59	MarkDuplicates	Tracking 150429 as yet unmatched pairs. 11291 records in RAM.
INFO	2024-07-03 09:23:03	MarkDuplicates	Read     6,000,000 records.  Elapsed time: 00:00:22s.  Time for last 1,000,000:    3s.  Last read position: NC_045541.1_RagTag:37,897,389
INFO	2024-07-03 09:23:03	MarkDuplicates	Tracking 178748 as yet unmatched pairs. 12966 records in RAM.
INFO	2024-07-03 09:23:06	MarkDuplicates	Read     7,000,000 records.  Elapsed time: 00:00:26s.  Time for last 1,000,000:    3s.  Last read position: NC_045541.1_RagTag:44,604,355
INFO	2024-07-03 09:23:06	MarkDuplicates	Tracking 206148 as yet unmatched pairs. 14406 records in RAM.
INFO	2024-07-03 09:23:10	MarkDuplicates	Read     8,000,000 records.  Elapsed time: 00:00:29s.  Time for last 1,000,000:    3s.  Last read position: NC_045541.1_RagTag:51,217,994
INFO	2024-07-03 09:23:10	MarkDuplicates	Tracking 235041 as yet unmatched pairs. 15865 records in RAM.
INFO	2024-07-03 09:23:13	MarkDuplicates	Read     9,000,000 records.  Elapsed time: 00:00:32s.  Time for last 1,000,000:    3s.  Last read position: NC_045541.1_RagTag:57,914,790
INFO	2024-07-03 09:23:13	MarkDuplicates	Tracking 262098 as yet unmatched pairs. 16937 records in RAM.
INFO	2024-07-03 09:23:16	MarkDuplicates	Read    10,000,000 records.  Elapsed time: 00:00:35s.  Time for last 1,000,000:    3s.  Last read position: NC_045541.1_RagTag:64,719,142
INFO	2024-07-03 09:23:16	MarkDuplicates	Tracking 287542 as yet unmatched pairs. 17779 records in RAM.
INFO	2024-07-03 09:23:19	MarkDuplicates	Read    11,000,000 records.  Elapsed time: 00:00:39s.  Time for last 1,000,000:    3s.  Last read position: NC_045541.1_RagTag:71,639,438
INFO	2024-07-03 09:23:19	MarkDuplicates	Tracking 312768 as yet unmatched pairs. 18046 records in RAM.
INFO	2024-07-03 09:23:24	MarkDuplicates	Read    12,000,000 records.  Elapsed time: 00:00:43s.  Time for last 1,000,000:    4s.  Last read position: NC_045541.1_RagTag:78,464,663
INFO	2024-07-03 09:23:24	MarkDuplicates	Tracking 337777 as yet unmatched pairs. 18589 records in RAM.
INFO	2024-07-03 09:23:27	MarkDuplicates	Read    13,000,000 records.  Elapsed time: 00:00:46s.  Time for last 1,000,000:    3s.  Last read position: NC_045541.1_RagTag:85,443,424
INFO	2024-07-03 09:23:27	MarkDuplicates	Tracking 361802 as yet unmatched pairs. 18925 records in RAM.
INFO	2024-07-03 09:23:30	MarkDuplicates	Read    14,000,000 records.  Elapsed time: 00:00:49s.  Time for last 1,000,000:    3s.  Last read position: NC_045541.1_RagTag:92,121,263
INFO	2024-07-03 09:23:30	MarkDuplicates	Tracking 387449 as yet unmatched pairs. 18893 records in RAM.
INFO	2024-07-03 09:23:33	MarkDuplicates	Read    15,000,000 records.  Elapsed time: 00:00:53s.  Time for last 1,000,000:    3s.  Last read position: NC_045541.1_RagTag:98,913,033
INFO	2024-07-03 09:23:33	MarkDuplicates	Tracking 410728 as yet unmatched pairs. 18790 records in RAM.
INFO	2024-07-03 09:23:37	MarkDuplicates	Read    16,000,000 records.  Elapsed time: 00:00:56s.  Time for last 1,000,000:    3s.  Last read position: NC_045541.1_RagTag:105,472,207
INFO	2024-07-03 09:23:37	MarkDuplicates	Tracking 435727 as yet unmatched pairs. 18056 records in RAM.
INFO	2024-07-03 09:23:40	MarkDuplicates	Read    17,000,000 records.  Elapsed time: 00:00:59s.  Time for last 1,000,000:    3s.  Last read position: NC_045541.1_RagTag:111,842,209
INFO	2024-07-03 09:23:40	MarkDuplicates	Tracking 458161 as yet unmatched pairs. 17514 records in RAM.
INFO	2024-07-03 09:23:43	MarkDuplicates	Read    18,000,000 records.  Elapsed time: 00:01:02s.  Time for last 1,000,000:    3s.  Last read position: NC_045541.1_RagTag:118,670,877
INFO	2024-07-03 09:23:43	MarkDuplicates	Tracking 480634 as yet unmatched pairs. 16771 records in RAM.
INFO	2024-07-03 09:23:46	MarkDuplicates	Read    19,000,000 records.  Elapsed time: 00:01:05s.  Time for last 1,000,000:    3s.  Last read position: NC_045541.1_RagTag:125,350,897
INFO	2024-07-03 09:23:46	MarkDuplicates	Tracking 502368 as yet unmatched pairs. 15906 records in RAM.
INFO	2024-07-03 09:23:51	MarkDuplicates	Read    20,000,000 records.  Elapsed time: 00:01:10s.  Time for last 1,000,000:    4s.  Last read position: NC_045541.1_RagTag:131,832,267
INFO	2024-07-03 09:23:51	MarkDuplicates	Tracking 523989 as yet unmatched pairs. 14782 records in RAM.
INFO	2024-07-03 09:23:54	MarkDuplicates	Read    21,000,000 records.  Elapsed time: 00:01:14s.  Time for last 1,000,000:    3s.  Last read position: NC_045541.1_RagTag:138,484,545
INFO	2024-07-03 09:23:54	MarkDuplicates	Tracking 547785 as yet unmatched pairs. 13644 records in RAM.
INFO	2024-07-03 09:23:58	MarkDuplicates	Read    22,000,000 records.  Elapsed time: 00:01:17s.  Time for last 1,000,000:    3s.  Last read position: NC_045541.1_RagTag:145,345,834
INFO	2024-07-03 09:23:58	MarkDuplicates	Tracking 570558 as yet unmatched pairs. 12361 records in RAM.
INFO	2024-07-03 09:24:01	MarkDuplicates	Read    23,000,000 records.  Elapsed time: 00:01:20s.  Time for last 1,000,000:    3s.  Last read position: NC_045541.1_RagTag:152,134,359
INFO	2024-07-03 09:24:01	MarkDuplicates	Tracking 595140 as yet unmatched pairs. 10644 records in RAM.
INFO	2024-07-03 09:24:04	MarkDuplicates	Read    24,000,000 records.  Elapsed time: 00:01:23s.  Time for last 1,000,000:    3s.  Last read position: NC_045541.1_RagTag:158,817,478
INFO	2024-07-03 09:24:04	MarkDuplicates	Tracking 625112 as yet unmatched pairs. 8410 records in RAM.
INFO	2024-07-03 09:24:21	MarkDuplicates	Read    25,000,000 records.  Elapsed time: 00:01:40s.  Time for last 1,000,000:   16s.  Last read position: NC_045541.1_RagTag:165,968,301
INFO	2024-07-03 09:24:21	MarkDuplicates	Tracking 659366 as yet unmatched pairs. 5410 records in RAM.
INFO	2024-07-03 09:24:24	MarkDuplicates	Read    26,000,000 records.  Elapsed time: 00:01:43s.  Time for last 1,000,000:    3s.  Last read position: NC_045541.1_RagTag:173,487,117
INFO	2024-07-03 09:24:24	MarkDuplicates	Tracking 703553 as yet unmatched pairs. 1958 records in RAM.
INFO	2024-07-03 09:24:29	MarkDuplicates	Read    27,000,000 records.  Elapsed time: 00:01:48s.  Time for last 1,000,000:    4s.  Last read position: NC_045542.1_RagTag:3,105,273
INFO	2024-07-03 09:24:29	MarkDuplicates	Tracking 739075 as yet unmatched pairs. 68504 records in RAM.
INFO	2024-07-03 09:24:32	MarkDuplicates	Read    28,000,000 records.  Elapsed time: 00:01:51s.  Time for last 1,000,000:    3s.  Last read position: NC_045542.1_RagTag:9,666,655
INFO	2024-07-03 09:24:32	MarkDuplicates	Tracking 759884 as yet unmatched pairs. 68119 records in RAM.
INFO	2024-07-03 09:24:35	MarkDuplicates	Read    29,000,000 records.  Elapsed time: 00:01:54s.  Time for last 1,000,000:    3s.  Last read position: NC_045542.1_RagTag:16,660,873
INFO	2024-07-03 09:24:35	MarkDuplicates	Tracking 780717 as yet unmatched pairs. 67526 records in RAM.
INFO	2024-07-03 09:24:38	MarkDuplicates	Read    30,000,000 records.  Elapsed time: 00:01:58s.  Time for last 1,000,000:    3s.  Last read position: NC_045542.1_RagTag:23,399,569
INFO	2024-07-03 09:24:38	MarkDuplicates	Tracking 803890 as yet unmatched pairs. 66615 records in RAM.
INFO	2024-07-03 09:24:42	MarkDuplicates	Read    31,000,000 records.  Elapsed time: 00:02:01s.  Time for last 1,000,000:    3s.  Last read position: NC_045542.1_RagTag:30,260,570
INFO	2024-07-03 09:24:42	MarkDuplicates	Tracking 826889 as yet unmatched pairs. 65533 records in RAM.
INFO	2024-07-03 09:24:45	MarkDuplicates	Read    32,000,000 records.  Elapsed time: 00:02:04s.  Time for last 1,000,000:    3s.  Last read position: NC_045542.1_RagTag:37,247,340
INFO	2024-07-03 09:24:45	MarkDuplicates	Tracking 851547 as yet unmatched pairs. 64120 records in RAM.
INFO	2024-07-03 09:24:48	MarkDuplicates	Read    33,000,000 records.  Elapsed time: 00:02:07s.  Time for last 1,000,000:    3s.  Last read position: NC_045542.1_RagTag:43,990,937
INFO	2024-07-03 09:24:48	MarkDuplicates	Tracking 875362 as yet unmatched pairs. 62391 records in RAM.
INFO	2024-07-03 09:24:52	MarkDuplicates	Read    34,000,000 records.  Elapsed time: 00:02:11s.  Time for last 1,000,000:    3s.  Last read position: NC_045542.1_RagTag:50,776,907
INFO	2024-07-03 09:24:52	MarkDuplicates	Tracking 894584 as yet unmatched pairs. 60966 records in RAM.
INFO	2024-07-03 09:24:55	MarkDuplicates	Read    35,000,000 records.  Elapsed time: 00:02:14s.  Time for last 1,000,000:    3s.  Last read position: NC_045542.1_RagTag:57,375,443
INFO	2024-07-03 09:24:55	MarkDuplicates	Tracking 913682 as yet unmatched pairs. 59180 records in RAM.
INFO	2024-07-03 09:25:00	MarkDuplicates	Read    36,000,000 records.  Elapsed time: 00:02:19s.  Time for last 1,000,000:    4s.  Last read position: NC_045542.1_RagTag:64,178,190
INFO	2024-07-03 09:25:00	MarkDuplicates	Tracking 931752 as yet unmatched pairs. 57290 records in RAM.
INFO	2024-07-03 09:25:03	MarkDuplicates	Read    37,000,000 records.  Elapsed time: 00:02:22s.  Time for last 1,000,000:    3s.  Last read position: NC_045542.1_RagTag:71,152,996
INFO	2024-07-03 09:25:03	MarkDuplicates	Tracking 951791 as yet unmatched pairs. 55245 records in RAM.
INFO	2024-07-03 09:25:06	MarkDuplicates	Read    38,000,000 records.  Elapsed time: 00:02:25s.  Time for last 1,000,000:    3s.  Last read position: NC_045542.1_RagTag:77,967,560
INFO	2024-07-03 09:25:06	MarkDuplicates	Tracking 970753 as yet unmatched pairs. 52875 records in RAM.
INFO	2024-07-03 09:25:09	MarkDuplicates	Read    39,000,000 records.  Elapsed time: 00:02:28s.  Time for last 1,000,000:    3s.  Last read position: NC_045542.1_RagTag:84,730,788
INFO	2024-07-03 09:25:09	MarkDuplicates	Tracking 989925 as yet unmatched pairs. 50459 records in RAM.
INFO	2024-07-03 09:25:12	MarkDuplicates	Read    40,000,000 records.  Elapsed time: 00:02:32s.  Time for last 1,000,000:    3s.  Last read position: NC_045542.1_RagTag:91,727,140
INFO	2024-07-03 09:25:12	MarkDuplicates	Tracking 1009620 as yet unmatched pairs. 47693 records in RAM.
INFO	2024-07-03 09:25:16	MarkDuplicates	Read    41,000,000 records.  Elapsed time: 00:02:35s.  Time for last 1,000,000:    3s.  Last read position: NC_045542.1_RagTag:98,479,993
INFO	2024-07-03 09:25:16	MarkDuplicates	Tracking 1027438 as yet unmatched pairs. 44783 records in RAM.
INFO	2024-07-03 09:25:19	MarkDuplicates	Read    42,000,000 records.  Elapsed time: 00:02:38s.  Time for last 1,000,000:    3s.  Last read position: NC_045542.1_RagTag:105,206,816
INFO	2024-07-03 09:25:19	MarkDuplicates	Tracking 1044550 as yet unmatched pairs. 41892 records in RAM.
INFO	2024-07-03 09:25:22	MarkDuplicates	Read    43,000,000 records.  Elapsed time: 00:02:41s.  Time for last 1,000,000:    3s.  Last read position: NC_045542.1_RagTag:111,688,187
INFO	2024-07-03 09:25:22	MarkDuplicates	Tracking 1066903 as yet unmatched pairs. 38398 records in RAM.
INFO	2024-07-03 09:25:25	MarkDuplicates	Read    44,000,000 records.  Elapsed time: 00:02:44s.  Time for last 1,000,000:    3s.  Last read position: NC_045542.1_RagTag:118,317,691
INFO	2024-07-03 09:25:25	MarkDuplicates	Tracking 1087288 as yet unmatched pairs. 34767 records in RAM.
INFO	2024-07-03 09:25:28	MarkDuplicates	Read    45,000,000 records.  Elapsed time: 00:02:48s.  Time for last 1,000,000:    3s.  Last read position: NC_045542.1_RagTag:125,010,514
INFO	2024-07-03 09:25:28	MarkDuplicates	Tracking 1110024 as yet unmatched pairs. 30440 records in RAM.
INFO	2024-07-03 09:25:32	MarkDuplicates	Read    46,000,000 records.  Elapsed time: 00:02:51s.  Time for last 1,000,000:    3s.  Last read position: NC_045542.1_RagTag:131,474,544
INFO	2024-07-03 09:25:32	MarkDuplicates	Tracking 1132514 as yet unmatched pairs. 25954 records in RAM.
INFO	2024-07-03 09:25:35	MarkDuplicates	Read    47,000,000 records.  Elapsed time: 00:02:54s.  Time for last 1,000,000:    3s.  Last read position: NC_045542.1_RagTag:138,230,862
INFO	2024-07-03 09:25:35	MarkDuplicates	Tracking 1157442 as yet unmatched pairs. 20659 records in RAM.
INFO	2024-07-03 09:25:38	MarkDuplicates	Read    48,000,000 records.  Elapsed time: 00:02:57s.  Time for last 1,000,000:    3s.  Last read position: NC_045542.1_RagTag:144,883,623
INFO	2024-07-03 09:25:38	MarkDuplicates	Tracking 1186589 as yet unmatched pairs. 14744 records in RAM.
INFO	2024-07-03 09:25:41	MarkDuplicates	Read    49,000,000 records.  Elapsed time: 00:03:01s.  Time for last 1,000,000:    3s.  Last read position: NC_045542.1_RagTag:150,945,750
INFO	2024-07-03 09:25:41	MarkDuplicates	Tracking 1217164 as yet unmatched pairs. 8742 records in RAM.
INFO	2024-07-03 09:25:57	MarkDuplicates	Read    50,000,000 records.  Elapsed time: 00:03:16s.  Time for last 1,000,000:   15s.  Last read position: NC_045542.1_RagTag:157,303,762
INFO	2024-07-03 09:25:57	MarkDuplicates	Tracking 1249745 as yet unmatched pairs. 2201 records in RAM.
INFO	2024-07-03 09:26:17	MarkDuplicates	Read    51,000,000 records.  Elapsed time: 00:03:36s.  Time for last 1,000,000:   19s.  Last read position: NC_045543.1_RagTag:4,372,269
INFO	2024-07-03 09:26:17	MarkDuplicates	Tracking 1276443 as yet unmatched pairs. 92247 records in RAM.
INFO	2024-07-03 09:26:20	MarkDuplicates	Read    52,000,000 records.  Elapsed time: 00:03:39s.  Time for last 1,000,000:    3s.  Last read position: NC_045543.1_RagTag:10,991,799
INFO	2024-07-03 09:26:20	MarkDuplicates	Tracking 1291997 as yet unmatched pairs. 88784 records in RAM.
INFO	2024-07-03 09:26:24	MarkDuplicates	Read    53,000,000 records.  Elapsed time: 00:03:43s.  Time for last 1,000,000:    3s.  Last read position: NC_045543.1_RagTag:17,718,517
INFO	2024-07-03 09:26:24	MarkDuplicates	Tracking 1309114 as yet unmatched pairs. 85167 records in RAM.
INFO	2024-07-03 09:26:27	MarkDuplicates	Read    54,000,000 records.  Elapsed time: 00:03:46s.  Time for last 1,000,000:    3s.  Last read position: NC_045543.1_RagTag:24,522,860
INFO	2024-07-03 09:26:27	MarkDuplicates	Tracking 1327731 as yet unmatched pairs. 80796 records in RAM.
INFO	2024-07-03 09:26:30	MarkDuplicates	Read    55,000,000 records.  Elapsed time: 00:03:50s.  Time for last 1,000,000:    3s.  Last read position: NC_045543.1_RagTag:31,028,001
INFO	2024-07-03 09:26:30	MarkDuplicates	Tracking 1346296 as yet unmatched pairs. 75955 records in RAM.
INFO	2024-07-03 09:26:34	MarkDuplicates	Read    56,000,000 records.  Elapsed time: 00:03:53s.  Time for last 1,000,000:    3s.  Last read position: NC_045543.1_RagTag:37,765,583
INFO	2024-07-03 09:26:34	MarkDuplicates	Tracking 1363512 as yet unmatched pairs. 71196 records in RAM.
INFO	2024-07-03 09:26:37	MarkDuplicates	Read    57,000,000 records.  Elapsed time: 00:03:56s.  Time for last 1,000,000:    3s.  Last read position: NC_045543.1_RagTag:44,642,207
INFO	2024-07-03 09:26:37	MarkDuplicates	Tracking 1379074 as yet unmatched pairs. 66522 records in RAM.
INFO	2024-07-03 09:26:40	MarkDuplicates	Read    58,000,000 records.  Elapsed time: 00:03:59s.  Time for last 1,000,000:    3s.  Last read position: NC_045543.1_RagTag:51,487,302
INFO	2024-07-03 09:26:40	MarkDuplicates	Tracking 1394975 as yet unmatched pairs. 62206 records in RAM.
INFO	2024-07-03 09:26:43	MarkDuplicates	Read    59,000,000 records.  Elapsed time: 00:04:03s.  Time for last 1,000,000:    3s.  Last read position: NC_045543.1_RagTag:58,241,544
INFO	2024-07-03 09:26:43	MarkDuplicates	Tracking 1409335 as yet unmatched pairs. 57781 records in RAM.
INFO	2024-07-03 09:26:46	MarkDuplicates	Read    60,000,000 records.  Elapsed time: 00:04:06s.  Time for last 1,000,000:    3s.  Last read position: NC_045543.1_RagTag:65,039,796
INFO	2024-07-03 09:26:46	MarkDuplicates	Tracking 1424429 as yet unmatched pairs. 52930 records in RAM.
INFO	2024-07-03 09:26:50	MarkDuplicates	Read    61,000,000 records.  Elapsed time: 00:04:09s.  Time for last 1,000,000:    3s.  Last read position: NC_045543.1_RagTag:71,901,131
INFO	2024-07-03 09:26:50	MarkDuplicates	Tracking 1437818 as yet unmatched pairs. 48232 records in RAM.
INFO	2024-07-03 09:26:53	MarkDuplicates	Read    62,000,000 records.  Elapsed time: 00:04:12s.  Time for last 1,000,000:    3s.  Last read position: NC_045543.1_RagTag:78,925,584
INFO	2024-07-03 09:26:53	MarkDuplicates	Tracking 1452289 as yet unmatched pairs. 42863 records in RAM.
INFO	2024-07-03 09:26:56	MarkDuplicates	Read    63,000,000 records.  Elapsed time: 00:04:15s.  Time for last 1,000,000:    3s.  Last read position: NC_045543.1_RagTag:85,782,632
INFO	2024-07-03 09:26:56	MarkDuplicates	Tracking 1468731 as yet unmatched pairs. 37065 records in RAM.
INFO	2024-07-03 09:26:59	MarkDuplicates	Read    64,000,000 records.  Elapsed time: 00:04:18s.  Time for last 1,000,000:    3s.  Last read position: NC_045543.1_RagTag:92,475,478
INFO	2024-07-03 09:26:59	MarkDuplicates	Tracking 1488078 as yet unmatched pairs. 29700 records in RAM.
INFO	2024-07-03 09:27:03	MarkDuplicates	Read    65,000,000 records.  Elapsed time: 00:04:22s.  Time for last 1,000,000:    3s.  Last read position: NC_045543.1_RagTag:99,037,389
INFO	2024-07-03 09:27:03	MarkDuplicates	Tracking 1517632 as yet unmatched pairs. 20058 records in RAM.
INFO	2024-07-03 09:27:06	MarkDuplicates	Read    66,000,000 records.  Elapsed time: 00:04:25s.  Time for last 1,000,000:    3s.  Last read position: NC_045543.1_RagTag:105,313,718
INFO	2024-07-03 09:27:06	MarkDuplicates	Tracking 1564311 as yet unmatched pairs. 6398 records in RAM.
INFO	2024-07-03 09:27:12	MarkDuplicates	Read    67,000,000 records.  Elapsed time: 00:04:31s.  Time for last 1,000,000:    5s.  Last read position: NC_045544.1_RagTag:3,342,964
INFO	2024-07-03 09:27:12	MarkDuplicates	Tracking 1587975 as yet unmatched pairs. 168993 records in RAM.
INFO	2024-07-03 09:27:15	MarkDuplicates	Read    68,000,000 records.  Elapsed time: 00:04:34s.  Time for last 1,000,000:    3s.  Last read position: NC_045544.1_RagTag:10,072,034
INFO	2024-07-03 09:27:15	MarkDuplicates	Tracking 1602302 as yet unmatched pairs. 164425 records in RAM.
INFO	2024-07-03 09:27:18	MarkDuplicates	Read    69,000,000 records.  Elapsed time: 00:04:38s.  Time for last 1,000,000:    3s.  Last read position: NC_045544.1_RagTag:16,666,906
INFO	2024-07-03 09:27:18	MarkDuplicates	Tracking 1617372 as yet unmatched pairs. 159168 records in RAM.
INFO	2024-07-03 09:27:22	MarkDuplicates	Read    70,000,000 records.  Elapsed time: 00:04:41s.  Time for last 1,000,000:    3s.  Last read position: NC_045544.1_RagTag:23,373,505
INFO	2024-07-03 09:27:22	MarkDuplicates	Tracking 1634169 as yet unmatched pairs. 153386 records in RAM.
INFO	2024-07-03 09:27:25	MarkDuplicates	Read    71,000,000 records.  Elapsed time: 00:04:44s.  Time for last 1,000,000:    3s.  Last read position: NC_045544.1_RagTag:30,151,832
INFO	2024-07-03 09:27:25	MarkDuplicates	Tracking 1648174 as yet unmatched pairs. 147894 records in RAM.
INFO	2024-07-03 09:27:28	MarkDuplicates	Read    72,000,000 records.  Elapsed time: 00:04:47s.  Time for last 1,000,000:    3s.  Last read position: NC_045544.1_RagTag:36,546,616
INFO	2024-07-03 09:27:28	MarkDuplicates	Tracking 1662244 as yet unmatched pairs. 142302 records in RAM.
INFO	2024-07-03 09:27:31	MarkDuplicates	Read    73,000,000 records.  Elapsed time: 00:04:51s.  Time for last 1,000,000:    3s.  Last read position: NC_045544.1_RagTag:43,322,219
INFO	2024-07-03 09:27:31	MarkDuplicates	Tracking 1677023 as yet unmatched pairs. 136281 records in RAM.
INFO	2024-07-03 09:27:47	MarkDuplicates	Read    74,000,000 records.  Elapsed time: 00:05:06s.  Time for last 1,000,000:   15s.  Last read position: NC_045544.1_RagTag:49,965,822
INFO	2024-07-03 09:27:47	MarkDuplicates	Tracking 1692027 as yet unmatched pairs. 129131 records in RAM.
INFO	2024-07-03 09:27:50	MarkDuplicates	Read    75,000,000 records.  Elapsed time: 00:05:09s.  Time for last 1,000,000:    3s.  Last read position: NC_045544.1_RagTag:56,801,693
INFO	2024-07-03 09:27:50	MarkDuplicates	Tracking 1704536 as yet unmatched pairs. 123375 records in RAM.
INFO	2024-07-03 09:27:53	MarkDuplicates	Read    76,000,000 records.  Elapsed time: 00:05:12s.  Time for last 1,000,000:    3s.  Last read position: NC_045544.1_RagTag:63,681,758
INFO	2024-07-03 09:27:53	MarkDuplicates	Tracking 1717784 as yet unmatched pairs. 117288 records in RAM.
INFO	2024-07-03 09:27:56	MarkDuplicates	Read    77,000,000 records.  Elapsed time: 00:05:16s.  Time for last 1,000,000:    3s.  Last read position: NC_045544.1_RagTag:70,440,335
INFO	2024-07-03 09:27:56	MarkDuplicates	Tracking 1729597 as yet unmatched pairs. 110936 records in RAM.
INFO	2024-07-03 09:28:00	MarkDuplicates	Read    78,000,000 records.  Elapsed time: 00:05:19s.  Time for last 1,000,000:    3s.  Last read position: NC_045544.1_RagTag:77,209,866
INFO	2024-07-03 09:28:00	MarkDuplicates	Tracking 1741192 as yet unmatched pairs. 104527 records in RAM.
INFO	2024-07-03 09:28:03	MarkDuplicates	Read    79,000,000 records.  Elapsed time: 00:05:22s.  Time for last 1,000,000:    3s.  Last read position: NC_045544.1_RagTag:83,780,254
INFO	2024-07-03 09:28:03	MarkDuplicates	Tracking 1753538 as yet unmatched pairs. 97966 records in RAM.
INFO	2024-07-03 09:28:06	MarkDuplicates	Read    80,000,000 records.  Elapsed time: 00:05:25s.  Time for last 1,000,000:    3s.  Last read position: NC_045544.1_RagTag:90,523,190
INFO	2024-07-03 09:28:06	MarkDuplicates	Tracking 1765828 as yet unmatched pairs. 91140 records in RAM.
INFO	2024-07-03 09:28:09	MarkDuplicates	Read    81,000,000 records.  Elapsed time: 00:05:28s.  Time for last 1,000,000:    3s.  Last read position: NC_045544.1_RagTag:97,198,008
INFO	2024-07-03 09:28:09	MarkDuplicates	Tracking 1776676 as yet unmatched pairs. 84273 records in RAM.
INFO	2024-07-03 09:28:12	MarkDuplicates	Read    82,000,000 records.  Elapsed time: 00:05:32s.  Time for last 1,000,000:    3s.  Last read position: NC_045544.1_RagTag:103,859,736
INFO	2024-07-03 09:28:12	MarkDuplicates	Tracking 1786618 as yet unmatched pairs. 77576 records in RAM.
INFO	2024-07-03 09:28:16	MarkDuplicates	Read    83,000,000 records.  Elapsed time: 00:05:35s.  Time for last 1,000,000:    3s.  Last read position: NC_045544.1_RagTag:110,681,847
INFO	2024-07-03 09:28:16	MarkDuplicates	Tracking 1796034 as yet unmatched pairs. 70969 records in RAM.
INFO	2024-07-03 09:28:20	MarkDuplicates	Read    84,000,000 records.  Elapsed time: 00:05:40s.  Time for last 1,000,000:    4s.  Last read position: NC_045544.1_RagTag:117,315,351
INFO	2024-07-03 09:28:20	MarkDuplicates	Tracking 1806798 as yet unmatched pairs. 63974 records in RAM.
INFO	2024-07-03 09:28:24	MarkDuplicates	Read    85,000,000 records.  Elapsed time: 00:05:43s.  Time for last 1,000,000:    3s.  Last read position: NC_045544.1_RagTag:124,141,801
INFO	2024-07-03 09:28:24	MarkDuplicates	Tracking 1816896 as yet unmatched pairs. 56599 records in RAM.
INFO	2024-07-03 09:28:27	MarkDuplicates	Read    86,000,000 records.  Elapsed time: 00:05:46s.  Time for last 1,000,000:    3s.  Last read position: NC_045544.1_RagTag:130,989,743
INFO	2024-07-03 09:28:27	MarkDuplicates	Tracking 1830909 as yet unmatched pairs. 46738 records in RAM.
INFO	2024-07-03 09:28:30	MarkDuplicates	Read    87,000,000 records.  Elapsed time: 00:05:49s.  Time for last 1,000,000:    3s.  Last read position: NC_045544.1_RagTag:137,909,537
INFO	2024-07-03 09:28:30	MarkDuplicates	Tracking 1840910 as yet unmatched pairs. 38438 records in RAM.
INFO	2024-07-03 09:28:33	MarkDuplicates	Read    88,000,000 records.  Elapsed time: 00:05:52s.  Time for last 1,000,000:    3s.  Last read position: NC_045544.1_RagTag:144,803,028
INFO	2024-07-03 09:28:33	MarkDuplicates	Tracking 1853576 as yet unmatched pairs. 28427 records in RAM.
INFO	2024-07-03 09:28:37	MarkDuplicates	Read    89,000,000 records.  Elapsed time: 00:05:56s.  Time for last 1,000,000:    3s.  Last read position: NC_045544.1_RagTag:151,637,700
INFO	2024-07-03 09:28:37	MarkDuplicates	Tracking 1872055 as yet unmatched pairs. 15121 records in RAM.
INFO	2024-07-03 09:28:40	MarkDuplicates	Read    90,000,000 records.  Elapsed time: 00:05:59s.  Time for last 1,000,000:    3s.  Last read position: NC_045544.1_RagTag:159,749,120
INFO	2024-07-03 09:28:40	MarkDuplicates	Tracking 1896507 as yet unmatched pairs. 291 records in RAM.
INFO	2024-07-03 09:28:45	MarkDuplicates	Read    91,000,000 records.  Elapsed time: 00:06:04s.  Time for last 1,000,000:    5s.  Last read position: NC_045545.1_RagTag:6,529,407
INFO	2024-07-03 09:28:45	MarkDuplicates	Tracking 1908588 as yet unmatched pairs. 124161 records in RAM.
INFO	2024-07-03 09:28:48	MarkDuplicates	Read    92,000,000 records.  Elapsed time: 00:06:08s.  Time for last 1,000,000:    3s.  Last read position: NC_045545.1_RagTag:13,299,787
INFO	2024-07-03 09:28:48	MarkDuplicates	Tracking 1917039 as yet unmatched pairs. 116322 records in RAM.
INFO	2024-07-03 09:28:52	MarkDuplicates	Read    93,000,000 records.  Elapsed time: 00:06:11s.  Time for last 1,000,000:    3s.  Last read position: NC_045545.1_RagTag:20,064,173
INFO	2024-07-03 09:28:52	MarkDuplicates	Tracking 1925935 as yet unmatched pairs. 108299 records in RAM.
INFO	2024-07-03 09:28:55	MarkDuplicates	Read    94,000,000 records.  Elapsed time: 00:06:14s.  Time for last 1,000,000:    3s.  Last read position: NC_045545.1_RagTag:26,837,728
INFO	2024-07-03 09:28:55	MarkDuplicates	Tracking 1934599 as yet unmatched pairs. 100685 records in RAM.
INFO	2024-07-03 09:28:58	MarkDuplicates	Read    95,000,000 records.  Elapsed time: 00:06:17s.  Time for last 1,000,000:    3s.  Last read position: NC_045545.1_RagTag:33,574,909
INFO	2024-07-03 09:28:58	MarkDuplicates	Tracking 1942000 as yet unmatched pairs. 92528 records in RAM.
INFO	2024-07-03 09:29:01	MarkDuplicates	Read    96,000,000 records.  Elapsed time: 00:06:20s.  Time for last 1,000,000:    3s.  Last read position: NC_045545.1_RagTag:40,543,819
INFO	2024-07-03 09:29:01	MarkDuplicates	Tracking 1948964 as yet unmatched pairs. 84559 records in RAM.
INFO	2024-07-03 09:29:04	MarkDuplicates	Read    97,000,000 records.  Elapsed time: 00:06:23s.  Time for last 1,000,000:    3s.  Last read position: NC_045545.1_RagTag:47,234,975
INFO	2024-07-03 09:29:04	MarkDuplicates	Tracking 1955748 as yet unmatched pairs. 76520 records in RAM.
INFO	2024-07-03 09:29:07	MarkDuplicates	Read    98,000,000 records.  Elapsed time: 00:06:27s.  Time for last 1,000,000:    3s.  Last read position: NC_045545.1_RagTag:54,142,580
INFO	2024-07-03 09:29:07	MarkDuplicates	Tracking 1963102 as yet unmatched pairs. 68692 records in RAM.
INFO	2024-07-03 09:29:23	MarkDuplicates	Read    99,000,000 records.  Elapsed time: 00:06:42s.  Time for last 1,000,000:   15s.  Last read position: NC_045545.1_RagTag:60,971,936
INFO	2024-07-03 09:29:23	MarkDuplicates	Tracking 1969402 as yet unmatched pairs. 60736 records in RAM.
INFO	2024-07-03 09:29:28	MarkDuplicates	Read   100,000,000 records.  Elapsed time: 00:06:47s.  Time for last 1,000,000:    4s.  Last read position: NC_045545.1_RagTag:67,780,143
INFO	2024-07-03 09:29:28	MarkDuplicates	Tracking 1976690 as yet unmatched pairs. 51851 records in RAM.
INFO	2024-07-03 09:29:46	MarkDuplicates	Read   101,000,000 records.  Elapsed time: 00:07:05s.  Time for last 1,000,000:   18s.  Last read position: NC_045545.1_RagTag:74,349,946
INFO	2024-07-03 09:29:46	MarkDuplicates	Tracking 1985512 as yet unmatched pairs. 41150 records in RAM.
INFO	2024-07-03 09:29:49	MarkDuplicates	Read   102,000,000 records.  Elapsed time: 00:07:08s.  Time for last 1,000,000:    3s.  Last read position: NC_045545.1_RagTag:80,832,773
INFO	2024-07-03 09:29:49	MarkDuplicates	Tracking 1998559 as yet unmatched pairs. 27302 records in RAM.
INFO	2024-07-03 09:29:53	MarkDuplicates	Read   103,000,000 records.  Elapsed time: 00:07:12s.  Time for last 1,000,000:    3s.  Last read position: NC_045545.1_RagTag:88,228,844
INFO	2024-07-03 09:29:53	MarkDuplicates	Tracking 2016793 as yet unmatched pairs. 9586 records in RAM.
INFO	2024-07-03 09:29:59	MarkDuplicates	Read   104,000,000 records.  Elapsed time: 00:07:18s.  Time for last 1,000,000:    6s.  Last read position: NC_045546.1_RagTag:3,275,249
INFO	2024-07-03 09:29:59	MarkDuplicates	Tracking 2036499 as yet unmatched pairs. 179439 records in RAM.
INFO	2024-07-03 09:30:02	MarkDuplicates	Read   105,000,000 records.  Elapsed time: 00:07:21s.  Time for last 1,000,000:    3s.  Last read position: NC_045546.1_RagTag:10,688,306
INFO	2024-07-03 09:30:02	MarkDuplicates	Tracking 2056782 as yet unmatched pairs. 162705 records in RAM.
INFO	2024-07-03 09:30:06	MarkDuplicates	Read   106,000,000 records.  Elapsed time: 00:07:25s.  Time for last 1,000,000:    3s.  Last read position: NC_045546.1_RagTag:17,483,135
INFO	2024-07-03 09:30:06	MarkDuplicates	Tracking 2068101 as yet unmatched pairs. 147934 records in RAM.
INFO	2024-07-03 09:30:09	MarkDuplicates	Read   107,000,000 records.  Elapsed time: 00:07:28s.  Time for last 1,000,000:    3s.  Last read position: NC_045546.1_RagTag:24,195,203
INFO	2024-07-03 09:30:09	MarkDuplicates	Tracking 2074555 as yet unmatched pairs. 136581 records in RAM.
INFO	2024-07-03 09:30:12	MarkDuplicates	Read   108,000,000 records.  Elapsed time: 00:07:31s.  Time for last 1,000,000:    3s.  Last read position: NC_045546.1_RagTag:30,888,150
INFO	2024-07-03 09:30:12	MarkDuplicates	Tracking 2079895 as yet unmatched pairs. 127335 records in RAM.
INFO	2024-07-03 09:30:15	MarkDuplicates	Read   109,000,000 records.  Elapsed time: 00:07:34s.  Time for last 1,000,000:    3s.  Last read position: NC_045546.1_RagTag:37,691,684
INFO	2024-07-03 09:30:15	MarkDuplicates	Tracking 2085762 as yet unmatched pairs. 118624 records in RAM.
INFO	2024-07-03 09:30:19	MarkDuplicates	Read   110,000,000 records.  Elapsed time: 00:07:38s.  Time for last 1,000,000:    3s.  Last read position: NC_045546.1_RagTag:44,533,209
INFO	2024-07-03 09:30:19	MarkDuplicates	Tracking 2091757 as yet unmatched pairs. 109308 records in RAM.
INFO	2024-07-03 09:30:22	MarkDuplicates	Read   111,000,000 records.  Elapsed time: 00:07:41s.  Time for last 1,000,000:    3s.  Last read position: NC_045546.1_RagTag:51,229,514
INFO	2024-07-03 09:30:22	MarkDuplicates	Tracking 2096842 as yet unmatched pairs. 99679 records in RAM.
INFO	2024-07-03 09:30:25	MarkDuplicates	Read   112,000,000 records.  Elapsed time: 00:07:44s.  Time for last 1,000,000:    3s.  Last read position: NC_045546.1_RagTag:57,849,682
INFO	2024-07-03 09:30:25	MarkDuplicates	Tracking 2102694 as yet unmatched pairs. 89784 records in RAM.
INFO	2024-07-03 09:30:28	MarkDuplicates	Read   113,000,000 records.  Elapsed time: 00:07:48s.  Time for last 1,000,000:    3s.  Last read position: NC_045546.1_RagTag:64,377,804
INFO	2024-07-03 09:30:28	MarkDuplicates	Tracking 2114555 as yet unmatched pairs. 77857 records in RAM.
INFO	2024-07-03 09:30:32	MarkDuplicates	Read   114,000,000 records.  Elapsed time: 00:07:51s.  Time for last 1,000,000:    3s.  Last read position: NC_045546.1_RagTag:70,774,881
INFO	2024-07-03 09:30:32	MarkDuplicates	Tracking 2132496 as yet unmatched pairs. 64343 records in RAM.
INFO	2024-07-03 09:30:35	MarkDuplicates	Read   115,000,000 records.  Elapsed time: 00:07:54s.  Time for last 1,000,000:    3s.  Last read position: NC_045546.1_RagTag:76,854,956
INFO	2024-07-03 09:30:35	MarkDuplicates	Tracking 2143657 as yet unmatched pairs. 50374 records in RAM.
INFO	2024-07-03 09:30:40	MarkDuplicates	Read   116,000,000 records.  Elapsed time: 00:07:59s.  Time for last 1,000,000:    4s.  Last read position: NC_045546.1_RagTag:83,175,747
INFO	2024-07-03 09:30:40	MarkDuplicates	Tracking 2150750 as yet unmatched pairs. 37510 records in RAM.
INFO	2024-07-03 09:30:43	MarkDuplicates	Read   117,000,000 records.  Elapsed time: 00:08:02s.  Time for last 1,000,000:    3s.  Last read position: NC_045546.1_RagTag:89,649,740
INFO	2024-07-03 09:30:43	MarkDuplicates	Tracking 2155908 as yet unmatched pairs. 25701 records in RAM.
INFO	2024-07-03 09:30:46	MarkDuplicates	Read   118,000,000 records.  Elapsed time: 00:08:05s.  Time for last 1,000,000:    3s.  Last read position: NC_045546.1_RagTag:96,339,608
INFO	2024-07-03 09:30:46	MarkDuplicates	Tracking 2159335 as yet unmatched pairs. 14342 records in RAM.
INFO	2024-07-03 09:30:49	MarkDuplicates	Read   119,000,000 records.  Elapsed time: 00:08:08s.  Time for last 1,000,000:    3s.  Last read position: NC_045546.1_RagTag:103,089,967
INFO	2024-07-03 09:30:49	MarkDuplicates	Tracking 2164342 as yet unmatched pairs. 1127 records in RAM.
INFO	2024-07-03 09:30:56	MarkDuplicates	Read   120,000,000 records.  Elapsed time: 00:08:15s.  Time for last 1,000,000:    6s.  Last read position: NC_045547.1_RagTag:7,141,662
INFO	2024-07-03 09:30:56	MarkDuplicates	Tracking 2179074 as yet unmatched pairs. 194051 records in RAM.
INFO	2024-07-03 09:30:59	MarkDuplicates	Read   121,000,000 records.  Elapsed time: 00:08:18s.  Time for last 1,000,000:    3s.  Last read position: NC_045547.1_RagTag:13,980,725
INFO	2024-07-03 09:30:59	MarkDuplicates	Tracking 2188664 as yet unmatched pairs. 176098 records in RAM.
INFO	2024-07-03 09:31:02	MarkDuplicates	Read   122,000,000 records.  Elapsed time: 00:08:22s.  Time for last 1,000,000:    3s.  Last read position: NC_045547.1_RagTag:20,747,170
INFO	2024-07-03 09:31:02	MarkDuplicates	Tracking 2193081 as yet unmatched pairs. 163074 records in RAM.
INFO	2024-07-03 09:31:06	MarkDuplicates	Read   123,000,000 records.  Elapsed time: 00:08:25s.  Time for last 1,000,000:    3s.  Last read position: NC_045547.1_RagTag:27,488,741
INFO	2024-07-03 09:31:06	MarkDuplicates	Tracking 2196193 as yet unmatched pairs. 151413 records in RAM.
INFO	2024-07-03 09:31:21	MarkDuplicates	Read   124,000,000 records.  Elapsed time: 00:08:40s.  Time for last 1,000,000:   15s.  Last read position: NC_045547.1_RagTag:34,217,759
INFO	2024-07-03 09:31:21	MarkDuplicates	Tracking 2198587 as yet unmatched pairs. 140914 records in RAM.
INFO	2024-07-03 09:31:24	MarkDuplicates	Read   125,000,000 records.  Elapsed time: 00:08:43s.  Time for last 1,000,000:    3s.  Last read position: NC_045547.1_RagTag:40,823,906
INFO	2024-07-03 09:31:24	MarkDuplicates	Tracking 2201231 as yet unmatched pairs. 129957 records in RAM.
INFO	2024-07-03 09:31:27	MarkDuplicates	Read   126,000,000 records.  Elapsed time: 00:08:46s.  Time for last 1,000,000:    3s.  Last read position: NC_045547.1_RagTag:47,551,689
INFO	2024-07-03 09:31:27	MarkDuplicates	Tracking 2203891 as yet unmatched pairs. 118581 records in RAM.
INFO	2024-07-03 09:31:31	MarkDuplicates	Read   127,000,000 records.  Elapsed time: 00:08:50s.  Time for last 1,000,000:    3s.  Last read position: NC_045547.1_RagTag:54,105,271
INFO	2024-07-03 09:31:31	MarkDuplicates	Tracking 2208819 as yet unmatched pairs. 103609 records in RAM.
INFO	2024-07-03 09:31:34	MarkDuplicates	Read   128,000,000 records.  Elapsed time: 00:08:53s.  Time for last 1,000,000:    3s.  Last read position: NC_045547.1_RagTag:60,673,160
INFO	2024-07-03 09:31:34	MarkDuplicates	Tracking 2214766 as yet unmatched pairs. 85894 records in RAM.
INFO	2024-07-03 09:31:37	MarkDuplicates	Read   129,000,000 records.  Elapsed time: 00:08:56s.  Time for last 1,000,000:    3s.  Last read position: NC_045547.1_RagTag:66,229,956
INFO	2024-07-03 09:31:37	MarkDuplicates	Tracking 2219094 as yet unmatched pairs. 68797 records in RAM.
INFO	2024-07-03 09:31:40	MarkDuplicates	Read   130,000,000 records.  Elapsed time: 00:09:00s.  Time for last 1,000,000:    3s.  Last read position: NC_045547.1_RagTag:72,925,284
INFO	2024-07-03 09:31:40	MarkDuplicates	Tracking 2220656 as yet unmatched pairs. 55577 records in RAM.
INFO	2024-07-03 09:31:44	MarkDuplicates	Read   131,000,000 records.  Elapsed time: 00:09:03s.  Time for last 1,000,000:    3s.  Last read position: NC_045547.1_RagTag:79,627,951
INFO	2024-07-03 09:31:44	MarkDuplicates	Tracking 2224040 as yet unmatched pairs. 37427 records in RAM.
INFO	2024-07-03 09:31:47	MarkDuplicates	Read   132,000,000 records.  Elapsed time: 00:09:06s.  Time for last 1,000,000:    3s.  Last read position: NC_045547.1_RagTag:86,872,664
INFO	2024-07-03 09:31:47	MarkDuplicates	Tracking 2230954 as yet unmatched pairs. 15525 records in RAM.
INFO	2024-07-03 09:31:53	MarkDuplicates	Read   133,000,000 records.  Elapsed time: 00:09:12s.  Time for last 1,000,000:    5s.  Last read position: NC_045548.1_RagTag:1,735,151
INFO	2024-07-03 09:31:53	MarkDuplicates	Tracking 2238962 as yet unmatched pairs. 161723 records in RAM.
INFO	2024-07-03 09:31:56	MarkDuplicates	Read   134,000,000 records.  Elapsed time: 00:09:15s.  Time for last 1,000,000:    3s.  Last read position: NC_045548.1_RagTag:8,401,656
INFO	2024-07-03 09:31:56	MarkDuplicates	Tracking 2239156 as yet unmatched pairs. 149554 records in RAM.
INFO	2024-07-03 09:32:01	MarkDuplicates	Read   135,000,000 records.  Elapsed time: 00:09:20s.  Time for last 1,000,000:    4s.  Last read position: NC_045548.1_RagTag:15,009,376
INFO	2024-07-03 09:32:01	MarkDuplicates	Tracking 2239320 as yet unmatched pairs. 136844 records in RAM.
INFO	2024-07-03 09:32:04	MarkDuplicates	Read   136,000,000 records.  Elapsed time: 00:09:23s.  Time for last 1,000,000:    3s.  Last read position: NC_045548.1_RagTag:21,741,072
INFO	2024-07-03 09:32:04	MarkDuplicates	Tracking 2239125 as yet unmatched pairs. 124821 records in RAM.
INFO	2024-07-03 09:32:07	MarkDuplicates	Read   137,000,000 records.  Elapsed time: 00:09:26s.  Time for last 1,000,000:    3s.  Last read position: NC_045548.1_RagTag:28,426,955
INFO	2024-07-03 09:32:07	MarkDuplicates	Tracking 2238725 as yet unmatched pairs. 113452 records in RAM.
INFO	2024-07-03 09:32:10	MarkDuplicates	Read   138,000,000 records.  Elapsed time: 00:09:30s.  Time for last 1,000,000:    3s.  Last read position: NC_045548.1_RagTag:35,255,877
INFO	2024-07-03 09:32:10	MarkDuplicates	Tracking 2238171 as yet unmatched pairs. 101601 records in RAM.
INFO	2024-07-03 09:32:14	MarkDuplicates	Read   139,000,000 records.  Elapsed time: 00:09:33s.  Time for last 1,000,000:    3s.  Last read position: NC_045548.1_RagTag:42,222,073
INFO	2024-07-03 09:32:14	MarkDuplicates	Tracking 2237287 as yet unmatched pairs. 90248 records in RAM.
INFO	2024-07-03 09:32:17	MarkDuplicates	Read   140,000,000 records.  Elapsed time: 00:09:36s.  Time for last 1,000,000:    3s.  Last read position: NC_045548.1_RagTag:49,035,438
INFO	2024-07-03 09:32:17	MarkDuplicates	Tracking 2236489 as yet unmatched pairs. 77423 records in RAM.
INFO	2024-07-03 09:32:20	MarkDuplicates	Read   141,000,000 records.  Elapsed time: 00:09:39s.  Time for last 1,000,000:    3s.  Last read position: NC_045548.1_RagTag:55,806,692
INFO	2024-07-03 09:32:20	MarkDuplicates	Tracking 2237571 as yet unmatched pairs. 59879 records in RAM.
INFO	2024-07-03 09:32:23	MarkDuplicates	Read   142,000,000 records.  Elapsed time: 00:09:42s.  Time for last 1,000,000:    3s.  Last read position: NC_045548.1_RagTag:62,757,678
INFO	2024-07-03 09:32:23	MarkDuplicates	Tracking 2238894 as yet unmatched pairs. 37550 records in RAM.
INFO	2024-07-03 09:32:27	MarkDuplicates	Read   143,000,000 records.  Elapsed time: 00:09:46s.  Time for last 1,000,000:    3s.  Last read position: NC_045548.1_RagTag:70,279,955
INFO	2024-07-03 09:32:27	MarkDuplicates	Tracking 2242883 as yet unmatched pairs. 10409 records in RAM.
INFO	2024-07-03 09:32:36	MarkDuplicates	Read   144,000,000 records.  Elapsed time: 00:09:55s.  Time for last 1,000,000:    9s.  Last read position: NC_045549.1_RagTag:4,265,408
INFO	2024-07-03 09:32:36	MarkDuplicates	Tracking 2247225 as yet unmatched pairs. 365316 records in RAM.
INFO	2024-07-03 09:32:39	MarkDuplicates	Read   145,000,000 records.  Elapsed time: 00:09:58s.  Time for last 1,000,000:    3s.  Last read position: NC_045549.1_RagTag:9,898,796
INFO	2024-07-03 09:32:39	MarkDuplicates	Tracking 2252883 as yet unmatched pairs. 343814 records in RAM.
INFO	2024-07-03 09:32:42	MarkDuplicates	Read   146,000,000 records.  Elapsed time: 00:10:02s.  Time for last 1,000,000:    3s.  Last read position: NC_045549.1_RagTag:16,757,496
INFO	2024-07-03 09:32:42	MarkDuplicates	Tracking 2250715 as yet unmatched pairs. 325236 records in RAM.
INFO	2024-07-03 09:32:45	MarkDuplicates	Read   147,000,000 records.  Elapsed time: 00:10:05s.  Time for last 1,000,000:    3s.  Last read position: NC_045549.1_RagTag:23,678,346
INFO	2024-07-03 09:32:45	MarkDuplicates	Tracking 2248277 as yet unmatched pairs. 310888 records in RAM.
INFO	2024-07-03 09:33:01	MarkDuplicates	Read   148,000,000 records.  Elapsed time: 00:10:20s.  Time for last 1,000,000:   15s.  Last read position: NC_045549.1_RagTag:30,477,431
INFO	2024-07-03 09:33:01	MarkDuplicates	Tracking 2245675 as yet unmatched pairs. 298886 records in RAM.
INFO	2024-07-03 09:33:04	MarkDuplicates	Read   149,000,000 records.  Elapsed time: 00:10:23s.  Time for last 1,000,000:    3s.  Last read position: NC_045549.1_RagTag:37,490,706
INFO	2024-07-03 09:33:04	MarkDuplicates	Tracking 2243202 as yet unmatched pairs. 286169 records in RAM.
INFO	2024-07-03 09:33:07	MarkDuplicates	Read   150,000,000 records.  Elapsed time: 00:10:27s.  Time for last 1,000,000:    3s.  Last read position: NC_045549.1_RagTag:44,243,678
INFO	2024-07-03 09:33:07	MarkDuplicates	Tracking 2240463 as yet unmatched pairs. 273777 records in RAM.
INFO	2024-07-03 09:33:27	MarkDuplicates	Read   151,000,000 records.  Elapsed time: 00:10:46s.  Time for last 1,000,000:   19s.  Last read position: NC_045549.1_RagTag:51,124,598
INFO	2024-07-03 09:33:27	MarkDuplicates	Tracking 2238284 as yet unmatched pairs. 259119 records in RAM.
INFO	2024-07-03 09:33:30	MarkDuplicates	Read   152,000,000 records.  Elapsed time: 00:10:49s.  Time for last 1,000,000:    3s.  Last read position: NC_045549.1_RagTag:57,710,252
INFO	2024-07-03 09:33:30	MarkDuplicates	Tracking 2236762 as yet unmatched pairs. 239809 records in RAM.
INFO	2024-07-03 09:33:34	MarkDuplicates	Read   153,000,000 records.  Elapsed time: 00:10:53s.  Time for last 1,000,000:    4s.  Last read position: NC_045549.1_RagTag:64,475,713
INFO	2024-07-03 09:33:34	MarkDuplicates	Tracking 2233969 as yet unmatched pairs. 221541 records in RAM.
INFO	2024-07-03 09:33:37	MarkDuplicates	Read   154,000,000 records.  Elapsed time: 00:10:57s.  Time for last 1,000,000:    3s.  Last read position: NC_045549.1_RagTag:71,307,402
INFO	2024-07-03 09:33:37	MarkDuplicates	Tracking 2230127 as yet unmatched pairs. 206409 records in RAM.
INFO	2024-07-03 09:33:40	MarkDuplicates	Read   155,000,000 records.  Elapsed time: 00:11:00s.  Time for last 1,000,000:    3s.  Last read position: NC_045549.1_RagTag:78,070,370
INFO	2024-07-03 09:33:40	MarkDuplicates	Tracking 2226418 as yet unmatched pairs. 191727 records in RAM.
INFO	2024-07-03 09:33:44	MarkDuplicates	Read   156,000,000 records.  Elapsed time: 00:11:03s.  Time for last 1,000,000:    3s.  Last read position: NC_045549.1_RagTag:84,834,140
INFO	2024-07-03 09:33:44	MarkDuplicates	Tracking 2222249 as yet unmatched pairs. 177390 records in RAM.
INFO	2024-07-03 09:33:47	MarkDuplicates	Read   157,000,000 records.  Elapsed time: 00:11:06s.  Time for last 1,000,000:    3s.  Last read position: NC_045549.1_RagTag:91,749,345
INFO	2024-07-03 09:33:47	MarkDuplicates	Tracking 2217584 as yet unmatched pairs. 156005 records in RAM.
INFO	2024-07-03 09:33:50	MarkDuplicates	Read   158,000,000 records.  Elapsed time: 00:11:09s.  Time for last 1,000,000:    3s.  Last read position: NC_045549.1_RagTag:98,723,713
INFO	2024-07-03 09:33:50	MarkDuplicates	Tracking 2213299 as yet unmatched pairs. 130969 records in RAM.
INFO	2024-07-03 09:33:54	MarkDuplicates	Read   159,000,000 records.  Elapsed time: 00:11:13s.  Time for last 1,000,000:    3s.  Last read position: NC_045549.1_RagTag:105,421,118
INFO	2024-07-03 09:33:54	MarkDuplicates	Tracking 2210580 as yet unmatched pairs. 100526 records in RAM.
INFO	2024-07-03 09:33:57	MarkDuplicates	Read   160,000,000 records.  Elapsed time: 00:11:16s.  Time for last 1,000,000:    3s.  Last read position: NC_045549.1_RagTag:111,959,049
INFO	2024-07-03 09:33:57	MarkDuplicates	Tracking 2207923 as yet unmatched pairs. 77746 records in RAM.
INFO	2024-07-03 09:34:00	MarkDuplicates	Read   161,000,000 records.  Elapsed time: 00:11:19s.  Time for last 1,000,000:    3s.  Last read position: NC_045549.1_RagTag:118,858,015
INFO	2024-07-03 09:34:00	MarkDuplicates	Tracking 2201804 as yet unmatched pairs. 57963 records in RAM.
INFO	2024-07-03 09:34:04	MarkDuplicates	Read   162,000,000 records.  Elapsed time: 00:11:23s.  Time for last 1,000,000:    3s.  Last read position: NC_045549.1_RagTag:126,091,909
INFO	2024-07-03 09:34:04	MarkDuplicates	Tracking 2195150 as yet unmatched pairs. 25074 records in RAM.
INFO	2024-07-03 09:34:09	MarkDuplicates	Read   163,000,000 records.  Elapsed time: 00:11:29s.  Time for last 1,000,000:    5s.  Last read position: NC_045550.1_RagTag:1,020,440
INFO	2024-07-03 09:34:09	MarkDuplicates	Tracking 2191377 as yet unmatched pairs. 175594 records in RAM.
INFO	2024-07-03 09:34:13	MarkDuplicates	Read   164,000,000 records.  Elapsed time: 00:11:32s.  Time for last 1,000,000:    3s.  Last read position: NC_045550.1_RagTag:7,807,803
INFO	2024-07-03 09:34:13	MarkDuplicates	Tracking 2185371 as yet unmatched pairs. 160065 records in RAM.
INFO	2024-07-03 09:34:16	MarkDuplicates	Read   165,000,000 records.  Elapsed time: 00:11:35s.  Time for last 1,000,000:    3s.  Last read position: NC_045550.1_RagTag:14,565,447
INFO	2024-07-03 09:34:16	MarkDuplicates	Tracking 2179698 as yet unmatched pairs. 146295 records in RAM.
INFO	2024-07-03 09:34:19	MarkDuplicates	Read   166,000,000 records.  Elapsed time: 00:11:38s.  Time for last 1,000,000:    3s.  Last read position: NC_045550.1_RagTag:21,505,188
INFO	2024-07-03 09:34:19	MarkDuplicates	Tracking 2174416 as yet unmatched pairs. 132865 records in RAM.
INFO	2024-07-03 09:34:22	MarkDuplicates	Read   167,000,000 records.  Elapsed time: 00:11:41s.  Time for last 1,000,000:    3s.  Last read position: NC_045550.1_RagTag:28,464,934
INFO	2024-07-03 09:34:22	MarkDuplicates	Tracking 2169089 as yet unmatched pairs. 120779 records in RAM.
INFO	2024-07-03 09:34:25	MarkDuplicates	Read   168,000,000 records.  Elapsed time: 00:11:45s.  Time for last 1,000,000:    3s.  Last read position: NC_045550.1_RagTag:35,316,766
INFO	2024-07-03 09:34:25	MarkDuplicates	Tracking 2163660 as yet unmatched pairs. 107802 records in RAM.
INFO	2024-07-03 09:34:29	MarkDuplicates	Read   169,000,000 records.  Elapsed time: 00:11:48s.  Time for last 1,000,000:    3s.  Last read position: NC_045550.1_RagTag:41,775,512
INFO	2024-07-03 09:34:29	MarkDuplicates	Tracking 2156769 as yet unmatched pairs. 92168 records in RAM.
INFO	2024-07-03 09:34:32	MarkDuplicates	Read   170,000,000 records.  Elapsed time: 00:11:51s.  Time for last 1,000,000:    3s.  Last read position: NC_045550.1_RagTag:48,424,987
INFO	2024-07-03 09:34:32	MarkDuplicates	Tracking 2149481 as yet unmatched pairs. 76039 records in RAM.
INFO	2024-07-03 09:34:35	MarkDuplicates	Read   171,000,000 records.  Elapsed time: 00:11:54s.  Time for last 1,000,000:    3s.  Last read position: NC_045550.1_RagTag:55,265,166
INFO	2024-07-03 09:34:35	MarkDuplicates	Tracking 2141108 as yet unmatched pairs. 55741 records in RAM.
INFO	2024-07-03 09:34:38	MarkDuplicates	Read   172,000,000 records.  Elapsed time: 00:11:57s.  Time for last 1,000,000:    3s.  Last read position: NC_045550.1_RagTag:62,004,525
INFO	2024-07-03 09:34:38	MarkDuplicates	Tracking 2130792 as yet unmatched pairs. 27549 records in RAM.
INFO	2024-07-03 09:34:55	MarkDuplicates	Read   173,000,000 records.  Elapsed time: 00:12:14s.  Time for last 1,000,000:   16s.  Last read position: NC_045551.1_RagTag:866,311
INFO	2024-07-03 09:34:55	MarkDuplicates	Tracking 2122162 as yet unmatched pairs. 84677 records in RAM.
INFO	2024-07-03 09:34:58	MarkDuplicates	Read   174,000,000 records.  Elapsed time: 00:12:17s.  Time for last 1,000,000:    3s.  Last read position: NC_045551.1_RagTag:7,529,604
INFO	2024-07-03 09:34:58	MarkDuplicates	Tracking 2114157 as yet unmatched pairs. 66599 records in RAM.
INFO	2024-07-03 09:35:01	MarkDuplicates	Read   175,000,000 records.  Elapsed time: 00:12:20s.  Time for last 1,000,000:    3s.  Last read position: NC_045551.1_RagTag:13,983,619
INFO	2024-07-03 09:35:01	MarkDuplicates	Tracking 2106683 as yet unmatched pairs. 48992 records in RAM.
INFO	2024-07-03 09:35:05	MarkDuplicates	Read   176,000,000 records.  Elapsed time: 00:12:24s.  Time for last 1,000,000:    3s.  Last read position: NC_045551.1_RagTag:20,344,256
INFO	2024-07-03 09:35:05	MarkDuplicates	Tracking 2097341 as yet unmatched pairs. 24165 records in RAM.
INFO	2024-07-03 09:35:11	MarkDuplicates	Read   177,000,000 records.  Elapsed time: 00:12:30s.  Time for last 1,000,000:    6s.  Last read position: NC_045552.1_RagTag:1,018,208
INFO	2024-07-03 09:35:11	MarkDuplicates	Tracking 2088966 as yet unmatched pairs. 214907 records in RAM.
INFO	2024-07-03 09:35:14	MarkDuplicates	Read   178,000,000 records.  Elapsed time: 00:12:34s.  Time for last 1,000,000:    3s.  Last read position: NC_045552.1_RagTag:8,729,793
INFO	2024-07-03 09:35:14	MarkDuplicates	Tracking 2080531 as yet unmatched pairs. 190859 records in RAM.
INFO	2024-07-03 09:35:18	MarkDuplicates	Read   179,000,000 records.  Elapsed time: 00:12:37s.  Time for last 1,000,000:    3s.  Last read position: NC_045552.1_RagTag:15,489,798
INFO	2024-07-03 09:35:18	MarkDuplicates	Tracking 2069691 as yet unmatched pairs. 165908 records in RAM.
INFO	2024-07-03 09:35:21	MarkDuplicates	Read   180,000,000 records.  Elapsed time: 00:12:40s.  Time for last 1,000,000:    3s.  Last read position: NC_045552.1_RagTag:22,683,180
INFO	2024-07-03 09:35:21	MarkDuplicates	Tracking 2056882 as yet unmatched pairs. 139085 records in RAM.
INFO	2024-07-03 09:35:24	MarkDuplicates	Read   181,000,000 records.  Elapsed time: 00:12:43s.  Time for last 1,000,000:    3s.  Last read position: NC_045552.1_RagTag:29,653,008
INFO	2024-07-03 09:35:24	MarkDuplicates	Tracking 2045923 as yet unmatched pairs. 114407 records in RAM.
INFO	2024-07-03 09:35:28	MarkDuplicates	Read   182,000,000 records.  Elapsed time: 00:12:47s.  Time for last 1,000,000:    3s.  Last read position: NC_045552.1_RagTag:36,836,214
INFO	2024-07-03 09:35:28	MarkDuplicates	Tracking 2034285 as yet unmatched pairs. 90026 records in RAM.
INFO	2024-07-03 09:35:31	MarkDuplicates	Read   183,000,000 records.  Elapsed time: 00:12:50s.  Time for last 1,000,000:    3s.  Last read position: NC_045552.1_RagTag:43,326,286
INFO	2024-07-03 09:35:31	MarkDuplicates	Tracking 2023381 as yet unmatched pairs. 63736 records in RAM.
INFO	2024-07-03 09:35:34	MarkDuplicates	Read   184,000,000 records.  Elapsed time: 00:12:53s.  Time for last 1,000,000:    3s.  Last read position: NC_045552.1_RagTag:50,210,199
INFO	2024-07-03 09:35:34	MarkDuplicates	Tracking 2008144 as yet unmatched pairs. 29606 records in RAM.
INFO	2024-07-03 09:35:42	MarkDuplicates	Read   185,000,000 records.  Elapsed time: 00:13:01s.  Time for last 1,000,000:    8s.  Last read position: NC_045553.1_RagTag:94,025
INFO	2024-07-03 09:35:42	MarkDuplicates	Tracking 1996159 as yet unmatched pairs. 210593 records in RAM.
INFO	2024-07-03 09:35:46	MarkDuplicates	Read   186,000,000 records.  Elapsed time: 00:13:05s.  Time for last 1,000,000:    3s.  Last read position: NC_045553.1_RagTag:7,716,090
INFO	2024-07-03 09:35:46	MarkDuplicates	Tracking 1986848 as yet unmatched pairs. 183185 records in RAM.
INFO	2024-07-03 09:35:49	MarkDuplicates	Read   187,000,000 records.  Elapsed time: 00:13:08s.  Time for last 1,000,000:    3s.  Last read position: NC_045553.1_RagTag:15,129,302
INFO	2024-07-03 09:35:49	MarkDuplicates	Tracking 1971922 as yet unmatched pairs. 149024 records in RAM.
INFO	2024-07-03 09:35:52	MarkDuplicates	Read   188,000,000 records.  Elapsed time: 00:13:11s.  Time for last 1,000,000:    3s.  Last read position: NC_045553.1_RagTag:22,656,027
INFO	2024-07-03 09:35:52	MarkDuplicates	Tracking 1957505 as yet unmatched pairs. 119684 records in RAM.
INFO	2024-07-03 09:35:56	MarkDuplicates	Read   189,000,000 records.  Elapsed time: 00:13:15s.  Time for last 1,000,000:    3s.  Last read position: NC_045553.1_RagTag:29,637,001
INFO	2024-07-03 09:35:56	MarkDuplicates	Tracking 1941326 as yet unmatched pairs. 90025 records in RAM.
INFO	2024-07-03 09:35:59	MarkDuplicates	Read   190,000,000 records.  Elapsed time: 00:13:18s.  Time for last 1,000,000:    3s.  Last read position: NC_045553.1_RagTag:36,447,385
INFO	2024-07-03 09:35:59	MarkDuplicates	Tracking 1928276 as yet unmatched pairs. 65237 records in RAM.
INFO	2024-07-03 09:36:02	MarkDuplicates	Read   191,000,000 records.  Elapsed time: 00:13:21s.  Time for last 1,000,000:    3s.  Last read position: NC_045553.1_RagTag:43,377,402
INFO	2024-07-03 09:36:02	MarkDuplicates	Tracking 1910532 as yet unmatched pairs. 29514 records in RAM.
INFO	2024-07-03 09:36:09	MarkDuplicates	Read   192,000,000 records.  Elapsed time: 00:13:28s.  Time for last 1,000,000:    6s.  Last read position: NC_045554.1_RagTag:992,775
INFO	2024-07-03 09:36:09	MarkDuplicates	Tracking 1895165 as yet unmatched pairs. 218037 records in RAM.
INFO	2024-07-03 09:36:12	MarkDuplicates	Read   193,000,000 records.  Elapsed time: 00:13:31s.  Time for last 1,000,000:    3s.  Last read position: NC_045554.1_RagTag:8,368,376
INFO	2024-07-03 09:36:12	MarkDuplicates	Tracking 1877556 as yet unmatched pairs. 185189 records in RAM.
INFO	2024-07-03 09:36:15	MarkDuplicates	Read   194,000,000 records.  Elapsed time: 00:13:35s.  Time for last 1,000,000:    3s.  Last read position: NC_045554.1_RagTag:15,447,237
INFO	2024-07-03 09:36:15	MarkDuplicates	Tracking 1856853 as yet unmatched pairs. 149337 records in RAM.
INFO	2024-07-03 09:36:19	MarkDuplicates	Read   195,000,000 records.  Elapsed time: 00:13:38s.  Time for last 1,000,000:    3s.  Last read position: NC_045554.1_RagTag:22,205,731
INFO	2024-07-03 09:36:19	MarkDuplicates	Tracking 1839036 as yet unmatched pairs. 119737 records in RAM.
INFO	2024-07-03 09:36:22	MarkDuplicates	Read   196,000,000 records.  Elapsed time: 00:13:41s.  Time for last 1,000,000:    3s.  Last read position: NC_045554.1_RagTag:29,608,960
INFO	2024-07-03 09:36:22	MarkDuplicates	Tracking 1818278 as yet unmatched pairs. 85997 records in RAM.
INFO	2024-07-03 09:36:25	MarkDuplicates	Read   197,000,000 records.  Elapsed time: 00:13:44s.  Time for last 1,000,000:    3s.  Last read position: NC_045554.1_RagTag:36,237,448
INFO	2024-07-03 09:36:25	MarkDuplicates	Tracking 1798884 as yet unmatched pairs. 55774 records in RAM.
INFO	2024-07-03 09:36:41	MarkDuplicates	Read   198,000,000 records.  Elapsed time: 00:14:00s.  Time for last 1,000,000:   15s.  Last read position: NC_045554.1_RagTag:43,104,958
INFO	2024-07-03 09:36:41	MarkDuplicates	Tracking 1776351 as yet unmatched pairs. 20733 records in RAM.
INFO	2024-07-03 09:36:47	MarkDuplicates	Read   199,000,000 records.  Elapsed time: 00:14:06s.  Time for last 1,000,000:    6s.  Last read position: NC_045555.1_RagTag:1,439,705
INFO	2024-07-03 09:36:47	MarkDuplicates	Tracking 1760079 as yet unmatched pairs. 196248 records in RAM.
INFO	2024-07-03 09:37:07	MarkDuplicates	Read   200,000,000 records.  Elapsed time: 00:14:26s.  Time for last 1,000,000:   19s.  Last read position: NC_045555.1_RagTag:8,926,440
INFO	2024-07-03 09:37:07	MarkDuplicates	Tracking 1740297 as yet unmatched pairs. 163810 records in RAM.
INFO	2024-07-03 09:37:10	MarkDuplicates	Read   201,000,000 records.  Elapsed time: 00:14:29s.  Time for last 1,000,000:    3s.  Last read position: NC_045555.1_RagTag:15,645,132
INFO	2024-07-03 09:37:10	MarkDuplicates	Tracking 1721204 as yet unmatched pairs. 136554 records in RAM.
INFO	2024-07-03 09:37:13	MarkDuplicates	Read   202,000,000 records.  Elapsed time: 00:14:32s.  Time for last 1,000,000:    3s.  Last read position: NC_045555.1_RagTag:22,322,832
INFO	2024-07-03 09:37:13	MarkDuplicates	Tracking 1700103 as yet unmatched pairs. 105616 records in RAM.
INFO	2024-07-03 09:37:17	MarkDuplicates	Read   203,000,000 records.  Elapsed time: 00:14:36s.  Time for last 1,000,000:    4s.  Last read position: NC_045555.1_RagTag:29,355,230
INFO	2024-07-03 09:37:17	MarkDuplicates	Tracking 1676160 as yet unmatched pairs. 71100 records in RAM.
INFO	2024-07-03 09:37:21	MarkDuplicates	Read   204,000,000 records.  Elapsed time: 00:14:40s.  Time for last 1,000,000:    3s.  Last read position: NC_045555.1_RagTag:36,101,763
INFO	2024-07-03 09:37:21	MarkDuplicates	Tracking 1655504 as yet unmatched pairs. 40678 records in RAM.
INFO	2024-07-03 09:37:24	MarkDuplicates	Read   205,000,000 records.  Elapsed time: 00:14:43s.  Time for last 1,000,000:    3s.  Last read position: NC_045555.1_RagTag:40,592,960
INFO	2024-07-03 09:37:24	MarkDuplicates	Tracking 1646224 as yet unmatched pairs. 16506 records in RAM.
INFO	2024-07-03 09:37:30	MarkDuplicates	Read   206,000,000 records.  Elapsed time: 00:14:49s.  Time for last 1,000,000:    5s.  Last read position: NC_045556.1_RagTag:3,515,310
INFO	2024-07-03 09:37:30	MarkDuplicates	Tracking 1632300 as yet unmatched pairs. 176874 records in RAM.
INFO	2024-07-03 09:37:33	MarkDuplicates	Read   207,000,000 records.  Elapsed time: 00:14:52s.  Time for last 1,000,000:    3s.  Last read position: NC_045556.1_RagTag:10,783,373
INFO	2024-07-03 09:37:33	MarkDuplicates	Tracking 1606602 as yet unmatched pairs. 142173 records in RAM.
INFO	2024-07-03 09:37:36	MarkDuplicates	Read   208,000,000 records.  Elapsed time: 00:14:56s.  Time for last 1,000,000:    3s.  Last read position: NC_045556.1_RagTag:17,160,890
INFO	2024-07-03 09:37:36	MarkDuplicates	Tracking 1580685 as yet unmatched pairs. 105951 records in RAM.
INFO	2024-07-03 09:37:40	MarkDuplicates	Read   209,000,000 records.  Elapsed time: 00:14:59s.  Time for last 1,000,000:    3s.  Last read position: NC_045556.1_RagTag:24,174,994
INFO	2024-07-03 09:37:40	MarkDuplicates	Tracking 1558063 as yet unmatched pairs. 72098 records in RAM.
INFO	2024-07-03 09:37:43	MarkDuplicates	Read   210,000,000 records.  Elapsed time: 00:15:02s.  Time for last 1,000,000:    3s.  Last read position: NC_045556.1_RagTag:30,298,725
INFO	2024-07-03 09:37:43	MarkDuplicates	Tracking 1540025 as yet unmatched pairs. 34816 records in RAM.
INFO	2024-07-03 09:37:47	MarkDuplicates	Read   211,000,000 records.  Elapsed time: 00:15:06s.  Time for last 1,000,000:    4s.  Last read position: NC_045557.1_RagTag:880,658
INFO	2024-07-03 09:37:47	MarkDuplicates	Tracking 1515849 as yet unmatched pairs. 49385 records in RAM.
INFO	2024-07-03 09:37:51	MarkDuplicates	Read   212,000,000 records.  Elapsed time: 00:15:10s.  Time for last 1,000,000:    3s.  Last read position: NC_045557.1_RagTag:8,586,179
INFO	2024-07-03 09:37:51	MarkDuplicates	Tracking 1494184 as yet unmatched pairs. 18072 records in RAM.
INFO	2024-07-03 09:38:01	MarkDuplicates	Read   213,000,000 records.  Elapsed time: 00:15:21s.  Time for last 1,000,000:   10s.  Last read position: NC_045558.1_RagTag:4,809,691
INFO	2024-07-03 09:38:01	MarkDuplicates	Tracking 1469906 as yet unmatched pairs. 475332 records in RAM.
INFO	2024-07-03 09:38:05	MarkDuplicates	Read   214,000,000 records.  Elapsed time: 00:15:24s.  Time for last 1,000,000:    3s.  Last read position: NC_045558.1_RagTag:16,134,634
INFO	2024-07-03 09:38:05	MarkDuplicates	Tracking 1438979 as yet unmatched pairs. 438059 records in RAM.
INFO	2024-07-03 09:38:08	MarkDuplicates	Read   215,000,000 records.  Elapsed time: 00:15:27s.  Time for last 1,000,000:    3s.  Last read position: NC_045558.1_RagTag:28,066,039
INFO	2024-07-03 09:38:08	MarkDuplicates	Tracking 1416848 as yet unmatched pairs. 411557 records in RAM.
INFO	2024-07-03 09:38:11	MarkDuplicates	Read   216,000,000 records.  Elapsed time: 00:15:31s.  Time for last 1,000,000:    3s.  Last read position: NC_045558.1_RagTag:39,130,555
INFO	2024-07-03 09:38:11	MarkDuplicates	Tracking 1395202 as yet unmatched pairs. 384670 records in RAM.
INFO	2024-07-03 09:38:15	MarkDuplicates	Read   217,000,000 records.  Elapsed time: 00:15:34s.  Time for last 1,000,000:    3s.  Last read position: NC_045558.1_RagTag:49,077,916
INFO	2024-07-03 09:38:15	MarkDuplicates	Tracking 1373487 as yet unmatched pairs. 357708 records in RAM.
INFO	2024-07-03 09:38:18	MarkDuplicates	Read   218,000,000 records.  Elapsed time: 00:15:37s.  Time for last 1,000,000:    3s.  Last read position: NC_045558.1_RagTag:58,621,560
INFO	2024-07-03 09:38:18	MarkDuplicates	Tracking 1347467 as yet unmatched pairs. 325199 records in RAM.
INFO	2024-07-03 09:38:22	MarkDuplicates	Read   219,000,000 records.  Elapsed time: 00:15:41s.  Time for last 1,000,000:    3s.  Last read position: NC_045558.1_RagTag:67,525,093
INFO	2024-07-03 09:38:22	MarkDuplicates	Tracking 1319825 as yet unmatched pairs. 289175 records in RAM.
INFO	2024-07-03 09:38:25	MarkDuplicates	Read   220,000,000 records.  Elapsed time: 00:15:44s.  Time for last 1,000,000:    3s.  Last read position: NC_045558.1_RagTag:76,131,982
INFO	2024-07-03 09:38:25	MarkDuplicates	Tracking 1291049 as yet unmatched pairs. 252928 records in RAM.
INFO	2024-07-03 09:38:28	MarkDuplicates	Read   221,000,000 records.  Elapsed time: 00:15:48s.  Time for last 1,000,000:    3s.  Last read position: NC_045558.1_RagTag:86,149,927
INFO	2024-07-03 09:38:28	MarkDuplicates	Tracking 1261557 as yet unmatched pairs. 217016 records in RAM.
INFO	2024-07-03 09:38:32	MarkDuplicates	Read   222,000,000 records.  Elapsed time: 00:15:51s.  Time for last 1,000,000:    3s.  Last read position: NC_045558.1_RagTag:96,942,890
INFO	2024-07-03 09:38:32	MarkDuplicates	Tracking 1235130 as yet unmatched pairs. 184718 records in RAM.
INFO	2024-07-03 09:38:47	MarkDuplicates	Read   223,000,000 records.  Elapsed time: 00:16:06s.  Time for last 1,000,000:   15s.  Last read position: NC_045558.1_RagTag:108,606,091
INFO	2024-07-03 09:38:47	MarkDuplicates	Tracking 1210912 as yet unmatched pairs. 156426 records in RAM.
INFO	2024-07-03 09:38:50	MarkDuplicates	Read   224,000,000 records.  Elapsed time: 00:16:10s.  Time for last 1,000,000:    3s.  Last read position: NC_045558.1_RagTag:119,899,405
INFO	2024-07-03 09:38:50	MarkDuplicates	Tracking 1186029 as yet unmatched pairs. 127036 records in RAM.
INFO	2024-07-03 09:38:54	MarkDuplicates	Read   225,000,000 records.  Elapsed time: 00:16:13s.  Time for last 1,000,000:    3s.  Last read position: NC_045558.1_RagTag:128,859,158
INFO	2024-07-03 09:38:54	MarkDuplicates	Tracking 1146654 as yet unmatched pairs. 81058 records in RAM.
INFO	2024-07-03 09:38:57	MarkDuplicates	Read   226,000,000 records.  Elapsed time: 00:16:16s.  Time for last 1,000,000:    3s.  Last read position: NC_045558.1_RagTag:136,761,308
INFO	2024-07-03 09:38:57	MarkDuplicates	Tracking 1119971 as yet unmatched pairs. 47001 records in RAM.
INFO	2024-07-03 09:39:00	MarkDuplicates	Read   227,000,000 records.  Elapsed time: 00:16:20s.  Time for last 1,000,000:    3s.  Last read position: NC_045558.1_RagTag:143,456,684
INFO	2024-07-03 09:39:00	MarkDuplicates	Tracking 1092158 as yet unmatched pairs. 8791 records in RAM.
INFO	2024-07-03 09:39:04	MarkDuplicates	Read   228,000,000 records.  Elapsed time: 00:16:24s.  Time for last 1,000,000:    3s.  Last read position: NW_022473897.1_RagTag:139,396
INFO	2024-07-03 09:39:04	MarkDuplicates	Tracking 1060949 as yet unmatched pairs. 687 records in RAM.
INFO	2024-07-03 09:39:24	MarkDuplicates	Read   229,000,000 records.  Elapsed time: 00:16:43s.  Time for last 1,000,000:   19s.  Last read position: Chr0_RagTag:6,992,236
INFO	2024-07-03 09:39:24	MarkDuplicates	Tracking 1026818 as yet unmatched pairs. 1026818 records in RAM.
INFO	2024-07-03 09:39:28	MarkDuplicates	Read   230,000,000 records.  Elapsed time: 00:16:47s.  Time for last 1,000,000:    3s.  Last read position: Chr0_RagTag:12,260,419
INFO	2024-07-03 09:39:28	MarkDuplicates	Tracking 1004076 as yet unmatched pairs. 1004076 records in RAM.
INFO	2024-07-03 09:39:31	MarkDuplicates	Read   231,000,000 records.  Elapsed time: 00:16:50s.  Time for last 1,000,000:    3s.  Last read position: Chr0_RagTag:16,752,501
INFO	2024-07-03 09:39:31	MarkDuplicates	Tracking 980703 as yet unmatched pairs. 980703 records in RAM.
INFO	2024-07-03 09:39:35	MarkDuplicates	Read   232,000,000 records.  Elapsed time: 00:16:54s.  Time for last 1,000,000:    3s.  Last read position: Chr0_RagTag:21,751,748
INFO	2024-07-03 09:39:35	MarkDuplicates	Tracking 954645 as yet unmatched pairs. 954645 records in RAM.
INFO	2024-07-03 09:39:38	MarkDuplicates	Read   233,000,000 records.  Elapsed time: 00:16:57s.  Time for last 1,000,000:    3s.  Last read position: Chr0_RagTag:26,659,466
INFO	2024-07-03 09:39:38	MarkDuplicates	Tracking 927245 as yet unmatched pairs. 927245 records in RAM.
INFO	2024-07-03 09:39:42	MarkDuplicates	Read   234,000,000 records.  Elapsed time: 00:17:01s.  Time for last 1,000,000:    3s.  Last read position: Chr0_RagTag:31,377,360
INFO	2024-07-03 09:39:42	MarkDuplicates	Tracking 895266 as yet unmatched pairs. 895266 records in RAM.
INFO	2024-07-03 09:39:47	MarkDuplicates	Read   235,000,000 records.  Elapsed time: 00:17:06s.  Time for last 1,000,000:    5s.  Last read position: Chr0_RagTag:36,653,000
INFO	2024-07-03 09:39:47	MarkDuplicates	Tracking 868798 as yet unmatched pairs. 868798 records in RAM.
INFO	2024-07-03 09:39:51	MarkDuplicates	Read   236,000,000 records.  Elapsed time: 00:17:10s.  Time for last 1,000,000:    3s.  Last read position: Chr0_RagTag:42,119,783
INFO	2024-07-03 09:39:51	MarkDuplicates	Tracking 835240 as yet unmatched pairs. 835240 records in RAM.
INFO	2024-07-03 09:39:54	MarkDuplicates	Read   237,000,000 records.  Elapsed time: 00:17:13s.  Time for last 1,000,000:    3s.  Last read position: Chr0_RagTag:47,321,833
INFO	2024-07-03 09:39:54	MarkDuplicates	Tracking 804273 as yet unmatched pairs. 804273 records in RAM.
INFO	2024-07-03 09:39:57	MarkDuplicates	Read   238,000,000 records.  Elapsed time: 00:17:17s.  Time for last 1,000,000:    3s.  Last read position: Chr0_RagTag:51,303,267
INFO	2024-07-03 09:39:57	MarkDuplicates	Tracking 774233 as yet unmatched pairs. 774233 records in RAM.
INFO	2024-07-03 09:40:01	MarkDuplicates	Read   239,000,000 records.  Elapsed time: 00:17:20s.  Time for last 1,000,000:    3s.  Last read position: Chr0_RagTag:55,246,994
INFO	2024-07-03 09:40:01	MarkDuplicates	Tracking 741763 as yet unmatched pairs. 741763 records in RAM.
INFO	2024-07-03 09:40:04	MarkDuplicates	Read   240,000,000 records.  Elapsed time: 00:17:23s.  Time for last 1,000,000:    3s.  Last read position: Chr0_RagTag:60,329,733
INFO	2024-07-03 09:40:04	MarkDuplicates	Tracking 707019 as yet unmatched pairs. 707019 records in RAM.
INFO	2024-07-03 09:40:08	MarkDuplicates	Read   241,000,000 records.  Elapsed time: 00:17:27s.  Time for last 1,000,000:    3s.  Last read position: Chr0_RagTag:65,060,245
INFO	2024-07-03 09:40:08	MarkDuplicates	Tracking 674005 as yet unmatched pairs. 674005 records in RAM.
INFO	2024-07-03 09:40:11	MarkDuplicates	Read   242,000,000 records.  Elapsed time: 00:17:30s.  Time for last 1,000,000:    3s.  Last read position: Chr0_RagTag:70,328,972
INFO	2024-07-03 09:40:11	MarkDuplicates	Tracking 635573 as yet unmatched pairs. 635573 records in RAM.
INFO	2024-07-03 09:40:14	MarkDuplicates	Read   243,000,000 records.  Elapsed time: 00:17:34s.  Time for last 1,000,000:    3s.  Last read position: Chr0_RagTag:75,768,702
INFO	2024-07-03 09:40:14	MarkDuplicates	Tracking 589438 as yet unmatched pairs. 589438 records in RAM.
INFO	2024-07-03 09:40:18	MarkDuplicates	Read   244,000,000 records.  Elapsed time: 00:17:37s.  Time for last 1,000,000:    3s.  Last read position: Chr0_RagTag:82,226,119
INFO	2024-07-03 09:40:18	MarkDuplicates	Tracking 538907 as yet unmatched pairs. 538907 records in RAM.
INFO	2024-07-03 09:40:21	MarkDuplicates	Read   245,000,000 records.  Elapsed time: 00:17:41s.  Time for last 1,000,000:    3s.  Last read position: Chr0_RagTag:88,342,061
INFO	2024-07-03 09:40:21	MarkDuplicates	Tracking 491283 as yet unmatched pairs. 491283 records in RAM.
INFO	2024-07-03 09:40:25	MarkDuplicates	Read   246,000,000 records.  Elapsed time: 00:17:44s.  Time for last 1,000,000:    3s.  Last read position: Chr0_RagTag:94,015,931
INFO	2024-07-03 09:40:25	MarkDuplicates	Tracking 441459 as yet unmatched pairs. 441459 records in RAM.
INFO	2024-07-03 09:40:29	MarkDuplicates	Read   247,000,000 records.  Elapsed time: 00:17:48s.  Time for last 1,000,000:    3s.  Last read position: Chr0_RagTag:100,560,021
INFO	2024-07-03 09:40:29	MarkDuplicates	Tracking 388179 as yet unmatched pairs. 388179 records in RAM.
INFO	2024-07-03 09:41:02	MarkDuplicates	Read   248,000,000 records.  Elapsed time: 00:18:21s.  Time for last 1,000,000:   33s.  Last read position: Chr0_RagTag:106,739,112
INFO	2024-07-03 09:41:02	MarkDuplicates	Tracking 332013 as yet unmatched pairs. 332013 records in RAM.
INFO	2024-07-03 09:41:06	MarkDuplicates	Read   249,000,000 records.  Elapsed time: 00:18:25s.  Time for last 1,000,000:    3s.  Last read position: Chr0_RagTag:112,811,775
INFO	2024-07-03 09:41:06	MarkDuplicates	Tracking 273197 as yet unmatched pairs. 273197 records in RAM.
INFO	2024-07-03 09:41:09	MarkDuplicates	Read   250,000,000 records.  Elapsed time: 00:18:28s.  Time for last 1,000,000:    3s.  Last read position: Chr0_RagTag:119,120,541
INFO	2024-07-03 09:41:09	MarkDuplicates	Tracking 215516 as yet unmatched pairs. 215516 records in RAM.
INFO	2024-07-03 09:41:13	MarkDuplicates	Read   251,000,000 records.  Elapsed time: 00:18:32s.  Time for last 1,000,000:    3s.  Last read position: Chr0_RagTag:124,745,839
INFO	2024-07-03 09:41:13	MarkDuplicates	Tracking 156992 as yet unmatched pairs. 156992 records in RAM.
INFO	2024-07-03 09:41:16	MarkDuplicates	Read   252,000,000 records.  Elapsed time: 00:18:36s.  Time for last 1,000,000:    3s.  Last read position: Chr0_RagTag:129,082,277
INFO	2024-07-03 09:41:16	MarkDuplicates	Tracking 97383 as yet unmatched pairs. 97383 records in RAM.
INFO	2024-07-03 09:41:20	MarkDuplicates	Read   253,000,000 records.  Elapsed time: 00:18:39s.  Time for last 1,000,000:    3s.  Last read position: Chr0_RagTag:133,946,550
INFO	2024-07-03 09:41:20	MarkDuplicates	Tracking 23922 as yet unmatched pairs. 23922 records in RAM.
INFO	2024-07-03 09:41:21	MarkDuplicates	Read 253242110 records. 0 pairs never matched.
INFO	2024-07-03 09:41:27	MarkDuplicates	After buildSortedReadEndLists freeMemory: 6139833872; totalMemory: 6394544128; maxMemory: 6487212032
INFO	2024-07-03 09:41:27	MarkDuplicates	Will retain up to 202725376 duplicate indices before spilling to disk.
INFO	2024-07-03 09:41:27	MarkDuplicates	Traversing read pair information and detecting duplicates.
INFO	2024-07-03 09:42:21	MarkDuplicates	Traversing fragment information and detecting duplicates.
INFO	2024-07-03 09:43:33	MarkDuplicates	Sorting list of duplicate records.
INFO	2024-07-03 09:43:34	MarkDuplicates	After generateDuplicateIndexes freeMemory: 4731352504; totalMemory: 6394544128; maxMemory: 6487212032
INFO	2024-07-03 09:43:34	MarkDuplicates	Marking 18748462 records as duplicates.
INFO	2024-07-03 09:43:34	MarkDuplicates	Found 423339 optical duplicate clusters.
INFO	2024-07-03 09:43:34	MarkDuplicates	Reads are assumed to be ordered by: coordinate
INFO	2024-07-03 09:45:43	MarkDuplicates	Written    10,000,000 records.  Elapsed time: 00:02:08s.  Time for last 10,000,000:  128s.  Last read position: NC_045541.1_RagTag:70,317,285
INFO	2024-07-03 09:47:49	MarkDuplicates	Written    20,000,000 records.  Elapsed time: 00:04:15s.  Time for last 10,000,000:  126s.  Last read position: NC_045541.1_RagTag:142,590,461
INFO	2024-07-03 09:49:58	MarkDuplicates	Written    30,000,000 records.  Elapsed time: 00:06:24s.  Time for last 10,000,000:  128s.  Last read position: NC_045542.1_RagTag:39,608,582
INFO	2024-07-03 09:52:04	MarkDuplicates	Written    40,000,000 records.  Elapsed time: 00:08:30s.  Time for last 10,000,000:  126s.  Last read position: NC_045542.1_RagTag:112,523,274
INFO	2024-07-03 09:54:13	MarkDuplicates	Written    50,000,000 records.  Elapsed time: 00:10:39s.  Time for last 10,000,000:  129s.  Last read position: NC_045543.1_RagTag:23,743,098
INFO	2024-07-03 09:56:20	MarkDuplicates	Written    60,000,000 records.  Elapsed time: 00:12:46s.  Time for last 10,000,000:  126s.  Last read position: NC_045543.1_RagTag:96,648,961
INFO	2024-07-03 09:58:28	MarkDuplicates	Written    70,000,000 records.  Elapsed time: 00:14:54s.  Time for last 10,000,000:  128s.  Last read position: NC_045544.1_RagTag:59,582,247
INFO	2024-07-03 10:00:34	MarkDuplicates	Written    80,000,000 records.  Elapsed time: 00:17:00s.  Time for last 10,000,000:  126s.  Last read position: NC_045544.1_RagTag:132,122,245
INFO	2024-07-03 10:02:42	MarkDuplicates	Written    90,000,000 records.  Elapsed time: 00:19:08s.  Time for last 10,000,000:  127s.  Last read position: NC_045545.1_RagTag:46,697,333
INFO	2024-07-03 10:04:51	MarkDuplicates	Written   100,000,000 records.  Elapsed time: 00:21:17s.  Time for last 10,000,000:  129s.  Last read position: NC_045546.1_RagTag:28,698,330
INFO	2024-07-03 10:07:00	MarkDuplicates	Written   110,000,000 records.  Elapsed time: 00:23:25s.  Time for last 10,000,000:  128s.  Last read position: NC_045546.1_RagTag:99,155,215
INFO	2024-07-03 10:09:09	MarkDuplicates	Written   120,000,000 records.  Elapsed time: 00:25:35s.  Time for last 10,000,000:  129s.  Last read position: NC_045547.1_RagTag:67,279,806
INFO	2024-07-03 10:11:17	MarkDuplicates	Written   130,000,000 records.  Elapsed time: 00:27:42s.  Time for last 10,000,000:  127s.  Last read position: NC_045548.1_RagTag:48,484,735
INFO	2024-07-03 10:13:26	MarkDuplicates	Written   140,000,000 records.  Elapsed time: 00:29:52s.  Time for last 10,000,000:  129s.  Last read position: NC_045549.1_RagTag:48,864,480
INFO	2024-07-03 10:15:36	MarkDuplicates	Written   150,000,000 records.  Elapsed time: 00:32:02s.  Time for last 10,000,000:  130s.  Last read position: NC_045549.1_RagTag:121,902,601
INFO	2024-07-03 10:17:44	MarkDuplicates	Written   160,000,000 records.  Elapsed time: 00:34:09s.  Time for last 10,000,000:  127s.  Last read position: NC_045550.1_RagTag:63,580,963
INFO	2024-07-03 10:19:54	MarkDuplicates	Written   170,000,000 records.  Elapsed time: 00:36:20s.  Time for last 10,000,000:  130s.  Last read position: NC_045552.1_RagTag:42,774,172
INFO	2024-07-03 10:22:08	MarkDuplicates	Written   180,000,000 records.  Elapsed time: 00:38:34s.  Time for last 10,000,000:  133s.  Last read position: NC_045554.1_RagTag:13,071,713
INFO	2024-07-03 10:24:20	MarkDuplicates	Written   190,000,000 records.  Elapsed time: 00:40:45s.  Time for last 10,000,000:  131s.  Last read position: NC_045555.1_RagTag:38,821,405
INFO	2024-07-03 10:26:34	MarkDuplicates	Written   200,000,000 records.  Elapsed time: 00:43:00s.  Time for last 10,000,000:  134s.  Last read position: NC_045558.1_RagTag:32,041,774
INFO	2024-07-03 10:28:50	MarkDuplicates	Written   210,000,000 records.  Elapsed time: 00:45:15s.  Time for last 10,000,000:  135s.  Last read position: NC_045558.1_RagTag:137,426,107
INFO	2024-07-03 10:31:04	MarkDuplicates	Written   220,000,000 records.  Elapsed time: 00:47:30s.  Time for last 10,000,000:  134s.  Last read position: Chr0_RagTag:47,000,427
INFO	2024-07-03 10:33:19	MarkDuplicates	Written   230,000,000 records.  Elapsed time: 00:49:45s.  Time for last 10,000,000:  135s.  Last read position: Chr0_RagTag:106,516,009
INFO	2024-07-03 10:34:29	MarkDuplicates	Writing complete. Closing input iterator.
INFO	2024-07-03 10:34:29	MarkDuplicates	Duplicate Index cleanup.
INFO	2024-07-03 10:34:29	MarkDuplicates	Getting Memory Stats.
INFO	2024-07-03 10:34:29	MarkDuplicates	Before output close freeMemory: 6352722904; totalMemory: 6394544128; maxMemory: 6487212032
INFO	2024-07-03 10:34:29	MarkDuplicates	Closed outputs. Getting more Memory Stats.
INFO	2024-07-03 10:34:29	MarkDuplicates	After output close freeMemory: 5757134104; totalMemory: 5795651584; maxMemory: 6487212032
[Wed Jul 03 10:34:29 MDT 2024] picard.sam.markduplicates.MarkDuplicates done. Elapsed time: 71.82 minutes.
Runtime.totalMemory()=5795651584
