INFO	2024-07-03 09:22:39	MarkDuplicates	

********** NOTE: Picard's command line syntax is changing.
**********
********** For more information, please see:
********** https://github.com/broadinstitute/picard/wiki/Command-Line-Syntax-Transition-For-Users-(Pre-Transition)
**********
********** The command line looks like this in the new syntax:
**********
**********    MarkDuplicates -REMOVE_DUPLICATES true -ASSUME_SORTED true -VALIDATION_STRINGENCY SILENT -INPUT UTEP20919_sort.bam -OUTPUT /project/getpop/bwa_ratsnake/rmd/UTEP20919.rmd.bam -METRICS_FILE /project/getpop/bwa_ratsnake/rmd/UTEP20919.rmd.bam.metrics
**********


09:22:40.401 INFO  NativeLibraryLoader - Loading libgkl_compression.so from jar:file:/apps/u/spack/gcc/12.2.0/picard/2.26.2-xrdth7g/bin/picard.jar!/com/intel/gkl/native/libgkl_compression.so
[Wed Jul 03 09:22:40 MDT 2024] MarkDuplicates INPUT=[UTEP20919_sort.bam] OUTPUT=/project/getpop/bwa_ratsnake/rmd/UTEP20919.rmd.bam METRICS_FILE=/project/getpop/bwa_ratsnake/rmd/UTEP20919.rmd.bam.metrics REMOVE_DUPLICATES=true ASSUME_SORTED=true VALIDATION_STRINGENCY=SILENT    MAX_SEQUENCES_FOR_DISK_READ_ENDS_MAP=50000 MAX_FILE_HANDLES_FOR_READ_ENDS_MAP=8000 SORTING_COLLECTION_SIZE_RATIO=0.25 TAG_DUPLICATE_SET_MEMBERS=false REMOVE_SEQUENCING_DUPLICATES=false TAGGING_POLICY=DontTag CLEAR_DT=true DUPLEX_UMI=false ADD_PG_TAG_TO_READS=true DUPLICATE_SCORING_STRATEGY=SUM_OF_BASE_QUALITIES PROGRAM_RECORD_ID=MarkDuplicates PROGRAM_GROUP_NAME=MarkDuplicates READ_NAME_REGEX=<optimized capture of last three ':' separated fields as numeric values> OPTICAL_DUPLICATE_PIXEL_DISTANCE=100 MAX_OPTICAL_DUPLICATE_SET_SIZE=300000 VERBOSITY=INFO QUIET=false COMPRESSION_LEVEL=5 MAX_RECORDS_IN_RAM=500000 CREATE_INDEX=false CREATE_MD5_FILE=false GA4GH_CLIENT_SECRETS=client_secrets.json USE_JDK_DEFLATER=false USE_JDK_INFLATER=false
[Wed Jul 03 09:22:40 MDT 2024] Executing as sharrin2@b523 on Linux 4.18.0-513.11.1.el8_9.x86_64 amd64; OpenJDK 64-Bit Server VM 11.0.15+10; Deflater: Intel; Inflater: Intel; Provider GCS is not available; Picard version: 2.26.2
INFO	2024-07-03 09:22:40	MarkDuplicates	Start of doWork freeMemory: 397763216; totalMemory: 405536768; maxMemory: 6487212032
INFO	2024-07-03 09:22:40	MarkDuplicates	Reading input file and constructing read end information.
INFO	2024-07-03 09:22:40	MarkDuplicates	Will retain up to 23504391 data points before spilling to disk.
INFO	2024-07-03 09:22:45	MarkDuplicates	Read     1,000,000 records.  Elapsed time: 00:00:05s.  Time for last 1,000,000:    5s.  Last read position: NC_045541.1_RagTag:8,826,030
INFO	2024-07-03 09:22:45	MarkDuplicates	Tracking 25229 as yet unmatched pairs. 2023 records in RAM.
INFO	2024-07-03 09:22:49	MarkDuplicates	Read     2,000,000 records.  Elapsed time: 00:00:08s.  Time for last 1,000,000:    3s.  Last read position: NC_045541.1_RagTag:18,591,632
INFO	2024-07-03 09:22:49	MarkDuplicates	Tracking 42301 as yet unmatched pairs. 3361 records in RAM.
INFO	2024-07-03 09:22:52	MarkDuplicates	Read     3,000,000 records.  Elapsed time: 00:00:11s.  Time for last 1,000,000:    3s.  Last read position: NC_045541.1_RagTag:28,513,027
INFO	2024-07-03 09:22:52	MarkDuplicates	Tracking 60675 as yet unmatched pairs. 4751 records in RAM.
INFO	2024-07-03 09:22:55	MarkDuplicates	Read     4,000,000 records.  Elapsed time: 00:00:14s.  Time for last 1,000,000:    3s.  Last read position: NC_045541.1_RagTag:38,595,323
INFO	2024-07-03 09:22:55	MarkDuplicates	Tracking 78955 as yet unmatched pairs. 5824 records in RAM.
INFO	2024-07-03 09:22:58	MarkDuplicates	Read     5,000,000 records.  Elapsed time: 00:00:18s.  Time for last 1,000,000:    3s.  Last read position: NC_045541.1_RagTag:48,614,083
INFO	2024-07-03 09:22:58	MarkDuplicates	Tracking 97049 as yet unmatched pairs. 6786 records in RAM.
INFO	2024-07-03 09:23:01	MarkDuplicates	Read     6,000,000 records.  Elapsed time: 00:00:21s.  Time for last 1,000,000:    3s.  Last read position: NC_045541.1_RagTag:58,278,102
INFO	2024-07-03 09:23:01	MarkDuplicates	Tracking 114855 as yet unmatched pairs. 7538 records in RAM.
INFO	2024-07-03 09:23:05	MarkDuplicates	Read     7,000,000 records.  Elapsed time: 00:00:24s.  Time for last 1,000,000:    3s.  Last read position: NC_045541.1_RagTag:68,395,477
INFO	2024-07-03 09:23:05	MarkDuplicates	Tracking 130946 as yet unmatched pairs. 7990 records in RAM.
INFO	2024-07-03 09:23:08	MarkDuplicates	Read     8,000,000 records.  Elapsed time: 00:00:28s.  Time for last 1,000,000:    3s.  Last read position: NC_045541.1_RagTag:78,371,726
INFO	2024-07-03 09:23:08	MarkDuplicates	Tracking 147326 as yet unmatched pairs. 8047 records in RAM.
INFO	2024-07-03 09:23:11	MarkDuplicates	Read     9,000,000 records.  Elapsed time: 00:00:31s.  Time for last 1,000,000:    3s.  Last read position: NC_045541.1_RagTag:88,417,119
INFO	2024-07-03 09:23:11	MarkDuplicates	Tracking 163431 as yet unmatched pairs. 8240 records in RAM.
INFO	2024-07-03 09:23:14	MarkDuplicates	Read    10,000,000 records.  Elapsed time: 00:00:34s.  Time for last 1,000,000:    3s.  Last read position: NC_045541.1_RagTag:98,434,781
INFO	2024-07-03 09:23:14	MarkDuplicates	Tracking 179156 as yet unmatched pairs. 8189 records in RAM.
INFO	2024-07-03 09:23:17	MarkDuplicates	Read    11,000,000 records.  Elapsed time: 00:00:37s.  Time for last 1,000,000:    3s.  Last read position: NC_045541.1_RagTag:108,222,639
INFO	2024-07-03 09:23:17	MarkDuplicates	Tracking 195194 as yet unmatched pairs. 7920 records in RAM.
INFO	2024-07-03 09:23:22	MarkDuplicates	Read    12,000,000 records.  Elapsed time: 00:00:41s.  Time for last 1,000,000:    4s.  Last read position: NC_045541.1_RagTag:118,226,690
INFO	2024-07-03 09:23:22	MarkDuplicates	Tracking 209423 as yet unmatched pairs. 7557 records in RAM.
INFO	2024-07-03 09:23:25	MarkDuplicates	Read    13,000,000 records.  Elapsed time: 00:00:44s.  Time for last 1,000,000:    3s.  Last read position: NC_045541.1_RagTag:128,136,614
INFO	2024-07-03 09:23:25	MarkDuplicates	Tracking 223369 as yet unmatched pairs. 7076 records in RAM.
INFO	2024-07-03 09:23:28	MarkDuplicates	Read    14,000,000 records.  Elapsed time: 00:00:47s.  Time for last 1,000,000:    2s.  Last read position: NC_045541.1_RagTag:137,915,253
INFO	2024-07-03 09:23:28	MarkDuplicates	Tracking 238471 as yet unmatched pairs. 6328 records in RAM.
INFO	2024-07-03 09:23:31	MarkDuplicates	Read    15,000,000 records.  Elapsed time: 00:00:50s.  Time for last 1,000,000:    3s.  Last read position: NC_045541.1_RagTag:147,908,139
INFO	2024-07-03 09:23:31	MarkDuplicates	Tracking 253253 as yet unmatched pairs. 5428 records in RAM.
INFO	2024-07-03 09:23:34	MarkDuplicates	Read    16,000,000 records.  Elapsed time: 00:00:53s.  Time for last 1,000,000:    3s.  Last read position: NC_045541.1_RagTag:158,042,646
INFO	2024-07-03 09:23:34	MarkDuplicates	Tracking 272723 as yet unmatched pairs. 3996 records in RAM.
INFO	2024-07-03 09:23:37	MarkDuplicates	Read    17,000,000 records.  Elapsed time: 00:00:56s.  Time for last 1,000,000:    3s.  Last read position: NC_045541.1_RagTag:168,958,968
INFO	2024-07-03 09:23:37	MarkDuplicates	Tracking 297100 as yet unmatched pairs. 1856 records in RAM.
INFO	2024-07-03 09:23:41	MarkDuplicates	Read    18,000,000 records.  Elapsed time: 00:01:00s.  Time for last 1,000,000:    3s.  Last read position: NC_045542.1_RagTag:2,832,081
INFO	2024-07-03 09:23:41	MarkDuplicates	Tracking 326182 as yet unmatched pairs. 29711 records in RAM.
INFO	2024-07-03 09:23:44	MarkDuplicates	Read    19,000,000 records.  Elapsed time: 00:01:03s.  Time for last 1,000,000:    3s.  Last read position: NC_045542.1_RagTag:12,676,245
INFO	2024-07-03 09:23:44	MarkDuplicates	Tracking 339518 as yet unmatched pairs. 29385 records in RAM.
INFO	2024-07-03 09:23:47	MarkDuplicates	Read    20,000,000 records.  Elapsed time: 00:01:06s.  Time for last 1,000,000:    3s.  Last read position: NC_045542.1_RagTag:22,831,538
INFO	2024-07-03 09:23:47	MarkDuplicates	Tracking 354401 as yet unmatched pairs. 29046 records in RAM.
INFO	2024-07-03 09:23:52	MarkDuplicates	Read    21,000,000 records.  Elapsed time: 00:01:11s.  Time for last 1,000,000:    4s.  Last read position: NC_045542.1_RagTag:33,030,873
INFO	2024-07-03 09:23:52	MarkDuplicates	Tracking 369855 as yet unmatched pairs. 28519 records in RAM.
INFO	2024-07-03 09:23:55	MarkDuplicates	Read    22,000,000 records.  Elapsed time: 00:01:15s.  Time for last 1,000,000:    3s.  Last read position: NC_045542.1_RagTag:43,393,062
INFO	2024-07-03 09:23:55	MarkDuplicates	Tracking 385134 as yet unmatched pairs. 27351 records in RAM.
INFO	2024-07-03 09:23:58	MarkDuplicates	Read    23,000,000 records.  Elapsed time: 00:01:18s.  Time for last 1,000,000:    2s.  Last read position: NC_045542.1_RagTag:53,309,692
INFO	2024-07-03 09:23:58	MarkDuplicates	Tracking 397379 as yet unmatched pairs. 26284 records in RAM.
INFO	2024-07-03 09:24:01	MarkDuplicates	Read    24,000,000 records.  Elapsed time: 00:01:21s.  Time for last 1,000,000:    3s.  Last read position: NC_045542.1_RagTag:63,183,964
INFO	2024-07-03 09:24:01	MarkDuplicates	Tracking 409301 as yet unmatched pairs. 25382 records in RAM.
INFO	2024-07-03 09:24:15	MarkDuplicates	Read    25,000,000 records.  Elapsed time: 00:01:35s.  Time for last 1,000,000:   13s.  Last read position: NC_045542.1_RagTag:73,327,621
INFO	2024-07-03 09:24:15	MarkDuplicates	Tracking 422001 as yet unmatched pairs. 23990 records in RAM.
INFO	2024-07-03 09:24:18	MarkDuplicates	Read    26,000,000 records.  Elapsed time: 00:01:38s.  Time for last 1,000,000:    2s.  Last read position: NC_045542.1_RagTag:83,261,307
INFO	2024-07-03 09:24:18	MarkDuplicates	Tracking 433789 as yet unmatched pairs. 22468 records in RAM.
INFO	2024-07-03 09:24:21	MarkDuplicates	Read    27,000,000 records.  Elapsed time: 00:01:41s.  Time for last 1,000,000:    3s.  Last read position: NC_045542.1_RagTag:93,350,633
INFO	2024-07-03 09:24:21	MarkDuplicates	Tracking 445730 as yet unmatched pairs. 20769 records in RAM.
INFO	2024-07-03 09:24:24	MarkDuplicates	Read    28,000,000 records.  Elapsed time: 00:01:44s.  Time for last 1,000,000:    2s.  Last read position: NC_045542.1_RagTag:103,108,910
INFO	2024-07-03 09:24:24	MarkDuplicates	Tracking 456628 as yet unmatched pairs. 18913 records in RAM.
INFO	2024-07-03 09:24:27	MarkDuplicates	Read    29,000,000 records.  Elapsed time: 00:01:47s.  Time for last 1,000,000:    3s.  Last read position: NC_045542.1_RagTag:112,974,836
INFO	2024-07-03 09:24:27	MarkDuplicates	Tracking 467903 as yet unmatched pairs. 16936 records in RAM.
INFO	2024-07-03 09:24:31	MarkDuplicates	Read    30,000,000 records.  Elapsed time: 00:01:50s.  Time for last 1,000,000:    3s.  Last read position: NC_045542.1_RagTag:122,894,938
INFO	2024-07-03 09:24:31	MarkDuplicates	Tracking 481824 as yet unmatched pairs. 14056 records in RAM.
INFO	2024-07-03 09:24:34	MarkDuplicates	Read    31,000,000 records.  Elapsed time: 00:01:53s.  Time for last 1,000,000:    2s.  Last read position: NC_045542.1_RagTag:132,334,309
INFO	2024-07-03 09:24:34	MarkDuplicates	Tracking 496341 as yet unmatched pairs. 11433 records in RAM.
INFO	2024-07-03 09:24:37	MarkDuplicates	Read    32,000,000 records.  Elapsed time: 00:01:56s.  Time for last 1,000,000:    3s.  Last read position: NC_045542.1_RagTag:142,504,385
INFO	2024-07-03 09:24:37	MarkDuplicates	Tracking 514651 as yet unmatched pairs. 7342 records in RAM.
INFO	2024-07-03 09:24:40	MarkDuplicates	Read    33,000,000 records.  Elapsed time: 00:01:59s.  Time for last 1,000,000:    3s.  Last read position: NC_045542.1_RagTag:152,443,019
INFO	2024-07-03 09:24:40	MarkDuplicates	Tracking 537122 as yet unmatched pairs. 3331 records in RAM.
INFO	2024-07-03 09:24:44	MarkDuplicates	Read    34,000,000 records.  Elapsed time: 00:02:03s.  Time for last 1,000,000:    3s.  Last read position: NC_045543.1_RagTag:3,194,204
INFO	2024-07-03 09:24:44	MarkDuplicates	Tracking 559323 as yet unmatched pairs. 39468 records in RAM.
INFO	2024-07-03 09:24:47	MarkDuplicates	Read    35,000,000 records.  Elapsed time: 00:02:06s.  Time for last 1,000,000:    3s.  Last read position: NC_045543.1_RagTag:12,984,420
INFO	2024-07-03 09:24:47	MarkDuplicates	Tracking 570606 as yet unmatched pairs. 37261 records in RAM.
INFO	2024-07-03 09:24:50	MarkDuplicates	Read    36,000,000 records.  Elapsed time: 00:02:09s.  Time for last 1,000,000:    3s.  Last read position: NC_045543.1_RagTag:23,126,119
INFO	2024-07-03 09:24:50	MarkDuplicates	Tracking 582960 as yet unmatched pairs. 34850 records in RAM.
INFO	2024-07-03 09:24:55	MarkDuplicates	Read    37,000,000 records.  Elapsed time: 00:02:14s.  Time for last 1,000,000:    5s.  Last read position: NC_045543.1_RagTag:32,993,406
INFO	2024-07-03 09:24:55	MarkDuplicates	Tracking 594951 as yet unmatched pairs. 31757 records in RAM.
INFO	2024-07-03 09:24:58	MarkDuplicates	Read    38,000,000 records.  Elapsed time: 00:02:17s.  Time for last 1,000,000:    3s.  Last read position: NC_045543.1_RagTag:43,047,452
INFO	2024-07-03 09:24:58	MarkDuplicates	Tracking 605652 as yet unmatched pairs. 28912 records in RAM.
INFO	2024-07-03 09:25:01	MarkDuplicates	Read    39,000,000 records.  Elapsed time: 00:02:20s.  Time for last 1,000,000:    2s.  Last read position: NC_045543.1_RagTag:53,068,966
INFO	2024-07-03 09:25:01	MarkDuplicates	Tracking 615746 as yet unmatched pairs. 26310 records in RAM.
INFO	2024-07-03 09:25:04	MarkDuplicates	Read    40,000,000 records.  Elapsed time: 00:02:23s.  Time for last 1,000,000:    3s.  Last read position: NC_045543.1_RagTag:63,076,916
INFO	2024-07-03 09:25:04	MarkDuplicates	Tracking 625109 as yet unmatched pairs. 23482 records in RAM.
INFO	2024-07-03 09:25:07	MarkDuplicates	Read    41,000,000 records.  Elapsed time: 00:02:26s.  Time for last 1,000,000:    2s.  Last read position: NC_045543.1_RagTag:73,058,824
INFO	2024-07-03 09:25:07	MarkDuplicates	Tracking 634209 as yet unmatched pairs. 20670 records in RAM.
INFO	2024-07-03 09:25:10	MarkDuplicates	Read    42,000,000 records.  Elapsed time: 00:02:29s.  Time for last 1,000,000:    3s.  Last read position: NC_045543.1_RagTag:83,340,941
INFO	2024-07-03 09:25:10	MarkDuplicates	Tracking 644565 as yet unmatched pairs. 16801 records in RAM.
INFO	2024-07-03 09:25:13	MarkDuplicates	Read    43,000,000 records.  Elapsed time: 00:02:32s.  Time for last 1,000,000:    3s.  Last read position: NC_045543.1_RagTag:93,430,365
INFO	2024-07-03 09:25:13	MarkDuplicates	Tracking 658036 as yet unmatched pairs. 11699 records in RAM.
INFO	2024-07-03 09:25:16	MarkDuplicates	Read    44,000,000 records.  Elapsed time: 00:02:36s.  Time for last 1,000,000:    3s.  Last read position: NC_045543.1_RagTag:103,878,491
INFO	2024-07-03 09:25:16	MarkDuplicates	Tracking 684605 as yet unmatched pairs. 3342 records in RAM.
INFO	2024-07-03 09:25:20	MarkDuplicates	Read    45,000,000 records.  Elapsed time: 00:02:40s.  Time for last 1,000,000:    4s.  Last read position: NC_045544.1_RagTag:5,640,150
INFO	2024-07-03 09:25:20	MarkDuplicates	Tracking 700637 as yet unmatched pairs. 73090 records in RAM.
INFO	2024-07-03 09:25:23	MarkDuplicates	Read    46,000,000 records.  Elapsed time: 00:02:43s.  Time for last 1,000,000:    2s.  Last read position: NC_045544.1_RagTag:15,524,992
INFO	2024-07-03 09:25:23	MarkDuplicates	Tracking 710031 as yet unmatched pairs. 70109 records in RAM.
INFO	2024-07-03 09:25:26	MarkDuplicates	Read    47,000,000 records.  Elapsed time: 00:02:46s.  Time for last 1,000,000:    3s.  Last read position: NC_045544.1_RagTag:25,511,754
INFO	2024-07-03 09:25:26	MarkDuplicates	Tracking 720016 as yet unmatched pairs. 66344 records in RAM.
INFO	2024-07-03 09:25:29	MarkDuplicates	Read    48,000,000 records.  Elapsed time: 00:02:49s.  Time for last 1,000,000:    2s.  Last read position: NC_045544.1_RagTag:35,063,090
INFO	2024-07-03 09:25:29	MarkDuplicates	Tracking 729805 as yet unmatched pairs. 62749 records in RAM.
INFO	2024-07-03 09:25:42	MarkDuplicates	Read    49,000,000 records.  Elapsed time: 00:03:02s.  Time for last 1,000,000:   12s.  Last read position: NC_045544.1_RagTag:45,067,918
INFO	2024-07-03 09:25:42	MarkDuplicates	Tracking 738955 as yet unmatched pairs. 58682 records in RAM.
INFO	2024-07-03 09:25:57	MarkDuplicates	Read    50,000,000 records.  Elapsed time: 00:03:16s.  Time for last 1,000,000:   14s.  Last read position: NC_045544.1_RagTag:55,152,887
INFO	2024-07-03 09:25:57	MarkDuplicates	Tracking 747563 as yet unmatched pairs. 54750 records in RAM.
INFO	2024-07-03 09:26:00	MarkDuplicates	Read    51,000,000 records.  Elapsed time: 00:03:19s.  Time for last 1,000,000:    2s.  Last read position: NC_045544.1_RagTag:65,237,137
INFO	2024-07-03 09:26:00	MarkDuplicates	Tracking 755498 as yet unmatched pairs. 50945 records in RAM.
INFO	2024-07-03 09:26:03	MarkDuplicates	Read    52,000,000 records.  Elapsed time: 00:03:22s.  Time for last 1,000,000:    3s.  Last read position: NC_045544.1_RagTag:75,147,727
INFO	2024-07-03 09:26:03	MarkDuplicates	Tracking 763278 as yet unmatched pairs. 46742 records in RAM.
INFO	2024-07-03 09:26:06	MarkDuplicates	Read    53,000,000 records.  Elapsed time: 00:03:25s.  Time for last 1,000,000:    2s.  Last read position: NC_045544.1_RagTag:84,970,810
INFO	2024-07-03 09:26:06	MarkDuplicates	Tracking 771618 as yet unmatched pairs. 42674 records in RAM.
INFO	2024-07-03 09:26:09	MarkDuplicates	Read    54,000,000 records.  Elapsed time: 00:03:28s.  Time for last 1,000,000:    3s.  Last read position: NC_045544.1_RagTag:94,845,311
INFO	2024-07-03 09:26:09	MarkDuplicates	Tracking 778488 as yet unmatched pairs. 38503 records in RAM.
INFO	2024-07-03 09:26:13	MarkDuplicates	Read    55,000,000 records.  Elapsed time: 00:03:32s.  Time for last 1,000,000:    3s.  Last read position: NC_045544.1_RagTag:104,628,196
INFO	2024-07-03 09:26:13	MarkDuplicates	Tracking 785256 as yet unmatched pairs. 34291 records in RAM.
INFO	2024-07-03 09:26:16	MarkDuplicates	Read    56,000,000 records.  Elapsed time: 00:03:35s.  Time for last 1,000,000:    2s.  Last read position: NC_045544.1_RagTag:114,484,482
INFO	2024-07-03 09:26:16	MarkDuplicates	Tracking 792092 as yet unmatched pairs. 30095 records in RAM.
INFO	2024-07-03 09:26:19	MarkDuplicates	Read    57,000,000 records.  Elapsed time: 00:03:38s.  Time for last 1,000,000:    3s.  Last read position: NC_045544.1_RagTag:124,547,613
INFO	2024-07-03 09:26:19	MarkDuplicates	Tracking 798380 as yet unmatched pairs. 25608 records in RAM.
INFO	2024-07-03 09:26:22	MarkDuplicates	Read    58,000,000 records.  Elapsed time: 00:03:41s.  Time for last 1,000,000:    2s.  Last read position: NC_045544.1_RagTag:134,927,531
INFO	2024-07-03 09:26:22	MarkDuplicates	Tracking 807227 as yet unmatched pairs. 19450 records in RAM.
INFO	2024-07-03 09:26:25	MarkDuplicates	Read    59,000,000 records.  Elapsed time: 00:03:44s.  Time for last 1,000,000:    3s.  Last read position: NC_045544.1_RagTag:145,118,095
INFO	2024-07-03 09:26:25	MarkDuplicates	Tracking 815608 as yet unmatched pairs. 12747 records in RAM.
INFO	2024-07-03 09:26:28	MarkDuplicates	Read    60,000,000 records.  Elapsed time: 00:03:47s.  Time for last 1,000,000:    3s.  Last read position: NC_045544.1_RagTag:156,477,446
INFO	2024-07-03 09:26:28	MarkDuplicates	Tracking 831246 as yet unmatched pairs. 2419 records in RAM.
INFO	2024-07-03 09:26:32	MarkDuplicates	Read    61,000,000 records.  Elapsed time: 00:03:51s.  Time for last 1,000,000:    3s.  Last read position: NC_045545.1_RagTag:7,344,552
INFO	2024-07-03 09:26:32	MarkDuplicates	Tracking 841946 as yet unmatched pairs. 54384 records in RAM.
INFO	2024-07-03 09:26:35	MarkDuplicates	Read    62,000,000 records.  Elapsed time: 00:03:54s.  Time for last 1,000,000:    3s.  Last read position: NC_045545.1_RagTag:17,229,721
INFO	2024-07-03 09:26:35	MarkDuplicates	Tracking 847355 as yet unmatched pairs. 49310 records in RAM.
INFO	2024-07-03 09:26:38	MarkDuplicates	Read    63,000,000 records.  Elapsed time: 00:03:57s.  Time for last 1,000,000:    2s.  Last read position: NC_045545.1_RagTag:27,184,644
INFO	2024-07-03 09:26:38	MarkDuplicates	Tracking 852872 as yet unmatched pairs. 44262 records in RAM.
INFO	2024-07-03 09:26:41	MarkDuplicates	Read    64,000,000 records.  Elapsed time: 00:04:00s.  Time for last 1,000,000:    3s.  Last read position: NC_045545.1_RagTag:37,103,735
INFO	2024-07-03 09:26:41	MarkDuplicates	Tracking 858001 as yet unmatched pairs. 39126 records in RAM.
INFO	2024-07-03 09:26:44	MarkDuplicates	Read    65,000,000 records.  Elapsed time: 00:04:03s.  Time for last 1,000,000:    2s.  Last read position: NC_045545.1_RagTag:46,936,432
INFO	2024-07-03 09:26:44	MarkDuplicates	Tracking 862530 as yet unmatched pairs. 34192 records in RAM.
INFO	2024-07-03 09:26:47	MarkDuplicates	Read    66,000,000 records.  Elapsed time: 00:04:06s.  Time for last 1,000,000:    3s.  Last read position: NC_045545.1_RagTag:56,893,235
INFO	2024-07-03 09:26:47	MarkDuplicates	Tracking 867280 as yet unmatched pairs. 29198 records in RAM.
INFO	2024-07-03 09:26:50	MarkDuplicates	Read    67,000,000 records.  Elapsed time: 00:04:09s.  Time for last 1,000,000:    3s.  Last read position: NC_045545.1_RagTag:66,820,933
INFO	2024-07-03 09:26:50	MarkDuplicates	Tracking 871840 as yet unmatched pairs. 23716 records in RAM.
INFO	2024-07-03 09:26:53	MarkDuplicates	Read    68,000,000 records.  Elapsed time: 00:04:12s.  Time for last 1,000,000:    2s.  Last read position: NC_045545.1_RagTag:76,574,629
INFO	2024-07-03 09:26:53	MarkDuplicates	Tracking 877942 as yet unmatched pairs. 16498 records in RAM.
INFO	2024-07-03 09:26:56	MarkDuplicates	Read    69,000,000 records.  Elapsed time: 00:04:15s.  Time for last 1,000,000:    3s.  Last read position: NC_045545.1_RagTag:87,648,500
INFO	2024-07-03 09:26:56	MarkDuplicates	Tracking 889484 as yet unmatched pairs. 4789 records in RAM.
INFO	2024-07-03 09:27:00	MarkDuplicates	Read    70,000,000 records.  Elapsed time: 00:04:20s.  Time for last 1,000,000:    4s.  Last read position: NC_045546.1_RagTag:7,577,157
INFO	2024-07-03 09:27:00	MarkDuplicates	Tracking 905382 as yet unmatched pairs. 72570 records in RAM.
INFO	2024-07-03 09:27:04	MarkDuplicates	Read    71,000,000 records.  Elapsed time: 00:04:23s.  Time for last 1,000,000:    3s.  Last read position: NC_045546.1_RagTag:18,240,520
INFO	2024-07-03 09:27:04	MarkDuplicates	Tracking 914403 as yet unmatched pairs. 62388 records in RAM.
INFO	2024-07-03 09:27:07	MarkDuplicates	Read    72,000,000 records.  Elapsed time: 00:04:26s.  Time for last 1,000,000:    3s.  Last read position: NC_045546.1_RagTag:28,252,367
INFO	2024-07-03 09:27:07	MarkDuplicates	Tracking 918016 as yet unmatched pairs. 55987 records in RAM.
INFO	2024-07-03 09:27:10	MarkDuplicates	Read    73,000,000 records.  Elapsed time: 00:04:29s.  Time for last 1,000,000:    2s.  Last read position: NC_045546.1_RagTag:38,251,242
INFO	2024-07-03 09:27:10	MarkDuplicates	Tracking 921813 as yet unmatched pairs. 50436 records in RAM.
INFO	2024-07-03 09:27:22	MarkDuplicates	Read    74,000,000 records.  Elapsed time: 00:04:42s.  Time for last 1,000,000:   12s.  Last read position: NC_045546.1_RagTag:48,308,002
INFO	2024-07-03 09:27:22	MarkDuplicates	Tracking 925916 as yet unmatched pairs. 44642 records in RAM.
INFO	2024-07-03 09:27:25	MarkDuplicates	Read    75,000,000 records.  Elapsed time: 00:04:45s.  Time for last 1,000,000:    2s.  Last read position: NC_045546.1_RagTag:58,122,093
INFO	2024-07-03 09:27:25	MarkDuplicates	Tracking 929752 as yet unmatched pairs. 38626 records in RAM.
INFO	2024-07-03 09:27:28	MarkDuplicates	Read    76,000,000 records.  Elapsed time: 00:04:48s.  Time for last 1,000,000:    3s.  Last read position: NC_045546.1_RagTag:68,977,797
INFO	2024-07-03 09:27:28	MarkDuplicates	Tracking 939153 as yet unmatched pairs. 29685 records in RAM.
INFO	2024-07-03 09:27:32	MarkDuplicates	Read    77,000,000 records.  Elapsed time: 00:04:51s.  Time for last 1,000,000:    3s.  Last read position: NC_045546.1_RagTag:78,841,105
INFO	2024-07-03 09:27:32	MarkDuplicates	Tracking 949209 as yet unmatched pairs. 20256 records in RAM.
INFO	2024-07-03 09:27:35	MarkDuplicates	Read    78,000,000 records.  Elapsed time: 00:04:54s.  Time for last 1,000,000:    2s.  Last read position: NC_045546.1_RagTag:88,567,696
INFO	2024-07-03 09:27:35	MarkDuplicates	Tracking 954233 as yet unmatched pairs. 12095 records in RAM.
INFO	2024-07-03 09:27:38	MarkDuplicates	Read    79,000,000 records.  Elapsed time: 00:04:57s.  Time for last 1,000,000:    3s.  Last read position: NC_045546.1_RagTag:98,439,917
INFO	2024-07-03 09:27:38	MarkDuplicates	Tracking 957215 as yet unmatched pairs. 4534 records in RAM.
INFO	2024-07-03 09:27:42	MarkDuplicates	Read    80,000,000 records.  Elapsed time: 00:05:01s.  Time for last 1,000,000:    4s.  Last read position: NC_045547.1_RagTag:6,215,682
INFO	2024-07-03 09:27:42	MarkDuplicates	Tracking 964245 as yet unmatched pairs. 86538 records in RAM.
INFO	2024-07-03 09:27:45	MarkDuplicates	Read    81,000,000 records.  Elapsed time: 00:05:04s.  Time for last 1,000,000:    3s.  Last read position: NC_045547.1_RagTag:16,799,482
INFO	2024-07-03 09:27:45	MarkDuplicates	Tracking 970200 as yet unmatched pairs. 75239 records in RAM.
INFO	2024-07-03 09:27:48	MarkDuplicates	Read    82,000,000 records.  Elapsed time: 00:05:08s.  Time for last 1,000,000:    3s.  Last read position: NC_045547.1_RagTag:26,776,447
INFO	2024-07-03 09:27:48	MarkDuplicates	Tracking 972762 as yet unmatched pairs. 66893 records in RAM.
INFO	2024-07-03 09:27:51	MarkDuplicates	Read    83,000,000 records.  Elapsed time: 00:05:11s.  Time for last 1,000,000:    2s.  Last read position: NC_045547.1_RagTag:36,498,367
INFO	2024-07-03 09:27:51	MarkDuplicates	Tracking 974450 as yet unmatched pairs. 60240 records in RAM.
INFO	2024-07-03 09:27:54	MarkDuplicates	Read    84,000,000 records.  Elapsed time: 00:05:14s.  Time for last 1,000,000:    3s.  Last read position: NC_045547.1_RagTag:46,437,206
INFO	2024-07-03 09:27:54	MarkDuplicates	Tracking 976522 as yet unmatched pairs. 52996 records in RAM.
INFO	2024-07-03 09:27:59	MarkDuplicates	Read    85,000,000 records.  Elapsed time: 00:05:19s.  Time for last 1,000,000:    4s.  Last read position: NC_045547.1_RagTag:56,762,590
INFO	2024-07-03 09:27:59	MarkDuplicates	Tracking 980626 as yet unmatched pairs. 42579 records in RAM.
INFO	2024-07-03 09:28:02	MarkDuplicates	Read    86,000,000 records.  Elapsed time: 00:05:22s.  Time for last 1,000,000:    3s.  Last read position: NC_045547.1_RagTag:66,631,955
INFO	2024-07-03 09:28:02	MarkDuplicates	Tracking 985289 as yet unmatched pairs. 30343 records in RAM.
INFO	2024-07-03 09:28:05	MarkDuplicates	Read    87,000,000 records.  Elapsed time: 00:05:25s.  Time for last 1,000,000:    2s.  Last read position: NC_045547.1_RagTag:76,628,508
INFO	2024-07-03 09:28:05	MarkDuplicates	Tracking 986835 as yet unmatched pairs. 20365 records in RAM.
INFO	2024-07-03 09:28:09	MarkDuplicates	Read    88,000,000 records.  Elapsed time: 00:05:28s.  Time for last 1,000,000:    3s.  Last read position: NC_045547.1_RagTag:87,544,464
INFO	2024-07-03 09:28:09	MarkDuplicates	Tracking 991943 as yet unmatched pairs. 5601 records in RAM.
INFO	2024-07-03 09:28:13	MarkDuplicates	Read    89,000,000 records.  Elapsed time: 00:05:32s.  Time for last 1,000,000:    4s.  Last read position: NC_045548.1_RagTag:5,974,974
INFO	2024-07-03 09:28:13	MarkDuplicates	Tracking 996109 as yet unmatched pairs. 68007 records in RAM.
INFO	2024-07-03 09:28:16	MarkDuplicates	Read    90,000,000 records.  Elapsed time: 00:05:35s.  Time for last 1,000,000:    2s.  Last read position: NC_045548.1_RagTag:15,683,564
INFO	2024-07-03 09:28:16	MarkDuplicates	Tracking 996276 as yet unmatched pairs. 60208 records in RAM.
INFO	2024-07-03 09:28:19	MarkDuplicates	Read    91,000,000 records.  Elapsed time: 00:05:38s.  Time for last 1,000,000:    3s.  Last read position: NC_045548.1_RagTag:25,410,247
INFO	2024-07-03 09:28:19	MarkDuplicates	Tracking 996295 as yet unmatched pairs. 52881 records in RAM.
INFO	2024-07-03 09:28:22	MarkDuplicates	Read    92,000,000 records.  Elapsed time: 00:05:41s.  Time for last 1,000,000:    2s.  Last read position: NC_045548.1_RagTag:35,380,219
INFO	2024-07-03 09:28:22	MarkDuplicates	Tracking 996171 as yet unmatched pairs. 45267 records in RAM.
INFO	2024-07-03 09:28:25	MarkDuplicates	Read    93,000,000 records.  Elapsed time: 00:05:44s.  Time for last 1,000,000:    3s.  Last read position: NC_045548.1_RagTag:45,452,938
INFO	2024-07-03 09:28:25	MarkDuplicates	Tracking 995905 as yet unmatched pairs. 37544 records in RAM.
INFO	2024-07-03 09:28:28	MarkDuplicates	Read    94,000,000 records.  Elapsed time: 00:05:47s.  Time for last 1,000,000:    2s.  Last read position: NC_045548.1_RagTag:55,673,535
INFO	2024-07-03 09:28:28	MarkDuplicates	Tracking 995670 as yet unmatched pairs. 27908 records in RAM.
INFO	2024-07-03 09:28:31	MarkDuplicates	Read    95,000,000 records.  Elapsed time: 00:05:50s.  Time for last 1,000,000:    3s.  Last read position: NC_045548.1_RagTag:66,626,690
INFO	2024-07-03 09:28:31	MarkDuplicates	Tracking 996990 as yet unmatched pairs. 10820 records in RAM.
INFO	2024-07-03 09:28:36	MarkDuplicates	Read    96,000,000 records.  Elapsed time: 00:05:55s.  Time for last 1,000,000:    5s.  Last read position: NC_045549.1_RagTag:5,012,442
INFO	2024-07-03 09:28:36	MarkDuplicates	Tracking 1001200 as yet unmatched pairs. 156588 records in RAM.
INFO	2024-07-03 09:28:39	MarkDuplicates	Read    97,000,000 records.  Elapsed time: 00:05:59s.  Time for last 1,000,000:    3s.  Last read position: NC_045549.1_RagTag:15,327,787
INFO	2024-07-03 09:28:39	MarkDuplicates	Tracking 1002467 as yet unmatched pairs. 142589 records in RAM.
INFO	2024-07-03 09:28:52	MarkDuplicates	Read    98,000,000 records.  Elapsed time: 00:06:11s.  Time for last 1,000,000:   12s.  Last read position: NC_045549.1_RagTag:25,430,858
INFO	2024-07-03 09:28:52	MarkDuplicates	Tracking 1001298 as yet unmatched pairs. 133132 records in RAM.
INFO	2024-07-03 09:29:07	MarkDuplicates	Read    99,000,000 records.  Elapsed time: 00:06:26s.  Time for last 1,000,000:   14s.  Last read position: NC_045549.1_RagTag:35,543,585
INFO	2024-07-03 09:29:07	MarkDuplicates	Tracking 1000040 as yet unmatched pairs. 125185 records in RAM.
INFO	2024-07-03 09:29:10	MarkDuplicates	Read   100,000,000 records.  Elapsed time: 00:06:29s.  Time for last 1,000,000:    3s.  Last read position: NC_045549.1_RagTag:45,454,059
INFO	2024-07-03 09:29:10	MarkDuplicates	Tracking 998586 as yet unmatched pairs. 117459 records in RAM.
INFO	2024-07-03 09:29:13	MarkDuplicates	Read   101,000,000 records.  Elapsed time: 00:06:32s.  Time for last 1,000,000:    3s.  Last read position: NC_045549.1_RagTag:55,885,696
INFO	2024-07-03 09:29:13	MarkDuplicates	Tracking 997864 as yet unmatched pairs. 106284 records in RAM.
INFO	2024-07-03 09:29:16	MarkDuplicates	Read   102,000,000 records.  Elapsed time: 00:06:35s.  Time for last 1,000,000:    3s.  Last read position: NC_045549.1_RagTag:66,615,866
INFO	2024-07-03 09:29:16	MarkDuplicates	Tracking 997328 as yet unmatched pairs. 93683 records in RAM.
INFO	2024-07-03 09:29:19	MarkDuplicates	Read   103,000,000 records.  Elapsed time: 00:06:38s.  Time for last 1,000,000:    3s.  Last read position: NC_045549.1_RagTag:76,609,037
INFO	2024-07-03 09:29:19	MarkDuplicates	Tracking 995121 as yet unmatched pairs. 83959 records in RAM.
INFO	2024-07-03 09:29:23	MarkDuplicates	Read   104,000,000 records.  Elapsed time: 00:06:42s.  Time for last 1,000,000:    3s.  Last read position: NC_045549.1_RagTag:86,543,850
INFO	2024-07-03 09:29:23	MarkDuplicates	Tracking 992850 as yet unmatched pairs. 74118 records in RAM.
INFO	2024-07-03 09:29:26	MarkDuplicates	Read   105,000,000 records.  Elapsed time: 00:06:45s.  Time for last 1,000,000:    3s.  Last read position: NC_045549.1_RagTag:97,203,494
INFO	2024-07-03 09:29:26	MarkDuplicates	Tracking 990099 as yet unmatched pairs. 58431 records in RAM.
INFO	2024-07-03 09:29:29	MarkDuplicates	Read   106,000,000 records.  Elapsed time: 00:06:49s.  Time for last 1,000,000:    3s.  Last read position: NC_045549.1_RagTag:108,189,338
INFO	2024-07-03 09:29:29	MarkDuplicates	Tracking 988205 as yet unmatched pairs. 38991 records in RAM.
INFO	2024-07-03 09:29:32	MarkDuplicates	Read   107,000,000 records.  Elapsed time: 00:06:52s.  Time for last 1,000,000:    3s.  Last read position: NC_045549.1_RagTag:118,367,654
INFO	2024-07-03 09:29:32	MarkDuplicates	Tracking 985233 as yet unmatched pairs. 25375 records in RAM.
INFO	2024-07-03 09:29:36	MarkDuplicates	Read   108,000,000 records.  Elapsed time: 00:06:55s.  Time for last 1,000,000:    3s.  Last read position: NC_045549.1_RagTag:130,178,249
INFO	2024-07-03 09:29:36	MarkDuplicates	Tracking 981600 as yet unmatched pairs. 3117 records in RAM.
INFO	2024-07-03 09:29:40	MarkDuplicates	Read   109,000,000 records.  Elapsed time: 00:06:59s.  Time for last 1,000,000:    4s.  Last read position: NC_045550.1_RagTag:7,949,734
INFO	2024-07-03 09:29:40	MarkDuplicates	Tracking 978792 as yet unmatched pairs. 70021 records in RAM.
INFO	2024-07-03 09:29:43	MarkDuplicates	Read   110,000,000 records.  Elapsed time: 00:07:02s.  Time for last 1,000,000:    2s.  Last read position: NC_045550.1_RagTag:17,629,603
INFO	2024-07-03 09:29:43	MarkDuplicates	Tracking 975367 as yet unmatched pairs. 61673 records in RAM.
INFO	2024-07-03 09:29:46	MarkDuplicates	Read   111,000,000 records.  Elapsed time: 00:07:05s.  Time for last 1,000,000:    3s.  Last read position: NC_045550.1_RagTag:27,775,218
INFO	2024-07-03 09:29:46	MarkDuplicates	Tracking 972340 as yet unmatched pairs. 53874 records in RAM.
INFO	2024-07-03 09:29:49	MarkDuplicates	Read   112,000,000 records.  Elapsed time: 00:07:08s.  Time for last 1,000,000:    2s.  Last read position: NC_045550.1_RagTag:37,733,170
INFO	2024-07-03 09:29:49	MarkDuplicates	Tracking 969137 as yet unmatched pairs. 45838 records in RAM.
INFO	2024-07-03 09:29:52	MarkDuplicates	Read   113,000,000 records.  Elapsed time: 00:07:11s.  Time for last 1,000,000:    3s.  Last read position: NC_045550.1_RagTag:47,269,956
INFO	2024-07-03 09:29:52	MarkDuplicates	Tracking 965076 as yet unmatched pairs. 36009 records in RAM.
INFO	2024-07-03 09:29:55	MarkDuplicates	Read   114,000,000 records.  Elapsed time: 00:07:14s.  Time for last 1,000,000:    2s.  Last read position: NC_045550.1_RagTag:57,411,864
INFO	2024-07-03 09:29:55	MarkDuplicates	Tracking 959377 as yet unmatched pairs. 21846 records in RAM.
INFO	2024-07-03 09:29:58	MarkDuplicates	Read   115,000,000 records.  Elapsed time: 00:07:18s.  Time for last 1,000,000:    3s.  Last read position: NC_045551.1_RagTag:2,664
INFO	2024-07-03 09:29:58	MarkDuplicates	Tracking 953327 as yet unmatched pairs. 37689 records in RAM.
INFO	2024-07-03 09:30:01	MarkDuplicates	Read   116,000,000 records.  Elapsed time: 00:07:21s.  Time for last 1,000,000:    2s.  Last read position: NC_045551.1_RagTag:9,821,984
INFO	2024-07-03 09:30:01	MarkDuplicates	Tracking 948791 as yet unmatched pairs. 26255 records in RAM.
INFO	2024-07-03 09:30:05	MarkDuplicates	Read   117,000,000 records.  Elapsed time: 00:07:24s.  Time for last 1,000,000:    3s.  Last read position: NC_045551.1_RagTag:19,907,979
INFO	2024-07-03 09:30:05	MarkDuplicates	Tracking 943799 as yet unmatched pairs. 11481 records in RAM.
INFO	2024-07-03 09:30:09	MarkDuplicates	Read   118,000,000 records.  Elapsed time: 00:07:28s.  Time for last 1,000,000:    4s.  Last read position: NC_045552.1_RagTag:5,513,444
INFO	2024-07-03 09:30:09	MarkDuplicates	Tracking 938755 as yet unmatched pairs. 90286 records in RAM.
INFO	2024-07-03 09:30:12	MarkDuplicates	Read   119,000,000 records.  Elapsed time: 00:07:31s.  Time for last 1,000,000:    3s.  Last read position: NC_045552.1_RagTag:16,199,259
INFO	2024-07-03 09:30:12	MarkDuplicates	Tracking 931602 as yet unmatched pairs. 72726 records in RAM.
INFO	2024-07-03 09:30:15	MarkDuplicates	Read   120,000,000 records.  Elapsed time: 00:07:35s.  Time for last 1,000,000:    3s.  Last read position: NC_045552.1_RagTag:27,047,022
INFO	2024-07-03 09:30:15	MarkDuplicates	Tracking 923910 as yet unmatched pairs. 54373 records in RAM.
INFO	2024-07-03 09:30:18	MarkDuplicates	Read   121,000,000 records.  Elapsed time: 00:07:38s.  Time for last 1,000,000:    3s.  Last read position: NC_045552.1_RagTag:38,146,447
INFO	2024-07-03 09:30:18	MarkDuplicates	Tracking 916161 as yet unmatched pairs. 36906 records in RAM.
INFO	2024-07-03 09:30:22	MarkDuplicates	Read   122,000,000 records.  Elapsed time: 00:07:41s.  Time for last 1,000,000:    3s.  Last read position: NC_045552.1_RagTag:48,607,281
INFO	2024-07-03 09:30:22	MarkDuplicates	Tracking 907673 as yet unmatched pairs. 16347 records in RAM.
INFO	2024-07-03 09:30:35	MarkDuplicates	Read   123,000,000 records.  Elapsed time: 00:07:55s.  Time for last 1,000,000:   13s.  Last read position: NC_045553.1_RagTag:2,493,501
INFO	2024-07-03 09:30:35	MarkDuplicates	Tracking 900947 as yet unmatched pairs. 91441 records in RAM.
INFO	2024-07-03 09:30:39	MarkDuplicates	Read   124,000,000 records.  Elapsed time: 00:07:58s.  Time for last 1,000,000:    3s.  Last read position: NC_045553.1_RagTag:14,588,550
INFO	2024-07-03 09:30:39	MarkDuplicates	Tracking 892684 as yet unmatched pairs. 67135 records in RAM.
INFO	2024-07-03 09:30:42	MarkDuplicates	Read   125,000,000 records.  Elapsed time: 00:08:01s.  Time for last 1,000,000:    3s.  Last read position: NC_045553.1_RagTag:26,179,115
INFO	2024-07-03 09:30:42	MarkDuplicates	Tracking 882982 as yet unmatched pairs. 45530 records in RAM.
INFO	2024-07-03 09:30:45	MarkDuplicates	Read   126,000,000 records.  Elapsed time: 00:08:04s.  Time for last 1,000,000:    3s.  Last read position: NC_045553.1_RagTag:36,570,310
INFO	2024-07-03 09:30:45	MarkDuplicates	Tracking 874069 as yet unmatched pairs. 28477 records in RAM.
INFO	2024-07-03 09:30:48	MarkDuplicates	Read   127,000,000 records.  Elapsed time: 00:08:07s.  Time for last 1,000,000:    3s.  Last read position: NC_045553.1_RagTag:47,747,619
INFO	2024-07-03 09:30:48	MarkDuplicates	Tracking 862236 as yet unmatched pairs. 2288 records in RAM.
INFO	2024-07-03 09:30:53	MarkDuplicates	Read   128,000,000 records.  Elapsed time: 00:08:12s.  Time for last 1,000,000:    4s.  Last read position: NC_045554.1_RagTag:9,587,549
INFO	2024-07-03 09:30:53	MarkDuplicates	Tracking 852143 as yet unmatched pairs. 80450 records in RAM.
INFO	2024-07-03 09:30:56	MarkDuplicates	Read   129,000,000 records.  Elapsed time: 00:08:15s.  Time for last 1,000,000:    3s.  Last read position: NC_045554.1_RagTag:20,459,113
INFO	2024-07-03 09:30:56	MarkDuplicates	Tracking 837703 as yet unmatched pairs. 55753 records in RAM.
INFO	2024-07-03 09:30:59	MarkDuplicates	Read   130,000,000 records.  Elapsed time: 00:08:18s.  Time for last 1,000,000:    3s.  Last read position: NC_045554.1_RagTag:31,499,221
INFO	2024-07-03 09:30:59	MarkDuplicates	Tracking 824108 as yet unmatched pairs. 33349 records in RAM.
INFO	2024-07-03 09:31:02	MarkDuplicates	Read   131,000,000 records.  Elapsed time: 00:08:21s.  Time for last 1,000,000:    3s.  Last read position: NC_045554.1_RagTag:41,891,150
INFO	2024-07-03 09:31:02	MarkDuplicates	Tracking 810094 as yet unmatched pairs. 11436 records in RAM.
INFO	2024-07-03 09:31:06	MarkDuplicates	Read   132,000,000 records.  Elapsed time: 00:08:25s.  Time for last 1,000,000:    4s.  Last read position: NC_045555.1_RagTag:4,648,672
INFO	2024-07-03 09:31:06	MarkDuplicates	Tracking 798531 as yet unmatched pairs. 81547 records in RAM.
INFO	2024-07-03 09:31:09	MarkDuplicates	Read   133,000,000 records.  Elapsed time: 00:08:29s.  Time for last 1,000,000:    3s.  Last read position: NC_045555.1_RagTag:15,394,163
INFO	2024-07-03 09:31:09	MarkDuplicates	Tracking 785291 as yet unmatched pairs. 61014 records in RAM.
INFO	2024-07-03 09:31:12	MarkDuplicates	Read   134,000,000 records.  Elapsed time: 00:08:32s.  Time for last 1,000,000:    3s.  Last read position: NC_045555.1_RagTag:25,791,582
INFO	2024-07-03 09:31:12	MarkDuplicates	Tracking 770444 as yet unmatched pairs. 39267 records in RAM.
INFO	2024-07-03 09:31:18	MarkDuplicates	Read   135,000,000 records.  Elapsed time: 00:08:37s.  Time for last 1,000,000:    5s.  Last read position: NC_045555.1_RagTag:36,476,108
INFO	2024-07-03 09:31:18	MarkDuplicates	Tracking 755233 as yet unmatched pairs. 16337 records in RAM.
INFO	2024-07-03 09:31:22	MarkDuplicates	Read   136,000,000 records.  Elapsed time: 00:08:41s.  Time for last 1,000,000:    4s.  Last read position: NC_045556.1_RagTag:1,497,432
INFO	2024-07-03 09:31:22	MarkDuplicates	Tracking 750097 as yet unmatched pairs. 81400 records in RAM.
INFO	2024-07-03 09:31:25	MarkDuplicates	Read   137,000,000 records.  Elapsed time: 00:08:44s.  Time for last 1,000,000:    3s.  Last read position: NC_045556.1_RagTag:12,529,097
INFO	2024-07-03 09:31:25	MarkDuplicates	Tracking 732878 as yet unmatched pairs. 57922 records in RAM.
INFO	2024-07-03 09:31:28	MarkDuplicates	Read   138,000,000 records.  Elapsed time: 00:08:47s.  Time for last 1,000,000:    3s.  Last read position: NC_045556.1_RagTag:23,307,026
INFO	2024-07-03 09:31:28	MarkDuplicates	Tracking 715420 as yet unmatched pairs. 32719 records in RAM.
INFO	2024-07-03 09:31:31	MarkDuplicates	Read   139,000,000 records.  Elapsed time: 00:08:50s.  Time for last 1,000,000:    3s.  Last read position: NC_045556.1_RagTag:34,219,144
INFO	2024-07-03 09:31:31	MarkDuplicates	Tracking 703334 as yet unmatched pairs. 5011 records in RAM.
INFO	2024-07-03 09:31:35	MarkDuplicates	Read   140,000,000 records.  Elapsed time: 00:08:54s.  Time for last 1,000,000:    3s.  Last read position: NC_045557.1_RagTag:8,816,658
INFO	2024-07-03 09:31:35	MarkDuplicates	Tracking 694452 as yet unmatched pairs. 11769 records in RAM.
INFO	2024-07-03 09:31:41	MarkDuplicates	Read   141,000,000 records.  Elapsed time: 00:09:00s.  Time for last 1,000,000:    6s.  Last read position: NC_045558.1_RagTag:8,043,990
INFO	2024-07-03 09:31:41	MarkDuplicates	Tracking 674936 as yet unmatched pairs. 235575 records in RAM.
INFO	2024-07-03 09:31:44	MarkDuplicates	Read   142,000,000 records.  Elapsed time: 00:09:04s.  Time for last 1,000,000:    3s.  Last read position: NC_045558.1_RagTag:18,280,410
INFO	2024-07-03 09:31:44	MarkDuplicates	Tracking 661120 as yet unmatched pairs. 219396 records in RAM.
INFO	2024-07-03 09:31:47	MarkDuplicates	Read   143,000,000 records.  Elapsed time: 00:09:07s.  Time for last 1,000,000:    3s.  Last read position: NC_045558.1_RagTag:28,498,073
INFO	2024-07-03 09:31:47	MarkDuplicates	Tracking 650920 as yet unmatched pairs. 207258 records in RAM.
INFO	2024-07-03 09:31:50	MarkDuplicates	Read   144,000,000 records.  Elapsed time: 00:09:10s.  Time for last 1,000,000:    3s.  Last read position: NC_045558.1_RagTag:38,590,427
INFO	2024-07-03 09:31:50	MarkDuplicates	Tracking 640113 as yet unmatched pairs. 194001 records in RAM.
INFO	2024-07-03 09:31:53	MarkDuplicates	Read   145,000,000 records.  Elapsed time: 00:09:13s.  Time for last 1,000,000:    3s.  Last read position: NC_045558.1_RagTag:48,398,435
INFO	2024-07-03 09:31:53	MarkDuplicates	Tracking 629046 as yet unmatched pairs. 180198 records in RAM.
INFO	2024-07-03 09:31:57	MarkDuplicates	Read   146,000,000 records.  Elapsed time: 00:09:16s.  Time for last 1,000,000:    3s.  Last read position: NC_045558.1_RagTag:58,700,911
INFO	2024-07-03 09:31:57	MarkDuplicates	Tracking 618488 as yet unmatched pairs. 165939 records in RAM.
INFO	2024-07-03 09:32:00	MarkDuplicates	Read   147,000,000 records.  Elapsed time: 00:09:19s.  Time for last 1,000,000:    3s.  Last read position: NC_045558.1_RagTag:69,469,421
INFO	2024-07-03 09:32:00	MarkDuplicates	Tracking 598471 as yet unmatched pairs. 140706 records in RAM.
INFO	2024-07-03 09:32:25	MarkDuplicates	Read   148,000,000 records.  Elapsed time: 00:09:44s.  Time for last 1,000,000:   24s.  Last read position: NC_045558.1_RagTag:80,228,941
INFO	2024-07-03 09:32:25	MarkDuplicates	Tracking 581064 as yet unmatched pairs. 118814 records in RAM.
INFO	2024-07-03 09:32:28	MarkDuplicates	Read   149,000,000 records.  Elapsed time: 00:09:47s.  Time for last 1,000,000:    3s.  Last read position: NC_045558.1_RagTag:90,766,731
INFO	2024-07-03 09:32:28	MarkDuplicates	Tracking 566319 as yet unmatched pairs. 100771 records in RAM.
INFO	2024-07-03 09:32:31	MarkDuplicates	Read   150,000,000 records.  Elapsed time: 00:09:50s.  Time for last 1,000,000:    2s.  Last read position: NC_045558.1_RagTag:100,751,167
INFO	2024-07-03 09:32:31	MarkDuplicates	Tracking 554430 as yet unmatched pairs. 86180 records in RAM.
INFO	2024-07-03 09:32:34	MarkDuplicates	Read   151,000,000 records.  Elapsed time: 00:09:53s.  Time for last 1,000,000:    3s.  Last read position: NC_045558.1_RagTag:110,962,610
INFO	2024-07-03 09:32:34	MarkDuplicates	Tracking 543310 as yet unmatched pairs. 73325 records in RAM.
INFO	2024-07-03 09:32:37	MarkDuplicates	Read   152,000,000 records.  Elapsed time: 00:09:56s.  Time for last 1,000,000:    2s.  Last read position: NC_045558.1_RagTag:121,459,722
INFO	2024-07-03 09:32:37	MarkDuplicates	Tracking 531514 as yet unmatched pairs. 59041 records in RAM.
INFO	2024-07-03 09:32:40	MarkDuplicates	Read   153,000,000 records.  Elapsed time: 00:09:59s.  Time for last 1,000,000:    3s.  Last read position: NC_045558.1_RagTag:131,605,159
INFO	2024-07-03 09:32:40	MarkDuplicates	Tracking 508131 as yet unmatched pairs. 32060 records in RAM.
INFO	2024-07-03 09:32:44	MarkDuplicates	Read   154,000,000 records.  Elapsed time: 00:10:04s.  Time for last 1,000,000:    4s.  Last read position: NC_045558.1_RagTag:141,321,762
INFO	2024-07-03 09:32:44	MarkDuplicates	Tracking 493021 as yet unmatched pairs. 9229 records in RAM.
INFO	2024-07-03 09:32:48	MarkDuplicates	Read   155,000,000 records.  Elapsed time: 00:10:07s.  Time for last 1,000,000:    3s.  Last read position: NW_022473918.1_RagTag:114,389
INFO	2024-07-03 09:32:48	MarkDuplicates	Tracking 473090 as yet unmatched pairs. 16 records in RAM.
INFO	2024-07-03 09:32:57	MarkDuplicates	Read   156,000,000 records.  Elapsed time: 00:10:17s.  Time for last 1,000,000:    9s.  Last read position: Chr0_RagTag:11,466,303
INFO	2024-07-03 09:32:57	MarkDuplicates	Tracking 453692 as yet unmatched pairs. 453692 records in RAM.
INFO	2024-07-03 09:33:00	MarkDuplicates	Read   157,000,000 records.  Elapsed time: 00:10:20s.  Time for last 1,000,000:    2s.  Last read position: Chr0_RagTag:14,155,170
INFO	2024-07-03 09:33:00	MarkDuplicates	Tracking 445816 as yet unmatched pairs. 445816 records in RAM.
INFO	2024-07-03 09:33:04	MarkDuplicates	Read   158,000,000 records.  Elapsed time: 00:10:23s.  Time for last 1,000,000:    3s.  Last read position: Chr0_RagTag:22,853,004
INFO	2024-07-03 09:33:04	MarkDuplicates	Tracking 425802 as yet unmatched pairs. 425802 records in RAM.
INFO	2024-07-03 09:33:07	MarkDuplicates	Read   159,000,000 records.  Elapsed time: 00:10:26s.  Time for last 1,000,000:    3s.  Last read position: Chr0_RagTag:30,595,657
INFO	2024-07-03 09:33:07	MarkDuplicates	Tracking 404536 as yet unmatched pairs. 404536 records in RAM.
INFO	2024-07-03 09:33:10	MarkDuplicates	Read   160,000,000 records.  Elapsed time: 00:10:30s.  Time for last 1,000,000:    3s.  Last read position: Chr0_RagTag:39,466,083
INFO	2024-07-03 09:33:10	MarkDuplicates	Tracking 383557 as yet unmatched pairs. 383557 records in RAM.
INFO	2024-07-03 09:33:14	MarkDuplicates	Read   161,000,000 records.  Elapsed time: 00:10:33s.  Time for last 1,000,000:    3s.  Last read position: Chr0_RagTag:48,154,340
INFO	2024-07-03 09:33:14	MarkDuplicates	Tracking 360484 as yet unmatched pairs. 360484 records in RAM.
INFO	2024-07-03 09:33:17	MarkDuplicates	Read   162,000,000 records.  Elapsed time: 00:10:36s.  Time for last 1,000,000:    3s.  Last read position: Chr0_RagTag:55,690,940
INFO	2024-07-03 09:33:17	MarkDuplicates	Tracking 337865 as yet unmatched pairs. 337865 records in RAM.
INFO	2024-07-03 09:33:20	MarkDuplicates	Read   163,000,000 records.  Elapsed time: 00:10:39s.  Time for last 1,000,000:    3s.  Last read position: Chr0_RagTag:64,020,553
INFO	2024-07-03 09:33:20	MarkDuplicates	Tracking 312094 as yet unmatched pairs. 312094 records in RAM.
INFO	2024-07-03 09:33:23	MarkDuplicates	Read   164,000,000 records.  Elapsed time: 00:10:43s.  Time for last 1,000,000:    3s.  Last read position: Chr0_RagTag:71,930,549
INFO	2024-07-03 09:33:23	MarkDuplicates	Tracking 284762 as yet unmatched pairs. 284762 records in RAM.
INFO	2024-07-03 09:33:27	MarkDuplicates	Read   165,000,000 records.  Elapsed time: 00:10:46s.  Time for last 1,000,000:    3s.  Last read position: Chr0_RagTag:81,987,258
INFO	2024-07-03 09:33:27	MarkDuplicates	Tracking 249442 as yet unmatched pairs. 249442 records in RAM.
INFO	2024-07-03 09:33:30	MarkDuplicates	Read   166,000,000 records.  Elapsed time: 00:10:49s.  Time for last 1,000,000:    3s.  Last read position: Chr0_RagTag:90,422,455
INFO	2024-07-03 09:33:30	MarkDuplicates	Tracking 215416 as yet unmatched pairs. 215416 records in RAM.
INFO	2024-07-03 09:33:34	MarkDuplicates	Read   167,000,000 records.  Elapsed time: 00:10:53s.  Time for last 1,000,000:    3s.  Last read position: Chr0_RagTag:100,966,360
INFO	2024-07-03 09:33:34	MarkDuplicates	Tracking 174344 as yet unmatched pairs. 174344 records in RAM.
INFO	2024-07-03 09:33:37	MarkDuplicates	Read   168,000,000 records.  Elapsed time: 00:10:56s.  Time for last 1,000,000:    3s.  Last read position: Chr0_RagTag:110,968,868
INFO	2024-07-03 09:33:37	MarkDuplicates	Tracking 132465 as yet unmatched pairs. 132465 records in RAM.
INFO	2024-07-03 09:33:40	MarkDuplicates	Read   169,000,000 records.  Elapsed time: 00:11:00s.  Time for last 1,000,000:    3s.  Last read position: Chr0_RagTag:120,650,787
INFO	2024-07-03 09:33:40	MarkDuplicates	Tracking 88638 as yet unmatched pairs. 88638 records in RAM.
INFO	2024-07-03 09:33:44	MarkDuplicates	Read   170,000,000 records.  Elapsed time: 00:11:03s.  Time for last 1,000,000:    3s.  Last read position: Chr0_RagTag:129,082,002
INFO	2024-07-03 09:33:44	MarkDuplicates	Tracking 43698 as yet unmatched pairs. 43698 records in RAM.
INFO	2024-07-03 09:33:46	MarkDuplicates	Read 170720047 records. 0 pairs never matched.
INFO	2024-07-03 09:34:03	MarkDuplicates	After buildSortedReadEndLists freeMemory: 5061544552; totalMemory: 5295624192; maxMemory: 6487212032
INFO	2024-07-03 09:34:03	MarkDuplicates	Will retain up to 202725376 duplicate indices before spilling to disk.
INFO	2024-07-03 09:34:03	MarkDuplicates	Traversing read pair information and detecting duplicates.
INFO	2024-07-03 09:34:34	MarkDuplicates	Traversing fragment information and detecting duplicates.
INFO	2024-07-03 09:35:13	MarkDuplicates	Sorting list of duplicate records.
INFO	2024-07-03 09:35:14	MarkDuplicates	After generateDuplicateIndexes freeMemory: 3638867952; totalMemory: 5295624192; maxMemory: 6487212032
INFO	2024-07-03 09:35:14	MarkDuplicates	Marking 14659719 records as duplicates.
INFO	2024-07-03 09:35:14	MarkDuplicates	Found 320903 optical duplicate clusters.
INFO	2024-07-03 09:35:14	MarkDuplicates	Reads are assumed to be ordered by: coordinate
INFO	2024-07-03 09:37:19	MarkDuplicates	Written    10,000,000 records.  Elapsed time: 00:02:04s.  Time for last 10,000,000:  124s.  Last read position: NC_045541.1_RagTag:107,498,099
INFO	2024-07-03 09:39:24	MarkDuplicates	Written    20,000,000 records.  Elapsed time: 00:04:09s.  Time for last 10,000,000:  125s.  Last read position: NC_045542.1_RagTag:41,815,197
INFO	2024-07-03 09:41:28	MarkDuplicates	Written    30,000,000 records.  Elapsed time: 00:06:14s.  Time for last 10,000,000:  124s.  Last read position: NC_045542.1_RagTag:150,130,959
INFO	2024-07-03 09:43:34	MarkDuplicates	Written    40,000,000 records.  Elapsed time: 00:08:19s.  Time for last 10,000,000:  125s.  Last read position: NC_045543.1_RagTag:100,473,887
INFO	2024-07-03 09:45:38	MarkDuplicates	Written    50,000,000 records.  Elapsed time: 00:10:24s.  Time for last 10,000,000:  124s.  Last read position: NC_045544.1_RagTag:100,771,512
INFO	2024-07-03 09:47:43	MarkDuplicates	Written    60,000,000 records.  Elapsed time: 00:12:29s.  Time for last 10,000,000:  124s.  Last read position: NC_045545.1_RagTag:52,202,138
INFO	2024-07-03 09:49:50	MarkDuplicates	Written    70,000,000 records.  Elapsed time: 00:14:35s.  Time for last 10,000,000:  126s.  Last read position: NC_045546.1_RagTag:73,282,603
INFO	2024-07-03 09:51:56	MarkDuplicates	Written    80,000,000 records.  Elapsed time: 00:16:41s.  Time for last 10,000,000:  125s.  Last read position: NC_045547.1_RagTag:80,075,626
INFO	2024-07-03 09:54:03	MarkDuplicates	Written    90,000,000 records.  Elapsed time: 00:18:48s.  Time for last 10,000,000:  126s.  Last read position: NC_045549.1_RagTag:27,781,621
INFO	2024-07-03 09:56:10	MarkDuplicates	Written   100,000,000 records.  Elapsed time: 00:20:55s.  Time for last 10,000,000:  127s.  Last read position: NC_045550.1_RagTag:9,226,855
INFO	2024-07-03 09:58:16	MarkDuplicates	Written   110,000,000 records.  Elapsed time: 00:23:01s.  Time for last 10,000,000:  126s.  Last read position: NC_045552.1_RagTag:27,687,221
INFO	2024-07-03 10:00:27	MarkDuplicates	Written   120,000,000 records.  Elapsed time: 00:25:12s.  Time for last 10,000,000:  130s.  Last read position: NC_045554.1_RagTag:41,320,390
INFO	2024-07-03 10:02:38	MarkDuplicates	Written   130,000,000 records.  Elapsed time: 00:27:23s.  Time for last 10,000,000:  130s.  Last read position: NC_045558.1_RagTag:17,511,306
INFO	2024-07-03 10:04:44	MarkDuplicates	Written   140,000,000 records.  Elapsed time: 00:29:29s.  Time for last 10,000,000:  126s.  Last read position: NC_045558.1_RagTag:129,843,083
INFO	2024-07-03 10:06:53	MarkDuplicates	Written   150,000,000 records.  Elapsed time: 00:31:38s.  Time for last 10,000,000:  129s.  Last read position: Chr0_RagTag:70,709,659
INFO	2024-07-03 10:08:20	MarkDuplicates	Writing complete. Closing input iterator.
INFO	2024-07-03 10:08:20	MarkDuplicates	Duplicate Index cleanup.
INFO	2024-07-03 10:08:20	MarkDuplicates	Getting Memory Stats.
INFO	2024-07-03 10:08:20	MarkDuplicates	Before output close freeMemory: 5260006984; totalMemory: 5295624192; maxMemory: 6487212032
INFO	2024-07-03 10:08:20	MarkDuplicates	Closed outputs. Getting more Memory Stats.
INFO	2024-07-03 10:08:20	MarkDuplicates	After output close freeMemory: 4773679512; totalMemory: 4806598656; maxMemory: 6487212032
[Wed Jul 03 10:08:20 MDT 2024] picard.sam.markduplicates.MarkDuplicates done. Elapsed time: 45.67 minutes.
Runtime.totalMemory()=4806598656
