INFO	2024-07-03 09:22:39	MarkDuplicates	

********** NOTE: Picard's command line syntax is changing.
**********
********** For more information, please see:
********** https://github.com/broadinstitute/picard/wiki/Command-Line-Syntax-Transition-For-Users-(Pre-Transition)
**********
********** The command line looks like this in the new syntax:
**********
**********    MarkDuplicates -REMOVE_DUPLICATES true -ASSUME_SORTED true -VALIDATION_STRINGENCY SILENT -INPUT FHSM11506_sort.bam -OUTPUT /project/getpop/bwa_ratsnake/rmd/FHSM11506.rmd.bam -METRICS_FILE /project/getpop/bwa_ratsnake/rmd/FHSM11506.rmd.bam.metrics
**********


09:22:40.616 INFO  NativeLibraryLoader - Loading libgkl_compression.so from jar:file:/apps/u/spack/gcc/12.2.0/picard/2.26.2-xrdth7g/bin/picard.jar!/com/intel/gkl/native/libgkl_compression.so
[Wed Jul 03 09:22:40 MDT 2024] MarkDuplicates INPUT=[FHSM11506_sort.bam] OUTPUT=/project/getpop/bwa_ratsnake/rmd/FHSM11506.rmd.bam METRICS_FILE=/project/getpop/bwa_ratsnake/rmd/FHSM11506.rmd.bam.metrics REMOVE_DUPLICATES=true ASSUME_SORTED=true VALIDATION_STRINGENCY=SILENT    MAX_SEQUENCES_FOR_DISK_READ_ENDS_MAP=50000 MAX_FILE_HANDLES_FOR_READ_ENDS_MAP=8000 SORTING_COLLECTION_SIZE_RATIO=0.25 TAG_DUPLICATE_SET_MEMBERS=false REMOVE_SEQUENCING_DUPLICATES=false TAGGING_POLICY=DontTag CLEAR_DT=true DUPLEX_UMI=false ADD_PG_TAG_TO_READS=true DUPLICATE_SCORING_STRATEGY=SUM_OF_BASE_QUALITIES PROGRAM_RECORD_ID=MarkDuplicates PROGRAM_GROUP_NAME=MarkDuplicates READ_NAME_REGEX=<optimized capture of last three ':' separated fields as numeric values> OPTICAL_DUPLICATE_PIXEL_DISTANCE=100 MAX_OPTICAL_DUPLICATE_SET_SIZE=300000 VERBOSITY=INFO QUIET=false COMPRESSION_LEVEL=5 MAX_RECORDS_IN_RAM=500000 CREATE_INDEX=false CREATE_MD5_FILE=false GA4GH_CLIENT_SECRETS=client_secrets.json USE_JDK_DEFLATER=false USE_JDK_INFLATER=false
[Wed Jul 03 09:22:40 MDT 2024] Executing as sharrin2@t504 on Linux 4.18.0-513.11.1.el8_9.x86_64 amd64; OpenJDK 64-Bit Server VM 11.0.15+10; Deflater: Intel; Inflater: Intel; Provider GCS is not available; Picard version: 2.26.2
INFO	2024-07-03 09:22:40	MarkDuplicates	Start of doWork freeMemory: 397763248; totalMemory: 405536768; maxMemory: 6487212032
INFO	2024-07-03 09:22:40	MarkDuplicates	Reading input file and constructing read end information.
INFO	2024-07-03 09:22:40	MarkDuplicates	Will retain up to 23504391 data points before spilling to disk.
INFO	2024-07-03 09:22:46	MarkDuplicates	Read     1,000,000 records.  Elapsed time: 00:00:05s.  Time for last 1,000,000:    5s.  Last read position: NC_045541.1_RagTag:6,093,132
INFO	2024-07-03 09:22:46	MarkDuplicates	Tracking 96205 as yet unmatched pairs. 8532 records in RAM.
INFO	2024-07-03 09:22:50	MarkDuplicates	Read     2,000,000 records.  Elapsed time: 00:00:09s.  Time for last 1,000,000:    3s.  Last read position: NC_045541.1_RagTag:14,416,381
INFO	2024-07-03 09:22:50	MarkDuplicates	Tracking 172636 as yet unmatched pairs. 15058 records in RAM.
INFO	2024-07-03 09:22:53	MarkDuplicates	Read     3,000,000 records.  Elapsed time: 00:00:12s.  Time for last 1,000,000:    3s.  Last read position: NC_045541.1_RagTag:22,818,761
INFO	2024-07-03 09:22:53	MarkDuplicates	Tracking 252036 as yet unmatched pairs. 21207 records in RAM.
INFO	2024-07-03 09:22:57	MarkDuplicates	Read     4,000,000 records.  Elapsed time: 00:00:16s.  Time for last 1,000,000:    3s.  Last read position: NC_045541.1_RagTag:31,247,492
INFO	2024-07-03 09:22:57	MarkDuplicates	Tracking 327570 as yet unmatched pairs. 26304 records in RAM.
INFO	2024-07-03 09:23:00	MarkDuplicates	Read     5,000,000 records.  Elapsed time: 00:00:19s.  Time for last 1,000,000:    3s.  Last read position: NC_045541.1_RagTag:39,740,641
INFO	2024-07-03 09:23:00	MarkDuplicates	Tracking 403274 as yet unmatched pairs. 30685 records in RAM.
INFO	2024-07-03 09:23:03	MarkDuplicates	Read     6,000,000 records.  Elapsed time: 00:00:22s.  Time for last 1,000,000:    3s.  Last read position: NC_045541.1_RagTag:48,298,139
INFO	2024-07-03 09:23:03	MarkDuplicates	Tracking 478684 as yet unmatched pairs. 34377 records in RAM.
INFO	2024-07-03 09:23:07	MarkDuplicates	Read     7,000,000 records.  Elapsed time: 00:00:26s.  Time for last 1,000,000:    3s.  Last read position: NC_045541.1_RagTag:56,866,162
INFO	2024-07-03 09:23:07	MarkDuplicates	Tracking 551822 as yet unmatched pairs. 37176 records in RAM.
INFO	2024-07-03 09:23:11	MarkDuplicates	Read     8,000,000 records.  Elapsed time: 00:00:30s.  Time for last 1,000,000:    3s.  Last read position: NC_045541.1_RagTag:65,307,002
INFO	2024-07-03 09:23:11	MarkDuplicates	Tracking 623595 as yet unmatched pairs. 39454 records in RAM.
INFO	2024-07-03 09:23:14	MarkDuplicates	Read     9,000,000 records.  Elapsed time: 00:00:33s.  Time for last 1,000,000:    3s.  Last read position: NC_045541.1_RagTag:73,914,276
INFO	2024-07-03 09:23:14	MarkDuplicates	Tracking 696046 as yet unmatched pairs. 40822 records in RAM.
INFO	2024-07-03 09:23:17	MarkDuplicates	Read    10,000,000 records.  Elapsed time: 00:00:36s.  Time for last 1,000,000:    3s.  Last read position: NC_045541.1_RagTag:82,895,085
INFO	2024-07-03 09:23:17	MarkDuplicates	Tracking 767227 as yet unmatched pairs. 41702 records in RAM.
INFO	2024-07-03 09:23:20	MarkDuplicates	Read    11,000,000 records.  Elapsed time: 00:00:39s.  Time for last 1,000,000:    3s.  Last read position: NC_045541.1_RagTag:91,814,296
INFO	2024-07-03 09:23:20	MarkDuplicates	Tracking 837518 as yet unmatched pairs. 41708 records in RAM.
INFO	2024-07-03 09:23:24	MarkDuplicates	Read    12,000,000 records.  Elapsed time: 00:00:43s.  Time for last 1,000,000:    3s.  Last read position: NC_045541.1_RagTag:100,606,336
INFO	2024-07-03 09:23:24	MarkDuplicates	Tracking 905266 as yet unmatched pairs. 40885 records in RAM.
INFO	2024-07-03 09:23:28	MarkDuplicates	Read    13,000,000 records.  Elapsed time: 00:00:47s.  Time for last 1,000,000:    4s.  Last read position: NC_045541.1_RagTag:109,156,155
INFO	2024-07-03 09:23:28	MarkDuplicates	Tracking 973421 as yet unmatched pairs. 39394 records in RAM.
INFO	2024-07-03 09:23:32	MarkDuplicates	Read    14,000,000 records.  Elapsed time: 00:00:51s.  Time for last 1,000,000:    3s.  Last read position: NC_045541.1_RagTag:118,270,295
INFO	2024-07-03 09:23:32	MarkDuplicates	Tracking 1038059 as yet unmatched pairs. 37425 records in RAM.
INFO	2024-07-03 09:23:35	MarkDuplicates	Read    15,000,000 records.  Elapsed time: 00:00:54s.  Time for last 1,000,000:    3s.  Last read position: NC_045541.1_RagTag:127,209,343
INFO	2024-07-03 09:23:35	MarkDuplicates	Tracking 1102625 as yet unmatched pairs. 34624 records in RAM.
INFO	2024-07-03 09:23:38	MarkDuplicates	Read    16,000,000 records.  Elapsed time: 00:00:57s.  Time for last 1,000,000:    3s.  Last read position: NC_045541.1_RagTag:135,684,659
INFO	2024-07-03 09:23:38	MarkDuplicates	Tracking 1168055 as yet unmatched pairs. 31295 records in RAM.
INFO	2024-07-03 09:23:41	MarkDuplicates	Read    17,000,000 records.  Elapsed time: 00:01:00s.  Time for last 1,000,000:    3s.  Last read position: NC_045541.1_RagTag:144,618,344
INFO	2024-07-03 09:23:41	MarkDuplicates	Tracking 1234206 as yet unmatched pairs. 27294 records in RAM.
INFO	2024-07-03 09:23:45	MarkDuplicates	Read    18,000,000 records.  Elapsed time: 00:01:04s.  Time for last 1,000,000:    3s.  Last read position: NC_045541.1_RagTag:153,064,900
INFO	2024-07-03 09:23:45	MarkDuplicates	Tracking 1301006 as yet unmatched pairs. 22315 records in RAM.
INFO	2024-07-03 09:23:48	MarkDuplicates	Read    19,000,000 records.  Elapsed time: 00:01:07s.  Time for last 1,000,000:    3s.  Last read position: NC_045541.1_RagTag:161,170,377
INFO	2024-07-03 09:23:48	MarkDuplicates	Tracking 1373591 as yet unmatched pairs. 16280 records in RAM.
INFO	2024-07-03 09:23:51	MarkDuplicates	Read    20,000,000 records.  Elapsed time: 00:01:10s.  Time for last 1,000,000:    3s.  Last read position: NC_045541.1_RagTag:169,202,815
INFO	2024-07-03 09:23:51	MarkDuplicates	Tracking 1453994 as yet unmatched pairs. 8499 records in RAM.
INFO	2024-07-03 09:23:57	MarkDuplicates	Read    21,000,000 records.  Elapsed time: 00:01:16s.  Time for last 1,000,000:    5s.  Last read position: NC_045542.1_RagTag:90,427
INFO	2024-07-03 09:23:57	MarkDuplicates	Tracking 1540299 as yet unmatched pairs. 151744 records in RAM.
INFO	2024-07-03 09:24:01	MarkDuplicates	Read    22,000,000 records.  Elapsed time: 00:01:20s.  Time for last 1,000,000:    3s.  Last read position: NC_045542.1_RagTag:7,634,202
INFO	2024-07-03 09:24:01	MarkDuplicates	Tracking 1609270 as yet unmatched pairs. 150334 records in RAM.
INFO	2024-07-03 09:24:06	MarkDuplicates	Read    23,000,000 records.  Elapsed time: 00:01:25s.  Time for last 1,000,000:    5s.  Last read position: NC_045542.1_RagTag:16,071,284
INFO	2024-07-03 09:24:06	MarkDuplicates	Tracking 1669048 as yet unmatched pairs. 148772 records in RAM.
INFO	2024-07-03 09:24:09	MarkDuplicates	Read    24,000,000 records.  Elapsed time: 00:01:28s.  Time for last 1,000,000:    3s.  Last read position: NC_045542.1_RagTag:24,281,869
INFO	2024-07-03 09:24:09	MarkDuplicates	Tracking 1731093 as yet unmatched pairs. 146422 records in RAM.
INFO	2024-07-03 09:24:13	MarkDuplicates	Read    25,000,000 records.  Elapsed time: 00:01:32s.  Time for last 1,000,000:    3s.  Last read position: NC_045542.1_RagTag:32,262,983
INFO	2024-07-03 09:24:13	MarkDuplicates	Tracking 1793957 as yet unmatched pairs. 143168 records in RAM.
INFO	2024-07-03 09:24:16	MarkDuplicates	Read    26,000,000 records.  Elapsed time: 00:01:35s.  Time for last 1,000,000:    3s.  Last read position: NC_045542.1_RagTag:40,624,325
INFO	2024-07-03 09:24:16	MarkDuplicates	Tracking 1856147 as yet unmatched pairs. 139043 records in RAM.
INFO	2024-07-03 09:24:33	MarkDuplicates	Read    27,000,000 records.  Elapsed time: 00:01:52s.  Time for last 1,000,000:   16s.  Last read position: NC_045542.1_RagTag:49,072,204
INFO	2024-07-03 09:24:33	MarkDuplicates	Tracking 1913129 as yet unmatched pairs. 134485 records in RAM.
INFO	2024-07-03 09:24:36	MarkDuplicates	Read    28,000,000 records.  Elapsed time: 00:01:55s.  Time for last 1,000,000:    3s.  Last read position: NC_045542.1_RagTag:57,490,328
INFO	2024-07-03 09:24:36	MarkDuplicates	Tracking 1969902 as yet unmatched pairs. 129074 records in RAM.
INFO	2024-07-03 09:24:39	MarkDuplicates	Read    29,000,000 records.  Elapsed time: 00:01:58s.  Time for last 1,000,000:    3s.  Last read position: NC_045542.1_RagTag:66,336,900
INFO	2024-07-03 09:24:39	MarkDuplicates	Tracking 2026502 as yet unmatched pairs. 123317 records in RAM.
INFO	2024-07-03 09:24:42	MarkDuplicates	Read    30,000,000 records.  Elapsed time: 00:02:02s.  Time for last 1,000,000:    3s.  Last read position: NC_045542.1_RagTag:75,483,823
INFO	2024-07-03 09:24:42	MarkDuplicates	Tracking 2080954 as yet unmatched pairs. 116379 records in RAM.
INFO	2024-07-03 09:24:46	MarkDuplicates	Read    31,000,000 records.  Elapsed time: 00:02:05s.  Time for last 1,000,000:    3s.  Last read position: NC_045542.1_RagTag:84,478,585
INFO	2024-07-03 09:24:46	MarkDuplicates	Tracking 2134892 as yet unmatched pairs. 108912 records in RAM.
INFO	2024-07-03 09:24:49	MarkDuplicates	Read    32,000,000 records.  Elapsed time: 00:02:08s.  Time for last 1,000,000:    3s.  Last read position: NC_045542.1_RagTag:93,479,628
INFO	2024-07-03 09:24:49	MarkDuplicates	Tracking 2189123 as yet unmatched pairs. 100699 records in RAM.
INFO	2024-07-03 09:24:52	MarkDuplicates	Read    33,000,000 records.  Elapsed time: 00:02:11s.  Time for last 1,000,000:    3s.  Last read position: NC_045542.1_RagTag:102,042,456
INFO	2024-07-03 09:24:52	MarkDuplicates	Tracking 2241089 as yet unmatched pairs. 91776 records in RAM.
INFO	2024-07-03 09:24:56	MarkDuplicates	Read    34,000,000 records.  Elapsed time: 00:02:15s.  Time for last 1,000,000:    3s.  Last read position: NC_045542.1_RagTag:110,999,343
INFO	2024-07-03 09:24:56	MarkDuplicates	Tracking 2293646 as yet unmatched pairs. 82329 records in RAM.
INFO	2024-07-03 09:24:59	MarkDuplicates	Read    35,000,000 records.  Elapsed time: 00:02:18s.  Time for last 1,000,000:    3s.  Last read position: NC_045542.1_RagTag:119,620,242
INFO	2024-07-03 09:24:59	MarkDuplicates	Tracking 2348446 as yet unmatched pairs. 71730 records in RAM.
INFO	2024-07-03 09:25:02	MarkDuplicates	Read    36,000,000 records.  Elapsed time: 00:02:21s.  Time for last 1,000,000:    3s.  Last read position: NC_045542.1_RagTag:128,046,215
INFO	2024-07-03 09:25:02	MarkDuplicates	Tracking 2405083 as yet unmatched pairs. 59906 records in RAM.
INFO	2024-07-03 09:25:06	MarkDuplicates	Read    37,000,000 records.  Elapsed time: 00:02:25s.  Time for last 1,000,000:    3s.  Last read position: NC_045542.1_RagTag:136,243,391
INFO	2024-07-03 09:25:06	MarkDuplicates	Tracking 2462740 as yet unmatched pairs. 46909 records in RAM.
INFO	2024-07-03 09:25:09	MarkDuplicates	Read    38,000,000 records.  Elapsed time: 00:02:28s.  Time for last 1,000,000:    3s.  Last read position: NC_045542.1_RagTag:144,096,559
INFO	2024-07-03 09:25:09	MarkDuplicates	Tracking 2524173 as yet unmatched pairs. 33084 records in RAM.
INFO	2024-07-03 09:25:12	MarkDuplicates	Read    39,000,000 records.  Elapsed time: 00:02:31s.  Time for last 1,000,000:    3s.  Last read position: NC_045542.1_RagTag:150,954,405
INFO	2024-07-03 09:25:12	MarkDuplicates	Tracking 2588844 as yet unmatched pairs. 18030 records in RAM.
INFO	2024-07-03 09:25:16	MarkDuplicates	Read    40,000,000 records.  Elapsed time: 00:02:35s.  Time for last 1,000,000:    3s.  Last read position: NC_045542.1_RagTag:158,547,316
INFO	2024-07-03 09:25:16	MarkDuplicates	Tracking 2654853 as yet unmatched pairs. 2297 records in RAM.
INFO	2024-07-03 09:25:24	MarkDuplicates	Read    41,000,000 records.  Elapsed time: 00:02:43s.  Time for last 1,000,000:    8s.  Last read position: NC_045543.1_RagTag:6,869,973
INFO	2024-07-03 09:25:24	MarkDuplicates	Tracking 2715021 as yet unmatched pairs. 188319 records in RAM.
INFO	2024-07-03 09:25:27	MarkDuplicates	Read    42,000,000 records.  Elapsed time: 00:02:46s.  Time for last 1,000,000:    3s.  Last read position: NC_045543.1_RagTag:15,407,888
INFO	2024-07-03 09:25:27	MarkDuplicates	Tracking 2762693 as yet unmatched pairs. 177428 records in RAM.
INFO	2024-07-03 09:25:30	MarkDuplicates	Read    43,000,000 records.  Elapsed time: 00:02:50s.  Time for last 1,000,000:    3s.  Last read position: NC_045543.1_RagTag:23,963,422
INFO	2024-07-03 09:25:30	MarkDuplicates	Tracking 2810380 as yet unmatched pairs. 165733 records in RAM.
INFO	2024-07-03 09:25:34	MarkDuplicates	Read    44,000,000 records.  Elapsed time: 00:02:53s.  Time for last 1,000,000:    3s.  Last read position: NC_045543.1_RagTag:32,334,678
INFO	2024-07-03 09:25:34	MarkDuplicates	Tracking 2858384 as yet unmatched pairs. 152766 records in RAM.
INFO	2024-07-03 09:25:37	MarkDuplicates	Read    45,000,000 records.  Elapsed time: 00:02:56s.  Time for last 1,000,000:    3s.  Last read position: NC_045543.1_RagTag:41,406,813
INFO	2024-07-03 09:25:37	MarkDuplicates	Tracking 2903700 as yet unmatched pairs. 139845 records in RAM.
INFO	2024-07-03 09:25:40	MarkDuplicates	Read    46,000,000 records.  Elapsed time: 00:02:59s.  Time for last 1,000,000:    3s.  Last read position: NC_045543.1_RagTag:50,317,173
INFO	2024-07-03 09:25:40	MarkDuplicates	Tracking 2948098 as yet unmatched pairs. 126293 records in RAM.
INFO	2024-07-03 09:25:43	MarkDuplicates	Read    47,000,000 records.  Elapsed time: 00:03:03s.  Time for last 1,000,000:    3s.  Last read position: NC_045543.1_RagTag:59,707,550
INFO	2024-07-03 09:25:43	MarkDuplicates	Tracking 2990141 as yet unmatched pairs. 112778 records in RAM.
INFO	2024-07-03 09:25:47	MarkDuplicates	Read    48,000,000 records.  Elapsed time: 00:03:06s.  Time for last 1,000,000:    3s.  Last read position: NC_045543.1_RagTag:69,171,479
INFO	2024-07-03 09:25:47	MarkDuplicates	Tracking 3032255 as yet unmatched pairs. 98460 records in RAM.
INFO	2024-07-03 09:25:50	MarkDuplicates	Read    49,000,000 records.  Elapsed time: 00:03:09s.  Time for last 1,000,000:    3s.  Last read position: NC_045543.1_RagTag:78,285,231
INFO	2024-07-03 09:25:50	MarkDuplicates	Tracking 3073942 as yet unmatched pairs. 82877 records in RAM.
INFO	2024-07-03 09:25:53	MarkDuplicates	Read    50,000,000 records.  Elapsed time: 00:03:12s.  Time for last 1,000,000:    3s.  Last read position: NC_045543.1_RagTag:87,103,178
INFO	2024-07-03 09:25:53	MarkDuplicates	Tracking 3118655 as yet unmatched pairs. 65291 records in RAM.
INFO	2024-07-03 09:25:56	MarkDuplicates	Read    51,000,000 records.  Elapsed time: 00:03:15s.  Time for last 1,000,000:    3s.  Last read position: NC_045543.1_RagTag:95,041,832
INFO	2024-07-03 09:25:56	MarkDuplicates	Tracking 3168288 as yet unmatched pairs. 45804 records in RAM.
INFO	2024-07-03 09:26:00	MarkDuplicates	Read    52,000,000 records.  Elapsed time: 00:03:19s.  Time for last 1,000,000:    3s.  Last read position: NC_045543.1_RagTag:102,050,142
INFO	2024-07-03 09:26:00	MarkDuplicates	Tracking 3232130 as yet unmatched pairs. 22454 records in RAM.
INFO	2024-07-03 09:26:21	MarkDuplicates	Read    53,000,000 records.  Elapsed time: 00:03:40s.  Time for last 1,000,000:   20s.  Last read position: NC_045544.1_RagTag:616,647
INFO	2024-07-03 09:26:21	MarkDuplicates	Tracking 3292079 as yet unmatched pairs. 369002 records in RAM.
INFO	2024-07-03 09:26:24	MarkDuplicates	Read    54,000,000 records.  Elapsed time: 00:03:43s.  Time for last 1,000,000:    3s.  Last read position: NC_045544.1_RagTag:9,286,890
INFO	2024-07-03 09:26:24	MarkDuplicates	Tracking 3332589 as yet unmatched pairs. 355664 records in RAM.
INFO	2024-07-03 09:26:27	MarkDuplicates	Read    55,000,000 records.  Elapsed time: 00:03:47s.  Time for last 1,000,000:    3s.  Last read position: NC_045544.1_RagTag:17,514,636
INFO	2024-07-03 09:26:27	MarkDuplicates	Tracking 3372545 as yet unmatched pairs. 341748 records in RAM.
INFO	2024-07-03 09:26:31	MarkDuplicates	Read    56,000,000 records.  Elapsed time: 00:03:50s.  Time for last 1,000,000:    3s.  Last read position: NC_045544.1_RagTag:25,835,750
INFO	2024-07-03 09:26:31	MarkDuplicates	Tracking 3411998 as yet unmatched pairs. 326118 records in RAM.
INFO	2024-07-03 09:26:49	MarkDuplicates	Read    57,000,000 records.  Elapsed time: 00:04:08s.  Time for last 1,000,000:   18s.  Last read position: NC_045544.1_RagTag:34,101,604
INFO	2024-07-03 09:26:49	MarkDuplicates	Tracking 3450304 as yet unmatched pairs. 310211 records in RAM.
INFO	2024-07-03 09:26:53	MarkDuplicates	Read    58,000,000 records.  Elapsed time: 00:04:12s.  Time for last 1,000,000:    3s.  Last read position: NC_045544.1_RagTag:42,890,481
INFO	2024-07-03 09:26:53	MarkDuplicates	Tracking 3487623 as yet unmatched pairs. 293947 records in RAM.
INFO	2024-07-03 09:26:56	MarkDuplicates	Read    59,000,000 records.  Elapsed time: 00:04:15s.  Time for last 1,000,000:    3s.  Last read position: NC_045544.1_RagTag:51,580,779
INFO	2024-07-03 09:26:56	MarkDuplicates	Tracking 3524902 as yet unmatched pairs. 276982 records in RAM.
INFO	2024-07-03 09:27:00	MarkDuplicates	Read    60,000,000 records.  Elapsed time: 00:04:19s.  Time for last 1,000,000:    4s.  Last read position: NC_045544.1_RagTag:60,510,602
INFO	2024-07-03 09:27:00	MarkDuplicates	Tracking 3559374 as yet unmatched pairs. 259787 records in RAM.
INFO	2024-07-03 09:27:04	MarkDuplicates	Read    61,000,000 records.  Elapsed time: 00:04:23s.  Time for last 1,000,000:    3s.  Last read position: NC_045544.1_RagTag:69,491,245
INFO	2024-07-03 09:27:04	MarkDuplicates	Tracking 3593464 as yet unmatched pairs. 241779 records in RAM.
INFO	2024-07-03 09:27:07	MarkDuplicates	Read    62,000,000 records.  Elapsed time: 00:04:26s.  Time for last 1,000,000:    3s.  Last read position: NC_045544.1_RagTag:78,216,348
INFO	2024-07-03 09:27:07	MarkDuplicates	Tracking 3627433 as yet unmatched pairs. 223511 records in RAM.
INFO	2024-07-03 09:27:10	MarkDuplicates	Read    63,000,000 records.  Elapsed time: 00:04:29s.  Time for last 1,000,000:    3s.  Last read position: NC_045544.1_RagTag:86,988,846
INFO	2024-07-03 09:27:10	MarkDuplicates	Tracking 3659893 as yet unmatched pairs. 204363 records in RAM.
INFO	2024-07-03 09:27:13	MarkDuplicates	Read    64,000,000 records.  Elapsed time: 00:04:32s.  Time for last 1,000,000:    3s.  Last read position: NC_045544.1_RagTag:95,892,508
INFO	2024-07-03 09:27:13	MarkDuplicates	Tracking 3691926 as yet unmatched pairs. 184723 records in RAM.
INFO	2024-07-03 09:27:17	MarkDuplicates	Read    65,000,000 records.  Elapsed time: 00:04:36s.  Time for last 1,000,000:    3s.  Last read position: NC_045544.1_RagTag:104,688,283
INFO	2024-07-03 09:27:17	MarkDuplicates	Tracking 3722094 as yet unmatched pairs. 164341 records in RAM.
INFO	2024-07-03 09:27:20	MarkDuplicates	Read    66,000,000 records.  Elapsed time: 00:04:39s.  Time for last 1,000,000:    3s.  Last read position: NC_045544.1_RagTag:113,697,211
INFO	2024-07-03 09:27:20	MarkDuplicates	Tracking 3752371 as yet unmatched pairs. 144170 records in RAM.
INFO	2024-07-03 09:27:23	MarkDuplicates	Read    67,000,000 records.  Elapsed time: 00:04:42s.  Time for last 1,000,000:    3s.  Last read position: NC_045544.1_RagTag:122,809,356
INFO	2024-07-03 09:27:23	MarkDuplicates	Tracking 3781384 as yet unmatched pairs. 122296 records in RAM.
INFO	2024-07-03 09:27:26	MarkDuplicates	Read    68,000,000 records.  Elapsed time: 00:04:45s.  Time for last 1,000,000:    3s.  Last read position: NC_045544.1_RagTag:131,348,568
INFO	2024-07-03 09:27:26	MarkDuplicates	Tracking 3815753 as yet unmatched pairs. 97666 records in RAM.
INFO	2024-07-03 09:27:30	MarkDuplicates	Read    69,000,000 records.  Elapsed time: 00:04:49s.  Time for last 1,000,000:    3s.  Last read position: NC_045544.1_RagTag:139,695,255
INFO	2024-07-03 09:27:30	MarkDuplicates	Tracking 3845129 as yet unmatched pairs. 73384 records in RAM.
INFO	2024-07-03 09:27:33	MarkDuplicates	Read    70,000,000 records.  Elapsed time: 00:04:52s.  Time for last 1,000,000:    3s.  Last read position: NC_045544.1_RagTag:147,523,689
INFO	2024-07-03 09:27:33	MarkDuplicates	Tracking 3877936 as yet unmatched pairs. 45114 records in RAM.
INFO	2024-07-03 09:27:36	MarkDuplicates	Read    71,000,000 records.  Elapsed time: 00:04:55s.  Time for last 1,000,000:    3s.  Last read position: NC_045544.1_RagTag:155,770,165
INFO	2024-07-03 09:27:36	MarkDuplicates	Tracking 3916653 as yet unmatched pairs. 14785 records in RAM.
INFO	2024-07-03 09:27:44	MarkDuplicates	Read    72,000,000 records.  Elapsed time: 00:05:03s.  Time for last 1,000,000:    7s.  Last read position: NC_045545.1_RagTag:4,479,097
INFO	2024-07-03 09:27:44	MarkDuplicates	Tracking 3952863 as yet unmatched pairs. 274930 records in RAM.
INFO	2024-07-03 09:27:47	MarkDuplicates	Read    73,000,000 records.  Elapsed time: 00:05:06s.  Time for last 1,000,000:    3s.  Last read position: NC_045545.1_RagTag:13,169,590
INFO	2024-07-03 09:27:47	MarkDuplicates	Tracking 3977704 as yet unmatched pairs. 251634 records in RAM.
INFO	2024-07-03 09:27:50	MarkDuplicates	Read    74,000,000 records.  Elapsed time: 00:05:10s.  Time for last 1,000,000:    3s.  Last read position: NC_045545.1_RagTag:22,051,708
INFO	2024-07-03 09:27:50	MarkDuplicates	Tracking 4001792 as yet unmatched pairs. 228045 records in RAM.
INFO	2024-07-03 09:27:54	MarkDuplicates	Read    75,000,000 records.  Elapsed time: 00:05:13s.  Time for last 1,000,000:    3s.  Last read position: NC_045545.1_RagTag:30,906,612
INFO	2024-07-03 09:27:54	MarkDuplicates	Tracking 4025744 as yet unmatched pairs. 204590 records in RAM.
INFO	2024-07-03 09:27:57	MarkDuplicates	Read    76,000,000 records.  Elapsed time: 00:05:16s.  Time for last 1,000,000:    3s.  Last read position: NC_045545.1_RagTag:39,895,807
INFO	2024-07-03 09:27:57	MarkDuplicates	Tracking 4047060 as yet unmatched pairs. 180533 records in RAM.
INFO	2024-07-03 09:28:00	MarkDuplicates	Read    77,000,000 records.  Elapsed time: 00:05:19s.  Time for last 1,000,000:    3s.  Last read position: NC_045545.1_RagTag:48,747,960
INFO	2024-07-03 09:28:00	MarkDuplicates	Tracking 4067951 as yet unmatched pairs. 156643 records in RAM.
INFO	2024-07-03 09:28:03	MarkDuplicates	Read    78,000,000 records.  Elapsed time: 00:05:22s.  Time for last 1,000,000:    3s.  Last read position: NC_045545.1_RagTag:58,050,011
INFO	2024-07-03 09:28:03	MarkDuplicates	Tracking 4088571 as yet unmatched pairs. 131817 records in RAM.
INFO	2024-07-03 09:28:07	MarkDuplicates	Read    79,000,000 records.  Elapsed time: 00:05:26s.  Time for last 1,000,000:    3s.  Last read position: NC_045545.1_RagTag:67,069,343
INFO	2024-07-03 09:28:07	MarkDuplicates	Tracking 4109072 as yet unmatched pairs. 105135 records in RAM.
INFO	2024-07-03 09:28:22	MarkDuplicates	Read    80,000,000 records.  Elapsed time: 00:05:41s.  Time for last 1,000,000:   15s.  Last read position: NC_045545.1_RagTag:75,356,439
INFO	2024-07-03 09:28:22	MarkDuplicates	Tracking 4131787 as yet unmatched pairs. 75940 records in RAM.
INFO	2024-07-03 09:28:25	MarkDuplicates	Read    81,000,000 records.  Elapsed time: 00:05:44s.  Time for last 1,000,000:    3s.  Last read position: NC_045545.1_RagTag:83,223,429
INFO	2024-07-03 09:28:25	MarkDuplicates	Tracking 4158566 as yet unmatched pairs. 43043 records in RAM.
INFO	2024-07-03 09:28:29	MarkDuplicates	Read    82,000,000 records.  Elapsed time: 00:05:48s.  Time for last 1,000,000:    3s.  Last read position: NC_045545.1_RagTag:91,481,398
INFO	2024-07-03 09:28:29	MarkDuplicates	Tracking 4192602 as yet unmatched pairs. 6105 records in RAM.
INFO	2024-07-03 09:28:38	MarkDuplicates	Read    83,000,000 records.  Elapsed time: 00:05:57s.  Time for last 1,000,000:    9s.  Last read position: NC_045546.1_RagTag:6,801,505
INFO	2024-07-03 09:28:38	MarkDuplicates	Tracking 4223678 as yet unmatched pairs. 369530 records in RAM.
INFO	2024-07-03 09:28:41	MarkDuplicates	Read    84,000,000 records.  Elapsed time: 00:06:00s.  Time for last 1,000,000:    3s.  Last read position: NC_045546.1_RagTag:14,570,008
INFO	2024-07-03 09:28:41	MarkDuplicates	Tracking 4250091 as yet unmatched pairs. 336774 records in RAM.
INFO	2024-07-03 09:28:45	MarkDuplicates	Read    85,000,000 records.  Elapsed time: 00:06:04s.  Time for last 1,000,000:    3s.  Last read position: NC_045546.1_RagTag:23,151,567
INFO	2024-07-03 09:28:45	MarkDuplicates	Tracking 4268532 as yet unmatched pairs. 307147 records in RAM.
INFO	2024-07-03 09:28:48	MarkDuplicates	Read    86,000,000 records.  Elapsed time: 00:06:07s.  Time for last 1,000,000:    3s.  Last read position: NC_045546.1_RagTag:32,390,369
INFO	2024-07-03 09:28:48	MarkDuplicates	Tracking 4283380 as yet unmatched pairs. 279898 records in RAM.
INFO	2024-07-03 09:28:51	MarkDuplicates	Read    87,000,000 records.  Elapsed time: 00:06:10s.  Time for last 1,000,000:    3s.  Last read position: NC_045546.1_RagTag:42,054,984
INFO	2024-07-03 09:28:51	MarkDuplicates	Tracking 4298972 as yet unmatched pairs. 252497 records in RAM.
INFO	2024-07-03 09:28:54	MarkDuplicates	Read    88,000,000 records.  Elapsed time: 00:06:13s.  Time for last 1,000,000:    3s.  Last read position: NC_045546.1_RagTag:51,508,529
INFO	2024-07-03 09:28:54	MarkDuplicates	Tracking 4315373 as yet unmatched pairs. 223373 records in RAM.
INFO	2024-07-03 09:28:58	MarkDuplicates	Read    89,000,000 records.  Elapsed time: 00:06:17s.  Time for last 1,000,000:    3s.  Last read position: NC_045546.1_RagTag:59,924,318
INFO	2024-07-03 09:28:58	MarkDuplicates	Tracking 4332998 as yet unmatched pairs. 193093 records in RAM.
INFO	2024-07-03 09:29:01	MarkDuplicates	Read    90,000,000 records.  Elapsed time: 00:06:20s.  Time for last 1,000,000:    3s.  Last read position: NC_045546.1_RagTag:67,550,366
INFO	2024-07-03 09:29:01	MarkDuplicates	Tracking 4360538 as yet unmatched pairs. 158708 records in RAM.
INFO	2024-07-03 09:29:05	MarkDuplicates	Read    91,000,000 records.  Elapsed time: 00:06:24s.  Time for last 1,000,000:    3s.  Last read position: NC_045546.1_RagTag:74,620,144
INFO	2024-07-03 09:29:05	MarkDuplicates	Tracking 4394249 as yet unmatched pairs. 121457 records in RAM.
INFO	2024-07-03 09:29:08	MarkDuplicates	Read    92,000,000 records.  Elapsed time: 00:06:27s.  Time for last 1,000,000:    3s.  Last read position: NC_045546.1_RagTag:82,289,153
INFO	2024-07-03 09:29:08	MarkDuplicates	Tracking 4412497 as yet unmatched pairs. 86019 records in RAM.
INFO	2024-07-03 09:29:13	MarkDuplicates	Read    93,000,000 records.  Elapsed time: 00:06:32s.  Time for last 1,000,000:    5s.  Last read position: NC_045546.1_RagTag:90,593,414
INFO	2024-07-03 09:29:13	MarkDuplicates	Tracking 4426498 as yet unmatched pairs. 52285 records in RAM.
INFO	2024-07-03 09:29:16	MarkDuplicates	Read    94,000,000 records.  Elapsed time: 00:06:35s.  Time for last 1,000,000:    3s.  Last read position: NC_045546.1_RagTag:99,423,615
INFO	2024-07-03 09:29:16	MarkDuplicates	Tracking 4437462 as yet unmatched pairs. 17608 records in RAM.
INFO	2024-07-03 09:29:26	MarkDuplicates	Read    95,000,000 records.  Elapsed time: 00:06:45s.  Time for last 1,000,000:    9s.  Last read position: NC_045547.1_RagTag:4,384,907
INFO	2024-07-03 09:29:26	MarkDuplicates	Tracking 4452469 as yet unmatched pairs. 419842 records in RAM.
INFO	2024-07-03 09:29:29	MarkDuplicates	Read    96,000,000 records.  Elapsed time: 00:06:49s.  Time for last 1,000,000:    3s.  Last read position: NC_045547.1_RagTag:12,068,930
INFO	2024-07-03 09:29:29	MarkDuplicates	Tracking 4469994 as yet unmatched pairs. 382035 records in RAM.
INFO	2024-07-03 09:29:33	MarkDuplicates	Read    97,000,000 records.  Elapsed time: 00:06:52s.  Time for last 1,000,000:    3s.  Last read position: NC_045547.1_RagTag:20,140,512
INFO	2024-07-03 09:29:33	MarkDuplicates	Tracking 4479439 as yet unmatched pairs. 347482 records in RAM.
INFO	2024-07-03 09:29:36	MarkDuplicates	Read    98,000,000 records.  Elapsed time: 00:06:55s.  Time for last 1,000,000:    3s.  Last read position: NC_045547.1_RagTag:28,622,531
INFO	2024-07-03 09:29:36	MarkDuplicates	Tracking 4486709 as yet unmatched pairs. 314545 records in RAM.
INFO	2024-07-03 09:29:39	MarkDuplicates	Read    99,000,000 records.  Elapsed time: 00:06:58s.  Time for last 1,000,000:    3s.  Last read position: NC_045547.1_RagTag:37,441,137
INFO	2024-07-03 09:29:39	MarkDuplicates	Tracking 4493175 as yet unmatched pairs. 282395 records in RAM.
INFO	2024-07-03 09:29:43	MarkDuplicates	Read   100,000,000 records.  Elapsed time: 00:07:02s.  Time for last 1,000,000:    3s.  Last read position: NC_045547.1_RagTag:46,682,203
INFO	2024-07-03 09:29:43	MarkDuplicates	Tracking 4500036 as yet unmatched pairs. 247368 records in RAM.
INFO	2024-07-03 09:29:46	MarkDuplicates	Read   101,000,000 records.  Elapsed time: 00:07:05s.  Time for last 1,000,000:    3s.  Last read position: NC_045547.1_RagTag:54,722,897
INFO	2024-07-03 09:29:46	MarkDuplicates	Tracking 4510968 as yet unmatched pairs. 206821 records in RAM.
INFO	2024-07-03 09:29:49	MarkDuplicates	Read   102,000,000 records.  Elapsed time: 00:07:08s.  Time for last 1,000,000:    3s.  Last read position: NC_045547.1_RagTag:61,924,962
INFO	2024-07-03 09:29:49	MarkDuplicates	Tracking 4523921 as yet unmatched pairs. 162175 records in RAM.
INFO	2024-07-03 09:29:53	MarkDuplicates	Read   103,000,000 records.  Elapsed time: 00:07:12s.  Time for last 1,000,000:    3s.  Last read position: NC_045547.1_RagTag:69,743,375
INFO	2024-07-03 09:29:53	MarkDuplicates	Tracking 4530449 as yet unmatched pairs. 120265 records in RAM.
INFO	2024-07-03 09:29:56	MarkDuplicates	Read   104,000,000 records.  Elapsed time: 00:07:15s.  Time for last 1,000,000:    3s.  Last read position: NC_045547.1_RagTag:78,194,360
INFO	2024-07-03 09:29:56	MarkDuplicates	Tracking 4535433 as yet unmatched pairs. 80130 records in RAM.
INFO	2024-07-03 09:29:59	MarkDuplicates	Read   105,000,000 records.  Elapsed time: 00:07:18s.  Time for last 1,000,000:    3s.  Last read position: NC_045547.1_RagTag:86,165,822
INFO	2024-07-03 09:29:59	MarkDuplicates	Tracking 4544178 as yet unmatched pairs. 34002 records in RAM.
INFO	2024-07-03 09:30:08	MarkDuplicates	Read   106,000,000 records.  Elapsed time: 00:07:27s.  Time for last 1,000,000:    8s.  Last read position: NC_045548.1_RagTag:1,880,564
INFO	2024-07-03 09:30:08	MarkDuplicates	Tracking 4554077 as yet unmatched pairs. 337764 records in RAM.
INFO	2024-07-03 09:30:23	MarkDuplicates	Read   107,000,000 records.  Elapsed time: 00:07:42s.  Time for last 1,000,000:   15s.  Last read position: NC_045548.1_RagTag:10,183,388
INFO	2024-07-03 09:30:23	MarkDuplicates	Tracking 4554229 as yet unmatched pairs. 302111 records in RAM.
INFO	2024-07-03 09:30:26	MarkDuplicates	Read   108,000,000 records.  Elapsed time: 00:07:45s.  Time for last 1,000,000:    3s.  Last read position: NC_045548.1_RagTag:19,032,562
INFO	2024-07-03 09:30:26	MarkDuplicates	Tracking 4554236 as yet unmatched pairs. 265536 records in RAM.
INFO	2024-07-03 09:30:30	MarkDuplicates	Read   109,000,000 records.  Elapsed time: 00:07:49s.  Time for last 1,000,000:    3s.  Last read position: NC_045548.1_RagTag:28,246,104
INFO	2024-07-03 09:30:30	MarkDuplicates	Tracking 4552684 as yet unmatched pairs. 229921 records in RAM.
INFO	2024-07-03 09:30:33	MarkDuplicates	Read   110,000,000 records.  Elapsed time: 00:07:52s.  Time for last 1,000,000:    3s.  Last read position: NC_045548.1_RagTag:37,814,138
INFO	2024-07-03 09:30:33	MarkDuplicates	Tracking 4550895 as yet unmatched pairs. 193758 records in RAM.
INFO	2024-07-03 09:30:38	MarkDuplicates	Read   111,000,000 records.  Elapsed time: 00:07:57s.  Time for last 1,000,000:    5s.  Last read position: NC_045548.1_RagTag:46,969,117
INFO	2024-07-03 09:30:38	MarkDuplicates	Tracking 4548695 as yet unmatched pairs. 156079 records in RAM.
INFO	2024-07-03 09:30:58	MarkDuplicates	Read   112,000,000 records.  Elapsed time: 00:08:17s.  Time for last 1,000,000:   19s.  Last read position: NC_045548.1_RagTag:55,791,915
INFO	2024-07-03 09:30:58	MarkDuplicates	Tracking 4546900 as yet unmatched pairs. 115240 records in RAM.
INFO	2024-07-03 09:31:01	MarkDuplicates	Read   113,000,000 records.  Elapsed time: 00:08:20s.  Time for last 1,000,000:    3s.  Last read position: NC_045548.1_RagTag:63,604,066
INFO	2024-07-03 09:31:01	MarkDuplicates	Tracking 4545804 as yet unmatched pairs. 66027 records in RAM.
INFO	2024-07-03 09:31:04	MarkDuplicates	Read   114,000,000 records.  Elapsed time: 00:08:24s.  Time for last 1,000,000:    3s.  Last read position: NC_045548.1_RagTag:71,824,958
INFO	2024-07-03 09:31:04	MarkDuplicates	Tracking 4548347 as yet unmatched pairs. 11911 records in RAM.
INFO	2024-07-03 09:31:19	MarkDuplicates	Read   115,000,000 records.  Elapsed time: 00:08:38s.  Time for last 1,000,000:   14s.  Last read position: NC_045549.1_RagTag:6,045,001
INFO	2024-07-03 09:31:19	MarkDuplicates	Tracking 4549231 as yet unmatched pairs. 721138 records in RAM.
INFO	2024-07-03 09:31:23	MarkDuplicates	Read   116,000,000 records.  Elapsed time: 00:08:42s.  Time for last 1,000,000:    3s.  Last read position: NC_045549.1_RagTag:11,364,804
INFO	2024-07-03 09:31:23	MarkDuplicates	Tracking 4550111 as yet unmatched pairs. 679176 records in RAM.
INFO	2024-07-03 09:31:26	MarkDuplicates	Read   117,000,000 records.  Elapsed time: 00:08:45s.  Time for last 1,000,000:    3s.  Last read position: NC_045549.1_RagTag:19,644,295
INFO	2024-07-03 09:31:26	MarkDuplicates	Tracking 4542762 as yet unmatched pairs. 637593 records in RAM.
INFO	2024-07-03 09:31:29	MarkDuplicates	Read   118,000,000 records.  Elapsed time: 00:08:48s.  Time for last 1,000,000:    3s.  Last read position: NC_045549.1_RagTag:28,812,290
INFO	2024-07-03 09:31:29	MarkDuplicates	Tracking 4534438 as yet unmatched pairs. 599136 records in RAM.
INFO	2024-07-03 09:31:33	MarkDuplicates	Read   119,000,000 records.  Elapsed time: 00:08:52s.  Time for last 1,000,000:    3s.  Last read position: NC_045549.1_RagTag:38,515,921
INFO	2024-07-03 09:31:33	MarkDuplicates	Tracking 4526368 as yet unmatched pairs. 561213 records in RAM.
INFO	2024-07-03 09:31:36	MarkDuplicates	Read   120,000,000 records.  Elapsed time: 00:08:55s.  Time for last 1,000,000:    3s.  Last read position: NC_045549.1_RagTag:47,648,505
INFO	2024-07-03 09:31:36	MarkDuplicates	Tracking 4518106 as yet unmatched pairs. 521726 records in RAM.
INFO	2024-07-03 09:31:39	MarkDuplicates	Read   121,000,000 records.  Elapsed time: 00:08:58s.  Time for last 1,000,000:    3s.  Last read position: NC_045549.1_RagTag:55,714,481
INFO	2024-07-03 09:31:39	MarkDuplicates	Tracking 4511198 as yet unmatched pairs. 474743 records in RAM.
INFO	2024-07-03 09:31:43	MarkDuplicates	Read   122,000,000 records.  Elapsed time: 00:09:02s.  Time for last 1,000,000:    3s.  Last read position: NC_045549.1_RagTag:63,787,666
INFO	2024-07-03 09:31:43	MarkDuplicates	Tracking 4503599 as yet unmatched pairs. 423592 records in RAM.
INFO	2024-07-03 09:31:46	MarkDuplicates	Read   123,000,000 records.  Elapsed time: 00:09:05s.  Time for last 1,000,000:    3s.  Last read position: NC_045549.1_RagTag:72,716,037
INFO	2024-07-03 09:31:46	MarkDuplicates	Tracking 4492766 as yet unmatched pairs. 379952 records in RAM.
INFO	2024-07-03 09:31:49	MarkDuplicates	Read   124,000,000 records.  Elapsed time: 00:09:08s.  Time for last 1,000,000:    3s.  Last read position: NC_045549.1_RagTag:81,846,290
INFO	2024-07-03 09:31:49	MarkDuplicates	Tracking 4480951 as yet unmatched pairs. 338010 records in RAM.
INFO	2024-07-03 09:31:53	MarkDuplicates	Read   125,000,000 records.  Elapsed time: 00:09:12s.  Time for last 1,000,000:    3s.  Last read position: NC_045549.1_RagTag:90,431,094
INFO	2024-07-03 09:31:53	MarkDuplicates	Tracking 4467951 as yet unmatched pairs. 291380 records in RAM.
INFO	2024-07-03 09:31:56	MarkDuplicates	Read   126,000,000 records.  Elapsed time: 00:09:15s.  Time for last 1,000,000:    3s.  Last read position: NC_045549.1_RagTag:98,382,978
INFO	2024-07-03 09:31:56	MarkDuplicates	Tracking 4455188 as yet unmatched pairs. 239412 records in RAM.
INFO	2024-07-03 09:31:59	MarkDuplicates	Read   127,000,000 records.  Elapsed time: 00:09:19s.  Time for last 1,000,000:    3s.  Last read position: NC_045549.1_RagTag:105,955,534
INFO	2024-07-03 09:31:59	MarkDuplicates	Tracking 4443904 as yet unmatched pairs. 183008 records in RAM.
INFO	2024-07-03 09:32:03	MarkDuplicates	Read   128,000,000 records.  Elapsed time: 00:09:22s.  Time for last 1,000,000:    3s.  Last read position: NC_045549.1_RagTag:113,645,084
INFO	2024-07-03 09:32:03	MarkDuplicates	Tracking 4430932 as yet unmatched pairs. 129900 records in RAM.
INFO	2024-07-03 09:32:08	MarkDuplicates	Read   129,000,000 records.  Elapsed time: 00:09:27s.  Time for last 1,000,000:    5s.  Last read position: NC_045549.1_RagTag:122,335,509
INFO	2024-07-03 09:32:08	MarkDuplicates	Tracking 4413824 as yet unmatched pairs. 76064 records in RAM.
INFO	2024-07-03 09:32:11	MarkDuplicates	Read   130,000,000 records.  Elapsed time: 00:09:30s.  Time for last 1,000,000:    3s.  Last read position: NC_045549.1_RagTag:130,576,921
INFO	2024-07-03 09:32:11	MarkDuplicates	Tracking 4399958 as yet unmatched pairs. 13254 records in RAM.
INFO	2024-07-03 09:32:20	MarkDuplicates	Read   131,000,000 records.  Elapsed time: 00:09:39s.  Time for last 1,000,000:    8s.  Last read position: NC_045550.1_RagTag:6,539,027
INFO	2024-07-03 09:32:20	MarkDuplicates	Tracking 4384268 as yet unmatched pairs. 339990 records in RAM.
INFO	2024-07-03 09:32:23	MarkDuplicates	Read   132,000,000 records.  Elapsed time: 00:09:42s.  Time for last 1,000,000:    3s.  Last read position: NC_045550.1_RagTag:15,879,783
INFO	2024-07-03 09:32:23	MarkDuplicates	Tracking 4367103 as yet unmatched pairs. 297609 records in RAM.
INFO	2024-07-03 09:32:39	MarkDuplicates	Read   133,000,000 records.  Elapsed time: 00:09:58s.  Time for last 1,000,000:   15s.  Last read position: NC_045550.1_RagTag:25,589,380
INFO	2024-07-03 09:32:39	MarkDuplicates	Tracking 4349892 as yet unmatched pairs. 255534 records in RAM.
INFO	2024-07-03 09:32:42	MarkDuplicates	Read   134,000,000 records.  Elapsed time: 00:10:01s.  Time for last 1,000,000:    3s.  Last read position: NC_045550.1_RagTag:35,088,111
INFO	2024-07-03 09:32:42	MarkDuplicates	Tracking 4332318 as yet unmatched pairs. 213278 records in RAM.
INFO	2024-07-03 09:32:45	MarkDuplicates	Read   135,000,000 records.  Elapsed time: 00:10:04s.  Time for last 1,000,000:    3s.  Last read position: NC_045550.1_RagTag:44,464,391
INFO	2024-07-03 09:32:45	MarkDuplicates	Tracking 4313635 as yet unmatched pairs. 167965 records in RAM.
INFO	2024-07-03 09:32:48	MarkDuplicates	Read   136,000,000 records.  Elapsed time: 00:10:07s.  Time for last 1,000,000:    3s.  Last read position: NC_045550.1_RagTag:53,231,508
INFO	2024-07-03 09:32:48	MarkDuplicates	Tracking 4292687 as yet unmatched pairs. 118498 records in RAM.
INFO	2024-07-03 09:32:52	MarkDuplicates	Read   137,000,000 records.  Elapsed time: 00:10:11s.  Time for last 1,000,000:    3s.  Last read position: NC_045550.1_RagTag:61,032,216
INFO	2024-07-03 09:32:52	MarkDuplicates	Tracking 4269631 as yet unmatched pairs. 60805 records in RAM.
INFO	2024-07-03 09:32:58	MarkDuplicates	Read   138,000,000 records.  Elapsed time: 00:10:17s.  Time for last 1,000,000:    5s.  Last read position: NC_045551.1_RagTag:431,563
INFO	2024-07-03 09:32:58	MarkDuplicates	Tracking 4247256 as yet unmatched pairs. 185850 records in RAM.
INFO	2024-07-03 09:33:01	MarkDuplicates	Read   139,000,000 records.  Elapsed time: 00:10:20s.  Time for last 1,000,000:    3s.  Last read position: NC_045551.1_RagTag:9,010,482
INFO	2024-07-03 09:33:01	MarkDuplicates	Tracking 4224873 as yet unmatched pairs. 135470 records in RAM.
INFO	2024-07-03 09:33:04	MarkDuplicates	Read   140,000,000 records.  Elapsed time: 00:10:23s.  Time for last 1,000,000:    3s.  Last read position: NC_045551.1_RagTag:16,937,305
INFO	2024-07-03 09:33:04	MarkDuplicates	Tracking 4201361 as yet unmatched pairs. 79673 records in RAM.
INFO	2024-07-03 09:33:08	MarkDuplicates	Read   141,000,000 records.  Elapsed time: 00:10:27s.  Time for last 1,000,000:    3s.  Last read position: NC_045551.1_RagTag:24,529,651
INFO	2024-07-03 09:33:08	MarkDuplicates	Tracking 4175883 as yet unmatched pairs. 13107 records in RAM.
INFO	2024-07-03 09:33:18	MarkDuplicates	Read   142,000,000 records.  Elapsed time: 00:10:37s.  Time for last 1,000,000:    9s.  Last read position: NC_045552.1_RagTag:6,794,616
INFO	2024-07-03 09:33:18	MarkDuplicates	Tracking 4151830 as yet unmatched pairs. 401947 records in RAM.
INFO	2024-07-03 09:33:21	MarkDuplicates	Read   143,000,000 records.  Elapsed time: 00:10:40s.  Time for last 1,000,000:    3s.  Last read position: NC_045552.1_RagTag:14,282,404
INFO	2024-07-03 09:33:21	MarkDuplicates	Tracking 4125203 as yet unmatched pairs. 346206 records in RAM.
INFO	2024-07-03 09:33:24	MarkDuplicates	Read   144,000,000 records.  Elapsed time: 00:10:43s.  Time for last 1,000,000:    3s.  Last read position: NC_045552.1_RagTag:22,425,858
INFO	2024-07-03 09:33:24	MarkDuplicates	Tracking 4095033 as yet unmatched pairs. 286073 records in RAM.
INFO	2024-07-03 09:33:28	MarkDuplicates	Read   145,000,000 records.  Elapsed time: 00:10:47s.  Time for last 1,000,000:    3s.  Last read position: NC_045552.1_RagTag:30,183,792
INFO	2024-07-03 09:33:28	MarkDuplicates	Tracking 4066416 as yet unmatched pairs. 225474 records in RAM.
INFO	2024-07-03 09:33:31	MarkDuplicates	Read   146,000,000 records.  Elapsed time: 00:10:50s.  Time for last 1,000,000:    3s.  Last read position: NC_045552.1_RagTag:37,968,753
INFO	2024-07-03 09:33:31	MarkDuplicates	Tracking 4037095 as yet unmatched pairs. 164820 records in RAM.
INFO	2024-07-03 09:33:34	MarkDuplicates	Read   147,000,000 records.  Elapsed time: 00:10:53s.  Time for last 1,000,000:    3s.  Last read position: NC_045552.1_RagTag:45,411,687
INFO	2024-07-03 09:33:34	MarkDuplicates	Tracking 4007846 as yet unmatched pairs. 101755 records in RAM.
INFO	2024-07-03 09:33:37	MarkDuplicates	Read   148,000,000 records.  Elapsed time: 00:10:57s.  Time for last 1,000,000:    3s.  Last read position: NC_045552.1_RagTag:52,876,937
INFO	2024-07-03 09:33:37	MarkDuplicates	Tracking 3976523 as yet unmatched pairs. 38458 records in RAM.
INFO	2024-07-03 09:33:47	MarkDuplicates	Read   149,000,000 records.  Elapsed time: 00:11:06s.  Time for last 1,000,000:    9s.  Last read position: NC_045553.1_RagTag:3,271,985
INFO	2024-07-03 09:33:47	MarkDuplicates	Tracking 3947789 as yet unmatched pairs. 398311 records in RAM.
INFO	2024-07-03 09:33:53	MarkDuplicates	Read   150,000,000 records.  Elapsed time: 00:11:12s.  Time for last 1,000,000:    5s.  Last read position: NC_045553.1_RagTag:10,846,983
INFO	2024-07-03 09:33:53	MarkDuplicates	Tracking 3917960 as yet unmatched pairs. 334377 records in RAM.
INFO	2024-07-03 09:33:56	MarkDuplicates	Read   151,000,000 records.  Elapsed time: 00:11:15s.  Time for last 1,000,000:    3s.  Last read position: NC_045553.1_RagTag:18,912,214
INFO	2024-07-03 09:33:56	MarkDuplicates	Tracking 3883298 as yet unmatched pairs. 270657 records in RAM.
INFO	2024-07-03 09:34:00	MarkDuplicates	Read   152,000,000 records.  Elapsed time: 00:11:19s.  Time for last 1,000,000:    3s.  Last read position: NC_045553.1_RagTag:26,996,251
INFO	2024-07-03 09:34:00	MarkDuplicates	Tracking 3846061 as yet unmatched pairs. 201287 records in RAM.
INFO	2024-07-03 09:34:03	MarkDuplicates	Read   153,000,000 records.  Elapsed time: 00:11:22s.  Time for last 1,000,000:    3s.  Last read position: NC_045553.1_RagTag:34,826,052
INFO	2024-07-03 09:34:03	MarkDuplicates	Tracking 3810589 as yet unmatched pairs. 137754 records in RAM.
INFO	2024-07-03 09:34:06	MarkDuplicates	Read   154,000,000 records.  Elapsed time: 00:11:25s.  Time for last 1,000,000:    3s.  Last read position: NC_045553.1_RagTag:42,474,616
INFO	2024-07-03 09:34:06	MarkDuplicates	Tracking 3769908 as yet unmatched pairs. 67995 records in RAM.
INFO	2024-07-03 09:34:16	MarkDuplicates	Read   155,000,000 records.  Elapsed time: 00:11:35s.  Time for last 1,000,000:    9s.  Last read position: NC_045554.1_RagTag:152,253
INFO	2024-07-03 09:34:16	MarkDuplicates	Tracking 3734690 as yet unmatched pairs. 431032 records in RAM.
INFO	2024-07-03 09:34:19	MarkDuplicates	Read   156,000,000 records.  Elapsed time: 00:11:38s.  Time for last 1,000,000:    3s.  Last read position: NC_045554.1_RagTag:7,954,328
INFO	2024-07-03 09:34:19	MarkDuplicates	Tracking 3696469 as yet unmatched pairs. 367414 records in RAM.
INFO	2024-07-03 09:34:23	MarkDuplicates	Read   157,000,000 records.  Elapsed time: 00:11:42s.  Time for last 1,000,000:    3s.  Last read position: NC_045554.1_RagTag:15,389,093
INFO	2024-07-03 09:34:23	MarkDuplicates	Tracking 3651780 as yet unmatched pairs. 295413 records in RAM.
INFO	2024-07-03 09:34:26	MarkDuplicates	Read   158,000,000 records.  Elapsed time: 00:11:45s.  Time for last 1,000,000:    3s.  Last read position: NC_045554.1_RagTag:22,721,350
INFO	2024-07-03 09:34:26	MarkDuplicates	Tracking 3608538 as yet unmatched pairs. 226819 records in RAM.
INFO	2024-07-03 09:34:29	MarkDuplicates	Read   159,000,000 records.  Elapsed time: 00:11:48s.  Time for last 1,000,000:    3s.  Last read position: NC_045554.1_RagTag:30,772,847
INFO	2024-07-03 09:34:29	MarkDuplicates	Tracking 3562354 as yet unmatched pairs. 155412 records in RAM.
INFO	2024-07-03 09:34:45	MarkDuplicates	Read   160,000,000 records.  Elapsed time: 00:12:04s.  Time for last 1,000,000:   15s.  Last read position: NC_045554.1_RagTag:38,517,935
INFO	2024-07-03 09:34:45	MarkDuplicates	Tracking 3517190 as yet unmatched pairs. 87103 records in RAM.
INFO	2024-07-03 09:34:48	MarkDuplicates	Read   161,000,000 records.  Elapsed time: 00:12:07s.  Time for last 1,000,000:    3s.  Last read position: NC_045554.1_RagTag:46,193,597
INFO	2024-07-03 09:34:48	MarkDuplicates	Tracking 3471117 as yet unmatched pairs. 17666 records in RAM.
INFO	2024-07-03 09:34:57	MarkDuplicates	Read   162,000,000 records.  Elapsed time: 00:12:16s.  Time for last 1,000,000:    9s.  Last read position: NC_045555.1_RagTag:5,140,311
INFO	2024-07-03 09:34:57	MarkDuplicates	Tracking 3429092 as yet unmatched pairs. 357542 records in RAM.
INFO	2024-07-03 09:35:01	MarkDuplicates	Read   163,000,000 records.  Elapsed time: 00:12:20s.  Time for last 1,000,000:    3s.  Last read position: NC_045555.1_RagTag:13,093,330
INFO	2024-07-03 09:35:01	MarkDuplicates	Tracking 3382673 as yet unmatched pairs. 290346 records in RAM.
INFO	2024-07-03 09:35:22	MarkDuplicates	Read   164,000,000 records.  Elapsed time: 00:12:41s.  Time for last 1,000,000:   21s.  Last read position: NC_045555.1_RagTag:21,144,974
INFO	2024-07-03 09:35:22	MarkDuplicates	Tracking 3332192 as yet unmatched pairs. 220271 records in RAM.
INFO	2024-07-03 09:35:25	MarkDuplicates	Read   165,000,000 records.  Elapsed time: 00:12:45s.  Time for last 1,000,000:    3s.  Last read position: NC_045555.1_RagTag:28,900,928
INFO	2024-07-03 09:35:25	MarkDuplicates	Tracking 3282103 as yet unmatched pairs. 147597 records in RAM.
INFO	2024-07-03 09:35:29	MarkDuplicates	Read   166,000,000 records.  Elapsed time: 00:12:48s.  Time for last 1,000,000:    3s.  Last read position: NC_045555.1_RagTag:36,778,897
INFO	2024-07-03 09:35:29	MarkDuplicates	Tracking 3231541 as yet unmatched pairs. 75156 records in RAM.
INFO	2024-07-03 09:35:32	MarkDuplicates	Read   167,000,000 records.  Elapsed time: 00:12:51s.  Time for last 1,000,000:    3s.  Last read position: NC_045555.1_RagTag:42,455,808
INFO	2024-07-03 09:35:32	MarkDuplicates	Tracking 3198113 as yet unmatched pairs. 5732 records in RAM.
INFO	2024-07-03 09:35:41	MarkDuplicates	Read   168,000,000 records.  Elapsed time: 00:13:00s.  Time for last 1,000,000:    8s.  Last read position: NC_045556.1_RagTag:7,251,686
INFO	2024-07-03 09:35:41	MarkDuplicates	Tracking 3148874 as yet unmatched pairs. 313763 records in RAM.
INFO	2024-07-03 09:35:46	MarkDuplicates	Read   169,000,000 records.  Elapsed time: 00:13:05s.  Time for last 1,000,000:    5s.  Last read position: NC_045556.1_RagTag:14,325,558
INFO	2024-07-03 09:35:46	MarkDuplicates	Tracking 3096441 as yet unmatched pairs. 241348 records in RAM.
INFO	2024-07-03 09:35:49	MarkDuplicates	Read   170,000,000 records.  Elapsed time: 00:13:08s.  Time for last 1,000,000:    3s.  Last read position: NC_045556.1_RagTag:21,907,887
INFO	2024-07-03 09:35:49	MarkDuplicates	Tracking 3037054 as yet unmatched pairs. 162939 records in RAM.
INFO	2024-07-03 09:35:52	MarkDuplicates	Read   171,000,000 records.  Elapsed time: 00:13:12s.  Time for last 1,000,000:    3s.  Last read position: NC_045556.1_RagTag:28,447,123
INFO	2024-07-03 09:35:52	MarkDuplicates	Tracking 2995451 as yet unmatched pairs. 89203 records in RAM.
INFO	2024-07-03 09:35:56	MarkDuplicates	Read   172,000,000 records.  Elapsed time: 00:13:15s.  Time for last 1,000,000:    3s.  Last read position: NC_045556.1_RagTag:35,988,395
INFO	2024-07-03 09:35:56	MarkDuplicates	Tracking 2940968 as yet unmatched pairs. 9220 records in RAM.
INFO	2024-07-03 09:36:01	MarkDuplicates	Read   173,000,000 records.  Elapsed time: 00:13:20s.  Time for last 1,000,000:    4s.  Last read position: NC_045557.1_RagTag:6,849,597
INFO	2024-07-03 09:36:01	MarkDuplicates	Tracking 2890853 as yet unmatched pairs. 52978 records in RAM.
INFO	2024-07-03 09:36:19	MarkDuplicates	Read   174,000,000 records.  Elapsed time: 00:13:38s.  Time for last 1,000,000:   18s.  Last read position: NC_045558.1_RagTag:3,367,621
INFO	2024-07-03 09:36:19	MarkDuplicates	Tracking 2836669 as yet unmatched pairs. 950092 records in RAM.
INFO	2024-07-03 09:36:22	MarkDuplicates	Read   175,000,000 records.  Elapsed time: 00:13:41s.  Time for last 1,000,000:    3s.  Last read position: NC_045558.1_RagTag:16,818,550
INFO	2024-07-03 09:36:22	MarkDuplicates	Tracking 2772066 as yet unmatched pairs. 872238 records in RAM.
INFO	2024-07-03 09:36:26	MarkDuplicates	Read   176,000,000 records.  Elapsed time: 00:13:45s.  Time for last 1,000,000:    3s.  Last read position: NC_045558.1_RagTag:31,821,232
INFO	2024-07-03 09:36:26	MarkDuplicates	Tracking 2715064 as yet unmatched pairs. 804146 records in RAM.
INFO	2024-07-03 09:36:29	MarkDuplicates	Read   177,000,000 records.  Elapsed time: 00:13:48s.  Time for last 1,000,000:    3s.  Last read position: NC_045558.1_RagTag:44,804,004
INFO	2024-07-03 09:36:29	MarkDuplicates	Tracking 2657151 as yet unmatched pairs. 732565 records in RAM.
INFO	2024-07-03 09:36:33	MarkDuplicates	Read   178,000,000 records.  Elapsed time: 00:13:52s.  Time for last 1,000,000:    3s.  Last read position: NC_045558.1_RagTag:56,677,806
INFO	2024-07-03 09:36:33	MarkDuplicates	Tracking 2593393 as yet unmatched pairs. 653764 records in RAM.
INFO	2024-07-03 09:36:36	MarkDuplicates	Read   179,000,000 records.  Elapsed time: 00:13:55s.  Time for last 1,000,000:    3s.  Last read position: NC_045558.1_RagTag:67,197,674
INFO	2024-07-03 09:36:36	MarkDuplicates	Tracking 2525957 as yet unmatched pairs. 568761 records in RAM.
INFO	2024-07-03 09:36:40	MarkDuplicates	Read   180,000,000 records.  Elapsed time: 00:13:59s.  Time for last 1,000,000:    3s.  Last read position: NC_045558.1_RagTag:77,746,022
INFO	2024-07-03 09:36:40	MarkDuplicates	Tracking 2453741 as yet unmatched pairs. 479468 records in RAM.
INFO	2024-07-03 09:36:43	MarkDuplicates	Read   181,000,000 records.  Elapsed time: 00:14:02s.  Time for last 1,000,000:    3s.  Last read position: NC_045558.1_RagTag:90,369,781
INFO	2024-07-03 09:36:43	MarkDuplicates	Tracking 2383160 as yet unmatched pairs. 394207 records in RAM.
INFO	2024-07-03 09:36:46	MarkDuplicates	Read   182,000,000 records.  Elapsed time: 00:14:05s.  Time for last 1,000,000:    3s.  Last read position: NC_045558.1_RagTag:104,295,727
INFO	2024-07-03 09:36:46	MarkDuplicates	Tracking 2319122 as yet unmatched pairs. 318055 records in RAM.
INFO	2024-07-03 09:36:50	MarkDuplicates	Read   183,000,000 records.  Elapsed time: 00:14:09s.  Time for last 1,000,000:    3s.  Last read position: NC_045558.1_RagTag:119,315,779
INFO	2024-07-03 09:36:50	MarkDuplicates	Tracking 2255795 as yet unmatched pairs. 244109 records in RAM.
INFO	2024-07-03 09:36:53	MarkDuplicates	Read   184,000,000 records.  Elapsed time: 00:14:12s.  Time for last 1,000,000:    3s.  Last read position: NC_045558.1_RagTag:130,884,471
INFO	2024-07-03 09:36:53	MarkDuplicates	Tracking 2181664 as yet unmatched pairs. 157323 records in RAM.
INFO	2024-07-03 09:36:56	MarkDuplicates	Read   185,000,000 records.  Elapsed time: 00:14:15s.  Time for last 1,000,000:    3s.  Last read position: NC_045558.1_RagTag:138,237,668
INFO	2024-07-03 09:36:56	MarkDuplicates	Tracking 2121382 as yet unmatched pairs. 82443 records in RAM.
INFO	2024-07-03 09:37:00	MarkDuplicates	Read   186,000,000 records.  Elapsed time: 00:14:19s.  Time for last 1,000,000:    3s.  Last read position: NC_045558.1_RagTag:145,714,238
INFO	2024-07-03 09:37:00	MarkDuplicates	Tracking 2059627 as yet unmatched pairs. 3068 records in RAM.
INFO	2024-07-03 09:37:46	MarkDuplicates	Read   187,000,000 records.  Elapsed time: 00:15:05s.  Time for last 1,000,000:   46s.  Last read position: Chr0_RagTag:72,575
INFO	2024-07-03 09:37:46	MarkDuplicates	Tracking 1991528 as yet unmatched pairs. 1991528 records in RAM.
INFO	2024-07-03 09:37:50	MarkDuplicates	Read   188,000,000 records.  Elapsed time: 00:15:09s.  Time for last 1,000,000:    4s.  Last read position: Chr0_RagTag:9,012,933
INFO	2024-07-03 09:37:50	MarkDuplicates	Tracking 1918887 as yet unmatched pairs. 1918887 records in RAM.
INFO	2024-07-03 09:37:54	MarkDuplicates	Read   189,000,000 records.  Elapsed time: 00:15:13s.  Time for last 1,000,000:    3s.  Last read position: Chr0_RagTag:15,488,304
INFO	2024-07-03 09:37:54	MarkDuplicates	Tracking 1851702 as yet unmatched pairs. 1851702 records in RAM.
INFO	2024-07-03 09:37:57	MarkDuplicates	Read   190,000,000 records.  Elapsed time: 00:15:16s.  Time for last 1,000,000:    3s.  Last read position: Chr0_RagTag:21,221,143
INFO	2024-07-03 09:37:57	MarkDuplicates	Tracking 1781908 as yet unmatched pairs. 1781908 records in RAM.
INFO	2024-07-03 09:38:01	MarkDuplicates	Read   191,000,000 records.  Elapsed time: 00:15:20s.  Time for last 1,000,000:    3s.  Last read position: Chr0_RagTag:27,324,468
INFO	2024-07-03 09:38:01	MarkDuplicates	Tracking 1710702 as yet unmatched pairs. 1710702 records in RAM.
INFO	2024-07-03 09:38:05	MarkDuplicates	Read   192,000,000 records.  Elapsed time: 00:15:24s.  Time for last 1,000,000:    3s.  Last read position: Chr0_RagTag:32,755,074
INFO	2024-07-03 09:38:05	MarkDuplicates	Tracking 1638049 as yet unmatched pairs. 1638049 records in RAM.
INFO	2024-07-03 09:38:08	MarkDuplicates	Read   193,000,000 records.  Elapsed time: 00:15:27s.  Time for last 1,000,000:    3s.  Last read position: Chr0_RagTag:39,005,392
INFO	2024-07-03 09:38:08	MarkDuplicates	Tracking 1564123 as yet unmatched pairs. 1564123 records in RAM.
INFO	2024-07-03 09:38:11	MarkDuplicates	Read   194,000,000 records.  Elapsed time: 00:15:30s.  Time for last 1,000,000:    3s.  Last read position: Chr0_RagTag:45,473,858
INFO	2024-07-03 09:38:11	MarkDuplicates	Tracking 1484374 as yet unmatched pairs. 1484374 records in RAM.
INFO	2024-07-03 09:38:15	MarkDuplicates	Read   195,000,000 records.  Elapsed time: 00:15:34s.  Time for last 1,000,000:    3s.  Last read position: Chr0_RagTag:51,378,227
INFO	2024-07-03 09:38:15	MarkDuplicates	Tracking 1401394 as yet unmatched pairs. 1401394 records in RAM.
INFO	2024-07-03 09:38:18	MarkDuplicates	Read   196,000,000 records.  Elapsed time: 00:15:38s.  Time for last 1,000,000:    3s.  Last read position: Chr0_RagTag:56,692,266
INFO	2024-07-03 09:38:18	MarkDuplicates	Tracking 1315947 as yet unmatched pairs. 1315947 records in RAM.
INFO	2024-07-03 09:38:22	MarkDuplicates	Read   197,000,000 records.  Elapsed time: 00:15:41s.  Time for last 1,000,000:    3s.  Last read position: Chr0_RagTag:62,639,605
INFO	2024-07-03 09:38:22	MarkDuplicates	Tracking 1228303 as yet unmatched pairs. 1228303 records in RAM.
INFO	2024-07-03 09:38:26	MarkDuplicates	Read   198,000,000 records.  Elapsed time: 00:15:45s.  Time for last 1,000,000:    3s.  Last read position: Chr0_RagTag:68,350,542
INFO	2024-07-03 09:38:26	MarkDuplicates	Tracking 1135834 as yet unmatched pairs. 1135834 records in RAM.
INFO	2024-07-03 09:38:29	MarkDuplicates	Read   199,000,000 records.  Elapsed time: 00:15:48s.  Time for last 1,000,000:    3s.  Last read position: Chr0_RagTag:73,992,056
INFO	2024-07-03 09:38:29	MarkDuplicates	Tracking 1038277 as yet unmatched pairs. 1038277 records in RAM.
INFO	2024-07-03 09:38:35	MarkDuplicates	Read   200,000,000 records.  Elapsed time: 00:15:55s.  Time for last 1,000,000:    6s.  Last read position: Chr0_RagTag:81,198,030
INFO	2024-07-03 09:38:35	MarkDuplicates	Tracking 936384 as yet unmatched pairs. 936384 records in RAM.
INFO	2024-07-03 09:38:39	MarkDuplicates	Read   201,000,000 records.  Elapsed time: 00:15:58s.  Time for last 1,000,000:    3s.  Last read position: Chr0_RagTag:87,951,234
INFO	2024-07-03 09:38:39	MarkDuplicates	Tracking 836090 as yet unmatched pairs. 836090 records in RAM.
INFO	2024-07-03 09:38:43	MarkDuplicates	Read   202,000,000 records.  Elapsed time: 00:16:02s.  Time for last 1,000,000:    3s.  Last read position: Chr0_RagTag:93,978,471
INFO	2024-07-03 09:38:43	MarkDuplicates	Tracking 733484 as yet unmatched pairs. 733484 records in RAM.
INFO	2024-07-03 09:38:46	MarkDuplicates	Read   203,000,000 records.  Elapsed time: 00:16:05s.  Time for last 1,000,000:    3s.  Last read position: Chr0_RagTag:101,077,674
INFO	2024-07-03 09:38:46	MarkDuplicates	Tracking 629211 as yet unmatched pairs. 629211 records in RAM.
INFO	2024-07-03 09:38:50	MarkDuplicates	Read   204,000,000 records.  Elapsed time: 00:16:09s.  Time for last 1,000,000:    3s.  Last read position: Chr0_RagTag:107,443,802
INFO	2024-07-03 09:38:50	MarkDuplicates	Tracking 520407 as yet unmatched pairs. 520407 records in RAM.
INFO	2024-07-03 09:38:53	MarkDuplicates	Read   205,000,000 records.  Elapsed time: 00:16:12s.  Time for last 1,000,000:    3s.  Last read position: Chr0_RagTag:114,441,777
INFO	2024-07-03 09:38:53	MarkDuplicates	Tracking 410463 as yet unmatched pairs. 410463 records in RAM.
INFO	2024-07-03 09:38:57	MarkDuplicates	Read   206,000,000 records.  Elapsed time: 00:16:16s.  Time for last 1,000,000:    3s.  Last read position: Chr0_RagTag:121,001,741
INFO	2024-07-03 09:38:57	MarkDuplicates	Tracking 299956 as yet unmatched pairs. 299956 records in RAM.
INFO	2024-07-03 09:39:00	MarkDuplicates	Read   207,000,000 records.  Elapsed time: 00:16:19s.  Time for last 1,000,000:    3s.  Last read position: Chr0_RagTag:126,285,027
INFO	2024-07-03 09:39:00	MarkDuplicates	Tracking 191490 as yet unmatched pairs. 191490 records in RAM.
INFO	2024-07-03 09:39:04	MarkDuplicates	Read   208,000,000 records.  Elapsed time: 00:16:23s.  Time for last 1,000,000:    3s.  Last read position: Chr0_RagTag:132,253,487
INFO	2024-07-03 09:39:04	MarkDuplicates	Tracking 66471 as yet unmatched pairs. 66471 records in RAM.
INFO	2024-07-03 09:39:06	MarkDuplicates	Read 208463537 records. 0 pairs never matched.
INFO	2024-07-03 09:39:35	MarkDuplicates	After buildSortedReadEndLists freeMemory: 6445636424; totalMemory: 6487212032; maxMemory: 6487212032
INFO	2024-07-03 09:39:35	MarkDuplicates	Will retain up to 202725376 duplicate indices before spilling to disk.
INFO	2024-07-03 09:39:35	MarkDuplicates	Traversing read pair information and detecting duplicates.
INFO	2024-07-03 09:40:12	MarkDuplicates	Traversing fragment information and detecting duplicates.
INFO	2024-07-03 09:40:59	MarkDuplicates	Sorting list of duplicate records.
INFO	2024-07-03 09:41:00	MarkDuplicates	After generateDuplicateIndexes freeMemory: 4823876248; totalMemory: 6487212032; maxMemory: 6487212032
INFO	2024-07-03 09:41:00	MarkDuplicates	Marking 12390682 records as duplicates.
INFO	2024-07-03 09:41:00	MarkDuplicates	Found 330713 optical duplicate clusters.
INFO	2024-07-03 09:41:00	MarkDuplicates	Reads are assumed to be ordered by: coordinate
INFO	2024-07-03 09:43:14	MarkDuplicates	Written    10,000,000 records.  Elapsed time: 00:02:13s.  Time for last 10,000,000:  133s.  Last read position: NC_045541.1_RagTag:88,583,378
INFO	2024-07-03 09:45:27	MarkDuplicates	Written    20,000,000 records.  Elapsed time: 00:04:26s.  Time for last 10,000,000:  132s.  Last read position: NC_045542.1_RagTag:2,064,913
INFO	2024-07-03 09:47:38	MarkDuplicates	Written    30,000,000 records.  Elapsed time: 00:06:37s.  Time for last 10,000,000:  131s.  Last read position: NC_045542.1_RagTag:92,739,320
INFO	2024-07-03 09:49:51	MarkDuplicates	Written    40,000,000 records.  Elapsed time: 00:08:50s.  Time for last 10,000,000:  133s.  Last read position: NC_045543.1_RagTag:19,862,405
INFO	2024-07-03 09:52:05	MarkDuplicates	Written    50,000,000 records.  Elapsed time: 00:11:04s.  Time for last 10,000,000:  133s.  Last read position: NC_045544.1_RagTag:1,791,105
INFO	2024-07-03 09:54:16	MarkDuplicates	Written    60,000,000 records.  Elapsed time: 00:13:15s.  Time for last 10,000,000:  131s.  Last read position: NC_045544.1_RagTag:93,898,900
INFO	2024-07-03 09:56:29	MarkDuplicates	Written    70,000,000 records.  Elapsed time: 00:15:28s.  Time for last 10,000,000:  132s.  Last read position: NC_045545.1_RagTag:25,601,800
INFO	2024-07-03 09:58:42	MarkDuplicates	Written    80,000,000 records.  Elapsed time: 00:17:41s.  Time for last 10,000,000:  133s.  Last read position: NC_045546.1_RagTag:23,240,878
INFO	2024-07-03 10:00:56	MarkDuplicates	Written    90,000,000 records.  Elapsed time: 00:19:55s.  Time for last 10,000,000:  133s.  Last read position: NC_045547.1_RagTag:9,128,393
INFO	2024-07-03 10:03:10	MarkDuplicates	Written   100,000,000 records.  Elapsed time: 00:22:09s.  Time for last 10,000,000:  134s.  Last read position: NC_045548.1_RagTag:3,862,362
INFO	2024-07-03 10:05:23	MarkDuplicates	Written   110,000,000 records.  Elapsed time: 00:24:22s.  Time for last 10,000,000:  133s.  Last read position: NC_045549.1_RagTag:18,601,086
INFO	2024-07-03 10:07:37	MarkDuplicates	Written   120,000,000 records.  Elapsed time: 00:26:36s.  Time for last 10,000,000:  133s.  Last read position: NC_045549.1_RagTag:109,710,592
INFO	2024-07-03 10:09:50	MarkDuplicates	Written   130,000,000 records.  Elapsed time: 00:28:49s.  Time for last 10,000,000:  133s.  Last read position: NC_045551.1_RagTag:1,449,597
INFO	2024-07-03 10:12:05	MarkDuplicates	Written   140,000,000 records.  Elapsed time: 00:31:04s.  Time for last 10,000,000:  134s.  Last read position: NC_045553.1_RagTag:980,183
INFO	2024-07-03 10:14:21	MarkDuplicates	Written   150,000,000 records.  Elapsed time: 00:33:20s.  Time for last 10,000,000:  135s.  Last read position: NC_045554.1_RagTag:33,292,057
INFO	2024-07-03 10:16:36	MarkDuplicates	Written   160,000,000 records.  Elapsed time: 00:35:35s.  Time for last 10,000,000:  135s.  Last read position: NC_045556.1_RagTag:21,670,652
INFO	2024-07-03 10:18:55	MarkDuplicates	Written   170,000,000 records.  Elapsed time: 00:37:54s.  Time for last 10,000,000:  139s.  Last read position: NC_045558.1_RagTag:84,740,435
INFO	2024-07-03 10:21:13	MarkDuplicates	Written   180,000,000 records.  Elapsed time: 00:40:12s.  Time for last 10,000,000:  138s.  Last read position: Chr0_RagTag:27,963,402
INFO	2024-07-03 10:23:32	MarkDuplicates	Written   190,000,000 records.  Elapsed time: 00:42:31s.  Time for last 10,000,000:  138s.  Last read position: Chr0_RagTag:92,900,964
INFO	2024-07-03 10:25:03	MarkDuplicates	Writing complete. Closing input iterator.
INFO	2024-07-03 10:25:03	MarkDuplicates	Duplicate Index cleanup.
INFO	2024-07-03 10:25:03	MarkDuplicates	Getting Memory Stats.
INFO	2024-07-03 10:25:03	MarkDuplicates	Before output close freeMemory: 6445493400; totalMemory: 6487212032; maxMemory: 6487212032
INFO	2024-07-03 10:25:03	MarkDuplicates	Closed outputs. Getting more Memory Stats.
INFO	2024-07-03 10:25:03	MarkDuplicates	After output close freeMemory: 5840695080; totalMemory: 5879103488; maxMemory: 6487212032
[Wed Jul 03 10:25:03 MDT 2024] picard.sam.markduplicates.MarkDuplicates done. Elapsed time: 62.38 minutes.
Runtime.totalMemory()=5879103488
