INFO	2024-07-03 09:22:39	MarkDuplicates	

********** NOTE: Picard's command line syntax is changing.
**********
********** For more information, please see:
********** https://github.com/broadinstitute/picard/wiki/Command-Line-Syntax-Transition-For-Users-(Pre-Transition)
**********
********** The command line looks like this in the new syntax:
**********
**********    MarkDuplicates -REMOVE_DUPLICATES true -ASSUME_SORTED true -VALIDATION_STRINGENCY SILENT -INPUT FHSM15645_sort.bam -OUTPUT /project/getpop/bwa_ratsnake/rmd/FHSM15645.rmd.bam -METRICS_FILE /project/getpop/bwa_ratsnake/rmd/FHSM15645.rmd.bam.metrics
**********


09:22:40.575 INFO  NativeLibraryLoader - Loading libgkl_compression.so from jar:file:/apps/u/spack/gcc/12.2.0/picard/2.26.2-xrdth7g/bin/picard.jar!/com/intel/gkl/native/libgkl_compression.so
[Wed Jul 03 09:22:40 MDT 2024] MarkDuplicates INPUT=[FHSM15645_sort.bam] OUTPUT=/project/getpop/bwa_ratsnake/rmd/FHSM15645.rmd.bam METRICS_FILE=/project/getpop/bwa_ratsnake/rmd/FHSM15645.rmd.bam.metrics REMOVE_DUPLICATES=true ASSUME_SORTED=true VALIDATION_STRINGENCY=SILENT    MAX_SEQUENCES_FOR_DISK_READ_ENDS_MAP=50000 MAX_FILE_HANDLES_FOR_READ_ENDS_MAP=8000 SORTING_COLLECTION_SIZE_RATIO=0.25 TAG_DUPLICATE_SET_MEMBERS=false REMOVE_SEQUENCING_DUPLICATES=false TAGGING_POLICY=DontTag CLEAR_DT=true DUPLEX_UMI=false ADD_PG_TAG_TO_READS=true DUPLICATE_SCORING_STRATEGY=SUM_OF_BASE_QUALITIES PROGRAM_RECORD_ID=MarkDuplicates PROGRAM_GROUP_NAME=MarkDuplicates READ_NAME_REGEX=<optimized capture of last three ':' separated fields as numeric values> OPTICAL_DUPLICATE_PIXEL_DISTANCE=100 MAX_OPTICAL_DUPLICATE_SET_SIZE=300000 VERBOSITY=INFO QUIET=false COMPRESSION_LEVEL=5 MAX_RECORDS_IN_RAM=500000 CREATE_INDEX=false CREATE_MD5_FILE=false GA4GH_CLIENT_SECRETS=client_secrets.json USE_JDK_DEFLATER=false USE_JDK_INFLATER=false
[Wed Jul 03 09:22:40 MDT 2024] Executing as sharrin2@t502 on Linux 4.18.0-513.11.1.el8_9.x86_64 amd64; OpenJDK 64-Bit Server VM 11.0.15+10; Deflater: Intel; Inflater: Intel; Provider GCS is not available; Picard version: 2.26.2
INFO	2024-07-03 09:22:40	MarkDuplicates	Start of doWork freeMemory: 397762640; totalMemory: 405536768; maxMemory: 6487212032
INFO	2024-07-03 09:22:40	MarkDuplicates	Reading input file and constructing read end information.
INFO	2024-07-03 09:22:40	MarkDuplicates	Will retain up to 23504391 data points before spilling to disk.
INFO	2024-07-03 09:22:46	MarkDuplicates	Read     1,000,000 records.  Elapsed time: 00:00:05s.  Time for last 1,000,000:    5s.  Last read position: NC_045541.1_RagTag:4,825,385
INFO	2024-07-03 09:22:46	MarkDuplicates	Tracking 46329 as yet unmatched pairs. 3504 records in RAM.
INFO	2024-07-03 09:22:50	MarkDuplicates	Read     2,000,000 records.  Elapsed time: 00:00:09s.  Time for last 1,000,000:    3s.  Last read position: NC_045541.1_RagTag:10,654,361
INFO	2024-07-03 09:22:50	MarkDuplicates	Tracking 75919 as yet unmatched pairs. 5846 records in RAM.
INFO	2024-07-03 09:22:53	MarkDuplicates	Read     3,000,000 records.  Elapsed time: 00:00:12s.  Time for last 1,000,000:    3s.  Last read position: NC_045541.1_RagTag:16,846,350
INFO	2024-07-03 09:22:53	MarkDuplicates	Tracking 103213 as yet unmatched pairs. 7916 records in RAM.
INFO	2024-07-03 09:22:57	MarkDuplicates	Read     4,000,000 records.  Elapsed time: 00:00:16s.  Time for last 1,000,000:    3s.  Last read position: NC_045541.1_RagTag:23,122,527
INFO	2024-07-03 09:22:57	MarkDuplicates	Tracking 133813 as yet unmatched pairs. 10008 records in RAM.
INFO	2024-07-03 09:23:00	MarkDuplicates	Read     5,000,000 records.  Elapsed time: 00:00:19s.  Time for last 1,000,000:    3s.  Last read position: NC_045541.1_RagTag:29,344,090
INFO	2024-07-03 09:23:00	MarkDuplicates	Tracking 160462 as yet unmatched pairs. 11771 records in RAM.
INFO	2024-07-03 09:23:04	MarkDuplicates	Read     6,000,000 records.  Elapsed time: 00:00:23s.  Time for last 1,000,000:    3s.  Last read position: NC_045541.1_RagTag:35,659,497
INFO	2024-07-03 09:23:04	MarkDuplicates	Tracking 190367 as yet unmatched pairs. 13535 records in RAM.
INFO	2024-07-03 09:23:07	MarkDuplicates	Read     7,000,000 records.  Elapsed time: 00:00:26s.  Time for last 1,000,000:    3s.  Last read position: NC_045541.1_RagTag:42,067,844
INFO	2024-07-03 09:23:07	MarkDuplicates	Tracking 219930 as yet unmatched pairs. 15002 records in RAM.
INFO	2024-07-03 09:23:10	MarkDuplicates	Read     8,000,000 records.  Elapsed time: 00:00:29s.  Time for last 1,000,000:    3s.  Last read position: NC_045541.1_RagTag:48,312,618
INFO	2024-07-03 09:23:10	MarkDuplicates	Tracking 248984 as yet unmatched pairs. 16379 records in RAM.
INFO	2024-07-03 09:23:14	MarkDuplicates	Read     9,000,000 records.  Elapsed time: 00:00:33s.  Time for last 1,000,000:    3s.  Last read position: NC_045541.1_RagTag:54,550,902
INFO	2024-07-03 09:23:14	MarkDuplicates	Tracking 276298 as yet unmatched pairs. 17685 records in RAM.
INFO	2024-07-03 09:23:17	MarkDuplicates	Read    10,000,000 records.  Elapsed time: 00:00:36s.  Time for last 1,000,000:    3s.  Last read position: NC_045541.1_RagTag:60,859,427
INFO	2024-07-03 09:23:17	MarkDuplicates	Tracking 305462 as yet unmatched pairs. 18756 records in RAM.
INFO	2024-07-03 09:23:20	MarkDuplicates	Read    11,000,000 records.  Elapsed time: 00:00:39s.  Time for last 1,000,000:    3s.  Last read position: NC_045541.1_RagTag:67,241,910
INFO	2024-07-03 09:23:20	MarkDuplicates	Tracking 330801 as yet unmatched pairs. 19470 records in RAM.
INFO	2024-07-03 09:23:25	MarkDuplicates	Read    12,000,000 records.  Elapsed time: 00:00:44s.  Time for last 1,000,000:    4s.  Last read position: NC_045541.1_RagTag:73,529,778
INFO	2024-07-03 09:23:25	MarkDuplicates	Tracking 357113 as yet unmatched pairs. 19689 records in RAM.
INFO	2024-07-03 09:23:28	MarkDuplicates	Read    13,000,000 records.  Elapsed time: 00:00:47s.  Time for last 1,000,000:    3s.  Last read position: NC_045541.1_RagTag:79,838,411
INFO	2024-07-03 09:23:28	MarkDuplicates	Tracking 383947 as yet unmatched pairs. 20100 records in RAM.
INFO	2024-07-03 09:23:31	MarkDuplicates	Read    14,000,000 records.  Elapsed time: 00:00:50s.  Time for last 1,000,000:    3s.  Last read position: NC_045541.1_RagTag:86,360,557
INFO	2024-07-03 09:23:31	MarkDuplicates	Tracking 409194 as yet unmatched pairs. 20416 records in RAM.
INFO	2024-07-03 09:23:34	MarkDuplicates	Read    15,000,000 records.  Elapsed time: 00:00:53s.  Time for last 1,000,000:    3s.  Last read position: NC_045541.1_RagTag:92,679,562
INFO	2024-07-03 09:23:34	MarkDuplicates	Tracking 436044 as yet unmatched pairs. 20378 records in RAM.
INFO	2024-07-03 09:23:38	MarkDuplicates	Read    16,000,000 records.  Elapsed time: 00:00:57s.  Time for last 1,000,000:    3s.  Last read position: NC_045541.1_RagTag:98,997,310
INFO	2024-07-03 09:23:38	MarkDuplicates	Tracking 459616 as yet unmatched pairs. 20233 records in RAM.
INFO	2024-07-03 09:23:41	MarkDuplicates	Read    17,000,000 records.  Elapsed time: 00:01:00s.  Time for last 1,000,000:    3s.  Last read position: NC_045541.1_RagTag:105,103,890
INFO	2024-07-03 09:23:41	MarkDuplicates	Tracking 484285 as yet unmatched pairs. 19790 records in RAM.
INFO	2024-07-03 09:23:44	MarkDuplicates	Read    18,000,000 records.  Elapsed time: 00:01:03s.  Time for last 1,000,000:    3s.  Last read position: NC_045541.1_RagTag:111,212,564
INFO	2024-07-03 09:23:44	MarkDuplicates	Tracking 508176 as yet unmatched pairs. 19255 records in RAM.
INFO	2024-07-03 09:23:47	MarkDuplicates	Read    19,000,000 records.  Elapsed time: 00:01:06s.  Time for last 1,000,000:    3s.  Last read position: NC_045541.1_RagTag:117,570,580
INFO	2024-07-03 09:23:47	MarkDuplicates	Tracking 529714 as yet unmatched pairs. 18590 records in RAM.
INFO	2024-07-03 09:23:51	MarkDuplicates	Read    20,000,000 records.  Elapsed time: 00:01:10s.  Time for last 1,000,000:    3s.  Last read position: NC_045541.1_RagTag:123,846,304
INFO	2024-07-03 09:23:51	MarkDuplicates	Tracking 552543 as yet unmatched pairs. 17790 records in RAM.
INFO	2024-07-03 09:23:56	MarkDuplicates	Read    21,000,000 records.  Elapsed time: 00:01:15s.  Time for last 1,000,000:    5s.  Last read position: NC_045541.1_RagTag:130,132,604
INFO	2024-07-03 09:23:56	MarkDuplicates	Tracking 574270 as yet unmatched pairs. 16988 records in RAM.
INFO	2024-07-03 09:23:59	MarkDuplicates	Read    22,000,000 records.  Elapsed time: 00:01:18s.  Time for last 1,000,000:    3s.  Last read position: NC_045541.1_RagTag:136,004,174
INFO	2024-07-03 09:23:59	MarkDuplicates	Tracking 598183 as yet unmatched pairs. 15914 records in RAM.
INFO	2024-07-03 09:24:02	MarkDuplicates	Read    23,000,000 records.  Elapsed time: 00:01:21s.  Time for last 1,000,000:    3s.  Last read position: NC_045541.1_RagTag:142,379,873
INFO	2024-07-03 09:24:02	MarkDuplicates	Tracking 621554 as yet unmatched pairs. 14672 records in RAM.
INFO	2024-07-03 09:24:05	MarkDuplicates	Read    24,000,000 records.  Elapsed time: 00:01:25s.  Time for last 1,000,000:    3s.  Last read position: NC_045541.1_RagTag:148,703,399
INFO	2024-07-03 09:24:05	MarkDuplicates	Tracking 645924 as yet unmatched pairs. 13379 records in RAM.
INFO	2024-07-03 09:24:22	MarkDuplicates	Read    25,000,000 records.  Elapsed time: 00:01:41s.  Time for last 1,000,000:   16s.  Last read position: NC_045541.1_RagTag:154,988,665
INFO	2024-07-03 09:24:22	MarkDuplicates	Tracking 676808 as yet unmatched pairs. 11407 records in RAM.
INFO	2024-07-03 09:24:25	MarkDuplicates	Read    26,000,000 records.  Elapsed time: 00:01:44s.  Time for last 1,000,000:    3s.  Last read position: NC_045541.1_RagTag:161,367,749
INFO	2024-07-03 09:24:25	MarkDuplicates	Tracking 710653 as yet unmatched pairs. 8926 records in RAM.
INFO	2024-07-03 09:24:28	MarkDuplicates	Read    27,000,000 records.  Elapsed time: 00:01:48s.  Time for last 1,000,000:    3s.  Last read position: NC_045541.1_RagTag:168,095,571
INFO	2024-07-03 09:24:28	MarkDuplicates	Tracking 752056 as yet unmatched pairs. 5241 records in RAM.
INFO	2024-07-03 09:24:32	MarkDuplicates	Read    28,000,000 records.  Elapsed time: 00:01:51s.  Time for last 1,000,000:    3s.  Last read position: NC_045541.1_RagTag:174,884,651
INFO	2024-07-03 09:24:32	MarkDuplicates	Tracking 807269 as yet unmatched pairs. 1291 records in RAM.
INFO	2024-07-03 09:24:37	MarkDuplicates	Read    29,000,000 records.  Elapsed time: 00:01:56s.  Time for last 1,000,000:    4s.  Last read position: NC_045542.1_RagTag:4,051,376
INFO	2024-07-03 09:24:37	MarkDuplicates	Tracking 842898 as yet unmatched pairs. 74971 records in RAM.
INFO	2024-07-03 09:24:40	MarkDuplicates	Read    30,000,000 records.  Elapsed time: 00:01:59s.  Time for last 1,000,000:    3s.  Last read position: NC_045542.1_RagTag:9,823,516
INFO	2024-07-03 09:24:40	MarkDuplicates	Tracking 862361 as yet unmatched pairs. 74275 records in RAM.
INFO	2024-07-03 09:24:43	MarkDuplicates	Read    31,000,000 records.  Elapsed time: 00:02:02s.  Time for last 1,000,000:    3s.  Last read position: NC_045542.1_RagTag:16,243,342
INFO	2024-07-03 09:24:43	MarkDuplicates	Tracking 884221 as yet unmatched pairs. 73829 records in RAM.
INFO	2024-07-03 09:24:47	MarkDuplicates	Read    32,000,000 records.  Elapsed time: 00:02:06s.  Time for last 1,000,000:    3s.  Last read position: NC_045542.1_RagTag:22,440,983
INFO	2024-07-03 09:24:47	MarkDuplicates	Tracking 908819 as yet unmatched pairs. 73316 records in RAM.
INFO	2024-07-03 09:24:50	MarkDuplicates	Read    33,000,000 records.  Elapsed time: 00:02:09s.  Time for last 1,000,000:    3s.  Last read position: NC_045542.1_RagTag:28,778,851
INFO	2024-07-03 09:24:50	MarkDuplicates	Tracking 931415 as yet unmatched pairs. 72346 records in RAM.
INFO	2024-07-03 09:24:53	MarkDuplicates	Read    34,000,000 records.  Elapsed time: 00:02:12s.  Time for last 1,000,000:    3s.  Last read position: NC_045542.1_RagTag:35,091,493
INFO	2024-07-03 09:24:53	MarkDuplicates	Tracking 958722 as yet unmatched pairs. 71058 records in RAM.
INFO	2024-07-03 09:24:57	MarkDuplicates	Read    35,000,000 records.  Elapsed time: 00:02:16s.  Time for last 1,000,000:    3s.  Last read position: NC_045542.1_RagTag:41,578,013
INFO	2024-07-03 09:24:57	MarkDuplicates	Tracking 983581 as yet unmatched pairs. 69125 records in RAM.
INFO	2024-07-03 09:25:00	MarkDuplicates	Read    36,000,000 records.  Elapsed time: 00:02:19s.  Time for last 1,000,000:    3s.  Last read position: NC_045542.1_RagTag:47,824,933
INFO	2024-07-03 09:25:00	MarkDuplicates	Tracking 1004094 as yet unmatched pairs. 67717 records in RAM.
INFO	2024-07-03 09:25:05	MarkDuplicates	Read    37,000,000 records.  Elapsed time: 00:02:24s.  Time for last 1,000,000:    5s.  Last read position: NC_045542.1_RagTag:53,978,338
INFO	2024-07-03 09:25:05	MarkDuplicates	Tracking 1023572 as yet unmatched pairs. 66124 records in RAM.
INFO	2024-07-03 09:25:08	MarkDuplicates	Read    38,000,000 records.  Elapsed time: 00:02:27s.  Time for last 1,000,000:    3s.  Last read position: NC_045542.1_RagTag:60,114,824
INFO	2024-07-03 09:25:08	MarkDuplicates	Tracking 1043041 as yet unmatched pairs. 64236 records in RAM.
INFO	2024-07-03 09:25:11	MarkDuplicates	Read    39,000,000 records.  Elapsed time: 00:02:30s.  Time for last 1,000,000:    3s.  Last read position: NC_045542.1_RagTag:66,533,278
INFO	2024-07-03 09:25:11	MarkDuplicates	Tracking 1063772 as yet unmatched pairs. 62435 records in RAM.
INFO	2024-07-03 09:25:14	MarkDuplicates	Read    40,000,000 records.  Elapsed time: 00:02:33s.  Time for last 1,000,000:    3s.  Last read position: NC_045542.1_RagTag:72,877,935
INFO	2024-07-03 09:25:14	MarkDuplicates	Tracking 1081751 as yet unmatched pairs. 60407 records in RAM.
INFO	2024-07-03 09:25:18	MarkDuplicates	Read    41,000,000 records.  Elapsed time: 00:02:37s.  Time for last 1,000,000:    3s.  Last read position: NC_045542.1_RagTag:79,206,401
INFO	2024-07-03 09:25:18	MarkDuplicates	Tracking 1101709 as yet unmatched pairs. 58073 records in RAM.
INFO	2024-07-03 09:25:21	MarkDuplicates	Read    42,000,000 records.  Elapsed time: 00:02:40s.  Time for last 1,000,000:    3s.  Last read position: NC_045542.1_RagTag:85,460,698
INFO	2024-07-03 09:25:21	MarkDuplicates	Tracking 1120397 as yet unmatched pairs. 55669 records in RAM.
INFO	2024-07-03 09:25:24	MarkDuplicates	Read    43,000,000 records.  Elapsed time: 00:02:43s.  Time for last 1,000,000:    3s.  Last read position: NC_045542.1_RagTag:91,985,074
INFO	2024-07-03 09:25:24	MarkDuplicates	Tracking 1141037 as yet unmatched pairs. 52909 records in RAM.
INFO	2024-07-03 09:25:27	MarkDuplicates	Read    44,000,000 records.  Elapsed time: 00:02:46s.  Time for last 1,000,000:    3s.  Last read position: NC_045542.1_RagTag:98,169,067
INFO	2024-07-03 09:25:27	MarkDuplicates	Tracking 1158823 as yet unmatched pairs. 50073 records in RAM.
INFO	2024-07-03 09:25:30	MarkDuplicates	Read    45,000,000 records.  Elapsed time: 00:02:50s.  Time for last 1,000,000:    3s.  Last read position: NC_045542.1_RagTag:104,171,448
INFO	2024-07-03 09:25:30	MarkDuplicates	Tracking 1175188 as yet unmatched pairs. 47339 records in RAM.
INFO	2024-07-03 09:25:34	MarkDuplicates	Read    46,000,000 records.  Elapsed time: 00:02:53s.  Time for last 1,000,000:    3s.  Last read position: NC_045542.1_RagTag:110,409,563
INFO	2024-07-03 09:25:34	MarkDuplicates	Tracking 1194853 as yet unmatched pairs. 44152 records in RAM.
INFO	2024-07-03 09:25:37	MarkDuplicates	Read    47,000,000 records.  Elapsed time: 00:02:56s.  Time for last 1,000,000:    3s.  Last read position: NC_045542.1_RagTag:116,724,599
INFO	2024-07-03 09:25:37	MarkDuplicates	Tracking 1214214 as yet unmatched pairs. 40974 records in RAM.
INFO	2024-07-03 09:25:40	MarkDuplicates	Read    48,000,000 records.  Elapsed time: 00:02:59s.  Time for last 1,000,000:    3s.  Last read position: NC_045542.1_RagTag:122,909,074
INFO	2024-07-03 09:25:40	MarkDuplicates	Tracking 1240711 as yet unmatched pairs. 35888 records in RAM.
INFO	2024-07-03 09:25:56	MarkDuplicates	Read    49,000,000 records.  Elapsed time: 00:03:15s.  Time for last 1,000,000:   15s.  Last read position: NC_045542.1_RagTag:129,057,486
INFO	2024-07-03 09:25:56	MarkDuplicates	Tracking 1263220 as yet unmatched pairs. 31646 records in RAM.
INFO	2024-07-03 09:25:59	MarkDuplicates	Read    50,000,000 records.  Elapsed time: 00:03:18s.  Time for last 1,000,000:    3s.  Last read position: NC_045542.1_RagTag:135,435,500
INFO	2024-07-03 09:25:59	MarkDuplicates	Tracking 1290347 as yet unmatched pairs. 25873 records in RAM.
INFO	2024-07-03 09:26:17	MarkDuplicates	Read    51,000,000 records.  Elapsed time: 00:03:36s.  Time for last 1,000,000:   17s.  Last read position: NC_045542.1_RagTag:141,599,258
INFO	2024-07-03 09:26:17	MarkDuplicates	Tracking 1320512 as yet unmatched pairs. 20260 records in RAM.
INFO	2024-07-03 09:26:20	MarkDuplicates	Read    52,000,000 records.  Elapsed time: 00:03:39s.  Time for last 1,000,000:    3s.  Last read position: NC_045542.1_RagTag:147,258,425
INFO	2024-07-03 09:26:20	MarkDuplicates	Tracking 1358027 as yet unmatched pairs. 13659 records in RAM.
INFO	2024-07-03 09:26:24	MarkDuplicates	Read    53,000,000 records.  Elapsed time: 00:03:43s.  Time for last 1,000,000:    3s.  Last read position: NC_045542.1_RagTag:153,540,146
INFO	2024-07-03 09:26:24	MarkDuplicates	Tracking 1395832 as yet unmatched pairs. 7418 records in RAM.
INFO	2024-07-03 09:26:29	MarkDuplicates	Read    54,000,000 records.  Elapsed time: 00:03:48s.  Time for last 1,000,000:    5s.  Last read position: NC_045543.1_RagTag:431,417
INFO	2024-07-03 09:26:29	MarkDuplicates	Tracking 1435802 as yet unmatched pairs. 103329 records in RAM.
INFO	2024-07-03 09:26:33	MarkDuplicates	Read    55,000,000 records.  Elapsed time: 00:03:52s.  Time for last 1,000,000:    3s.  Last read position: NC_045543.1_RagTag:6,535,924
INFO	2024-07-03 09:26:33	MarkDuplicates	Tracking 1461319 as yet unmatched pairs. 98776 records in RAM.
INFO	2024-07-03 09:26:36	MarkDuplicates	Read    56,000,000 records.  Elapsed time: 00:03:55s.  Time for last 1,000,000:    3s.  Last read position: NC_045543.1_RagTag:12,749,703
INFO	2024-07-03 09:26:36	MarkDuplicates	Tracking 1477400 as yet unmatched pairs. 95599 records in RAM.
INFO	2024-07-03 09:26:39	MarkDuplicates	Read    57,000,000 records.  Elapsed time: 00:03:58s.  Time for last 1,000,000:    3s.  Last read position: NC_045543.1_RagTag:19,036,868
INFO	2024-07-03 09:26:39	MarkDuplicates	Tracking 1495233 as yet unmatched pairs. 91879 records in RAM.
INFO	2024-07-03 09:26:42	MarkDuplicates	Read    58,000,000 records.  Elapsed time: 00:04:01s.  Time for last 1,000,000:    3s.  Last read position: NC_045543.1_RagTag:25,482,397
INFO	2024-07-03 09:26:42	MarkDuplicates	Tracking 1516699 as yet unmatched pairs. 87169 records in RAM.
INFO	2024-07-03 09:26:46	MarkDuplicates	Read    59,000,000 records.  Elapsed time: 00:04:05s.  Time for last 1,000,000:    3s.  Last read position: NC_045543.1_RagTag:31,652,175
INFO	2024-07-03 09:26:46	MarkDuplicates	Tracking 1535738 as yet unmatched pairs. 82360 records in RAM.
INFO	2024-07-03 09:26:49	MarkDuplicates	Read    60,000,000 records.  Elapsed time: 00:04:08s.  Time for last 1,000,000:    3s.  Last read position: NC_045543.1_RagTag:38,024,766
INFO	2024-07-03 09:26:49	MarkDuplicates	Tracking 1553438 as yet unmatched pairs. 77962 records in RAM.
INFO	2024-07-03 09:26:52	MarkDuplicates	Read    61,000,000 records.  Elapsed time: 00:04:11s.  Time for last 1,000,000:    3s.  Last read position: NC_045543.1_RagTag:44,472,257
INFO	2024-07-03 09:26:52	MarkDuplicates	Tracking 1569313 as yet unmatched pairs. 73522 records in RAM.
INFO	2024-07-03 09:26:55	MarkDuplicates	Read    62,000,000 records.  Elapsed time: 00:04:14s.  Time for last 1,000,000:    3s.  Last read position: NC_045543.1_RagTag:50,775,427
INFO	2024-07-03 09:26:55	MarkDuplicates	Tracking 1585574 as yet unmatched pairs. 69069 records in RAM.
INFO	2024-07-03 09:26:58	MarkDuplicates	Read    63,000,000 records.  Elapsed time: 00:04:17s.  Time for last 1,000,000:    3s.  Last read position: NC_045543.1_RagTag:57,166,026
INFO	2024-07-03 09:26:58	MarkDuplicates	Tracking 1599493 as yet unmatched pairs. 64872 records in RAM.
INFO	2024-07-03 09:27:02	MarkDuplicates	Read    64,000,000 records.  Elapsed time: 00:04:21s.  Time for last 1,000,000:    3s.  Last read position: NC_045543.1_RagTag:63,481,705
INFO	2024-07-03 09:27:02	MarkDuplicates	Tracking 1615015 as yet unmatched pairs. 60278 records in RAM.
INFO	2024-07-03 09:27:05	MarkDuplicates	Read    65,000,000 records.  Elapsed time: 00:04:24s.  Time for last 1,000,000:    3s.  Last read position: NC_045543.1_RagTag:69,951,189
INFO	2024-07-03 09:27:05	MarkDuplicates	Tracking 1628644 as yet unmatched pairs. 55992 records in RAM.
INFO	2024-07-03 09:27:08	MarkDuplicates	Read    66,000,000 records.  Elapsed time: 00:04:27s.  Time for last 1,000,000:    3s.  Last read position: NC_045543.1_RagTag:76,200,956
INFO	2024-07-03 09:27:08	MarkDuplicates	Tracking 1642482 as yet unmatched pairs. 51263 records in RAM.
INFO	2024-07-03 09:27:11	MarkDuplicates	Read    67,000,000 records.  Elapsed time: 00:04:30s.  Time for last 1,000,000:    3s.  Last read position: NC_045543.1_RagTag:82,845,791
INFO	2024-07-03 09:27:11	MarkDuplicates	Tracking 1659218 as yet unmatched pairs. 45179 records in RAM.
INFO	2024-07-03 09:27:15	MarkDuplicates	Read    68,000,000 records.  Elapsed time: 00:04:34s.  Time for last 1,000,000:    3s.  Last read position: NC_045543.1_RagTag:89,111,058
INFO	2024-07-03 09:27:15	MarkDuplicates	Tracking 1679246 as yet unmatched pairs. 37954 records in RAM.
INFO	2024-07-03 09:27:18	MarkDuplicates	Read    69,000,000 records.  Elapsed time: 00:04:37s.  Time for last 1,000,000:    3s.  Last read position: NC_045543.1_RagTag:95,331,740
INFO	2024-07-03 09:27:18	MarkDuplicates	Tracking 1707447 as yet unmatched pairs. 28607 records in RAM.
INFO	2024-07-03 09:27:21	MarkDuplicates	Read    70,000,000 records.  Elapsed time: 00:04:40s.  Time for last 1,000,000:    3s.  Last read position: NC_045543.1_RagTag:101,513,549
INFO	2024-07-03 09:27:21	MarkDuplicates	Tracking 1751026 as yet unmatched pairs. 15787 records in RAM.
INFO	2024-07-03 09:27:25	MarkDuplicates	Read    71,000,000 records.  Elapsed time: 00:04:44s.  Time for last 1,000,000:    3s.  Last read position: NC_045543.1_RagTag:108,501,347
INFO	2024-07-03 09:27:25	MarkDuplicates	Tracking 1796290 as yet unmatched pairs. 1593 records in RAM.
INFO	2024-07-03 09:27:31	MarkDuplicates	Read    72,000,000 records.  Elapsed time: 00:04:50s.  Time for last 1,000,000:    5s.  Last read position: NC_045544.1_RagTag:5,735,498
INFO	2024-07-03 09:27:31	MarkDuplicates	Tracking 1816586 as yet unmatched pairs. 183943 records in RAM.
INFO	2024-07-03 09:27:34	MarkDuplicates	Read    73,000,000 records.  Elapsed time: 00:04:53s.  Time for last 1,000,000:    3s.  Last read position: NC_045544.1_RagTag:11,834,794
INFO	2024-07-03 09:27:34	MarkDuplicates	Tracking 1832991 as yet unmatched pairs. 178946 records in RAM.
INFO	2024-07-03 09:27:49	MarkDuplicates	Read    74,000,000 records.  Elapsed time: 00:05:09s.  Time for last 1,000,000:   15s.  Last read position: NC_045544.1_RagTag:18,114,842
INFO	2024-07-03 09:27:49	MarkDuplicates	Tracking 1849605 as yet unmatched pairs. 173472 records in RAM.
INFO	2024-07-03 09:27:53	MarkDuplicates	Read    75,000,000 records.  Elapsed time: 00:05:12s.  Time for last 1,000,000:    3s.  Last read position: NC_045544.1_RagTag:24,357,398
INFO	2024-07-03 09:27:53	MarkDuplicates	Tracking 1866147 as yet unmatched pairs. 167455 records in RAM.
INFO	2024-07-03 09:27:56	MarkDuplicates	Read    76,000,000 records.  Elapsed time: 00:05:15s.  Time for last 1,000,000:    3s.  Last read position: NC_045544.1_RagTag:30,656,589
INFO	2024-07-03 09:27:56	MarkDuplicates	Tracking 1880968 as yet unmatched pairs. 161925 records in RAM.
INFO	2024-07-03 09:27:59	MarkDuplicates	Read    77,000,000 records.  Elapsed time: 00:05:18s.  Time for last 1,000,000:    3s.  Last read position: NC_045544.1_RagTag:36,658,091
INFO	2024-07-03 09:27:59	MarkDuplicates	Tracking 1896248 as yet unmatched pairs. 155919 records in RAM.
INFO	2024-07-03 09:28:03	MarkDuplicates	Read    78,000,000 records.  Elapsed time: 00:05:22s.  Time for last 1,000,000:    3s.  Last read position: NC_045544.1_RagTag:43,112,059
INFO	2024-07-03 09:28:03	MarkDuplicates	Tracking 1912783 as yet unmatched pairs. 149455 records in RAM.
INFO	2024-07-03 09:28:06	MarkDuplicates	Read    79,000,000 records.  Elapsed time: 00:05:25s.  Time for last 1,000,000:    3s.  Last read position: NC_045544.1_RagTag:49,397,578
INFO	2024-07-03 09:28:06	MarkDuplicates	Tracking 1928101 as yet unmatched pairs. 142926 records in RAM.
INFO	2024-07-03 09:28:09	MarkDuplicates	Read    80,000,000 records.  Elapsed time: 00:05:28s.  Time for last 1,000,000:    3s.  Last read position: NC_045544.1_RagTag:55,766,861
INFO	2024-07-03 09:28:09	MarkDuplicates	Tracking 1941777 as yet unmatched pairs. 136724 records in RAM.
INFO	2024-07-03 09:28:12	MarkDuplicates	Read    81,000,000 records.  Elapsed time: 00:05:31s.  Time for last 1,000,000:    3s.  Last read position: NC_045544.1_RagTag:62,159,432
INFO	2024-07-03 09:28:12	MarkDuplicates	Tracking 1954861 as yet unmatched pairs. 130663 records in RAM.
INFO	2024-07-03 09:28:16	MarkDuplicates	Read    82,000,000 records.  Elapsed time: 00:05:35s.  Time for last 1,000,000:    3s.  Last read position: NC_045544.1_RagTag:68,561,336
INFO	2024-07-03 09:28:16	MarkDuplicates	Tracking 1967078 as yet unmatched pairs. 124308 records in RAM.
INFO	2024-07-03 09:28:19	MarkDuplicates	Read    83,000,000 records.  Elapsed time: 00:05:38s.  Time for last 1,000,000:    3s.  Last read position: NC_045544.1_RagTag:74,776,700
INFO	2024-07-03 09:28:19	MarkDuplicates	Tracking 1979418 as yet unmatched pairs. 117581 records in RAM.
INFO	2024-07-03 09:28:22	MarkDuplicates	Read    84,000,000 records.  Elapsed time: 00:05:41s.  Time for last 1,000,000:    3s.  Last read position: NC_045544.1_RagTag:81,026,484
INFO	2024-07-03 09:28:22	MarkDuplicates	Tracking 1992161 as yet unmatched pairs. 111261 records in RAM.
INFO	2024-07-03 09:28:27	MarkDuplicates	Read    85,000,000 records.  Elapsed time: 00:05:46s.  Time for last 1,000,000:    4s.  Last read position: NC_045544.1_RagTag:87,292,672
INFO	2024-07-03 09:28:27	MarkDuplicates	Tracking 2004803 as yet unmatched pairs. 104275 records in RAM.
INFO	2024-07-03 09:28:30	MarkDuplicates	Read    86,000,000 records.  Elapsed time: 00:05:49s.  Time for last 1,000,000:    3s.  Last read position: NC_045544.1_RagTag:93,587,658
INFO	2024-07-03 09:28:30	MarkDuplicates	Tracking 2016669 as yet unmatched pairs. 97761 records in RAM.
INFO	2024-07-03 09:28:34	MarkDuplicates	Read    87,000,000 records.  Elapsed time: 00:05:53s.  Time for last 1,000,000:    3s.  Last read position: NC_045544.1_RagTag:99,682,105
INFO	2024-07-03 09:28:34	MarkDuplicates	Tracking 2027430 as yet unmatched pairs. 91162 records in RAM.
INFO	2024-07-03 09:28:37	MarkDuplicates	Read    88,000,000 records.  Elapsed time: 00:05:56s.  Time for last 1,000,000:    3s.  Last read position: NC_045544.1_RagTag:105,989,641
INFO	2024-07-03 09:28:37	MarkDuplicates	Tracking 2037389 as yet unmatched pairs. 84553 records in RAM.
INFO	2024-07-03 09:28:40	MarkDuplicates	Read    89,000,000 records.  Elapsed time: 00:05:59s.  Time for last 1,000,000:    3s.  Last read position: NC_045544.1_RagTag:112,268,775
INFO	2024-07-03 09:28:40	MarkDuplicates	Tracking 2047570 as yet unmatched pairs. 78181 records in RAM.
INFO	2024-07-03 09:28:43	MarkDuplicates	Read    90,000,000 records.  Elapsed time: 00:06:02s.  Time for last 1,000,000:    3s.  Last read position: NC_045544.1_RagTag:118,558,431
INFO	2024-07-03 09:28:43	MarkDuplicates	Tracking 2058278 as yet unmatched pairs. 71500 records in RAM.
INFO	2024-07-03 09:28:46	MarkDuplicates	Read    91,000,000 records.  Elapsed time: 00:06:05s.  Time for last 1,000,000:    3s.  Last read position: NC_045544.1_RagTag:124,907,379
INFO	2024-07-03 09:28:46	MarkDuplicates	Tracking 2069109 as yet unmatched pairs. 64117 records in RAM.
INFO	2024-07-03 09:28:50	MarkDuplicates	Read    92,000,000 records.  Elapsed time: 00:06:09s.  Time for last 1,000,000:    3s.  Last read position: NC_045544.1_RagTag:131,274,898
INFO	2024-07-03 09:28:50	MarkDuplicates	Tracking 2085347 as yet unmatched pairs. 53830 records in RAM.
INFO	2024-07-03 09:28:53	MarkDuplicates	Read    93,000,000 records.  Elapsed time: 00:06:12s.  Time for last 1,000,000:    3s.  Last read position: NC_045544.1_RagTag:137,690,312
INFO	2024-07-03 09:28:53	MarkDuplicates	Tracking 2096845 as yet unmatched pairs. 45223 records in RAM.
INFO	2024-07-03 09:28:56	MarkDuplicates	Read    94,000,000 records.  Elapsed time: 00:06:15s.  Time for last 1,000,000:    3s.  Last read position: NC_045544.1_RagTag:144,085,367
INFO	2024-07-03 09:28:56	MarkDuplicates	Tracking 2110660 as yet unmatched pairs. 34844 records in RAM.
INFO	2024-07-03 09:28:59	MarkDuplicates	Read    95,000,000 records.  Elapsed time: 00:06:19s.  Time for last 1,000,000:    3s.  Last read position: NC_045544.1_RagTag:150,585,840
INFO	2024-07-03 09:28:59	MarkDuplicates	Tracking 2132167 as yet unmatched pairs. 19824 records in RAM.
INFO	2024-07-03 09:29:03	MarkDuplicates	Read    96,000,000 records.  Elapsed time: 00:06:22s.  Time for last 1,000,000:    3s.  Last read position: NC_045544.1_RagTag:158,116,908
INFO	2024-07-03 09:29:03	MarkDuplicates	Tracking 2163674 as yet unmatched pairs. 2696 records in RAM.
INFO	2024-07-03 09:29:08	MarkDuplicates	Read    97,000,000 records.  Elapsed time: 00:06:27s.  Time for last 1,000,000:    5s.  Last read position: NC_045545.1_RagTag:4,788,100
INFO	2024-07-03 09:29:08	MarkDuplicates	Tracking 2179070 as yet unmatched pairs. 140314 records in RAM.
INFO	2024-07-03 09:29:12	MarkDuplicates	Read    98,000,000 records.  Elapsed time: 00:06:31s.  Time for last 1,000,000:    3s.  Last read position: NC_045545.1_RagTag:11,130,637
INFO	2024-07-03 09:29:12	MarkDuplicates	Tracking 2189076 as yet unmatched pairs. 131780 records in RAM.
INFO	2024-07-03 09:29:27	MarkDuplicates	Read    99,000,000 records.  Elapsed time: 00:06:46s.  Time for last 1,000,000:   15s.  Last read position: NC_045545.1_RagTag:17,386,603
INFO	2024-07-03 09:29:27	MarkDuplicates	Tracking 2197414 as yet unmatched pairs. 124114 records in RAM.
INFO	2024-07-03 09:29:30	MarkDuplicates	Read   100,000,000 records.  Elapsed time: 00:06:49s.  Time for last 1,000,000:    3s.  Last read position: NC_045545.1_RagTag:23,698,451
INFO	2024-07-03 09:29:30	MarkDuplicates	Tracking 2207617 as yet unmatched pairs. 116041 records in RAM.
INFO	2024-07-03 09:29:49	MarkDuplicates	Read   101,000,000 records.  Elapsed time: 00:07:08s.  Time for last 1,000,000:   18s.  Last read position: NC_045545.1_RagTag:29,949,287
INFO	2024-07-03 09:29:49	MarkDuplicates	Tracking 2216366 as yet unmatched pairs. 108647 records in RAM.
INFO	2024-07-03 09:29:52	MarkDuplicates	Read   102,000,000 records.  Elapsed time: 00:07:11s.  Time for last 1,000,000:    3s.  Last read position: NC_045545.1_RagTag:36,344,955
INFO	2024-07-03 09:29:52	MarkDuplicates	Tracking 2224090 as yet unmatched pairs. 100705 records in RAM.
INFO	2024-07-03 09:29:56	MarkDuplicates	Read   103,000,000 records.  Elapsed time: 00:07:15s.  Time for last 1,000,000:    3s.  Last read position: NC_045545.1_RagTag:42,630,377
INFO	2024-07-03 09:29:56	MarkDuplicates	Tracking 2231295 as yet unmatched pairs. 92932 records in RAM.
INFO	2024-07-03 09:29:59	MarkDuplicates	Read   104,000,000 records.  Elapsed time: 00:07:18s.  Time for last 1,000,000:    3s.  Last read position: NC_045545.1_RagTag:48,860,490
INFO	2024-07-03 09:29:59	MarkDuplicates	Tracking 2238185 as yet unmatched pairs. 85627 records in RAM.
INFO	2024-07-03 09:30:02	MarkDuplicates	Read   105,000,000 records.  Elapsed time: 00:07:21s.  Time for last 1,000,000:    3s.  Last read position: NC_045545.1_RagTag:55,223,500
INFO	2024-07-03 09:30:02	MarkDuplicates	Tracking 2245917 as yet unmatched pairs. 77989 records in RAM.
INFO	2024-07-03 09:30:05	MarkDuplicates	Read   106,000,000 records.  Elapsed time: 00:07:24s.  Time for last 1,000,000:    3s.  Last read position: NC_045545.1_RagTag:61,486,650
INFO	2024-07-03 09:30:05	MarkDuplicates	Tracking 2252211 as yet unmatched pairs. 70435 records in RAM.
INFO	2024-07-03 09:30:08	MarkDuplicates	Read   107,000,000 records.  Elapsed time: 00:07:28s.  Time for last 1,000,000:    3s.  Last read position: NC_045545.1_RagTag:67,783,163
INFO	2024-07-03 09:30:08	MarkDuplicates	Tracking 2260214 as yet unmatched pairs. 61314 records in RAM.
INFO	2024-07-03 09:30:12	MarkDuplicates	Read   108,000,000 records.  Elapsed time: 00:07:31s.  Time for last 1,000,000:    3s.  Last read position: NC_045545.1_RagTag:73,885,777
INFO	2024-07-03 09:30:12	MarkDuplicates	Tracking 2270709 as yet unmatched pairs. 50179 records in RAM.
INFO	2024-07-03 09:30:15	MarkDuplicates	Read   109,000,000 records.  Elapsed time: 00:07:34s.  Time for last 1,000,000:    3s.  Last read position: NC_045545.1_RagTag:80,225,894
INFO	2024-07-03 09:30:15	MarkDuplicates	Tracking 2283894 as yet unmatched pairs. 35442 records in RAM.
INFO	2024-07-03 09:30:18	MarkDuplicates	Read   110,000,000 records.  Elapsed time: 00:07:37s.  Time for last 1,000,000:    3s.  Last read position: NC_045545.1_RagTag:87,157,655
INFO	2024-07-03 09:30:18	MarkDuplicates	Tracking 2306131 as yet unmatched pairs. 14960 records in RAM.
INFO	2024-07-03 09:30:25	MarkDuplicates	Read   111,000,000 records.  Elapsed time: 00:07:44s.  Time for last 1,000,000:    6s.  Last read position: NC_045546.1_RagTag:1,738,735
INFO	2024-07-03 09:30:25	MarkDuplicates	Tracking 2329721 as yet unmatched pairs. 204238 records in RAM.
INFO	2024-07-03 09:30:28	MarkDuplicates	Read   112,000,000 records.  Elapsed time: 00:07:47s.  Time for last 1,000,000:    3s.  Last read position: NC_045546.1_RagTag:9,052,795
INFO	2024-07-03 09:30:28	MarkDuplicates	Tracking 2357313 as yet unmatched pairs. 184074 records in RAM.
INFO	2024-07-03 09:30:32	MarkDuplicates	Read   113,000,000 records.  Elapsed time: 00:07:51s.  Time for last 1,000,000:    3s.  Last read position: NC_045546.1_RagTag:15,590,247
INFO	2024-07-03 09:30:32	MarkDuplicates	Tracking 2373969 as yet unmatched pairs. 167182 records in RAM.
INFO	2024-07-03 09:30:35	MarkDuplicates	Read   114,000,000 records.  Elapsed time: 00:07:54s.  Time for last 1,000,000:    3s.  Last read position: NC_045546.1_RagTag:21,981,174
INFO	2024-07-03 09:30:35	MarkDuplicates	Tracking 2382945 as yet unmatched pairs. 154559 records in RAM.
INFO	2024-07-03 09:30:38	MarkDuplicates	Read   115,000,000 records.  Elapsed time: 00:07:57s.  Time for last 1,000,000:    3s.  Last read position: NC_045546.1_RagTag:28,354,544
INFO	2024-07-03 09:30:38	MarkDuplicates	Tracking 2388563 as yet unmatched pairs. 144880 records in RAM.
INFO	2024-07-03 09:30:41	MarkDuplicates	Read   116,000,000 records.  Elapsed time: 00:08:01s.  Time for last 1,000,000:    3s.  Last read position: NC_045546.1_RagTag:34,667,662
INFO	2024-07-03 09:30:41	MarkDuplicates	Tracking 2394540 as yet unmatched pairs. 136167 records in RAM.
INFO	2024-07-03 09:30:45	MarkDuplicates	Read   117,000,000 records.  Elapsed time: 00:08:04s.  Time for last 1,000,000:    3s.  Last read position: NC_045546.1_RagTag:41,084,343
INFO	2024-07-03 09:30:45	MarkDuplicates	Tracking 2399635 as yet unmatched pairs. 127397 records in RAM.
INFO	2024-07-03 09:30:48	MarkDuplicates	Read   118,000,000 records.  Elapsed time: 00:08:07s.  Time for last 1,000,000:    3s.  Last read position: NC_045546.1_RagTag:47,558,068
INFO	2024-07-03 09:30:48	MarkDuplicates	Tracking 2407018 as yet unmatched pairs. 117714 records in RAM.
INFO	2024-07-03 09:30:51	MarkDuplicates	Read   119,000,000 records.  Elapsed time: 00:08:10s.  Time for last 1,000,000:    3s.  Last read position: NC_045546.1_RagTag:53,909,532
INFO	2024-07-03 09:30:51	MarkDuplicates	Tracking 2412894 as yet unmatched pairs. 108512 records in RAM.
INFO	2024-07-03 09:30:54	MarkDuplicates	Read   120,000,000 records.  Elapsed time: 00:08:13s.  Time for last 1,000,000:    3s.  Last read position: NC_045546.1_RagTag:59,960,198
INFO	2024-07-03 09:30:54	MarkDuplicates	Tracking 2421744 as yet unmatched pairs. 97718 records in RAM.
INFO	2024-07-03 09:30:58	MarkDuplicates	Read   121,000,000 records.  Elapsed time: 00:08:17s.  Time for last 1,000,000:    3s.  Last read position: NC_045546.1_RagTag:66,045,261
INFO	2024-07-03 09:30:58	MarkDuplicates	Tracking 2438910 as yet unmatched pairs. 83924 records in RAM.
INFO	2024-07-03 09:31:01	MarkDuplicates	Read   122,000,000 records.  Elapsed time: 00:08:20s.  Time for last 1,000,000:    3s.  Last read position: NC_045546.1_RagTag:71,929,882
INFO	2024-07-03 09:31:01	MarkDuplicates	Tracking 2471732 as yet unmatched pairs. 68804 records in RAM.
INFO	2024-07-03 09:31:17	MarkDuplicates	Read   123,000,000 records.  Elapsed time: 00:08:36s.  Time for last 1,000,000:   15s.  Last read position: NC_045546.1_RagTag:77,921,349
INFO	2024-07-03 09:31:17	MarkDuplicates	Tracking 2483143 as yet unmatched pairs. 53762 records in RAM.
INFO	2024-07-03 09:31:20	MarkDuplicates	Read   124,000,000 records.  Elapsed time: 00:08:39s.  Time for last 1,000,000:    3s.  Last read position: NC_045546.1_RagTag:83,845,124
INFO	2024-07-03 09:31:20	MarkDuplicates	Tracking 2492067 as yet unmatched pairs. 39153 records in RAM.
INFO	2024-07-03 09:31:23	MarkDuplicates	Read   125,000,000 records.  Elapsed time: 00:08:42s.  Time for last 1,000,000:    3s.  Last read position: NC_045546.1_RagTag:89,941,056
INFO	2024-07-03 09:31:23	MarkDuplicates	Tracking 2498218 as yet unmatched pairs. 27730 records in RAM.
INFO	2024-07-03 09:31:26	MarkDuplicates	Read   126,000,000 records.  Elapsed time: 00:08:45s.  Time for last 1,000,000:    3s.  Last read position: NC_045546.1_RagTag:96,272,790
INFO	2024-07-03 09:31:26	MarkDuplicates	Tracking 2502244 as yet unmatched pairs. 16392 records in RAM.
INFO	2024-07-03 09:31:29	MarkDuplicates	Read   127,000,000 records.  Elapsed time: 00:08:49s.  Time for last 1,000,000:    3s.  Last read position: NC_045546.1_RagTag:102,620,861
INFO	2024-07-03 09:31:29	MarkDuplicates	Tracking 2508038 as yet unmatched pairs. 2369 records in RAM.
INFO	2024-07-03 09:31:36	MarkDuplicates	Read   128,000,000 records.  Elapsed time: 00:08:55s.  Time for last 1,000,000:    6s.  Last read position: NC_045547.1_RagTag:6,330,715
INFO	2024-07-03 09:31:36	MarkDuplicates	Tracking 2524712 as yet unmatched pairs. 229407 records in RAM.
INFO	2024-07-03 09:31:40	MarkDuplicates	Read   129,000,000 records.  Elapsed time: 00:08:59s.  Time for last 1,000,000:    3s.  Last read position: NC_045547.1_RagTag:12,928,185
INFO	2024-07-03 09:31:40	MarkDuplicates	Tracking 2537166 as yet unmatched pairs. 208032 records in RAM.
INFO	2024-07-03 09:31:43	MarkDuplicates	Read   130,000,000 records.  Elapsed time: 00:09:02s.  Time for last 1,000,000:    3s.  Last read position: NC_045547.1_RagTag:19,295,549
INFO	2024-07-03 09:31:43	MarkDuplicates	Tracking 2542434 as yet unmatched pairs. 193474 records in RAM.
INFO	2024-07-03 09:31:46	MarkDuplicates	Read   131,000,000 records.  Elapsed time: 00:09:05s.  Time for last 1,000,000:    3s.  Last read position: NC_045547.1_RagTag:25,522,353
INFO	2024-07-03 09:31:46	MarkDuplicates	Tracking 2546334 as yet unmatched pairs. 180237 records in RAM.
INFO	2024-07-03 09:31:50	MarkDuplicates	Read   132,000,000 records.  Elapsed time: 00:09:09s.  Time for last 1,000,000:    3s.  Last read position: NC_045547.1_RagTag:31,682,397
INFO	2024-07-03 09:31:50	MarkDuplicates	Tracking 2548969 as yet unmatched pairs. 169273 records in RAM.
INFO	2024-07-03 09:31:53	MarkDuplicates	Read   133,000,000 records.  Elapsed time: 00:09:12s.  Time for last 1,000,000:    3s.  Last read position: NC_045547.1_RagTag:37,757,843
INFO	2024-07-03 09:31:53	MarkDuplicates	Tracking 2551550 as yet unmatched pairs. 158791 records in RAM.
INFO	2024-07-03 09:31:58	MarkDuplicates	Read   134,000,000 records.  Elapsed time: 00:09:17s.  Time for last 1,000,000:    4s.  Last read position: NC_045547.1_RagTag:44,182,753
INFO	2024-07-03 09:31:58	MarkDuplicates	Tracking 2554179 as yet unmatched pairs. 147040 records in RAM.
INFO	2024-07-03 09:32:01	MarkDuplicates	Read   135,000,000 records.  Elapsed time: 00:09:20s.  Time for last 1,000,000:    3s.  Last read position: NC_045547.1_RagTag:50,405,839
INFO	2024-07-03 09:32:01	MarkDuplicates	Tracking 2558307 as yet unmatched pairs. 133727 records in RAM.
INFO	2024-07-03 09:32:04	MarkDuplicates	Read   136,000,000 records.  Elapsed time: 00:09:23s.  Time for last 1,000,000:    3s.  Last read position: NC_045547.1_RagTag:56,687,888
INFO	2024-07-03 09:32:04	MarkDuplicates	Tracking 2565778 as yet unmatched pairs. 115469 records in RAM.
INFO	2024-07-03 09:32:08	MarkDuplicates	Read   137,000,000 records.  Elapsed time: 00:09:27s.  Time for last 1,000,000:    3s.  Last read position: NC_045547.1_RagTag:62,325,722
INFO	2024-07-03 09:32:08	MarkDuplicates	Tracking 2575616 as yet unmatched pairs. 94052 records in RAM.
INFO	2024-07-03 09:32:11	MarkDuplicates	Read   138,000,000 records.  Elapsed time: 00:09:30s.  Time for last 1,000,000:    3s.  Last read position: NC_045547.1_RagTag:68,236,719
INFO	2024-07-03 09:32:11	MarkDuplicates	Tracking 2579715 as yet unmatched pairs. 77046 records in RAM.
INFO	2024-07-03 09:32:14	MarkDuplicates	Read   139,000,000 records.  Elapsed time: 00:09:33s.  Time for last 1,000,000:    3s.  Last read position: NC_045547.1_RagTag:74,577,941
INFO	2024-07-03 09:32:14	MarkDuplicates	Tracking 2582504 as yet unmatched pairs. 61369 records in RAM.
INFO	2024-07-03 09:32:18	MarkDuplicates	Read   140,000,000 records.  Elapsed time: 00:09:37s.  Time for last 1,000,000:    3s.  Last read position: NC_045547.1_RagTag:80,904,034
INFO	2024-07-03 09:32:18	MarkDuplicates	Tracking 2587566 as yet unmatched pairs. 40298 records in RAM.
INFO	2024-07-03 09:32:21	MarkDuplicates	Read   141,000,000 records.  Elapsed time: 00:09:40s.  Time for last 1,000,000:    3s.  Last read position: NC_045547.1_RagTag:87,811,452
INFO	2024-07-03 09:32:21	MarkDuplicates	Tracking 2599042 as yet unmatched pairs. 14334 records in RAM.
INFO	2024-07-03 09:32:27	MarkDuplicates	Read   142,000,000 records.  Elapsed time: 00:09:46s.  Time for last 1,000,000:    5s.  Last read position: NC_045548.1_RagTag:2,298,727
INFO	2024-07-03 09:32:27	MarkDuplicates	Tracking 2608421 as yet unmatched pairs. 181451 records in RAM.
INFO	2024-07-03 09:32:30	MarkDuplicates	Read   143,000,000 records.  Elapsed time: 00:09:50s.  Time for last 1,000,000:    3s.  Last read position: NC_045548.1_RagTag:8,477,678
INFO	2024-07-03 09:32:30	MarkDuplicates	Tracking 2609003 as yet unmatched pairs. 169349 records in RAM.
INFO	2024-07-03 09:32:34	MarkDuplicates	Read   144,000,000 records.  Elapsed time: 00:09:53s.  Time for last 1,000,000:    3s.  Last read position: NC_045548.1_RagTag:14,565,533
INFO	2024-07-03 09:32:34	MarkDuplicates	Tracking 2609225 as yet unmatched pairs. 156744 records in RAM.
INFO	2024-07-03 09:32:37	MarkDuplicates	Read   145,000,000 records.  Elapsed time: 00:09:56s.  Time for last 1,000,000:    3s.  Last read position: NC_045548.1_RagTag:20,878,281
INFO	2024-07-03 09:32:37	MarkDuplicates	Tracking 2609355 as yet unmatched pairs. 144081 records in RAM.
INFO	2024-07-03 09:32:40	MarkDuplicates	Read   146,000,000 records.  Elapsed time: 00:09:59s.  Time for last 1,000,000:    3s.  Last read position: NC_045548.1_RagTag:27,091,332
INFO	2024-07-03 09:32:40	MarkDuplicates	Tracking 2608876 as yet unmatched pairs. 133360 records in RAM.
INFO	2024-07-03 09:32:43	MarkDuplicates	Read   147,000,000 records.  Elapsed time: 00:10:02s.  Time for last 1,000,000:    3s.  Last read position: NC_045548.1_RagTag:33,431,398
INFO	2024-07-03 09:32:43	MarkDuplicates	Tracking 2608669 as yet unmatched pairs. 121304 records in RAM.
INFO	2024-07-03 09:32:59	MarkDuplicates	Read   148,000,000 records.  Elapsed time: 00:10:18s.  Time for last 1,000,000:   15s.  Last read position: NC_045548.1_RagTag:39,852,080
INFO	2024-07-03 09:32:59	MarkDuplicates	Tracking 2608165 as yet unmatched pairs. 110437 records in RAM.
INFO	2024-07-03 09:33:02	MarkDuplicates	Read   149,000,000 records.  Elapsed time: 00:10:21s.  Time for last 1,000,000:    3s.  Last read position: NC_045548.1_RagTag:46,239,217
INFO	2024-07-03 09:33:02	MarkDuplicates	Tracking 2608376 as yet unmatched pairs. 97469 records in RAM.
INFO	2024-07-03 09:33:05	MarkDuplicates	Read   150,000,000 records.  Elapsed time: 00:10:24s.  Time for last 1,000,000:    3s.  Last read position: NC_045548.1_RagTag:52,663,275
INFO	2024-07-03 09:33:05	MarkDuplicates	Tracking 2608349 as yet unmatched pairs. 82920 records in RAM.
INFO	2024-07-03 09:33:24	MarkDuplicates	Read   151,000,000 records.  Elapsed time: 00:10:43s.  Time for last 1,000,000:   19s.  Last read position: NC_045548.1_RagTag:59,136,806
INFO	2024-07-03 09:33:24	MarkDuplicates	Tracking 2609455 as yet unmatched pairs. 61524 records in RAM.
INFO	2024-07-03 09:33:27	MarkDuplicates	Read   152,000,000 records.  Elapsed time: 00:10:46s.  Time for last 1,000,000:    3s.  Last read position: NC_045548.1_RagTag:66,014,346
INFO	2024-07-03 09:33:27	MarkDuplicates	Tracking 2612942 as yet unmatched pairs. 30965 records in RAM.
INFO	2024-07-03 09:33:31	MarkDuplicates	Read   153,000,000 records.  Elapsed time: 00:10:50s.  Time for last 1,000,000:    3s.  Last read position: NC_045548.1_RagTag:73,351,859
INFO	2024-07-03 09:33:31	MarkDuplicates	Tracking 2621018 as yet unmatched pairs. 1401 records in RAM.
INFO	2024-07-03 09:33:42	MarkDuplicates	Read   154,000,000 records.  Elapsed time: 00:11:01s.  Time for last 1,000,000:   10s.  Last read position: NC_045549.1_RagTag:6,624,238
INFO	2024-07-03 09:33:42	MarkDuplicates	Tracking 2627061 as yet unmatched pairs. 412340 records in RAM.
INFO	2024-07-03 09:33:45	MarkDuplicates	Read   155,000,000 records.  Elapsed time: 00:11:04s.  Time for last 1,000,000:    3s.  Last read position: NC_045549.1_RagTag:11,379,172
INFO	2024-07-03 09:33:45	MarkDuplicates	Tracking 2632787 as yet unmatched pairs. 392796 records in RAM.
INFO	2024-07-03 09:33:48	MarkDuplicates	Read   156,000,000 records.  Elapsed time: 00:11:07s.  Time for last 1,000,000:    3s.  Last read position: NC_045549.1_RagTag:17,718,034
INFO	2024-07-03 09:33:48	MarkDuplicates	Tracking 2630727 as yet unmatched pairs. 373691 records in RAM.
INFO	2024-07-03 09:33:52	MarkDuplicates	Read   157,000,000 records.  Elapsed time: 00:11:11s.  Time for last 1,000,000:    3s.  Last read position: NC_045549.1_RagTag:24,225,810
INFO	2024-07-03 09:33:52	MarkDuplicates	Tracking 2627958 as yet unmatched pairs. 358734 records in RAM.
INFO	2024-07-03 09:33:55	MarkDuplicates	Read   158,000,000 records.  Elapsed time: 00:11:14s.  Time for last 1,000,000:    3s.  Last read position: NC_045549.1_RagTag:30,517,026
INFO	2024-07-03 09:33:55	MarkDuplicates	Tracking 2625517 as yet unmatched pairs. 346582 records in RAM.
INFO	2024-07-03 09:33:58	MarkDuplicates	Read   159,000,000 records.  Elapsed time: 00:11:17s.  Time for last 1,000,000:    3s.  Last read position: NC_045549.1_RagTag:37,091,789
INFO	2024-07-03 09:33:58	MarkDuplicates	Tracking 2623091 as yet unmatched pairs. 333400 records in RAM.
INFO	2024-07-03 09:34:01	MarkDuplicates	Read   160,000,000 records.  Elapsed time: 00:11:20s.  Time for last 1,000,000:    3s.  Last read position: NC_045549.1_RagTag:43,442,619
INFO	2024-07-03 09:34:01	MarkDuplicates	Tracking 2620921 as yet unmatched pairs. 321352 records in RAM.
INFO	2024-07-03 09:34:04	MarkDuplicates	Read   161,000,000 records.  Elapsed time: 00:11:24s.  Time for last 1,000,000:    3s.  Last read position: NC_045549.1_RagTag:49,837,668
INFO	2024-07-03 09:34:04	MarkDuplicates	Tracking 2618636 as yet unmatched pairs. 307118 records in RAM.
INFO	2024-07-03 09:34:08	MarkDuplicates	Read   162,000,000 records.  Elapsed time: 00:11:27s.  Time for last 1,000,000:    3s.  Last read position: NC_045549.1_RagTag:56,170,054
INFO	2024-07-03 09:34:08	MarkDuplicates	Tracking 2617931 as yet unmatched pairs. 286089 records in RAM.
INFO	2024-07-03 09:34:11	MarkDuplicates	Read   163,000,000 records.  Elapsed time: 00:11:30s.  Time for last 1,000,000:    3s.  Last read position: NC_045549.1_RagTag:62,640,631
INFO	2024-07-03 09:34:11	MarkDuplicates	Tracking 2616850 as yet unmatched pairs. 262597 records in RAM.
INFO	2024-07-03 09:34:15	MarkDuplicates	Read   164,000,000 records.  Elapsed time: 00:11:34s.  Time for last 1,000,000:    3s.  Last read position: NC_045549.1_RagTag:69,118,475
INFO	2024-07-03 09:34:15	MarkDuplicates	Tracking 2613067 as yet unmatched pairs. 245751 records in RAM.
INFO	2024-07-03 09:34:18	MarkDuplicates	Read   165,000,000 records.  Elapsed time: 00:11:37s.  Time for last 1,000,000:    3s.  Last read position: NC_045549.1_RagTag:75,430,948
INFO	2024-07-03 09:34:18	MarkDuplicates	Tracking 2608932 as yet unmatched pairs. 230522 records in RAM.
INFO	2024-07-03 09:34:21	MarkDuplicates	Read   166,000,000 records.  Elapsed time: 00:11:40s.  Time for last 1,000,000:    3s.  Last read position: NC_045549.1_RagTag:81,768,063
INFO	2024-07-03 09:34:21	MarkDuplicates	Tracking 2605204 as yet unmatched pairs. 216616 records in RAM.
INFO	2024-07-03 09:34:24	MarkDuplicates	Read   167,000,000 records.  Elapsed time: 00:11:43s.  Time for last 1,000,000:    3s.  Last read position: NC_045549.1_RagTag:88,128,174
INFO	2024-07-03 09:34:24	MarkDuplicates	Tracking 2600118 as yet unmatched pairs. 197388 records in RAM.
INFO	2024-07-03 09:34:28	MarkDuplicates	Read   168,000,000 records.  Elapsed time: 00:11:47s.  Time for last 1,000,000:    3s.  Last read position: NC_045549.1_RagTag:94,560,231
INFO	2024-07-03 09:34:28	MarkDuplicates	Tracking 2595667 as yet unmatched pairs. 173120 records in RAM.
INFO	2024-07-03 09:34:31	MarkDuplicates	Read   169,000,000 records.  Elapsed time: 00:11:50s.  Time for last 1,000,000:    3s.  Last read position: NC_045549.1_RagTag:101,230,871
INFO	2024-07-03 09:34:31	MarkDuplicates	Tracking 2591295 as yet unmatched pairs. 142556 records in RAM.
INFO	2024-07-03 09:34:35	MarkDuplicates	Read   170,000,000 records.  Elapsed time: 00:11:54s.  Time for last 1,000,000:    3s.  Last read position: NC_045549.1_RagTag:107,878,715
INFO	2024-07-03 09:34:35	MarkDuplicates	Tracking 2589449 as yet unmatched pairs. 107180 records in RAM.
INFO	2024-07-03 09:34:38	MarkDuplicates	Read   171,000,000 records.  Elapsed time: 00:11:57s.  Time for last 1,000,000:    3s.  Last read position: NC_045549.1_RagTag:113,946,462
INFO	2024-07-03 09:34:38	MarkDuplicates	Tracking 2585029 as yet unmatched pairs. 84963 records in RAM.
INFO	2024-07-03 09:34:53	MarkDuplicates	Read   172,000,000 records.  Elapsed time: 00:12:12s.  Time for last 1,000,000:   15s.  Last read position: NC_045549.1_RagTag:120,618,535
INFO	2024-07-03 09:34:53	MarkDuplicates	Tracking 2577905 as yet unmatched pairs. 60174 records in RAM.
INFO	2024-07-03 09:34:57	MarkDuplicates	Read   173,000,000 records.  Elapsed time: 00:12:16s.  Time for last 1,000,000:    3s.  Last read position: NC_045549.1_RagTag:127,698,586
INFO	2024-07-03 09:34:57	MarkDuplicates	Tracking 2573479 as yet unmatched pairs. 20058 records in RAM.
INFO	2024-07-03 09:35:03	MarkDuplicates	Read   174,000,000 records.  Elapsed time: 00:12:22s.  Time for last 1,000,000:    6s.  Last read position: NC_045550.1_RagTag:2,082,990
INFO	2024-07-03 09:35:03	MarkDuplicates	Tracking 2569979 as yet unmatched pairs. 191181 records in RAM.
INFO	2024-07-03 09:35:06	MarkDuplicates	Read   175,000,000 records.  Elapsed time: 00:12:25s.  Time for last 1,000,000:    3s.  Last read position: NC_045550.1_RagTag:8,407,530
INFO	2024-07-03 09:35:06	MarkDuplicates	Tracking 2563939 as yet unmatched pairs. 175538 records in RAM.
INFO	2024-07-03 09:35:09	MarkDuplicates	Read   176,000,000 records.  Elapsed time: 00:12:28s.  Time for last 1,000,000:    3s.  Last read position: NC_045550.1_RagTag:14,707,780
INFO	2024-07-03 09:35:09	MarkDuplicates	Tracking 2558313 as yet unmatched pairs. 162386 records in RAM.
INFO	2024-07-03 09:35:12	MarkDuplicates	Read   177,000,000 records.  Elapsed time: 00:12:31s.  Time for last 1,000,000:    3s.  Last read position: NC_045550.1_RagTag:21,192,630
INFO	2024-07-03 09:35:12	MarkDuplicates	Tracking 2553527 as yet unmatched pairs. 149777 records in RAM.
INFO	2024-07-03 09:35:16	MarkDuplicates	Read   178,000,000 records.  Elapsed time: 00:12:35s.  Time for last 1,000,000:    3s.  Last read position: NC_045550.1_RagTag:27,608,799
INFO	2024-07-03 09:35:16	MarkDuplicates	Tracking 2548709 as yet unmatched pairs. 138393 records in RAM.
INFO	2024-07-03 09:35:19	MarkDuplicates	Read   179,000,000 records.  Elapsed time: 00:12:38s.  Time for last 1,000,000:    3s.  Last read position: NC_045550.1_RagTag:33,945,756
INFO	2024-07-03 09:35:19	MarkDuplicates	Tracking 2543935 as yet unmatched pairs. 126762 records in RAM.
INFO	2024-07-03 09:35:22	MarkDuplicates	Read   180,000,000 records.  Elapsed time: 00:12:41s.  Time for last 1,000,000:    3s.  Last read position: NC_045550.1_RagTag:40,210,003
INFO	2024-07-03 09:35:22	MarkDuplicates	Tracking 2539107 as yet unmatched pairs. 112845 records in RAM.
INFO	2024-07-03 09:35:25	MarkDuplicates	Read   181,000,000 records.  Elapsed time: 00:12:44s.  Time for last 1,000,000:    3s.  Last read position: NC_045550.1_RagTag:46,333,858
INFO	2024-07-03 09:35:25	MarkDuplicates	Tracking 2532399 as yet unmatched pairs. 96724 records in RAM.
INFO	2024-07-03 09:35:28	MarkDuplicates	Read   182,000,000 records.  Elapsed time: 00:12:47s.  Time for last 1,000,000:    3s.  Last read position: NC_045550.1_RagTag:52,744,525
INFO	2024-07-03 09:35:28	MarkDuplicates	Tracking 2524240 as yet unmatched pairs. 77095 records in RAM.
INFO	2024-07-03 09:35:32	MarkDuplicates	Read   183,000,000 records.  Elapsed time: 00:12:51s.  Time for last 1,000,000:    3s.  Last read position: NC_045550.1_RagTag:59,143,663
INFO	2024-07-03 09:35:32	MarkDuplicates	Tracking 2513813 as yet unmatched pairs. 49759 records in RAM.
INFO	2024-07-03 09:35:37	MarkDuplicates	Read   184,000,000 records.  Elapsed time: 00:12:56s.  Time for last 1,000,000:    5s.  Last read position: NC_045550.1_RagTag:66,214,314
INFO	2024-07-03 09:35:37	MarkDuplicates	Tracking 2503220 as yet unmatched pairs. 12261 records in RAM.
INFO	2024-07-03 09:35:41	MarkDuplicates	Read   185,000,000 records.  Elapsed time: 00:13:00s.  Time for last 1,000,000:    4s.  Last read position: NC_045551.1_RagTag:3,882,831
INFO	2024-07-03 09:35:41	MarkDuplicates	Tracking 2495981 as yet unmatched pairs. 89508 records in RAM.
INFO	2024-07-03 09:35:45	MarkDuplicates	Read   186,000,000 records.  Elapsed time: 00:13:04s.  Time for last 1,000,000:    3s.  Last read position: NC_045551.1_RagTag:9,943,158
INFO	2024-07-03 09:35:45	MarkDuplicates	Tracking 2489340 as yet unmatched pairs. 72348 records in RAM.
INFO	2024-07-03 09:35:48	MarkDuplicates	Read   187,000,000 records.  Elapsed time: 00:13:07s.  Time for last 1,000,000:    3s.  Last read position: NC_045551.1_RagTag:15,979,998
INFO	2024-07-03 09:35:48	MarkDuplicates	Tracking 2480706 as yet unmatched pairs. 50659 records in RAM.
INFO	2024-07-03 09:35:51	MarkDuplicates	Read   188,000,000 records.  Elapsed time: 00:13:10s.  Time for last 1,000,000:    3s.  Last read position: NC_045551.1_RagTag:22,126,613
INFO	2024-07-03 09:35:51	MarkDuplicates	Tracking 2470663 as yet unmatched pairs. 20318 records in RAM.
INFO	2024-07-03 09:35:58	MarkDuplicates	Read   189,000,000 records.  Elapsed time: 00:13:17s.  Time for last 1,000,000:    6s.  Last read position: NC_045552.1_RagTag:2,758,338
INFO	2024-07-03 09:35:58	MarkDuplicates	Tracking 2462703 as yet unmatched pairs. 252573 records in RAM.
INFO	2024-07-03 09:36:02	MarkDuplicates	Read   190,000,000 records.  Elapsed time: 00:13:21s.  Time for last 1,000,000:    3s.  Last read position: NC_045552.1_RagTag:9,714,150
INFO	2024-07-03 09:36:02	MarkDuplicates	Tracking 2452688 as yet unmatched pairs. 222729 records in RAM.
INFO	2024-07-03 09:36:05	MarkDuplicates	Read   191,000,000 records.  Elapsed time: 00:13:24s.  Time for last 1,000,000:    3s.  Last read position: NC_045552.1_RagTag:16,204,037
INFO	2024-07-03 09:36:05	MarkDuplicates	Tracking 2441364 as yet unmatched pairs. 196851 records in RAM.
INFO	2024-07-03 09:36:08	MarkDuplicates	Read   192,000,000 records.  Elapsed time: 00:13:27s.  Time for last 1,000,000:    3s.  Last read position: NC_045552.1_RagTag:23,025,592
INFO	2024-07-03 09:36:08	MarkDuplicates	Tracking 2427500 as yet unmatched pairs. 165982 records in RAM.
INFO	2024-07-03 09:36:12	MarkDuplicates	Read   193,000,000 records.  Elapsed time: 00:13:31s.  Time for last 1,000,000:    3s.  Last read position: NC_045552.1_RagTag:29,571,237
INFO	2024-07-03 09:36:12	MarkDuplicates	Tracking 2417727 as yet unmatched pairs. 138048 records in RAM.
INFO	2024-07-03 09:36:15	MarkDuplicates	Read   194,000,000 records.  Elapsed time: 00:13:34s.  Time for last 1,000,000:    3s.  Last read position: NC_045552.1_RagTag:36,479,825
INFO	2024-07-03 09:36:15	MarkDuplicates	Tracking 2404363 as yet unmatched pairs. 109827 records in RAM.
INFO	2024-07-03 09:36:18	MarkDuplicates	Read   195,000,000 records.  Elapsed time: 00:13:37s.  Time for last 1,000,000:    3s.  Last read position: NC_045552.1_RagTag:42,473,191
INFO	2024-07-03 09:36:18	MarkDuplicates	Tracking 2395735 as yet unmatched pairs. 82698 records in RAM.
INFO	2024-07-03 09:36:22	MarkDuplicates	Read   196,000,000 records.  Elapsed time: 00:13:41s.  Time for last 1,000,000:    3s.  Last read position: NC_045552.1_RagTag:48,998,507
INFO	2024-07-03 09:36:22	MarkDuplicates	Tracking 2379370 as yet unmatched pairs. 43282 records in RAM.
INFO	2024-07-03 09:36:37	MarkDuplicates	Read   197,000,000 records.  Elapsed time: 00:13:56s.  Time for last 1,000,000:   15s.  Last read position: NC_045552.1_RagTag:55,691,790
INFO	2024-07-03 09:36:37	MarkDuplicates	Tracking 2366903 as yet unmatched pairs. 9858 records in RAM.
INFO	2024-07-03 09:36:44	MarkDuplicates	Read   198,000,000 records.  Elapsed time: 00:14:03s.  Time for last 1,000,000:    6s.  Last read position: NC_045553.1_RagTag:5,574,441
INFO	2024-07-03 09:36:44	MarkDuplicates	Tracking 2357917 as yet unmatched pairs. 231622 records in RAM.
INFO	2024-07-03 09:36:48	MarkDuplicates	Read   199,000,000 records.  Elapsed time: 00:14:07s.  Time for last 1,000,000:    3s.  Last read position: NC_045553.1_RagTag:12,565,584
INFO	2024-07-03 09:36:48	MarkDuplicates	Tracking 2343579 as yet unmatched pairs. 192939 records in RAM.
INFO	2024-07-03 09:37:07	MarkDuplicates	Read   200,000,000 records.  Elapsed time: 00:14:26s.  Time for last 1,000,000:   19s.  Last read position: NC_045553.1_RagTag:19,764,397
INFO	2024-07-03 09:37:07	MarkDuplicates	Tracking 2329955 as yet unmatched pairs. 163233 records in RAM.
INFO	2024-07-03 09:37:11	MarkDuplicates	Read   201,000,000 records.  Elapsed time: 00:14:30s.  Time for last 1,000,000:    3s.  Last read position: NC_045553.1_RagTag:26,775,338
INFO	2024-07-03 09:37:11	MarkDuplicates	Tracking 2310318 as yet unmatched pairs. 121700 records in RAM.
INFO	2024-07-03 09:37:15	MarkDuplicates	Read   202,000,000 records.  Elapsed time: 00:14:34s.  Time for last 1,000,000:    4s.  Last read position: NC_045553.1_RagTag:33,130,087
INFO	2024-07-03 09:37:15	MarkDuplicates	Tracking 2295213 as yet unmatched pairs. 92362 records in RAM.
INFO	2024-07-03 09:37:18	MarkDuplicates	Read   203,000,000 records.  Elapsed time: 00:14:37s.  Time for last 1,000,000:    3s.  Last read position: NC_045553.1_RagTag:39,505,149
INFO	2024-07-03 09:37:18	MarkDuplicates	Tracking 2279262 as yet unmatched pairs. 62300 records in RAM.
INFO	2024-07-03 09:37:21	MarkDuplicates	Read   204,000,000 records.  Elapsed time: 00:14:40s.  Time for last 1,000,000:    3s.  Last read position: NC_045553.1_RagTag:46,178,714
INFO	2024-07-03 09:37:21	MarkDuplicates	Tracking 2258292 as yet unmatched pairs. 14990 records in RAM.
INFO	2024-07-03 09:37:28	MarkDuplicates	Read   205,000,000 records.  Elapsed time: 00:14:48s.  Time for last 1,000,000:    7s.  Last read position: NC_045554.1_RagTag:3,632,546
INFO	2024-07-03 09:37:28	MarkDuplicates	Tracking 2244550 as yet unmatched pairs. 250805 records in RAM.
INFO	2024-07-03 09:37:32	MarkDuplicates	Read   206,000,000 records.  Elapsed time: 00:14:51s.  Time for last 1,000,000:    3s.  Last read position: NC_045554.1_RagTag:10,579,295
INFO	2024-07-03 09:37:32	MarkDuplicates	Tracking 2222998 as yet unmatched pairs. 209936 records in RAM.
INFO	2024-07-03 09:37:35	MarkDuplicates	Read   207,000,000 records.  Elapsed time: 00:14:54s.  Time for last 1,000,000:    3s.  Last read position: NC_045554.1_RagTag:17,097,125
INFO	2024-07-03 09:37:35	MarkDuplicates	Tracking 2196323 as yet unmatched pairs. 165831 records in RAM.
INFO	2024-07-03 09:37:39	MarkDuplicates	Read   208,000,000 records.  Elapsed time: 00:14:58s.  Time for last 1,000,000:    3s.  Last read position: NC_045554.1_RagTag:23,450,148
INFO	2024-07-03 09:37:39	MarkDuplicates	Tracking 2179294 as yet unmatched pairs. 135304 records in RAM.
INFO	2024-07-03 09:37:42	MarkDuplicates	Read   209,000,000 records.  Elapsed time: 00:15:01s.  Time for last 1,000,000:    3s.  Last read position: NC_045554.1_RagTag:30,457,568
INFO	2024-07-03 09:37:42	MarkDuplicates	Tracking 2154494 as yet unmatched pairs. 95234 records in RAM.
INFO	2024-07-03 09:37:45	MarkDuplicates	Read   210,000,000 records.  Elapsed time: 00:15:04s.  Time for last 1,000,000:    3s.  Last read position: NC_045554.1_RagTag:36,714,489
INFO	2024-07-03 09:37:45	MarkDuplicates	Tracking 2132138 as yet unmatched pairs. 61185 records in RAM.
INFO	2024-07-03 09:37:49	MarkDuplicates	Read   211,000,000 records.  Elapsed time: 00:15:08s.  Time for last 1,000,000:    3s.  Last read position: NC_045554.1_RagTag:43,325,895
INFO	2024-07-03 09:37:49	MarkDuplicates	Tracking 2106934 as yet unmatched pairs. 21898 records in RAM.
INFO	2024-07-03 09:37:55	MarkDuplicates	Read   212,000,000 records.  Elapsed time: 00:15:14s.  Time for last 1,000,000:    6s.  Last read position: NC_045555.1_RagTag:1,265,015
INFO	2024-07-03 09:37:55	MarkDuplicates	Tracking 2090511 as yet unmatched pairs. 231891 records in RAM.
INFO	2024-07-03 09:37:59	MarkDuplicates	Read   213,000,000 records.  Elapsed time: 00:15:18s.  Time for last 1,000,000:    3s.  Last read position: NC_045555.1_RagTag:8,343,299
INFO	2024-07-03 09:37:59	MarkDuplicates	Tracking 2069519 as yet unmatched pairs. 195626 records in RAM.
INFO	2024-07-03 09:38:02	MarkDuplicates	Read   214,000,000 records.  Elapsed time: 00:15:21s.  Time for last 1,000,000:    3s.  Last read position: NC_045555.1_RagTag:14,813,761
INFO	2024-07-03 09:38:02	MarkDuplicates	Tracking 2047886 as yet unmatched pairs. 164970 records in RAM.
INFO	2024-07-03 09:38:05	MarkDuplicates	Read   215,000,000 records.  Elapsed time: 00:15:24s.  Time for last 1,000,000:    3s.  Last read position: NC_045555.1_RagTag:21,252,035
INFO	2024-07-03 09:38:05	MarkDuplicates	Tracking 2021344 as yet unmatched pairs. 128555 records in RAM.
INFO	2024-07-03 09:38:09	MarkDuplicates	Read   216,000,000 records.  Elapsed time: 00:15:28s.  Time for last 1,000,000:    3s.  Last read position: NC_045555.1_RagTag:27,724,568
INFO	2024-07-03 09:38:09	MarkDuplicates	Tracking 1995828 as yet unmatched pairs. 90418 records in RAM.
INFO	2024-07-03 09:38:12	MarkDuplicates	Read   217,000,000 records.  Elapsed time: 00:15:31s.  Time for last 1,000,000:    3s.  Last read position: NC_045555.1_RagTag:34,426,593
INFO	2024-07-03 09:38:12	MarkDuplicates	Tracking 1970391 as yet unmatched pairs. 54392 records in RAM.
INFO	2024-07-03 09:38:15	MarkDuplicates	Read   218,000,000 records.  Elapsed time: 00:15:34s.  Time for last 1,000,000:    3s.  Last read position: NC_045555.1_RagTag:40,460,951
INFO	2024-07-03 09:38:15	MarkDuplicates	Tracking 1953434 as yet unmatched pairs. 20457 records in RAM.
INFO	2024-07-03 09:38:22	MarkDuplicates	Read   219,000,000 records.  Elapsed time: 00:15:41s.  Time for last 1,000,000:    6s.  Last read position: NC_045556.1_RagTag:2,090,621
INFO	2024-07-03 09:38:22	MarkDuplicates	Tracking 1946413 as yet unmatched pairs. 222021 records in RAM.
INFO	2024-07-03 09:38:25	MarkDuplicates	Read   220,000,000 records.  Elapsed time: 00:15:44s.  Time for last 1,000,000:    3s.  Last read position: NC_045556.1_RagTag:8,990,273
INFO	2024-07-03 09:38:25	MarkDuplicates	Tracking 1918664 as yet unmatched pairs. 184597 records in RAM.
INFO	2024-07-03 09:38:29	MarkDuplicates	Read   221,000,000 records.  Elapsed time: 00:15:48s.  Time for last 1,000,000:    3s.  Last read position: NC_045556.1_RagTag:15,151,069
INFO	2024-07-03 09:38:29	MarkDuplicates	Tracking 1887514 as yet unmatched pairs. 143319 records in RAM.
INFO	2024-07-03 09:38:44	MarkDuplicates	Read   222,000,000 records.  Elapsed time: 00:16:03s.  Time for last 1,000,000:   15s.  Last read position: NC_045556.1_RagTag:21,891,011
INFO	2024-07-03 09:38:44	MarkDuplicates	Tracking 1852857 as yet unmatched pairs. 96854 records in RAM.
INFO	2024-07-03 09:38:48	MarkDuplicates	Read   223,000,000 records.  Elapsed time: 00:16:07s.  Time for last 1,000,000:    3s.  Last read position: NC_045556.1_RagTag:27,811,677
INFO	2024-07-03 09:38:48	MarkDuplicates	Tracking 1840427 as yet unmatched pairs. 59497 records in RAM.
INFO	2024-07-03 09:38:51	MarkDuplicates	Read   224,000,000 records.  Elapsed time: 00:16:10s.  Time for last 1,000,000:    3s.  Last read position: NC_045556.1_RagTag:34,705,242
INFO	2024-07-03 09:38:51	MarkDuplicates	Tracking 1812905 as yet unmatched pairs. 8248 records in RAM.
INFO	2024-07-03 09:38:55	MarkDuplicates	Read   225,000,000 records.  Elapsed time: 00:16:14s.  Time for last 1,000,000:    4s.  Last read position: NC_045557.1_RagTag:4,768,427
INFO	2024-07-03 09:38:55	MarkDuplicates	Tracking 1796373 as yet unmatched pairs. 42442 records in RAM.
INFO	2024-07-03 09:38:59	MarkDuplicates	Read   226,000,000 records.  Elapsed time: 00:16:18s.  Time for last 1,000,000:    3s.  Last read position: NC_045557.1_RagTag:11,284,259
INFO	2024-07-03 09:38:59	MarkDuplicates	Tracking 1771709 as yet unmatched pairs. 2749 records in RAM.
INFO	2024-07-03 09:39:11	MarkDuplicates	Read   227,000,000 records.  Elapsed time: 00:16:30s.  Time for last 1,000,000:   12s.  Last read position: NC_045558.1_RagTag:9,482,803
INFO	2024-07-03 09:39:11	MarkDuplicates	Tracking 1737320 as yet unmatched pairs. 547831 records in RAM.
INFO	2024-07-03 09:39:14	MarkDuplicates	Read   228,000,000 records.  Elapsed time: 00:16:33s.  Time for last 1,000,000:    3s.  Last read position: NC_045558.1_RagTag:20,658,686
INFO	2024-07-03 09:39:14	MarkDuplicates	Tracking 1708391 as yet unmatched pairs. 513655 records in RAM.
INFO	2024-07-03 09:39:18	MarkDuplicates	Read   229,000,000 records.  Elapsed time: 00:16:37s.  Time for last 1,000,000:    3s.  Last read position: NC_045558.1_RagTag:31,744,709
INFO	2024-07-03 09:39:18	MarkDuplicates	Tracking 1685175 as yet unmatched pairs. 486031 records in RAM.
INFO	2024-07-03 09:39:21	MarkDuplicates	Read   230,000,000 records.  Elapsed time: 00:16:40s.  Time for last 1,000,000:    3s.  Last read position: NC_045558.1_RagTag:41,848,147
INFO	2024-07-03 09:39:21	MarkDuplicates	Tracking 1661190 as yet unmatched pairs. 456402 records in RAM.
INFO	2024-07-03 09:39:24	MarkDuplicates	Read   231,000,000 records.  Elapsed time: 00:16:44s.  Time for last 1,000,000:    3s.  Last read position: NC_045558.1_RagTag:51,354,969
INFO	2024-07-03 09:39:24	MarkDuplicates	Tracking 1635460 as yet unmatched pairs. 424297 records in RAM.
INFO	2024-07-03 09:39:28	MarkDuplicates	Read   232,000,000 records.  Elapsed time: 00:16:47s.  Time for last 1,000,000:    3s.  Last read position: NC_045558.1_RagTag:60,366,297
INFO	2024-07-03 09:39:28	MarkDuplicates	Tracking 1604076 as yet unmatched pairs. 385272 records in RAM.
INFO	2024-07-03 09:39:33	MarkDuplicates	Read   233,000,000 records.  Elapsed time: 00:16:52s.  Time for last 1,000,000:    5s.  Last read position: NC_045558.1_RagTag:69,061,815
INFO	2024-07-03 09:39:33	MarkDuplicates	Tracking 1570253 as yet unmatched pairs. 339339 records in RAM.
INFO	2024-07-03 09:39:37	MarkDuplicates	Read   234,000,000 records.  Elapsed time: 00:16:56s.  Time for last 1,000,000:    3s.  Last read position: NC_045558.1_RagTag:77,883,743
INFO	2024-07-03 09:39:37	MarkDuplicates	Tracking 1533537 as yet unmatched pairs. 293652 records in RAM.
INFO	2024-07-03 09:39:40	MarkDuplicates	Read   235,000,000 records.  Elapsed time: 00:16:59s.  Time for last 1,000,000:    3s.  Last read position: NC_045558.1_RagTag:87,745,553
INFO	2024-07-03 09:39:40	MarkDuplicates	Tracking 1499925 as yet unmatched pairs. 253038 records in RAM.
INFO	2024-07-03 09:39:43	MarkDuplicates	Read   236,000,000 records.  Elapsed time: 00:17:02s.  Time for last 1,000,000:    3s.  Last read position: NC_045558.1_RagTag:98,142,869
INFO	2024-07-03 09:39:43	MarkDuplicates	Tracking 1471577 as yet unmatched pairs. 218809 records in RAM.
INFO	2024-07-03 09:39:47	MarkDuplicates	Read   237,000,000 records.  Elapsed time: 00:17:06s.  Time for last 1,000,000:    3s.  Last read position: NC_045558.1_RagTag:109,210,674
INFO	2024-07-03 09:39:47	MarkDuplicates	Tracking 1445055 as yet unmatched pairs. 187933 records in RAM.
INFO	2024-07-03 09:39:50	MarkDuplicates	Read   238,000,000 records.  Elapsed time: 00:17:09s.  Time for last 1,000,000:    3s.  Last read position: NC_045558.1_RagTag:120,165,955
INFO	2024-07-03 09:39:50	MarkDuplicates	Tracking 1417857 as yet unmatched pairs. 155765 records in RAM.
INFO	2024-07-03 09:39:53	MarkDuplicates	Read   239,000,000 records.  Elapsed time: 00:17:13s.  Time for last 1,000,000:    3s.  Last read position: NC_045558.1_RagTag:128,874,994
INFO	2024-07-03 09:39:53	MarkDuplicates	Tracking 1371220 as yet unmatched pairs. 102145 records in RAM.
INFO	2024-07-03 09:39:57	MarkDuplicates	Read   240,000,000 records.  Elapsed time: 00:17:16s.  Time for last 1,000,000:    3s.  Last read position: NC_045558.1_RagTag:136,138,899
INFO	2024-07-03 09:39:57	MarkDuplicates	Tracking 1341969 as yet unmatched pairs. 64669 records in RAM.
INFO	2024-07-03 09:40:00	MarkDuplicates	Read   241,000,000 records.  Elapsed time: 00:17:19s.  Time for last 1,000,000:    3s.  Last read position: NC_045558.1_RagTag:141,232,322
INFO	2024-07-03 09:40:00	MarkDuplicates	Tracking 1319998 as yet unmatched pairs. 27636 records in RAM.
INFO	2024-07-03 09:40:04	MarkDuplicates	Read   242,000,000 records.  Elapsed time: 00:17:23s.  Time for last 1,000,000:    3s.  Last read position: NW_022473621.1_RagTag:22,195
INFO	2024-07-03 09:40:04	MarkDuplicates	Tracking 1287519 as yet unmatched pairs. 227 records in RAM.
INFO	2024-07-03 09:40:26	MarkDuplicates	Read   243,000,000 records.  Elapsed time: 00:17:45s.  Time for last 1,000,000:   22s.  Last read position: Chr0_RagTag:2,702,962
INFO	2024-07-03 09:40:26	MarkDuplicates	Tracking 1247309 as yet unmatched pairs. 1247309 records in RAM.
INFO	2024-07-03 09:40:30	MarkDuplicates	Read   244,000,000 records.  Elapsed time: 00:17:50s.  Time for last 1,000,000:    4s.  Last read position: Chr0_RagTag:9,085,868
INFO	2024-07-03 09:40:30	MarkDuplicates	Tracking 1220583 as yet unmatched pairs. 1220583 records in RAM.
INFO	2024-07-03 09:40:34	MarkDuplicates	Read   245,000,000 records.  Elapsed time: 00:17:53s.  Time for last 1,000,000:    3s.  Last read position: Chr0_RagTag:14,753,201
INFO	2024-07-03 09:40:34	MarkDuplicates	Tracking 1194543 as yet unmatched pairs. 1194543 records in RAM.
INFO	2024-07-03 09:40:37	MarkDuplicates	Read   246,000,000 records.  Elapsed time: 00:17:57s.  Time for last 1,000,000:    3s.  Last read position: Chr0_RagTag:19,857,720
INFO	2024-07-03 09:40:37	MarkDuplicates	Tracking 1163306 as yet unmatched pairs. 1163306 records in RAM.
INFO	2024-07-03 09:40:53	MarkDuplicates	Read   247,000,000 records.  Elapsed time: 00:18:12s.  Time for last 1,000,000:   15s.  Last read position: Chr0_RagTag:25,272,765
INFO	2024-07-03 09:40:53	MarkDuplicates	Tracking 1130645 as yet unmatched pairs. 1130645 records in RAM.
INFO	2024-07-03 09:41:14	MarkDuplicates	Read   248,000,000 records.  Elapsed time: 00:18:33s.  Time for last 1,000,000:   20s.  Last read position: Chr0_RagTag:29,534,410
INFO	2024-07-03 09:41:14	MarkDuplicates	Tracking 1097994 as yet unmatched pairs. 1097994 records in RAM.
INFO	2024-07-03 09:41:17	MarkDuplicates	Read   249,000,000 records.  Elapsed time: 00:18:36s.  Time for last 1,000,000:    3s.  Last read position: Chr0_RagTag:35,139,070
INFO	2024-07-03 09:41:17	MarkDuplicates	Tracking 1064252 as yet unmatched pairs. 1064252 records in RAM.
INFO	2024-07-03 09:41:21	MarkDuplicates	Read   250,000,000 records.  Elapsed time: 00:18:40s.  Time for last 1,000,000:    3s.  Last read position: Chr0_RagTag:40,339,352
INFO	2024-07-03 09:41:21	MarkDuplicates	Tracking 1033077 as yet unmatched pairs. 1033077 records in RAM.
INFO	2024-07-03 09:41:25	MarkDuplicates	Read   251,000,000 records.  Elapsed time: 00:18:44s.  Time for last 1,000,000:    4s.  Last read position: Chr0_RagTag:45,910,816
INFO	2024-07-03 09:41:25	MarkDuplicates	Tracking 993067 as yet unmatched pairs. 993067 records in RAM.
INFO	2024-07-03 09:41:29	MarkDuplicates	Read   252,000,000 records.  Elapsed time: 00:18:48s.  Time for last 1,000,000:    3s.  Last read position: Chr0_RagTag:50,923,576
INFO	2024-07-03 09:41:29	MarkDuplicates	Tracking 957058 as yet unmatched pairs. 957058 records in RAM.
INFO	2024-07-03 09:41:32	MarkDuplicates	Read   253,000,000 records.  Elapsed time: 00:18:51s.  Time for last 1,000,000:    3s.  Last read position: Chr0_RagTag:55,351,282
INFO	2024-07-03 09:41:32	MarkDuplicates	Tracking 922960 as yet unmatched pairs. 922960 records in RAM.
INFO	2024-07-03 09:41:36	MarkDuplicates	Read   254,000,000 records.  Elapsed time: 00:18:55s.  Time for last 1,000,000:    3s.  Last read position: Chr0_RagTag:60,568,667
INFO	2024-07-03 09:41:36	MarkDuplicates	Tracking 882271 as yet unmatched pairs. 882271 records in RAM.
INFO	2024-07-03 09:41:39	MarkDuplicates	Read   255,000,000 records.  Elapsed time: 00:18:58s.  Time for last 1,000,000:    3s.  Last read position: Chr0_RagTag:65,362,308
INFO	2024-07-03 09:41:39	MarkDuplicates	Tracking 842560 as yet unmatched pairs. 842560 records in RAM.
INFO	2024-07-03 09:41:42	MarkDuplicates	Read   256,000,000 records.  Elapsed time: 00:19:02s.  Time for last 1,000,000:    3s.  Last read position: Chr0_RagTag:70,476,285
INFO	2024-07-03 09:41:42	MarkDuplicates	Tracking 796707 as yet unmatched pairs. 796707 records in RAM.
INFO	2024-07-03 09:41:46	MarkDuplicates	Read   257,000,000 records.  Elapsed time: 00:19:05s.  Time for last 1,000,000:    3s.  Last read position: Chr0_RagTag:75,556,793
INFO	2024-07-03 09:41:46	MarkDuplicates	Tracking 745303 as yet unmatched pairs. 745303 records in RAM.
INFO	2024-07-03 09:41:49	MarkDuplicates	Read   258,000,000 records.  Elapsed time: 00:19:09s.  Time for last 1,000,000:    3s.  Last read position: Chr0_RagTag:81,999,380
INFO	2024-07-03 09:41:49	MarkDuplicates	Tracking 688779 as yet unmatched pairs. 688779 records in RAM.
INFO	2024-07-03 09:41:53	MarkDuplicates	Read   259,000,000 records.  Elapsed time: 00:19:12s.  Time for last 1,000,000:    3s.  Last read position: Chr0_RagTag:87,814,325
INFO	2024-07-03 09:41:53	MarkDuplicates	Tracking 632857 as yet unmatched pairs. 632857 records in RAM.
INFO	2024-07-03 09:41:57	MarkDuplicates	Read   260,000,000 records.  Elapsed time: 00:19:16s.  Time for last 1,000,000:    3s.  Last read position: Chr0_RagTag:93,053,626
INFO	2024-07-03 09:41:57	MarkDuplicates	Tracking 573012 as yet unmatched pairs. 573012 records in RAM.
INFO	2024-07-03 09:42:00	MarkDuplicates	Read   261,000,000 records.  Elapsed time: 00:19:19s.  Time for last 1,000,000:    3s.  Last read position: Chr0_RagTag:99,672,889
INFO	2024-07-03 09:42:00	MarkDuplicates	Tracking 505393 as yet unmatched pairs. 505393 records in RAM.
INFO	2024-07-03 09:42:04	MarkDuplicates	Read   262,000,000 records.  Elapsed time: 00:19:23s.  Time for last 1,000,000:    3s.  Last read position: Chr0_RagTag:105,859,090
INFO	2024-07-03 09:42:04	MarkDuplicates	Tracking 432525 as yet unmatched pairs. 432525 records in RAM.
INFO	2024-07-03 09:42:08	MarkDuplicates	Read   263,000,000 records.  Elapsed time: 00:19:27s.  Time for last 1,000,000:    3s.  Last read position: Chr0_RagTag:111,565,824
INFO	2024-07-03 09:42:08	MarkDuplicates	Tracking 365707 as yet unmatched pairs. 365707 records in RAM.
INFO	2024-07-03 09:42:11	MarkDuplicates	Read   264,000,000 records.  Elapsed time: 00:19:30s.  Time for last 1,000,000:    3s.  Last read position: Chr0_RagTag:118,151,051
INFO	2024-07-03 09:42:11	MarkDuplicates	Tracking 286703 as yet unmatched pairs. 286703 records in RAM.
INFO	2024-07-03 09:42:15	MarkDuplicates	Read   265,000,000 records.  Elapsed time: 00:19:34s.  Time for last 1,000,000:    3s.  Last read position: Chr0_RagTag:124,035,890
INFO	2024-07-03 09:42:15	MarkDuplicates	Tracking 201480 as yet unmatched pairs. 201480 records in RAM.
INFO	2024-07-03 09:42:19	MarkDuplicates	Read   266,000,000 records.  Elapsed time: 00:19:38s.  Time for last 1,000,000:    3s.  Last read position: Chr0_RagTag:128,804,404
INFO	2024-07-03 09:42:19	MarkDuplicates	Tracking 125876 as yet unmatched pairs. 125876 records in RAM.
INFO	2024-07-03 09:42:22	MarkDuplicates	Read   267,000,000 records.  Elapsed time: 00:19:41s.  Time for last 1,000,000:    3s.  Last read position: Chr0_RagTag:133,596,981
INFO	2024-07-03 09:42:22	MarkDuplicates	Tracking 34722 as yet unmatched pairs. 34722 records in RAM.
INFO	2024-07-03 09:42:23	MarkDuplicates	Read 267278195 records. 0 pairs never matched.
INFO	2024-07-03 09:42:42	MarkDuplicates	After buildSortedReadEndLists freeMemory: 5004133176; totalMemory: 5235593216; maxMemory: 6487212032
INFO	2024-07-03 09:42:42	MarkDuplicates	Will retain up to 202725376 duplicate indices before spilling to disk.
INFO	2024-07-03 09:42:42	MarkDuplicates	Traversing read pair information and detecting duplicates.
INFO	2024-07-03 09:43:38	MarkDuplicates	Traversing fragment information and detecting duplicates.
INFO	2024-07-03 09:44:52	MarkDuplicates	Sorting list of duplicate records.
INFO	2024-07-03 09:44:53	MarkDuplicates	After generateDuplicateIndexes freeMemory: 3578518648; totalMemory: 5235593216; maxMemory: 6487212032
INFO	2024-07-03 09:44:53	MarkDuplicates	Marking 21010875 records as duplicates.
INFO	2024-07-03 09:44:53	MarkDuplicates	Found 492295 optical duplicate clusters.
INFO	2024-07-03 09:44:53	MarkDuplicates	Reads are assumed to be ordered by: coordinate
INFO	2024-07-03 09:47:00	MarkDuplicates	Written    10,000,000 records.  Elapsed time: 00:02:06s.  Time for last 10,000,000:  126s.  Last read position: NC_045541.1_RagTag:66,253,615
INFO	2024-07-03 09:49:05	MarkDuplicates	Written    20,000,000 records.  Elapsed time: 00:04:11s.  Time for last 10,000,000:  124s.  Last read position: NC_045541.1_RagTag:134,336,147
INFO	2024-07-03 09:51:12	MarkDuplicates	Written    30,000,000 records.  Elapsed time: 00:06:18s.  Time for last 10,000,000:  127s.  Last read position: NC_045542.1_RagTag:25,981,407
INFO	2024-07-03 09:53:18	MarkDuplicates	Written    40,000,000 records.  Elapsed time: 00:08:24s.  Time for last 10,000,000:  125s.  Last read position: NC_045542.1_RagTag:94,490,377
INFO	2024-07-03 09:55:26	MarkDuplicates	Written    50,000,000 records.  Elapsed time: 00:10:32s.  Time for last 10,000,000:  128s.  Last read position: NC_045543.1_RagTag:1,822,797
INFO	2024-07-03 09:57:31	MarkDuplicates	Written    60,000,000 records.  Elapsed time: 00:12:37s.  Time for last 10,000,000:  125s.  Last read position: NC_045543.1_RagTag:70,378,419
INFO	2024-07-03 09:59:39	MarkDuplicates	Written    70,000,000 records.  Elapsed time: 00:14:45s.  Time for last 10,000,000:  127s.  Last read position: NC_045544.1_RagTag:29,950,956
INFO	2024-07-03 10:01:44	MarkDuplicates	Written    80,000,000 records.  Elapsed time: 00:16:50s.  Time for last 10,000,000:  125s.  Last read position: NC_045544.1_RagTag:98,081,445
INFO	2024-07-03 10:03:51	MarkDuplicates	Written    90,000,000 records.  Elapsed time: 00:18:57s.  Time for last 10,000,000:  126s.  Last read position: NC_045545.1_RagTag:8,372,693
INFO	2024-07-03 10:05:55	MarkDuplicates	Written   100,000,000 records.  Elapsed time: 00:21:01s.  Time for last 10,000,000:  124s.  Last read position: NC_045545.1_RagTag:76,423,247
INFO	2024-07-03 10:08:04	MarkDuplicates	Written   110,000,000 records.  Elapsed time: 00:23:10s.  Time for last 10,000,000:  128s.  Last read position: NC_045546.1_RagTag:55,271,841
INFO	2024-07-03 10:10:14	MarkDuplicates	Written   120,000,000 records.  Elapsed time: 00:25:20s.  Time for last 10,000,000:  129s.  Last read position: NC_045547.1_RagTag:19,622,087
INFO	2024-07-03 10:12:21	MarkDuplicates	Written   130,000,000 records.  Elapsed time: 00:27:27s.  Time for last 10,000,000:  127s.  Last read position: NC_045547.1_RagTag:86,991,021
INFO	2024-07-03 10:14:28	MarkDuplicates	Written   140,000,000 records.  Elapsed time: 00:29:34s.  Time for last 10,000,000:  126s.  Last read position: NC_045548.1_RagTag:63,975,403
INFO	2024-07-03 10:16:36	MarkDuplicates	Written   150,000,000 records.  Elapsed time: 00:31:42s.  Time for last 10,000,000:  128s.  Last read position: NC_045549.1_RagTag:59,795,827
INFO	2024-07-03 10:18:46	MarkDuplicates	Written   160,000,000 records.  Elapsed time: 00:33:52s.  Time for last 10,000,000:  129s.  Last read position: NC_045549.1_RagTag:130,620,570
INFO	2024-07-03 10:20:52	MarkDuplicates	Written   170,000,000 records.  Elapsed time: 00:35:58s.  Time for last 10,000,000:  126s.  Last read position: NC_045550.1_RagTag:67,890,658
INFO	2024-07-03 10:23:01	MarkDuplicates	Written   180,000,000 records.  Elapsed time: 00:38:07s.  Time for last 10,000,000:  129s.  Last read position: NC_045552.1_RagTag:42,739,980
INFO	2024-07-03 10:25:15	MarkDuplicates	Written   190,000,000 records.  Elapsed time: 00:40:21s.  Time for last 10,000,000:  133s.  Last read position: NC_045554.1_RagTag:9,554,930
INFO	2024-07-03 10:27:26	MarkDuplicates	Written   200,000,000 records.  Elapsed time: 00:42:32s.  Time for last 10,000,000:  131s.  Last read position: NC_045555.1_RagTag:32,292,605
INFO	2024-07-03 10:29:40	MarkDuplicates	Written   210,000,000 records.  Elapsed time: 00:44:46s.  Time for last 10,000,000:  133s.  Last read position: NC_045558.1_RagTag:16,441,678
INFO	2024-07-03 10:31:55	MarkDuplicates	Written   220,000,000 records.  Elapsed time: 00:47:01s.  Time for last 10,000,000:  134s.  Last read position: NC_045558.1_RagTag:124,123,298
INFO	2024-07-03 10:34:10	MarkDuplicates	Written   230,000,000 records.  Elapsed time: 00:49:16s.  Time for last 10,000,000:  135s.  Last read position: Chr0_RagTag:36,393,999
INFO	2024-07-03 10:36:25	MarkDuplicates	Written   240,000,000 records.  Elapsed time: 00:51:31s.  Time for last 10,000,000:  135s.  Last read position: Chr0_RagTag:94,338,414
INFO	2024-07-03 10:38:24	MarkDuplicates	Writing complete. Closing input iterator.
INFO	2024-07-03 10:38:24	MarkDuplicates	Duplicate Index cleanup.
INFO	2024-07-03 10:38:24	MarkDuplicates	Getting Memory Stats.
INFO	2024-07-03 10:38:24	MarkDuplicates	Before output close freeMemory: 5200690424; totalMemory: 5235593216; maxMemory: 6487212032
INFO	2024-07-03 10:38:24	MarkDuplicates	Closed outputs. Getting more Memory Stats.
INFO	2024-07-03 10:38:24	MarkDuplicates	After output close freeMemory: 4720334984; totalMemory: 4752609280; maxMemory: 6487212032
[Wed Jul 03 10:38:24 MDT 2024] picard.sam.markduplicates.MarkDuplicates done. Elapsed time: 75.74 minutes.
Runtime.totalMemory()=4752609280
