INFO	2024-07-03 09:22:39	MarkDuplicates	

********** NOTE: Picard's command line syntax is changing.
**********
********** For more information, please see:
********** https://github.com/broadinstitute/picard/wiki/Command-Line-Syntax-Transition-For-Users-(Pre-Transition)
**********
********** The command line looks like this in the new syntax:
**********
**********    MarkDuplicates -REMOVE_DUPLICATES true -ASSUME_SORTED true -VALIDATION_STRINGENCY SILENT -INPUT FHSM7738_sort.bam -OUTPUT /project/getpop/bwa_ratsnake/rmd/FHSM7738.rmd.bam -METRICS_FILE /project/getpop/bwa_ratsnake/rmd/FHSM7738.rmd.bam.metrics
**********


09:22:40.532 INFO  NativeLibraryLoader - Loading libgkl_compression.so from jar:file:/apps/u/spack/gcc/12.2.0/picard/2.26.2-xrdth7g/bin/picard.jar!/com/intel/gkl/native/libgkl_compression.so
[Wed Jul 03 09:22:40 MDT 2024] MarkDuplicates INPUT=[FHSM7738_sort.bam] OUTPUT=/project/getpop/bwa_ratsnake/rmd/FHSM7738.rmd.bam METRICS_FILE=/project/getpop/bwa_ratsnake/rmd/FHSM7738.rmd.bam.metrics REMOVE_DUPLICATES=true ASSUME_SORTED=true VALIDATION_STRINGENCY=SILENT    MAX_SEQUENCES_FOR_DISK_READ_ENDS_MAP=50000 MAX_FILE_HANDLES_FOR_READ_ENDS_MAP=8000 SORTING_COLLECTION_SIZE_RATIO=0.25 TAG_DUPLICATE_SET_MEMBERS=false REMOVE_SEQUENCING_DUPLICATES=false TAGGING_POLICY=DontTag CLEAR_DT=true DUPLEX_UMI=false ADD_PG_TAG_TO_READS=true DUPLICATE_SCORING_STRATEGY=SUM_OF_BASE_QUALITIES PROGRAM_RECORD_ID=MarkDuplicates PROGRAM_GROUP_NAME=MarkDuplicates READ_NAME_REGEX=<optimized capture of last three ':' separated fields as numeric values> OPTICAL_DUPLICATE_PIXEL_DISTANCE=100 MAX_OPTICAL_DUPLICATE_SET_SIZE=300000 VERBOSITY=INFO QUIET=false COMPRESSION_LEVEL=5 MAX_RECORDS_IN_RAM=500000 CREATE_INDEX=false CREATE_MD5_FILE=false GA4GH_CLIENT_SECRETS=client_secrets.json USE_JDK_DEFLATER=false USE_JDK_INFLATER=false
[Wed Jul 03 09:22:40 MDT 2024] Executing as sharrin2@t502 on Linux 4.18.0-513.11.1.el8_9.x86_64 amd64; OpenJDK 64-Bit Server VM 11.0.15+10; Deflater: Intel; Inflater: Intel; Provider GCS is not available; Picard version: 2.26.2
INFO	2024-07-03 09:22:40	MarkDuplicates	Start of doWork freeMemory: 397763160; totalMemory: 405536768; maxMemory: 6487212032
INFO	2024-07-03 09:22:40	MarkDuplicates	Reading input file and constructing read end information.
INFO	2024-07-03 09:22:40	MarkDuplicates	Will retain up to 23504391 data points before spilling to disk.
INFO	2024-07-03 09:22:46	MarkDuplicates	Read     1,000,000 records.  Elapsed time: 00:00:05s.  Time for last 1,000,000:    5s.  Last read position: NC_045541.1_RagTag:16,747,598
INFO	2024-07-03 09:22:46	MarkDuplicates	Tracking 30880 as yet unmatched pairs. 2599 records in RAM.
INFO	2024-07-03 09:22:50	MarkDuplicates	Read     2,000,000 records.  Elapsed time: 00:00:09s.  Time for last 1,000,000:    3s.  Last read position: NC_045541.1_RagTag:35,806,338
INFO	2024-07-03 09:22:50	MarkDuplicates	Tracking 58832 as yet unmatched pairs. 4479 records in RAM.
INFO	2024-07-03 09:22:54	MarkDuplicates	Read     3,000,000 records.  Elapsed time: 00:00:13s.  Time for last 1,000,000:    4s.  Last read position: NC_045541.1_RagTag:54,859,009
INFO	2024-07-03 09:22:54	MarkDuplicates	Tracking 85994 as yet unmatched pairs. 5769 records in RAM.
INFO	2024-07-03 09:22:57	MarkDuplicates	Read     4,000,000 records.  Elapsed time: 00:00:16s.  Time for last 1,000,000:    3s.  Last read position: NC_045541.1_RagTag:74,652,035
INFO	2024-07-03 09:22:57	MarkDuplicates	Tracking 111980 as yet unmatched pairs. 6463 records in RAM.
INFO	2024-07-03 09:23:00	MarkDuplicates	Read     5,000,000 records.  Elapsed time: 00:00:20s.  Time for last 1,000,000:    3s.  Last read position: NC_045541.1_RagTag:94,076,165
INFO	2024-07-03 09:23:00	MarkDuplicates	Tracking 136993 as yet unmatched pairs. 6609 records in RAM.
INFO	2024-07-03 09:23:04	MarkDuplicates	Read     6,000,000 records.  Elapsed time: 00:00:23s.  Time for last 1,000,000:    3s.  Last read position: NC_045541.1_RagTag:113,057,520
INFO	2024-07-03 09:23:04	MarkDuplicates	Tracking 160331 as yet unmatched pairs. 6191 records in RAM.
INFO	2024-07-03 09:23:08	MarkDuplicates	Read     7,000,000 records.  Elapsed time: 00:00:27s.  Time for last 1,000,000:    4s.  Last read position: NC_045541.1_RagTag:131,602,214
INFO	2024-07-03 09:23:08	MarkDuplicates	Tracking 182551 as yet unmatched pairs. 5278 records in RAM.
INFO	2024-07-03 09:23:12	MarkDuplicates	Read     8,000,000 records.  Elapsed time: 00:00:31s.  Time for last 1,000,000:    3s.  Last read position: NC_045541.1_RagTag:151,015,403
INFO	2024-07-03 09:23:12	MarkDuplicates	Tracking 205822 as yet unmatched pairs. 3899 records in RAM.
INFO	2024-07-03 09:23:15	MarkDuplicates	Read     9,000,000 records.  Elapsed time: 00:00:34s.  Time for last 1,000,000:    3s.  Last read position: NC_045541.1_RagTag:171,749,777
INFO	2024-07-03 09:23:15	MarkDuplicates	Tracking 238497 as yet unmatched pairs. 1029 records in RAM.
INFO	2024-07-03 09:23:19	MarkDuplicates	Read    10,000,000 records.  Elapsed time: 00:00:38s.  Time for last 1,000,000:    4s.  Last read position: NC_045542.1_RagTag:14,633,936
INFO	2024-07-03 09:23:19	MarkDuplicates	Tracking 266186 as yet unmatched pairs. 23404 records in RAM.
INFO	2024-07-03 09:23:23	MarkDuplicates	Read    11,000,000 records.  Elapsed time: 00:00:42s.  Time for last 1,000,000:    3s.  Last read position: NC_045542.1_RagTag:34,423,882
INFO	2024-07-03 09:23:23	MarkDuplicates	Tracking 289106 as yet unmatched pairs. 22481 records in RAM.
INFO	2024-07-03 09:23:27	MarkDuplicates	Read    12,000,000 records.  Elapsed time: 00:00:47s.  Time for last 1,000,000:    4s.  Last read position: NC_045542.1_RagTag:54,185,065
INFO	2024-07-03 09:23:27	MarkDuplicates	Tracking 310900 as yet unmatched pairs. 20758 records in RAM.
INFO	2024-07-03 09:23:31	MarkDuplicates	Read    13,000,000 records.  Elapsed time: 00:00:50s.  Time for last 1,000,000:    3s.  Last read position: NC_045542.1_RagTag:73,615,875
INFO	2024-07-03 09:23:31	MarkDuplicates	Tracking 330633 as yet unmatched pairs. 18723 records in RAM.
INFO	2024-07-03 09:23:35	MarkDuplicates	Read    14,000,000 records.  Elapsed time: 00:00:54s.  Time for last 1,000,000:    3s.  Last read position: NC_045542.1_RagTag:93,483,408
INFO	2024-07-03 09:23:35	MarkDuplicates	Tracking 349941 as yet unmatched pairs. 15924 records in RAM.
INFO	2024-07-03 09:23:38	MarkDuplicates	Read    15,000,000 records.  Elapsed time: 00:00:57s.  Time for last 1,000,000:    3s.  Last read position: NC_045542.1_RagTag:112,904,504
INFO	2024-07-03 09:23:38	MarkDuplicates	Tracking 368284 as yet unmatched pairs. 12691 records in RAM.
INFO	2024-07-03 09:23:42	MarkDuplicates	Read    16,000,000 records.  Elapsed time: 00:01:01s.  Time for last 1,000,000:    3s.  Last read position: NC_045542.1_RagTag:131,899,496
INFO	2024-07-03 09:23:42	MarkDuplicates	Tracking 389345 as yet unmatched pairs. 8460 records in RAM.
INFO	2024-07-03 09:23:45	MarkDuplicates	Read    17,000,000 records.  Elapsed time: 00:01:04s.  Time for last 1,000,000:    3s.  Last read position: NC_045542.1_RagTag:151,124,479
INFO	2024-07-03 09:23:45	MarkDuplicates	Tracking 414870 as yet unmatched pairs. 2676 records in RAM.
INFO	2024-07-03 09:23:49	MarkDuplicates	Read    18,000,000 records.  Elapsed time: 00:01:08s.  Time for last 1,000,000:    4s.  Last read position: NC_045543.1_RagTag:11,070,804
INFO	2024-07-03 09:23:49	MarkDuplicates	Tracking 438110 as yet unmatched pairs. 30160 records in RAM.
INFO	2024-07-03 09:23:53	MarkDuplicates	Read    19,000,000 records.  Elapsed time: 00:01:12s.  Time for last 1,000,000:    3s.  Last read position: NC_045543.1_RagTag:30,134,207
INFO	2024-07-03 09:23:53	MarkDuplicates	Tracking 456363 as yet unmatched pairs. 25956 records in RAM.
INFO	2024-07-03 09:23:56	MarkDuplicates	Read    20,000,000 records.  Elapsed time: 00:01:16s.  Time for last 1,000,000:    3s.  Last read position: NC_045543.1_RagTag:49,600,499
INFO	2024-07-03 09:23:56	MarkDuplicates	Tracking 472576 as yet unmatched pairs. 21502 records in RAM.
INFO	2024-07-03 09:24:01	MarkDuplicates	Read    21,000,000 records.  Elapsed time: 00:01:20s.  Time for last 1,000,000:    4s.  Last read position: NC_045543.1_RagTag:69,101,648
INFO	2024-07-03 09:24:01	MarkDuplicates	Tracking 487118 as yet unmatched pairs. 17009 records in RAM.
INFO	2024-07-03 09:24:05	MarkDuplicates	Read    22,000,000 records.  Elapsed time: 00:01:25s.  Time for last 1,000,000:    4s.  Last read position: NC_045543.1_RagTag:88,556,415
INFO	2024-07-03 09:24:05	MarkDuplicates	Tracking 502765 as yet unmatched pairs. 11216 records in RAM.
INFO	2024-07-03 09:24:09	MarkDuplicates	Read    23,000,000 records.  Elapsed time: 00:01:28s.  Time for last 1,000,000:    3s.  Last read position: NC_045543.1_RagTag:107,334,023
INFO	2024-07-03 09:24:09	MarkDuplicates	Tracking 533356 as yet unmatched pairs. 805 records in RAM.
INFO	2024-07-03 09:24:14	MarkDuplicates	Read    24,000,000 records.  Elapsed time: 00:01:33s.  Time for last 1,000,000:    4s.  Last read position: NC_045544.1_RagTag:17,353,005
INFO	2024-07-03 09:24:14	MarkDuplicates	Tracking 549458 as yet unmatched pairs. 54590 records in RAM.
INFO	2024-07-03 09:24:30	MarkDuplicates	Read    25,000,000 records.  Elapsed time: 00:01:49s.  Time for last 1,000,000:   16s.  Last read position: NC_045544.1_RagTag:36,083,106
INFO	2024-07-03 09:24:30	MarkDuplicates	Tracking 564058 as yet unmatched pairs. 49025 records in RAM.
INFO	2024-07-03 09:24:34	MarkDuplicates	Read    26,000,000 records.  Elapsed time: 00:01:53s.  Time for last 1,000,000:    3s.  Last read position: NC_045544.1_RagTag:55,042,766
INFO	2024-07-03 09:24:34	MarkDuplicates	Tracking 577901 as yet unmatched pairs. 43021 records in RAM.
INFO	2024-07-03 09:24:37	MarkDuplicates	Read    27,000,000 records.  Elapsed time: 00:01:57s.  Time for last 1,000,000:    3s.  Last read position: NC_045544.1_RagTag:74,500,963
INFO	2024-07-03 09:24:37	MarkDuplicates	Tracking 589947 as yet unmatched pairs. 36745 records in RAM.
INFO	2024-07-03 09:24:41	MarkDuplicates	Read    28,000,000 records.  Elapsed time: 00:02:00s.  Time for last 1,000,000:    3s.  Last read position: NC_045544.1_RagTag:93,926,980
INFO	2024-07-03 09:24:41	MarkDuplicates	Tracking 601212 as yet unmatched pairs. 29958 records in RAM.
INFO	2024-07-03 09:24:45	MarkDuplicates	Read    29,000,000 records.  Elapsed time: 00:02:04s.  Time for last 1,000,000:    3s.  Last read position: NC_045544.1_RagTag:113,250,547
INFO	2024-07-03 09:24:45	MarkDuplicates	Tracking 611325 as yet unmatched pairs. 23194 records in RAM.
INFO	2024-07-03 09:24:48	MarkDuplicates	Read    30,000,000 records.  Elapsed time: 00:02:08s.  Time for last 1,000,000:    3s.  Last read position: NC_045544.1_RagTag:132,842,813
INFO	2024-07-03 09:24:48	MarkDuplicates	Tracking 622660 as yet unmatched pairs. 14955 records in RAM.
INFO	2024-07-03 09:24:52	MarkDuplicates	Read    31,000,000 records.  Elapsed time: 00:02:11s.  Time for last 1,000,000:    3s.  Last read position: NC_045544.1_RagTag:152,878,014
INFO	2024-07-03 09:24:52	MarkDuplicates	Tracking 636488 as yet unmatched pairs. 4160 records in RAM.
INFO	2024-07-03 09:24:56	MarkDuplicates	Read    32,000,000 records.  Elapsed time: 00:02:16s.  Time for last 1,000,000:    4s.  Last read position: NC_045545.1_RagTag:13,714,518
INFO	2024-07-03 09:24:56	MarkDuplicates	Tracking 650541 as yet unmatched pairs. 40418 records in RAM.
INFO	2024-07-03 09:25:00	MarkDuplicates	Read    33,000,000 records.  Elapsed time: 00:02:19s.  Time for last 1,000,000:    3s.  Last read position: NC_045545.1_RagTag:32,933,776
INFO	2024-07-03 09:25:00	MarkDuplicates	Tracking 658996 as yet unmatched pairs. 32171 records in RAM.
INFO	2024-07-03 09:25:04	MarkDuplicates	Read    34,000,000 records.  Elapsed time: 00:02:23s.  Time for last 1,000,000:    3s.  Last read position: NC_045545.1_RagTag:52,748,814
INFO	2024-07-03 09:25:04	MarkDuplicates	Tracking 666542 as yet unmatched pairs. 24003 records in RAM.
INFO	2024-07-03 09:25:07	MarkDuplicates	Read    35,000,000 records.  Elapsed time: 00:02:26s.  Time for last 1,000,000:    3s.  Last read position: NC_045545.1_RagTag:72,155,997
INFO	2024-07-03 09:25:07	MarkDuplicates	Tracking 673881 as yet unmatched pairs. 15010 records in RAM.
INFO	2024-07-03 09:25:11	MarkDuplicates	Read    36,000,000 records.  Elapsed time: 00:02:30s.  Time for last 1,000,000:    3s.  Last read position: NC_045545.1_RagTag:92,564,100
INFO	2024-07-03 09:25:11	MarkDuplicates	Tracking 689009 as yet unmatched pairs. 160 records in RAM.
INFO	2024-07-03 09:25:16	MarkDuplicates	Read    37,000,000 records.  Elapsed time: 00:02:35s.  Time for last 1,000,000:    4s.  Last read position: NC_045546.1_RagTag:20,346,659
INFO	2024-07-03 09:25:16	MarkDuplicates	Tracking 702550 as yet unmatched pairs. 49886 records in RAM.
INFO	2024-07-03 09:25:21	MarkDuplicates	Read    38,000,000 records.  Elapsed time: 00:02:40s.  Time for last 1,000,000:    5s.  Last read position: NC_045546.1_RagTag:39,765,981
INFO	2024-07-03 09:25:21	MarkDuplicates	Tracking 707943 as yet unmatched pairs. 40834 records in RAM.
INFO	2024-07-03 09:25:25	MarkDuplicates	Read    39,000,000 records.  Elapsed time: 00:02:44s.  Time for last 1,000,000:    3s.  Last read position: NC_045546.1_RagTag:58,883,165
INFO	2024-07-03 09:25:25	MarkDuplicates	Tracking 714172 as yet unmatched pairs. 30892 records in RAM.
INFO	2024-07-03 09:25:28	MarkDuplicates	Read    40,000,000 records.  Elapsed time: 00:02:48s.  Time for last 1,000,000:    3s.  Last read position: NC_045546.1_RagTag:76,563,354
INFO	2024-07-03 09:25:28	MarkDuplicates	Tracking 727308 as yet unmatched pairs. 17866 records in RAM.
INFO	2024-07-03 09:25:32	MarkDuplicates	Read    41,000,000 records.  Elapsed time: 00:02:51s.  Time for last 1,000,000:    3s.  Last read position: NC_045546.1_RagTag:95,165,218
INFO	2024-07-03 09:25:32	MarkDuplicates	Tracking 732590 as yet unmatched pairs. 5926 records in RAM.
INFO	2024-07-03 09:25:37	MarkDuplicates	Read    42,000,000 records.  Elapsed time: 00:02:56s.  Time for last 1,000,000:    4s.  Last read position: NC_045547.1_RagTag:11,535,755
INFO	2024-07-03 09:25:37	MarkDuplicates	Tracking 741275 as yet unmatched pairs. 63008 records in RAM.
INFO	2024-07-03 09:25:40	MarkDuplicates	Read    43,000,000 records.  Elapsed time: 00:02:59s.  Time for last 1,000,000:    3s.  Last read position: NC_045547.1_RagTag:30,929,402
INFO	2024-07-03 09:25:40	MarkDuplicates	Tracking 744651 as yet unmatched pairs. 50383 records in RAM.
INFO	2024-07-03 09:25:44	MarkDuplicates	Read    44,000,000 records.  Elapsed time: 00:03:03s.  Time for last 1,000,000:    3s.  Last read position: NC_045547.1_RagTag:50,068,545
INFO	2024-07-03 09:25:44	MarkDuplicates	Tracking 747215 as yet unmatched pairs. 38888 records in RAM.
INFO	2024-07-03 09:25:47	MarkDuplicates	Read    45,000,000 records.  Elapsed time: 00:03:07s.  Time for last 1,000,000:    3s.  Last read position: NC_045547.1_RagTag:67,709,149
INFO	2024-07-03 09:25:47	MarkDuplicates	Tracking 752199 as yet unmatched pairs. 22551 records in RAM.
INFO	2024-07-03 09:25:51	MarkDuplicates	Read    46,000,000 records.  Elapsed time: 00:03:10s.  Time for last 1,000,000:    3s.  Last read position: NC_045547.1_RagTag:87,096,177
INFO	2024-07-03 09:25:51	MarkDuplicates	Tracking 755589 as yet unmatched pairs. 5377 records in RAM.
INFO	2024-07-03 09:25:55	MarkDuplicates	Read    47,000,000 records.  Elapsed time: 00:03:14s.  Time for last 1,000,000:    4s.  Last read position: NC_045548.1_RagTag:14,060,160
INFO	2024-07-03 09:25:55	MarkDuplicates	Tracking 758265 as yet unmatched pairs. 47816 records in RAM.
INFO	2024-07-03 09:25:59	MarkDuplicates	Read    48,000,000 records.  Elapsed time: 00:03:18s.  Time for last 1,000,000:    3s.  Last read position: NC_045548.1_RagTag:33,109,460
INFO	2024-07-03 09:25:59	MarkDuplicates	Tracking 758096 as yet unmatched pairs. 35842 records in RAM.
INFO	2024-07-03 09:26:02	MarkDuplicates	Read    49,000,000 records.  Elapsed time: 00:03:21s.  Time for last 1,000,000:    3s.  Last read position: NC_045548.1_RagTag:52,645,536
INFO	2024-07-03 09:26:02	MarkDuplicates	Tracking 757565 as yet unmatched pairs. 22988 records in RAM.
INFO	2024-07-03 09:26:18	MarkDuplicates	Read    50,000,000 records.  Elapsed time: 00:03:37s.  Time for last 1,000,000:   15s.  Last read position: NC_045548.1_RagTag:73,268,473
INFO	2024-07-03 09:26:18	MarkDuplicates	Tracking 759564 as yet unmatched pairs. 438 records in RAM.
INFO	2024-07-03 09:26:38	MarkDuplicates	Read    51,000,000 records.  Elapsed time: 00:03:57s.  Time for last 1,000,000:   19s.  Last read position: NC_045549.1_RagTag:19,133,596
INFO	2024-07-03 09:26:38	MarkDuplicates	Tracking 760452 as yet unmatched pairs. 109410 records in RAM.
INFO	2024-07-03 09:26:41	MarkDuplicates	Read    52,000,000 records.  Elapsed time: 00:04:00s.  Time for last 1,000,000:    3s.  Last read position: NC_045549.1_RagTag:38,775,892
INFO	2024-07-03 09:26:41	MarkDuplicates	Tracking 757836 as yet unmatched pairs. 96688 records in RAM.
INFO	2024-07-03 09:26:45	MarkDuplicates	Read    53,000,000 records.  Elapsed time: 00:04:04s.  Time for last 1,000,000:    3s.  Last read position: NC_045549.1_RagTag:57,530,335
INFO	2024-07-03 09:26:45	MarkDuplicates	Tracking 756051 as yet unmatched pairs. 81302 records in RAM.
INFO	2024-07-03 09:26:48	MarkDuplicates	Read    54,000,000 records.  Elapsed time: 00:04:07s.  Time for last 1,000,000:    3s.  Last read position: NC_045549.1_RagTag:76,725,386
INFO	2024-07-03 09:26:48	MarkDuplicates	Tracking 752544 as yet unmatched pairs. 64942 records in RAM.
INFO	2024-07-03 09:26:52	MarkDuplicates	Read    55,000,000 records.  Elapsed time: 00:04:11s.  Time for last 1,000,000:    3s.  Last read position: NC_045549.1_RagTag:95,749,437
INFO	2024-07-03 09:26:52	MarkDuplicates	Tracking 748502 as yet unmatched pairs. 47252 records in RAM.
INFO	2024-07-03 09:26:56	MarkDuplicates	Read    56,000,000 records.  Elapsed time: 00:04:15s.  Time for last 1,000,000:    3s.  Last read position: NC_045549.1_RagTag:114,087,733
INFO	2024-07-03 09:26:56	MarkDuplicates	Tracking 745377 as yet unmatched pairs. 23534 records in RAM.
INFO	2024-07-03 09:27:01	MarkDuplicates	Read    57,000,000 records.  Elapsed time: 00:04:20s.  Time for last 1,000,000:    5s.  Last read position: NC_045550.1_RagTag:1,570,721
INFO	2024-07-03 09:27:01	MarkDuplicates	Tracking 740139 as yet unmatched pairs. 60339 records in RAM.
INFO	2024-07-03 09:27:05	MarkDuplicates	Read    58,000,000 records.  Elapsed time: 00:04:24s.  Time for last 1,000,000:    3s.  Last read position: NC_045550.1_RagTag:20,899,335
INFO	2024-07-03 09:27:05	MarkDuplicates	Tracking 734641 as yet unmatched pairs. 46001 records in RAM.
INFO	2024-07-03 09:27:08	MarkDuplicates	Read    59,000,000 records.  Elapsed time: 00:04:27s.  Time for last 1,000,000:    3s.  Last read position: NC_045550.1_RagTag:40,673,446
INFO	2024-07-03 09:27:08	MarkDuplicates	Tracking 728870 as yet unmatched pairs. 32134 records in RAM.
INFO	2024-07-03 09:27:12	MarkDuplicates	Read    60,000,000 records.  Elapsed time: 00:04:31s.  Time for last 1,000,000:    3s.  Last read position: NC_045550.1_RagTag:59,836,036
INFO	2024-07-03 09:27:12	MarkDuplicates	Tracking 721004 as yet unmatched pairs. 12706 records in RAM.
INFO	2024-07-03 09:27:15	MarkDuplicates	Read    61,000,000 records.  Elapsed time: 00:04:35s.  Time for last 1,000,000:    3s.  Last read position: NC_045551.1_RagTag:10,959,941
INFO	2024-07-03 09:27:15	MarkDuplicates	Tracking 712488 as yet unmatched pairs. 19281 records in RAM.
INFO	2024-07-03 09:27:20	MarkDuplicates	Read    62,000,000 records.  Elapsed time: 00:04:39s.  Time for last 1,000,000:    4s.  Last read position: NC_045552.1_RagTag:4,695,397
INFO	2024-07-03 09:27:20	MarkDuplicates	Tracking 704250 as yet unmatched pairs. 69576 records in RAM.
INFO	2024-07-03 09:27:24	MarkDuplicates	Read    63,000,000 records.  Elapsed time: 00:04:43s.  Time for last 1,000,000:    3s.  Last read position: NC_045552.1_RagTag:25,038,704
INFO	2024-07-03 09:27:24	MarkDuplicates	Tracking 693192 as yet unmatched pairs. 45038 records in RAM.
INFO	2024-07-03 09:27:28	MarkDuplicates	Read    64,000,000 records.  Elapsed time: 00:04:47s.  Time for last 1,000,000:    3s.  Last read position: NC_045552.1_RagTag:44,417,013
INFO	2024-07-03 09:27:28	MarkDuplicates	Tracking 682603 as yet unmatched pairs. 20296 records in RAM.
INFO	2024-07-03 09:27:32	MarkDuplicates	Read    65,000,000 records.  Elapsed time: 00:04:51s.  Time for last 1,000,000:    4s.  Last read position: NC_045553.1_RagTag:7,292,028
INFO	2024-07-03 09:27:32	MarkDuplicates	Tracking 671208 as yet unmatched pairs. 63109 records in RAM.
INFO	2024-07-03 09:27:36	MarkDuplicates	Read    66,000,000 records.  Elapsed time: 00:04:55s.  Time for last 1,000,000:    3s.  Last read position: NC_045553.1_RagTag:27,971,413
INFO	2024-07-03 09:27:36	MarkDuplicates	Tracking 656684 as yet unmatched pairs. 33086 records in RAM.
INFO	2024-07-03 09:27:40	MarkDuplicates	Read    67,000,000 records.  Elapsed time: 00:04:59s.  Time for last 1,000,000:    3s.  Last read position: NC_045553.1_RagTag:46,564,438
INFO	2024-07-03 09:27:40	MarkDuplicates	Tracking 642741 as yet unmatched pairs. 3856 records in RAM.
INFO	2024-07-03 09:27:44	MarkDuplicates	Read    68,000,000 records.  Elapsed time: 00:05:03s.  Time for last 1,000,000:    4s.  Last read position: NC_045554.1_RagTag:17,268,275
INFO	2024-07-03 09:27:44	MarkDuplicates	Tracking 624770 as yet unmatched pairs. 47472 records in RAM.
INFO	2024-07-03 09:27:48	MarkDuplicates	Read    69,000,000 records.  Elapsed time: 00:05:07s.  Time for last 1,000,000:    3s.  Last read position: NC_045554.1_RagTag:37,366,878
INFO	2024-07-03 09:27:48	MarkDuplicates	Tracking 606544 as yet unmatched pairs. 18068 records in RAM.
INFO	2024-07-03 09:27:52	MarkDuplicates	Read    70,000,000 records.  Elapsed time: 00:05:12s.  Time for last 1,000,000:    4s.  Last read position: NC_045555.1_RagTag:8,631,667
INFO	2024-07-03 09:27:52	MarkDuplicates	Tracking 586526 as yet unmatched pairs. 53970 records in RAM.
INFO	2024-07-03 09:27:56	MarkDuplicates	Read    71,000,000 records.  Elapsed time: 00:05:15s.  Time for last 1,000,000:    3s.  Last read position: NC_045555.1_RagTag:27,735,107
INFO	2024-07-03 09:27:56	MarkDuplicates	Tracking 566889 as yet unmatched pairs. 25429 records in RAM.
INFO	2024-07-03 09:28:01	MarkDuplicates	Read    72,000,000 records.  Elapsed time: 00:05:20s.  Time for last 1,000,000:    4s.  Last read position: NC_045556.1_RagTag:2,212,651
INFO	2024-07-03 09:28:01	MarkDuplicates	Tracking 551226 as yet unmatched pairs. 63136 records in RAM.
INFO	2024-07-03 09:28:04	MarkDuplicates	Read    73,000,000 records.  Elapsed time: 00:05:24s.  Time for last 1,000,000:    3s.  Last read position: NC_045556.1_RagTag:21,148,367
INFO	2024-07-03 09:28:04	MarkDuplicates	Tracking 526700 as yet unmatched pairs. 29193 records in RAM.
INFO	2024-07-03 09:28:08	MarkDuplicates	Read    74,000,000 records.  Elapsed time: 00:05:28s.  Time for last 1,000,000:    3s.  Last read position: NC_045557.1_RagTag:3,859,835
INFO	2024-07-03 09:28:08	MarkDuplicates	Tracking 507991 as yet unmatched pairs. 14067 records in RAM.
INFO	2024-07-03 09:28:15	MarkDuplicates	Read    75,000,000 records.  Elapsed time: 00:05:34s.  Time for last 1,000,000:    6s.  Last read position: NC_045558.1_RagTag:19,057,118
INFO	2024-07-03 09:28:15	MarkDuplicates	Tracking 482137 as yet unmatched pairs. 146583 records in RAM.
INFO	2024-07-03 09:28:30	MarkDuplicates	Read    76,000,000 records.  Elapsed time: 00:05:49s.  Time for last 1,000,000:   15s.  Last read position: NC_045558.1_RagTag:50,012,560
INFO	2024-07-03 09:28:30	MarkDuplicates	Tracking 460473 as yet unmatched pairs. 120099 records in RAM.
INFO	2024-07-03 09:28:34	MarkDuplicates	Read    77,000,000 records.  Elapsed time: 00:05:53s.  Time for last 1,000,000:    3s.  Last read position: NC_045558.1_RagTag:75,771,605
INFO	2024-07-03 09:28:34	MarkDuplicates	Tracking 434203 as yet unmatched pairs. 86085 records in RAM.
INFO	2024-07-03 09:28:37	MarkDuplicates	Read    78,000,000 records.  Elapsed time: 00:05:56s.  Time for last 1,000,000:    3s.  Last read position: NC_045558.1_RagTag:106,366,952
INFO	2024-07-03 09:28:37	MarkDuplicates	Tracking 408484 as yet unmatched pairs. 54729 records in RAM.
INFO	2024-07-03 09:28:41	MarkDuplicates	Read    79,000,000 records.  Elapsed time: 00:06:00s.  Time for last 1,000,000:    3s.  Last read position: NC_045558.1_RagTag:135,327,749
INFO	2024-07-03 09:28:41	MarkDuplicates	Tracking 379254 as yet unmatched pairs. 20258 records in RAM.
INFO	2024-07-03 09:28:50	MarkDuplicates	Read    80,000,000 records.  Elapsed time: 00:06:09s.  Time for last 1,000,000:    9s.  Last read position: Chr0_RagTag:357,280
INFO	2024-07-03 09:28:50	MarkDuplicates	Tracking 351944 as yet unmatched pairs. 351944 records in RAM.
INFO	2024-07-03 09:28:54	MarkDuplicates	Read    81,000,000 records.  Elapsed time: 00:06:13s.  Time for last 1,000,000:    3s.  Last read position: Chr0_RagTag:18,694,458
INFO	2024-07-03 09:28:54	MarkDuplicates	Tracking 322392 as yet unmatched pairs. 322392 records in RAM.
INFO	2024-07-03 09:28:57	MarkDuplicates	Read    82,000,000 records.  Elapsed time: 00:06:17s.  Time for last 1,000,000:    3s.  Last read position: Chr0_RagTag:33,751,846
INFO	2024-07-03 09:28:57	MarkDuplicates	Tracking 293742 as yet unmatched pairs. 293742 records in RAM.
INFO	2024-07-03 09:29:01	MarkDuplicates	Read    83,000,000 records.  Elapsed time: 00:06:20s.  Time for last 1,000,000:    3s.  Last read position: Chr0_RagTag:49,644,070
INFO	2024-07-03 09:29:01	MarkDuplicates	Tracking 261409 as yet unmatched pairs. 261409 records in RAM.
INFO	2024-07-03 09:29:05	MarkDuplicates	Read    84,000,000 records.  Elapsed time: 00:06:24s.  Time for last 1,000,000:    3s.  Last read position: Chr0_RagTag:64,579,631
INFO	2024-07-03 09:29:05	MarkDuplicates	Tracking 227023 as yet unmatched pairs. 227023 records in RAM.
INFO	2024-07-03 09:29:09	MarkDuplicates	Read    85,000,000 records.  Elapsed time: 00:06:28s.  Time for last 1,000,000:    3s.  Last read position: Chr0_RagTag:81,316,306
INFO	2024-07-03 09:29:09	MarkDuplicates	Tracking 184461 as yet unmatched pairs. 184461 records in RAM.
INFO	2024-07-03 09:29:12	MarkDuplicates	Read    86,000,000 records.  Elapsed time: 00:06:32s.  Time for last 1,000,000:    3s.  Last read position: Chr0_RagTag:97,342,423
INFO	2024-07-03 09:29:12	MarkDuplicates	Tracking 138158 as yet unmatched pairs. 138158 records in RAM.
INFO	2024-07-03 09:29:18	MarkDuplicates	Read    87,000,000 records.  Elapsed time: 00:06:37s.  Time for last 1,000,000:    5s.  Last read position: Chr0_RagTag:114,609,665
INFO	2024-07-03 09:29:18	MarkDuplicates	Tracking 85625 as yet unmatched pairs. 85625 records in RAM.
INFO	2024-07-03 09:29:22	MarkDuplicates	Read    88,000,000 records.  Elapsed time: 00:06:41s.  Time for last 1,000,000:    3s.  Last read position: Chr0_RagTag:128,962,736
INFO	2024-07-03 09:29:22	MarkDuplicates	Tracking 31286 as yet unmatched pairs. 31286 records in RAM.
INFO	2024-07-03 09:29:24	MarkDuplicates	Read 88475962 records. 0 pairs never matched.
INFO	2024-07-03 09:29:43	MarkDuplicates	After buildSortedReadEndLists freeMemory: 5527882056; totalMemory: 5763731456; maxMemory: 6487212032
INFO	2024-07-03 09:29:43	MarkDuplicates	Will retain up to 202725376 duplicate indices before spilling to disk.
INFO	2024-07-03 09:29:43	MarkDuplicates	Traversing read pair information and detecting duplicates.
WARNING	2024-07-03 09:29:43	SortingCollection	There is not enough memory per file for buffering. Reading will be unbuffered.
INFO	2024-07-03 09:30:02	MarkDuplicates	Traversing fragment information and detecting duplicates.
INFO	2024-07-03 09:30:26	MarkDuplicates	Sorting list of duplicate records.
INFO	2024-07-03 09:30:26	MarkDuplicates	After generateDuplicateIndexes freeMemory: 4104156432; totalMemory: 5763731456; maxMemory: 6487212032
INFO	2024-07-03 09:30:26	MarkDuplicates	Marking 5824195 records as duplicates.
INFO	2024-07-03 09:30:26	MarkDuplicates	Found 135107 optical duplicate clusters.
INFO	2024-07-03 09:30:26	MarkDuplicates	Reads are assumed to be ordered by: coordinate
INFO	2024-07-03 09:32:47	MarkDuplicates	Written    10,000,000 records.  Elapsed time: 00:02:20s.  Time for last 10,000,000:  140s.  Last read position: NC_045542.1_RagTag:28,757,855
INFO	2024-07-03 09:35:07	MarkDuplicates	Written    20,000,000 records.  Elapsed time: 00:04:41s.  Time for last 10,000,000:  140s.  Last read position: NC_045543.1_RagTag:76,876,032
INFO	2024-07-03 09:37:28	MarkDuplicates	Written    30,000,000 records.  Elapsed time: 00:07:02s.  Time for last 10,000,000:  140s.  Last read position: NC_045545.1_RagTag:15,553,895
INFO	2024-07-03 09:39:50	MarkDuplicates	Written    40,000,000 records.  Elapsed time: 00:09:23s.  Time for last 10,000,000:  141s.  Last read position: NC_045547.1_RagTag:26,465,170
INFO	2024-07-03 09:42:12	MarkDuplicates	Written    50,000,000 records.  Elapsed time: 00:11:45s.  Time for last 10,000,000:  141s.  Last read position: NC_045549.1_RagTag:66,272,447
INFO	2024-07-03 09:44:34	MarkDuplicates	Written    60,000,000 records.  Elapsed time: 00:14:07s.  Time for last 10,000,000:  142s.  Last read position: NC_045552.1_RagTag:47,073,943
INFO	2024-07-03 09:47:00	MarkDuplicates	Written    70,000,000 records.  Elapsed time: 00:16:33s.  Time for last 10,000,000:  146s.  Last read position: NC_045558.1_RagTag:14,087,864
INFO	2024-07-03 09:49:25	MarkDuplicates	Written    80,000,000 records.  Elapsed time: 00:18:58s.  Time for last 10,000,000:  144s.  Last read position: Chr0_RagTag:89,177,302
INFO	2024-07-03 09:50:06	MarkDuplicates	Writing complete. Closing input iterator.
INFO	2024-07-03 09:50:06	MarkDuplicates	Duplicate Index cleanup.
INFO	2024-07-03 09:50:06	MarkDuplicates	Getting Memory Stats.
INFO	2024-07-03 09:50:06	MarkDuplicates	Before output close freeMemory: 5725266976; totalMemory: 5763731456; maxMemory: 6487212032
INFO	2024-07-03 09:50:06	MarkDuplicates	Closed outputs. Getting more Memory Stats.
INFO	2024-07-03 09:50:06	MarkDuplicates	After output close freeMemory: 5192696304; totalMemory: 5227941888; maxMemory: 6487212032
[Wed Jul 03 09:50:06 MDT 2024] picard.sam.markduplicates.MarkDuplicates done. Elapsed time: 27.43 minutes.
Runtime.totalMemory()=5227941888
