INFO	2024-07-03 09:22:39	MarkDuplicates	

********** NOTE: Picard's command line syntax is changing.
**********
********** For more information, please see:
********** https://github.com/broadinstitute/picard/wiki/Command-Line-Syntax-Transition-For-Users-(Pre-Transition)
**********
********** The command line looks like this in the new syntax:
**********
**********    MarkDuplicates -REMOVE_DUPLICATES true -ASSUME_SORTED true -VALIDATION_STRINGENCY SILENT -INPUT LACM187031_sort.bam -OUTPUT /project/getpop/bwa_ratsnake/rmd/LACM187031.rmd.bam -METRICS_FILE /project/getpop/bwa_ratsnake/rmd/LACM187031.rmd.bam.metrics
**********


09:22:40.542 INFO  NativeLibraryLoader - Loading libgkl_compression.so from jar:file:/apps/u/spack/gcc/12.2.0/picard/2.26.2-xrdth7g/bin/picard.jar!/com/intel/gkl/native/libgkl_compression.so
[Wed Jul 03 09:22:40 MDT 2024] MarkDuplicates INPUT=[LACM187031_sort.bam] OUTPUT=/project/getpop/bwa_ratsnake/rmd/LACM187031.rmd.bam METRICS_FILE=/project/getpop/bwa_ratsnake/rmd/LACM187031.rmd.bam.metrics REMOVE_DUPLICATES=true ASSUME_SORTED=true VALIDATION_STRINGENCY=SILENT    MAX_SEQUENCES_FOR_DISK_READ_ENDS_MAP=50000 MAX_FILE_HANDLES_FOR_READ_ENDS_MAP=8000 SORTING_COLLECTION_SIZE_RATIO=0.25 TAG_DUPLICATE_SET_MEMBERS=false REMOVE_SEQUENCING_DUPLICATES=false TAGGING_POLICY=DontTag CLEAR_DT=true DUPLEX_UMI=false ADD_PG_TAG_TO_READS=true DUPLICATE_SCORING_STRATEGY=SUM_OF_BASE_QUALITIES PROGRAM_RECORD_ID=MarkDuplicates PROGRAM_GROUP_NAME=MarkDuplicates READ_NAME_REGEX=<optimized capture of last three ':' separated fields as numeric values> OPTICAL_DUPLICATE_PIXEL_DISTANCE=100 MAX_OPTICAL_DUPLICATE_SET_SIZE=300000 VERBOSITY=INFO QUIET=false COMPRESSION_LEVEL=5 MAX_RECORDS_IN_RAM=500000 CREATE_INDEX=false CREATE_MD5_FILE=false GA4GH_CLIENT_SECRETS=client_secrets.json USE_JDK_DEFLATER=false USE_JDK_INFLATER=false
[Wed Jul 03 09:22:40 MDT 2024] Executing as sharrin2@t503 on Linux 4.18.0-513.11.1.el8_9.x86_64 amd64; OpenJDK 64-Bit Server VM 11.0.15+10; Deflater: Intel; Inflater: Intel; Provider GCS is not available; Picard version: 2.26.2
INFO	2024-07-03 09:22:40	MarkDuplicates	Start of doWork freeMemory: 397762552; totalMemory: 405536768; maxMemory: 6487212032
INFO	2024-07-03 09:22:40	MarkDuplicates	Reading input file and constructing read end information.
INFO	2024-07-03 09:22:40	MarkDuplicates	Will retain up to 23504391 data points before spilling to disk.
INFO	2024-07-03 09:22:46	MarkDuplicates	Read     1,000,000 records.  Elapsed time: 00:00:05s.  Time for last 1,000,000:    5s.  Last read position: NC_045541.1_RagTag:3,423,257
INFO	2024-07-03 09:22:46	MarkDuplicates	Tracking 62102 as yet unmatched pairs. 3772 records in RAM.
INFO	2024-07-03 09:22:50	MarkDuplicates	Read     2,000,000 records.  Elapsed time: 00:00:09s.  Time for last 1,000,000:    3s.  Last read position: NC_045541.1_RagTag:8,986,590
INFO	2024-07-03 09:22:50	MarkDuplicates	Tracking 110875 as yet unmatched pairs. 7434 records in RAM.
INFO	2024-07-03 09:22:54	MarkDuplicates	Read     3,000,000 records.  Elapsed time: 00:00:13s.  Time for last 1,000,000:    3s.  Last read position: NC_045541.1_RagTag:15,306,672
INFO	2024-07-03 09:22:54	MarkDuplicates	Tracking 147216 as yet unmatched pairs. 9923 records in RAM.
INFO	2024-07-03 09:22:57	MarkDuplicates	Read     4,000,000 records.  Elapsed time: 00:00:16s.  Time for last 1,000,000:    3s.  Last read position: NC_045541.1_RagTag:21,476,089
INFO	2024-07-03 09:22:57	MarkDuplicates	Tracking 190385 as yet unmatched pairs. 12772 records in RAM.
INFO	2024-07-03 09:23:00	MarkDuplicates	Read     5,000,000 records.  Elapsed time: 00:00:19s.  Time for last 1,000,000:    3s.  Last read position: NC_045541.1_RagTag:27,699,805
INFO	2024-07-03 09:23:00	MarkDuplicates	Tracking 230032 as yet unmatched pairs. 15162 records in RAM.
INFO	2024-07-03 09:23:04	MarkDuplicates	Read     6,000,000 records.  Elapsed time: 00:00:23s.  Time for last 1,000,000:    3s.  Last read position: NC_045541.1_RagTag:34,019,133
INFO	2024-07-03 09:23:04	MarkDuplicates	Tracking 272633 as yet unmatched pairs. 17581 records in RAM.
INFO	2024-07-03 09:23:08	MarkDuplicates	Read     7,000,000 records.  Elapsed time: 00:00:27s.  Time for last 1,000,000:    3s.  Last read position: NC_045541.1_RagTag:40,365,004
INFO	2024-07-03 09:23:08	MarkDuplicates	Tracking 311141 as yet unmatched pairs. 19471 records in RAM.
INFO	2024-07-03 09:23:11	MarkDuplicates	Read     8,000,000 records.  Elapsed time: 00:00:30s.  Time for last 1,000,000:    3s.  Last read position: NC_045541.1_RagTag:46,701,775
INFO	2024-07-03 09:23:11	MarkDuplicates	Tracking 352932 as yet unmatched pairs. 21546 records in RAM.
INFO	2024-07-03 09:23:15	MarkDuplicates	Read     9,000,000 records.  Elapsed time: 00:00:34s.  Time for last 1,000,000:    3s.  Last read position: NC_045541.1_RagTag:52,891,911
INFO	2024-07-03 09:23:15	MarkDuplicates	Tracking 390680 as yet unmatched pairs. 23051 records in RAM.
INFO	2024-07-03 09:23:18	MarkDuplicates	Read    10,000,000 records.  Elapsed time: 00:00:37s.  Time for last 1,000,000:    3s.  Last read position: NC_045541.1_RagTag:59,060,264
INFO	2024-07-03 09:23:18	MarkDuplicates	Tracking 430643 as yet unmatched pairs. 24418 records in RAM.
INFO	2024-07-03 09:23:21	MarkDuplicates	Read    11,000,000 records.  Elapsed time: 00:00:40s.  Time for last 1,000,000:    3s.  Last read position: NC_045541.1_RagTag:65,407,780
INFO	2024-07-03 09:23:21	MarkDuplicates	Tracking 466444 as yet unmatched pairs. 25478 records in RAM.
INFO	2024-07-03 09:23:26	MarkDuplicates	Read    12,000,000 records.  Elapsed time: 00:00:45s.  Time for last 1,000,000:    4s.  Last read position: NC_045541.1_RagTag:71,877,774
INFO	2024-07-03 09:23:26	MarkDuplicates	Tracking 503192 as yet unmatched pairs. 25810 records in RAM.
INFO	2024-07-03 09:23:29	MarkDuplicates	Read    13,000,000 records.  Elapsed time: 00:00:48s.  Time for last 1,000,000:    3s.  Last read position: NC_045541.1_RagTag:78,285,539
INFO	2024-07-03 09:23:29	MarkDuplicates	Tracking 539478 as yet unmatched pairs. 26454 records in RAM.
INFO	2024-07-03 09:23:33	MarkDuplicates	Read    14,000,000 records.  Elapsed time: 00:00:52s.  Time for last 1,000,000:    3s.  Last read position: NC_045541.1_RagTag:84,807,169
INFO	2024-07-03 09:23:33	MarkDuplicates	Tracking 573083 as yet unmatched pairs. 27059 records in RAM.
INFO	2024-07-03 09:23:36	MarkDuplicates	Read    15,000,000 records.  Elapsed time: 00:00:55s.  Time for last 1,000,000:    3s.  Last read position: NC_045541.1_RagTag:91,096,696
INFO	2024-07-03 09:23:36	MarkDuplicates	Tracking 608819 as yet unmatched pairs. 26954 records in RAM.
INFO	2024-07-03 09:23:39	MarkDuplicates	Read    16,000,000 records.  Elapsed time: 00:00:59s.  Time for last 1,000,000:    3s.  Last read position: NC_045541.1_RagTag:97,432,668
INFO	2024-07-03 09:23:39	MarkDuplicates	Tracking 640650 as yet unmatched pairs. 26830 records in RAM.
INFO	2024-07-03 09:23:43	MarkDuplicates	Read    17,000,000 records.  Elapsed time: 00:01:02s.  Time for last 1,000,000:    3s.  Last read position: NC_045541.1_RagTag:103,731,414
INFO	2024-07-03 09:23:43	MarkDuplicates	Tracking 678147 as yet unmatched pairs. 26376 records in RAM.
INFO	2024-07-03 09:23:46	MarkDuplicates	Read    18,000,000 records.  Elapsed time: 00:01:05s.  Time for last 1,000,000:    3s.  Last read position: NC_045541.1_RagTag:109,626,256
INFO	2024-07-03 09:23:46	MarkDuplicates	Tracking 710755 as yet unmatched pairs. 25782 records in RAM.
INFO	2024-07-03 09:23:49	MarkDuplicates	Read    19,000,000 records.  Elapsed time: 00:01:09s.  Time for last 1,000,000:    3s.  Last read position: NC_045541.1_RagTag:116,058,959
INFO	2024-07-03 09:23:49	MarkDuplicates	Tracking 739647 as yet unmatched pairs. 25058 records in RAM.
INFO	2024-07-03 09:23:53	MarkDuplicates	Read    20,000,000 records.  Elapsed time: 00:01:12s.  Time for last 1,000,000:    3s.  Last read position: NC_045541.1_RagTag:122,369,733
INFO	2024-07-03 09:23:53	MarkDuplicates	Tracking 771402 as yet unmatched pairs. 24238 records in RAM.
INFO	2024-07-03 09:23:58	MarkDuplicates	Read    21,000,000 records.  Elapsed time: 00:01:17s.  Time for last 1,000,000:    5s.  Last read position: NC_045541.1_RagTag:128,548,067
INFO	2024-07-03 09:23:58	MarkDuplicates	Tracking 800467 as yet unmatched pairs. 23268 records in RAM.
INFO	2024-07-03 09:24:01	MarkDuplicates	Read    22,000,000 records.  Elapsed time: 00:01:21s.  Time for last 1,000,000:    3s.  Last read position: NC_045541.1_RagTag:134,616,194
INFO	2024-07-03 09:24:01	MarkDuplicates	Tracking 833649 as yet unmatched pairs. 22001 records in RAM.
INFO	2024-07-03 09:24:05	MarkDuplicates	Read    23,000,000 records.  Elapsed time: 00:01:24s.  Time for last 1,000,000:    3s.  Last read position: NC_045541.1_RagTag:140,927,392
INFO	2024-07-03 09:24:05	MarkDuplicates	Tracking 866995 as yet unmatched pairs. 20362 records in RAM.
INFO	2024-07-03 09:24:08	MarkDuplicates	Read    24,000,000 records.  Elapsed time: 00:01:27s.  Time for last 1,000,000:    3s.  Last read position: NC_045541.1_RagTag:147,222,270
INFO	2024-07-03 09:24:08	MarkDuplicates	Tracking 900301 as yet unmatched pairs. 18635 records in RAM.
INFO	2024-07-03 09:24:25	MarkDuplicates	Read    25,000,000 records.  Elapsed time: 00:01:44s.  Time for last 1,000,000:   16s.  Last read position: NC_045541.1_RagTag:153,503,168
INFO	2024-07-03 09:24:25	MarkDuplicates	Tracking 938886 as yet unmatched pairs. 16245 records in RAM.
INFO	2024-07-03 09:24:28	MarkDuplicates	Read    26,000,000 records.  Elapsed time: 00:01:47s.  Time for last 1,000,000:    3s.  Last read position: NC_045541.1_RagTag:159,725,202
INFO	2024-07-03 09:24:28	MarkDuplicates	Tracking 986135 as yet unmatched pairs. 13174 records in RAM.
INFO	2024-07-03 09:24:32	MarkDuplicates	Read    27,000,000 records.  Elapsed time: 00:01:51s.  Time for last 1,000,000:    3s.  Last read position: NC_045541.1_RagTag:166,315,974
INFO	2024-07-03 09:24:32	MarkDuplicates	Tracking 1042713 as yet unmatched pairs. 8289 records in RAM.
INFO	2024-07-03 09:24:35	MarkDuplicates	Read    28,000,000 records.  Elapsed time: 00:01:55s.  Time for last 1,000,000:    3s.  Last read position: NC_045541.1_RagTag:173,382,149
INFO	2024-07-03 09:24:35	MarkDuplicates	Tracking 1118787 as yet unmatched pairs. 3099 records in RAM.
INFO	2024-07-03 09:24:41	MarkDuplicates	Read    29,000,000 records.  Elapsed time: 00:02:00s.  Time for last 1,000,000:    5s.  Last read position: NC_045542.1_RagTag:2,386,418
INFO	2024-07-03 09:24:41	MarkDuplicates	Tracking 1182087 as yet unmatched pairs. 102142 records in RAM.
INFO	2024-07-03 09:24:44	MarkDuplicates	Read    30,000,000 records.  Elapsed time: 00:02:03s.  Time for last 1,000,000:    3s.  Last read position: NC_045542.1_RagTag:8,344,350
INFO	2024-07-03 09:24:44	MarkDuplicates	Tracking 1212710 as yet unmatched pairs. 101369 records in RAM.
INFO	2024-07-03 09:24:47	MarkDuplicates	Read    31,000,000 records.  Elapsed time: 00:02:07s.  Time for last 1,000,000:    3s.  Last read position: NC_045542.1_RagTag:14,810,516
INFO	2024-07-03 09:24:47	MarkDuplicates	Tracking 1242364 as yet unmatched pairs. 100764 records in RAM.
INFO	2024-07-03 09:24:51	MarkDuplicates	Read    32,000,000 records.  Elapsed time: 00:02:10s.  Time for last 1,000,000:    3s.  Last read position: NC_045542.1_RagTag:21,003,627
INFO	2024-07-03 09:24:51	MarkDuplicates	Tracking 1272986 as yet unmatched pairs. 99926 records in RAM.
INFO	2024-07-03 09:24:54	MarkDuplicates	Read    33,000,000 records.  Elapsed time: 00:02:13s.  Time for last 1,000,000:    3s.  Last read position: NC_045542.1_RagTag:27,419,797
INFO	2024-07-03 09:24:54	MarkDuplicates	Tracking 1306103 as yet unmatched pairs. 99147 records in RAM.
INFO	2024-07-03 09:24:58	MarkDuplicates	Read    34,000,000 records.  Elapsed time: 00:02:17s.  Time for last 1,000,000:    3s.  Last read position: NC_045542.1_RagTag:33,672,720
INFO	2024-07-03 09:24:58	MarkDuplicates	Tracking 1346304 as yet unmatched pairs. 97521 records in RAM.
INFO	2024-07-03 09:25:01	MarkDuplicates	Read    35,000,000 records.  Elapsed time: 00:02:20s.  Time for last 1,000,000:    3s.  Last read position: NC_045542.1_RagTag:40,224,170
INFO	2024-07-03 09:25:01	MarkDuplicates	Tracking 1381799 as yet unmatched pairs. 94755 records in RAM.
INFO	2024-07-03 09:25:04	MarkDuplicates	Read    36,000,000 records.  Elapsed time: 00:02:24s.  Time for last 1,000,000:    3s.  Last read position: NC_045542.1_RagTag:46,457,557
INFO	2024-07-03 09:25:04	MarkDuplicates	Tracking 1411753 as yet unmatched pairs. 92995 records in RAM.
INFO	2024-07-03 09:25:10	MarkDuplicates	Read    37,000,000 records.  Elapsed time: 00:02:29s.  Time for last 1,000,000:    5s.  Last read position: NC_045542.1_RagTag:52,597,814
INFO	2024-07-03 09:25:10	MarkDuplicates	Tracking 1438027 as yet unmatched pairs. 91118 records in RAM.
INFO	2024-07-03 09:25:13	MarkDuplicates	Read    38,000,000 records.  Elapsed time: 00:02:32s.  Time for last 1,000,000:    3s.  Last read position: NC_045542.1_RagTag:58,820,039
INFO	2024-07-03 09:25:13	MarkDuplicates	Tracking 1465272 as yet unmatched pairs. 88883 records in RAM.
INFO	2024-07-03 09:25:16	MarkDuplicates	Read    39,000,000 records.  Elapsed time: 00:02:35s.  Time for last 1,000,000:    3s.  Last read position: NC_045542.1_RagTag:65,078,298
INFO	2024-07-03 09:25:16	MarkDuplicates	Tracking 1493097 as yet unmatched pairs. 86555 records in RAM.
INFO	2024-07-03 09:25:20	MarkDuplicates	Read    40,000,000 records.  Elapsed time: 00:02:39s.  Time for last 1,000,000:    3s.  Last read position: NC_045542.1_RagTag:71,628,767
INFO	2024-07-03 09:25:20	MarkDuplicates	Tracking 1519506 as yet unmatched pairs. 83805 records in RAM.
INFO	2024-07-03 09:25:23	MarkDuplicates	Read    41,000,000 records.  Elapsed time: 00:02:42s.  Time for last 1,000,000:    3s.  Last read position: NC_045542.1_RagTag:77,923,856
INFO	2024-07-03 09:25:23	MarkDuplicates	Tracking 1547219 as yet unmatched pairs. 81030 records in RAM.
INFO	2024-07-03 09:25:26	MarkDuplicates	Read    42,000,000 records.  Elapsed time: 00:02:46s.  Time for last 1,000,000:    3s.  Last read position: NC_045542.1_RagTag:84,192,885
INFO	2024-07-03 09:25:26	MarkDuplicates	Tracking 1574918 as yet unmatched pairs. 78378 records in RAM.
INFO	2024-07-03 09:25:30	MarkDuplicates	Read    43,000,000 records.  Elapsed time: 00:02:49s.  Time for last 1,000,000:    3s.  Last read position: NC_045542.1_RagTag:90,637,829
INFO	2024-07-03 09:25:30	MarkDuplicates	Tracking 1600464 as yet unmatched pairs. 74277 records in RAM.
INFO	2024-07-03 09:25:33	MarkDuplicates	Read    44,000,000 records.  Elapsed time: 00:02:52s.  Time for last 1,000,000:    3s.  Last read position: NC_045542.1_RagTag:96,829,794
INFO	2024-07-03 09:25:33	MarkDuplicates	Tracking 1628602 as yet unmatched pairs. 70421 records in RAM.
INFO	2024-07-03 09:25:36	MarkDuplicates	Read    45,000,000 records.  Elapsed time: 00:02:56s.  Time for last 1,000,000:    3s.  Last read position: NC_045542.1_RagTag:103,075,165
INFO	2024-07-03 09:25:36	MarkDuplicates	Tracking 1651628 as yet unmatched pairs. 66818 records in RAM.
INFO	2024-07-03 09:25:40	MarkDuplicates	Read    46,000,000 records.  Elapsed time: 00:02:59s.  Time for last 1,000,000:    3s.  Last read position: NC_045542.1_RagTag:109,072,324
INFO	2024-07-03 09:25:40	MarkDuplicates	Tracking 1685691 as yet unmatched pairs. 62158 records in RAM.
INFO	2024-07-03 09:25:43	MarkDuplicates	Read    47,000,000 records.  Elapsed time: 00:03:02s.  Time for last 1,000,000:    3s.  Last read position: NC_045542.1_RagTag:115,337,208
INFO	2024-07-03 09:25:43	MarkDuplicates	Tracking 1713763 as yet unmatched pairs. 57822 records in RAM.
INFO	2024-07-03 09:25:46	MarkDuplicates	Read    48,000,000 records.  Elapsed time: 00:03:05s.  Time for last 1,000,000:    3s.  Last read position: NC_045542.1_RagTag:121,471,201
INFO	2024-07-03 09:25:46	MarkDuplicates	Tracking 1746779 as yet unmatched pairs. 52494 records in RAM.
INFO	2024-07-03 09:26:03	MarkDuplicates	Read    49,000,000 records.  Elapsed time: 00:03:22s.  Time for last 1,000,000:   16s.  Last read position: NC_045542.1_RagTag:127,249,654
INFO	2024-07-03 09:26:03	MarkDuplicates	Tracking 1780107 as yet unmatched pairs. 47189 records in RAM.
INFO	2024-07-03 09:26:06	MarkDuplicates	Read    50,000,000 records.  Elapsed time: 00:03:25s.  Time for last 1,000,000:    3s.  Last read position: NC_045542.1_RagTag:133,418,191
INFO	2024-07-03 09:26:06	MarkDuplicates	Tracking 1816536 as yet unmatched pairs. 40526 records in RAM.
INFO	2024-07-03 09:26:25	MarkDuplicates	Read    51,000,000 records.  Elapsed time: 00:03:44s.  Time for last 1,000,000:   18s.  Last read position: NC_045542.1_RagTag:139,351,238
INFO	2024-07-03 09:26:25	MarkDuplicates	Tracking 1861347 as yet unmatched pairs. 31181 records in RAM.
INFO	2024-07-03 09:26:29	MarkDuplicates	Read    52,000,000 records.  Elapsed time: 00:03:48s.  Time for last 1,000,000:    3s.  Last read position: NC_045542.1_RagTag:145,582,483
INFO	2024-07-03 09:26:29	MarkDuplicates	Tracking 1913364 as yet unmatched pairs. 21995 records in RAM.
INFO	2024-07-03 09:26:32	MarkDuplicates	Read    53,000,000 records.  Elapsed time: 00:03:51s.  Time for last 1,000,000:    3s.  Last read position: NC_045542.1_RagTag:151,528,812
INFO	2024-07-03 09:26:32	MarkDuplicates	Tracking 1967152 as yet unmatched pairs. 12910 records in RAM.
INFO	2024-07-03 09:26:36	MarkDuplicates	Read    54,000,000 records.  Elapsed time: 00:03:55s.  Time for last 1,000,000:    3s.  Last read position: NC_045542.1_RagTag:157,642,328
INFO	2024-07-03 09:26:36	MarkDuplicates	Tracking 2025383 as yet unmatched pairs. 3291 records in RAM.
INFO	2024-07-03 09:26:42	MarkDuplicates	Read    55,000,000 records.  Elapsed time: 00:04:01s.  Time for last 1,000,000:    6s.  Last read position: NC_045543.1_RagTag:4,405,148
INFO	2024-07-03 09:26:42	MarkDuplicates	Tracking 2071786 as yet unmatched pairs. 139956 records in RAM.
INFO	2024-07-03 09:26:46	MarkDuplicates	Read    56,000,000 records.  Elapsed time: 00:04:05s.  Time for last 1,000,000:    3s.  Last read position: NC_045543.1_RagTag:10,589,011
INFO	2024-07-03 09:26:46	MarkDuplicates	Tracking 2094355 as yet unmatched pairs. 135335 records in RAM.
INFO	2024-07-03 09:26:49	MarkDuplicates	Read    57,000,000 records.  Elapsed time: 00:04:08s.  Time for last 1,000,000:    3s.  Last read position: NC_045543.1_RagTag:16,852,307
INFO	2024-07-03 09:26:49	MarkDuplicates	Tracking 2119286 as yet unmatched pairs. 130703 records in RAM.
INFO	2024-07-03 09:26:52	MarkDuplicates	Read    58,000,000 records.  Elapsed time: 00:04:11s.  Time for last 1,000,000:    3s.  Last read position: NC_045543.1_RagTag:23,208,193
INFO	2024-07-03 09:26:52	MarkDuplicates	Tracking 2144226 as yet unmatched pairs. 125110 records in RAM.
INFO	2024-07-03 09:26:56	MarkDuplicates	Read    59,000,000 records.  Elapsed time: 00:04:15s.  Time for last 1,000,000:    3s.  Last read position: NC_045543.1_RagTag:29,213,197
INFO	2024-07-03 09:26:56	MarkDuplicates	Tracking 2175934 as yet unmatched pairs. 117896 records in RAM.
INFO	2024-07-03 09:26:59	MarkDuplicates	Read    60,000,000 records.  Elapsed time: 00:04:18s.  Time for last 1,000,000:    3s.  Last read position: NC_045543.1_RagTag:35,507,558
INFO	2024-07-03 09:26:59	MarkDuplicates	Tracking 2200742 as yet unmatched pairs. 111829 records in RAM.
INFO	2024-07-03 09:27:03	MarkDuplicates	Read    61,000,000 records.  Elapsed time: 00:04:22s.  Time for last 1,000,000:    3s.  Last read position: NC_045543.1_RagTag:41,855,335
INFO	2024-07-03 09:27:03	MarkDuplicates	Tracking 2224844 as yet unmatched pairs. 105408 records in RAM.
INFO	2024-07-03 09:27:06	MarkDuplicates	Read    62,000,000 records.  Elapsed time: 00:04:25s.  Time for last 1,000,000:    3s.  Last read position: NC_045543.1_RagTag:48,072,355
INFO	2024-07-03 09:27:06	MarkDuplicates	Tracking 2247429 as yet unmatched pairs. 99673 records in RAM.
INFO	2024-07-03 09:27:09	MarkDuplicates	Read    63,000,000 records.  Elapsed time: 00:04:28s.  Time for last 1,000,000:    3s.  Last read position: NC_045543.1_RagTag:54,485,408
INFO	2024-07-03 09:27:09	MarkDuplicates	Tracking 2269673 as yet unmatched pairs. 94181 records in RAM.
INFO	2024-07-03 09:27:12	MarkDuplicates	Read    64,000,000 records.  Elapsed time: 00:04:32s.  Time for last 1,000,000:    3s.  Last read position: NC_045543.1_RagTag:60,962,593
INFO	2024-07-03 09:27:12	MarkDuplicates	Tracking 2288836 as yet unmatched pairs. 88286 records in RAM.
INFO	2024-07-03 09:27:16	MarkDuplicates	Read    65,000,000 records.  Elapsed time: 00:04:35s.  Time for last 1,000,000:    3s.  Last read position: NC_045543.1_RagTag:67,269,476
INFO	2024-07-03 09:27:16	MarkDuplicates	Tracking 2311623 as yet unmatched pairs. 81918 records in RAM.
INFO	2024-07-03 09:27:19	MarkDuplicates	Read    66,000,000 records.  Elapsed time: 00:04:38s.  Time for last 1,000,000:    3s.  Last read position: NC_045543.1_RagTag:73,746,058
INFO	2024-07-03 09:27:19	MarkDuplicates	Tracking 2330155 as yet unmatched pairs. 75758 records in RAM.
INFO	2024-07-03 09:27:22	MarkDuplicates	Read    67,000,000 records.  Elapsed time: 00:04:42s.  Time for last 1,000,000:    3s.  Last read position: NC_045543.1_RagTag:80,365,110
INFO	2024-07-03 09:27:22	MarkDuplicates	Tracking 2352239 as yet unmatched pairs. 67649 records in RAM.
INFO	2024-07-03 09:27:26	MarkDuplicates	Read    68,000,000 records.  Elapsed time: 00:04:45s.  Time for last 1,000,000:    3s.  Last read position: NC_045543.1_RagTag:86,700,035
INFO	2024-07-03 09:27:26	MarkDuplicates	Tracking 2378439 as yet unmatched pairs. 59419 records in RAM.
INFO	2024-07-03 09:27:29	MarkDuplicates	Read    69,000,000 records.  Elapsed time: 00:04:48s.  Time for last 1,000,000:    3s.  Last read position: NC_045543.1_RagTag:93,068,493
INFO	2024-07-03 09:27:29	MarkDuplicates	Tracking 2411219 as yet unmatched pairs. 48103 records in RAM.
INFO	2024-07-03 09:27:33	MarkDuplicates	Read    70,000,000 records.  Elapsed time: 00:04:52s.  Time for last 1,000,000:    3s.  Last read position: NC_045543.1_RagTag:99,159,769
INFO	2024-07-03 09:27:33	MarkDuplicates	Tracking 2462621 as yet unmatched pairs. 32907 records in RAM.
INFO	2024-07-03 09:27:36	MarkDuplicates	Read    71,000,000 records.  Elapsed time: 00:04:56s.  Time for last 1,000,000:    3s.  Last read position: NC_045543.1_RagTag:104,960,131
INFO	2024-07-03 09:27:36	MarkDuplicates	Tracking 2543242 as yet unmatched pairs. 11169 records in RAM.
INFO	2024-07-03 09:27:44	MarkDuplicates	Read    72,000,000 records.  Elapsed time: 00:05:03s.  Time for last 1,000,000:    7s.  Last read position: NC_045544.1_RagTag:2,160,415
INFO	2024-07-03 09:27:44	MarkDuplicates	Tracking 2586975 as yet unmatched pairs. 258959 records in RAM.
INFO	2024-07-03 09:27:47	MarkDuplicates	Read    73,000,000 records.  Elapsed time: 00:05:06s.  Time for last 1,000,000:    3s.  Last read position: NC_045544.1_RagTag:8,654,621
INFO	2024-07-03 09:27:47	MarkDuplicates	Tracking 2607593 as yet unmatched pairs. 252764 records in RAM.
INFO	2024-07-03 09:28:03	MarkDuplicates	Read    74,000,000 records.  Elapsed time: 00:05:22s.  Time for last 1,000,000:   15s.  Last read position: NC_045544.1_RagTag:14,707,206
INFO	2024-07-03 09:28:03	MarkDuplicates	Tracking 2632754 as yet unmatched pairs. 244366 records in RAM.
INFO	2024-07-03 09:28:06	MarkDuplicates	Read    75,000,000 records.  Elapsed time: 00:05:25s.  Time for last 1,000,000:    3s.  Last read position: NC_045544.1_RagTag:20,976,637
INFO	2024-07-03 09:28:06	MarkDuplicates	Tracking 2657357 as yet unmatched pairs. 236706 records in RAM.
INFO	2024-07-03 09:28:10	MarkDuplicates	Read    76,000,000 records.  Elapsed time: 00:05:29s.  Time for last 1,000,000:    3s.  Last read position: NC_045544.1_RagTag:27,267,090
INFO	2024-07-03 09:28:10	MarkDuplicates	Tracking 2680116 as yet unmatched pairs. 228414 records in RAM.
INFO	2024-07-03 09:28:13	MarkDuplicates	Read    77,000,000 records.  Elapsed time: 00:05:32s.  Time for last 1,000,000:    3s.  Last read position: NC_045544.1_RagTag:33,103,254
INFO	2024-07-03 09:28:13	MarkDuplicates	Tracking 2702097 as yet unmatched pairs. 220481 records in RAM.
INFO	2024-07-03 09:28:16	MarkDuplicates	Read    78,000,000 records.  Elapsed time: 00:05:35s.  Time for last 1,000,000:    3s.  Last read position: NC_045544.1_RagTag:39,495,410
INFO	2024-07-03 09:28:16	MarkDuplicates	Tracking 2723324 as yet unmatched pairs. 212260 records in RAM.
INFO	2024-07-03 09:28:20	MarkDuplicates	Read    79,000,000 records.  Elapsed time: 00:05:39s.  Time for last 1,000,000:    3s.  Last read position: NC_045544.1_RagTag:45,648,458
INFO	2024-07-03 09:28:20	MarkDuplicates	Tracking 2745647 as yet unmatched pairs. 203094 records in RAM.
INFO	2024-07-03 09:28:23	MarkDuplicates	Read    80,000,000 records.  Elapsed time: 00:05:42s.  Time for last 1,000,000:    3s.  Last read position: NC_045544.1_RagTag:51,975,290
INFO	2024-07-03 09:28:23	MarkDuplicates	Tracking 2767275 as yet unmatched pairs. 194224 records in RAM.
INFO	2024-07-03 09:28:26	MarkDuplicates	Read    81,000,000 records.  Elapsed time: 00:05:46s.  Time for last 1,000,000:    3s.  Last read position: NC_045544.1_RagTag:58,462,963
INFO	2024-07-03 09:28:26	MarkDuplicates	Tracking 2783437 as yet unmatched pairs. 186773 records in RAM.
INFO	2024-07-03 09:28:30	MarkDuplicates	Read    82,000,000 records.  Elapsed time: 00:05:49s.  Time for last 1,000,000:    3s.  Last read position: NC_045544.1_RagTag:64,842,850
INFO	2024-07-03 09:28:30	MarkDuplicates	Tracking 2803810 as yet unmatched pairs. 177955 records in RAM.
INFO	2024-07-03 09:28:33	MarkDuplicates	Read    83,000,000 records.  Elapsed time: 00:05:52s.  Time for last 1,000,000:    3s.  Last read position: NC_045544.1_RagTag:71,129,383
INFO	2024-07-03 09:28:33	MarkDuplicates	Tracking 2820913 as yet unmatched pairs. 169308 records in RAM.
INFO	2024-07-03 09:28:36	MarkDuplicates	Read    84,000,000 records.  Elapsed time: 00:05:56s.  Time for last 1,000,000:    3s.  Last read position: NC_045544.1_RagTag:77,527,687
INFO	2024-07-03 09:28:36	MarkDuplicates	Tracking 2837881 as yet unmatched pairs. 160237 records in RAM.
INFO	2024-07-03 09:28:40	MarkDuplicates	Read    85,000,000 records.  Elapsed time: 00:05:59s.  Time for last 1,000,000:    3s.  Last read position: NC_045544.1_RagTag:83,749,270
INFO	2024-07-03 09:28:40	MarkDuplicates	Tracking 2857203 as yet unmatched pairs. 150896 records in RAM.
INFO	2024-07-03 09:28:45	MarkDuplicates	Read    86,000,000 records.  Elapsed time: 00:06:04s.  Time for last 1,000,000:    5s.  Last read position: NC_045544.1_RagTag:90,109,303
INFO	2024-07-03 09:28:45	MarkDuplicates	Tracking 2874108 as yet unmatched pairs. 141546 records in RAM.
INFO	2024-07-03 09:28:48	MarkDuplicates	Read    87,000,000 records.  Elapsed time: 00:06:07s.  Time for last 1,000,000:    3s.  Last read position: NC_045544.1_RagTag:96,186,482
INFO	2024-07-03 09:28:48	MarkDuplicates	Tracking 2890824 as yet unmatched pairs. 132210 records in RAM.
INFO	2024-07-03 09:28:52	MarkDuplicates	Read    88,000,000 records.  Elapsed time: 00:06:11s.  Time for last 1,000,000:    3s.  Last read position: NC_045544.1_RagTag:102,370,310
INFO	2024-07-03 09:28:52	MarkDuplicates	Tracking 2905545 as yet unmatched pairs. 123538 records in RAM.
INFO	2024-07-03 09:28:55	MarkDuplicates	Read    89,000,000 records.  Elapsed time: 00:06:14s.  Time for last 1,000,000:    3s.  Last read position: NC_045544.1_RagTag:108,659,304
INFO	2024-07-03 09:28:55	MarkDuplicates	Tracking 2920066 as yet unmatched pairs. 114336 records in RAM.
INFO	2024-07-03 09:28:58	MarkDuplicates	Read    90,000,000 records.  Elapsed time: 00:06:17s.  Time for last 1,000,000:    3s.  Last read position: NC_045544.1_RagTag:114,933,762
INFO	2024-07-03 09:28:58	MarkDuplicates	Tracking 2934546 as yet unmatched pairs. 105846 records in RAM.
INFO	2024-07-03 09:29:02	MarkDuplicates	Read    91,000,000 records.  Elapsed time: 00:06:21s.  Time for last 1,000,000:    3s.  Last read position: NC_045544.1_RagTag:121,253,968
INFO	2024-07-03 09:29:02	MarkDuplicates	Tracking 2949344 as yet unmatched pairs. 95949 records in RAM.
INFO	2024-07-03 09:29:05	MarkDuplicates	Read    92,000,000 records.  Elapsed time: 00:06:24s.  Time for last 1,000,000:    3s.  Last read position: NC_045544.1_RagTag:127,583,071
INFO	2024-07-03 09:29:05	MarkDuplicates	Tracking 2965517 as yet unmatched pairs. 84982 records in RAM.
INFO	2024-07-03 09:29:08	MarkDuplicates	Read    93,000,000 records.  Elapsed time: 00:06:27s.  Time for last 1,000,000:    3s.  Last read position: NC_045544.1_RagTag:134,076,151
INFO	2024-07-03 09:29:08	MarkDuplicates	Tracking 2986723 as yet unmatched pairs. 70473 records in RAM.
INFO	2024-07-03 09:29:11	MarkDuplicates	Read    94,000,000 records.  Elapsed time: 00:06:31s.  Time for last 1,000,000:    3s.  Last read position: NC_045544.1_RagTag:140,276,657
INFO	2024-07-03 09:29:11	MarkDuplicates	Tracking 3003494 as yet unmatched pairs. 57803 records in RAM.
INFO	2024-07-03 09:29:15	MarkDuplicates	Read    95,000,000 records.  Elapsed time: 00:06:34s.  Time for last 1,000,000:    3s.  Last read position: NC_045544.1_RagTag:146,622,978
INFO	2024-07-03 09:29:15	MarkDuplicates	Tracking 3026998 as yet unmatched pairs. 41505 records in RAM.
INFO	2024-07-03 09:29:18	MarkDuplicates	Read    96,000,000 records.  Elapsed time: 00:06:37s.  Time for last 1,000,000:    3s.  Last read position: NC_045544.1_RagTag:153,212,118
INFO	2024-07-03 09:29:18	MarkDuplicates	Tracking 3059693 as yet unmatched pairs. 18743 records in RAM.
INFO	2024-07-03 09:29:25	MarkDuplicates	Read    97,000,000 records.  Elapsed time: 00:06:44s.  Time for last 1,000,000:    6s.  Last read position: NC_045545.1_RagTag:745,775
INFO	2024-07-03 09:29:25	MarkDuplicates	Tracking 3100912 as yet unmatched pairs. 199020 records in RAM.
INFO	2024-07-03 09:29:40	MarkDuplicates	Read    98,000,000 records.  Elapsed time: 00:07:00s.  Time for last 1,000,000:   15s.  Last read position: NC_045545.1_RagTag:7,085,050
INFO	2024-07-03 09:29:40	MarkDuplicates	Tracking 3116685 as yet unmatched pairs. 186787 records in RAM.
INFO	2024-07-03 09:29:44	MarkDuplicates	Read    99,000,000 records.  Elapsed time: 00:07:03s.  Time for last 1,000,000:    3s.  Last read position: NC_045545.1_RagTag:13,444,859
INFO	2024-07-03 09:29:44	MarkDuplicates	Tracking 3128978 as yet unmatched pairs. 176013 records in RAM.
INFO	2024-07-03 09:29:47	MarkDuplicates	Read   100,000,000 records.  Elapsed time: 00:07:06s.  Time for last 1,000,000:    3s.  Last read position: NC_045545.1_RagTag:19,782,357
INFO	2024-07-03 09:29:47	MarkDuplicates	Tracking 3141767 as yet unmatched pairs. 165057 records in RAM.
INFO	2024-07-03 09:29:50	MarkDuplicates	Read   101,000,000 records.  Elapsed time: 00:07:09s.  Time for last 1,000,000:    3s.  Last read position: NC_045545.1_RagTag:26,081,953
INFO	2024-07-03 09:29:50	MarkDuplicates	Tracking 3154906 as yet unmatched pairs. 154314 records in RAM.
INFO	2024-07-03 09:30:10	MarkDuplicates	Read   102,000,000 records.  Elapsed time: 00:07:29s.  Time for last 1,000,000:   19s.  Last read position: NC_045545.1_RagTag:32,332,866
INFO	2024-07-03 09:30:10	MarkDuplicates	Tracking 3166298 as yet unmatched pairs. 143695 records in RAM.
INFO	2024-07-03 09:30:13	MarkDuplicates	Read   103,000,000 records.  Elapsed time: 00:07:32s.  Time for last 1,000,000:    3s.  Last read position: NC_045545.1_RagTag:38,855,293
INFO	2024-07-03 09:30:13	MarkDuplicates	Tracking 3177518 as yet unmatched pairs. 133132 records in RAM.
INFO	2024-07-03 09:30:17	MarkDuplicates	Read   104,000,000 records.  Elapsed time: 00:07:36s.  Time for last 1,000,000:    4s.  Last read position: NC_045545.1_RagTag:45,112,735
INFO	2024-07-03 09:30:17	MarkDuplicates	Tracking 3187592 as yet unmatched pairs. 122437 records in RAM.
INFO	2024-07-03 09:30:21	MarkDuplicates	Read   105,000,000 records.  Elapsed time: 00:07:40s.  Time for last 1,000,000:    3s.  Last read position: NC_045545.1_RagTag:51,360,557
INFO	2024-07-03 09:30:21	MarkDuplicates	Tracking 3198455 as yet unmatched pairs. 112429 records in RAM.
INFO	2024-07-03 09:30:24	MarkDuplicates	Read   106,000,000 records.  Elapsed time: 00:07:43s.  Time for last 1,000,000:    3s.  Last read position: NC_045545.1_RagTag:57,771,738
INFO	2024-07-03 09:30:24	MarkDuplicates	Tracking 3207863 as yet unmatched pairs. 102580 records in RAM.
INFO	2024-07-03 09:30:27	MarkDuplicates	Read   107,000,000 records.  Elapsed time: 00:07:46s.  Time for last 1,000,000:    3s.  Last read position: NC_045545.1_RagTag:64,058,726
INFO	2024-07-03 09:30:27	MarkDuplicates	Tracking 3218164 as yet unmatched pairs. 91293 records in RAM.
INFO	2024-07-03 09:30:30	MarkDuplicates	Read   108,000,000 records.  Elapsed time: 00:07:50s.  Time for last 1,000,000:    3s.  Last read position: NC_045545.1_RagTag:70,251,949
INFO	2024-07-03 09:30:30	MarkDuplicates	Tracking 3229973 as yet unmatched pairs. 78259 records in RAM.
INFO	2024-07-03 09:30:34	MarkDuplicates	Read   109,000,000 records.  Elapsed time: 00:07:53s.  Time for last 1,000,000:    3s.  Last read position: NC_045545.1_RagTag:76,170,974
INFO	2024-07-03 09:30:34	MarkDuplicates	Tracking 3248407 as yet unmatched pairs. 61000 records in RAM.
INFO	2024-07-03 09:30:37	MarkDuplicates	Read   110,000,000 records.  Elapsed time: 00:07:56s.  Time for last 1,000,000:    3s.  Last read position: NC_045545.1_RagTag:82,443,831
INFO	2024-07-03 09:30:37	MarkDuplicates	Tracking 3271993 as yet unmatched pairs. 38966 records in RAM.
INFO	2024-07-03 09:30:41	MarkDuplicates	Read   111,000,000 records.  Elapsed time: 00:08:00s.  Time for last 1,000,000:    3s.  Last read position: NC_045545.1_RagTag:89,668,639
INFO	2024-07-03 09:30:41	MarkDuplicates	Tracking 3307928 as yet unmatched pairs. 10220 records in RAM.
INFO	2024-07-03 09:30:49	MarkDuplicates	Read   112,000,000 records.  Elapsed time: 00:08:08s.  Time for last 1,000,000:    8s.  Last read position: NC_045546.1_RagTag:4,094,277
INFO	2024-07-03 09:30:49	MarkDuplicates	Tracking 3342336 as yet unmatched pairs. 285435 records in RAM.
INFO	2024-07-03 09:30:52	MarkDuplicates	Read   113,000,000 records.  Elapsed time: 00:08:11s.  Time for last 1,000,000:    3s.  Last read position: NC_045546.1_RagTag:10,938,715
INFO	2024-07-03 09:30:52	MarkDuplicates	Tracking 3377943 as yet unmatched pairs. 258057 records in RAM.
INFO	2024-07-03 09:30:56	MarkDuplicates	Read   114,000,000 records.  Elapsed time: 00:08:15s.  Time for last 1,000,000:    3s.  Last read position: NC_045546.1_RagTag:17,156,302
INFO	2024-07-03 09:30:56	MarkDuplicates	Tracking 3397637 as yet unmatched pairs. 234935 records in RAM.
INFO	2024-07-03 09:30:59	MarkDuplicates	Read   115,000,000 records.  Elapsed time: 00:08:18s.  Time for last 1,000,000:    3s.  Last read position: NC_045546.1_RagTag:23,446,414
INFO	2024-07-03 09:30:59	MarkDuplicates	Tracking 3408711 as yet unmatched pairs. 216501 records in RAM.
INFO	2024-07-03 09:31:03	MarkDuplicates	Read   116,000,000 records.  Elapsed time: 00:08:22s.  Time for last 1,000,000:    3s.  Last read position: NC_045546.1_RagTag:29,789,247
INFO	2024-07-03 09:31:03	MarkDuplicates	Tracking 3417255 as yet unmatched pairs. 202767 records in RAM.
INFO	2024-07-03 09:31:06	MarkDuplicates	Read   117,000,000 records.  Elapsed time: 00:08:25s.  Time for last 1,000,000:    3s.  Last read position: NC_045546.1_RagTag:36,108,470
INFO	2024-07-03 09:31:06	MarkDuplicates	Tracking 3426021 as yet unmatched pairs. 191252 records in RAM.
INFO	2024-07-03 09:31:09	MarkDuplicates	Read   118,000,000 records.  Elapsed time: 00:08:28s.  Time for last 1,000,000:    3s.  Last read position: NC_045546.1_RagTag:42,667,356
INFO	2024-07-03 09:31:09	MarkDuplicates	Tracking 3434242 as yet unmatched pairs. 179036 records in RAM.
INFO	2024-07-03 09:31:12	MarkDuplicates	Read   119,000,000 records.  Elapsed time: 00:08:32s.  Time for last 1,000,000:    3s.  Last read position: NC_045546.1_RagTag:49,217,441
INFO	2024-07-03 09:31:12	MarkDuplicates	Tracking 3444422 as yet unmatched pairs. 165279 records in RAM.
INFO	2024-07-03 09:31:16	MarkDuplicates	Read   120,000,000 records.  Elapsed time: 00:08:35s.  Time for last 1,000,000:    3s.  Last read position: NC_045546.1_RagTag:55,351,244
INFO	2024-07-03 09:31:16	MarkDuplicates	Tracking 3453799 as yet unmatched pairs. 151910 records in RAM.
INFO	2024-07-03 09:31:19	MarkDuplicates	Read   121,000,000 records.  Elapsed time: 00:08:39s.  Time for last 1,000,000:    3s.  Last read position: NC_045546.1_RagTag:61,570,298
INFO	2024-07-03 09:31:19	MarkDuplicates	Tracking 3469679 as yet unmatched pairs. 135715 records in RAM.
INFO	2024-07-03 09:31:23	MarkDuplicates	Read   122,000,000 records.  Elapsed time: 00:08:42s.  Time for last 1,000,000:    3s.  Last read position: NC_045546.1_RagTag:67,704,761
INFO	2024-07-03 09:31:23	MarkDuplicates	Tracking 3496266 as yet unmatched pairs. 115918 records in RAM.
INFO	2024-07-03 09:31:39	MarkDuplicates	Read   123,000,000 records.  Elapsed time: 00:08:58s.  Time for last 1,000,000:   15s.  Last read position: NC_045546.1_RagTag:73,050,374
INFO	2024-07-03 09:31:39	MarkDuplicates	Tracking 3547357 as yet unmatched pairs. 93510 records in RAM.
INFO	2024-07-03 09:31:42	MarkDuplicates	Read   124,000,000 records.  Elapsed time: 00:09:01s.  Time for last 1,000,000:    3s.  Last read position: NC_045546.1_RagTag:78,870,785
INFO	2024-07-03 09:31:42	MarkDuplicates	Tracking 3561137 as yet unmatched pairs. 73752 records in RAM.
INFO	2024-07-03 09:31:46	MarkDuplicates	Read   125,000,000 records.  Elapsed time: 00:09:05s.  Time for last 1,000,000:    3s.  Last read position: NC_045546.1_RagTag:84,691,868
INFO	2024-07-03 09:31:46	MarkDuplicates	Tracking 3574980 as yet unmatched pairs. 53028 records in RAM.
INFO	2024-07-03 09:31:49	MarkDuplicates	Read   126,000,000 records.  Elapsed time: 00:09:08s.  Time for last 1,000,000:    3s.  Last read position: NC_045546.1_RagTag:90,831,792
INFO	2024-07-03 09:31:49	MarkDuplicates	Tracking 3582300 as yet unmatched pairs. 36614 records in RAM.
INFO	2024-07-03 09:31:52	MarkDuplicates	Read   127,000,000 records.  Elapsed time: 00:09:11s.  Time for last 1,000,000:    3s.  Last read position: NC_045546.1_RagTag:97,128,274
INFO	2024-07-03 09:31:52	MarkDuplicates	Tracking 3587750 as yet unmatched pairs. 19934 records in RAM.
INFO	2024-07-03 09:31:55	MarkDuplicates	Read   128,000,000 records.  Elapsed time: 00:09:15s.  Time for last 1,000,000:    3s.  Last read position: NC_045546.1_RagTag:103,623,860
INFO	2024-07-03 09:31:55	MarkDuplicates	Tracking 3595484 as yet unmatched pairs. 466 records in RAM.
INFO	2024-07-03 09:32:04	MarkDuplicates	Read   129,000,000 records.  Elapsed time: 00:09:23s.  Time for last 1,000,000:    8s.  Last read position: NC_045547.1_RagTag:6,971,446
INFO	2024-07-03 09:32:04	MarkDuplicates	Tracking 3625537 as yet unmatched pairs. 321114 records in RAM.
INFO	2024-07-03 09:32:08	MarkDuplicates	Read   130,000,000 records.  Elapsed time: 00:09:27s.  Time for last 1,000,000:    3s.  Last read position: NC_045547.1_RagTag:13,400,447
INFO	2024-07-03 09:32:08	MarkDuplicates	Tracking 3643620 as yet unmatched pairs. 290994 records in RAM.
INFO	2024-07-03 09:32:11	MarkDuplicates	Read   131,000,000 records.  Elapsed time: 00:09:30s.  Time for last 1,000,000:    3s.  Last read position: NC_045547.1_RagTag:19,796,582
INFO	2024-07-03 09:32:11	MarkDuplicates	Tracking 3651138 as yet unmatched pairs. 271289 records in RAM.
INFO	2024-07-03 09:32:15	MarkDuplicates	Read   132,000,000 records.  Elapsed time: 00:09:34s.  Time for last 1,000,000:    3s.  Last read position: NC_045547.1_RagTag:26,090,333
INFO	2024-07-03 09:32:15	MarkDuplicates	Tracking 3655967 as yet unmatched pairs. 253874 records in RAM.
INFO	2024-07-03 09:32:18	MarkDuplicates	Read   133,000,000 records.  Elapsed time: 00:09:37s.  Time for last 1,000,000:    3s.  Last read position: NC_045547.1_RagTag:32,317,300
INFO	2024-07-03 09:32:18	MarkDuplicates	Tracking 3660058 as yet unmatched pairs. 239668 records in RAM.
INFO	2024-07-03 09:32:21	MarkDuplicates	Read   134,000,000 records.  Elapsed time: 00:09:41s.  Time for last 1,000,000:    3s.  Last read position: NC_045547.1_RagTag:38,377,114
INFO	2024-07-03 09:32:21	MarkDuplicates	Tracking 3664730 as yet unmatched pairs. 224603 records in RAM.
INFO	2024-07-03 09:32:25	MarkDuplicates	Read   135,000,000 records.  Elapsed time: 00:09:44s.  Time for last 1,000,000:    3s.  Last read position: NC_045547.1_RagTag:44,863,775
INFO	2024-07-03 09:32:25	MarkDuplicates	Tracking 3669392 as yet unmatched pairs. 208306 records in RAM.
INFO	2024-07-03 09:32:30	MarkDuplicates	Read   136,000,000 records.  Elapsed time: 00:09:49s.  Time for last 1,000,000:    5s.  Last read position: NC_045547.1_RagTag:51,113,206
INFO	2024-07-03 09:32:30	MarkDuplicates	Tracking 3676607 as yet unmatched pairs. 188781 records in RAM.
INFO	2024-07-03 09:32:34	MarkDuplicates	Read   137,000,000 records.  Elapsed time: 00:09:53s.  Time for last 1,000,000:    3s.  Last read position: NC_045547.1_RagTag:57,275,448
INFO	2024-07-03 09:32:34	MarkDuplicates	Tracking 3688075 as yet unmatched pairs. 161845 records in RAM.
INFO	2024-07-03 09:32:37	MarkDuplicates	Read   138,000,000 records.  Elapsed time: 00:09:56s.  Time for last 1,000,000:    3s.  Last read position: NC_045547.1_RagTag:62,490,546
INFO	2024-07-03 09:32:37	MarkDuplicates	Tracking 3700937 as yet unmatched pairs. 131674 records in RAM.
INFO	2024-07-03 09:32:41	MarkDuplicates	Read   139,000,000 records.  Elapsed time: 00:10:00s.  Time for last 1,000,000:    3s.  Last read position: NC_045547.1_RagTag:68,118,997
INFO	2024-07-03 09:32:41	MarkDuplicates	Tracking 3706861 as yet unmatched pairs. 105940 records in RAM.
INFO	2024-07-03 09:32:44	MarkDuplicates	Read   140,000,000 records.  Elapsed time: 00:10:03s.  Time for last 1,000,000:    3s.  Last read position: NC_045547.1_RagTag:74,559,425
INFO	2024-07-03 09:32:44	MarkDuplicates	Tracking 3710181 as yet unmatched pairs. 84983 records in RAM.
INFO	2024-07-03 09:32:47	MarkDuplicates	Read   141,000,000 records.  Elapsed time: 00:10:06s.  Time for last 1,000,000:    3s.  Last read position: NC_045547.1_RagTag:80,862,564
INFO	2024-07-03 09:32:47	MarkDuplicates	Tracking 3716891 as yet unmatched pairs. 55767 records in RAM.
INFO	2024-07-03 09:32:51	MarkDuplicates	Read   142,000,000 records.  Elapsed time: 00:10:10s.  Time for last 1,000,000:    3s.  Last read position: NC_045547.1_RagTag:87,801,194
INFO	2024-07-03 09:32:51	MarkDuplicates	Tracking 3733149 as yet unmatched pairs. 20262 records in RAM.
INFO	2024-07-03 09:32:58	MarkDuplicates	Read   143,000,000 records.  Elapsed time: 00:10:17s.  Time for last 1,000,000:    7s.  Last read position: NC_045548.1_RagTag:2,057,246
INFO	2024-07-03 09:32:58	MarkDuplicates	Tracking 3748766 as yet unmatched pairs. 251347 records in RAM.
INFO	2024-07-03 09:33:02	MarkDuplicates	Read   144,000,000 records.  Elapsed time: 00:10:21s.  Time for last 1,000,000:    3s.  Last read position: NC_045548.1_RagTag:8,301,952
INFO	2024-07-03 09:33:02	MarkDuplicates	Tracking 3749437 as yet unmatched pairs. 234139 records in RAM.
INFO	2024-07-03 09:33:05	MarkDuplicates	Read   145,000,000 records.  Elapsed time: 00:10:24s.  Time for last 1,000,000:    3s.  Last read position: NC_045548.1_RagTag:14,512,627
INFO	2024-07-03 09:33:05	MarkDuplicates	Tracking 3750221 as yet unmatched pairs. 216770 records in RAM.
INFO	2024-07-03 09:33:08	MarkDuplicates	Read   146,000,000 records.  Elapsed time: 00:10:27s.  Time for last 1,000,000:    3s.  Last read position: NC_045548.1_RagTag:20,841,611
INFO	2024-07-03 09:33:08	MarkDuplicates	Tracking 3750455 as yet unmatched pairs. 199977 records in RAM.
INFO	2024-07-03 09:33:24	MarkDuplicates	Read   147,000,000 records.  Elapsed time: 00:10:43s.  Time for last 1,000,000:   15s.  Last read position: NC_045548.1_RagTag:27,194,657
INFO	2024-07-03 09:33:24	MarkDuplicates	Tracking 3750307 as yet unmatched pairs. 185395 records in RAM.
INFO	2024-07-03 09:33:27	MarkDuplicates	Read   148,000,000 records.  Elapsed time: 00:10:46s.  Time for last 1,000,000:    3s.  Last read position: NC_045548.1_RagTag:33,612,638
INFO	2024-07-03 09:33:27	MarkDuplicates	Tracking 3750269 as yet unmatched pairs. 169062 records in RAM.
INFO	2024-07-03 09:33:31	MarkDuplicates	Read   149,000,000 records.  Elapsed time: 00:10:50s.  Time for last 1,000,000:    3s.  Last read position: NC_045548.1_RagTag:40,071,474
INFO	2024-07-03 09:33:31	MarkDuplicates	Tracking 3749089 as yet unmatched pairs. 154150 records in RAM.
INFO	2024-07-03 09:33:34	MarkDuplicates	Read   150,000,000 records.  Elapsed time: 00:10:53s.  Time for last 1,000,000:    3s.  Last read position: NC_045548.1_RagTag:46,438,792
INFO	2024-07-03 09:33:34	MarkDuplicates	Tracking 3748866 as yet unmatched pairs. 136365 records in RAM.
INFO	2024-07-03 09:33:37	MarkDuplicates	Read   151,000,000 records.  Elapsed time: 00:10:56s.  Time for last 1,000,000:    3s.  Last read position: NC_045548.1_RagTag:52,905,422
INFO	2024-07-03 09:33:37	MarkDuplicates	Tracking 3749612 as yet unmatched pairs. 116068 records in RAM.
INFO	2024-07-03 09:33:58	MarkDuplicates	Read   152,000,000 records.  Elapsed time: 00:11:17s.  Time for last 1,000,000:   20s.  Last read position: NC_045548.1_RagTag:59,318,042
INFO	2024-07-03 09:33:58	MarkDuplicates	Tracking 3752230 as yet unmatched pairs. 85821 records in RAM.
INFO	2024-07-03 09:34:01	MarkDuplicates	Read   153,000,000 records.  Elapsed time: 00:11:20s.  Time for last 1,000,000:    3s.  Last read position: NC_045548.1_RagTag:66,127,373
INFO	2024-07-03 09:34:01	MarkDuplicates	Tracking 3758817 as yet unmatched pairs. 43425 records in RAM.
INFO	2024-07-03 09:34:05	MarkDuplicates	Read   154,000,000 records.  Elapsed time: 00:11:24s.  Time for last 1,000,000:    3s.  Last read position: NC_045548.1_RagTag:73,291,804
INFO	2024-07-03 09:34:05	MarkDuplicates	Tracking 3771052 as yet unmatched pairs. 2302 records in RAM.
INFO	2024-07-03 09:34:19	MarkDuplicates	Read   155,000,000 records.  Elapsed time: 00:11:38s.  Time for last 1,000,000:   13s.  Last read position: NC_045549.1_RagTag:6,238,449
INFO	2024-07-03 09:34:19	MarkDuplicates	Tracking 3780177 as yet unmatched pairs. 581746 records in RAM.
INFO	2024-07-03 09:34:22	MarkDuplicates	Read   156,000,000 records.  Elapsed time: 00:11:41s.  Time for last 1,000,000:    3s.  Last read position: NC_045549.1_RagTag:12,229,818
INFO	2024-07-03 09:34:22	MarkDuplicates	Tracking 3783868 as yet unmatched pairs. 550704 records in RAM.
INFO	2024-07-03 09:34:26	MarkDuplicates	Read   157,000,000 records.  Elapsed time: 00:11:45s.  Time for last 1,000,000:    3s.  Last read position: NC_045549.1_RagTag:18,550,973
INFO	2024-07-03 09:34:26	MarkDuplicates	Tracking 3781616 as yet unmatched pairs. 524950 records in RAM.
INFO	2024-07-03 09:34:29	MarkDuplicates	Read   158,000,000 records.  Elapsed time: 00:11:48s.  Time for last 1,000,000:    3s.  Last read position: NC_045549.1_RagTag:25,071,632
INFO	2024-07-03 09:34:29	MarkDuplicates	Tracking 3778704 as yet unmatched pairs. 505573 records in RAM.
INFO	2024-07-03 09:34:32	MarkDuplicates	Read   159,000,000 records.  Elapsed time: 00:11:51s.  Time for last 1,000,000:    3s.  Last read position: NC_045549.1_RagTag:31,418,975
INFO	2024-07-03 09:34:32	MarkDuplicates	Tracking 3775717 as yet unmatched pairs. 489257 records in RAM.
INFO	2024-07-03 09:34:36	MarkDuplicates	Read   160,000,000 records.  Elapsed time: 00:11:55s.  Time for last 1,000,000:    3s.  Last read position: NC_045549.1_RagTag:38,148,914
INFO	2024-07-03 09:34:36	MarkDuplicates	Tracking 3773049 as yet unmatched pairs. 471839 records in RAM.
INFO	2024-07-03 09:34:39	MarkDuplicates	Read   161,000,000 records.  Elapsed time: 00:11:58s.  Time for last 1,000,000:    3s.  Last read position: NC_045549.1_RagTag:44,454,985
INFO	2024-07-03 09:34:39	MarkDuplicates	Tracking 3770320 as yet unmatched pairs. 454951 records in RAM.
INFO	2024-07-03 09:34:43	MarkDuplicates	Read   162,000,000 records.  Elapsed time: 00:12:02s.  Time for last 1,000,000:    3s.  Last read position: NC_045549.1_RagTag:51,020,002
INFO	2024-07-03 09:34:43	MarkDuplicates	Tracking 3768107 as yet unmatched pairs. 432775 records in RAM.
INFO	2024-07-03 09:34:46	MarkDuplicates	Read   163,000,000 records.  Elapsed time: 00:12:05s.  Time for last 1,000,000:    3s.  Last read position: NC_045549.1_RagTag:57,139,802
INFO	2024-07-03 09:34:46	MarkDuplicates	Tracking 3767080 as yet unmatched pairs. 402114 records in RAM.
INFO	2024-07-03 09:34:50	MarkDuplicates	Read   164,000,000 records.  Elapsed time: 00:12:09s.  Time for last 1,000,000:    3s.  Last read position: NC_045549.1_RagTag:63,385,843
INFO	2024-07-03 09:34:50	MarkDuplicates	Tracking 3770793 as yet unmatched pairs. 370017 records in RAM.
INFO	2024-07-03 09:34:53	MarkDuplicates	Read   165,000,000 records.  Elapsed time: 00:12:12s.  Time for last 1,000,000:    3s.  Last read position: NC_045549.1_RagTag:69,867,228
INFO	2024-07-03 09:34:53	MarkDuplicates	Tracking 3765722 as yet unmatched pairs. 347103 records in RAM.
INFO	2024-07-03 09:34:56	MarkDuplicates	Read   166,000,000 records.  Elapsed time: 00:12:16s.  Time for last 1,000,000:    3s.  Last read position: NC_045549.1_RagTag:76,172,707
INFO	2024-07-03 09:34:56	MarkDuplicates	Tracking 3760383 as yet unmatched pairs. 325197 records in RAM.
INFO	2024-07-03 09:35:00	MarkDuplicates	Read   167,000,000 records.  Elapsed time: 00:12:19s.  Time for last 1,000,000:    3s.  Last read position: NC_045549.1_RagTag:82,584,447
INFO	2024-07-03 09:35:00	MarkDuplicates	Tracking 3755424 as yet unmatched pairs. 306461 records in RAM.
INFO	2024-07-03 09:35:03	MarkDuplicates	Read   168,000,000 records.  Elapsed time: 00:12:23s.  Time for last 1,000,000:    3s.  Last read position: NC_045549.1_RagTag:89,006,553
INFO	2024-07-03 09:35:03	MarkDuplicates	Tracking 3748551 as yet unmatched pairs. 278224 records in RAM.
INFO	2024-07-03 09:35:07	MarkDuplicates	Read   169,000,000 records.  Elapsed time: 00:12:26s.  Time for last 1,000,000:    3s.  Last read position: NC_045549.1_RagTag:95,336,225
INFO	2024-07-03 09:35:07	MarkDuplicates	Tracking 3743847 as yet unmatched pairs. 244938 records in RAM.
INFO	2024-07-03 09:35:10	MarkDuplicates	Read   170,000,000 records.  Elapsed time: 00:12:30s.  Time for last 1,000,000:    3s.  Last read position: NC_045549.1_RagTag:101,914,282
INFO	2024-07-03 09:35:10	MarkDuplicates	Tracking 3738583 as yet unmatched pairs. 201519 records in RAM.
INFO	2024-07-03 09:35:14	MarkDuplicates	Read   171,000,000 records.  Elapsed time: 00:12:33s.  Time for last 1,000,000:    3s.  Last read position: NC_045549.1_RagTag:108,304,416
INFO	2024-07-03 09:35:14	MarkDuplicates	Tracking 3736928 as yet unmatched pairs. 154142 records in RAM.
INFO	2024-07-03 09:35:30	MarkDuplicates	Read   172,000,000 records.  Elapsed time: 00:12:49s.  Time for last 1,000,000:   15s.  Last read position: NC_045549.1_RagTag:114,187,024
INFO	2024-07-03 09:35:30	MarkDuplicates	Tracking 3730144 as yet unmatched pairs. 121302 records in RAM.
INFO	2024-07-03 09:35:33	MarkDuplicates	Read   173,000,000 records.  Elapsed time: 00:12:52s.  Time for last 1,000,000:    3s.  Last read position: NC_045549.1_RagTag:120,917,282
INFO	2024-07-03 09:35:33	MarkDuplicates	Tracking 3720826 as yet unmatched pairs. 85242 records in RAM.
INFO	2024-07-03 09:35:37	MarkDuplicates	Read   174,000,000 records.  Elapsed time: 00:12:56s.  Time for last 1,000,000:    3s.  Last read position: NC_045549.1_RagTag:127,879,428
INFO	2024-07-03 09:35:37	MarkDuplicates	Tracking 3714223 as yet unmatched pairs. 26129 records in RAM.
INFO	2024-07-03 09:35:44	MarkDuplicates	Read   175,000,000 records.  Elapsed time: 00:13:03s.  Time for last 1,000,000:    7s.  Last read position: NC_045550.1_RagTag:2,279,262
INFO	2024-07-03 09:35:44	MarkDuplicates	Tracking 3711577 as yet unmatched pairs. 265070 records in RAM.
INFO	2024-07-03 09:35:47	MarkDuplicates	Read   176,000,000 records.  Elapsed time: 00:13:07s.  Time for last 1,000,000:    3s.  Last read position: NC_045550.1_RagTag:8,623,021
INFO	2024-07-03 09:35:47	MarkDuplicates	Tracking 3704488 as yet unmatched pairs. 244355 records in RAM.
INFO	2024-07-03 09:35:51	MarkDuplicates	Read   177,000,000 records.  Elapsed time: 00:13:10s.  Time for last 1,000,000:    3s.  Last read position: NC_045550.1_RagTag:15,061,137
INFO	2024-07-03 09:35:51	MarkDuplicates	Tracking 3697238 as yet unmatched pairs. 226839 records in RAM.
INFO	2024-07-03 09:35:54	MarkDuplicates	Read   178,000,000 records.  Elapsed time: 00:13:13s.  Time for last 1,000,000:    3s.  Last read position: NC_045550.1_RagTag:21,620,175
INFO	2024-07-03 09:35:54	MarkDuplicates	Tracking 3690466 as yet unmatched pairs. 208974 records in RAM.
INFO	2024-07-03 09:35:57	MarkDuplicates	Read   179,000,000 records.  Elapsed time: 00:13:17s.  Time for last 1,000,000:    3s.  Last read position: NC_045550.1_RagTag:28,146,182
INFO	2024-07-03 09:35:57	MarkDuplicates	Tracking 3684347 as yet unmatched pairs. 193919 records in RAM.
INFO	2024-07-03 09:36:01	MarkDuplicates	Read   180,000,000 records.  Elapsed time: 00:13:20s.  Time for last 1,000,000:    3s.  Last read position: NC_045550.1_RagTag:34,477,189
INFO	2024-07-03 09:36:01	MarkDuplicates	Tracking 3678216 as yet unmatched pairs. 177322 records in RAM.
INFO	2024-07-03 09:36:04	MarkDuplicates	Read   181,000,000 records.  Elapsed time: 00:13:23s.  Time for last 1,000,000:    3s.  Last read position: NC_045550.1_RagTag:40,549,759
INFO	2024-07-03 09:36:04	MarkDuplicates	Tracking 3670326 as yet unmatched pairs. 156637 records in RAM.
INFO	2024-07-03 09:36:07	MarkDuplicates	Read   182,000,000 records.  Elapsed time: 00:13:26s.  Time for last 1,000,000:    3s.  Last read position: NC_045550.1_RagTag:46,678,200
INFO	2024-07-03 09:36:07	MarkDuplicates	Tracking 3661656 as yet unmatched pairs. 135513 records in RAM.
INFO	2024-07-03 09:36:11	MarkDuplicates	Read   183,000,000 records.  Elapsed time: 00:13:30s.  Time for last 1,000,000:    3s.  Last read position: NC_045550.1_RagTag:53,139,486
INFO	2024-07-03 09:36:11	MarkDuplicates	Tracking 3650950 as yet unmatched pairs. 108648 records in RAM.
INFO	2024-07-03 09:36:14	MarkDuplicates	Read   184,000,000 records.  Elapsed time: 00:13:33s.  Time for last 1,000,000:    3s.  Last read position: NC_045550.1_RagTag:59,176,372
INFO	2024-07-03 09:36:14	MarkDuplicates	Tracking 3636602 as yet unmatched pairs. 69130 records in RAM.
INFO	2024-07-03 09:36:17	MarkDuplicates	Read   185,000,000 records.  Elapsed time: 00:13:37s.  Time for last 1,000,000:    3s.  Last read position: NC_045550.1_RagTag:66,236,565
INFO	2024-07-03 09:36:17	MarkDuplicates	Tracking 3621146 as yet unmatched pairs. 16522 records in RAM.
INFO	2024-07-03 09:36:23	MarkDuplicates	Read   186,000,000 records.  Elapsed time: 00:13:42s.  Time for last 1,000,000:    5s.  Last read position: NC_045551.1_RagTag:3,782,628
INFO	2024-07-03 09:36:23	MarkDuplicates	Tracking 3612427 as yet unmatched pairs. 130230 records in RAM.
INFO	2024-07-03 09:36:28	MarkDuplicates	Read   187,000,000 records.  Elapsed time: 00:13:48s.  Time for last 1,000,000:    5s.  Last read position: NC_045551.1_RagTag:9,926,549
INFO	2024-07-03 09:36:28	MarkDuplicates	Tracking 3603343 as yet unmatched pairs. 106632 records in RAM.
INFO	2024-07-03 09:36:32	MarkDuplicates	Read   188,000,000 records.  Elapsed time: 00:13:51s.  Time for last 1,000,000:    3s.  Last read position: NC_045551.1_RagTag:15,941,952
INFO	2024-07-03 09:36:32	MarkDuplicates	Tracking 3591617 as yet unmatched pairs. 76291 records in RAM.
INFO	2024-07-03 09:36:35	MarkDuplicates	Read   189,000,000 records.  Elapsed time: 00:13:54s.  Time for last 1,000,000:    3s.  Last read position: NC_045551.1_RagTag:22,068,984
INFO	2024-07-03 09:36:35	MarkDuplicates	Tracking 3576704 as yet unmatched pairs. 31731 records in RAM.
INFO	2024-07-03 09:36:44	MarkDuplicates	Read   190,000,000 records.  Elapsed time: 00:14:03s.  Time for last 1,000,000:    8s.  Last read position: NC_045552.1_RagTag:2,455,820
INFO	2024-07-03 09:36:44	MarkDuplicates	Tracking 3566605 as yet unmatched pairs. 355445 records in RAM.
INFO	2024-07-03 09:36:48	MarkDuplicates	Read   191,000,000 records.  Elapsed time: 00:14:07s.  Time for last 1,000,000:    3s.  Last read position: NC_045552.1_RagTag:9,323,733
INFO	2024-07-03 09:36:48	MarkDuplicates	Tracking 3555138 as yet unmatched pairs. 316156 records in RAM.
INFO	2024-07-03 09:36:51	MarkDuplicates	Read   192,000,000 records.  Elapsed time: 00:14:10s.  Time for last 1,000,000:    3s.  Last read position: NC_045552.1_RagTag:15,688,674
INFO	2024-07-03 09:36:51	MarkDuplicates	Tracking 3540631 as yet unmatched pairs. 279342 records in RAM.
INFO	2024-07-03 09:36:55	MarkDuplicates	Read   193,000,000 records.  Elapsed time: 00:14:14s.  Time for last 1,000,000:    3s.  Last read position: NC_045552.1_RagTag:22,514,778
INFO	2024-07-03 09:36:55	MarkDuplicates	Tracking 3521289 as yet unmatched pairs. 236603 records in RAM.
INFO	2024-07-03 09:36:58	MarkDuplicates	Read   194,000,000 records.  Elapsed time: 00:14:17s.  Time for last 1,000,000:    3s.  Last read position: NC_045552.1_RagTag:28,588,193
INFO	2024-07-03 09:36:58	MarkDuplicates	Tracking 3510094 as yet unmatched pairs. 199948 records in RAM.
INFO	2024-07-03 09:37:01	MarkDuplicates	Read   195,000,000 records.  Elapsed time: 00:14:21s.  Time for last 1,000,000:    3s.  Last read position: NC_045552.1_RagTag:35,521,195
INFO	2024-07-03 09:37:01	MarkDuplicates	Tracking 3491464 as yet unmatched pairs. 159500 records in RAM.
INFO	2024-07-03 09:37:05	MarkDuplicates	Read   196,000,000 records.  Elapsed time: 00:14:24s.  Time for last 1,000,000:    3s.  Last read position: NC_045552.1_RagTag:41,410,910
INFO	2024-07-03 09:37:05	MarkDuplicates	Tracking 3477195 as yet unmatched pairs. 121030 records in RAM.
INFO	2024-07-03 09:37:20	MarkDuplicates	Read   197,000,000 records.  Elapsed time: 00:14:40s.  Time for last 1,000,000:   15s.  Last read position: NC_045552.1_RagTag:47,841,452
INFO	2024-07-03 09:37:20	MarkDuplicates	Tracking 3459946 as yet unmatched pairs. 70330 records in RAM.
INFO	2024-07-03 09:37:24	MarkDuplicates	Read   198,000,000 records.  Elapsed time: 00:14:43s.  Time for last 1,000,000:    3s.  Last read position: NC_045552.1_RagTag:54,314,181
INFO	2024-07-03 09:37:24	MarkDuplicates	Tracking 3441981 as yet unmatched pairs. 25594 records in RAM.
INFO	2024-07-03 09:37:33	MarkDuplicates	Read   199,000,000 records.  Elapsed time: 00:14:52s.  Time for last 1,000,000:    8s.  Last read position: NC_045553.1_RagTag:3,868,137
INFO	2024-07-03 09:37:33	MarkDuplicates	Tracking 3429841 as yet unmatched pairs. 344647 records in RAM.
INFO	2024-07-03 09:37:36	MarkDuplicates	Read   200,000,000 records.  Elapsed time: 00:14:55s.  Time for last 1,000,000:    3s.  Last read position: NC_045553.1_RagTag:10,831,682
INFO	2024-07-03 09:37:36	MarkDuplicates	Tracking 3414852 as yet unmatched pairs. 293189 records in RAM.
INFO	2024-07-03 09:37:57	MarkDuplicates	Read   201,000,000 records.  Elapsed time: 00:15:16s.  Time for last 1,000,000:   20s.  Last read position: NC_045553.1_RagTag:17,643,407
INFO	2024-07-03 09:37:57	MarkDuplicates	Tracking 3394938 as yet unmatched pairs. 247508 records in RAM.
INFO	2024-07-03 09:38:01	MarkDuplicates	Read   202,000,000 records.  Elapsed time: 00:15:20s.  Time for last 1,000,000:    3s.  Last read position: NC_045553.1_RagTag:24,478,783
INFO	2024-07-03 09:38:01	MarkDuplicates	Tracking 3377747 as yet unmatched pairs. 190525 records in RAM.
INFO	2024-07-03 09:38:04	MarkDuplicates	Read   203,000,000 records.  Elapsed time: 00:15:23s.  Time for last 1,000,000:    3s.  Last read position: NC_045553.1_RagTag:31,070,893
INFO	2024-07-03 09:38:04	MarkDuplicates	Tracking 3353383 as yet unmatched pairs. 147589 records in RAM.
INFO	2024-07-03 09:38:07	MarkDuplicates	Read   204,000,000 records.  Elapsed time: 00:15:27s.  Time for last 1,000,000:    3s.  Last read position: NC_045553.1_RagTag:37,253,261
INFO	2024-07-03 09:38:07	MarkDuplicates	Tracking 3334557 as yet unmatched pairs. 108834 records in RAM.
INFO	2024-07-03 09:38:11	MarkDuplicates	Read   205,000,000 records.  Elapsed time: 00:15:30s.  Time for last 1,000,000:    3s.  Last read position: NC_045553.1_RagTag:43,726,703
INFO	2024-07-03 09:38:11	MarkDuplicates	Tracking 3304061 as yet unmatched pairs. 45101 records in RAM.
INFO	2024-07-03 09:38:20	MarkDuplicates	Read   206,000,000 records.  Elapsed time: 00:15:39s.  Time for last 1,000,000:    8s.  Last read position: NC_045554.1_RagTag:792,971
INFO	2024-07-03 09:38:20	MarkDuplicates	Tracking 3282190 as yet unmatched pairs. 366444 records in RAM.
INFO	2024-07-03 09:38:25	MarkDuplicates	Read   207,000,000 records.  Elapsed time: 00:15:44s.  Time for last 1,000,000:    5s.  Last read position: NC_045554.1_RagTag:7,772,264
INFO	2024-07-03 09:38:25	MarkDuplicates	Tracking 3257771 as yet unmatched pairs. 318110 records in RAM.
INFO	2024-07-03 09:38:28	MarkDuplicates	Read   208,000,000 records.  Elapsed time: 00:15:48s.  Time for last 1,000,000:    3s.  Last read position: NC_045554.1_RagTag:14,439,784
INFO	2024-07-03 09:38:28	MarkDuplicates	Tracking 3223249 as yet unmatched pairs. 258401 records in RAM.
INFO	2024-07-03 09:38:32	MarkDuplicates	Read   209,000,000 records.  Elapsed time: 00:15:51s.  Time for last 1,000,000:    3s.  Last read position: NC_045554.1_RagTag:20,902,887
INFO	2024-07-03 09:38:32	MarkDuplicates	Tracking 3192292 as yet unmatched pairs. 207809 records in RAM.
INFO	2024-07-03 09:38:35	MarkDuplicates	Read   210,000,000 records.  Elapsed time: 00:15:55s.  Time for last 1,000,000:    3s.  Last read position: NC_045554.1_RagTag:27,569,411
INFO	2024-07-03 09:38:35	MarkDuplicates	Tracking 3164535 as yet unmatched pairs. 161443 records in RAM.
INFO	2024-07-03 09:38:39	MarkDuplicates	Read   211,000,000 records.  Elapsed time: 00:15:58s.  Time for last 1,000,000:    3s.  Last read position: NC_045554.1_RagTag:34,098,838
INFO	2024-07-03 09:38:39	MarkDuplicates	Tracking 3129807 as yet unmatched pairs. 106108 records in RAM.
INFO	2024-07-03 09:38:42	MarkDuplicates	Read   212,000,000 records.  Elapsed time: 00:16:01s.  Time for last 1,000,000:    3s.  Last read position: NC_045554.1_RagTag:40,534,971
INFO	2024-07-03 09:38:42	MarkDuplicates	Tracking 3096505 as yet unmatched pairs. 55089 records in RAM.
INFO	2024-07-03 09:38:46	MarkDuplicates	Read   213,000,000 records.  Elapsed time: 00:16:05s.  Time for last 1,000,000:    3s.  Last read position: NC_045554.1_RagTag:47,173,779
INFO	2024-07-03 09:38:46	MarkDuplicates	Tracking 3064336 as yet unmatched pairs. 3471 records in RAM.
INFO	2024-07-03 09:38:54	MarkDuplicates	Read   214,000,000 records.  Elapsed time: 00:16:13s.  Time for last 1,000,000:    8s.  Last read position: NC_045555.1_RagTag:5,225,118
INFO	2024-07-03 09:38:54	MarkDuplicates	Tracking 3043425 as yet unmatched pairs. 310295 records in RAM.
INFO	2024-07-03 09:38:58	MarkDuplicates	Read   215,000,000 records.  Elapsed time: 00:16:17s.  Time for last 1,000,000:    3s.  Last read position: NC_045555.1_RagTag:11,778,507
INFO	2024-07-03 09:38:58	MarkDuplicates	Tracking 3016525 as yet unmatched pairs. 266747 records in RAM.
INFO	2024-07-03 09:39:01	MarkDuplicates	Read   216,000,000 records.  Elapsed time: 00:16:20s.  Time for last 1,000,000:    3s.  Last read position: NC_045555.1_RagTag:18,026,368
INFO	2024-07-03 09:39:01	MarkDuplicates	Tracking 2983801 as yet unmatched pairs. 221701 records in RAM.
INFO	2024-07-03 09:39:05	MarkDuplicates	Read   217,000,000 records.  Elapsed time: 00:16:24s.  Time for last 1,000,000:    3s.  Last read position: NC_045555.1_RagTag:24,382,101
INFO	2024-07-03 09:39:05	MarkDuplicates	Tracking 2949052 as yet unmatched pairs. 170077 records in RAM.
INFO	2024-07-03 09:39:08	MarkDuplicates	Read   218,000,000 records.  Elapsed time: 00:16:27s.  Time for last 1,000,000:    3s.  Last read position: NC_045555.1_RagTag:30,759,870
INFO	2024-07-03 09:39:08	MarkDuplicates	Tracking 2909420 as yet unmatched pairs. 112890 records in RAM.
INFO	2024-07-03 09:39:11	MarkDuplicates	Read   219,000,000 records.  Elapsed time: 00:16:31s.  Time for last 1,000,000:    3s.  Last read position: NC_045555.1_RagTag:36,986,521
INFO	2024-07-03 09:39:11	MarkDuplicates	Tracking 2878940 as yet unmatched pairs. 66034 records in RAM.
INFO	2024-07-03 09:39:15	MarkDuplicates	Read   220,000,000 records.  Elapsed time: 00:16:34s.  Time for last 1,000,000:    3s.  Last read position: NC_045555.1_RagTag:40,593,758
INFO	2024-07-03 09:39:15	MarkDuplicates	Tracking 2875146 as yet unmatched pairs. 28099 records in RAM.
INFO	2024-07-03 09:39:23	MarkDuplicates	Read   221,000,000 records.  Elapsed time: 00:16:42s.  Time for last 1,000,000:    8s.  Last read position: NC_045556.1_RagTag:2,916,405
INFO	2024-07-03 09:39:23	MarkDuplicates	Tracking 2864424 as yet unmatched pairs. 304999 records in RAM.
INFO	2024-07-03 09:39:40	MarkDuplicates	Read   222,000,000 records.  Elapsed time: 00:16:59s.  Time for last 1,000,000:   16s.  Last read position: NC_045556.1_RagTag:9,790,925
INFO	2024-07-03 09:39:40	MarkDuplicates	Tracking 2825545 as yet unmatched pairs. 252034 records in RAM.
INFO	2024-07-03 09:39:43	MarkDuplicates	Read   223,000,000 records.  Elapsed time: 00:17:02s.  Time for last 1,000,000:    3s.  Last read position: NC_045556.1_RagTag:15,957,686
INFO	2024-07-03 09:39:43	MarkDuplicates	Tracking 2782273 as yet unmatched pairs. 194230 records in RAM.
INFO	2024-07-03 09:39:46	MarkDuplicates	Read   224,000,000 records.  Elapsed time: 00:17:06s.  Time for last 1,000,000:    3s.  Last read position: NC_045556.1_RagTag:22,797,339
INFO	2024-07-03 09:39:46	MarkDuplicates	Tracking 2738215 as yet unmatched pairs. 135179 records in RAM.
INFO	2024-07-03 09:39:50	MarkDuplicates	Read   225,000,000 records.  Elapsed time: 00:17:09s.  Time for last 1,000,000:    3s.  Last read position: NC_045556.1_RagTag:27,722,984
INFO	2024-07-03 09:39:50	MarkDuplicates	Tracking 2731190 as yet unmatched pairs. 84698 records in RAM.
INFO	2024-07-03 09:39:54	MarkDuplicates	Read   226,000,000 records.  Elapsed time: 00:17:13s.  Time for last 1,000,000:    3s.  Last read position: NC_045556.1_RagTag:34,473,289
INFO	2024-07-03 09:39:54	MarkDuplicates	Tracking 2689553 as yet unmatched pairs. 13606 records in RAM.
INFO	2024-07-03 09:39:58	MarkDuplicates	Read   227,000,000 records.  Elapsed time: 00:17:17s.  Time for last 1,000,000:    4s.  Last read position: NC_045557.1_RagTag:4,285,209
INFO	2024-07-03 09:39:58	MarkDuplicates	Tracking 2668148 as yet unmatched pairs. 64121 records in RAM.
INFO	2024-07-03 09:40:02	MarkDuplicates	Read   228,000,000 records.  Elapsed time: 00:17:21s.  Time for last 1,000,000:    3s.  Last read position: NC_045557.1_RagTag:10,935,839
INFO	2024-07-03 09:40:02	MarkDuplicates	Tracking 2631964 as yet unmatched pairs. 8318 records in RAM.
INFO	2024-07-03 09:40:18	MarkDuplicates	Read   229,000,000 records.  Elapsed time: 00:17:37s.  Time for last 1,000,000:   16s.  Last read position: NC_045558.1_RagTag:8,183,788
INFO	2024-07-03 09:40:18	MarkDuplicates	Tracking 2589997 as yet unmatched pairs. 775874 records in RAM.
INFO	2024-07-03 09:40:21	MarkDuplicates	Read   230,000,000 records.  Elapsed time: 00:17:40s.  Time for last 1,000,000:    3s.  Last read position: NC_045558.1_RagTag:19,145,306
INFO	2024-07-03 09:40:21	MarkDuplicates	Tracking 2547494 as yet unmatched pairs. 724615 records in RAM.
INFO	2024-07-03 09:40:25	MarkDuplicates	Read   231,000,000 records.  Elapsed time: 00:17:44s.  Time for last 1,000,000:    3s.  Last read position: NC_045558.1_RagTag:30,336,044
INFO	2024-07-03 09:40:25	MarkDuplicates	Tracking 2515883 as yet unmatched pairs. 686802 records in RAM.
INFO	2024-07-03 09:40:28	MarkDuplicates	Read   232,000,000 records.  Elapsed time: 00:17:47s.  Time for last 1,000,000:    3s.  Last read position: NC_045558.1_RagTag:40,712,095
INFO	2024-07-03 09:40:28	MarkDuplicates	Tracking 2482135 as yet unmatched pairs. 645087 records in RAM.
INFO	2024-07-03 09:40:32	MarkDuplicates	Read   233,000,000 records.  Elapsed time: 00:17:51s.  Time for last 1,000,000:    3s.  Last read position: NC_045558.1_RagTag:49,991,377
INFO	2024-07-03 09:40:32	MarkDuplicates	Tracking 2448411 as yet unmatched pairs. 601888 records in RAM.
INFO	2024-07-03 09:40:35	MarkDuplicates	Read   234,000,000 records.  Elapsed time: 00:17:55s.  Time for last 1,000,000:    3s.  Last read position: NC_045558.1_RagTag:58,701,048
INFO	2024-07-03 09:40:35	MarkDuplicates	Tracking 2408265 as yet unmatched pairs. 550335 records in RAM.
INFO	2024-07-03 09:40:39	MarkDuplicates	Read   235,000,000 records.  Elapsed time: 00:17:58s.  Time for last 1,000,000:    3s.  Last read position: NC_045558.1_RagTag:67,050,095
INFO	2024-07-03 09:40:39	MarkDuplicates	Tracking 2361674 as yet unmatched pairs. 485387 records in RAM.
INFO	2024-07-03 09:40:43	MarkDuplicates	Read   236,000,000 records.  Elapsed time: 00:18:02s.  Time for last 1,000,000:    3s.  Last read position: NC_045558.1_RagTag:75,228,205
INFO	2024-07-03 09:40:43	MarkDuplicates	Tracking 2312426 as yet unmatched pairs. 423111 records in RAM.
INFO	2024-07-03 09:40:49	MarkDuplicates	Read   237,000,000 records.  Elapsed time: 00:18:08s.  Time for last 1,000,000:    6s.  Last read position: NC_045558.1_RagTag:84,398,881
INFO	2024-07-03 09:40:49	MarkDuplicates	Tracking 2262653 as yet unmatched pairs. 361001 records in RAM.
INFO	2024-07-03 09:40:52	MarkDuplicates	Read   238,000,000 records.  Elapsed time: 00:18:11s.  Time for last 1,000,000:    3s.  Last read position: NC_045558.1_RagTag:94,996,783
INFO	2024-07-03 09:40:52	MarkDuplicates	Tracking 2220158 as yet unmatched pairs. 310351 records in RAM.
INFO	2024-07-03 09:40:56	MarkDuplicates	Read   239,000,000 records.  Elapsed time: 00:18:15s.  Time for last 1,000,000:    3s.  Last read position: NC_045558.1_RagTag:105,310,346
INFO	2024-07-03 09:40:56	MarkDuplicates	Tracking 2185237 as yet unmatched pairs. 267747 records in RAM.
INFO	2024-07-03 09:40:59	MarkDuplicates	Read   240,000,000 records.  Elapsed time: 00:18:18s.  Time for last 1,000,000:    3s.  Last read position: NC_045558.1_RagTag:116,262,470
INFO	2024-07-03 09:40:59	MarkDuplicates	Tracking 2147260 as yet unmatched pairs. 223367 records in RAM.
INFO	2024-07-03 09:41:03	MarkDuplicates	Read   241,000,000 records.  Elapsed time: 00:18:22s.  Time for last 1,000,000:    3s.  Last read position: NC_045558.1_RagTag:126,317,580
INFO	2024-07-03 09:41:03	MarkDuplicates	Tracking 2085515 as yet unmatched pairs. 150144 records in RAM.
INFO	2024-07-03 09:41:06	MarkDuplicates	Read   242,000,000 records.  Elapsed time: 00:18:25s.  Time for last 1,000,000:    3s.  Last read position: NC_045558.1_RagTag:131,508,790
INFO	2024-07-03 09:41:06	MarkDuplicates	Tracking 2059318 as yet unmatched pairs. 120098 records in RAM.
INFO	2024-07-03 09:41:10	MarkDuplicates	Read   243,000,000 records.  Elapsed time: 00:18:29s.  Time for last 1,000,000:    3s.  Last read position: NC_045558.1_RagTag:137,911,670
INFO	2024-07-03 09:41:10	MarkDuplicates	Tracking 2024709 as yet unmatched pairs. 67762 records in RAM.
INFO	2024-07-03 09:41:13	MarkDuplicates	Read   244,000,000 records.  Elapsed time: 00:18:32s.  Time for last 1,000,000:    3s.  Last read position: NC_045558.1_RagTag:144,434,416
INFO	2024-07-03 09:41:13	MarkDuplicates	Tracking 1985944 as yet unmatched pairs. 6684 records in RAM.
INFO	2024-07-03 09:41:18	MarkDuplicates	Read   245,000,000 records.  Elapsed time: 00:18:37s.  Time for last 1,000,000:    4s.  Last read position: NW_022473899.1_RagTag:198,811
INFO	2024-07-03 09:41:18	MarkDuplicates	Tracking 1942170 as yet unmatched pairs. 681 records in RAM.
INFO	2024-07-03 09:42:03	MarkDuplicates	Read   246,000,000 records.  Elapsed time: 00:19:23s.  Time for last 1,000,000:   45s.  Last read position: Chr0_RagTag:6,787,310
INFO	2024-07-03 09:42:03	MarkDuplicates	Tracking 1892467 as yet unmatched pairs. 1892467 records in RAM.
INFO	2024-07-03 09:42:07	MarkDuplicates	Read   247,000,000 records.  Elapsed time: 00:19:26s.  Time for last 1,000,000:    3s.  Last read position: Chr0_RagTag:11,478,067
INFO	2024-07-03 09:42:07	MarkDuplicates	Tracking 1862590 as yet unmatched pairs. 1862590 records in RAM.
INFO	2024-07-03 09:42:11	MarkDuplicates	Read   248,000,000 records.  Elapsed time: 00:19:30s.  Time for last 1,000,000:    3s.  Last read position: Chr0_RagTag:13,826,942
INFO	2024-07-03 09:42:11	MarkDuplicates	Tracking 1844746 as yet unmatched pairs. 1844746 records in RAM.
INFO	2024-07-03 09:42:33	MarkDuplicates	Read   249,000,000 records.  Elapsed time: 00:19:52s.  Time for last 1,000,000:   22s.  Last read position: Chr0_RagTag:17,099,830
INFO	2024-07-03 09:42:33	MarkDuplicates	Tracking 1810999 as yet unmatched pairs. 1810999 records in RAM.
INFO	2024-07-03 09:42:37	MarkDuplicates	Read   250,000,000 records.  Elapsed time: 00:19:56s.  Time for last 1,000,000:    3s.  Last read position: Chr0_RagTag:22,295,705
INFO	2024-07-03 09:42:37	MarkDuplicates	Tracking 1769705 as yet unmatched pairs. 1769705 records in RAM.
INFO	2024-07-03 09:42:40	MarkDuplicates	Read   251,000,000 records.  Elapsed time: 00:19:59s.  Time for last 1,000,000:    3s.  Last read position: Chr0_RagTag:26,603,459
INFO	2024-07-03 09:42:40	MarkDuplicates	Tracking 1728387 as yet unmatched pairs. 1728387 records in RAM.
INFO	2024-07-03 09:42:44	MarkDuplicates	Read   252,000,000 records.  Elapsed time: 00:20:03s.  Time for last 1,000,000:    3s.  Last read position: Chr0_RagTag:30,566,837
INFO	2024-07-03 09:42:44	MarkDuplicates	Tracking 1680635 as yet unmatched pairs. 1680635 records in RAM.
INFO	2024-07-03 09:42:47	MarkDuplicates	Read   253,000,000 records.  Elapsed time: 00:20:06s.  Time for last 1,000,000:    3s.  Last read position: Chr0_RagTag:35,705,384
INFO	2024-07-03 09:42:47	MarkDuplicates	Tracking 1635140 as yet unmatched pairs. 1635140 records in RAM.
INFO	2024-07-03 09:42:53	MarkDuplicates	Read   254,000,000 records.  Elapsed time: 00:20:12s.  Time for last 1,000,000:    5s.  Last read position: Chr0_RagTag:40,830,609
INFO	2024-07-03 09:42:53	MarkDuplicates	Tracking 1587537 as yet unmatched pairs. 1587537 records in RAM.
INFO	2024-07-03 09:42:56	MarkDuplicates	Read   255,000,000 records.  Elapsed time: 00:20:15s.  Time for last 1,000,000:    3s.  Last read position: Chr0_RagTag:45,740,579
INFO	2024-07-03 09:42:56	MarkDuplicates	Tracking 1537744 as yet unmatched pairs. 1537744 records in RAM.
INFO	2024-07-03 09:43:00	MarkDuplicates	Read   256,000,000 records.  Elapsed time: 00:20:19s.  Time for last 1,000,000:    3s.  Last read position: Chr0_RagTag:49,878,841
INFO	2024-07-03 09:43:00	MarkDuplicates	Tracking 1489377 as yet unmatched pairs. 1489377 records in RAM.
INFO	2024-07-03 09:43:03	MarkDuplicates	Read   257,000,000 records.  Elapsed time: 00:20:22s.  Time for last 1,000,000:    3s.  Last read position: Chr0_RagTag:53,387,005
INFO	2024-07-03 09:43:03	MarkDuplicates	Tracking 1444726 as yet unmatched pairs. 1444726 records in RAM.
INFO	2024-07-03 09:43:07	MarkDuplicates	Read   258,000,000 records.  Elapsed time: 00:20:26s.  Time for last 1,000,000:    3s.  Last read position: Chr0_RagTag:57,025,472
INFO	2024-07-03 09:43:07	MarkDuplicates	Tracking 1390706 as yet unmatched pairs. 1390706 records in RAM.
INFO	2024-07-03 09:43:10	MarkDuplicates	Read   259,000,000 records.  Elapsed time: 00:20:29s.  Time for last 1,000,000:    3s.  Last read position: Chr0_RagTag:61,557,298
INFO	2024-07-03 09:43:10	MarkDuplicates	Tracking 1331810 as yet unmatched pairs. 1331810 records in RAM.
INFO	2024-07-03 09:43:14	MarkDuplicates	Read   260,000,000 records.  Elapsed time: 00:20:33s.  Time for last 1,000,000:    3s.  Last read position: Chr0_RagTag:65,835,554
INFO	2024-07-03 09:43:14	MarkDuplicates	Tracking 1276489 as yet unmatched pairs. 1276489 records in RAM.
INFO	2024-07-03 09:43:18	MarkDuplicates	Read   261,000,000 records.  Elapsed time: 00:20:37s.  Time for last 1,000,000:    3s.  Last read position: Chr0_RagTag:70,402,522
INFO	2024-07-03 09:43:18	MarkDuplicates	Tracking 1213297 as yet unmatched pairs. 1213297 records in RAM.
INFO	2024-07-03 09:43:21	MarkDuplicates	Read   262,000,000 records.  Elapsed time: 00:20:40s.  Time for last 1,000,000:    3s.  Last read position: Chr0_RagTag:75,693,507
INFO	2024-07-03 09:43:21	MarkDuplicates	Tracking 1139041 as yet unmatched pairs. 1139041 records in RAM.
INFO	2024-07-03 09:43:25	MarkDuplicates	Read   263,000,000 records.  Elapsed time: 00:20:44s.  Time for last 1,000,000:    3s.  Last read position: Chr0_RagTag:81,514,218
INFO	2024-07-03 09:43:25	MarkDuplicates	Tracking 1057089 as yet unmatched pairs. 1057089 records in RAM.
INFO	2024-07-03 09:43:29	MarkDuplicates	Read   264,000,000 records.  Elapsed time: 00:20:48s.  Time for last 1,000,000:    3s.  Last read position: Chr0_RagTag:87,604,656
INFO	2024-07-03 09:43:29	MarkDuplicates	Tracking 971619 as yet unmatched pairs. 971619 records in RAM.
INFO	2024-07-03 09:43:32	MarkDuplicates	Read   265,000,000 records.  Elapsed time: 00:20:51s.  Time for last 1,000,000:    3s.  Last read position: Chr0_RagTag:92,356,107
INFO	2024-07-03 09:43:32	MarkDuplicates	Tracking 893829 as yet unmatched pairs. 893829 records in RAM.
INFO	2024-07-03 09:43:36	MarkDuplicates	Read   266,000,000 records.  Elapsed time: 00:20:55s.  Time for last 1,000,000:    3s.  Last read position: Chr0_RagTag:98,407,655
INFO	2024-07-03 09:43:36	MarkDuplicates	Tracking 802139 as yet unmatched pairs. 802139 records in RAM.
INFO	2024-07-03 09:43:40	MarkDuplicates	Read   267,000,000 records.  Elapsed time: 00:20:59s.  Time for last 1,000,000:    3s.  Last read position: Chr0_RagTag:104,432,450
INFO	2024-07-03 09:43:40	MarkDuplicates	Tracking 701313 as yet unmatched pairs. 701313 records in RAM.
INFO	2024-07-03 09:43:43	MarkDuplicates	Read   268,000,000 records.  Elapsed time: 00:21:03s.  Time for last 1,000,000:    3s.  Last read position: Chr0_RagTag:110,121,910
INFO	2024-07-03 09:43:43	MarkDuplicates	Tracking 596947 as yet unmatched pairs. 596947 records in RAM.
INFO	2024-07-03 09:43:47	MarkDuplicates	Read   269,000,000 records.  Elapsed time: 00:21:06s.  Time for last 1,000,000:    3s.  Last read position: Chr0_RagTag:115,772,596
INFO	2024-07-03 09:43:47	MarkDuplicates	Tracking 496897 as yet unmatched pairs. 496897 records in RAM.
INFO	2024-07-03 09:43:51	MarkDuplicates	Read   270,000,000 records.  Elapsed time: 00:21:10s.  Time for last 1,000,000:    3s.  Last read position: Chr0_RagTag:121,252,619
INFO	2024-07-03 09:43:51	MarkDuplicates	Tracking 387750 as yet unmatched pairs. 387750 records in RAM.
INFO	2024-07-03 09:44:07	MarkDuplicates	Read   271,000,000 records.  Elapsed time: 00:21:27s.  Time for last 1,000,000:   16s.  Last read position: Chr0_RagTag:125,665,385
INFO	2024-07-03 09:44:07	MarkDuplicates	Tracking 299156 as yet unmatched pairs. 299156 records in RAM.
INFO	2024-07-03 09:44:11	MarkDuplicates	Read   272,000,000 records.  Elapsed time: 00:21:30s.  Time for last 1,000,000:    3s.  Last read position: Chr0_RagTag:130,323,340
INFO	2024-07-03 09:44:11	MarkDuplicates	Tracking 155142 as yet unmatched pairs. 155142 records in RAM.
INFO	2024-07-03 09:44:15	MarkDuplicates	Read   273,000,000 records.  Elapsed time: 00:21:34s.  Time for last 1,000,000:    3s.  Last read position: Chr0_RagTag:134,969,265
INFO	2024-07-03 09:44:15	MarkDuplicates	Tracking 5616 as yet unmatched pairs. 5616 records in RAM.
INFO	2024-07-03 09:44:15	MarkDuplicates	Read 273025352 records. 0 pairs never matched.
INFO	2024-07-03 09:44:28	MarkDuplicates	After buildSortedReadEndLists freeMemory: 5627516712; totalMemory: 5876940800; maxMemory: 6487212032
INFO	2024-07-03 09:44:28	MarkDuplicates	Will retain up to 202725376 duplicate indices before spilling to disk.
INFO	2024-07-03 09:44:28	MarkDuplicates	Traversing read pair information and detecting duplicates.
INFO	2024-07-03 09:45:23	MarkDuplicates	Traversing fragment information and detecting duplicates.
INFO	2024-07-03 09:46:34	MarkDuplicates	Sorting list of duplicate records.
INFO	2024-07-03 09:46:36	MarkDuplicates	After generateDuplicateIndexes freeMemory: 4216020152; totalMemory: 5876940800; maxMemory: 6487212032
INFO	2024-07-03 09:46:36	MarkDuplicates	Marking 21323910 records as duplicates.
INFO	2024-07-03 09:46:36	MarkDuplicates	Found 553433 optical duplicate clusters.
INFO	2024-07-03 09:46:36	MarkDuplicates	Reads are assumed to be ordered by: coordinate
INFO	2024-07-03 09:48:46	MarkDuplicates	Written    10,000,000 records.  Elapsed time: 00:02:10s.  Time for last 10,000,000:  130s.  Last read position: NC_045541.1_RagTag:65,066,370
INFO	2024-07-03 09:50:54	MarkDuplicates	Written    20,000,000 records.  Elapsed time: 00:04:17s.  Time for last 10,000,000:  127s.  Last read position: NC_045541.1_RagTag:133,306,176
INFO	2024-07-03 09:53:04	MarkDuplicates	Written    30,000,000 records.  Elapsed time: 00:06:27s.  Time for last 10,000,000:  129s.  Last read position: NC_045542.1_RagTag:24,537,342
INFO	2024-07-03 09:55:11	MarkDuplicates	Written    40,000,000 records.  Elapsed time: 00:08:35s.  Time for last 10,000,000:  127s.  Last read position: NC_045542.1_RagTag:92,848,888
INFO	2024-07-03 09:57:21	MarkDuplicates	Written    50,000,000 records.  Elapsed time: 00:10:45s.  Time for last 10,000,000:  130s.  Last read position: NC_045542.1_RagTag:158,655,289
INFO	2024-07-03 09:59:29	MarkDuplicates	Written    60,000,000 records.  Elapsed time: 00:12:53s.  Time for last 10,000,000:  127s.  Last read position: NC_045543.1_RagTag:66,968,085
INFO	2024-07-03 10:01:40	MarkDuplicates	Written    70,000,000 records.  Elapsed time: 00:15:03s.  Time for last 10,000,000:  130s.  Last read position: NC_045544.1_RagTag:25,493,998
INFO	2024-07-03 10:03:47	MarkDuplicates	Written    80,000,000 records.  Elapsed time: 00:17:11s.  Time for last 10,000,000:  127s.  Last read position: NC_045544.1_RagTag:93,314,048
INFO	2024-07-03 10:05:56	MarkDuplicates	Written    90,000,000 records.  Elapsed time: 00:19:20s.  Time for last 10,000,000:  128s.  Last read position: NC_045545.1_RagTag:2,618,946
INFO	2024-07-03 10:08:03	MarkDuplicates	Written   100,000,000 records.  Elapsed time: 00:21:27s.  Time for last 10,000,000:  126s.  Last read position: NC_045545.1_RagTag:70,755,146
INFO	2024-07-03 10:10:14	MarkDuplicates	Written   110,000,000 records.  Elapsed time: 00:23:38s.  Time for last 10,000,000:  131s.  Last read position: NC_045546.1_RagTag:48,277,369
INFO	2024-07-03 10:12:27	MarkDuplicates	Written   120,000,000 records.  Elapsed time: 00:25:50s.  Time for last 10,000,000:  132s.  Last read position: NC_045547.1_RagTag:11,166,154
INFO	2024-07-03 10:14:37	MarkDuplicates	Written   130,000,000 records.  Elapsed time: 00:28:00s.  Time for last 10,000,000:  129s.  Last read position: NC_045547.1_RagTag:77,399,930
INFO	2024-07-03 10:16:45	MarkDuplicates	Written   140,000,000 records.  Elapsed time: 00:30:09s.  Time for last 10,000,000:  128s.  Last read position: NC_045548.1_RagTag:54,457,029
INFO	2024-07-03 10:18:57	MarkDuplicates	Written   150,000,000 records.  Elapsed time: 00:32:20s.  Time for last 10,000,000:  131s.  Last read position: NC_045549.1_RagTag:51,136,245
INFO	2024-07-03 10:21:09	MarkDuplicates	Written   160,000,000 records.  Elapsed time: 00:34:32s.  Time for last 10,000,000:  132s.  Last read position: NC_045549.1_RagTag:119,441,732
INFO	2024-07-03 10:23:18	MarkDuplicates	Written   170,000,000 records.  Elapsed time: 00:36:41s.  Time for last 10,000,000:  128s.  Last read position: NC_045550.1_RagTag:56,599,224
INFO	2024-07-03 10:25:31	MarkDuplicates	Written   180,000,000 records.  Elapsed time: 00:38:54s.  Time for last 10,000,000:  132s.  Last read position: NC_045552.1_RagTag:31,131,983
INFO	2024-07-03 10:27:45	MarkDuplicates	Written   190,000,000 records.  Elapsed time: 00:41:09s.  Time for last 10,000,000:  134s.  Last read position: NC_045553.1_RagTag:44,552,837
INFO	2024-07-03 10:30:00	MarkDuplicates	Written   200,000,000 records.  Elapsed time: 00:43:23s.  Time for last 10,000,000:  134s.  Last read position: NC_045555.1_RagTag:17,254,417
INFO	2024-07-03 10:32:14	MarkDuplicates	Written   210,000,000 records.  Elapsed time: 00:45:38s.  Time for last 10,000,000:  134s.  Last read position: NC_045557.1_RagTag:3,001,995
INFO	2024-07-03 10:34:32	MarkDuplicates	Written   220,000,000 records.  Elapsed time: 00:47:56s.  Time for last 10,000,000:  138s.  Last read position: NC_045558.1_RagTag:90,877,746
INFO	2024-07-03 10:36:48	MarkDuplicates	Written   230,000,000 records.  Elapsed time: 00:50:12s.  Time for last 10,000,000:  136s.  Last read position: Chr0_RagTag:16,753,607
INFO	2024-07-03 10:39:01	MarkDuplicates	Written   240,000,000 records.  Elapsed time: 00:52:25s.  Time for last 10,000,000:  133s.  Last read position: Chr0_RagTag:64,999,752
INFO	2024-07-03 10:41:24	MarkDuplicates	Written   250,000,000 records.  Elapsed time: 00:54:47s.  Time for last 10,000,000:  142s.  Last read position: Chr0_RagTag:125,665,185
INFO	2024-07-03 10:41:58	MarkDuplicates	Writing complete. Closing input iterator.
INFO	2024-07-03 10:41:58	MarkDuplicates	Duplicate Index cleanup.
INFO	2024-07-03 10:41:58	MarkDuplicates	Getting Memory Stats.
INFO	2024-07-03 10:41:58	MarkDuplicates	Before output close freeMemory: 5838519872; totalMemory: 5876940800; maxMemory: 6487212032
INFO	2024-07-03 10:41:58	MarkDuplicates	Closed outputs. Getting more Memory Stats.
INFO	2024-07-03 10:41:58	MarkDuplicates	After output close freeMemory: 5294359192; totalMemory: 5329801216; maxMemory: 6487212032
[Wed Jul 03 10:41:59 MDT 2024] picard.sam.markduplicates.MarkDuplicates done. Elapsed time: 79.31 minutes.
Runtime.totalMemory()=5329801216
