INFO	2024-07-03 09:22:39	MarkDuplicates	

********** NOTE: Picard's command line syntax is changing.
**********
********** For more information, please see:
********** https://github.com/broadinstitute/picard/wiki/Command-Line-Syntax-Transition-For-Users-(Pre-Transition)
**********
********** The command line looks like this in the new syntax:
**********
**********    MarkDuplicates -REMOVE_DUPLICATES true -ASSUME_SORTED true -VALIDATION_STRINGENCY SILENT -INPUT AMCC266069_sort.bam -OUTPUT /project/getpop/bwa_ratsnake/rmd/AMCC266069.rmd.bam -METRICS_FILE /project/getpop/bwa_ratsnake/rmd/AMCC266069.rmd.bam.metrics
**********


09:22:40.347 INFO  NativeLibraryLoader - Loading libgkl_compression.so from jar:file:/apps/u/spack/gcc/12.2.0/picard/2.26.2-xrdth7g/bin/picard.jar!/com/intel/gkl/native/libgkl_compression.so
[Wed Jul 03 09:22:40 MDT 2024] MarkDuplicates INPUT=[AMCC266069_sort.bam] OUTPUT=/project/getpop/bwa_ratsnake/rmd/AMCC266069.rmd.bam METRICS_FILE=/project/getpop/bwa_ratsnake/rmd/AMCC266069.rmd.bam.metrics REMOVE_DUPLICATES=true ASSUME_SORTED=true VALIDATION_STRINGENCY=SILENT    MAX_SEQUENCES_FOR_DISK_READ_ENDS_MAP=50000 MAX_FILE_HANDLES_FOR_READ_ENDS_MAP=8000 SORTING_COLLECTION_SIZE_RATIO=0.25 TAG_DUPLICATE_SET_MEMBERS=false REMOVE_SEQUENCING_DUPLICATES=false TAGGING_POLICY=DontTag CLEAR_DT=true DUPLEX_UMI=false ADD_PG_TAG_TO_READS=true DUPLICATE_SCORING_STRATEGY=SUM_OF_BASE_QUALITIES PROGRAM_RECORD_ID=MarkDuplicates PROGRAM_GROUP_NAME=MarkDuplicates READ_NAME_REGEX=<optimized capture of last three ':' separated fields as numeric values> OPTICAL_DUPLICATE_PIXEL_DISTANCE=100 MAX_OPTICAL_DUPLICATE_SET_SIZE=300000 VERBOSITY=INFO QUIET=false COMPRESSION_LEVEL=5 MAX_RECORDS_IN_RAM=500000 CREATE_INDEX=false CREATE_MD5_FILE=false GA4GH_CLIENT_SECRETS=client_secrets.json USE_JDK_DEFLATER=false USE_JDK_INFLATER=false
[Wed Jul 03 09:22:40 MDT 2024] Executing as sharrin2@t506 on Linux 4.18.0-513.11.1.el8_9.x86_64 amd64; OpenJDK 64-Bit Server VM 11.0.15+10; Deflater: Intel; Inflater: Intel; Provider GCS is not available; Picard version: 2.26.2
INFO	2024-07-03 09:22:40	MarkDuplicates	Start of doWork freeMemory: 397763704; totalMemory: 405536768; maxMemory: 6487212032
INFO	2024-07-03 09:22:40	MarkDuplicates	Reading input file and constructing read end information.
INFO	2024-07-03 09:22:40	MarkDuplicates	Will retain up to 23504391 data points before spilling to disk.
INFO	2024-07-03 09:22:46	MarkDuplicates	Read     1,000,000 records.  Elapsed time: 00:00:05s.  Time for last 1,000,000:    5s.  Last read position: NC_045541.1_RagTag:3,161,677
INFO	2024-07-03 09:22:46	MarkDuplicates	Tracking 77232 as yet unmatched pairs. 19855 records in RAM.
INFO	2024-07-03 09:22:49	MarkDuplicates	Read     2,000,000 records.  Elapsed time: 00:00:09s.  Time for last 1,000,000:    3s.  Last read position: NC_045541.1_RagTag:8,182,413
INFO	2024-07-03 09:22:49	MarkDuplicates	Tracking 114641 as yet unmatched pairs. 7612 records in RAM.
INFO	2024-07-03 09:22:53	MarkDuplicates	Read     3,000,000 records.  Elapsed time: 00:00:12s.  Time for last 1,000,000:    3s.  Last read position: NC_045541.1_RagTag:14,217,123
INFO	2024-07-03 09:22:53	MarkDuplicates	Tracking 157807 as yet unmatched pairs. 11067 records in RAM.
INFO	2024-07-03 09:22:56	MarkDuplicates	Read     4,000,000 records.  Elapsed time: 00:00:16s.  Time for last 1,000,000:    3s.  Last read position: NC_045541.1_RagTag:20,418,485
INFO	2024-07-03 09:22:56	MarkDuplicates	Tracking 204799 as yet unmatched pairs. 14447 records in RAM.
INFO	2024-07-03 09:23:00	MarkDuplicates	Read     5,000,000 records.  Elapsed time: 00:00:19s.  Time for last 1,000,000:    3s.  Last read position: NC_045541.1_RagTag:26,480,116
INFO	2024-07-03 09:23:00	MarkDuplicates	Tracking 252622 as yet unmatched pairs. 17696 records in RAM.
INFO	2024-07-03 09:23:03	MarkDuplicates	Read     6,000,000 records.  Elapsed time: 00:00:22s.  Time for last 1,000,000:    3s.  Last read position: NC_045541.1_RagTag:32,652,765
INFO	2024-07-03 09:23:03	MarkDuplicates	Tracking 298563 as yet unmatched pairs. 20479 records in RAM.
INFO	2024-07-03 09:23:07	MarkDuplicates	Read     7,000,000 records.  Elapsed time: 00:00:26s.  Time for last 1,000,000:    3s.  Last read position: NC_045541.1_RagTag:38,920,719
INFO	2024-07-03 09:23:07	MarkDuplicates	Tracking 342060 as yet unmatched pairs. 22955 records in RAM.
INFO	2024-07-03 09:23:10	MarkDuplicates	Read     8,000,000 records.  Elapsed time: 00:00:29s.  Time for last 1,000,000:    3s.  Last read position: NC_045541.1_RagTag:45,348,391
INFO	2024-07-03 09:23:10	MarkDuplicates	Tracking 388923 as yet unmatched pairs. 25146 records in RAM.
INFO	2024-07-03 09:23:14	MarkDuplicates	Read     9,000,000 records.  Elapsed time: 00:00:33s.  Time for last 1,000,000:    3s.  Last read position: NC_045541.1_RagTag:51,570,848
INFO	2024-07-03 09:23:14	MarkDuplicates	Tracking 436023 as yet unmatched pairs. 27339 records in RAM.
INFO	2024-07-03 09:23:17	MarkDuplicates	Read    10,000,000 records.  Elapsed time: 00:00:36s.  Time for last 1,000,000:    3s.  Last read position: NC_045541.1_RagTag:57,884,199
INFO	2024-07-03 09:23:17	MarkDuplicates	Tracking 478349 as yet unmatched pairs. 28918 records in RAM.
INFO	2024-07-03 09:23:20	MarkDuplicates	Read    11,000,000 records.  Elapsed time: 00:00:39s.  Time for last 1,000,000:    3s.  Last read position: NC_045541.1_RagTag:63,775,178
INFO	2024-07-03 09:23:20	MarkDuplicates	Tracking 518741 as yet unmatched pairs. 30143 records in RAM.
INFO	2024-07-03 09:23:24	MarkDuplicates	Read    12,000,000 records.  Elapsed time: 00:00:43s.  Time for last 1,000,000:    4s.  Last read position: NC_045541.1_RagTag:69,997,211
INFO	2024-07-03 09:23:24	MarkDuplicates	Tracking 559908 as yet unmatched pairs. 30608 records in RAM.
INFO	2024-07-03 09:23:28	MarkDuplicates	Read    13,000,000 records.  Elapsed time: 00:00:47s.  Time for last 1,000,000:    3s.  Last read position: NC_045541.1_RagTag:76,305,624
INFO	2024-07-03 09:23:28	MarkDuplicates	Tracking 601014 as yet unmatched pairs. 31336 records in RAM.
INFO	2024-07-03 09:23:31	MarkDuplicates	Read    14,000,000 records.  Elapsed time: 00:00:50s.  Time for last 1,000,000:    3s.  Last read position: NC_045541.1_RagTag:82,954,317
INFO	2024-07-03 09:23:31	MarkDuplicates	Tracking 643218 as yet unmatched pairs. 32143 records in RAM.
INFO	2024-07-03 09:23:34	MarkDuplicates	Read    15,000,000 records.  Elapsed time: 00:00:54s.  Time for last 1,000,000:    3s.  Last read position: NC_045541.1_RagTag:89,545,218
INFO	2024-07-03 09:23:34	MarkDuplicates	Tracking 684002 as yet unmatched pairs. 32179 records in RAM.
INFO	2024-07-03 09:23:38	MarkDuplicates	Read    16,000,000 records.  Elapsed time: 00:00:57s.  Time for last 1,000,000:    3s.  Last read position: NC_045541.1_RagTag:96,174,710
INFO	2024-07-03 09:23:38	MarkDuplicates	Tracking 724914 as yet unmatched pairs. 31948 records in RAM.
INFO	2024-07-03 09:23:41	MarkDuplicates	Read    17,000,000 records.  Elapsed time: 00:01:00s.  Time for last 1,000,000:    3s.  Last read position: NC_045541.1_RagTag:102,564,008
INFO	2024-07-03 09:23:41	MarkDuplicates	Tracking 765749 as yet unmatched pairs. 31591 records in RAM.
INFO	2024-07-03 09:23:44	MarkDuplicates	Read    18,000,000 records.  Elapsed time: 00:01:04s.  Time for last 1,000,000:    3s.  Last read position: NC_045541.1_RagTag:108,694,543
INFO	2024-07-03 09:23:44	MarkDuplicates	Tracking 805277 as yet unmatched pairs. 30973 records in RAM.
INFO	2024-07-03 09:23:48	MarkDuplicates	Read    19,000,000 records.  Elapsed time: 00:01:07s.  Time for last 1,000,000:    3s.  Last read position: NC_045541.1_RagTag:115,304,746
INFO	2024-07-03 09:23:48	MarkDuplicates	Tracking 841495 as yet unmatched pairs. 29992 records in RAM.
INFO	2024-07-03 09:23:51	MarkDuplicates	Read    20,000,000 records.  Elapsed time: 00:01:10s.  Time for last 1,000,000:    3s.  Last read position: NC_045541.1_RagTag:122,119,712
INFO	2024-07-03 09:23:51	MarkDuplicates	Tracking 879924 as yet unmatched pairs. 28676 records in RAM.
INFO	2024-07-03 09:23:54	MarkDuplicates	Read    21,000,000 records.  Elapsed time: 00:01:13s.  Time for last 1,000,000:    3s.  Last read position: NC_045541.1_RagTag:128,537,595
INFO	2024-07-03 09:23:54	MarkDuplicates	Tracking 914695 as yet unmatched pairs. 27446 records in RAM.
INFO	2024-07-03 09:23:59	MarkDuplicates	Read    22,000,000 records.  Elapsed time: 00:01:19s.  Time for last 1,000,000:    5s.  Last read position: NC_045541.1_RagTag:134,450,334
INFO	2024-07-03 09:23:59	MarkDuplicates	Tracking 951619 as yet unmatched pairs. 25790 records in RAM.
INFO	2024-07-03 09:24:03	MarkDuplicates	Read    23,000,000 records.  Elapsed time: 00:01:22s.  Time for last 1,000,000:    3s.  Last read position: NC_045541.1_RagTag:140,990,504
INFO	2024-07-03 09:24:03	MarkDuplicates	Tracking 990539 as yet unmatched pairs. 23872 records in RAM.
INFO	2024-07-03 09:24:06	MarkDuplicates	Read    24,000,000 records.  Elapsed time: 00:01:25s.  Time for last 1,000,000:    3s.  Last read position: NC_045541.1_RagTag:147,344,590
INFO	2024-07-03 09:24:06	MarkDuplicates	Tracking 1029940 as yet unmatched pairs. 21736 records in RAM.
INFO	2024-07-03 09:24:22	MarkDuplicates	Read    25,000,000 records.  Elapsed time: 00:01:42s.  Time for last 1,000,000:   16s.  Last read position: NC_045541.1_RagTag:153,292,406
INFO	2024-07-03 09:24:22	MarkDuplicates	Tracking 1073215 as yet unmatched pairs. 19055 records in RAM.
INFO	2024-07-03 09:24:25	MarkDuplicates	Read    26,000,000 records.  Elapsed time: 00:01:45s.  Time for last 1,000,000:    3s.  Last read position: NC_045541.1_RagTag:158,804,775
INFO	2024-07-03 09:24:25	MarkDuplicates	Tracking 1123295 as yet unmatched pairs. 15831 records in RAM.
INFO	2024-07-03 09:24:29	MarkDuplicates	Read    27,000,000 records.  Elapsed time: 00:01:48s.  Time for last 1,000,000:    3s.  Last read position: NC_045541.1_RagTag:164,548,651
INFO	2024-07-03 09:24:29	MarkDuplicates	Tracking 1175824 as yet unmatched pairs. 11536 records in RAM.
INFO	2024-07-03 09:24:32	MarkDuplicates	Read    28,000,000 records.  Elapsed time: 00:01:52s.  Time for last 1,000,000:    3s.  Last read position: NC_045541.1_RagTag:169,837,317
INFO	2024-07-03 09:24:32	MarkDuplicates	Tracking 1242630 as yet unmatched pairs. 6705 records in RAM.
INFO	2024-07-03 09:24:36	MarkDuplicates	Read    29,000,000 records.  Elapsed time: 00:01:55s.  Time for last 1,000,000:    3s.  Last read position: NC_045541.1_RagTag:175,200,066
INFO	2024-07-03 09:24:36	MarkDuplicates	Tracking 1312824 as yet unmatched pairs. 1834 records in RAM.
INFO	2024-07-03 09:24:41	MarkDuplicates	Read    30,000,000 records.  Elapsed time: 00:02:00s.  Time for last 1,000,000:    5s.  Last read position: NC_045542.1_RagTag:2,962,231
INFO	2024-07-03 09:24:41	MarkDuplicates	Tracking 1363581 as yet unmatched pairs. 119180 records in RAM.
INFO	2024-07-03 09:24:44	MarkDuplicates	Read    31,000,000 records.  Elapsed time: 00:02:04s.  Time for last 1,000,000:    3s.  Last read position: NC_045542.1_RagTag:8,334,275
INFO	2024-07-03 09:24:44	MarkDuplicates	Tracking 1395191 as yet unmatched pairs. 118329 records in RAM.
INFO	2024-07-03 09:24:48	MarkDuplicates	Read    32,000,000 records.  Elapsed time: 00:02:07s.  Time for last 1,000,000:    3s.  Last read position: NC_045542.1_RagTag:14,155,897
INFO	2024-07-03 09:24:48	MarkDuplicates	Tracking 1427567 as yet unmatched pairs. 117462 records in RAM.
INFO	2024-07-03 09:24:51	MarkDuplicates	Read    33,000,000 records.  Elapsed time: 00:02:10s.  Time for last 1,000,000:    3s.  Last read position: NC_045542.1_RagTag:20,062,650
INFO	2024-07-03 09:24:51	MarkDuplicates	Tracking 1462759 as yet unmatched pairs. 116531 records in RAM.
INFO	2024-07-03 09:24:54	MarkDuplicates	Read    34,000,000 records.  Elapsed time: 00:02:14s.  Time for last 1,000,000:    3s.  Last read position: NC_045542.1_RagTag:26,035,284
INFO	2024-07-03 09:24:54	MarkDuplicates	Tracking 1499139 as yet unmatched pairs. 115122 records in RAM.
INFO	2024-07-03 09:24:58	MarkDuplicates	Read    35,000,000 records.  Elapsed time: 00:02:17s.  Time for last 1,000,000:    3s.  Last read position: NC_045542.1_RagTag:31,709,945
INFO	2024-07-03 09:24:58	MarkDuplicates	Tracking 1540324 as yet unmatched pairs. 113419 records in RAM.
INFO	2024-07-03 09:25:01	MarkDuplicates	Read    36,000,000 records.  Elapsed time: 00:02:20s.  Time for last 1,000,000:    3s.  Last read position: NC_045542.1_RagTag:37,603,428
INFO	2024-07-03 09:25:01	MarkDuplicates	Tracking 1577485 as yet unmatched pairs. 111054 records in RAM.
INFO	2024-07-03 09:25:04	MarkDuplicates	Read    37,000,000 records.  Elapsed time: 00:02:23s.  Time for last 1,000,000:    3s.  Last read position: NC_045542.1_RagTag:43,640,177
INFO	2024-07-03 09:25:04	MarkDuplicates	Tracking 1613914 as yet unmatched pairs. 108464 records in RAM.
INFO	2024-07-03 09:25:08	MarkDuplicates	Read    38,000,000 records.  Elapsed time: 00:02:27s.  Time for last 1,000,000:    3s.  Last read position: NC_045542.1_RagTag:49,673,043
INFO	2024-07-03 09:25:08	MarkDuplicates	Tracking 1643785 as yet unmatched pairs. 106073 records in RAM.
INFO	2024-07-03 09:25:13	MarkDuplicates	Read    39,000,000 records.  Elapsed time: 00:02:32s.  Time for last 1,000,000:    5s.  Last read position: NC_045542.1_RagTag:55,765,002
INFO	2024-07-03 09:25:13	MarkDuplicates	Tracking 1673493 as yet unmatched pairs. 103520 records in RAM.
INFO	2024-07-03 09:25:16	MarkDuplicates	Read    40,000,000 records.  Elapsed time: 00:02:35s.  Time for last 1,000,000:    3s.  Last read position: NC_045542.1_RagTag:61,971,938
INFO	2024-07-03 09:25:16	MarkDuplicates	Tracking 1703244 as yet unmatched pairs. 100788 records in RAM.
INFO	2024-07-03 09:25:19	MarkDuplicates	Read    41,000,000 records.  Elapsed time: 00:02:39s.  Time for last 1,000,000:    3s.  Last read position: NC_045542.1_RagTag:68,940,092
INFO	2024-07-03 09:25:19	MarkDuplicates	Tracking 1736828 as yet unmatched pairs. 97461 records in RAM.
INFO	2024-07-03 09:25:22	MarkDuplicates	Read    42,000,000 records.  Elapsed time: 00:02:42s.  Time for last 1,000,000:    3s.  Last read position: NC_045542.1_RagTag:75,485,555
INFO	2024-07-03 09:25:22	MarkDuplicates	Tracking 1768208 as yet unmatched pairs. 93912 records in RAM.
INFO	2024-07-03 09:25:26	MarkDuplicates	Read    43,000,000 records.  Elapsed time: 00:02:45s.  Time for last 1,000,000:    3s.  Last read position: NC_045542.1_RagTag:82,062,645
INFO	2024-07-03 09:25:26	MarkDuplicates	Tracking 1799734 as yet unmatched pairs. 90120 records in RAM.
INFO	2024-07-03 09:25:29	MarkDuplicates	Read    44,000,000 records.  Elapsed time: 00:02:48s.  Time for last 1,000,000:    3s.  Last read position: NC_045542.1_RagTag:88,494,737
INFO	2024-07-03 09:25:29	MarkDuplicates	Tracking 1831967 as yet unmatched pairs. 85998 records in RAM.
INFO	2024-07-03 09:25:32	MarkDuplicates	Read    45,000,000 records.  Elapsed time: 00:02:52s.  Time for last 1,000,000:    3s.  Last read position: NC_045542.1_RagTag:94,882,860
INFO	2024-07-03 09:25:32	MarkDuplicates	Tracking 1861439 as yet unmatched pairs. 81803 records in RAM.
INFO	2024-07-03 09:25:35	MarkDuplicates	Read    46,000,000 records.  Elapsed time: 00:02:55s.  Time for last 1,000,000:    3s.  Last read position: NC_045542.1_RagTag:100,626,018
INFO	2024-07-03 09:25:35	MarkDuplicates	Tracking 1888752 as yet unmatched pairs. 77622 records in RAM.
INFO	2024-07-03 09:25:39	MarkDuplicates	Read    47,000,000 records.  Elapsed time: 00:02:58s.  Time for last 1,000,000:    3s.  Last read position: NC_045542.1_RagTag:107,221,780
INFO	2024-07-03 09:25:39	MarkDuplicates	Tracking 1918902 as yet unmatched pairs. 72960 records in RAM.
INFO	2024-07-03 09:25:42	MarkDuplicates	Read    48,000,000 records.  Elapsed time: 00:03:01s.  Time for last 1,000,000:    3s.  Last read position: NC_045542.1_RagTag:113,494,264
INFO	2024-07-03 09:25:42	MarkDuplicates	Tracking 1949666 as yet unmatched pairs. 67874 records in RAM.
INFO	2024-07-03 09:25:45	MarkDuplicates	Read    49,000,000 records.  Elapsed time: 00:03:05s.  Time for last 1,000,000:    3s.  Last read position: NC_045542.1_RagTag:119,596,881
INFO	2024-07-03 09:25:45	MarkDuplicates	Tracking 1985345 as yet unmatched pairs. 61906 records in RAM.
INFO	2024-07-03 09:26:00	MarkDuplicates	Read    50,000,000 records.  Elapsed time: 00:03:20s.  Time for last 1,000,000:   15s.  Last read position: NC_045542.1_RagTag:125,989,137
INFO	2024-07-03 09:26:00	MarkDuplicates	Tracking 2021929 as yet unmatched pairs. 55154 records in RAM.
INFO	2024-07-03 09:26:04	MarkDuplicates	Read    51,000,000 records.  Elapsed time: 00:03:23s.  Time for last 1,000,000:    3s.  Last read position: NC_045542.1_RagTag:131,667,187
INFO	2024-07-03 09:26:04	MarkDuplicates	Tracking 2060484 as yet unmatched pairs. 47932 records in RAM.
INFO	2024-07-03 09:26:22	MarkDuplicates	Read    52,000,000 records.  Elapsed time: 00:03:41s.  Time for last 1,000,000:   18s.  Last read position: NC_045542.1_RagTag:137,383,953
INFO	2024-07-03 09:26:22	MarkDuplicates	Tracking 2102962 as yet unmatched pairs. 39298 records in RAM.
INFO	2024-07-03 09:26:25	MarkDuplicates	Read    53,000,000 records.  Elapsed time: 00:03:45s.  Time for last 1,000,000:    3s.  Last read position: NC_045542.1_RagTag:142,698,745
INFO	2024-07-03 09:26:25	MarkDuplicates	Tracking 2146312 as yet unmatched pairs. 30737 records in RAM.
INFO	2024-07-03 09:26:29	MarkDuplicates	Read    54,000,000 records.  Elapsed time: 00:03:48s.  Time for last 1,000,000:    3s.  Last read position: NC_045542.1_RagTag:147,281,629
INFO	2024-07-03 09:26:29	MarkDuplicates	Tracking 2196908 as yet unmatched pairs. 21647 records in RAM.
INFO	2024-07-03 09:26:32	MarkDuplicates	Read    55,000,000 records.  Elapsed time: 00:03:51s.  Time for last 1,000,000:    3s.  Last read position: NC_045542.1_RagTag:152,246,838
INFO	2024-07-03 09:26:32	MarkDuplicates	Tracking 2245818 as yet unmatched pairs. 13574 records in RAM.
INFO	2024-07-03 09:26:36	MarkDuplicates	Read    56,000,000 records.  Elapsed time: 00:03:55s.  Time for last 1,000,000:    3s.  Last read position: NC_045542.1_RagTag:157,446,402
INFO	2024-07-03 09:26:36	MarkDuplicates	Tracking 2298402 as yet unmatched pairs. 3788 records in RAM.
INFO	2024-07-03 09:26:41	MarkDuplicates	Read    57,000,000 records.  Elapsed time: 00:04:01s.  Time for last 1,000,000:    5s.  Last read position: NC_045543.1_RagTag:3,410,844
INFO	2024-07-03 09:26:41	MarkDuplicates	Tracking 2343550 as yet unmatched pairs. 161599 records in RAM.
INFO	2024-07-03 09:26:46	MarkDuplicates	Read    58,000,000 records.  Elapsed time: 00:04:05s.  Time for last 1,000,000:    4s.  Last read position: NC_045543.1_RagTag:9,166,014
INFO	2024-07-03 09:26:46	MarkDuplicates	Tracking 2372053 as yet unmatched pairs. 155745 records in RAM.
INFO	2024-07-03 09:26:49	MarkDuplicates	Read    59,000,000 records.  Elapsed time: 00:04:08s.  Time for last 1,000,000:    3s.  Last read position: NC_045543.1_RagTag:15,512,714
INFO	2024-07-03 09:26:49	MarkDuplicates	Tracking 2400758 as yet unmatched pairs. 150149 records in RAM.
INFO	2024-07-03 09:26:52	MarkDuplicates	Read    60,000,000 records.  Elapsed time: 00:04:12s.  Time for last 1,000,000:    3s.  Last read position: NC_045543.1_RagTag:21,738,341
INFO	2024-07-03 09:26:52	MarkDuplicates	Tracking 2431029 as yet unmatched pairs. 143911 records in RAM.
INFO	2024-07-03 09:26:56	MarkDuplicates	Read    61,000,000 records.  Elapsed time: 00:04:15s.  Time for last 1,000,000:    3s.  Last read position: NC_045543.1_RagTag:27,841,137
INFO	2024-07-03 09:26:56	MarkDuplicates	Tracking 2464873 as yet unmatched pairs. 136594 records in RAM.
INFO	2024-07-03 09:26:59	MarkDuplicates	Read    62,000,000 records.  Elapsed time: 00:04:18s.  Time for last 1,000,000:    3s.  Last read position: NC_045543.1_RagTag:33,967,929
INFO	2024-07-03 09:26:59	MarkDuplicates	Tracking 2493705 as yet unmatched pairs. 129316 records in RAM.
INFO	2024-07-03 09:27:02	MarkDuplicates	Read    63,000,000 records.  Elapsed time: 00:04:22s.  Time for last 1,000,000:    3s.  Last read position: NC_045543.1_RagTag:40,664,670
INFO	2024-07-03 09:27:02	MarkDuplicates	Tracking 2520639 as yet unmatched pairs. 122402 records in RAM.
INFO	2024-07-03 09:27:06	MarkDuplicates	Read    64,000,000 records.  Elapsed time: 00:04:25s.  Time for last 1,000,000:    3s.  Last read position: NC_045543.1_RagTag:47,117,764
INFO	2024-07-03 09:27:06	MarkDuplicates	Tracking 2547742 as yet unmatched pairs. 115586 records in RAM.
INFO	2024-07-03 09:27:09	MarkDuplicates	Read    65,000,000 records.  Elapsed time: 00:04:28s.  Time for last 1,000,000:    3s.  Last read position: NC_045543.1_RagTag:53,961,812
INFO	2024-07-03 09:27:09	MarkDuplicates	Tracking 2573200 as yet unmatched pairs. 108436 records in RAM.
INFO	2024-07-03 09:27:12	MarkDuplicates	Read    66,000,000 records.  Elapsed time: 00:04:31s.  Time for last 1,000,000:    3s.  Last read position: NC_045543.1_RagTag:60,927,624
INFO	2024-07-03 09:27:12	MarkDuplicates	Tracking 2597125 as yet unmatched pairs. 101260 records in RAM.
INFO	2024-07-03 09:27:15	MarkDuplicates	Read    67,000,000 records.  Elapsed time: 00:04:35s.  Time for last 1,000,000:    3s.  Last read position: NC_045543.1_RagTag:67,823,567
INFO	2024-07-03 09:27:15	MarkDuplicates	Tracking 2623285 as yet unmatched pairs. 93681 records in RAM.
INFO	2024-07-03 09:27:19	MarkDuplicates	Read    68,000,000 records.  Elapsed time: 00:04:38s.  Time for last 1,000,000:    3s.  Last read position: NC_045543.1_RagTag:74,691,097
INFO	2024-07-03 09:27:19	MarkDuplicates	Tracking 2646873 as yet unmatched pairs. 86189 records in RAM.
INFO	2024-07-03 09:27:22	MarkDuplicates	Read    69,000,000 records.  Elapsed time: 00:04:41s.  Time for last 1,000,000:    3s.  Last read position: NC_045543.1_RagTag:81,324,626
INFO	2024-07-03 09:27:22	MarkDuplicates	Tracking 2674950 as yet unmatched pairs. 76353 records in RAM.
INFO	2024-07-03 09:27:25	MarkDuplicates	Read    70,000,000 records.  Elapsed time: 00:04:44s.  Time for last 1,000,000:    3s.  Last read position: NC_045543.1_RagTag:87,502,985
INFO	2024-07-03 09:27:25	MarkDuplicates	Tracking 2704736 as yet unmatched pairs. 66154 records in RAM.
INFO	2024-07-03 09:27:29	MarkDuplicates	Read    71,000,000 records.  Elapsed time: 00:04:48s.  Time for last 1,000,000:    3s.  Last read position: NC_045543.1_RagTag:93,180,048
INFO	2024-07-03 09:27:29	MarkDuplicates	Tracking 2741089 as yet unmatched pairs. 53675 records in RAM.
INFO	2024-07-03 09:27:32	MarkDuplicates	Read    72,000,000 records.  Elapsed time: 00:04:51s.  Time for last 1,000,000:    3s.  Last read position: NC_045543.1_RagTag:98,298,702
INFO	2024-07-03 09:27:32	MarkDuplicates	Tracking 2789988 as yet unmatched pairs. 38935 records in RAM.
INFO	2024-07-03 09:27:35	MarkDuplicates	Read    73,000,000 records.  Elapsed time: 00:04:55s.  Time for last 1,000,000:    3s.  Last read position: NC_045543.1_RagTag:102,978,665
INFO	2024-07-03 09:27:35	MarkDuplicates	Tracking 2862070 as yet unmatched pairs. 19295 records in RAM.
INFO	2024-07-03 09:27:39	MarkDuplicates	Read    74,000,000 records.  Elapsed time: 00:04:58s.  Time for last 1,000,000:    3s.  Last read position: NC_045543.1_RagTag:108,371,993
INFO	2024-07-03 09:27:39	MarkDuplicates	Tracking 2913937 as yet unmatched pairs. 3279 records in RAM.
INFO	2024-07-03 09:27:58	MarkDuplicates	Read    75,000,000 records.  Elapsed time: 00:05:18s.  Time for last 1,000,000:   19s.  Last read position: NC_045544.1_RagTag:5,208,868
INFO	2024-07-03 09:27:58	MarkDuplicates	Tracking 2947384 as yet unmatched pairs. 295589 records in RAM.
INFO	2024-07-03 09:28:02	MarkDuplicates	Read    76,000,000 records.  Elapsed time: 00:05:21s.  Time for last 1,000,000:    3s.  Last read position: NC_045544.1_RagTag:11,379,156
INFO	2024-07-03 09:28:02	MarkDuplicates	Tracking 2972133 as yet unmatched pairs. 287842 records in RAM.
INFO	2024-07-03 09:28:05	MarkDuplicates	Read    77,000,000 records.  Elapsed time: 00:05:24s.  Time for last 1,000,000:    3s.  Last read position: NC_045544.1_RagTag:17,489,811
INFO	2024-07-03 09:28:05	MarkDuplicates	Tracking 2998707 as yet unmatched pairs. 279465 records in RAM.
INFO	2024-07-03 09:28:08	MarkDuplicates	Read    78,000,000 records.  Elapsed time: 00:05:28s.  Time for last 1,000,000:    3s.  Last read position: NC_045544.1_RagTag:23,456,285
INFO	2024-07-03 09:28:08	MarkDuplicates	Tracking 3026174 as yet unmatched pairs. 270129 records in RAM.
INFO	2024-07-03 09:28:11	MarkDuplicates	Read    79,000,000 records.  Elapsed time: 00:05:31s.  Time for last 1,000,000:    3s.  Last read position: NC_045544.1_RagTag:29,592,816
INFO	2024-07-03 09:28:11	MarkDuplicates	Tracking 3049653 as yet unmatched pairs. 261772 records in RAM.
INFO	2024-07-03 09:28:15	MarkDuplicates	Read    80,000,000 records.  Elapsed time: 00:05:34s.  Time for last 1,000,000:    3s.  Last read position: NC_045544.1_RagTag:35,525,957
INFO	2024-07-03 09:28:15	MarkDuplicates	Tracking 3072599 as yet unmatched pairs. 252749 records in RAM.
INFO	2024-07-03 09:28:18	MarkDuplicates	Read    81,000,000 records.  Elapsed time: 00:05:37s.  Time for last 1,000,000:    3s.  Last read position: NC_045544.1_RagTag:42,087,419
INFO	2024-07-03 09:28:18	MarkDuplicates	Tracking 3096516 as yet unmatched pairs. 242939 records in RAM.
INFO	2024-07-03 09:28:21	MarkDuplicates	Read    82,000,000 records.  Elapsed time: 00:05:41s.  Time for last 1,000,000:    3s.  Last read position: NC_045544.1_RagTag:48,427,571
INFO	2024-07-03 09:28:21	MarkDuplicates	Tracking 3120949 as yet unmatched pairs. 233063 records in RAM.
INFO	2024-07-03 09:28:25	MarkDuplicates	Read    83,000,000 records.  Elapsed time: 00:05:44s.  Time for last 1,000,000:    3s.  Last read position: NC_045544.1_RagTag:54,995,893
INFO	2024-07-03 09:28:25	MarkDuplicates	Tracking 3145100 as yet unmatched pairs. 223032 records in RAM.
INFO	2024-07-03 09:28:28	MarkDuplicates	Read    84,000,000 records.  Elapsed time: 00:05:47s.  Time for last 1,000,000:    3s.  Last read position: NC_045544.1_RagTag:61,554,076
INFO	2024-07-03 09:28:28	MarkDuplicates	Tracking 3166432 as yet unmatched pairs. 213475 records in RAM.
INFO	2024-07-03 09:28:31	MarkDuplicates	Read    85,000,000 records.  Elapsed time: 00:05:51s.  Time for last 1,000,000:    3s.  Last read position: NC_045544.1_RagTag:68,166,030
INFO	2024-07-03 09:28:31	MarkDuplicates	Tracking 3187115 as yet unmatched pairs. 202950 records in RAM.
INFO	2024-07-03 09:28:35	MarkDuplicates	Read    86,000,000 records.  Elapsed time: 00:05:54s.  Time for last 1,000,000:    3s.  Last read position: NC_045544.1_RagTag:74,492,437
INFO	2024-07-03 09:28:35	MarkDuplicates	Tracking 3207289 as yet unmatched pairs. 192400 records in RAM.
INFO	2024-07-03 09:28:38	MarkDuplicates	Read    87,000,000 records.  Elapsed time: 00:05:57s.  Time for last 1,000,000:    3s.  Last read position: NC_045544.1_RagTag:80,883,716
INFO	2024-07-03 09:28:38	MarkDuplicates	Tracking 3227248 as yet unmatched pairs. 182266 records in RAM.
INFO	2024-07-03 09:28:43	MarkDuplicates	Read    88,000,000 records.  Elapsed time: 00:06:02s.  Time for last 1,000,000:    5s.  Last read position: NC_045544.1_RagTag:87,253,057
INFO	2024-07-03 09:28:43	MarkDuplicates	Tracking 3247393 as yet unmatched pairs. 171153 records in RAM.
INFO	2024-07-03 09:28:46	MarkDuplicates	Read    89,000,000 records.  Elapsed time: 00:06:06s.  Time for last 1,000,000:    3s.  Last read position: NC_045544.1_RagTag:93,821,086
INFO	2024-07-03 09:28:46	MarkDuplicates	Tracking 3268351 as yet unmatched pairs. 159655 records in RAM.
INFO	2024-07-03 09:28:50	MarkDuplicates	Read    90,000,000 records.  Elapsed time: 00:06:09s.  Time for last 1,000,000:    3s.  Last read position: NC_045544.1_RagTag:100,145,847
INFO	2024-07-03 09:28:50	MarkDuplicates	Tracking 3286007 as yet unmatched pairs. 149246 records in RAM.
INFO	2024-07-03 09:28:53	MarkDuplicates	Read    91,000,000 records.  Elapsed time: 00:06:12s.  Time for last 1,000,000:    3s.  Last read position: NC_045544.1_RagTag:106,612,520
INFO	2024-07-03 09:28:53	MarkDuplicates	Tracking 3303893 as yet unmatched pairs. 138505 records in RAM.
INFO	2024-07-03 09:28:56	MarkDuplicates	Read    92,000,000 records.  Elapsed time: 00:06:15s.  Time for last 1,000,000:    3s.  Last read position: NC_045544.1_RagTag:113,302,824
INFO	2024-07-03 09:28:56	MarkDuplicates	Tracking 3321145 as yet unmatched pairs. 128034 records in RAM.
INFO	2024-07-03 09:28:59	MarkDuplicates	Read    93,000,000 records.  Elapsed time: 00:06:19s.  Time for last 1,000,000:    3s.  Last read position: NC_045544.1_RagTag:119,696,504
INFO	2024-07-03 09:28:59	MarkDuplicates	Tracking 3337597 as yet unmatched pairs. 117010 records in RAM.
INFO	2024-07-03 09:29:03	MarkDuplicates	Read    94,000,000 records.  Elapsed time: 00:06:22s.  Time for last 1,000,000:    3s.  Last read position: NC_045544.1_RagTag:126,242,488
INFO	2024-07-03 09:29:03	MarkDuplicates	Tracking 3356515 as yet unmatched pairs. 104299 records in RAM.
INFO	2024-07-03 09:29:06	MarkDuplicates	Read    95,000,000 records.  Elapsed time: 00:06:25s.  Time for last 1,000,000:    3s.  Last read position: NC_045544.1_RagTag:132,311,172
INFO	2024-07-03 09:29:06	MarkDuplicates	Tracking 3380497 as yet unmatched pairs. 89651 records in RAM.
INFO	2024-07-03 09:29:09	MarkDuplicates	Read    96,000,000 records.  Elapsed time: 00:06:28s.  Time for last 1,000,000:    3s.  Last read position: NC_045544.1_RagTag:138,119,256
INFO	2024-07-03 09:29:09	MarkDuplicates	Tracking 3397955 as yet unmatched pairs. 76448 records in RAM.
INFO	2024-07-03 09:29:12	MarkDuplicates	Read    97,000,000 records.  Elapsed time: 00:06:32s.  Time for last 1,000,000:    3s.  Last read position: NC_045544.1_RagTag:143,752,516
INFO	2024-07-03 09:29:12	MarkDuplicates	Tracking 3420321 as yet unmatched pairs. 60046 records in RAM.
INFO	2024-07-03 09:29:16	MarkDuplicates	Read    98,000,000 records.  Elapsed time: 00:06:35s.  Time for last 1,000,000:    3s.  Last read position: NC_045544.1_RagTag:149,036,791
INFO	2024-07-03 09:29:16	MarkDuplicates	Tracking 3453000 as yet unmatched pairs. 38565 records in RAM.
INFO	2024-07-03 09:29:31	MarkDuplicates	Read    99,000,000 records.  Elapsed time: 00:06:50s.  Time for last 1,000,000:   15s.  Last read position: NC_045544.1_RagTag:154,718,364
INFO	2024-07-03 09:29:31	MarkDuplicates	Tracking 3486606 as yet unmatched pairs. 17676 records in RAM.
INFO	2024-07-03 09:29:38	MarkDuplicates	Read   100,000,000 records.  Elapsed time: 00:06:57s.  Time for last 1,000,000:    6s.  Last read position: NC_045545.1_RagTag:472,594
INFO	2024-07-03 09:29:38	MarkDuplicates	Tracking 3527126 as yet unmatched pairs. 235043 records in RAM.
INFO	2024-07-03 09:29:41	MarkDuplicates	Read   101,000,000 records.  Elapsed time: 00:07:01s.  Time for last 1,000,000:    3s.  Last read position: NC_045545.1_RagTag:6,788,711
INFO	2024-07-03 09:29:41	MarkDuplicates	Tracking 3547554 as yet unmatched pairs. 222652 records in RAM.
INFO	2024-07-03 09:29:44	MarkDuplicates	Read   102,000,000 records.  Elapsed time: 00:07:04s.  Time for last 1,000,000:    3s.  Last read position: NC_045545.1_RagTag:13,104,049
INFO	2024-07-03 09:29:44	MarkDuplicates	Tracking 3561083 as yet unmatched pairs. 208577 records in RAM.
INFO	2024-07-03 09:30:03	MarkDuplicates	Read   103,000,000 records.  Elapsed time: 00:07:22s.  Time for last 1,000,000:   18s.  Last read position: NC_045545.1_RagTag:19,725,400
INFO	2024-07-03 09:30:03	MarkDuplicates	Tracking 3576272 as yet unmatched pairs. 195540 records in RAM.
INFO	2024-07-03 09:30:06	MarkDuplicates	Read   104,000,000 records.  Elapsed time: 00:07:26s.  Time for last 1,000,000:    3s.  Last read position: NC_045545.1_RagTag:26,407,809
INFO	2024-07-03 09:30:06	MarkDuplicates	Tracking 3591412 as yet unmatched pairs. 182905 records in RAM.
INFO	2024-07-03 09:30:10	MarkDuplicates	Read   105,000,000 records.  Elapsed time: 00:07:29s.  Time for last 1,000,000:    3s.  Last read position: NC_045545.1_RagTag:32,869,318
INFO	2024-07-03 09:30:10	MarkDuplicates	Tracking 3605526 as yet unmatched pairs. 169544 records in RAM.
INFO	2024-07-03 09:30:13	MarkDuplicates	Read   106,000,000 records.  Elapsed time: 00:07:32s.  Time for last 1,000,000:    3s.  Last read position: NC_045545.1_RagTag:39,479,971
INFO	2024-07-03 09:30:13	MarkDuplicates	Tracking 3617175 as yet unmatched pairs. 156970 records in RAM.
INFO	2024-07-03 09:30:16	MarkDuplicates	Read   107,000,000 records.  Elapsed time: 00:07:35s.  Time for last 1,000,000:    3s.  Last read position: NC_045545.1_RagTag:45,761,055
INFO	2024-07-03 09:30:16	MarkDuplicates	Tracking 3629215 as yet unmatched pairs. 144705 records in RAM.
INFO	2024-07-03 09:30:20	MarkDuplicates	Read   108,000,000 records.  Elapsed time: 00:07:40s.  Time for last 1,000,000:    4s.  Last read position: NC_045545.1_RagTag:52,495,471
INFO	2024-07-03 09:30:20	MarkDuplicates	Tracking 3642118 as yet unmatched pairs. 132471 records in RAM.
INFO	2024-07-03 09:30:23	MarkDuplicates	Read   109,000,000 records.  Elapsed time: 00:07:43s.  Time for last 1,000,000:    3s.  Last read position: NC_045545.1_RagTag:59,236,959
INFO	2024-07-03 09:30:23	MarkDuplicates	Tracking 3653555 as yet unmatched pairs. 120411 records in RAM.
INFO	2024-07-03 09:30:27	MarkDuplicates	Read   110,000,000 records.  Elapsed time: 00:07:46s.  Time for last 1,000,000:    3s.  Last read position: NC_045545.1_RagTag:65,796,433
INFO	2024-07-03 09:30:27	MarkDuplicates	Tracking 3665909 as yet unmatched pairs. 105690 records in RAM.
INFO	2024-07-03 09:30:30	MarkDuplicates	Read   111,000,000 records.  Elapsed time: 00:07:49s.  Time for last 1,000,000:    3s.  Last read position: NC_045545.1_RagTag:71,825,367
INFO	2024-07-03 09:30:30	MarkDuplicates	Tracking 3679915 as yet unmatched pairs. 89793 records in RAM.
INFO	2024-07-03 09:30:33	MarkDuplicates	Read   112,000,000 records.  Elapsed time: 00:07:53s.  Time for last 1,000,000:    3s.  Last read position: NC_045545.1_RagTag:77,461,839
INFO	2024-07-03 09:30:33	MarkDuplicates	Tracking 3698832 as yet unmatched pairs. 71038 records in RAM.
INFO	2024-07-03 09:30:37	MarkDuplicates	Read   113,000,000 records.  Elapsed time: 00:07:56s.  Time for last 1,000,000:    3s.  Last read position: NC_045545.1_RagTag:82,964,233
INFO	2024-07-03 09:30:37	MarkDuplicates	Tracking 3724586 as yet unmatched pairs. 46725 records in RAM.
INFO	2024-07-03 09:30:40	MarkDuplicates	Read   114,000,000 records.  Elapsed time: 00:07:59s.  Time for last 1,000,000:    3s.  Last read position: NC_045545.1_RagTag:88,686,710
INFO	2024-07-03 09:30:40	MarkDuplicates	Tracking 3757535 as yet unmatched pairs. 17947 records in RAM.
INFO	2024-07-03 09:30:48	MarkDuplicates	Read   115,000,000 records.  Elapsed time: 00:08:08s.  Time for last 1,000,000:    8s.  Last read position: NC_045546.1_RagTag:1,043,491
INFO	2024-07-03 09:30:48	MarkDuplicates	Tracking 3787280 as yet unmatched pairs. 332517 records in RAM.
INFO	2024-07-03 09:30:52	MarkDuplicates	Read   116,000,000 records.  Elapsed time: 00:08:11s.  Time for last 1,000,000:    3s.  Last read position: NC_045546.1_RagTag:6,880,038
INFO	2024-07-03 09:30:52	MarkDuplicates	Tracking 3827313 as yet unmatched pairs. 307567 records in RAM.
INFO	2024-07-03 09:30:55	MarkDuplicates	Read   117,000,000 records.  Elapsed time: 00:08:15s.  Time for last 1,000,000:    3s.  Last read position: NC_045546.1_RagTag:12,315,801
INFO	2024-07-03 09:30:55	MarkDuplicates	Tracking 3855098 as yet unmatched pairs. 281650 records in RAM.
INFO	2024-07-03 09:30:59	MarkDuplicates	Read   118,000,000 records.  Elapsed time: 00:08:18s.  Time for last 1,000,000:    3s.  Last read position: NC_045546.1_RagTag:18,052,155
INFO	2024-07-03 09:30:59	MarkDuplicates	Tracking 3873836 as yet unmatched pairs. 257820 records in RAM.
INFO	2024-07-03 09:31:02	MarkDuplicates	Read   119,000,000 records.  Elapsed time: 00:08:21s.  Time for last 1,000,000:    3s.  Last read position: NC_045546.1_RagTag:24,390,733
INFO	2024-07-03 09:31:02	MarkDuplicates	Tracking 3884788 as yet unmatched pairs. 240387 records in RAM.
INFO	2024-07-03 09:31:05	MarkDuplicates	Read   120,000,000 records.  Elapsed time: 00:08:25s.  Time for last 1,000,000:    3s.  Last read position: NC_045546.1_RagTag:31,197,667
INFO	2024-07-03 09:31:05	MarkDuplicates	Tracking 3894028 as yet unmatched pairs. 225074 records in RAM.
INFO	2024-07-03 09:31:09	MarkDuplicates	Read   121,000,000 records.  Elapsed time: 00:08:28s.  Time for last 1,000,000:    3s.  Last read position: NC_045546.1_RagTag:38,186,146
INFO	2024-07-03 09:31:09	MarkDuplicates	Tracking 3904641 as yet unmatched pairs. 210229 records in RAM.
INFO	2024-07-03 09:31:12	MarkDuplicates	Read   122,000,000 records.  Elapsed time: 00:08:31s.  Time for last 1,000,000:    3s.  Last read position: NC_045546.1_RagTag:45,445,332
INFO	2024-07-03 09:31:12	MarkDuplicates	Tracking 3916467 as yet unmatched pairs. 194619 records in RAM.
INFO	2024-07-03 09:31:15	MarkDuplicates	Read   123,000,000 records.  Elapsed time: 00:08:35s.  Time for last 1,000,000:    3s.  Last read position: NC_045546.1_RagTag:52,418,768
INFO	2024-07-03 09:31:15	MarkDuplicates	Tracking 3927442 as yet unmatched pairs. 178930 records in RAM.
INFO	2024-07-03 09:31:30	MarkDuplicates	Read   124,000,000 records.  Elapsed time: 00:08:49s.  Time for last 1,000,000:   14s.  Last read position: NC_045546.1_RagTag:58,560,778
INFO	2024-07-03 09:31:30	MarkDuplicates	Tracking 3940208 as yet unmatched pairs. 163095 records in RAM.
INFO	2024-07-03 09:31:34	MarkDuplicates	Read   125,000,000 records.  Elapsed time: 00:08:53s.  Time for last 1,000,000:    3s.  Last read position: NC_045546.1_RagTag:63,933,673
INFO	2024-07-03 09:31:34	MarkDuplicates	Tracking 3961557 as yet unmatched pairs. 144925 records in RAM.
INFO	2024-07-03 09:31:37	MarkDuplicates	Read   126,000,000 records.  Elapsed time: 00:08:56s.  Time for last 1,000,000:    3s.  Last read position: NC_045546.1_RagTag:69,541,694
INFO	2024-07-03 09:31:37	MarkDuplicates	Tracking 3985353 as yet unmatched pairs. 124602 records in RAM.
INFO	2024-07-03 09:31:40	MarkDuplicates	Read   127,000,000 records.  Elapsed time: 00:09:00s.  Time for last 1,000,000:    3s.  Last read position: NC_045546.1_RagTag:73,638,063
INFO	2024-07-03 09:31:40	MarkDuplicates	Tracking 4027484 as yet unmatched pairs. 104132 records in RAM.
INFO	2024-07-03 09:31:44	MarkDuplicates	Read   128,000,000 records.  Elapsed time: 00:09:03s.  Time for last 1,000,000:    3s.  Last read position: NC_045546.1_RagTag:78,944,183
INFO	2024-07-03 09:31:44	MarkDuplicates	Tracking 4040569 as yet unmatched pairs. 83349 records in RAM.
INFO	2024-07-03 09:31:47	MarkDuplicates	Read   129,000,000 records.  Elapsed time: 00:09:06s.  Time for last 1,000,000:    3s.  Last read position: NC_045546.1_RagTag:84,234,590
INFO	2024-07-03 09:31:47	MarkDuplicates	Tracking 4054896 as yet unmatched pairs. 61185 records in RAM.
INFO	2024-07-03 09:31:50	MarkDuplicates	Read   130,000,000 records.  Elapsed time: 00:09:10s.  Time for last 1,000,000:    3s.  Last read position: NC_045546.1_RagTag:90,429,804
INFO	2024-07-03 09:31:50	MarkDuplicates	Tracking 4063716 as yet unmatched pairs. 42643 records in RAM.
INFO	2024-07-03 09:31:54	MarkDuplicates	Read   131,000,000 records.  Elapsed time: 00:09:13s.  Time for last 1,000,000:    3s.  Last read position: NC_045546.1_RagTag:96,954,450
INFO	2024-07-03 09:31:54	MarkDuplicates	Tracking 4070779 as yet unmatched pairs. 23489 records in RAM.
INFO	2024-07-03 09:31:57	MarkDuplicates	Read   132,000,000 records.  Elapsed time: 00:09:16s.  Time for last 1,000,000:    3s.  Last read position: NC_045546.1_RagTag:103,351,713
INFO	2024-07-03 09:31:57	MarkDuplicates	Tracking 4081047 as yet unmatched pairs. 1490 records in RAM.
INFO	2024-07-03 09:32:06	MarkDuplicates	Read   133,000,000 records.  Elapsed time: 00:09:26s.  Time for last 1,000,000:    9s.  Last read position: NC_045547.1_RagTag:5,324,709
INFO	2024-07-03 09:32:06	MarkDuplicates	Tracking 4110695 as yet unmatched pairs. 382561 records in RAM.
INFO	2024-07-03 09:32:10	MarkDuplicates	Read   134,000,000 records.  Elapsed time: 00:09:29s.  Time for last 1,000,000:    3s.  Last read position: NC_045547.1_RagTag:10,711,436
INFO	2024-07-03 09:32:10	MarkDuplicates	Tracking 4128113 as yet unmatched pairs. 348251 records in RAM.
INFO	2024-07-03 09:32:13	MarkDuplicates	Read   135,000,000 records.  Elapsed time: 00:09:32s.  Time for last 1,000,000:    3s.  Last read position: NC_045547.1_RagTag:16,475,673
INFO	2024-07-03 09:32:13	MarkDuplicates	Tracking 4138535 as yet unmatched pairs. 324545 records in RAM.
INFO	2024-07-03 09:32:16	MarkDuplicates	Read   136,000,000 records.  Elapsed time: 00:09:36s.  Time for last 1,000,000:    3s.  Last read position: NC_045547.1_RagTag:22,343,318
INFO	2024-07-03 09:32:16	MarkDuplicates	Tracking 4145481 as yet unmatched pairs. 302644 records in RAM.
INFO	2024-07-03 09:32:20	MarkDuplicates	Read   137,000,000 records.  Elapsed time: 00:09:39s.  Time for last 1,000,000:    3s.  Last read position: NC_045547.1_RagTag:28,593,124
INFO	2024-07-03 09:32:20	MarkDuplicates	Tracking 4150429 as yet unmatched pairs. 283726 records in RAM.
INFO	2024-07-03 09:32:23	MarkDuplicates	Read   138,000,000 records.  Elapsed time: 00:09:42s.  Time for last 1,000,000:    3s.  Last read position: NC_045547.1_RagTag:35,009,551
INFO	2024-07-03 09:32:23	MarkDuplicates	Tracking 4153952 as yet unmatched pairs. 267199 records in RAM.
INFO	2024-07-03 09:32:26	MarkDuplicates	Read   139,000,000 records.  Elapsed time: 00:09:45s.  Time for last 1,000,000:    3s.  Last read position: NC_045547.1_RagTag:41,752,810
INFO	2024-07-03 09:32:26	MarkDuplicates	Tracking 4158981 as yet unmatched pairs. 247433 records in RAM.
INFO	2024-07-03 09:32:31	MarkDuplicates	Read   140,000,000 records.  Elapsed time: 00:09:51s.  Time for last 1,000,000:    5s.  Last read position: NC_045547.1_RagTag:48,356,000
INFO	2024-07-03 09:32:31	MarkDuplicates	Tracking 4164197 as yet unmatched pairs. 227576 records in RAM.
INFO	2024-07-03 09:32:35	MarkDuplicates	Read   141,000,000 records.  Elapsed time: 00:09:54s.  Time for last 1,000,000:    3s.  Last read position: NC_045547.1_RagTag:53,973,247
INFO	2024-07-03 09:32:35	MarkDuplicates	Tracking 4174823 as yet unmatched pairs. 203438 records in RAM.
INFO	2024-07-03 09:32:38	MarkDuplicates	Read   142,000,000 records.  Elapsed time: 00:09:58s.  Time for last 1,000,000:    3s.  Last read position: NC_045547.1_RagTag:59,449,602
INFO	2024-07-03 09:32:38	MarkDuplicates	Tracking 4186475 as yet unmatched pairs. 175436 records in RAM.
INFO	2024-07-03 09:32:42	MarkDuplicates	Read   143,000,000 records.  Elapsed time: 00:10:01s.  Time for last 1,000,000:    3s.  Last read position: NC_045547.1_RagTag:63,817,430
INFO	2024-07-03 09:32:42	MarkDuplicates	Tracking 4194078 as yet unmatched pairs. 145940 records in RAM.
INFO	2024-07-03 09:32:45	MarkDuplicates	Read   144,000,000 records.  Elapsed time: 00:10:04s.  Time for last 1,000,000:    3s.  Last read position: NC_045547.1_RagTag:69,605,790
INFO	2024-07-03 09:32:45	MarkDuplicates	Tracking 4199442 as yet unmatched pairs. 121587 records in RAM.
INFO	2024-07-03 09:32:48	MarkDuplicates	Read   145,000,000 records.  Elapsed time: 00:10:07s.  Time for last 1,000,000:    3s.  Last read position: NC_045547.1_RagTag:75,943,544
INFO	2024-07-03 09:32:48	MarkDuplicates	Tracking 4205129 as yet unmatched pairs. 96776 records in RAM.
INFO	2024-07-03 09:32:52	MarkDuplicates	Read   146,000,000 records.  Elapsed time: 00:10:11s.  Time for last 1,000,000:    3s.  Last read position: NC_045547.1_RagTag:81,596,256
INFO	2024-07-03 09:32:52	MarkDuplicates	Tracking 4213021 as yet unmatched pairs. 65430 records in RAM.
INFO	2024-07-03 09:32:55	MarkDuplicates	Read   147,000,000 records.  Elapsed time: 00:10:14s.  Time for last 1,000,000:    3s.  Last read position: NC_045547.1_RagTag:87,147,524
INFO	2024-07-03 09:32:55	MarkDuplicates	Tracking 4228665 as yet unmatched pairs. 28927 records in RAM.
INFO	2024-07-03 09:33:03	MarkDuplicates	Read   148,000,000 records.  Elapsed time: 00:10:22s.  Time for last 1,000,000:    7s.  Last read position: NC_045548.1_RagTag:734,689
INFO	2024-07-03 09:33:03	MarkDuplicates	Tracking 4247374 as yet unmatched pairs. 297477 records in RAM.
INFO	2024-07-03 09:33:18	MarkDuplicates	Read   149,000,000 records.  Elapsed time: 00:10:37s.  Time for last 1,000,000:   15s.  Last read position: NC_045548.1_RagTag:6,852,229
INFO	2024-07-03 09:33:18	MarkDuplicates	Tracking 4249150 as yet unmatched pairs. 277187 records in RAM.
INFO	2024-07-03 09:33:21	MarkDuplicates	Read   150,000,000 records.  Elapsed time: 00:10:40s.  Time for last 1,000,000:    3s.  Last read position: NC_045548.1_RagTag:13,069,549
INFO	2024-07-03 09:33:21	MarkDuplicates	Tracking 4248927 as yet unmatched pairs. 256370 records in RAM.
INFO	2024-07-03 09:33:24	MarkDuplicates	Read   151,000,000 records.  Elapsed time: 00:10:43s.  Time for last 1,000,000:    3s.  Last read position: NC_045548.1_RagTag:19,682,290
INFO	2024-07-03 09:33:24	MarkDuplicates	Tracking 4250350 as yet unmatched pairs. 236160 records in RAM.
INFO	2024-07-03 09:33:27	MarkDuplicates	Read   152,000,000 records.  Elapsed time: 00:10:47s.  Time for last 1,000,000:    3s.  Last read position: NC_045548.1_RagTag:26,436,107
INFO	2024-07-03 09:33:27	MarkDuplicates	Tracking 4249376 as yet unmatched pairs. 217876 records in RAM.
INFO	2024-07-03 09:33:31	MarkDuplicates	Read   153,000,000 records.  Elapsed time: 00:10:50s.  Time for last 1,000,000:    3s.  Last read position: NC_045548.1_RagTag:33,515,117
INFO	2024-07-03 09:33:31	MarkDuplicates	Tracking 4249034 as yet unmatched pairs. 197129 records in RAM.
INFO	2024-07-03 09:33:50	MarkDuplicates	Read   154,000,000 records.  Elapsed time: 00:11:09s.  Time for last 1,000,000:   18s.  Last read position: NC_045548.1_RagTag:40,649,221
INFO	2024-07-03 09:33:50	MarkDuplicates	Tracking 4248724 as yet unmatched pairs. 177843 records in RAM.
INFO	2024-07-03 09:33:53	MarkDuplicates	Read   155,000,000 records.  Elapsed time: 00:11:12s.  Time for last 1,000,000:    3s.  Last read position: NC_045548.1_RagTag:47,288,677
INFO	2024-07-03 09:33:53	MarkDuplicates	Tracking 4248648 as yet unmatched pairs. 156732 records in RAM.
INFO	2024-07-03 09:33:56	MarkDuplicates	Read   156,000,000 records.  Elapsed time: 00:11:15s.  Time for last 1,000,000:    3s.  Last read position: NC_045548.1_RagTag:53,961,745
INFO	2024-07-03 09:33:56	MarkDuplicates	Tracking 4250017 as yet unmatched pairs. 131777 records in RAM.
INFO	2024-07-03 09:33:59	MarkDuplicates	Read   157,000,000 records.  Elapsed time: 00:11:19s.  Time for last 1,000,000:    3s.  Last read position: NC_045548.1_RagTag:59,544,815
INFO	2024-07-03 09:33:59	MarkDuplicates	Tracking 4252641 as yet unmatched pairs. 99508 records in RAM.
INFO	2024-07-03 09:34:03	MarkDuplicates	Read   158,000,000 records.  Elapsed time: 00:11:22s.  Time for last 1,000,000:    3s.  Last read position: NC_045548.1_RagTag:65,013,205
INFO	2024-07-03 09:34:03	MarkDuplicates	Tracking 4259526 as yet unmatched pairs. 58613 records in RAM.
INFO	2024-07-03 09:34:06	MarkDuplicates	Read   159,000,000 records.  Elapsed time: 00:11:25s.  Time for last 1,000,000:    3s.  Last read position: NC_045548.1_RagTag:70,867,088
INFO	2024-07-03 09:34:06	MarkDuplicates	Tracking 4270263 as yet unmatched pairs. 15831 records in RAM.
INFO	2024-07-03 09:34:21	MarkDuplicates	Read   160,000,000 records.  Elapsed time: 00:11:40s.  Time for last 1,000,000:   15s.  Last read position: NC_045549.1_RagTag:2,327,798
INFO	2024-07-03 09:34:21	MarkDuplicates	Tracking 4277412 as yet unmatched pairs. 697419 records in RAM.
INFO	2024-07-03 09:34:25	MarkDuplicates	Read   161,000,000 records.  Elapsed time: 00:11:44s.  Time for last 1,000,000:    3s.  Last read position: NC_045549.1_RagTag:7,870,763
INFO	2024-07-03 09:34:25	MarkDuplicates	Tracking 4286680 as yet unmatched pairs. 660414 records in RAM.
INFO	2024-07-03 09:34:28	MarkDuplicates	Read   162,000,000 records.  Elapsed time: 00:11:47s.  Time for last 1,000,000:    3s.  Last read position: NC_045549.1_RagTag:12,537,796
INFO	2024-07-03 09:34:28	MarkDuplicates	Tracking 4290043 as yet unmatched pairs. 629271 records in RAM.
INFO	2024-07-03 09:34:31	MarkDuplicates	Read   163,000,000 records.  Elapsed time: 00:11:51s.  Time for last 1,000,000:    3s.  Last read position: NC_045549.1_RagTag:18,518,947
INFO	2024-07-03 09:34:31	MarkDuplicates	Tracking 4286906 as yet unmatched pairs. 601939 records in RAM.
INFO	2024-07-03 09:34:35	MarkDuplicates	Read   164,000,000 records.  Elapsed time: 00:11:54s.  Time for last 1,000,000:    3s.  Last read position: NC_045549.1_RagTag:25,311,973
INFO	2024-07-03 09:34:35	MarkDuplicates	Tracking 4283093 as yet unmatched pairs. 578887 records in RAM.
INFO	2024-07-03 09:34:38	MarkDuplicates	Read   165,000,000 records.  Elapsed time: 00:11:57s.  Time for last 1,000,000:    3s.  Last read position: NC_045549.1_RagTag:32,105,610
INFO	2024-07-03 09:34:38	MarkDuplicates	Tracking 4279355 as yet unmatched pairs. 558550 records in RAM.
INFO	2024-07-03 09:34:41	MarkDuplicates	Read   166,000,000 records.  Elapsed time: 00:12:01s.  Time for last 1,000,000:    3s.  Last read position: NC_045549.1_RagTag:39,484,655
INFO	2024-07-03 09:34:41	MarkDuplicates	Tracking 4275467 as yet unmatched pairs. 536971 records in RAM.
INFO	2024-07-03 09:34:45	MarkDuplicates	Read   167,000,000 records.  Elapsed time: 00:12:04s.  Time for last 1,000,000:    3s.  Last read position: NC_045549.1_RagTag:46,325,551
INFO	2024-07-03 09:34:45	MarkDuplicates	Tracking 4272338 as yet unmatched pairs. 516354 records in RAM.
INFO	2024-07-03 09:34:48	MarkDuplicates	Read   168,000,000 records.  Elapsed time: 00:12:07s.  Time for last 1,000,000:    3s.  Last read position: NC_045549.1_RagTag:52,436,872
INFO	2024-07-03 09:34:48	MarkDuplicates	Tracking 4269391 as yet unmatched pairs. 489555 records in RAM.
INFO	2024-07-03 09:34:52	MarkDuplicates	Read   169,000,000 records.  Elapsed time: 00:12:11s.  Time for last 1,000,000:    3s.  Last read position: NC_045549.1_RagTag:57,680,675
INFO	2024-07-03 09:34:52	MarkDuplicates	Tracking 4269230 as yet unmatched pairs. 456473 records in RAM.
INFO	2024-07-03 09:34:55	MarkDuplicates	Read   170,000,000 records.  Elapsed time: 00:12:14s.  Time for last 1,000,000:    3s.  Last read position: NC_045549.1_RagTag:63,419,002
INFO	2024-07-03 09:34:55	MarkDuplicates	Tracking 4265697 as yet unmatched pairs. 425186 records in RAM.
INFO	2024-07-03 09:34:58	MarkDuplicates	Read   171,000,000 records.  Elapsed time: 00:12:18s.  Time for last 1,000,000:    3s.  Last read position: NC_045549.1_RagTag:69,994,008
INFO	2024-07-03 09:34:58	MarkDuplicates	Tracking 4260177 as yet unmatched pairs. 398727 records in RAM.
INFO	2024-07-03 09:35:01	MarkDuplicates	Read   172,000,000 records.  Elapsed time: 00:12:21s.  Time for last 1,000,000:    3s.  Last read position: NC_045549.1_RagTag:76,524,950
INFO	2024-07-03 09:35:01	MarkDuplicates	Tracking 4253608 as yet unmatched pairs. 373214 records in RAM.
INFO	2024-07-03 09:35:05	MarkDuplicates	Read   173,000,000 records.  Elapsed time: 00:12:24s.  Time for last 1,000,000:    3s.  Last read position: NC_045549.1_RagTag:83,217,054
INFO	2024-07-03 09:35:05	MarkDuplicates	Tracking 4247292 as yet unmatched pairs. 350886 records in RAM.
INFO	2024-07-03 09:35:20	MarkDuplicates	Read   174,000,000 records.  Elapsed time: 00:12:39s.  Time for last 1,000,000:   14s.  Last read position: NC_045549.1_RagTag:89,446,370
INFO	2024-07-03 09:35:20	MarkDuplicates	Tracking 4240519 as yet unmatched pairs. 318360 records in RAM.
INFO	2024-07-03 09:35:23	MarkDuplicates	Read   175,000,000 records.  Elapsed time: 00:12:42s.  Time for last 1,000,000:    3s.  Last read position: NC_045549.1_RagTag:95,076,418
INFO	2024-07-03 09:35:23	MarkDuplicates	Tracking 4235041 as yet unmatched pairs. 282899 records in RAM.
INFO	2024-07-03 09:35:26	MarkDuplicates	Read   176,000,000 records.  Elapsed time: 00:12:46s.  Time for last 1,000,000:    3s.  Last read position: NC_045549.1_RagTag:100,819,333
INFO	2024-07-03 09:35:26	MarkDuplicates	Tracking 4229732 as yet unmatched pairs. 239189 records in RAM.
INFO	2024-07-03 09:35:30	MarkDuplicates	Read   177,000,000 records.  Elapsed time: 00:12:49s.  Time for last 1,000,000:    3s.  Last read position: NC_045549.1_RagTag:106,332,254
INFO	2024-07-03 09:35:30	MarkDuplicates	Tracking 4226735 as yet unmatched pairs. 188555 records in RAM.
INFO	2024-07-03 09:35:33	MarkDuplicates	Read   178,000,000 records.  Elapsed time: 00:12:53s.  Time for last 1,000,000:    3s.  Last read position: NC_045549.1_RagTag:111,579,673
INFO	2024-07-03 09:35:33	MarkDuplicates	Tracking 4223128 as yet unmatched pairs. 153580 records in RAM.
INFO	2024-07-03 09:35:37	MarkDuplicates	Read   179,000,000 records.  Elapsed time: 00:12:56s.  Time for last 1,000,000:    3s.  Last read position: NC_045549.1_RagTag:117,933,957
INFO	2024-07-03 09:35:37	MarkDuplicates	Tracking 4213240 as yet unmatched pairs. 119697 records in RAM.
INFO	2024-07-03 09:35:40	MarkDuplicates	Read   180,000,000 records.  Elapsed time: 00:12:59s.  Time for last 1,000,000:    3s.  Last read position: NC_045549.1_RagTag:123,837,098
INFO	2024-07-03 09:35:40	MarkDuplicates	Tracking 4203596 as yet unmatched pairs. 72016 records in RAM.
INFO	2024-07-03 09:35:43	MarkDuplicates	Read   181,000,000 records.  Elapsed time: 00:13:03s.  Time for last 1,000,000:    3s.  Last read position: NC_045549.1_RagTag:129,875,719
INFO	2024-07-03 09:35:43	MarkDuplicates	Tracking 4198441 as yet unmatched pairs. 17236 records in RAM.
INFO	2024-07-03 09:35:51	MarkDuplicates	Read   182,000,000 records.  Elapsed time: 00:13:11s.  Time for last 1,000,000:    7s.  Last read position: NC_045550.1_RagTag:3,394,950
INFO	2024-07-03 09:35:51	MarkDuplicates	Tracking 4193326 as yet unmatched pairs. 298843 records in RAM.
INFO	2024-07-03 09:35:55	MarkDuplicates	Read   183,000,000 records.  Elapsed time: 00:13:14s.  Time for last 1,000,000:    3s.  Last read position: NC_045550.1_RagTag:10,228,366
INFO	2024-07-03 09:35:55	MarkDuplicates	Tracking 4184521 as yet unmatched pairs. 273868 records in RAM.
INFO	2024-07-03 09:35:58	MarkDuplicates	Read   184,000,000 records.  Elapsed time: 00:13:17s.  Time for last 1,000,000:    3s.  Last read position: NC_045550.1_RagTag:17,401,393
INFO	2024-07-03 09:35:58	MarkDuplicates	Tracking 4175838 as yet unmatched pairs. 252422 records in RAM.
INFO	2024-07-03 09:36:01	MarkDuplicates	Read   185,000,000 records.  Elapsed time: 00:13:20s.  Time for last 1,000,000:    3s.  Last read position: NC_045550.1_RagTag:24,633,470
INFO	2024-07-03 09:36:01	MarkDuplicates	Tracking 4166946 as yet unmatched pairs. 230456 records in RAM.
INFO	2024-07-03 09:36:04	MarkDuplicates	Read   186,000,000 records.  Elapsed time: 00:13:23s.  Time for last 1,000,000:    3s.  Last read position: NC_045550.1_RagTag:31,509,653
INFO	2024-07-03 09:36:04	MarkDuplicates	Tracking 4159182 as yet unmatched pairs. 211217 records in RAM.
INFO	2024-07-03 09:36:07	MarkDuplicates	Read   187,000,000 records.  Elapsed time: 00:13:27s.  Time for last 1,000,000:    3s.  Last read position: NC_045550.1_RagTag:38,744,403
INFO	2024-07-03 09:36:07	MarkDuplicates	Tracking 4150440 as yet unmatched pairs. 188423 records in RAM.
INFO	2024-07-03 09:36:11	MarkDuplicates	Read   188,000,000 records.  Elapsed time: 00:13:30s.  Time for last 1,000,000:    3s.  Last read position: NC_045550.1_RagTag:45,359,822
INFO	2024-07-03 09:36:11	MarkDuplicates	Tracking 4140658 as yet unmatched pairs. 163819 records in RAM.
INFO	2024-07-03 09:36:14	MarkDuplicates	Read   189,000,000 records.  Elapsed time: 00:13:33s.  Time for last 1,000,000:    3s.  Last read position: NC_045550.1_RagTag:51,974,093
INFO	2024-07-03 09:36:14	MarkDuplicates	Tracking 4128718 as yet unmatched pairs. 134670 records in RAM.
INFO	2024-07-03 09:36:17	MarkDuplicates	Read   190,000,000 records.  Elapsed time: 00:13:37s.  Time for last 1,000,000:    3s.  Last read position: NC_045550.1_RagTag:57,566,674
INFO	2024-07-03 09:36:17	MarkDuplicates	Tracking 4114737 as yet unmatched pairs. 95442 records in RAM.
INFO	2024-07-03 09:36:20	MarkDuplicates	Read   191,000,000 records.  Elapsed time: 00:13:40s.  Time for last 1,000,000:    3s.  Last read position: NC_045550.1_RagTag:63,138,357
INFO	2024-07-03 09:36:20	MarkDuplicates	Tracking 4099873 as yet unmatched pairs. 47807 records in RAM.
INFO	2024-07-03 09:36:26	MarkDuplicates	Read   192,000,000 records.  Elapsed time: 00:13:45s.  Time for last 1,000,000:    5s.  Last read position: NC_045550.1_RagTag:68,685,344
INFO	2024-07-03 09:36:26	MarkDuplicates	Tracking 4090459 as yet unmatched pairs. 1760 records in RAM.
INFO	2024-07-03 09:36:32	MarkDuplicates	Read   193,000,000 records.  Elapsed time: 00:13:51s.  Time for last 1,000,000:    5s.  Last read position: NC_045551.1_RagTag:6,105,947
INFO	2024-07-03 09:36:32	MarkDuplicates	Tracking 4077693 as yet unmatched pairs. 135103 records in RAM.
INFO	2024-07-03 09:36:35	MarkDuplicates	Read   194,000,000 records.  Elapsed time: 00:13:54s.  Time for last 1,000,000:    3s.  Last read position: NC_045551.1_RagTag:11,959,792
INFO	2024-07-03 09:36:35	MarkDuplicates	Tracking 4067964 as yet unmatched pairs. 108282 records in RAM.
INFO	2024-07-03 09:36:38	MarkDuplicates	Read   195,000,000 records.  Elapsed time: 00:13:58s.  Time for last 1,000,000:    3s.  Last read position: NC_045551.1_RagTag:17,276,689
INFO	2024-07-03 09:36:38	MarkDuplicates	Tracking 4056560 as yet unmatched pairs. 72537 records in RAM.
INFO	2024-07-03 09:36:42	MarkDuplicates	Read   196,000,000 records.  Elapsed time: 00:14:01s.  Time for last 1,000,000:    3s.  Last read position: NC_045551.1_RagTag:22,460,698
INFO	2024-07-03 09:36:42	MarkDuplicates	Tracking 4040787 as yet unmatched pairs. 29387 records in RAM.
INFO	2024-07-03 09:36:52	MarkDuplicates	Read   197,000,000 records.  Elapsed time: 00:14:11s.  Time for last 1,000,000:    9s.  Last read position: NC_045552.1_RagTag:1,758,328
INFO	2024-07-03 09:36:52	MarkDuplicates	Tracking 4031523 as yet unmatched pairs. 431488 records in RAM.
INFO	2024-07-03 09:36:55	MarkDuplicates	Read   198,000,000 records.  Elapsed time: 00:14:14s.  Time for last 1,000,000:    3s.  Last read position: NC_045552.1_RagTag:7,344,881
INFO	2024-07-03 09:36:55	MarkDuplicates	Tracking 4021610 as yet unmatched pairs. 395834 records in RAM.
INFO	2024-07-03 09:37:10	MarkDuplicates	Read   199,000,000 records.  Elapsed time: 00:14:29s.  Time for last 1,000,000:   14s.  Last read position: NC_045552.1_RagTag:12,637,051
INFO	2024-07-03 09:37:10	MarkDuplicates	Tracking 4006290 as yet unmatched pairs. 357743 records in RAM.
INFO	2024-07-03 09:37:13	MarkDuplicates	Read   200,000,000 records.  Elapsed time: 00:14:32s.  Time for last 1,000,000:    3s.  Last read position: NC_045552.1_RagTag:18,200,820
INFO	2024-07-03 09:37:13	MarkDuplicates	Tracking 3989670 as yet unmatched pairs. 320061 records in RAM.
INFO	2024-07-03 09:37:16	MarkDuplicates	Read   201,000,000 records.  Elapsed time: 00:14:36s.  Time for last 1,000,000:    3s.  Last read position: NC_045552.1_RagTag:23,833,833
INFO	2024-07-03 09:37:16	MarkDuplicates	Tracking 3969874 as yet unmatched pairs. 275401 records in RAM.
INFO	2024-07-03 09:37:20	MarkDuplicates	Read   202,000,000 records.  Elapsed time: 00:14:39s.  Time for last 1,000,000:    3s.  Last read position: NC_045552.1_RagTag:28,916,787
INFO	2024-07-03 09:37:20	MarkDuplicates	Tracking 3962167 as yet unmatched pairs. 239311 records in RAM.
INFO	2024-07-03 09:37:40	MarkDuplicates	Read   203,000,000 records.  Elapsed time: 00:14:59s.  Time for last 1,000,000:   19s.  Last read position: NC_045552.1_RagTag:34,602,309
INFO	2024-07-03 09:37:40	MarkDuplicates	Tracking 3943428 as yet unmatched pairs. 199526 records in RAM.
INFO	2024-07-03 09:37:43	MarkDuplicates	Read   204,000,000 records.  Elapsed time: 00:15:02s.  Time for last 1,000,000:    3s.  Last read position: NC_045552.1_RagTag:39,769,086
INFO	2024-07-03 09:37:43	MarkDuplicates	Tracking 3927760 as yet unmatched pairs. 162517 records in RAM.
INFO	2024-07-03 09:37:46	MarkDuplicates	Read   205,000,000 records.  Elapsed time: 00:15:06s.  Time for last 1,000,000:    3s.  Last read position: NC_045552.1_RagTag:44,743,569
INFO	2024-07-03 09:37:46	MarkDuplicates	Tracking 3920171 as yet unmatched pairs. 113703 records in RAM.
INFO	2024-07-03 09:37:50	MarkDuplicates	Read   206,000,000 records.  Elapsed time: 00:15:09s.  Time for last 1,000,000:    3s.  Last read position: NC_045552.1_RagTag:50,229,907
INFO	2024-07-03 09:37:50	MarkDuplicates	Tracking 3898796 as yet unmatched pairs. 60864 records in RAM.
INFO	2024-07-03 09:37:53	MarkDuplicates	Read   207,000,000 records.  Elapsed time: 00:15:12s.  Time for last 1,000,000:    3s.  Last read position: NC_045552.1_RagTag:55,435,041
INFO	2024-07-03 09:37:53	MarkDuplicates	Tracking 3883835 as yet unmatched pairs. 18277 records in RAM.
INFO	2024-07-03 09:38:03	MarkDuplicates	Read   208,000,000 records.  Elapsed time: 00:15:22s.  Time for last 1,000,000:    9s.  Last read position: NC_045553.1_RagTag:3,401,733
INFO	2024-07-03 09:38:03	MarkDuplicates	Tracking 3874049 as yet unmatched pairs. 419664 records in RAM.
INFO	2024-07-03 09:38:08	MarkDuplicates	Read   209,000,000 records.  Elapsed time: 00:15:27s.  Time for last 1,000,000:    4s.  Last read position: NC_045553.1_RagTag:8,822,501
INFO	2024-07-03 09:38:08	MarkDuplicates	Tracking 3861159 as yet unmatched pairs. 370758 records in RAM.
INFO	2024-07-03 09:38:11	MarkDuplicates	Read   210,000,000 records.  Elapsed time: 00:15:31s.  Time for last 1,000,000:    3s.  Last read position: NC_045553.1_RagTag:14,169,958
INFO	2024-07-03 09:38:11	MarkDuplicates	Tracking 3838986 as yet unmatched pairs. 316213 records in RAM.
INFO	2024-07-03 09:38:14	MarkDuplicates	Read   211,000,000 records.  Elapsed time: 00:15:34s.  Time for last 1,000,000:    3s.  Last read position: NC_045553.1_RagTag:19,640,527
INFO	2024-07-03 09:38:14	MarkDuplicates	Tracking 3822561 as yet unmatched pairs. 280991 records in RAM.
INFO	2024-07-03 09:38:18	MarkDuplicates	Read   212,000,000 records.  Elapsed time: 00:15:37s.  Time for last 1,000,000:    3s.  Last read position: NC_045553.1_RagTag:25,423,075
INFO	2024-07-03 09:38:18	MarkDuplicates	Tracking 3796124 as yet unmatched pairs. 221385 records in RAM.
INFO	2024-07-03 09:38:21	MarkDuplicates	Read   213,000,000 records.  Elapsed time: 00:15:41s.  Time for last 1,000,000:    3s.  Last read position: NC_045553.1_RagTag:31,175,140
INFO	2024-07-03 09:38:21	MarkDuplicates	Tracking 3771464 as yet unmatched pairs. 178554 records in RAM.
INFO	2024-07-03 09:38:24	MarkDuplicates	Read   214,000,000 records.  Elapsed time: 00:15:44s.  Time for last 1,000,000:    3s.  Last read position: NC_045553.1_RagTag:36,640,336
INFO	2024-07-03 09:38:24	MarkDuplicates	Tracking 3752356 as yet unmatched pairs. 139030 records in RAM.
INFO	2024-07-03 09:38:28	MarkDuplicates	Read   215,000,000 records.  Elapsed time: 00:15:47s.  Time for last 1,000,000:    3s.  Last read position: NC_045553.1_RagTag:42,048,385
INFO	2024-07-03 09:38:28	MarkDuplicates	Tracking 3718964 as yet unmatched pairs. 77196 records in RAM.
INFO	2024-07-03 09:38:31	MarkDuplicates	Read   216,000,000 records.  Elapsed time: 00:15:51s.  Time for last 1,000,000:    3s.  Last read position: NC_045553.1_RagTag:47,371,826
INFO	2024-07-03 09:38:31	MarkDuplicates	Tracking 3691936 as yet unmatched pairs. 14082 records in RAM.
INFO	2024-07-03 09:38:41	MarkDuplicates	Read   217,000,000 records.  Elapsed time: 00:16:00s.  Time for last 1,000,000:    9s.  Last read position: NC_045554.1_RagTag:2,829,142
INFO	2024-07-03 09:38:41	MarkDuplicates	Tracking 3677337 as yet unmatched pairs. 431040 records in RAM.
INFO	2024-07-03 09:38:45	MarkDuplicates	Read   218,000,000 records.  Elapsed time: 00:16:04s.  Time for last 1,000,000:    3s.  Last read position: NC_045554.1_RagTag:8,305,218
INFO	2024-07-03 09:38:45	MarkDuplicates	Tracking 3650103 as yet unmatched pairs. 378744 records in RAM.
INFO	2024-07-03 09:38:48	MarkDuplicates	Read   219,000,000 records.  Elapsed time: 00:16:07s.  Time for last 1,000,000:    3s.  Last read position: NC_045554.1_RagTag:13,447,594
INFO	2024-07-03 09:38:48	MarkDuplicates	Tracking 3615856 as yet unmatched pairs. 320398 records in RAM.
INFO	2024-07-03 09:38:51	MarkDuplicates	Read   220,000,000 records.  Elapsed time: 00:16:11s.  Time for last 1,000,000:    3s.  Last read position: NC_045554.1_RagTag:18,635,151
INFO	2024-07-03 09:38:51	MarkDuplicates	Tracking 3578928 as yet unmatched pairs. 260226 records in RAM.
INFO	2024-07-03 09:38:55	MarkDuplicates	Read   221,000,000 records.  Elapsed time: 00:16:14s.  Time for last 1,000,000:    3s.  Last read position: NC_045554.1_RagTag:23,731,764
INFO	2024-07-03 09:38:55	MarkDuplicates	Tracking 3557593 as yet unmatched pairs. 223925 records in RAM.
INFO	2024-07-03 09:38:58	MarkDuplicates	Read   222,000,000 records.  Elapsed time: 00:16:17s.  Time for last 1,000,000:    3s.  Last read position: NC_045554.1_RagTag:29,575,347
INFO	2024-07-03 09:38:58	MarkDuplicates	Tracking 3522821 as yet unmatched pairs. 168002 records in RAM.
INFO	2024-07-03 09:39:01	MarkDuplicates	Read   223,000,000 records.  Elapsed time: 00:16:21s.  Time for last 1,000,000:    3s.  Last read position: NC_045554.1_RagTag:35,006,467
INFO	2024-07-03 09:39:01	MarkDuplicates	Tracking 3490384 as yet unmatched pairs. 117596 records in RAM.
INFO	2024-07-03 09:39:16	MarkDuplicates	Read   224,000,000 records.  Elapsed time: 00:16:36s.  Time for last 1,000,000:   14s.  Last read position: NC_045554.1_RagTag:40,618,422
INFO	2024-07-03 09:39:16	MarkDuplicates	Tracking 3456613 as yet unmatched pairs. 65639 records in RAM.
INFO	2024-07-03 09:39:20	MarkDuplicates	Read   225,000,000 records.  Elapsed time: 00:16:39s.  Time for last 1,000,000:    3s.  Last read position: NC_045554.1_RagTag:46,220,377
INFO	2024-07-03 09:39:20	MarkDuplicates	Tracking 3421954 as yet unmatched pairs. 10647 records in RAM.
INFO	2024-07-03 09:39:29	MarkDuplicates	Read   226,000,000 records.  Elapsed time: 00:16:48s.  Time for last 1,000,000:    9s.  Last read position: NC_045555.1_RagTag:2,552,819
INFO	2024-07-03 09:39:29	MarkDuplicates	Tracking 3405134 as yet unmatched pairs. 376856 records in RAM.
INFO	2024-07-03 09:39:32	MarkDuplicates	Read   227,000,000 records.  Elapsed time: 00:16:51s.  Time for last 1,000,000:    3s.  Last read position: NC_045555.1_RagTag:7,764,785
INFO	2024-07-03 09:39:32	MarkDuplicates	Tracking 3375334 as yet unmatched pairs. 328371 records in RAM.
INFO	2024-07-03 09:39:36	MarkDuplicates	Read   228,000,000 records.  Elapsed time: 00:16:55s.  Time for last 1,000,000:    3s.  Last read position: NC_045555.1_RagTag:13,554,366
INFO	2024-07-03 09:39:36	MarkDuplicates	Tracking 3344640 as yet unmatched pairs. 282820 records in RAM.
INFO	2024-07-03 09:39:39	MarkDuplicates	Read   229,000,000 records.  Elapsed time: 00:16:58s.  Time for last 1,000,000:    3s.  Last read position: NC_045555.1_RagTag:19,320,225
INFO	2024-07-03 09:39:39	MarkDuplicates	Tracking 3307261 as yet unmatched pairs. 233091 records in RAM.
INFO	2024-07-03 09:39:42	MarkDuplicates	Read   230,000,000 records.  Elapsed time: 00:17:01s.  Time for last 1,000,000:    3s.  Last read position: NC_045555.1_RagTag:24,880,382
INFO	2024-07-03 09:39:42	MarkDuplicates	Tracking 3269798 as yet unmatched pairs. 179655 records in RAM.
INFO	2024-07-03 09:39:45	MarkDuplicates	Read   231,000,000 records.  Elapsed time: 00:17:05s.  Time for last 1,000,000:    3s.  Last read position: NC_045555.1_RagTag:30,461,625
INFO	2024-07-03 09:39:45	MarkDuplicates	Tracking 3227576 as yet unmatched pairs. 120593 records in RAM.
INFO	2024-07-03 09:39:49	MarkDuplicates	Read   232,000,000 records.  Elapsed time: 00:17:08s.  Time for last 1,000,000:    3s.  Last read position: NC_045555.1_RagTag:35,837,753
INFO	2024-07-03 09:39:49	MarkDuplicates	Tracking 3194887 as yet unmatched pairs. 72795 records in RAM.
INFO	2024-07-03 09:39:52	MarkDuplicates	Read   233,000,000 records.  Elapsed time: 00:17:11s.  Time for last 1,000,000:    3s.  Last read position: NC_045555.1_RagTag:40,558,184
INFO	2024-07-03 09:39:52	MarkDuplicates	Tracking 3176973 as yet unmatched pairs. 29551 records in RAM.
INFO	2024-07-03 09:40:01	MarkDuplicates	Read   234,000,000 records.  Elapsed time: 00:17:20s.  Time for last 1,000,000:    8s.  Last read position: NC_045556.1_RagTag:718,541
INFO	2024-07-03 09:40:01	MarkDuplicates	Tracking 3171561 as yet unmatched pairs. 392566 records in RAM.
INFO	2024-07-03 09:40:05	MarkDuplicates	Read   235,000,000 records.  Elapsed time: 00:17:24s.  Time for last 1,000,000:    3s.  Last read position: NC_045556.1_RagTag:6,311,547
INFO	2024-07-03 09:40:05	MarkDuplicates	Tracking 3140089 as yet unmatched pairs. 349175 records in RAM.
INFO	2024-07-03 09:40:08	MarkDuplicates	Read   236,000,000 records.  Elapsed time: 00:17:27s.  Time for last 1,000,000:    3s.  Last read position: NC_045556.1_RagTag:11,820,829
INFO	2024-07-03 09:40:08	MarkDuplicates	Tracking 3094341 as yet unmatched pairs. 289575 records in RAM.
INFO	2024-07-03 09:40:11	MarkDuplicates	Read   237,000,000 records.  Elapsed time: 00:17:30s.  Time for last 1,000,000:    3s.  Last read position: NC_045556.1_RagTag:17,099,227
INFO	2024-07-03 09:40:11	MarkDuplicates	Tracking 3047517 as yet unmatched pairs. 227684 records in RAM.
INFO	2024-07-03 09:40:15	MarkDuplicates	Read   238,000,000 records.  Elapsed time: 00:17:34s.  Time for last 1,000,000:    3s.  Last read position: NC_045556.1_RagTag:22,609,142
INFO	2024-07-03 09:40:15	MarkDuplicates	Tracking 3001032 as yet unmatched pairs. 165976 records in RAM.
INFO	2024-07-03 09:40:18	MarkDuplicates	Read   239,000,000 records.  Elapsed time: 00:17:37s.  Time for last 1,000,000:    3s.  Last read position: NC_045556.1_RagTag:26,909,321
INFO	2024-07-03 09:40:18	MarkDuplicates	Tracking 2980892 as yet unmatched pairs. 117776 records in RAM.
INFO	2024-07-03 09:40:24	MarkDuplicates	Read   240,000,000 records.  Elapsed time: 00:17:44s.  Time for last 1,000,000:    6s.  Last read position: NC_045556.1_RagTag:32,411,830
INFO	2024-07-03 09:40:24	MarkDuplicates	Tracking 2939436 as yet unmatched pairs. 47561 records in RAM.
INFO	2024-07-03 09:40:29	MarkDuplicates	Read   241,000,000 records.  Elapsed time: 00:17:48s.  Time for last 1,000,000:    4s.  Last read position: NC_045557.1_RagTag:436,346
INFO	2024-07-03 09:40:29	MarkDuplicates	Tracking 2904968 as yet unmatched pairs. 102752 records in RAM.
INFO	2024-07-03 09:40:32	MarkDuplicates	Read   242,000,000 records.  Elapsed time: 00:17:51s.  Time for last 1,000,000:    3s.  Last read position: NC_045557.1_RagTag:5,789,475
INFO	2024-07-03 09:40:32	MarkDuplicates	Tracking 2880369 as yet unmatched pairs. 65870 records in RAM.
INFO	2024-07-03 09:40:36	MarkDuplicates	Read   243,000,000 records.  Elapsed time: 00:17:55s.  Time for last 1,000,000:    3s.  Last read position: NC_045557.1_RagTag:11,018,487
INFO	2024-07-03 09:40:36	MarkDuplicates	Tracking 2841812 as yet unmatched pairs. 8825 records in RAM.
INFO	2024-07-03 09:40:53	MarkDuplicates	Read   244,000,000 records.  Elapsed time: 00:18:12s.  Time for last 1,000,000:   17s.  Last read position: NC_045558.1_RagTag:6,437,241
INFO	2024-07-03 09:40:53	MarkDuplicates	Tracking 2800817 as yet unmatched pairs. 867745 records in RAM.
INFO	2024-07-03 09:40:56	MarkDuplicates	Read   245,000,000 records.  Elapsed time: 00:18:16s.  Time for last 1,000,000:    3s.  Last read position: NC_045558.1_RagTag:15,661,721
INFO	2024-07-03 09:40:56	MarkDuplicates	Tracking 2750244 as yet unmatched pairs. 806055 records in RAM.
INFO	2024-07-03 09:41:00	MarkDuplicates	Read   246,000,000 records.  Elapsed time: 00:18:19s.  Time for last 1,000,000:    3s.  Last read position: NC_045558.1_RagTag:26,674,566
INFO	2024-07-03 09:41:00	MarkDuplicates	Tracking 2712205 as yet unmatched pairs. 760931 records in RAM.
INFO	2024-07-03 09:41:03	MarkDuplicates	Read   247,000,000 records.  Elapsed time: 00:18:22s.  Time for last 1,000,000:    3s.  Last read position: NC_045558.1_RagTag:37,050,373
INFO	2024-07-03 09:41:03	MarkDuplicates	Tracking 2676440 as yet unmatched pairs. 717082 records in RAM.
INFO	2024-07-03 09:41:06	MarkDuplicates	Read   248,000,000 records.  Elapsed time: 00:18:26s.  Time for last 1,000,000:    3s.  Last read position: NC_045558.1_RagTag:46,110,810
INFO	2024-07-03 09:41:06	MarkDuplicates	Tracking 2640998 as yet unmatched pairs. 672635 records in RAM.
INFO	2024-07-03 09:41:21	MarkDuplicates	Read   249,000,000 records.  Elapsed time: 00:18:41s.  Time for last 1,000,000:   15s.  Last read position: NC_045558.1_RagTag:54,632,577
INFO	2024-07-03 09:41:21	MarkDuplicates	Tracking 2599402 as yet unmatched pairs. 620723 records in RAM.
INFO	2024-07-03 09:41:25	MarkDuplicates	Read   250,000,000 records.  Elapsed time: 00:18:44s.  Time for last 1,000,000:    3s.  Last read position: NC_045558.1_RagTag:62,436,771
INFO	2024-07-03 09:41:25	MarkDuplicates	Tracking 2553312 as yet unmatched pairs. 564620 records in RAM.
INFO	2024-07-03 09:41:28	MarkDuplicates	Read   251,000,000 records.  Elapsed time: 00:18:48s.  Time for last 1,000,000:    3s.  Last read position: NC_045558.1_RagTag:69,607,398
INFO	2024-07-03 09:41:28	MarkDuplicates	Tracking 2509070 as yet unmatched pairs. 505460 records in RAM.
INFO	2024-07-03 09:41:49	MarkDuplicates	Read   252,000,000 records.  Elapsed time: 00:19:08s.  Time for last 1,000,000:   20s.  Last read position: NC_045558.1_RagTag:77,334,384
INFO	2024-07-03 09:41:49	MarkDuplicates	Tracking 2459055 as yet unmatched pairs. 443333 records in RAM.
INFO	2024-07-03 09:41:53	MarkDuplicates	Read   253,000,000 records.  Elapsed time: 00:19:12s.  Time for last 1,000,000:    3s.  Last read position: NC_045558.1_RagTag:86,149,349
INFO	2024-07-03 09:41:53	MarkDuplicates	Tracking 2412154 as yet unmatched pairs. 385773 records in RAM.
INFO	2024-07-03 09:41:56	MarkDuplicates	Read   254,000,000 records.  Elapsed time: 00:19:15s.  Time for last 1,000,000:    3s.  Last read position: NC_045558.1_RagTag:95,779,386
INFO	2024-07-03 09:41:56	MarkDuplicates	Tracking 2367678 as yet unmatched pairs. 332131 records in RAM.
INFO	2024-07-03 09:41:59	MarkDuplicates	Read   255,000,000 records.  Elapsed time: 00:19:19s.  Time for last 1,000,000:    3s.  Last read position: NC_045558.1_RagTag:106,219,750
INFO	2024-07-03 09:41:59	MarkDuplicates	Tracking 2327748 as yet unmatched pairs. 285093 records in RAM.
INFO	2024-07-03 09:42:03	MarkDuplicates	Read   256,000,000 records.  Elapsed time: 00:19:22s.  Time for last 1,000,000:    3s.  Last read position: NC_045558.1_RagTag:116,966,052
INFO	2024-07-03 09:42:03	MarkDuplicates	Tracking 2288318 as yet unmatched pairs. 239602 records in RAM.
INFO	2024-07-03 09:42:06	MarkDuplicates	Read   257,000,000 records.  Elapsed time: 00:19:25s.  Time for last 1,000,000:    3s.  Last read position: NC_045558.1_RagTag:126,506,362
INFO	2024-07-03 09:42:06	MarkDuplicates	Tracking 2233590 as yet unmatched pairs. 174394 records in RAM.
INFO	2024-07-03 09:42:09	MarkDuplicates	Read   258,000,000 records.  Elapsed time: 00:19:29s.  Time for last 1,000,000:    3s.  Last read position: NC_045558.1_RagTag:134,009,558
INFO	2024-07-03 09:42:09	MarkDuplicates	Tracking 2187662 as yet unmatched pairs. 121755 records in RAM.
INFO	2024-07-03 09:42:13	MarkDuplicates	Read   259,000,000 records.  Elapsed time: 00:19:32s.  Time for last 1,000,000:    3s.  Last read position: NC_045558.1_RagTag:138,382,260
INFO	2024-07-03 09:42:13	MarkDuplicates	Tracking 2153445 as yet unmatched pairs. 74259 records in RAM.
INFO	2024-07-03 09:42:18	MarkDuplicates	Read   260,000,000 records.  Elapsed time: 00:19:37s.  Time for last 1,000,000:    5s.  Last read position: NC_045558.1_RagTag:143,634,012
INFO	2024-07-03 09:42:18	MarkDuplicates	Tracking 2114821 as yet unmatched pairs. 16583 records in RAM.
INFO	2024-07-03 09:42:22	MarkDuplicates	Read   261,000,000 records.  Elapsed time: 00:19:41s.  Time for last 1,000,000:    3s.  Last read position: NW_022473694.1_RagTag:189,295
INFO	2024-07-03 09:42:22	MarkDuplicates	Tracking 2074994 as yet unmatched pairs. 1745 records in RAM.
INFO	2024-07-03 09:42:57	MarkDuplicates	Read   262,000,000 records.  Elapsed time: 00:20:16s.  Time for last 1,000,000:   35s.  Last read position: Chr0_RagTag:1,413,239
INFO	2024-07-03 09:42:57	MarkDuplicates	Tracking 2025017 as yet unmatched pairs. 2025017 records in RAM.
INFO	2024-07-03 09:43:00	MarkDuplicates	Read   263,000,000 records.  Elapsed time: 00:20:20s.  Time for last 1,000,000:    3s.  Last read position: Chr0_RagTag:8,292,607
INFO	2024-07-03 09:43:00	MarkDuplicates	Tracking 1982194 as yet unmatched pairs. 1982194 records in RAM.
INFO	2024-07-03 09:43:04	MarkDuplicates	Read   264,000,000 records.  Elapsed time: 00:20:23s.  Time for last 1,000,000:    3s.  Last read position: Chr0_RagTag:12,317,130
INFO	2024-07-03 09:43:04	MarkDuplicates	Tracking 1949917 as yet unmatched pairs. 1949917 records in RAM.
INFO	2024-07-03 09:43:07	MarkDuplicates	Read   265,000,000 records.  Elapsed time: 00:20:27s.  Time for last 1,000,000:    3s.  Last read position: Chr0_RagTag:15,899,877
INFO	2024-07-03 09:43:07	MarkDuplicates	Tracking 1919663 as yet unmatched pairs. 1919663 records in RAM.
INFO	2024-07-03 09:43:11	MarkDuplicates	Read   266,000,000 records.  Elapsed time: 00:20:30s.  Time for last 1,000,000:    3s.  Last read position: Chr0_RagTag:19,958,455
INFO	2024-07-03 09:43:11	MarkDuplicates	Tracking 1875957 as yet unmatched pairs. 1875957 records in RAM.
INFO	2024-07-03 09:43:14	MarkDuplicates	Read   267,000,000 records.  Elapsed time: 00:20:34s.  Time for last 1,000,000:    3s.  Last read position: Chr0_RagTag:24,379,492
INFO	2024-07-03 09:43:14	MarkDuplicates	Tracking 1833947 as yet unmatched pairs. 1833947 records in RAM.
INFO	2024-07-03 09:43:18	MarkDuplicates	Read   268,000,000 records.  Elapsed time: 00:20:37s.  Time for last 1,000,000:    3s.  Last read position: Chr0_RagTag:27,747,313
INFO	2024-07-03 09:43:18	MarkDuplicates	Tracking 1798633 as yet unmatched pairs. 1798633 records in RAM.
INFO	2024-07-03 09:43:21	MarkDuplicates	Read   269,000,000 records.  Elapsed time: 00:20:41s.  Time for last 1,000,000:    3s.  Last read position: Chr0_RagTag:31,782,900
INFO	2024-07-03 09:43:21	MarkDuplicates	Tracking 1747243 as yet unmatched pairs. 1747243 records in RAM.
INFO	2024-07-03 09:43:25	MarkDuplicates	Read   270,000,000 records.  Elapsed time: 00:20:44s.  Time for last 1,000,000:    3s.  Last read position: Chr0_RagTag:36,393,439
INFO	2024-07-03 09:43:25	MarkDuplicates	Tracking 1700061 as yet unmatched pairs. 1700061 records in RAM.
INFO	2024-07-03 09:43:29	MarkDuplicates	Read   271,000,000 records.  Elapsed time: 00:20:48s.  Time for last 1,000,000:    3s.  Last read position: Chr0_RagTag:39,770,771
INFO	2024-07-03 09:43:29	MarkDuplicates	Tracking 1682125 as yet unmatched pairs. 1682125 records in RAM.
INFO	2024-07-03 09:43:32	MarkDuplicates	Read   272,000,000 records.  Elapsed time: 00:20:52s.  Time for last 1,000,000:    3s.  Last read position: Chr0_RagTag:44,461,999
INFO	2024-07-03 09:43:32	MarkDuplicates	Tracking 1628944 as yet unmatched pairs. 1628944 records in RAM.
INFO	2024-07-03 09:43:36	MarkDuplicates	Read   273,000,000 records.  Elapsed time: 00:20:55s.  Time for last 1,000,000:    3s.  Last read position: Chr0_RagTag:48,508,711
INFO	2024-07-03 09:43:36	MarkDuplicates	Tracking 1583588 as yet unmatched pairs. 1583588 records in RAM.
INFO	2024-07-03 09:43:51	MarkDuplicates	Read   274,000,000 records.  Elapsed time: 00:21:10s.  Time for last 1,000,000:   15s.  Last read position: Chr0_RagTag:51,915,491
INFO	2024-07-03 09:43:51	MarkDuplicates	Tracking 1539405 as yet unmatched pairs. 1539405 records in RAM.
INFO	2024-07-03 09:43:54	MarkDuplicates	Read   275,000,000 records.  Elapsed time: 00:21:14s.  Time for last 1,000,000:    3s.  Last read position: Chr0_RagTag:55,231,994
INFO	2024-07-03 09:43:54	MarkDuplicates	Tracking 1495320 as yet unmatched pairs. 1495320 records in RAM.
INFO	2024-07-03 09:43:58	MarkDuplicates	Read   276,000,000 records.  Elapsed time: 00:21:17s.  Time for last 1,000,000:    3s.  Last read position: Chr0_RagTag:58,990,954
INFO	2024-07-03 09:43:58	MarkDuplicates	Tracking 1441269 as yet unmatched pairs. 1441269 records in RAM.
INFO	2024-07-03 09:44:01	MarkDuplicates	Read   277,000,000 records.  Elapsed time: 00:21:21s.  Time for last 1,000,000:    3s.  Last read position: Chr0_RagTag:62,858,951
INFO	2024-07-03 09:44:01	MarkDuplicates	Tracking 1390268 as yet unmatched pairs. 1390268 records in RAM.
INFO	2024-07-03 09:44:05	MarkDuplicates	Read   278,000,000 records.  Elapsed time: 00:21:24s.  Time for last 1,000,000:    3s.  Last read position: Chr0_RagTag:66,661,933
INFO	2024-07-03 09:44:05	MarkDuplicates	Tracking 1336490 as yet unmatched pairs. 1336490 records in RAM.
INFO	2024-07-03 09:44:08	MarkDuplicates	Read   279,000,000 records.  Elapsed time: 00:21:28s.  Time for last 1,000,000:    3s.  Last read position: Chr0_RagTag:70,643,157
INFO	2024-07-03 09:44:08	MarkDuplicates	Tracking 1274033 as yet unmatched pairs. 1274033 records in RAM.
INFO	2024-07-03 09:44:12	MarkDuplicates	Read   280,000,000 records.  Elapsed time: 00:21:31s.  Time for last 1,000,000:    3s.  Last read position: Chr0_RagTag:74,999,455
INFO	2024-07-03 09:44:12	MarkDuplicates	Tracking 1206455 as yet unmatched pairs. 1206455 records in RAM.
INFO	2024-07-03 09:44:15	MarkDuplicates	Read   281,000,000 records.  Elapsed time: 00:21:35s.  Time for last 1,000,000:    3s.  Last read position: Chr0_RagTag:79,944,429
INFO	2024-07-03 09:44:15	MarkDuplicates	Tracking 1131449 as yet unmatched pairs. 1131449 records in RAM.
INFO	2024-07-03 09:44:19	MarkDuplicates	Read   282,000,000 records.  Elapsed time: 00:21:38s.  Time for last 1,000,000:    3s.  Last read position: Chr0_RagTag:84,887,126
INFO	2024-07-03 09:44:19	MarkDuplicates	Tracking 1059115 as yet unmatched pairs. 1059115 records in RAM.
INFO	2024-07-03 09:44:22	MarkDuplicates	Read   283,000,000 records.  Elapsed time: 00:21:42s.  Time for last 1,000,000:    3s.  Last read position: Chr0_RagTag:89,177,208
INFO	2024-07-03 09:44:22	MarkDuplicates	Tracking 1000663 as yet unmatched pairs. 1000663 records in RAM.
INFO	2024-07-03 09:44:26	MarkDuplicates	Read   284,000,000 records.  Elapsed time: 00:21:45s.  Time for last 1,000,000:    3s.  Last read position: Chr0_RagTag:93,263,177
INFO	2024-07-03 09:44:26	MarkDuplicates	Tracking 909974 as yet unmatched pairs. 909974 records in RAM.
INFO	2024-07-03 09:44:30	MarkDuplicates	Read   285,000,000 records.  Elapsed time: 00:21:49s.  Time for last 1,000,000:    3s.  Last read position: Chr0_RagTag:98,543,105
INFO	2024-07-03 09:44:30	MarkDuplicates	Tracking 822196 as yet unmatched pairs. 822196 records in RAM.
INFO	2024-07-03 09:44:33	MarkDuplicates	Read   286,000,000 records.  Elapsed time: 00:21:53s.  Time for last 1,000,000:    3s.  Last read position: Chr0_RagTag:103,213,967
INFO	2024-07-03 09:44:33	MarkDuplicates	Tracking 723919 as yet unmatched pairs. 723919 records in RAM.
INFO	2024-07-03 09:44:37	MarkDuplicates	Read   287,000,000 records.  Elapsed time: 00:21:56s.  Time for last 1,000,000:    3s.  Last read position: Chr0_RagTag:108,298,704
INFO	2024-07-03 09:44:37	MarkDuplicates	Tracking 630285 as yet unmatched pairs. 630285 records in RAM.
INFO	2024-07-03 09:44:43	MarkDuplicates	Read   288,000,000 records.  Elapsed time: 00:22:03s.  Time for last 1,000,000:    6s.  Last read position: Chr0_RagTag:113,000,913
INFO	2024-07-03 09:44:43	MarkDuplicates	Tracking 540946 as yet unmatched pairs. 540946 records in RAM.
INFO	2024-07-03 09:44:47	MarkDuplicates	Read   289,000,000 records.  Elapsed time: 00:22:06s.  Time for last 1,000,000:    3s.  Last read position: Chr0_RagTag:117,435,604
INFO	2024-07-03 09:44:47	MarkDuplicates	Tracking 454671 as yet unmatched pairs. 454671 records in RAM.
INFO	2024-07-03 09:44:50	MarkDuplicates	Read   290,000,000 records.  Elapsed time: 00:22:10s.  Time for last 1,000,000:    3s.  Last read position: Chr0_RagTag:122,158,218
INFO	2024-07-03 09:44:50	MarkDuplicates	Tracking 354429 as yet unmatched pairs. 354429 records in RAM.
INFO	2024-07-03 09:44:54	MarkDuplicates	Read   291,000,000 records.  Elapsed time: 00:22:13s.  Time for last 1,000,000:    3s.  Last read position: Chr0_RagTag:126,048,277
INFO	2024-07-03 09:44:54	MarkDuplicates	Tracking 263015 as yet unmatched pairs. 263015 records in RAM.
INFO	2024-07-03 09:44:57	MarkDuplicates	Read   292,000,000 records.  Elapsed time: 00:22:17s.  Time for last 1,000,000:    3s.  Last read position: Chr0_RagTag:130,842,584
INFO	2024-07-03 09:44:57	MarkDuplicates	Tracking 136168 as yet unmatched pairs. 136168 records in RAM.
INFO	2024-07-03 09:45:01	MarkDuplicates	Read   293,000,000 records.  Elapsed time: 00:22:20s.  Time for last 1,000,000:    3s.  Last read position: Chr0_RagTag:135,077,901
INFO	2024-07-03 09:45:01	MarkDuplicates	Tracking 1141 as yet unmatched pairs. 1141 records in RAM.
INFO	2024-07-03 09:45:01	MarkDuplicates	Read 293004515 records. 0 pairs never matched.
INFO	2024-07-03 09:45:28	MarkDuplicates	After buildSortedReadEndLists freeMemory: 6229479776; totalMemory: 6487212032; maxMemory: 6487212032
INFO	2024-07-03 09:45:28	MarkDuplicates	Will retain up to 202725376 duplicate indices before spilling to disk.
INFO	2024-07-03 09:45:28	MarkDuplicates	Traversing read pair information and detecting duplicates.
INFO	2024-07-03 09:46:30	MarkDuplicates	Traversing fragment information and detecting duplicates.
INFO	2024-07-03 09:47:54	MarkDuplicates	Sorting list of duplicate records.
INFO	2024-07-03 09:47:56	MarkDuplicates	After generateDuplicateIndexes freeMemory: 4822998760; totalMemory: 6487212032; maxMemory: 6487212032
INFO	2024-07-03 09:47:56	MarkDuplicates	Marking 22392709 records as duplicates.
INFO	2024-07-03 09:47:56	MarkDuplicates	Found 551473 optical duplicate clusters.
INFO	2024-07-03 09:47:56	MarkDuplicates	Reads are assumed to be ordered by: coordinate
INFO	2024-07-03 09:50:07	MarkDuplicates	Written    10,000,000 records.  Elapsed time: 00:02:10s.  Time for last 10,000,000:  130s.  Last read position: NC_045541.1_RagTag:63,355,094
INFO	2024-07-03 09:52:16	MarkDuplicates	Written    20,000,000 records.  Elapsed time: 00:04:19s.  Time for last 10,000,000:  128s.  Last read position: NC_045541.1_RagTag:133,201,867
INFO	2024-07-03 09:54:26	MarkDuplicates	Written    30,000,000 records.  Elapsed time: 00:06:29s.  Time for last 10,000,000:  130s.  Last read position: NC_045542.1_RagTag:17,541,513
INFO	2024-07-03 09:56:34	MarkDuplicates	Written    40,000,000 records.  Elapsed time: 00:08:37s.  Time for last 10,000,000:  128s.  Last read position: NC_045542.1_RagTag:84,304,030
INFO	2024-07-03 09:58:44	MarkDuplicates	Written    50,000,000 records.  Elapsed time: 00:10:47s.  Time for last 10,000,000:  129s.  Last read position: NC_045542.1_RagTag:147,955,338
INFO	2024-07-03 10:00:54	MarkDuplicates	Written    60,000,000 records.  Elapsed time: 00:12:57s.  Time for last 10,000,000:  130s.  Last read position: NC_045543.1_RagTag:53,425,550
INFO	2024-07-03 10:03:05	MarkDuplicates	Written    70,000,000 records.  Elapsed time: 00:15:09s.  Time for last 10,000,000:  131s.  Last read position: NC_045544.1_RagTag:9,660,812
INFO	2024-07-03 10:05:14	MarkDuplicates	Written    80,000,000 records.  Elapsed time: 00:17:17s.  Time for last 10,000,000:  128s.  Last read position: NC_045544.1_RagTag:77,565,702
INFO	2024-07-03 10:07:23	MarkDuplicates	Written    90,000,000 records.  Elapsed time: 00:19:26s.  Time for last 10,000,000:  128s.  Last read position: NC_045544.1_RagTag:145,249,406
INFO	2024-07-03 10:09:33	MarkDuplicates	Written   100,000,000 records.  Elapsed time: 00:21:36s.  Time for last 10,000,000:  129s.  Last read position: NC_045545.1_RagTag:52,860,935
INFO	2024-07-03 10:11:45	MarkDuplicates	Written   110,000,000 records.  Elapsed time: 00:23:48s.  Time for last 10,000,000:  132s.  Last read position: NC_045546.1_RagTag:23,316,328
INFO	2024-07-03 10:13:56	MarkDuplicates	Written   120,000,000 records.  Elapsed time: 00:26:00s.  Time for last 10,000,000:  131s.  Last read position: NC_045546.1_RagTag:88,286,490
INFO	2024-07-03 10:16:07	MarkDuplicates	Written   130,000,000 records.  Elapsed time: 00:28:11s.  Time for last 10,000,000:  130s.  Last read position: NC_045547.1_RagTag:51,020,945
INFO	2024-07-03 10:18:20	MarkDuplicates	Written   140,000,000 records.  Elapsed time: 00:30:23s.  Time for last 10,000,000:  132s.  Last read position: NC_045548.1_RagTag:21,514,784
INFO	2024-07-03 10:20:32	MarkDuplicates	Written   150,000,000 records.  Elapsed time: 00:32:35s.  Time for last 10,000,000:  132s.  Last read position: NC_045549.1_RagTag:12,756,651
INFO	2024-07-03 10:22:43	MarkDuplicates	Written   160,000,000 records.  Elapsed time: 00:34:46s.  Time for last 10,000,000:  130s.  Last read position: NC_045549.1_RagTag:82,043,356
INFO	2024-07-03 10:24:57	MarkDuplicates	Written   170,000,000 records.  Elapsed time: 00:37:00s.  Time for last 10,000,000:  133s.  Last read position: NC_045550.1_RagTag:14,382,302
INFO	2024-07-03 10:27:07	MarkDuplicates	Written   180,000,000 records.  Elapsed time: 00:39:11s.  Time for last 10,000,000:  130s.  Last read position: NC_045551.1_RagTag:14,096,495
INFO	2024-07-03 10:29:20	MarkDuplicates	Written   190,000,000 records.  Elapsed time: 00:41:24s.  Time for last 10,000,000:  133s.  Last read position: NC_045552.1_RagTag:45,757,292
INFO	2024-07-03 10:31:36	MarkDuplicates	Written   200,000,000 records.  Elapsed time: 00:43:39s.  Time for last 10,000,000:  135s.  Last read position: NC_045553.1_RagTag:46,995,799
INFO	2024-07-03 10:33:50	MarkDuplicates	Written   210,000,000 records.  Elapsed time: 00:45:54s.  Time for last 10,000,000:  134s.  Last read position: NC_045555.1_RagTag:6,397,897
INFO	2024-07-03 10:36:04	MarkDuplicates	Written   220,000,000 records.  Elapsed time: 00:48:07s.  Time for last 10,000,000:  133s.  Last read position: NC_045556.1_RagTag:20,297,619
INFO	2024-07-03 10:38:21	MarkDuplicates	Written   230,000,000 records.  Elapsed time: 00:50:24s.  Time for last 10,000,000:  136s.  Last read position: NC_045558.1_RagTag:49,462,917
INFO	2024-07-03 10:40:38	MarkDuplicates	Written   240,000,000 records.  Elapsed time: 00:52:42s.  Time for last 10,000,000:  137s.  Last read position: NC_045558.1_RagTag:139,874,345
INFO	2024-07-03 10:42:55	MarkDuplicates	Written   250,000,000 records.  Elapsed time: 00:54:58s.  Time for last 10,000,000:  136s.  Last read position: Chr0_RagTag:36,410,857
INFO	2024-07-03 10:45:10	MarkDuplicates	Written   260,000,000 records.  Elapsed time: 00:57:13s.  Time for last 10,000,000:  135s.  Last read position: Chr0_RagTag:79,962,327
INFO	2024-07-03 10:47:34	MarkDuplicates	Written   270,000,000 records.  Elapsed time: 00:59:38s.  Time for last 10,000,000:  144s.  Last read position: Chr0_RagTag:131,999,378
INFO	2024-07-03 10:47:57	MarkDuplicates	Writing complete. Closing input iterator.
INFO	2024-07-03 10:47:57	MarkDuplicates	Duplicate Index cleanup.
INFO	2024-07-03 10:47:57	MarkDuplicates	Getting Memory Stats.
INFO	2024-07-03 10:47:57	MarkDuplicates	Before output close freeMemory: 6444750504; totalMemory: 6487212032; maxMemory: 6487212032
INFO	2024-07-03 10:47:57	MarkDuplicates	Closed outputs. Getting more Memory Stats.
INFO	2024-07-03 10:47:57	MarkDuplicates	After output close freeMemory: 5840659472; totalMemory: 5879103488; maxMemory: 6487212032
[Wed Jul 03 10:47:57 MDT 2024] picard.sam.markduplicates.MarkDuplicates done. Elapsed time: 85.29 minutes.
Runtime.totalMemory()=5879103488
