INFO	2024-07-03 09:22:39	MarkDuplicates	

********** NOTE: Picard's command line syntax is changing.
**********
********** For more information, please see:
********** https://github.com/broadinstitute/picard/wiki/Command-Line-Syntax-Transition-For-Users-(Pre-Transition)
**********
********** The command line looks like this in the new syntax:
**********
**********    MarkDuplicates -REMOVE_DUPLICATES true -ASSUME_SORTED true -VALIDATION_STRINGENCY SILENT -INPUT FHSM12472_sort.bam -OUTPUT /project/getpop/bwa_ratsnake/rmd/FHSM12472.rmd.bam -METRICS_FILE /project/getpop/bwa_ratsnake/rmd/FHSM12472.rmd.bam.metrics
**********


09:22:40.629 INFO  NativeLibraryLoader - Loading libgkl_compression.so from jar:file:/apps/u/spack/gcc/12.2.0/picard/2.26.2-xrdth7g/bin/picard.jar!/com/intel/gkl/native/libgkl_compression.so
[Wed Jul 03 09:22:40 MDT 2024] MarkDuplicates INPUT=[FHSM12472_sort.bam] OUTPUT=/project/getpop/bwa_ratsnake/rmd/FHSM12472.rmd.bam METRICS_FILE=/project/getpop/bwa_ratsnake/rmd/FHSM12472.rmd.bam.metrics REMOVE_DUPLICATES=true ASSUME_SORTED=true VALIDATION_STRINGENCY=SILENT    MAX_SEQUENCES_FOR_DISK_READ_ENDS_MAP=50000 MAX_FILE_HANDLES_FOR_READ_ENDS_MAP=8000 SORTING_COLLECTION_SIZE_RATIO=0.25 TAG_DUPLICATE_SET_MEMBERS=false REMOVE_SEQUENCING_DUPLICATES=false TAGGING_POLICY=DontTag CLEAR_DT=true DUPLEX_UMI=false ADD_PG_TAG_TO_READS=true DUPLICATE_SCORING_STRATEGY=SUM_OF_BASE_QUALITIES PROGRAM_RECORD_ID=MarkDuplicates PROGRAM_GROUP_NAME=MarkDuplicates READ_NAME_REGEX=<optimized capture of last three ':' separated fields as numeric values> OPTICAL_DUPLICATE_PIXEL_DISTANCE=100 MAX_OPTICAL_DUPLICATE_SET_SIZE=300000 VERBOSITY=INFO QUIET=false COMPRESSION_LEVEL=5 MAX_RECORDS_IN_RAM=500000 CREATE_INDEX=false CREATE_MD5_FILE=false GA4GH_CLIENT_SECRETS=client_secrets.json USE_JDK_DEFLATER=false USE_JDK_INFLATER=false
[Wed Jul 03 09:22:40 MDT 2024] Executing as sharrin2@t504 on Linux 4.18.0-513.11.1.el8_9.x86_64 amd64; OpenJDK 64-Bit Server VM 11.0.15+10; Deflater: Intel; Inflater: Intel; Provider GCS is not available; Picard version: 2.26.2
INFO	2024-07-03 09:22:40	MarkDuplicates	Start of doWork freeMemory: 397762600; totalMemory: 405536768; maxMemory: 6487212032
INFO	2024-07-03 09:22:40	MarkDuplicates	Reading input file and constructing read end information.
INFO	2024-07-03 09:22:40	MarkDuplicates	Will retain up to 23504391 data points before spilling to disk.
INFO	2024-07-03 09:22:46	MarkDuplicates	Read     1,000,000 records.  Elapsed time: 00:00:05s.  Time for last 1,000,000:    5s.  Last read position: NC_045541.1_RagTag:6,072,272
INFO	2024-07-03 09:22:46	MarkDuplicates	Tracking 60216 as yet unmatched pairs. 5371 records in RAM.
INFO	2024-07-03 09:22:50	MarkDuplicates	Read     2,000,000 records.  Elapsed time: 00:00:09s.  Time for last 1,000,000:    3s.  Last read position: NC_045541.1_RagTag:13,209,806
INFO	2024-07-03 09:22:50	MarkDuplicates	Tracking 103698 as yet unmatched pairs. 9135 records in RAM.
INFO	2024-07-03 09:22:53	MarkDuplicates	Read     3,000,000 records.  Elapsed time: 00:00:12s.  Time for last 1,000,000:    3s.  Last read position: NC_045541.1_RagTag:20,486,713
INFO	2024-07-03 09:22:53	MarkDuplicates	Tracking 147583 as yet unmatched pairs. 12765 records in RAM.
INFO	2024-07-03 09:22:56	MarkDuplicates	Read     4,000,000 records.  Elapsed time: 00:00:16s.  Time for last 1,000,000:    3s.  Last read position: NC_045541.1_RagTag:27,844,133
INFO	2024-07-03 09:22:56	MarkDuplicates	Tracking 190878 as yet unmatched pairs. 15860 records in RAM.
INFO	2024-07-03 09:23:00	MarkDuplicates	Read     5,000,000 records.  Elapsed time: 00:00:19s.  Time for last 1,000,000:    3s.  Last read position: NC_045541.1_RagTag:35,222,944
INFO	2024-07-03 09:23:00	MarkDuplicates	Tracking 234637 as yet unmatched pairs. 18816 records in RAM.
INFO	2024-07-03 09:23:03	MarkDuplicates	Read     6,000,000 records.  Elapsed time: 00:00:22s.  Time for last 1,000,000:    3s.  Last read position: NC_045541.1_RagTag:42,731,349
INFO	2024-07-03 09:23:03	MarkDuplicates	Tracking 277634 as yet unmatched pairs. 21214 records in RAM.
INFO	2024-07-03 09:23:07	MarkDuplicates	Read     7,000,000 records.  Elapsed time: 00:00:26s.  Time for last 1,000,000:    3s.  Last read position: NC_045541.1_RagTag:50,006,845
INFO	2024-07-03 09:23:07	MarkDuplicates	Tracking 321742 as yet unmatched pairs. 23571 records in RAM.
INFO	2024-07-03 09:23:10	MarkDuplicates	Read     8,000,000 records.  Elapsed time: 00:00:29s.  Time for last 1,000,000:    3s.  Last read position: NC_045541.1_RagTag:57,326,722
INFO	2024-07-03 09:23:10	MarkDuplicates	Tracking 362800 as yet unmatched pairs. 25157 records in RAM.
INFO	2024-07-03 09:23:14	MarkDuplicates	Read     9,000,000 records.  Elapsed time: 00:00:33s.  Time for last 1,000,000:    3s.  Last read position: NC_045541.1_RagTag:64,820,777
INFO	2024-07-03 09:23:14	MarkDuplicates	Tracking 404688 as yet unmatched pairs. 26556 records in RAM.
INFO	2024-07-03 09:23:17	MarkDuplicates	Read    10,000,000 records.  Elapsed time: 00:00:36s.  Time for last 1,000,000:    3s.  Last read position: NC_045541.1_RagTag:72,387,140
INFO	2024-07-03 09:23:17	MarkDuplicates	Tracking 446065 as yet unmatched pairs. 27302 records in RAM.
INFO	2024-07-03 09:23:20	MarkDuplicates	Read    11,000,000 records.  Elapsed time: 00:00:39s.  Time for last 1,000,000:    3s.  Last read position: NC_045541.1_RagTag:79,804,319
INFO	2024-07-03 09:23:20	MarkDuplicates	Tracking 486183 as yet unmatched pairs. 27893 records in RAM.
INFO	2024-07-03 09:23:24	MarkDuplicates	Read    12,000,000 records.  Elapsed time: 00:00:43s.  Time for last 1,000,000:    4s.  Last read position: NC_045541.1_RagTag:87,268,490
INFO	2024-07-03 09:23:24	MarkDuplicates	Tracking 526184 as yet unmatched pairs. 28178 records in RAM.
INFO	2024-07-03 09:23:28	MarkDuplicates	Read    13,000,000 records.  Elapsed time: 00:00:47s.  Time for last 1,000,000:    3s.  Last read position: NC_045541.1_RagTag:94,624,948
INFO	2024-07-03 09:23:28	MarkDuplicates	Tracking 564715 as yet unmatched pairs. 27992 records in RAM.
INFO	2024-07-03 09:23:31	MarkDuplicates	Read    14,000,000 records.  Elapsed time: 00:00:50s.  Time for last 1,000,000:    3s.  Last read position: NC_045541.1_RagTag:101,839,142
INFO	2024-07-03 09:23:31	MarkDuplicates	Tracking 602993 as yet unmatched pairs. 27509 records in RAM.
INFO	2024-07-03 09:23:34	MarkDuplicates	Read    15,000,000 records.  Elapsed time: 00:00:53s.  Time for last 1,000,000:    3s.  Last read position: NC_045541.1_RagTag:109,060,910
INFO	2024-07-03 09:23:34	MarkDuplicates	Tracking 641676 as yet unmatched pairs. 26531 records in RAM.
INFO	2024-07-03 09:23:38	MarkDuplicates	Read    16,000,000 records.  Elapsed time: 00:00:57s.  Time for last 1,000,000:    3s.  Last read position: NC_045541.1_RagTag:116,535,832
INFO	2024-07-03 09:23:38	MarkDuplicates	Tracking 677618 as yet unmatched pairs. 25389 records in RAM.
INFO	2024-07-03 09:23:41	MarkDuplicates	Read    17,000,000 records.  Elapsed time: 00:01:00s.  Time for last 1,000,000:    3s.  Last read position: NC_045541.1_RagTag:123,814,934
INFO	2024-07-03 09:23:41	MarkDuplicates	Tracking 714303 as yet unmatched pairs. 23847 records in RAM.
INFO	2024-07-03 09:23:44	MarkDuplicates	Read    18,000,000 records.  Elapsed time: 00:01:03s.  Time for last 1,000,000:    3s.  Last read position: NC_045541.1_RagTag:131,155,882
INFO	2024-07-03 09:23:44	MarkDuplicates	Tracking 750126 as yet unmatched pairs. 22009 records in RAM.
INFO	2024-07-03 09:23:47	MarkDuplicates	Read    19,000,000 records.  Elapsed time: 00:01:06s.  Time for last 1,000,000:    3s.  Last read position: NC_045541.1_RagTag:138,137,545
INFO	2024-07-03 09:23:47	MarkDuplicates	Tracking 786478 as yet unmatched pairs. 19876 records in RAM.
INFO	2024-07-03 09:23:51	MarkDuplicates	Read    20,000,000 records.  Elapsed time: 00:01:10s.  Time for last 1,000,000:    3s.  Last read position: NC_045541.1_RagTag:145,601,786
INFO	2024-07-03 09:23:51	MarkDuplicates	Tracking 822996 as yet unmatched pairs. 17492 records in RAM.
INFO	2024-07-03 09:23:54	MarkDuplicates	Read    21,000,000 records.  Elapsed time: 00:01:13s.  Time for last 1,000,000:    3s.  Last read position: NC_045541.1_RagTag:153,029,837
INFO	2024-07-03 09:23:54	MarkDuplicates	Tracking 861382 as yet unmatched pairs. 14461 records in RAM.
INFO	2024-07-03 09:23:59	MarkDuplicates	Read    22,000,000 records.  Elapsed time: 00:01:18s.  Time for last 1,000,000:    5s.  Last read position: NC_045541.1_RagTag:160,558,256
INFO	2024-07-03 09:23:59	MarkDuplicates	Tracking 905640 as yet unmatched pairs. 10776 records in RAM.
INFO	2024-07-03 09:24:02	MarkDuplicates	Read    23,000,000 records.  Elapsed time: 00:01:21s.  Time for last 1,000,000:    3s.  Last read position: NC_045541.1_RagTag:168,711,107
INFO	2024-07-03 09:24:02	MarkDuplicates	Tracking 956827 as yet unmatched pairs. 5757 records in RAM.
INFO	2024-07-03 09:24:06	MarkDuplicates	Read    24,000,000 records.  Elapsed time: 00:01:25s.  Time for last 1,000,000:    3s.  Last read position: NC_045541.1_RagTag:176,806,566
INFO	2024-07-03 09:24:06	MarkDuplicates	Tracking 1016672 as yet unmatched pairs. 30 records in RAM.
INFO	2024-07-03 09:24:11	MarkDuplicates	Read    25,000,000 records.  Elapsed time: 00:01:30s.  Time for last 1,000,000:    5s.  Last read position: NC_045542.1_RagTag:6,893,245
INFO	2024-07-03 09:24:11	MarkDuplicates	Tracking 1057086 as yet unmatched pairs. 101256 records in RAM.
INFO	2024-07-03 09:24:28	MarkDuplicates	Read    26,000,000 records.  Elapsed time: 00:01:47s.  Time for last 1,000,000:   16s.  Last read position: NC_045542.1_RagTag:14,558,316
INFO	2024-07-03 09:24:28	MarkDuplicates	Tracking 1091315 as yet unmatched pairs. 100524 records in RAM.
INFO	2024-07-03 09:24:31	MarkDuplicates	Read    27,000,000 records.  Elapsed time: 00:01:50s.  Time for last 1,000,000:    3s.  Last read position: NC_045542.1_RagTag:21,948,924
INFO	2024-07-03 09:24:31	MarkDuplicates	Tracking 1126998 as yet unmatched pairs. 99068 records in RAM.
INFO	2024-07-03 09:24:34	MarkDuplicates	Read    28,000,000 records.  Elapsed time: 00:01:53s.  Time for last 1,000,000:    3s.  Last read position: NC_045542.1_RagTag:29,499,106
INFO	2024-07-03 09:24:34	MarkDuplicates	Tracking 1162491 as yet unmatched pairs. 97252 records in RAM.
INFO	2024-07-03 09:24:37	MarkDuplicates	Read    29,000,000 records.  Elapsed time: 00:01:56s.  Time for last 1,000,000:    3s.  Last read position: NC_045542.1_RagTag:37,211,987
INFO	2024-07-03 09:24:37	MarkDuplicates	Tracking 1199787 as yet unmatched pairs. 94937 records in RAM.
INFO	2024-07-03 09:24:41	MarkDuplicates	Read    30,000,000 records.  Elapsed time: 00:02:00s.  Time for last 1,000,000:    3s.  Last read position: NC_045542.1_RagTag:44,700,419
INFO	2024-07-03 09:24:41	MarkDuplicates	Tracking 1234895 as yet unmatched pairs. 92114 records in RAM.
INFO	2024-07-03 09:24:44	MarkDuplicates	Read    31,000,000 records.  Elapsed time: 00:02:03s.  Time for last 1,000,000:    3s.  Last read position: NC_045542.1_RagTag:52,042,197
INFO	2024-07-03 09:24:44	MarkDuplicates	Tracking 1266107 as yet unmatched pairs. 89480 records in RAM.
INFO	2024-07-03 09:24:47	MarkDuplicates	Read    32,000,000 records.  Elapsed time: 00:02:06s.  Time for last 1,000,000:    3s.  Last read position: NC_045542.1_RagTag:59,321,457
INFO	2024-07-03 09:24:47	MarkDuplicates	Tracking 1297692 as yet unmatched pairs. 86151 records in RAM.
INFO	2024-07-03 09:24:50	MarkDuplicates	Read    33,000,000 records.  Elapsed time: 00:02:09s.  Time for last 1,000,000:    3s.  Last read position: NC_045542.1_RagTag:66,800,348
INFO	2024-07-03 09:24:50	MarkDuplicates	Tracking 1328942 as yet unmatched pairs. 82928 records in RAM.
INFO	2024-07-03 09:24:54	MarkDuplicates	Read    34,000,000 records.  Elapsed time: 00:02:13s.  Time for last 1,000,000:    3s.  Last read position: NC_045542.1_RagTag:74,244,121
INFO	2024-07-03 09:24:54	MarkDuplicates	Tracking 1358266 as yet unmatched pairs. 79240 records in RAM.
INFO	2024-07-03 09:24:57	MarkDuplicates	Read    35,000,000 records.  Elapsed time: 00:02:16s.  Time for last 1,000,000:    3s.  Last read position: NC_045542.1_RagTag:81,638,994
INFO	2024-07-03 09:24:57	MarkDuplicates	Tracking 1388498 as yet unmatched pairs. 75173 records in RAM.
INFO	2024-07-03 09:25:00	MarkDuplicates	Read    36,000,000 records.  Elapsed time: 00:02:19s.  Time for last 1,000,000:    3s.  Last read position: NC_045542.1_RagTag:89,052,015
INFO	2024-07-03 09:25:00	MarkDuplicates	Tracking 1418415 as yet unmatched pairs. 70590 records in RAM.
INFO	2024-07-03 09:25:04	MarkDuplicates	Read    37,000,000 records.  Elapsed time: 00:02:23s.  Time for last 1,000,000:    3s.  Last read position: NC_045542.1_RagTag:96,523,790
INFO	2024-07-03 09:25:04	MarkDuplicates	Tracking 1448229 as yet unmatched pairs. 65526 records in RAM.
INFO	2024-07-03 09:25:08	MarkDuplicates	Read    38,000,000 records.  Elapsed time: 00:02:28s.  Time for last 1,000,000:    4s.  Last read position: NC_045542.1_RagTag:103,795,287
INFO	2024-07-03 09:25:08	MarkDuplicates	Tracking 1476366 as yet unmatched pairs. 60490 records in RAM.
INFO	2024-07-03 09:25:12	MarkDuplicates	Read    39,000,000 records.  Elapsed time: 00:02:31s.  Time for last 1,000,000:    3s.  Last read position: NC_045542.1_RagTag:111,071,466
INFO	2024-07-03 09:25:12	MarkDuplicates	Tracking 1506009 as yet unmatched pairs. 54884 records in RAM.
INFO	2024-07-03 09:25:15	MarkDuplicates	Read    40,000,000 records.  Elapsed time: 00:02:34s.  Time for last 1,000,000:    3s.  Last read position: NC_045542.1_RagTag:118,448,467
INFO	2024-07-03 09:25:15	MarkDuplicates	Tracking 1536425 as yet unmatched pairs. 48793 records in RAM.
INFO	2024-07-03 09:25:18	MarkDuplicates	Read    41,000,000 records.  Elapsed time: 00:02:37s.  Time for last 1,000,000:    3s.  Last read position: NC_045542.1_RagTag:125,739,869
INFO	2024-07-03 09:25:18	MarkDuplicates	Tracking 1569120 as yet unmatched pairs. 41468 records in RAM.
INFO	2024-07-03 09:25:21	MarkDuplicates	Read    42,000,000 records.  Elapsed time: 00:02:40s.  Time for last 1,000,000:    3s.  Last read position: NC_045542.1_RagTag:132,962,390
INFO	2024-07-03 09:25:21	MarkDuplicates	Tracking 1601979 as yet unmatched pairs. 33924 records in RAM.
INFO	2024-07-03 09:25:25	MarkDuplicates	Read    43,000,000 records.  Elapsed time: 00:02:44s.  Time for last 1,000,000:    3s.  Last read position: NC_045542.1_RagTag:140,312,003
INFO	2024-07-03 09:25:25	MarkDuplicates	Tracking 1638464 as yet unmatched pairs. 25256 records in RAM.
INFO	2024-07-03 09:25:28	MarkDuplicates	Read    44,000,000 records.  Elapsed time: 00:02:47s.  Time for last 1,000,000:    3s.  Last read position: NC_045542.1_RagTag:147,328,605
INFO	2024-07-03 09:25:28	MarkDuplicates	Tracking 1680974 as yet unmatched pairs. 15816 records in RAM.
INFO	2024-07-03 09:25:31	MarkDuplicates	Read    45,000,000 records.  Elapsed time: 00:02:50s.  Time for last 1,000,000:    3s.  Last read position: NC_045542.1_RagTag:155,286,338
INFO	2024-07-03 09:25:31	MarkDuplicates	Tracking 1723750 as yet unmatched pairs. 6155 records in RAM.
INFO	2024-07-03 09:25:37	MarkDuplicates	Read    46,000,000 records.  Elapsed time: 00:02:56s.  Time for last 1,000,000:    5s.  Last read position: NC_045543.1_RagTag:3,369,566
INFO	2024-07-03 09:25:37	MarkDuplicates	Tracking 1766422 as yet unmatched pairs. 131522 records in RAM.
INFO	2024-07-03 09:25:40	MarkDuplicates	Read    47,000,000 records.  Elapsed time: 00:02:59s.  Time for last 1,000,000:    3s.  Last read position: NC_045543.1_RagTag:10,546,606
INFO	2024-07-03 09:25:40	MarkDuplicates	Tracking 1794387 as yet unmatched pairs. 125511 records in RAM.
INFO	2024-07-03 09:25:43	MarkDuplicates	Read    48,000,000 records.  Elapsed time: 00:03:02s.  Time for last 1,000,000:    3s.  Last read position: NC_045543.1_RagTag:17,965,879
INFO	2024-07-03 09:25:43	MarkDuplicates	Tracking 1821273 as yet unmatched pairs. 119154 records in RAM.
INFO	2024-07-03 09:25:46	MarkDuplicates	Read    49,000,000 records.  Elapsed time: 00:03:05s.  Time for last 1,000,000:    3s.  Last read position: NC_045543.1_RagTag:25,450,094
INFO	2024-07-03 09:25:46	MarkDuplicates	Tracking 1850060 as yet unmatched pairs. 111850 records in RAM.
INFO	2024-07-03 09:25:50	MarkDuplicates	Read    50,000,000 records.  Elapsed time: 00:03:09s.  Time for last 1,000,000:    3s.  Last read position: NC_045543.1_RagTag:32,727,893
INFO	2024-07-03 09:25:50	MarkDuplicates	Tracking 1876557 as yet unmatched pairs. 104363 records in RAM.
INFO	2024-07-03 09:26:05	MarkDuplicates	Read    51,000,000 records.  Elapsed time: 00:03:24s.  Time for last 1,000,000:   15s.  Last read position: NC_045543.1_RagTag:40,273,081
INFO	2024-07-03 09:26:05	MarkDuplicates	Tracking 1901832 as yet unmatched pairs. 96902 records in RAM.
INFO	2024-07-03 09:26:08	MarkDuplicates	Read    52,000,000 records.  Elapsed time: 00:03:27s.  Time for last 1,000,000:    3s.  Last read position: NC_045543.1_RagTag:47,612,745
INFO	2024-07-03 09:26:08	MarkDuplicates	Tracking 1926771 as yet unmatched pairs. 89262 records in RAM.
INFO	2024-07-03 09:26:26	MarkDuplicates	Read    53,000,000 records.  Elapsed time: 00:03:45s.  Time for last 1,000,000:   18s.  Last read position: NC_045543.1_RagTag:55,066,187
INFO	2024-07-03 09:26:26	MarkDuplicates	Tracking 1950110 as yet unmatched pairs. 81372 records in RAM.
INFO	2024-07-03 09:26:30	MarkDuplicates	Read    54,000,000 records.  Elapsed time: 00:03:49s.  Time for last 1,000,000:    3s.  Last read position: NC_045543.1_RagTag:62,490,628
INFO	2024-07-03 09:26:30	MarkDuplicates	Tracking 1972595 as yet unmatched pairs. 73683 records in RAM.
INFO	2024-07-03 09:26:33	MarkDuplicates	Read    55,000,000 records.  Elapsed time: 00:03:52s.  Time for last 1,000,000:    3s.  Last read position: NC_045543.1_RagTag:69,953,027
INFO	2024-07-03 09:26:33	MarkDuplicates	Tracking 1994649 as yet unmatched pairs. 65566 records in RAM.
INFO	2024-07-03 09:26:37	MarkDuplicates	Read    56,000,000 records.  Elapsed time: 00:03:56s.  Time for last 1,000,000:    4s.  Last read position: NC_045543.1_RagTag:77,276,681
INFO	2024-07-03 09:26:37	MarkDuplicates	Tracking 2016553 as yet unmatched pairs. 56876 records in RAM.
INFO	2024-07-03 09:26:40	MarkDuplicates	Read    57,000,000 records.  Elapsed time: 00:03:59s.  Time for last 1,000,000:    3s.  Last read position: NC_045543.1_RagTag:85,067,001
INFO	2024-07-03 09:26:40	MarkDuplicates	Tracking 2042144 as yet unmatched pairs. 46721 records in RAM.
INFO	2024-07-03 09:26:43	MarkDuplicates	Read    58,000,000 records.  Elapsed time: 00:04:02s.  Time for last 1,000,000:    3s.  Last read position: NC_045543.1_RagTag:92,521,199
INFO	2024-07-03 09:26:43	MarkDuplicates	Tracking 2070235 as yet unmatched pairs. 35108 records in RAM.
INFO	2024-07-03 09:26:46	MarkDuplicates	Read    59,000,000 records.  Elapsed time: 00:04:05s.  Time for last 1,000,000:    3s.  Last read position: NC_045543.1_RagTag:99,871,519
INFO	2024-07-03 09:26:46	MarkDuplicates	Tracking 2109253 as yet unmatched pairs. 20697 records in RAM.
INFO	2024-07-03 09:26:50	MarkDuplicates	Read    60,000,000 records.  Elapsed time: 00:04:09s.  Time for last 1,000,000:    3s.  Last read position: NC_045543.1_RagTag:107,790,498
INFO	2024-07-03 09:26:50	MarkDuplicates	Tracking 2157445 as yet unmatched pairs. 2688 records in RAM.
INFO	2024-07-03 09:26:57	MarkDuplicates	Read    61,000,000 records.  Elapsed time: 00:04:16s.  Time for last 1,000,000:    7s.  Last read position: NC_045544.1_RagTag:6,203,658
INFO	2024-07-03 09:26:57	MarkDuplicates	Tracking 2183711 as yet unmatched pairs. 244187 records in RAM.
INFO	2024-07-03 09:27:00	MarkDuplicates	Read    62,000,000 records.  Elapsed time: 00:04:19s.  Time for last 1,000,000:    3s.  Last read position: NC_045544.1_RagTag:13,437,333
INFO	2024-07-03 09:27:00	MarkDuplicates	Tracking 2206229 as yet unmatched pairs. 236226 records in RAM.
INFO	2024-07-03 09:27:03	MarkDuplicates	Read    63,000,000 records.  Elapsed time: 00:04:22s.  Time for last 1,000,000:    3s.  Last read position: NC_045544.1_RagTag:20,887,759
INFO	2024-07-03 09:27:03	MarkDuplicates	Tracking 2228702 as yet unmatched pairs. 227884 records in RAM.
INFO	2024-07-03 09:27:07	MarkDuplicates	Read    64,000,000 records.  Elapsed time: 00:04:26s.  Time for last 1,000,000:    3s.  Last read position: NC_045544.1_RagTag:28,217,499
INFO	2024-07-03 09:27:07	MarkDuplicates	Tracking 2251129 as yet unmatched pairs. 218839 records in RAM.
INFO	2024-07-03 09:27:10	MarkDuplicates	Read    65,000,000 records.  Elapsed time: 00:04:29s.  Time for last 1,000,000:    3s.  Last read position: NC_045544.1_RagTag:35,385,600
INFO	2024-07-03 09:27:10	MarkDuplicates	Tracking 2272729 as yet unmatched pairs. 209640 records in RAM.
INFO	2024-07-03 09:27:13	MarkDuplicates	Read    66,000,000 records.  Elapsed time: 00:04:32s.  Time for last 1,000,000:    3s.  Last read position: NC_045544.1_RagTag:42,752,655
INFO	2024-07-03 09:27:13	MarkDuplicates	Tracking 2294099 as yet unmatched pairs. 199981 records in RAM.
INFO	2024-07-03 09:27:16	MarkDuplicates	Read    67,000,000 records.  Elapsed time: 00:04:36s.  Time for last 1,000,000:    3s.  Last read position: NC_045544.1_RagTag:50,079,298
INFO	2024-07-03 09:27:16	MarkDuplicates	Tracking 2315061 as yet unmatched pairs. 189844 records in RAM.
INFO	2024-07-03 09:27:20	MarkDuplicates	Read    68,000,000 records.  Elapsed time: 00:04:39s.  Time for last 1,000,000:    3s.  Last read position: NC_045544.1_RagTag:57,469,142
INFO	2024-07-03 09:27:20	MarkDuplicates	Tracking 2333882 as yet unmatched pairs. 180152 records in RAM.
INFO	2024-07-03 09:27:23	MarkDuplicates	Read    69,000,000 records.  Elapsed time: 00:04:42s.  Time for last 1,000,000:    3s.  Last read position: NC_045544.1_RagTag:64,956,647
INFO	2024-07-03 09:27:23	MarkDuplicates	Tracking 2353323 as yet unmatched pairs. 169845 records in RAM.
INFO	2024-07-03 09:27:26	MarkDuplicates	Read    70,000,000 records.  Elapsed time: 00:04:45s.  Time for last 1,000,000:    3s.  Last read position: NC_045544.1_RagTag:72,292,843
INFO	2024-07-03 09:27:26	MarkDuplicates	Tracking 2371625 as yet unmatched pairs. 159324 records in RAM.
INFO	2024-07-03 09:27:29	MarkDuplicates	Read    71,000,000 records.  Elapsed time: 00:04:48s.  Time for last 1,000,000:    3s.  Last read position: NC_045544.1_RagTag:79,542,794
INFO	2024-07-03 09:27:29	MarkDuplicates	Tracking 2389534 as yet unmatched pairs. 148844 records in RAM.
INFO	2024-07-03 09:27:33	MarkDuplicates	Read    72,000,000 records.  Elapsed time: 00:04:52s.  Time for last 1,000,000:    3s.  Last read position: NC_045544.1_RagTag:86,930,200
INFO	2024-07-03 09:27:33	MarkDuplicates	Tracking 2407661 as yet unmatched pairs. 137732 records in RAM.
INFO	2024-07-03 09:27:36	MarkDuplicates	Read    73,000,000 records.  Elapsed time: 00:04:55s.  Time for last 1,000,000:    3s.  Last read position: NC_045544.1_RagTag:94,289,891
INFO	2024-07-03 09:27:36	MarkDuplicates	Tracking 2424349 as yet unmatched pairs. 126355 records in RAM.
INFO	2024-07-03 09:27:39	MarkDuplicates	Read    74,000,000 records.  Elapsed time: 00:04:58s.  Time for last 1,000,000:    3s.  Last read position: NC_045544.1_RagTag:101,477,411
INFO	2024-07-03 09:27:39	MarkDuplicates	Tracking 2441060 as yet unmatched pairs. 114854 records in RAM.
INFO	2024-07-03 09:27:42	MarkDuplicates	Read    75,000,000 records.  Elapsed time: 00:05:01s.  Time for last 1,000,000:    3s.  Last read position: NC_045544.1_RagTag:108,888,820
INFO	2024-07-03 09:27:42	MarkDuplicates	Tracking 2456554 as yet unmatched pairs. 103781 records in RAM.
INFO	2024-07-03 09:27:45	MarkDuplicates	Read    76,000,000 records.  Elapsed time: 00:05:04s.  Time for last 1,000,000:    3s.  Last read position: NC_045544.1_RagTag:116,160,252
INFO	2024-07-03 09:27:45	MarkDuplicates	Tracking 2472848 as yet unmatched pairs. 91956 records in RAM.
INFO	2024-07-03 09:28:01	MarkDuplicates	Read    77,000,000 records.  Elapsed time: 00:05:20s.  Time for last 1,000,000:   15s.  Last read position: NC_045544.1_RagTag:123,635,025
INFO	2024-07-03 09:28:01	MarkDuplicates	Tracking 2488355 as yet unmatched pairs. 79853 records in RAM.
INFO	2024-07-03 09:28:04	MarkDuplicates	Read    78,000,000 records.  Elapsed time: 00:05:23s.  Time for last 1,000,000:    3s.  Last read position: NC_045544.1_RagTag:131,101,116
INFO	2024-07-03 09:28:04	MarkDuplicates	Tracking 2507658 as yet unmatched pairs. 64659 records in RAM.
INFO	2024-07-03 09:28:07	MarkDuplicates	Read    79,000,000 records.  Elapsed time: 00:05:26s.  Time for last 1,000,000:    3s.  Last read position: NC_045544.1_RagTag:138,701,090
INFO	2024-07-03 09:28:07	MarkDuplicates	Tracking 2523631 as yet unmatched pairs. 50566 records in RAM.
INFO	2024-07-03 09:28:10	MarkDuplicates	Read    80,000,000 records.  Elapsed time: 00:05:29s.  Time for last 1,000,000:    3s.  Last read position: NC_045544.1_RagTag:146,310,549
INFO	2024-07-03 09:28:10	MarkDuplicates	Tracking 2542521 as yet unmatched pairs. 33300 records in RAM.
INFO	2024-07-03 09:28:14	MarkDuplicates	Read    81,000,000 records.  Elapsed time: 00:05:33s.  Time for last 1,000,000:    3s.  Last read position: NC_045544.1_RagTag:154,425,782
INFO	2024-07-03 09:28:14	MarkDuplicates	Tracking 2567648 as yet unmatched pairs. 12799 records in RAM.
INFO	2024-07-03 09:28:20	MarkDuplicates	Read    82,000,000 records.  Elapsed time: 00:05:39s.  Time for last 1,000,000:    6s.  Last read position: NC_045545.1_RagTag:3,132,220
INFO	2024-07-03 09:28:20	MarkDuplicates	Tracking 2594147 as yet unmatched pairs. 187833 records in RAM.
INFO	2024-07-03 09:28:23	MarkDuplicates	Read    83,000,000 records.  Elapsed time: 00:05:42s.  Time for last 1,000,000:    3s.  Last read position: NC_045545.1_RagTag:10,528,482
INFO	2024-07-03 09:28:23	MarkDuplicates	Tracking 2608154 as yet unmatched pairs. 174237 records in RAM.
INFO	2024-07-03 09:28:26	MarkDuplicates	Read    84,000,000 records.  Elapsed time: 00:05:45s.  Time for last 1,000,000:    3s.  Last read position: NC_045545.1_RagTag:17,876,942
INFO	2024-07-03 09:28:26	MarkDuplicates	Tracking 2621653 as yet unmatched pairs. 161092 records in RAM.
INFO	2024-07-03 09:28:30	MarkDuplicates	Read    85,000,000 records.  Elapsed time: 00:05:49s.  Time for last 1,000,000:    3s.  Last read position: NC_045545.1_RagTag:25,243,019
INFO	2024-07-03 09:28:30	MarkDuplicates	Tracking 2634511 as yet unmatched pairs. 147527 records in RAM.
INFO	2024-07-03 09:28:33	MarkDuplicates	Read    86,000,000 records.  Elapsed time: 00:05:52s.  Time for last 1,000,000:    3s.  Last read position: NC_045545.1_RagTag:32,566,358
INFO	2024-07-03 09:28:33	MarkDuplicates	Tracking 2646507 as yet unmatched pairs. 134524 records in RAM.
INFO	2024-07-03 09:28:36	MarkDuplicates	Read    87,000,000 records.  Elapsed time: 00:05:55s.  Time for last 1,000,000:    3s.  Last read position: NC_045545.1_RagTag:40,114,050
INFO	2024-07-03 09:28:36	MarkDuplicates	Tracking 2657908 as yet unmatched pairs. 120960 records in RAM.
INFO	2024-07-03 09:28:41	MarkDuplicates	Read    88,000,000 records.  Elapsed time: 00:06:00s.  Time for last 1,000,000:    4s.  Last read position: NC_045545.1_RagTag:47,418,454
INFO	2024-07-03 09:28:41	MarkDuplicates	Tracking 2668591 as yet unmatched pairs. 107388 records in RAM.
INFO	2024-07-03 09:28:44	MarkDuplicates	Read    89,000,000 records.  Elapsed time: 00:06:03s.  Time for last 1,000,000:    3s.  Last read position: NC_045545.1_RagTag:54,871,463
INFO	2024-07-03 09:28:44	MarkDuplicates	Tracking 2679723 as yet unmatched pairs. 93836 records in RAM.
INFO	2024-07-03 09:28:47	MarkDuplicates	Read    90,000,000 records.  Elapsed time: 00:06:06s.  Time for last 1,000,000:    3s.  Last read position: NC_045545.1_RagTag:62,237,974
INFO	2024-07-03 09:28:47	MarkDuplicates	Tracking 2689621 as yet unmatched pairs. 79796 records in RAM.
INFO	2024-07-03 09:28:50	MarkDuplicates	Read    91,000,000 records.  Elapsed time: 00:06:09s.  Time for last 1,000,000:    3s.  Last read position: NC_045545.1_RagTag:69,511,681
INFO	2024-07-03 09:28:50	MarkDuplicates	Tracking 2700532 as yet unmatched pairs. 64443 records in RAM.
INFO	2024-07-03 09:28:54	MarkDuplicates	Read    92,000,000 records.  Elapsed time: 00:06:13s.  Time for last 1,000,000:    3s.  Last read position: NC_045545.1_RagTag:76,844,100
INFO	2024-07-03 09:28:54	MarkDuplicates	Tracking 2713548 as yet unmatched pairs. 46116 records in RAM.
INFO	2024-07-03 09:28:57	MarkDuplicates	Read    93,000,000 records.  Elapsed time: 00:06:16s.  Time for last 1,000,000:    3s.  Last read position: NC_045545.1_RagTag:84,425,225
INFO	2024-07-03 09:28:57	MarkDuplicates	Tracking 2731237 as yet unmatched pairs. 23805 records in RAM.
INFO	2024-07-03 09:29:04	MarkDuplicates	Read    94,000,000 records.  Elapsed time: 00:06:23s.  Time for last 1,000,000:    7s.  Last read position: NC_045546.1_RagTag:595,617
INFO	2024-07-03 09:29:04	MarkDuplicates	Tracking 2754591 as yet unmatched pairs. 264483 records in RAM.
INFO	2024-07-03 09:29:08	MarkDuplicates	Read    95,000,000 records.  Elapsed time: 00:06:27s.  Time for last 1,000,000:    3s.  Last read position: NC_045546.1_RagTag:9,349,075
INFO	2024-07-03 09:29:08	MarkDuplicates	Tracking 2777807 as yet unmatched pairs. 241815 records in RAM.
INFO	2024-07-03 09:29:11	MarkDuplicates	Read    96,000,000 records.  Elapsed time: 00:06:30s.  Time for last 1,000,000:    3s.  Last read position: NC_045546.1_RagTag:17,111,196
INFO	2024-07-03 09:29:11	MarkDuplicates	Tracking 2792815 as yet unmatched pairs. 221486 records in RAM.
INFO	2024-07-03 09:29:14	MarkDuplicates	Read    97,000,000 records.  Elapsed time: 00:06:33s.  Time for last 1,000,000:    3s.  Last read position: NC_045546.1_RagTag:24,628,328
INFO	2024-07-03 09:29:14	MarkDuplicates	Tracking 2802371 as yet unmatched pairs. 204693 records in RAM.
INFO	2024-07-03 09:29:18	MarkDuplicates	Read    98,000,000 records.  Elapsed time: 00:06:37s.  Time for last 1,000,000:    3s.  Last read position: NC_045546.1_RagTag:32,024,530
INFO	2024-07-03 09:29:18	MarkDuplicates	Tracking 2809430 as yet unmatched pairs. 189430 records in RAM.
INFO	2024-07-03 09:29:21	MarkDuplicates	Read    99,000,000 records.  Elapsed time: 00:06:40s.  Time for last 1,000,000:    3s.  Last read position: NC_045546.1_RagTag:39,457,713
INFO	2024-07-03 09:29:21	MarkDuplicates	Tracking 2817150 as yet unmatched pairs. 174359 records in RAM.
INFO	2024-07-03 09:29:24	MarkDuplicates	Read   100,000,000 records.  Elapsed time: 00:06:43s.  Time for last 1,000,000:    3s.  Last read position: NC_045546.1_RagTag:46,926,665
INFO	2024-07-03 09:29:24	MarkDuplicates	Tracking 2825841 as yet unmatched pairs. 158486 records in RAM.
INFO	2024-07-03 09:29:27	MarkDuplicates	Read   101,000,000 records.  Elapsed time: 00:06:46s.  Time for last 1,000,000:    3s.  Last read position: NC_045546.1_RagTag:54,258,906
INFO	2024-07-03 09:29:27	MarkDuplicates	Tracking 2833697 as yet unmatched pairs. 142395 records in RAM.
INFO	2024-07-03 09:29:43	MarkDuplicates	Read   102,000,000 records.  Elapsed time: 00:07:02s.  Time for last 1,000,000:   15s.  Last read position: NC_045546.1_RagTag:61,535,601
INFO	2024-07-03 09:29:43	MarkDuplicates	Tracking 2845519 as yet unmatched pairs. 124003 records in RAM.
INFO	2024-07-03 09:29:46	MarkDuplicates	Read   103,000,000 records.  Elapsed time: 00:07:05s.  Time for last 1,000,000:    3s.  Last read position: NC_045546.1_RagTag:68,911,002
INFO	2024-07-03 09:29:46	MarkDuplicates	Tracking 2862621 as yet unmatched pairs. 102017 records in RAM.
INFO	2024-07-03 09:29:49	MarkDuplicates	Read   104,000,000 records.  Elapsed time: 00:07:08s.  Time for last 1,000,000:    3s.  Last read position: NC_045546.1_RagTag:75,687,390
INFO	2024-07-03 09:29:49	MarkDuplicates	Tracking 2883324 as yet unmatched pairs. 78125 records in RAM.
INFO	2024-07-03 09:30:08	MarkDuplicates	Read   105,000,000 records.  Elapsed time: 00:07:27s.  Time for last 1,000,000:   18s.  Last read position: NC_045546.1_RagTag:82,817,016
INFO	2024-07-03 09:30:08	MarkDuplicates	Tracking 2892732 as yet unmatched pairs. 56850 records in RAM.
INFO	2024-07-03 09:30:12	MarkDuplicates	Read   106,000,000 records.  Elapsed time: 00:07:31s.  Time for last 1,000,000:    3s.  Last read position: NC_045546.1_RagTag:89,998,613
INFO	2024-07-03 09:30:12	MarkDuplicates	Tracking 2899506 as yet unmatched pairs. 37368 records in RAM.
INFO	2024-07-03 09:30:15	MarkDuplicates	Read   107,000,000 records.  Elapsed time: 00:07:34s.  Time for last 1,000,000:    3s.  Last read position: NC_045546.1_RagTag:97,343,212
INFO	2024-07-03 09:30:15	MarkDuplicates	Tracking 2904123 as yet unmatched pairs. 17986 records in RAM.
INFO	2024-07-03 09:30:23	MarkDuplicates	Read   108,000,000 records.  Elapsed time: 00:07:42s.  Time for last 1,000,000:    7s.  Last read position: NC_045547.1_RagTag:1,406,852
INFO	2024-07-03 09:30:23	MarkDuplicates	Tracking 2910387 as yet unmatched pairs. 289208 records in RAM.
INFO	2024-07-03 09:30:26	MarkDuplicates	Read   109,000,000 records.  Elapsed time: 00:07:45s.  Time for last 1,000,000:    3s.  Last read position: NC_045547.1_RagTag:9,982,469
INFO	2024-07-03 09:30:26	MarkDuplicates	Tracking 2925015 as yet unmatched pairs. 263060 records in RAM.
INFO	2024-07-03 09:30:30	MarkDuplicates	Read   110,000,000 records.  Elapsed time: 00:07:49s.  Time for last 1,000,000:    3s.  Last read position: NC_045547.1_RagTag:17,601,513
INFO	2024-07-03 09:30:30	MarkDuplicates	Tracking 2930480 as yet unmatched pairs. 240218 records in RAM.
INFO	2024-07-03 09:30:33	MarkDuplicates	Read   111,000,000 records.  Elapsed time: 00:07:52s.  Time for last 1,000,000:    3s.  Last read position: NC_045547.1_RagTag:25,012,302
INFO	2024-07-03 09:30:33	MarkDuplicates	Tracking 2934638 as yet unmatched pairs. 220189 records in RAM.
INFO	2024-07-03 09:30:36	MarkDuplicates	Read   112,000,000 records.  Elapsed time: 00:07:55s.  Time for last 1,000,000:    3s.  Last read position: NC_045547.1_RagTag:32,261,131
INFO	2024-07-03 09:30:36	MarkDuplicates	Tracking 2937327 as yet unmatched pairs. 201918 records in RAM.
INFO	2024-07-03 09:30:39	MarkDuplicates	Read   113,000,000 records.  Elapsed time: 00:07:59s.  Time for last 1,000,000:    3s.  Last read position: NC_045547.1_RagTag:39,494,515
INFO	2024-07-03 09:30:39	MarkDuplicates	Tracking 2940125 as yet unmatched pairs. 183349 records in RAM.
INFO	2024-07-03 09:30:43	MarkDuplicates	Read   114,000,000 records.  Elapsed time: 00:08:02s.  Time for last 1,000,000:    3s.  Last read position: NC_045547.1_RagTag:46,854,585
INFO	2024-07-03 09:30:43	MarkDuplicates	Tracking 2943007 as yet unmatched pairs. 163889 records in RAM.
INFO	2024-07-03 09:30:46	MarkDuplicates	Read   115,000,000 records.  Elapsed time: 00:08:05s.  Time for last 1,000,000:    3s.  Last read position: NC_045547.1_RagTag:54,149,083
INFO	2024-07-03 09:30:46	MarkDuplicates	Tracking 2949268 as yet unmatched pairs. 139992 records in RAM.
INFO	2024-07-03 09:30:50	MarkDuplicates	Read   116,000,000 records.  Elapsed time: 00:08:09s.  Time for last 1,000,000:    3s.  Last read position: NC_045547.1_RagTag:61,279,175
INFO	2024-07-03 09:30:50	MarkDuplicates	Tracking 2957123 as yet unmatched pairs. 111392 records in RAM.
INFO	2024-07-03 09:30:53	MarkDuplicates	Read   117,000,000 records.  Elapsed time: 00:08:12s.  Time for last 1,000,000:    3s.  Last read position: NC_045547.1_RagTag:68,146,193
INFO	2024-07-03 09:30:53	MarkDuplicates	Tracking 2961245 as yet unmatched pairs. 85246 records in RAM.
INFO	2024-07-03 09:30:56	MarkDuplicates	Read   118,000,000 records.  Elapsed time: 00:08:15s.  Time for last 1,000,000:    3s.  Last read position: NC_045547.1_RagTag:75,532,161
INFO	2024-07-03 09:30:56	MarkDuplicates	Tracking 2963241 as yet unmatched pairs. 61916 records in RAM.
INFO	2024-07-03 09:30:59	MarkDuplicates	Read   119,000,000 records.  Elapsed time: 00:08:18s.  Time for last 1,000,000:    3s.  Last read position: NC_045547.1_RagTag:83,231,834
INFO	2024-07-03 09:30:59	MarkDuplicates	Tracking 2966304 as yet unmatched pairs. 32941 records in RAM.
INFO	2024-07-03 09:31:03	MarkDuplicates	Read   120,000,000 records.  Elapsed time: 00:08:22s.  Time for last 1,000,000:    3s.  Last read position: NC_045547.1_RagTag:91,409,297
INFO	2024-07-03 09:31:03	MarkDuplicates	Tracking 2974657 as yet unmatched pairs. 2080 records in RAM.
INFO	2024-07-03 09:31:10	MarkDuplicates	Read   121,000,000 records.  Elapsed time: 00:08:29s.  Time for last 1,000,000:    6s.  Last read position: NC_045548.1_RagTag:6,671,381
INFO	2024-07-03 09:31:10	MarkDuplicates	Tracking 2975131 as yet unmatched pairs. 215340 records in RAM.
INFO	2024-07-03 09:31:13	MarkDuplicates	Read   122,000,000 records.  Elapsed time: 00:08:32s.  Time for last 1,000,000:    3s.  Last read position: NC_045548.1_RagTag:13,861,196
INFO	2024-07-03 09:31:13	MarkDuplicates	Tracking 2974183 as yet unmatched pairs. 194886 records in RAM.
INFO	2024-07-03 09:31:16	MarkDuplicates	Read   123,000,000 records.  Elapsed time: 00:08:35s.  Time for last 1,000,000:    3s.  Last read position: NC_045548.1_RagTag:21,213,969
INFO	2024-07-03 09:31:16	MarkDuplicates	Tracking 2973258 as yet unmatched pairs. 174397 records in RAM.
INFO	2024-07-03 09:31:19	MarkDuplicates	Read   124,000,000 records.  Elapsed time: 00:08:38s.  Time for last 1,000,000:    3s.  Last read position: NC_045548.1_RagTag:28,538,518
INFO	2024-07-03 09:31:19	MarkDuplicates	Tracking 2971459 as yet unmatched pairs. 154736 records in RAM.
INFO	2024-07-03 09:31:23	MarkDuplicates	Read   125,000,000 records.  Elapsed time: 00:08:42s.  Time for last 1,000,000:    3s.  Last read position: NC_045548.1_RagTag:35,943,979
INFO	2024-07-03 09:31:23	MarkDuplicates	Tracking 2969785 as yet unmatched pairs. 134420 records in RAM.
INFO	2024-07-03 09:31:26	MarkDuplicates	Read   126,000,000 records.  Elapsed time: 00:08:45s.  Time for last 1,000,000:    3s.  Last read position: NC_045548.1_RagTag:43,407,033
INFO	2024-07-03 09:31:26	MarkDuplicates	Tracking 2967554 as yet unmatched pairs. 114498 records in RAM.
INFO	2024-07-03 09:31:42	MarkDuplicates	Read   127,000,000 records.  Elapsed time: 00:09:01s.  Time for last 1,000,000:   15s.  Last read position: NC_045548.1_RagTag:50,825,361
INFO	2024-07-03 09:31:42	MarkDuplicates	Tracking 2965459 as yet unmatched pairs. 92866 records in RAM.
INFO	2024-07-03 09:31:45	MarkDuplicates	Read   128,000,000 records.  Elapsed time: 00:09:04s.  Time for last 1,000,000:    3s.  Last read position: NC_045548.1_RagTag:58,450,930
INFO	2024-07-03 09:31:45	MarkDuplicates	Tracking 2964397 as yet unmatched pairs. 65799 records in RAM.
INFO	2024-07-03 09:31:49	MarkDuplicates	Read   129,000,000 records.  Elapsed time: 00:09:08s.  Time for last 1,000,000:    3s.  Last read position: NC_045548.1_RagTag:66,532,584
INFO	2024-07-03 09:31:49	MarkDuplicates	Tracking 2964520 as yet unmatched pairs. 30716 records in RAM.
INFO	2024-07-03 09:32:00	MarkDuplicates	Read   130,000,000 records.  Elapsed time: 00:09:19s.  Time for last 1,000,000:   11s.  Last read position: NC_045549.1_RagTag:1,434,728
INFO	2024-07-03 09:32:00	MarkDuplicates	Tracking 2966402 as yet unmatched pairs. 503216 records in RAM.
INFO	2024-07-03 09:32:04	MarkDuplicates	Read   131,000,000 records.  Elapsed time: 00:09:23s.  Time for last 1,000,000:    3s.  Last read position: NC_045549.1_RagTag:8,558,582
INFO	2024-07-03 09:32:04	MarkDuplicates	Tracking 2972409 as yet unmatched pairs. 473544 records in RAM.
INFO	2024-07-03 09:32:07	MarkDuplicates	Read   132,000,000 records.  Elapsed time: 00:09:26s.  Time for last 1,000,000:    3s.  Last read position: NC_045549.1_RagTag:15,613,351
INFO	2024-07-03 09:32:07	MarkDuplicates	Tracking 2967410 as yet unmatched pairs. 446103 records in RAM.
INFO	2024-07-03 09:32:11	MarkDuplicates	Read   133,000,000 records.  Elapsed time: 00:09:30s.  Time for last 1,000,000:    3s.  Last read position: NC_045549.1_RagTag:23,126,173
INFO	2024-07-03 09:32:11	MarkDuplicates	Tracking 2962374 as yet unmatched pairs. 422973 records in RAM.
INFO	2024-07-03 09:32:14	MarkDuplicates	Read   134,000,000 records.  Elapsed time: 00:09:33s.  Time for last 1,000,000:    3s.  Last read position: NC_045549.1_RagTag:30,555,085
INFO	2024-07-03 09:32:14	MarkDuplicates	Tracking 2956676 as yet unmatched pairs. 401910 records in RAM.
INFO	2024-07-03 09:32:17	MarkDuplicates	Read   135,000,000 records.  Elapsed time: 00:09:36s.  Time for last 1,000,000:    3s.  Last read position: NC_045549.1_RagTag:38,154,374
INFO	2024-07-03 09:32:17	MarkDuplicates	Tracking 2951594 as yet unmatched pairs. 380804 records in RAM.
INFO	2024-07-03 09:32:20	MarkDuplicates	Read   136,000,000 records.  Elapsed time: 00:09:40s.  Time for last 1,000,000:    3s.  Last read position: NC_045549.1_RagTag:45,511,639
INFO	2024-07-03 09:32:20	MarkDuplicates	Tracking 2946196 as yet unmatched pairs. 359615 records in RAM.
INFO	2024-07-03 09:32:24	MarkDuplicates	Read   137,000,000 records.  Elapsed time: 00:09:43s.  Time for last 1,000,000:    3s.  Last read position: NC_045549.1_RagTag:52,970,051
INFO	2024-07-03 09:32:24	MarkDuplicates	Tracking 2941162 as yet unmatched pairs. 333338 records in RAM.
INFO	2024-07-03 09:32:28	MarkDuplicates	Read   138,000,000 records.  Elapsed time: 00:09:47s.  Time for last 1,000,000:    3s.  Last read position: NC_045549.1_RagTag:60,530,389
INFO	2024-07-03 09:32:28	MarkDuplicates	Tracking 2937216 as yet unmatched pairs. 301121 records in RAM.
INFO	2024-07-03 09:32:33	MarkDuplicates	Read   139,000,000 records.  Elapsed time: 00:09:52s.  Time for last 1,000,000:    5s.  Last read position: NC_045549.1_RagTag:68,274,379
INFO	2024-07-03 09:32:33	MarkDuplicates	Tracking 2930346 as yet unmatched pairs. 273043 records in RAM.
INFO	2024-07-03 09:32:37	MarkDuplicates	Read   140,000,000 records.  Elapsed time: 00:09:56s.  Time for last 1,000,000:    3s.  Last read position: NC_045549.1_RagTag:75,603,337
INFO	2024-07-03 09:32:37	MarkDuplicates	Tracking 2923034 as yet unmatched pairs. 248910 records in RAM.
INFO	2024-07-03 09:32:40	MarkDuplicates	Read   141,000,000 records.  Elapsed time: 00:09:59s.  Time for last 1,000,000:    3s.  Last read position: NC_045549.1_RagTag:83,032,554
INFO	2024-07-03 09:32:40	MarkDuplicates	Tracking 2915513 as yet unmatched pairs. 225792 records in RAM.
INFO	2024-07-03 09:32:43	MarkDuplicates	Read   142,000,000 records.  Elapsed time: 00:10:02s.  Time for last 1,000,000:    3s.  Last read position: NC_045549.1_RagTag:90,571,740
INFO	2024-07-03 09:32:43	MarkDuplicates	Tracking 2906892 as yet unmatched pairs. 196614 records in RAM.
INFO	2024-07-03 09:32:47	MarkDuplicates	Read   143,000,000 records.  Elapsed time: 00:10:06s.  Time for last 1,000,000:    3s.  Last read position: NC_045549.1_RagTag:98,221,226
INFO	2024-07-03 09:32:47	MarkDuplicates	Tracking 2897769 as yet unmatched pairs. 162483 records in RAM.
INFO	2024-07-03 09:32:50	MarkDuplicates	Read   144,000,000 records.  Elapsed time: 00:10:09s.  Time for last 1,000,000:    3s.  Last read position: NC_045549.1_RagTag:105,805,356
INFO	2024-07-03 09:32:50	MarkDuplicates	Tracking 2890060 as yet unmatched pairs. 123248 records in RAM.
INFO	2024-07-03 09:32:54	MarkDuplicates	Read   145,000,000 records.  Elapsed time: 00:10:13s.  Time for last 1,000,000:    3s.  Last read position: NC_045549.1_RagTag:113,193,701
INFO	2024-07-03 09:32:54	MarkDuplicates	Tracking 2882183 as yet unmatched pairs. 90166 records in RAM.
INFO	2024-07-03 09:32:57	MarkDuplicates	Read   146,000,000 records.  Elapsed time: 00:10:16s.  Time for last 1,000,000:    3s.  Last read position: NC_045549.1_RagTag:120,971,401
INFO	2024-07-03 09:32:57	MarkDuplicates	Tracking 2871209 as yet unmatched pairs. 57856 records in RAM.
INFO	2024-07-03 09:33:01	MarkDuplicates	Read   147,000,000 records.  Elapsed time: 00:10:20s.  Time for last 1,000,000:    3s.  Last read position: NC_045549.1_RagTag:129,330,050
INFO	2024-07-03 09:33:01	MarkDuplicates	Tracking 2860579 as yet unmatched pairs. 13529 records in RAM.
INFO	2024-07-03 09:33:08	MarkDuplicates	Read   148,000,000 records.  Elapsed time: 00:10:27s.  Time for last 1,000,000:    7s.  Last read position: NC_045550.1_RagTag:4,574,169
INFO	2024-07-03 09:33:08	MarkDuplicates	Tracking 2851483 as yet unmatched pairs. 241204 records in RAM.
INFO	2024-07-03 09:33:11	MarkDuplicates	Read   149,000,000 records.  Elapsed time: 00:10:30s.  Time for last 1,000,000:    3s.  Last read position: NC_045550.1_RagTag:11,960,826
INFO	2024-07-03 09:33:11	MarkDuplicates	Tracking 2841067 as yet unmatched pairs. 216868 records in RAM.
INFO	2024-07-03 09:33:15	MarkDuplicates	Read   150,000,000 records.  Elapsed time: 00:10:34s.  Time for last 1,000,000:    3s.  Last read position: NC_045550.1_RagTag:19,378,349
INFO	2024-07-03 09:33:15	MarkDuplicates	Tracking 2830830 as yet unmatched pairs. 193951 records in RAM.
INFO	2024-07-03 09:33:19	MarkDuplicates	Read   151,000,000 records.  Elapsed time: 00:10:38s.  Time for last 1,000,000:    3s.  Last read position: NC_045550.1_RagTag:27,001,979
INFO	2024-07-03 09:33:19	MarkDuplicates	Tracking 2820506 as yet unmatched pairs. 171346 records in RAM.
INFO	2024-07-03 09:33:22	MarkDuplicates	Read   152,000,000 records.  Elapsed time: 00:10:41s.  Time for last 1,000,000:    3s.  Last read position: NC_045550.1_RagTag:34,388,869
INFO	2024-07-03 09:33:22	MarkDuplicates	Tracking 2809563 as yet unmatched pairs. 147956 records in RAM.
INFO	2024-07-03 09:33:37	MarkDuplicates	Read   153,000,000 records.  Elapsed time: 00:10:56s.  Time for last 1,000,000:   15s.  Last read position: NC_045550.1_RagTag:41,602,972
INFO	2024-07-03 09:33:37	MarkDuplicates	Tracking 2798304 as yet unmatched pairs. 122934 records in RAM.
INFO	2024-07-03 09:33:40	MarkDuplicates	Read   154,000,000 records.  Elapsed time: 00:10:59s.  Time for last 1,000,000:    3s.  Last read position: NC_045550.1_RagTag:48,921,051
INFO	2024-07-03 09:33:40	MarkDuplicates	Tracking 2785879 as yet unmatched pairs. 96269 records in RAM.
INFO	2024-07-03 09:33:44	MarkDuplicates	Read   155,000,000 records.  Elapsed time: 00:11:03s.  Time for last 1,000,000:    3s.  Last read position: NC_045550.1_RagTag:56,383,737
INFO	2024-07-03 09:33:44	MarkDuplicates	Tracking 2771356 as yet unmatched pairs. 64124 records in RAM.
INFO	2024-07-03 09:34:03	MarkDuplicates	Read   156,000,000 records.  Elapsed time: 00:11:23s.  Time for last 1,000,000:   19s.  Last read position: NC_045550.1_RagTag:64,355,549
INFO	2024-07-03 09:34:03	MarkDuplicates	Tracking 2754358 as yet unmatched pairs. 21954 records in RAM.
INFO	2024-07-03 09:34:09	MarkDuplicates	Read   157,000,000 records.  Elapsed time: 00:11:28s.  Time for last 1,000,000:    5s.  Last read position: NC_045551.1_RagTag:3,618,580
INFO	2024-07-03 09:34:09	MarkDuplicates	Tracking 2740071 as yet unmatched pairs. 109942 records in RAM.
INFO	2024-07-03 09:34:13	MarkDuplicates	Read   158,000,000 records.  Elapsed time: 00:11:32s.  Time for last 1,000,000:    4s.  Last read position: NC_045551.1_RagTag:10,820,291
INFO	2024-07-03 09:34:13	MarkDuplicates	Tracking 2726677 as yet unmatched pairs. 81240 records in RAM.
INFO	2024-07-03 09:34:17	MarkDuplicates	Read   159,000,000 records.  Elapsed time: 00:11:36s.  Time for last 1,000,000:    3s.  Last read position: NC_045551.1_RagTag:17,978,644
INFO	2024-07-03 09:34:17	MarkDuplicates	Tracking 2711099 as yet unmatched pairs. 45296 records in RAM.
INFO	2024-07-03 09:34:20	MarkDuplicates	Read   160,000,000 records.  Elapsed time: 00:11:39s.  Time for last 1,000,000:    3s.  Last read position: NC_045551.1_RagTag:25,642,146
INFO	2024-07-03 09:34:20	MarkDuplicates	Tracking 2694306 as yet unmatched pairs. 2822 records in RAM.
INFO	2024-07-03 09:34:28	MarkDuplicates	Read   161,000,000 records.  Elapsed time: 00:11:47s.  Time for last 1,000,000:    7s.  Last read position: NC_045552.1_RagTag:8,074,813
INFO	2024-07-03 09:34:28	MarkDuplicates	Tracking 2678793 as yet unmatched pairs. 251966 records in RAM.
INFO	2024-07-03 09:34:32	MarkDuplicates	Read   162,000,000 records.  Elapsed time: 00:11:51s.  Time for last 1,000,000:    3s.  Last read position: NC_045552.1_RagTag:15,693,000
INFO	2024-07-03 09:34:32	MarkDuplicates	Tracking 2660582 as yet unmatched pairs. 215796 records in RAM.
INFO	2024-07-03 09:34:35	MarkDuplicates	Read   163,000,000 records.  Elapsed time: 00:11:54s.  Time for last 1,000,000:    3s.  Last read position: NC_045552.1_RagTag:23,812,423
INFO	2024-07-03 09:34:35	MarkDuplicates	Tracking 2639803 as yet unmatched pairs. 176421 records in RAM.
INFO	2024-07-03 09:34:39	MarkDuplicates	Read   164,000,000 records.  Elapsed time: 00:11:58s.  Time for last 1,000,000:    3s.  Last read position: NC_045552.1_RagTag:31,840,761
INFO	2024-07-03 09:34:39	MarkDuplicates	Tracking 2621335 as yet unmatched pairs. 136488 records in RAM.
INFO	2024-07-03 09:34:42	MarkDuplicates	Read   165,000,000 records.  Elapsed time: 00:12:01s.  Time for last 1,000,000:    3s.  Last read position: NC_045552.1_RagTag:39,449,365
INFO	2024-07-03 09:34:42	MarkDuplicates	Tracking 2602216 as yet unmatched pairs. 99526 records in RAM.
INFO	2024-07-03 09:34:46	MarkDuplicates	Read   166,000,000 records.  Elapsed time: 00:12:05s.  Time for last 1,000,000:    3s.  Last read position: NC_045552.1_RagTag:47,075,551
INFO	2024-07-03 09:34:46	MarkDuplicates	Tracking 2582243 as yet unmatched pairs. 56499 records in RAM.
INFO	2024-07-03 09:34:49	MarkDuplicates	Read   167,000,000 records.  Elapsed time: 00:12:08s.  Time for last 1,000,000:    3s.  Last read position: NC_045552.1_RagTag:54,888,874
INFO	2024-07-03 09:34:49	MarkDuplicates	Tracking 2561311 as yet unmatched pairs. 14068 records in RAM.
INFO	2024-07-03 09:34:56	MarkDuplicates	Read   168,000,000 records.  Elapsed time: 00:12:16s.  Time for last 1,000,000:    7s.  Last read position: NC_045553.1_RagTag:6,179,795
INFO	2024-07-03 09:34:56	MarkDuplicates	Tracking 2542050 as yet unmatched pairs. 241131 records in RAM.
INFO	2024-07-03 09:35:00	MarkDuplicates	Read   169,000,000 records.  Elapsed time: 00:12:19s.  Time for last 1,000,000:    3s.  Last read position: NC_045553.1_RagTag:14,544,374
INFO	2024-07-03 09:35:00	MarkDuplicates	Tracking 2518855 as yet unmatched pairs. 194168 records in RAM.
INFO	2024-07-03 09:35:03	MarkDuplicates	Read   170,000,000 records.  Elapsed time: 00:12:22s.  Time for last 1,000,000:    3s.  Last read position: NC_045553.1_RagTag:23,109,401
INFO	2024-07-03 09:35:03	MarkDuplicates	Tracking 2495587 as yet unmatched pairs. 151181 records in RAM.
INFO	2024-07-03 09:35:07	MarkDuplicates	Read   171,000,000 records.  Elapsed time: 00:12:26s.  Time for last 1,000,000:    3s.  Last read position: NC_045553.1_RagTag:30,822,655
INFO	2024-07-03 09:35:07	MarkDuplicates	Tracking 2471639 as yet unmatched pairs. 109876 records in RAM.
INFO	2024-07-03 09:35:10	MarkDuplicates	Read   172,000,000 records.  Elapsed time: 00:12:29s.  Time for last 1,000,000:    3s.  Last read position: NC_045553.1_RagTag:38,456,820
INFO	2024-07-03 09:35:10	MarkDuplicates	Tracking 2448683 as yet unmatched pairs. 68672 records in RAM.
INFO	2024-07-03 09:35:14	MarkDuplicates	Read   173,000,000 records.  Elapsed time: 00:12:33s.  Time for last 1,000,000:    3s.  Last read position: NC_045553.1_RagTag:46,312,130
INFO	2024-07-03 09:35:14	MarkDuplicates	Tracking 2421654 as yet unmatched pairs. 16613 records in RAM.
INFO	2024-07-03 09:35:21	MarkDuplicates	Read   174,000,000 records.  Elapsed time: 00:12:40s.  Time for last 1,000,000:    7s.  Last read position: NC_045554.1_RagTag:5,275,699
INFO	2024-07-03 09:35:21	MarkDuplicates	Tracking 2397322 as yet unmatched pairs. 253598 records in RAM.
INFO	2024-07-03 09:35:25	MarkDuplicates	Read   175,000,000 records.  Elapsed time: 00:12:44s.  Time for last 1,000,000:    3s.  Last read position: NC_045554.1_RagTag:13,234,351
INFO	2024-07-03 09:35:25	MarkDuplicates	Tracking 2367435 as yet unmatched pairs. 204501 records in RAM.
INFO	2024-07-03 09:35:28	MarkDuplicates	Read   176,000,000 records.  Elapsed time: 00:12:47s.  Time for last 1,000,000:    3s.  Last read position: NC_045554.1_RagTag:21,098,490
INFO	2024-07-03 09:35:28	MarkDuplicates	Tracking 2337115 as yet unmatched pairs. 157410 records in RAM.
INFO	2024-07-03 09:35:31	MarkDuplicates	Read   177,000,000 records.  Elapsed time: 00:12:50s.  Time for last 1,000,000:    3s.  Last read position: NC_045554.1_RagTag:29,240,788
INFO	2024-07-03 09:35:31	MarkDuplicates	Tracking 2308454 as yet unmatched pairs. 111658 records in RAM.
INFO	2024-07-03 09:35:35	MarkDuplicates	Read   178,000,000 records.  Elapsed time: 00:12:54s.  Time for last 1,000,000:    3s.  Last read position: NC_045554.1_RagTag:36,644,411
INFO	2024-07-03 09:35:35	MarkDuplicates	Tracking 2279062 as yet unmatched pairs. 67825 records in RAM.
INFO	2024-07-03 09:35:51	MarkDuplicates	Read   179,000,000 records.  Elapsed time: 00:13:10s.  Time for last 1,000,000:   15s.  Last read position: NC_045554.1_RagTag:44,486,580
INFO	2024-07-03 09:35:51	MarkDuplicates	Tracking 2247295 as yet unmatched pairs. 20456 records in RAM.
INFO	2024-07-03 09:35:58	MarkDuplicates	Read   180,000,000 records.  Elapsed time: 00:13:17s.  Time for last 1,000,000:    7s.  Last read position: NC_045555.1_RagTag:3,986,290
INFO	2024-07-03 09:35:58	MarkDuplicates	Tracking 2220241 as yet unmatched pairs. 239401 records in RAM.
INFO	2024-07-03 09:36:01	MarkDuplicates	Read   181,000,000 records.  Elapsed time: 00:13:20s.  Time for last 1,000,000:    3s.  Last read position: NC_045555.1_RagTag:12,008,843
INFO	2024-07-03 09:36:01	MarkDuplicates	Tracking 2190172 as yet unmatched pairs. 195193 records in RAM.
INFO	2024-07-03 09:36:05	MarkDuplicates	Read   182,000,000 records.  Elapsed time: 00:13:24s.  Time for last 1,000,000:    3s.  Last read position: NC_045555.1_RagTag:19,577,686
INFO	2024-07-03 09:36:05	MarkDuplicates	Tracking 2158499 as yet unmatched pairs. 152044 records in RAM.
INFO	2024-07-03 09:36:08	MarkDuplicates	Read   183,000,000 records.  Elapsed time: 00:13:27s.  Time for last 1,000,000:    3s.  Last read position: NC_045555.1_RagTag:27,238,910
INFO	2024-07-03 09:36:08	MarkDuplicates	Tracking 2126260 as yet unmatched pairs. 105430 records in RAM.
INFO	2024-07-03 09:36:12	MarkDuplicates	Read   184,000,000 records.  Elapsed time: 00:13:31s.  Time for last 1,000,000:    3s.  Last read position: NC_045555.1_RagTag:35,111,305
INFO	2024-07-03 09:36:12	MarkDuplicates	Tracking 2092912 as yet unmatched pairs. 58405 records in RAM.
INFO	2024-07-03 09:36:15	MarkDuplicates	Read   185,000,000 records.  Elapsed time: 00:13:34s.  Time for last 1,000,000:    3s.  Last read position: NC_045555.1_RagTag:40,760,707
INFO	2024-07-03 09:36:15	MarkDuplicates	Tracking 2070116 as yet unmatched pairs. 14901 records in RAM.
INFO	2024-07-03 09:36:22	MarkDuplicates	Read   186,000,000 records.  Elapsed time: 00:13:41s.  Time for last 1,000,000:    7s.  Last read position: NC_045556.1_RagTag:5,702,636
INFO	2024-07-03 09:36:22	MarkDuplicates	Tracking 2043216 as yet unmatched pairs. 208070 records in RAM.
INFO	2024-07-03 09:36:25	MarkDuplicates	Read   187,000,000 records.  Elapsed time: 00:13:45s.  Time for last 1,000,000:    3s.  Last read position: NC_045556.1_RagTag:13,387,723
INFO	2024-07-03 09:36:25	MarkDuplicates	Tracking 2005995 as yet unmatched pairs. 159312 records in RAM.
INFO	2024-07-03 09:36:29	MarkDuplicates	Read   188,000,000 records.  Elapsed time: 00:13:48s.  Time for last 1,000,000:    3s.  Last read position: NC_045556.1_RagTag:21,060,009
INFO	2024-07-03 09:36:29	MarkDuplicates	Tracking 1965691 as yet unmatched pairs. 105357 records in RAM.
INFO	2024-07-03 09:36:32	MarkDuplicates	Read   189,000,000 records.  Elapsed time: 00:13:51s.  Time for last 1,000,000:    3s.  Last read position: NC_045556.1_RagTag:28,363,425
INFO	2024-07-03 09:36:32	MarkDuplicates	Tracking 1936148 as yet unmatched pairs. 56622 records in RAM.
INFO	2024-07-03 09:36:36	MarkDuplicates	Read   190,000,000 records.  Elapsed time: 00:13:55s.  Time for last 1,000,000:    3s.  Last read position: NC_045556.1_RagTag:36,521,782
INFO	2024-07-03 09:36:36	MarkDuplicates	Tracking 1902991 as yet unmatched pairs. 2643 records in RAM.
INFO	2024-07-03 09:36:42	MarkDuplicates	Read   191,000,000 records.  Elapsed time: 00:14:01s.  Time for last 1,000,000:    6s.  Last read position: NC_045557.1_RagTag:8,181,355
INFO	2024-07-03 09:36:42	MarkDuplicates	Tracking 1869846 as yet unmatched pairs. 25258 records in RAM.
INFO	2024-07-03 09:36:56	MarkDuplicates	Read   192,000,000 records.  Elapsed time: 00:14:15s.  Time for last 1,000,000:   13s.  Last read position: NC_045558.1_RagTag:6,648,199
INFO	2024-07-03 09:36:56	MarkDuplicates	Tracking 1831430 as yet unmatched pairs. 620676 records in RAM.
INFO	2024-07-03 09:36:59	MarkDuplicates	Read   193,000,000 records.  Elapsed time: 00:14:18s.  Time for last 1,000,000:    3s.  Last read position: NC_045558.1_RagTag:19,243,120
INFO	2024-07-03 09:36:59	MarkDuplicates	Tracking 1791390 as yet unmatched pairs. 573076 records in RAM.
INFO	2024-07-03 09:37:03	MarkDuplicates	Read   194,000,000 records.  Elapsed time: 00:14:22s.  Time for last 1,000,000:    3s.  Last read position: NC_045558.1_RagTag:32,278,359
INFO	2024-07-03 09:37:03	MarkDuplicates	Tracking 1757995 as yet unmatched pairs. 533426 records in RAM.
INFO	2024-07-03 09:37:06	MarkDuplicates	Read   195,000,000 records.  Elapsed time: 00:14:25s.  Time for last 1,000,000:    3s.  Last read position: NC_045558.1_RagTag:43,792,213
INFO	2024-07-03 09:37:06	MarkDuplicates	Tracking 1723570 as yet unmatched pairs. 491108 records in RAM.
INFO	2024-07-03 09:37:10	MarkDuplicates	Read   196,000,000 records.  Elapsed time: 00:14:29s.  Time for last 1,000,000:    3s.  Last read position: NC_045558.1_RagTag:55,119,879
INFO	2024-07-03 09:37:10	MarkDuplicates	Tracking 1684795 as yet unmatched pairs. 443167 records in RAM.
INFO	2024-07-03 09:37:13	MarkDuplicates	Read   197,000,000 records.  Elapsed time: 00:14:32s.  Time for last 1,000,000:    3s.  Last read position: NC_045558.1_RagTag:65,559,697
INFO	2024-07-03 09:37:13	MarkDuplicates	Tracking 1640525 as yet unmatched pairs. 389187 records in RAM.
INFO	2024-07-03 09:37:17	MarkDuplicates	Read   198,000,000 records.  Elapsed time: 00:14:36s.  Time for last 1,000,000:    3s.  Last read position: NC_045558.1_RagTag:75,563,898
INFO	2024-07-03 09:37:17	MarkDuplicates	Tracking 1595741 as yet unmatched pairs. 331923 records in RAM.
INFO	2024-07-03 09:37:20	MarkDuplicates	Read   199,000,000 records.  Elapsed time: 00:14:39s.  Time for last 1,000,000:    3s.  Last read position: NC_045558.1_RagTag:86,818,250
INFO	2024-07-03 09:37:20	MarkDuplicates	Tracking 1550181 as yet unmatched pairs. 276570 records in RAM.
INFO	2024-07-03 09:37:24	MarkDuplicates	Read   200,000,000 records.  Elapsed time: 00:14:43s.  Time for last 1,000,000:    3s.  Last read position: NC_045558.1_RagTag:98,944,756
INFO	2024-07-03 09:37:24	MarkDuplicates	Tracking 1509659 as yet unmatched pairs. 228682 records in RAM.
INFO	2024-07-03 09:37:27	MarkDuplicates	Read   201,000,000 records.  Elapsed time: 00:14:46s.  Time for last 1,000,000:    3s.  Last read position: NC_045558.1_RagTag:111,780,855
INFO	2024-07-03 09:37:27	MarkDuplicates	Tracking 1472235 as yet unmatched pairs. 185220 records in RAM.
INFO	2024-07-03 09:37:31	MarkDuplicates	Read   202,000,000 records.  Elapsed time: 00:14:50s.  Time for last 1,000,000:    3s.  Last read position: NC_045558.1_RagTag:124,423,599
INFO	2024-07-03 09:37:31	MarkDuplicates	Tracking 1432583 as yet unmatched pairs. 138403 records in RAM.
INFO	2024-07-03 09:37:34	MarkDuplicates	Read   203,000,000 records.  Elapsed time: 00:14:53s.  Time for last 1,000,000:    3s.  Last read position: NC_045558.1_RagTag:134,727,092
INFO	2024-07-03 09:37:34	MarkDuplicates	Tracking 1381703 as yet unmatched pairs. 80302 records in RAM.
INFO	2024-07-03 09:37:38	MarkDuplicates	Read   204,000,000 records.  Elapsed time: 00:14:57s.  Time for last 1,000,000:    3s.  Last read position: NC_045558.1_RagTag:140,903,975
INFO	2024-07-03 09:37:38	MarkDuplicates	Tracking 1346998 as yet unmatched pairs. 33093 records in RAM.
INFO	2024-07-03 09:37:54	MarkDuplicates	Read   205,000,000 records.  Elapsed time: 00:15:13s.  Time for last 1,000,000:   16s.  Last read position: NW_022473716.1_RagTag:11,879
INFO	2024-07-03 09:37:54	MarkDuplicates	Tracking 1302826 as yet unmatched pairs. 334 records in RAM.
INFO	2024-07-03 09:38:35	MarkDuplicates	Read   206,000,000 records.  Elapsed time: 00:15:54s.  Time for last 1,000,000:   41s.  Last read position: Chr0_RagTag:5,611,108
INFO	2024-07-03 09:38:35	MarkDuplicates	Tracking 1252697 as yet unmatched pairs. 1252697 records in RAM.
INFO	2024-07-03 09:38:39	MarkDuplicates	Read   207,000,000 records.  Elapsed time: 00:15:58s.  Time for last 1,000,000:    4s.  Last read position: Chr0_RagTag:12,442,522
INFO	2024-07-03 09:38:39	MarkDuplicates	Tracking 1212629 as yet unmatched pairs. 1212629 records in RAM.
INFO	2024-07-03 09:38:42	MarkDuplicates	Read   208,000,000 records.  Elapsed time: 00:16:02s.  Time for last 1,000,000:    3s.  Last read position: Chr0_RagTag:17,943,592
INFO	2024-07-03 09:38:42	MarkDuplicates	Tracking 1169829 as yet unmatched pairs. 1169829 records in RAM.
INFO	2024-07-03 09:38:46	MarkDuplicates	Read   209,000,000 records.  Elapsed time: 00:16:05s.  Time for last 1,000,000:    3s.  Last read position: Chr0_RagTag:24,586,064
INFO	2024-07-03 09:38:46	MarkDuplicates	Tracking 1123504 as yet unmatched pairs. 1123504 records in RAM.
INFO	2024-07-03 09:38:49	MarkDuplicates	Read   210,000,000 records.  Elapsed time: 00:16:09s.  Time for last 1,000,000:    3s.  Last read position: Chr0_RagTag:30,237,013
INFO	2024-07-03 09:38:49	MarkDuplicates	Tracking 1076844 as yet unmatched pairs. 1076844 records in RAM.
INFO	2024-07-03 09:38:53	MarkDuplicates	Read   211,000,000 records.  Elapsed time: 00:16:12s.  Time for last 1,000,000:    3s.  Last read position: Chr0_RagTag:36,646,267
INFO	2024-07-03 09:38:53	MarkDuplicates	Tracking 1031677 as yet unmatched pairs. 1031677 records in RAM.
INFO	2024-07-03 09:38:57	MarkDuplicates	Read   212,000,000 records.  Elapsed time: 00:16:16s.  Time for last 1,000,000:    3s.  Last read position: Chr0_RagTag:43,335,036
INFO	2024-07-03 09:38:57	MarkDuplicates	Tracking 979209 as yet unmatched pairs. 979209 records in RAM.
INFO	2024-07-03 09:39:00	MarkDuplicates	Read   213,000,000 records.  Elapsed time: 00:16:19s.  Time for last 1,000,000:    3s.  Last read position: Chr0_RagTag:49,859,890
INFO	2024-07-03 09:39:00	MarkDuplicates	Tracking 927318 as yet unmatched pairs. 927318 records in RAM.
INFO	2024-07-03 09:39:04	MarkDuplicates	Read   214,000,000 records.  Elapsed time: 00:16:23s.  Time for last 1,000,000:    3s.  Last read position: Chr0_RagTag:55,325,135
INFO	2024-07-03 09:39:04	MarkDuplicates	Tracking 875197 as yet unmatched pairs. 875197 records in RAM.
INFO	2024-07-03 09:39:07	MarkDuplicates	Read   215,000,000 records.  Elapsed time: 00:16:26s.  Time for last 1,000,000:    3s.  Last read position: Chr0_RagTag:61,611,649
INFO	2024-07-03 09:39:07	MarkDuplicates	Tracking 817716 as yet unmatched pairs. 817716 records in RAM.
INFO	2024-07-03 09:39:11	MarkDuplicates	Read   216,000,000 records.  Elapsed time: 00:16:30s.  Time for last 1,000,000:    3s.  Last read position: Chr0_RagTag:67,356,098
INFO	2024-07-03 09:39:11	MarkDuplicates	Tracking 759908 as yet unmatched pairs. 759908 records in RAM.
INFO	2024-07-03 09:39:14	MarkDuplicates	Read   217,000,000 records.  Elapsed time: 00:16:33s.  Time for last 1,000,000:    3s.  Last read position: Chr0_RagTag:73,114,732
INFO	2024-07-03 09:39:14	MarkDuplicates	Tracking 695212 as yet unmatched pairs. 695212 records in RAM.
INFO	2024-07-03 09:39:18	MarkDuplicates	Read   218,000,000 records.  Elapsed time: 00:16:37s.  Time for last 1,000,000:    3s.  Last read position: Chr0_RagTag:80,702,108
INFO	2024-07-03 09:39:18	MarkDuplicates	Tracking 625196 as yet unmatched pairs. 625196 records in RAM.
INFO	2024-07-03 09:39:21	MarkDuplicates	Read   219,000,000 records.  Elapsed time: 00:16:40s.  Time for last 1,000,000:    3s.  Last read position: Chr0_RagTag:87,762,498
INFO	2024-07-03 09:39:21	MarkDuplicates	Tracking 557175 as yet unmatched pairs. 557175 records in RAM.
INFO	2024-07-03 09:39:25	MarkDuplicates	Read   220,000,000 records.  Elapsed time: 00:16:44s.  Time for last 1,000,000:    3s.  Last read position: Chr0_RagTag:94,296,872
INFO	2024-07-03 09:39:25	MarkDuplicates	Tracking 487016 as yet unmatched pairs. 487016 records in RAM.
INFO	2024-07-03 09:39:28	MarkDuplicates	Read   221,000,000 records.  Elapsed time: 00:16:47s.  Time for last 1,000,000:    3s.  Last read position: Chr0_RagTag:101,855,108
INFO	2024-07-03 09:39:28	MarkDuplicates	Tracking 412680 as yet unmatched pairs. 412680 records in RAM.
INFO	2024-07-03 09:39:32	MarkDuplicates	Read   222,000,000 records.  Elapsed time: 00:16:51s.  Time for last 1,000,000:    3s.  Last read position: Chr0_RagTag:108,773,450
INFO	2024-07-03 09:39:32	MarkDuplicates	Tracking 339059 as yet unmatched pairs. 339059 records in RAM.
INFO	2024-07-03 09:39:35	MarkDuplicates	Read   223,000,000 records.  Elapsed time: 00:16:54s.  Time for last 1,000,000:    3s.  Last read position: Chr0_RagTag:116,425,998
INFO	2024-07-03 09:39:35	MarkDuplicates	Tracking 258385 as yet unmatched pairs. 258385 records in RAM.
INFO	2024-07-03 09:39:39	MarkDuplicates	Read   224,000,000 records.  Elapsed time: 00:16:58s.  Time for last 1,000,000:    3s.  Last read position: Chr0_RagTag:123,600,432
INFO	2024-07-03 09:39:39	MarkDuplicates	Tracking 174259 as yet unmatched pairs. 174259 records in RAM.
INFO	2024-07-03 09:39:43	MarkDuplicates	Read   225,000,000 records.  Elapsed time: 00:17:02s.  Time for last 1,000,000:    3s.  Last read position: Chr0_RagTag:129,082,371
INFO	2024-07-03 09:39:43	MarkDuplicates	Tracking 102847 as yet unmatched pairs. 102847 records in RAM.
INFO	2024-07-03 09:39:46	MarkDuplicates	Read 225966329 records. 0 pairs never matched.
INFO	2024-07-03 09:40:06	MarkDuplicates	After buildSortedReadEndLists freeMemory: 5256871400; totalMemory: 5292019712; maxMemory: 6487212032
INFO	2024-07-03 09:40:06	MarkDuplicates	Will retain up to 202725376 duplicate indices before spilling to disk.
INFO	2024-07-03 09:40:06	MarkDuplicates	Traversing read pair information and detecting duplicates.
INFO	2024-07-03 09:40:49	MarkDuplicates	Traversing fragment information and detecting duplicates.
INFO	2024-07-03 09:41:46	MarkDuplicates	Sorting list of duplicate records.
INFO	2024-07-03 09:41:47	MarkDuplicates	After generateDuplicateIndexes freeMemory: 3634982552; totalMemory: 5292019712; maxMemory: 6487212032
INFO	2024-07-03 09:41:47	MarkDuplicates	Marking 18247031 records as duplicates.
INFO	2024-07-03 09:41:47	MarkDuplicates	Found 425601 optical duplicate clusters.
INFO	2024-07-03 09:41:47	MarkDuplicates	Reads are assumed to be ordered by: coordinate
INFO	2024-07-03 09:43:58	MarkDuplicates	Written    10,000,000 records.  Elapsed time: 00:02:11s.  Time for last 10,000,000:  131s.  Last read position: NC_045541.1_RagTag:78,930,754
INFO	2024-07-03 09:46:07	MarkDuplicates	Written    20,000,000 records.  Elapsed time: 00:04:20s.  Time for last 10,000,000:  129s.  Last read position: NC_045541.1_RagTag:158,943,670
INFO	2024-07-03 09:48:18	MarkDuplicates	Written    30,000,000 records.  Elapsed time: 00:06:31s.  Time for last 10,000,000:  131s.  Last read position: NC_045542.1_RagTag:64,162,639
INFO	2024-07-03 09:50:28	MarkDuplicates	Written    40,000,000 records.  Elapsed time: 00:08:41s.  Time for last 10,000,000:  129s.  Last read position: NC_045542.1_RagTag:144,460,232
INFO	2024-07-03 09:52:39	MarkDuplicates	Written    50,000,000 records.  Elapsed time: 00:10:52s.  Time for last 10,000,000:  131s.  Last read position: NC_045543.1_RagTag:65,366,865
INFO	2024-07-03 09:54:51	MarkDuplicates	Written    60,000,000 records.  Elapsed time: 00:13:03s.  Time for last 10,000,000:  131s.  Last read position: NC_045544.1_RagTag:37,192,305
INFO	2024-07-03 09:57:00	MarkDuplicates	Written    70,000,000 records.  Elapsed time: 00:15:12s.  Time for last 10,000,000:  128s.  Last read position: NC_045544.1_RagTag:117,150,650
INFO	2024-07-03 09:59:10	MarkDuplicates	Written    80,000,000 records.  Elapsed time: 00:17:23s.  Time for last 10,000,000:  130s.  Last read position: NC_045545.1_RagTag:40,100,303
INFO	2024-07-03 10:01:22	MarkDuplicates	Written    90,000,000 records.  Elapsed time: 00:19:35s.  Time for last 10,000,000:  131s.  Last read position: NC_045546.1_RagTag:30,941,789
INFO	2024-07-03 10:03:34	MarkDuplicates	Written   100,000,000 records.  Elapsed time: 00:21:47s.  Time for last 10,000,000:  131s.  Last read position: NC_045547.1_RagTag:7,692,797
INFO	2024-07-03 10:05:46	MarkDuplicates	Written   110,000,000 records.  Elapsed time: 00:23:59s.  Time for last 10,000,000:  132s.  Last read position: NC_045547.1_RagTag:87,858,865
INFO	2024-07-03 10:07:57	MarkDuplicates	Written   120,000,000 records.  Elapsed time: 00:26:10s.  Time for last 10,000,000:  131s.  Last read position: NC_045549.1_RagTag:5,218,045
INFO	2024-07-03 10:10:08	MarkDuplicates	Written   130,000,000 records.  Elapsed time: 00:28:21s.  Time for last 10,000,000:  130s.  Last read position: NC_045549.1_RagTag:85,278,341
INFO	2024-07-03 10:12:20	MarkDuplicates	Written   140,000,000 records.  Elapsed time: 00:30:33s.  Time for last 10,000,000:  132s.  Last read position: NC_045550.1_RagTag:35,624,791
INFO	2024-07-03 10:14:33	MarkDuplicates	Written   150,000,000 records.  Elapsed time: 00:32:46s.  Time for last 10,000,000:  132s.  Last read position: NC_045552.1_RagTag:23,890,184
INFO	2024-07-03 10:16:49	MarkDuplicates	Written   160,000,000 records.  Elapsed time: 00:35:02s.  Time for last 10,000,000:  135s.  Last read position: NC_045554.1_RagTag:4,032,813
INFO	2024-07-03 10:19:05	MarkDuplicates	Written   170,000,000 records.  Elapsed time: 00:37:17s.  Time for last 10,000,000:  135s.  Last read position: NC_045555.1_RagTag:40,359,985
INFO	2024-07-03 10:21:22	MarkDuplicates	Written   180,000,000 records.  Elapsed time: 00:39:35s.  Time for last 10,000,000:  137s.  Last read position: NC_045558.1_RagTag:50,910,991
INFO	2024-07-03 10:23:41	MarkDuplicates	Written   190,000,000 records.  Elapsed time: 00:41:54s.  Time for last 10,000,000:  139s.  Last read position: Chr0_RagTag:9,011,395
INFO	2024-07-03 10:25:58	MarkDuplicates	Written   200,000,000 records.  Elapsed time: 00:44:11s.  Time for last 10,000,000:  136s.  Last read position: Chr0_RagTag:75,488,724
INFO	2024-07-03 10:27:53	MarkDuplicates	Writing complete. Closing input iterator.
INFO	2024-07-03 10:27:53	MarkDuplicates	Duplicate Index cleanup.
INFO	2024-07-03 10:27:53	MarkDuplicates	Getting Memory Stats.
INFO	2024-07-03 10:27:53	MarkDuplicates	Before output close freeMemory: 5256415472; totalMemory: 5292019712; maxMemory: 6487212032
INFO	2024-07-03 10:27:53	MarkDuplicates	Closed outputs. Getting more Memory Stats.
INFO	2024-07-03 10:27:53	MarkDuplicates	After output close freeMemory: 4770466424; totalMemory: 4803375104; maxMemory: 6487212032
[Wed Jul 03 10:27:53 MDT 2024] picard.sam.markduplicates.MarkDuplicates done. Elapsed time: 65.22 minutes.
Runtime.totalMemory()=4803375104
